==> Warning: automake-1.16.5-7gugpvl5tq7e3xqgw7wna3fwdlbrszqs failed to install
==> Warning: Skipping build of numactl-2.0.14-wiobx4m5fgmgis4po6hi44kpy7ad57vj since automake-1.16.5-7gugpvl5tq7e3xqgw7wna3fwdlbrszqs failed
==> Warning: Skipping build of openmpi-4.1.2-mtnsjnbj5kuefhd6gtupaglpuytu6vhz since numactl-2.0.14-wiobx4m5fgmgis4po6hi44kpy7ad57vj failed
==> Warning: Skipping build of hypre-2.18.2-u6u3kokpiz7ktvj6jhijzfa7cthyn34e since openmpi-4.1.2-mtnsjnbj5kuefhd6gtupaglpuytu6vhz failed
==> Error: hypre-2.18.2-u6u3kokpiz7ktvj6jhijzfa7cthyn34e: Package was not installed
Making predictions for symbolator
Making predictions for libabigail
Making predictions for actual
/var/spool/slurmd/job100525/slurm_script: line 12: 44537 Killed                  spliced splice --package hypre@2.18.2 --splice openblas --runner spack --replace openblas --experiment experiment --outfile /p/vast1/build/spliced-experiment/results/hypre/2.18.2/openblas/experiment.json
==> Error: ProcessError: Command exited with status 77:
    '/tmp/sochat1/spack-stage/spack-stage-hypre-2.18.2-u6u3kokpiz7ktvj6jhijzfa7cthyn34e/spack-src/src/configure' '--prefix=/p/vast1/build/spack/opt/spack/linux-rhel7-broadwell/gcc-10.2.1/hypre-2.18.2-u6u3kokpiz7ktvj6jhijzfa7cthyn34e' '--prefix=/p/vast1/build/spack/opt/spack/linux-rhel7-broadwell/gcc-10.2.1/hypre-2.18.2-u6u3kokpiz7ktvj6jhijzfa7cthyn34e' '--with-lapack-libs=openblas' '--with-lapack-lib-dirs=/p/vast1/build/spack/opt/spack/linux-rhel7-broadwell/gcc-10.2.1/openblas-0.3.19-jubz2yn2ui3jzqphbt3w2jyqt2pwvz7f/lib' '--with-blas-libs=openblas' '--with-blas-lib-dirs=/p/vast1/build/spack/opt/spack/linux-rhel7-broadwell/gcc-10.2.1/openblas-0.3.19-jubz2yn2ui3jzqphbt3w2jyqt2pwvz7f/lib' '--with-MPI' '--without-openmp' '--disable-bigint' '--disable-mixedint' '--disable-complex' '--enable-shared' '--without-superlu' '--without-mli' '--without-fei' '--disable-debug' '--without-cuda' '--disable-curand' '--disable-cub' '--enable-fortran'

2 errors found in build log:
     5     checking build system type... x86_64-pc-linux-gnu
     6     checking host system type... x86_64-pc-linux-gnu
     7     checking whether make sets $(MAKE)... yes
     8     checking for ranlib... ranlib
     9     checking for gcc... /p/vast1/build/spack/opt/spack/linux-rhel7-broad
           well/gcc-10.2.1/openmpi-4.1.2-mtnsjnbj5kuefhd6gtupaglpuytu6vhz/bin/m
           picc
     10    checking whether the C compiler works... no
  >> 11    configure: error: in `/tmp/sochat1/spack-stage/spack-stage-hypre-2.1
           8.2-u6u3kokpiz7ktvj6jhijzfa7cthyn34e/spack-src/src':
  >> 12    configure: error: C compiler cannot create executables
     13    See `config.log' for more details

See build log for details:
  /var/tmp/sochat1/spack-stage/spack-stage-hypre-2.18.2-u6u3kokpiz7ktvj6jhijzfa7cthyn34e/spack-build-out.txt

Making predictions for spack-test
Making predictions for symbolator
Making predictions for libabigail
abicompat not found on path, will look for spack instead.
Making predictions for actual
