==> Warning: Missing a source id for openblas@develop
==> Warning: openblas-0.3.3-5azsjzpnupoiiluag7bg6vcwsfxfy5xo failed to install
==> Warning: AssertionError exception when releasing read lock for openblas-0.3.3-5azsjzpnupoiiluag7bg6vcwsfxfy5xo: 
==> Error: openblas-0.3.3-5azsjzpnupoiiluag7bg6vcwsfxfy5xo: Package was not installed
==> Warning: openblas-0.3.2-zoeklqzbjjfazmsynrgi5ip43uycbdcf failed to install
==> Warning: AssertionError exception when releasing read lock for openblas-0.3.2-zoeklqzbjjfazmsynrgi5ip43uycbdcf: 
==> Error: openblas-0.3.2-zoeklqzbjjfazmsynrgi5ip43uycbdcf: Package was not installed
==> Warning: openblas-0.3.1-6ahkovd4z2d3xhev6ba3jgr7natgq2c3 failed to install
==> Warning: AssertionError exception when releasing read lock for openblas-0.3.1-6ahkovd4z2d3xhev6ba3jgr7natgq2c3: 
==> Error: openblas-0.3.1-6ahkovd4z2d3xhev6ba3jgr7natgq2c3: Package was not installed
==> Warning: openblas-0.3.0-7kvu2zss36ancm7c2jse2dnzhlpdgwze failed to install
==> Warning: AssertionError exception when releasing read lock for openblas-0.3.0-7kvu2zss36ancm7c2jse2dnzhlpdgwze: 
==> Error: openblas-0.3.0-7kvu2zss36ancm7c2jse2dnzhlpdgwze: Package was not installed
==> Warning: Unable to remove failure marking for openblas (/p/vast1/build/spack/opt/spack/.spack-db/failures/openblas-2p53aev7awckppq7ge6vrcqbizmpstsg): [Errno 2] No such file or directory: '/p/vast1/build/spack/opt/spack/.spack-db/failures/openblas-2p53aev7awckppq7ge6vrcqbizmpstsg'
==> Error: ProcessError: Command exited with status 2:
    'make' 'CC=/p/vast1/build/spack/lib/spack/env/gcc/gcc' 'FC=/p/vast1/build/spack/lib/spack/env/gcc/gfortran' 'MAKE_NO_J=1' 'TARGET=HASWELL' 'USE_OPENMP=0' 'USE_THREAD=0' 'libs' 'netlib' 'shared'

26 errors found in build log:
     93     
     94       365 |      $                   0, U1, LDU1, U2, LDU2, V1T, LDV1T,
             0, 1, 0, 0,
     95           |                                      2
     96     ......
     97       388 |      $                   0, V1T, LDV1T, 0, 1, U1, LDU1, U2,
             LDU2, 0, 0,
     98           |                                        1
  >> 99     Error: Type mismatch between actual argument at (1) and actual argu
            ment at (2) (INTEGER(4)/REAL(4)).
     100    sorcsd2by1.f:411:35:
     101    
     102      365 |      $                   0, U1, LDU1, U2, LDU2, V1T, LDV1T,
             0, 1, 0, 0,
     103          |                            2
     104    ......
     105      411 |      $                   THETA, 0, 0, 1, V1T, LDV1T, U2, LD
            U2, U1, LDU1,
     106          |                                   1
  >> 107    Error: Type mismatch between actual argument at (1) and actual argu
            ment at (2) (INTEGER(4)/REAL(4)).
     108    sorcsd2by1.f:435:55:
     109    
     110      365 |      $                   0, U1, LDU1, U2, LDU2, V1T, LDV1T,
             0, 1, 0, 0,
     111          |                                                2
     112    ......
     113      435 |      $                   THETA, 0, U2, LDU2, U1, LDU1, 0, 1
            , V1T, LDV1T,
     114          |                                                       1
  >> 115    Error: Type mismatch between actual argument at (1) and actual argu
            ment at (2) (INTEGER(4)/REAL(4)).
     116    sorcsd2by1.f:472:23:
     117    
     118      346 |             CALL SORBDB1( M, P, Q, X11, LDX11, X21, LDX21, 
            THETA, 0, 0,
     119          |                                                            
                  2
     120    ......
     121      472 |      $                 WORK(IPHI), WORK(ITAUP1), WORK(ITAUP
            2),
     122          |                       1
  >> 123    Error: Type mismatch between actual argument at (1) and actual argu
            ment at (2) (REAL(4)/INTEGER(4)).
     124    sorcsd2by1.f:479:44:
     125    
     126      350 |                CALL SORGQR( P, P, Q, U1, LDU1, 0, WORK(1), 
            -1,
     127          |                                               2
     128    ......
     129      479 |             CALL SORGQR( P, P, Q, U1, LDU1, WORK(ITAUP1), W
            ORK(IORGQR),
     130          |                                            1
  >> 131    Error: Type mismatch between actual argument at (1) and actual argu
            ment at (2) (REAL(4)/INTEGER(4)).
     132    sorcsd2by1.f:484:48:
     133    
     134      350 |                CALL SORGQR( P, P, Q, U1, LDU1, 0, WORK(1), 
            -1,
     135          |                                               2
     136    ......
     137      484 |             CALL SORGQR( M-P, M-P, Q, U2, LDU2, WORK(ITAUP2
            ),
     138          |                                                1
  >> 139    Error: Type mismatch between actual argument at (1) and actual argu
            ment at (2) (REAL(4)/INTEGER(4)).
     140    sorcsd2by1.f:495:57:
     141    
     142      361 |      $                   0, WORK(1), -1, CHILDINFO )
     143          |                         2
     144    ......
     145      495 |             CALL SORGLQ( Q-1, Q-1, Q-1, V1T(2,2), LDV1T, WO
            RK(ITAUQ1),
     146          |                                                         1
  >> 147    Error: Type mismatch between actual argument at (1) and actual argu
            ment at (2) (REAL(4)/INTEGER(4)).
     148    sorcsd2by1.f:502:22:
     149    
     150      365 |      $                   0, U1, LDU1, U2, LDU2, V1T, LDV1T,
             0, 1, 0, 0,
     151          |                         2
     152    ......
     153      502 |      $                WORK(IPHI), U1, LDU1, U2, LDU2, V1T, 
            LDV1T, 0, 1,
     154          |                      1
  >> 155    Error: Type mismatch between actual argument at (1) and actual argu
            ment at (2) (REAL(4)/INTEGER(4)).
     156    sorcsd2by1.f:527:23:
     157    
     158      369 |             CALL SORBDB2( M, P, Q, X11, LDX11, X21, LDX21, 
            THETA, 0, 0,
     159          |                                                            
                  2
     160    ......
     161      527 |      $                 WORK(IPHI), WORK(ITAUP1), WORK(ITAUP
            2),
     162          |                       1
  >> 163    Error: Type mismatch between actual argument at (1) and actual argu
            ment at (2) (REAL(4)/INTEGER(4)).
     164    sorcsd2by1.f:539:55:
     165    
     166      350 |                CALL SORGQR( P, P, Q, U1, LDU1, 0, WORK(1), 
            -1,
     167          |                                               2
     168    ......
     169      539 |             CALL SORGQR( P-1, P-1, P-1, U1(2,2), LDU1, WORK
            (ITAUP1),
     170          |                                                       1
  >> 171    Error: Type mismatch between actual argument at (1) and actual argu
            ment at (2) (REAL(4)/INTEGER(4)).
     172    sorcsd2by1.f:544:48:
     173    
     174      350 |                CALL SORGQR( P, P, Q, U1, LDU1, 0, WORK(1), 
            -1,
     175          |                                               2
     176    ......
     177      544 |             CALL SORGQR( M-P, M-P, Q, U2, LDU2, WORK(ITAUP2
            ),
     178          |                                                1
  >> 179    Error: Type mismatch between actual argument at (1) and actual argu
            ment at (2) (REAL(4)/INTEGER(4)).
     180    sorcsd2by1.f:549:46:
     181    
     182      361 |      $                   0, WORK(1), -1, CHILDINFO )
     183          |                         2
     184    ......
     185      549 |             CALL SORGLQ( Q, Q, R, V1T, LDV1T, WORK(ITAUQ1),
     186          |                                              1
  >> 187    Error: Type mismatch between actual argument at (1) and actual argu
            ment at (2) (REAL(4)/INTEGER(4)).
     188    sorcsd2by1.f:556:22:
     189    
     190      365 |      $                   0, U1, LDU1, U2, LDU2, V1T, LDV1T,
             0, 1, 0, 0,
     191          |                         2
     192    ......
     193      556 |      $                WORK(IPHI), V1T, LDV1T, 0, 1, U1, LDU
            1, U2, LDU2,
     194          |                      1
  >> 195    Error: Type mismatch between actual argument at (1) and actual argu
            ment at (2) (REAL(4)/INTEGER(4)).
     196    sorcsd2by1.f:581:23:
     197    
     198      392 |             CALL SORBDB3( M, P, Q, X11, LDX11, X21, LDX21, 
            THETA, 0, 0,
     199          |                                                            
                  2
     200    ......
     201      581 |      $                 WORK(IPHI), WORK(ITAUP1), WORK(ITAUP
            2),
     202          |                       1
  >> 203    Error: Type mismatch between actual argument at (1) and actual argu
            ment at (2) (REAL(4)/INTEGER(4)).
     204    sorcsd2by1.f:588:44:
     205    
     206      350 |                CALL SORGQR( P, P, Q, U1, LDU1, 0, WORK(1), 
            -1,
     207          |                                               2
     208    ......
     209      588 |             CALL SORGQR( P, P, Q, U1, LDU1, WORK(ITAUP1), W
            ORK(IORGQR),
     210          |                                            1
  >> 211    Error: Type mismatch between actual argument at (1) and actual argu
            ment at (2) (REAL(4)/INTEGER(4)).
     212    sorcsd2by1.f:600:25:
     213    
     214      350 |                CALL SORGQR( P, P, Q, U1, LDU1, 0, WORK(1), 
            -1,
     215          |                                               2
     216    ......
     217      600 |      $                   WORK(ITAUP2), WORK(IORGQR), LORGQR
            , CHILDINFO )
     218          |                         1
  >> 219    Error: Type mismatch between actual argument at (1) and actual argu
            ment at (2) (REAL(4)/INTEGER(4)).
     220    sorcsd2by1.f:604:46:
     221    
     222      361 |      $                   0, WORK(1), -1, CHILDINFO )
     223          |                         2
     224    ......
     225      604 |             CALL SORGLQ( Q, Q, R, V1T, LDV1T, WORK(ITAUQ1),
     226          |                                              1
  >> 227    Error: Type mismatch between actual argument at (1) and actual argu
            ment at (2) (REAL(4)/INTEGER(4)).
     228    sorcsd2by1.f:611:29:
     229    
     230      365 |      $                   0, U1, LDU1, U2, LDU2, V1T, LDV1T,
             0, 1, 0, 0,
     231          |                         2
     232    ......
     233      611 |      $                THETA, WORK(IPHI), 0, 1, V1T, LDV1T, 
            U2, LDU2, U1,
     234          |                             1
  >> 235    Error: Type mismatch between actual argument at (1) and actual argu
            ment at (2) (REAL(4)/INTEGER(4)).
     236    sorcsd2by1.f:641:23:
     237    
     238      416 |             CALL SORBDB4( M, P, Q, X11, LDX11, X21, LDX21, 
            THETA, 0, 0,
     239          |                                                            
                  2
     240    ......
     241      641 |      $                 WORK(IPHI), WORK(ITAUP1), WORK(ITAUP
            2),
     242          |                       1
  >> 243    Error: Type mismatch between actual argument at (1) and actual argu
            ment at (2) (REAL(4)/INTEGER(4)).
     244    sorcsd2by1.f:654:46:
     245    
     246      350 |                CALL SORGQR( P, P, Q, U1, LDU1, 0, WORK(1), 
            -1,
     247          |                                               2
     248    ......
     249      654 |             CALL SORGQR( P, P, M-Q, U1, LDU1, WORK(ITAUP1),
     250          |                                              1
  >> 251    Error: Type mismatch between actual argument at (1) and actual argu
            ment at (2) (REAL(4)/INTEGER(4)).
     252    sorcsd2by1.f:664:50:
     253    
     254      350 |                CALL SORGQR( P, P, Q, U1, LDU1, 0, WORK(1), 
            -1,
     255          |                                               2
     256    ......
     257      664 |             CALL SORGQR( M-P, M-P, M-Q, U2, LDU2, WORK(ITAU
            P2),
     258          |                                                  1
  >> 259    Error: Type mismatch between actual argument at (1) and actual argu
            ment at (2) (REAL(4)/INTEGER(4)).
     260    sorcsd2by1.f:673:46:
     261    
     262      361 |      $                   0, WORK(1), -1, CHILDINFO )
     263          |                         2
     264    ......
     265      673 |             CALL SORGLQ( Q, Q, Q, V1T, LDV1T, WORK(ITAUQ1),
     266          |                                              1
  >> 267    Error: Type mismatch between actual argument at (1) and actual argu
            ment at (2) (REAL(4)/INTEGER(4)).
     268    sorcsd2by1.f:680:29:
     269    
     270      365 |      $                   0, U1, LDU1, U2, LDU2, V1T, LDV1T,
             0, 1, 0, 0,
     271          |                         2
     272    ......
     273      680 |      $                THETA, WORK(IPHI), U2, LDU2, U1, LDU1
            , 0, 1, V1T,
     274          |                             1
  >> 275    Error: Type mismatch between actual argument at (1) and actual argu
            ment at (2) (REAL(4)/INTEGER(4)).
  >> 276    make[2]: *** [sorcsd2by1.o] Error 1
     277    make[2]: Leaving directory `/tmp/sochat1/spack-stage/spack-stage-op
            enblas-0.2.19-gnnxdhop3nk3baqqhkdaigwjuh62ncir/spack-src/lapack-net
            lib/SRC'
  >> 278    make[1]: *** [lapacklib] Error 2
     279    make[1]: Leaving directory `/tmp/sochat1/spack-stage/spack-stage-op
            enblas-0.2.19-gnnxdhop3nk3baqqhkdaigwjuh62ncir/spack-src/lapack-net
            lib'
  >> 280    make: *** [netlib] Error 2

See build log for details:
  /var/tmp/sochat1/spack-stage/spack-stage-openblas-0.2.19-gnnxdhop3nk3baqqhkdaigwjuh62ncir/spack-build-out.txt

==> Error: ProcessError: Command exited with status 2:
    'make' 'CC=/p/vast1/build/spack/lib/spack/env/gcc/gcc' 'FC=/p/vast1/build/spack/lib/spack/env/gcc/gfortran' 'MAKE_NO_J=1' 'TARGET=HASWELL' 'USE_OPENMP=0' 'USE_THREAD=0' 'libs' 'netlib' 'shared'

26 errors found in build log:
     93     
     94       365 |      $                   0, U1, LDU1, U2, LDU2, V1T, LDV1T,
             0, 1, 0, 0,
     95           |                                      2
     96     ......
     97       388 |      $                   0, V1T, LDV1T, 0, 1, U1, LDU1, U2,
             LDU2, 0, 0,
     98           |                                        1
  >> 99     Error: Type mismatch between actual argument at (1) and actual argu
            ment at (2) (INTEGER(4)/REAL(4)).
     100    sorcsd2by1.f:411:35:
     101    
     102      365 |      $                   0, U1, LDU1, U2, LDU2, V1T, LDV1T,
             0, 1, 0, 0,
     103          |                            2
     104    ......
     105      411 |      $                   THETA, 0, 0, 1, V1T, LDV1T, U2, LD
            U2, U1, LDU1,
     106          |                                   1
  >> 107    Error: Type mismatch between actual argument at (1) and actual argu
            ment at (2) (INTEGER(4)/REAL(4)).
     108    sorcsd2by1.f:435:55:
     109    
     110      365 |      $                   0, U1, LDU1, U2, LDU2, V1T, LDV1T,
             0, 1, 0, 0,
     111          |                                                2
     112    ......
     113      435 |      $                   THETA, 0, U2, LDU2, U1, LDU1, 0, 1
            , V1T, LDV1T,
     114          |                                                       1
  >> 115    Error: Type mismatch between actual argument at (1) and actual argu
            ment at (2) (INTEGER(4)/REAL(4)).
     116    sorcsd2by1.f:472:23:
     117    
     118      346 |             CALL SORBDB1( M, P, Q, X11, LDX11, X21, LDX21, 
            THETA, 0, 0,
     119          |                                                            
                  2
     120    ......
     121      472 |      $                 WORK(IPHI), WORK(ITAUP1), WORK(ITAUP
            2),
     122          |                       1
  >> 123    Error: Type mismatch between actual argument at (1) and actual argu
            ment at (2) (REAL(4)/INTEGER(4)).
     124    sorcsd2by1.f:479:44:
     125    
     126      350 |                CALL SORGQR( P, P, Q, U1, LDU1, 0, WORK(1), 
            -1,
     127          |                                               2
     128    ......
     129      479 |             CALL SORGQR( P, P, Q, U1, LDU1, WORK(ITAUP1), W
            ORK(IORGQR),
     130          |                                            1
  >> 131    Error: Type mismatch between actual argument at (1) and actual argu
            ment at (2) (REAL(4)/INTEGER(4)).
     132    sorcsd2by1.f:484:48:
     133    
     134      350 |                CALL SORGQR( P, P, Q, U1, LDU1, 0, WORK(1), 
            -1,
     135          |                                               2
     136    ......
     137      484 |             CALL SORGQR( M-P, M-P, Q, U2, LDU2, WORK(ITAUP2
            ),
     138          |                                                1
  >> 139    Error: Type mismatch between actual argument at (1) and actual argu
            ment at (2) (REAL(4)/INTEGER(4)).
     140    sorcsd2by1.f:495:57:
     141    
     142      361 |      $                   0, WORK(1), -1, CHILDINFO )
     143          |                         2
     144    ......
     145      495 |             CALL SORGLQ( Q-1, Q-1, Q-1, V1T(2,2), LDV1T, WO
            RK(ITAUQ1),
     146          |                                                         1
  >> 147    Error: Type mismatch between actual argument at (1) and actual argu
            ment at (2) (REAL(4)/INTEGER(4)).
     148    sorcsd2by1.f:502:22:
     149    
     150      365 |      $                   0, U1, LDU1, U2, LDU2, V1T, LDV1T,
             0, 1, 0, 0,
     151          |                         2
     152    ......
     153      502 |      $                WORK(IPHI), U1, LDU1, U2, LDU2, V1T, 
            LDV1T, 0, 1,
     154          |                      1
  >> 155    Error: Type mismatch between actual argument at (1) and actual argu
            ment at (2) (REAL(4)/INTEGER(4)).
     156    sorcsd2by1.f:527:23:
     157    
     158      369 |             CALL SORBDB2( M, P, Q, X11, LDX11, X21, LDX21, 
            THETA, 0, 0,
     159          |                                                            
                  2
     160    ......
     161      527 |      $                 WORK(IPHI), WORK(ITAUP1), WORK(ITAUP
            2),
     162          |                       1
  >> 163    Error: Type mismatch between actual argument at (1) and actual argu
            ment at (2) (REAL(4)/INTEGER(4)).
     164    sorcsd2by1.f:539:55:
     165    
     166      350 |                CALL SORGQR( P, P, Q, U1, LDU1, 0, WORK(1), 
            -1,
     167          |                                               2
     168    ......
     169      539 |             CALL SORGQR( P-1, P-1, P-1, U1(2,2), LDU1, WORK
            (ITAUP1),
     170          |                                                       1
  >> 171    Error: Type mismatch between actual argument at (1) and actual argu
            ment at (2) (REAL(4)/INTEGER(4)).
     172    sorcsd2by1.f:544:48:
     173    
     174      350 |                CALL SORGQR( P, P, Q, U1, LDU1, 0, WORK(1), 
            -1,
     175          |                                               2
     176    ......
     177      544 |             CALL SORGQR( M-P, M-P, Q, U2, LDU2, WORK(ITAUP2
            ),
     178          |                                                1
  >> 179    Error: Type mismatch between actual argument at (1) and actual argu
            ment at (2) (REAL(4)/INTEGER(4)).
     180    sorcsd2by1.f:549:46:
     181    
     182      361 |      $                   0, WORK(1), -1, CHILDINFO )
     183          |                         2
     184    ......
     185      549 |             CALL SORGLQ( Q, Q, R, V1T, LDV1T, WORK(ITAUQ1),
     186          |                                              1
  >> 187    Error: Type mismatch between actual argument at (1) and actual argu
            ment at (2) (REAL(4)/INTEGER(4)).
     188    sorcsd2by1.f:556:22:
     189    
     190      365 |      $                   0, U1, LDU1, U2, LDU2, V1T, LDV1T,
             0, 1, 0, 0,
     191          |                         2
     192    ......
     193      556 |      $                WORK(IPHI), V1T, LDV1T, 0, 1, U1, LDU
            1, U2, LDU2,
     194          |                      1
  >> 195    Error: Type mismatch between actual argument at (1) and actual argu
            ment at (2) (REAL(4)/INTEGER(4)).
     196    sorcsd2by1.f:581:23:
     197    
     198      392 |             CALL SORBDB3( M, P, Q, X11, LDX11, X21, LDX21, 
            THETA, 0, 0,
     199          |                                                            
                  2
     200    ......
     201      581 |      $                 WORK(IPHI), WORK(ITAUP1), WORK(ITAUP
            2),
     202          |                       1
  >> 203    Error: Type mismatch between actual argument at (1) and actual argu
            ment at (2) (REAL(4)/INTEGER(4)).
     204    sorcsd2by1.f:588:44:
     205    
     206      350 |                CALL SORGQR( P, P, Q, U1, LDU1, 0, WORK(1), 
            -1,
     207          |                                               2
     208    ......
     209      588 |             CALL SORGQR( P, P, Q, U1, LDU1, WORK(ITAUP1), W
            ORK(IORGQR),
     210          |                                            1
  >> 211    Error: Type mismatch between actual argument at (1) and actual argu
            ment at (2) (REAL(4)/INTEGER(4)).
     212    sorcsd2by1.f:600:25:
     213    
     214      350 |                CALL SORGQR( P, P, Q, U1, LDU1, 0, WORK(1), 
            -1,
     215          |                                               2
     216    ......
     217      600 |      $                   WORK(ITAUP2), WORK(IORGQR), LORGQR
            , CHILDINFO )
     218          |                         1
  >> 219    Error: Type mismatch between actual argument at (1) and actual argu
            ment at (2) (REAL(4)/INTEGER(4)).
     220    sorcsd2by1.f:604:46:
     221    
     222      361 |      $                   0, WORK(1), -1, CHILDINFO )
     223          |                         2
     224    ......
     225      604 |             CALL SORGLQ( Q, Q, R, V1T, LDV1T, WORK(ITAUQ1),
     226          |                                              1
  >> 227    Error: Type mismatch between actual argument at (1) and actual argu
            ment at (2) (REAL(4)/INTEGER(4)).
     228    sorcsd2by1.f:611:29:
     229    
     230      365 |      $                   0, U1, LDU1, U2, LDU2, V1T, LDV1T,
             0, 1, 0, 0,
     231          |                         2
     232    ......
     233      611 |      $                THETA, WORK(IPHI), 0, 1, V1T, LDV1T, 
            U2, LDU2, U1,
     234          |                             1
  >> 235    Error: Type mismatch between actual argument at (1) and actual argu
            ment at (2) (REAL(4)/INTEGER(4)).
     236    sorcsd2by1.f:641:23:
     237    
     238      416 |             CALL SORBDB4( M, P, Q, X11, LDX11, X21, LDX21, 
            THETA, 0, 0,
     239          |                                                            
                  2
     240    ......
     241      641 |      $                 WORK(IPHI), WORK(ITAUP1), WORK(ITAUP
            2),
     242          |                       1
  >> 243    Error: Type mismatch between actual argument at (1) and actual argu
            ment at (2) (REAL(4)/INTEGER(4)).
     244    sorcsd2by1.f:654:46:
     245    
     246      350 |                CALL SORGQR( P, P, Q, U1, LDU1, 0, WORK(1), 
            -1,
     247          |                                               2
     248    ......
     249      654 |             CALL SORGQR( P, P, M-Q, U1, LDU1, WORK(ITAUP1),
     250          |                                              1
  >> 251    Error: Type mismatch between actual argument at (1) and actual argu
            ment at (2) (REAL(4)/INTEGER(4)).
     252    sorcsd2by1.f:664:50:
     253    
     254      350 |                CALL SORGQR( P, P, Q, U1, LDU1, 0, WORK(1), 
            -1,
     255          |                                               2
     256    ......
     257      664 |             CALL SORGQR( M-P, M-P, M-Q, U2, LDU2, WORK(ITAU
            P2),
     258          |                                                  1
  >> 259    Error: Type mismatch between actual argument at (1) and actual argu
            ment at (2) (REAL(4)/INTEGER(4)).
     260    sorcsd2by1.f:673:46:
     261    
     262      361 |      $                   0, WORK(1), -1, CHILDINFO )
     263          |                         2
     264    ......
     265      673 |             CALL SORGLQ( Q, Q, Q, V1T, LDV1T, WORK(ITAUQ1),
     266          |                                              1
  >> 267    Error: Type mismatch between actual argument at (1) and actual argu
            ment at (2) (REAL(4)/INTEGER(4)).
     268    sorcsd2by1.f:680:29:
     269    
     270      365 |      $                   0, U1, LDU1, U2, LDU2, V1T, LDV1T,
             0, 1, 0, 0,
     271          |                         2
     272    ......
     273      680 |      $                THETA, WORK(IPHI), U2, LDU2, U1, LDU1
            , 0, 1, V1T,
     274          |                             1
  >> 275    Error: Type mismatch between actual argument at (1) and actual argu
            ment at (2) (REAL(4)/INTEGER(4)).
  >> 276    make[2]: *** [sorcsd2by1.o] Error 1
     277    make[2]: Leaving directory `/tmp/sochat1/spack-stage/spack-stage-op
            enblas-0.2.18-yidpq3fwlkztu5dl5hbjjgj7bskpjbpv/spack-src/lapack-net
            lib/SRC'
  >> 278    make[1]: *** [lapacklib] Error 2
     279    make[1]: Leaving directory `/tmp/sochat1/spack-stage/spack-stage-op
            enblas-0.2.18-yidpq3fwlkztu5dl5hbjjgj7bskpjbpv/spack-src/lapack-net
            lib'
  >> 280    make: *** [netlib] Error 2

See build log for details:
  /var/tmp/sochat1/spack-stage/spack-stage-openblas-0.2.18-yidpq3fwlkztu5dl5hbjjgj7bskpjbpv/spack-build-out.txt

==> Error: ProcessError: Command exited with status 2:
    'make' 'CC=/p/vast1/build/spack/lib/spack/env/gcc/gcc' 'FC=/p/vast1/build/spack/lib/spack/env/gcc/gfortran' 'MAKE_NO_J=1' 'TARGET=HASWELL' 'USE_OPENMP=0' 'USE_THREAD=0' 'libs' 'netlib' 'shared'

26 errors found in build log:
     93     
     94       365 |      $                   0, U1, LDU1, U2, LDU2, V1T, LDV1T,
             0, 1, 0, 0,
     95           |                                      2
     96     ......
     97       388 |      $                   0, V1T, LDV1T, 0, 1, U1, LDU1, U2,
             LDU2, 0, 0,
     98           |                                        1
  >> 99     Error: Type mismatch between actual argument at (1) and actual argu
            ment at (2) (INTEGER(4)/REAL(4)).
     100    sorcsd2by1.f:411:35:
     101    
     102      365 |      $                   0, U1, LDU1, U2, LDU2, V1T, LDV1T,
             0, 1, 0, 0,
     103          |                            2
     104    ......
     105      411 |      $                   THETA, 0, 0, 1, V1T, LDV1T, U2, LD
            U2, U1, LDU1,
     106          |                                   1
  >> 107    Error: Type mismatch between actual argument at (1) and actual argu
            ment at (2) (INTEGER(4)/REAL(4)).
     108    sorcsd2by1.f:435:55:
     109    
     110      365 |      $                   0, U1, LDU1, U2, LDU2, V1T, LDV1T,
             0, 1, 0, 0,
     111          |                                                2
     112    ......
     113      435 |      $                   THETA, 0, U2, LDU2, U1, LDU1, 0, 1
            , V1T, LDV1T,
     114          |                                                       1
  >> 115    Error: Type mismatch between actual argument at (1) and actual argu
            ment at (2) (INTEGER(4)/REAL(4)).
     116    sorcsd2by1.f:472:23:
     117    
     118      346 |             CALL SORBDB1( M, P, Q, X11, LDX11, X21, LDX21, 
            THETA, 0, 0,
     119          |                                                            
                  2
     120    ......
     121      472 |      $                 WORK(IPHI), WORK(ITAUP1), WORK(ITAUP
            2),
     122          |                       1
  >> 123    Error: Type mismatch between actual argument at (1) and actual argu
            ment at (2) (REAL(4)/INTEGER(4)).
     124    sorcsd2by1.f:479:44:
     125    
     126      350 |                CALL SORGQR( P, P, Q, U1, LDU1, 0, WORK(1), 
            -1,
     127          |                                               2
     128    ......
     129      479 |             CALL SORGQR( P, P, Q, U1, LDU1, WORK(ITAUP1), W
            ORK(IORGQR),
     130          |                                            1
  >> 131    Error: Type mismatch between actual argument at (1) and actual argu
            ment at (2) (REAL(4)/INTEGER(4)).
     132    sorcsd2by1.f:484:48:
     133    
     134      350 |                CALL SORGQR( P, P, Q, U1, LDU1, 0, WORK(1), 
            -1,
     135          |                                               2
     136    ......
     137      484 |             CALL SORGQR( M-P, M-P, Q, U2, LDU2, WORK(ITAUP2
            ),
     138          |                                                1
  >> 139    Error: Type mismatch between actual argument at (1) and actual argu
            ment at (2) (REAL(4)/INTEGER(4)).
     140    sorcsd2by1.f:495:57:
     141    
     142      361 |      $                   0, WORK(1), -1, CHILDINFO )
     143          |                         2
     144    ......
     145      495 |             CALL SORGLQ( Q-1, Q-1, Q-1, V1T(2,2), LDV1T, WO
            RK(ITAUQ1),
     146          |                                                         1
  >> 147    Error: Type mismatch between actual argument at (1) and actual argu
            ment at (2) (REAL(4)/INTEGER(4)).
     148    sorcsd2by1.f:502:22:
     149    
     150      365 |      $                   0, U1, LDU1, U2, LDU2, V1T, LDV1T,
             0, 1, 0, 0,
     151          |                         2
     152    ......
     153      502 |      $                WORK(IPHI), U1, LDU1, U2, LDU2, V1T, 
            LDV1T, 0, 1,
     154          |                      1
  >> 155    Error: Type mismatch between actual argument at (1) and actual argu
            ment at (2) (REAL(4)/INTEGER(4)).
     156    sorcsd2by1.f:527:23:
     157    
     158      369 |             CALL SORBDB2( M, P, Q, X11, LDX11, X21, LDX21, 
            THETA, 0, 0,
     159          |                                                            
                  2
     160    ......
     161      527 |      $                 WORK(IPHI), WORK(ITAUP1), WORK(ITAUP
            2),
     162          |                       1
  >> 163    Error: Type mismatch between actual argument at (1) and actual argu
            ment at (2) (REAL(4)/INTEGER(4)).
     164    sorcsd2by1.f:539:55:
     165    
     166      350 |                CALL SORGQR( P, P, Q, U1, LDU1, 0, WORK(1), 
            -1,
     167          |                                               2
     168    ......
     169      539 |             CALL SORGQR( P-1, P-1, P-1, U1(2,2), LDU1, WORK
            (ITAUP1),
     170          |                                                       1
  >> 171    Error: Type mismatch between actual argument at (1) and actual argu
            ment at (2) (REAL(4)/INTEGER(4)).
     172    sorcsd2by1.f:544:48:
     173    
     174      350 |                CALL SORGQR( P, P, Q, U1, LDU1, 0, WORK(1), 
            -1,
     175          |                                               2
     176    ......
     177      544 |             CALL SORGQR( M-P, M-P, Q, U2, LDU2, WORK(ITAUP2
            ),
     178          |                                                1
  >> 179    Error: Type mismatch between actual argument at (1) and actual argu
            ment at (2) (REAL(4)/INTEGER(4)).
     180    sorcsd2by1.f:549:46:
     181    
     182      361 |      $                   0, WORK(1), -1, CHILDINFO )
     183          |                         2
     184    ......
     185      549 |             CALL SORGLQ( Q, Q, R, V1T, LDV1T, WORK(ITAUQ1),
     186          |                                              1
  >> 187    Error: Type mismatch between actual argument at (1) and actual argu
            ment at (2) (REAL(4)/INTEGER(4)).
     188    sorcsd2by1.f:556:22:
     189    
     190      365 |      $                   0, U1, LDU1, U2, LDU2, V1T, LDV1T,
             0, 1, 0, 0,
     191          |                         2
     192    ......
     193      556 |      $                WORK(IPHI), V1T, LDV1T, 0, 1, U1, LDU
            1, U2, LDU2,
     194          |                      1
  >> 195    Error: Type mismatch between actual argument at (1) and actual argu
            ment at (2) (REAL(4)/INTEGER(4)).
     196    sorcsd2by1.f:581:23:
     197    
     198      392 |             CALL SORBDB3( M, P, Q, X11, LDX11, X21, LDX21, 
            THETA, 0, 0,
     199          |                                                            
                  2
     200    ......
     201      581 |      $                 WORK(IPHI), WORK(ITAUP1), WORK(ITAUP
            2),
     202          |                       1
  >> 203    Error: Type mismatch between actual argument at (1) and actual argu
            ment at (2) (REAL(4)/INTEGER(4)).
     204    sorcsd2by1.f:588:44:
     205    
     206      350 |                CALL SORGQR( P, P, Q, U1, LDU1, 0, WORK(1), 
            -1,
     207          |                                               2
     208    ......
     209      588 |             CALL SORGQR( P, P, Q, U1, LDU1, WORK(ITAUP1), W
            ORK(IORGQR),
     210          |                                            1
  >> 211    Error: Type mismatch between actual argument at (1) and actual argu
            ment at (2) (REAL(4)/INTEGER(4)).
     212    sorcsd2by1.f:600:25:
     213    
     214      350 |                CALL SORGQR( P, P, Q, U1, LDU1, 0, WORK(1), 
            -1,
     215          |                                               2
     216    ......
     217      600 |      $                   WORK(ITAUP2), WORK(IORGQR), LORGQR
            , CHILDINFO )
     218          |                         1
  >> 219    Error: Type mismatch between actual argument at (1) and actual argu
            ment at (2) (REAL(4)/INTEGER(4)).
     220    sorcsd2by1.f:604:46:
     221    
     222      361 |      $                   0, WORK(1), -1, CHILDINFO )
     223          |                         2
     224    ......
     225      604 |             CALL SORGLQ( Q, Q, R, V1T, LDV1T, WORK(ITAUQ1),
     226          |                                              1
  >> 227    Error: Type mismatch between actual argument at (1) and actual argu
            ment at (2) (REAL(4)/INTEGER(4)).
     228    sorcsd2by1.f:611:29:
     229    
     230      365 |      $                   0, U1, LDU1, U2, LDU2, V1T, LDV1T,
             0, 1, 0, 0,
     231          |                         2
     232    ......
     233      611 |      $                THETA, WORK(IPHI), 0, 1, V1T, LDV1T, 
            U2, LDU2, U1,
     234          |                             1
  >> 235    Error: Type mismatch between actual argument at (1) and actual argu
            ment at (2) (REAL(4)/INTEGER(4)).
     236    sorcsd2by1.f:641:23:
     237    
     238      416 |             CALL SORBDB4( M, P, Q, X11, LDX11, X21, LDX21, 
            THETA, 0, 0,
     239          |                                                            
                  2
     240    ......
     241      641 |      $                 WORK(IPHI), WORK(ITAUP1), WORK(ITAUP
            2),
     242          |                       1
  >> 243    Error: Type mismatch between actual argument at (1) and actual argu
            ment at (2) (REAL(4)/INTEGER(4)).
     244    sorcsd2by1.f:654:46:
     245    
     246      350 |                CALL SORGQR( P, P, Q, U1, LDU1, 0, WORK(1), 
            -1,
     247          |                                               2
     248    ......
     249      654 |             CALL SORGQR( P, P, M-Q, U1, LDU1, WORK(ITAUP1),
     250          |                                              1
  >> 251    Error: Type mismatch between actual argument at (1) and actual argu
            ment at (2) (REAL(4)/INTEGER(4)).
     252    sorcsd2by1.f:664:50:
     253    
     254      350 |                CALL SORGQR( P, P, Q, U1, LDU1, 0, WORK(1), 
            -1,
     255          |                                               2
     256    ......
     257      664 |             CALL SORGQR( M-P, M-P, M-Q, U2, LDU2, WORK(ITAU
            P2),
     258          |                                                  1
  >> 259    Error: Type mismatch between actual argument at (1) and actual argu
            ment at (2) (REAL(4)/INTEGER(4)).
     260    sorcsd2by1.f:673:46:
     261    
     262      361 |      $                   0, WORK(1), -1, CHILDINFO )
     263          |                         2
     264    ......
     265      673 |             CALL SORGLQ( Q, Q, Q, V1T, LDV1T, WORK(ITAUQ1),
     266          |                                              1
  >> 267    Error: Type mismatch between actual argument at (1) and actual argu
            ment at (2) (REAL(4)/INTEGER(4)).
     268    sorcsd2by1.f:680:29:
     269    
     270      365 |      $                   0, U1, LDU1, U2, LDU2, V1T, LDV1T,
             0, 1, 0, 0,
     271          |                         2
     272    ......
     273      680 |      $                THETA, WORK(IPHI), U2, LDU2, U1, LDU1
            , 0, 1, V1T,
     274          |                             1
  >> 275    Error: Type mismatch between actual argument at (1) and actual argu
            ment at (2) (REAL(4)/INTEGER(4)).
  >> 276    make[2]: *** [sorcsd2by1.o] Error 1
     277    make[2]: Leaving directory `/tmp/sochat1/spack-stage/spack-stage-op
            enblas-0.2.17-v7y7naztgn7ktcnz65vqbk6nj666v66m/spack-src/lapack-net
            lib/SRC'
  >> 278    make[1]: *** [lapacklib] Error 2
     279    make[1]: Leaving directory `/tmp/sochat1/spack-stage/spack-stage-op
            enblas-0.2.17-v7y7naztgn7ktcnz65vqbk6nj666v66m/spack-src/lapack-net
            lib'
  >> 280    make: *** [netlib] Error 2

See build log for details:
  /var/tmp/sochat1/spack-stage/spack-stage-openblas-0.2.17-v7y7naztgn7ktcnz65vqbk6nj666v66m/spack-build-out.txt

==> Error: ProcessError: Command exited with status 2:
    'make' 'CC=/p/vast1/build/spack/lib/spack/env/gcc/gcc' 'FC=/p/vast1/build/spack/lib/spack/env/gcc/gfortran' 'MAKE_NO_J=1' 'TARGET=HASWELL' 'BUILD_LAPACK_DEPRECATED=1' 'USE_OPENMP=0' 'USE_THREAD=0' 'libs' 'netlib' 'shared'

26 errors found in build log:
     93     
     94       365 |      $                   0, U1, LDU1, U2, LDU2, V1T, LDV1T,
             0, 1, 0, 0,
     95           |                                      2
     96     ......
     97       388 |      $                   0, V1T, LDV1T, 0, 1, U1, LDU1, U2,
             LDU2, 0, 0,
     98           |                                        1
  >> 99     Error: Type mismatch between actual argument at (1) and actual argu
            ment at (2) (INTEGER(4)/REAL(4)).
     100    sorcsd2by1.f:411:35:
     101    
     102      365 |      $                   0, U1, LDU1, U2, LDU2, V1T, LDV1T,
             0, 1, 0, 0,
     103          |                            2
     104    ......
     105      411 |      $                   THETA, 0, 0, 1, V1T, LDV1T, U2, LD
            U2, U1, LDU1,
     106          |                                   1
  >> 107    Error: Type mismatch between actual argument at (1) and actual argu
            ment at (2) (INTEGER(4)/REAL(4)).
     108    sorcsd2by1.f:435:55:
     109    
     110      365 |      $                   0, U1, LDU1, U2, LDU2, V1T, LDV1T,
             0, 1, 0, 0,
     111          |                                                2
     112    ......
     113      435 |      $                   THETA, 0, U2, LDU2, U1, LDU1, 0, 1
            , V1T, LDV1T,
     114          |                                                       1
  >> 115    Error: Type mismatch between actual argument at (1) and actual argu
            ment at (2) (INTEGER(4)/REAL(4)).
     116    sorcsd2by1.f:472:23:
     117    
     118      346 |             CALL SORBDB1( M, P, Q, X11, LDX11, X21, LDX21, 
            THETA, 0, 0,
     119          |                                                            
                  2
     120    ......
     121      472 |      $                 WORK(IPHI), WORK(ITAUP1), WORK(ITAUP
            2),
     122          |                       1
  >> 123    Error: Type mismatch between actual argument at (1) and actual argu
            ment at (2) (REAL(4)/INTEGER(4)).
     124    sorcsd2by1.f:479:44:
     125    
     126      350 |                CALL SORGQR( P, P, Q, U1, LDU1, 0, WORK(1), 
            -1,
     127          |                                               2
     128    ......
     129      479 |             CALL SORGQR( P, P, Q, U1, LDU1, WORK(ITAUP1), W
            ORK(IORGQR),
     130          |                                            1
  >> 131    Error: Type mismatch between actual argument at (1) and actual argu
            ment at (2) (REAL(4)/INTEGER(4)).
     132    sorcsd2by1.f:484:48:
     133    
     134      350 |                CALL SORGQR( P, P, Q, U1, LDU1, 0, WORK(1), 
            -1,
     135          |                                               2
     136    ......
     137      484 |             CALL SORGQR( M-P, M-P, Q, U2, LDU2, WORK(ITAUP2
            ),
     138          |                                                1
  >> 139    Error: Type mismatch between actual argument at (1) and actual argu
            ment at (2) (REAL(4)/INTEGER(4)).
     140    sorcsd2by1.f:495:57:
     141    
     142      361 |      $                   0, WORK(1), -1, CHILDINFO )
     143          |                         2
     144    ......
     145      495 |             CALL SORGLQ( Q-1, Q-1, Q-1, V1T(2,2), LDV1T, WO
            RK(ITAUQ1),
     146          |                                                         1
  >> 147    Error: Type mismatch between actual argument at (1) and actual argu
            ment at (2) (REAL(4)/INTEGER(4)).
     148    sorcsd2by1.f:502:22:
     149    
     150      365 |      $                   0, U1, LDU1, U2, LDU2, V1T, LDV1T,
             0, 1, 0, 0,
     151          |                         2
     152    ......
     153      502 |      $                WORK(IPHI), U1, LDU1, U2, LDU2, V1T, 
            LDV1T, 0, 1,
     154          |                      1
  >> 155    Error: Type mismatch between actual argument at (1) and actual argu
            ment at (2) (REAL(4)/INTEGER(4)).
     156    sorcsd2by1.f:527:23:
     157    
     158      369 |             CALL SORBDB2( M, P, Q, X11, LDX11, X21, LDX21, 
            THETA, 0, 0,
     159          |                                                            
                  2
     160    ......
     161      527 |      $                 WORK(IPHI), WORK(ITAUP1), WORK(ITAUP
            2),
     162          |                       1
  >> 163    Error: Type mismatch between actual argument at (1) and actual argu
            ment at (2) (REAL(4)/INTEGER(4)).
     164    sorcsd2by1.f:539:55:
     165    
     166      350 |                CALL SORGQR( P, P, Q, U1, LDU1, 0, WORK(1), 
            -1,
     167          |                                               2
     168    ......
     169      539 |             CALL SORGQR( P-1, P-1, P-1, U1(2,2), LDU1, WORK
            (ITAUP1),
     170          |                                                       1
  >> 171    Error: Type mismatch between actual argument at (1) and actual argu
            ment at (2) (REAL(4)/INTEGER(4)).
     172    sorcsd2by1.f:544:48:
     173    
     174      350 |                CALL SORGQR( P, P, Q, U1, LDU1, 0, WORK(1), 
            -1,
     175          |                                               2
     176    ......
     177      544 |             CALL SORGQR( M-P, M-P, Q, U2, LDU2, WORK(ITAUP2
            ),
     178          |                                                1
  >> 179    Error: Type mismatch between actual argument at (1) and actual argu
            ment at (2) (REAL(4)/INTEGER(4)).
     180    sorcsd2by1.f:549:46:
     181    
     182      361 |      $                   0, WORK(1), -1, CHILDINFO )
     183          |                         2
     184    ......
     185      549 |             CALL SORGLQ( Q, Q, R, V1T, LDV1T, WORK(ITAUQ1),
     186          |                                              1
  >> 187    Error: Type mismatch between actual argument at (1) and actual argu
            ment at (2) (REAL(4)/INTEGER(4)).
     188    sorcsd2by1.f:556:22:
     189    
     190      365 |      $                   0, U1, LDU1, U2, LDU2, V1T, LDV1T,
             0, 1, 0, 0,
     191          |                         2
     192    ......
     193      556 |      $                WORK(IPHI), V1T, LDV1T, 0, 1, U1, LDU
            1, U2, LDU2,
     194          |                      1
  >> 195    Error: Type mismatch between actual argument at (1) and actual argu
            ment at (2) (REAL(4)/INTEGER(4)).
     196    sorcsd2by1.f:581:23:
     197    
     198      392 |             CALL SORBDB3( M, P, Q, X11, LDX11, X21, LDX21, 
            THETA, 0, 0,
     199          |                                                            
                  2
     200    ......
     201      581 |      $                 WORK(IPHI), WORK(ITAUP1), WORK(ITAUP
            2),
     202          |                       1
  >> 203    Error: Type mismatch between actual argument at (1) and actual argu
            ment at (2) (REAL(4)/INTEGER(4)).
     204    sorcsd2by1.f:588:44:
     205    
     206      350 |                CALL SORGQR( P, P, Q, U1, LDU1, 0, WORK(1), 
            -1,
     207          |                                               2
     208    ......
     209      588 |             CALL SORGQR( P, P, Q, U1, LDU1, WORK(ITAUP1), W
            ORK(IORGQR),
     210          |                                            1
  >> 211    Error: Type mismatch between actual argument at (1) and actual argu
            ment at (2) (REAL(4)/INTEGER(4)).
     212    sorcsd2by1.f:600:25:
     213    
     214      350 |                CALL SORGQR( P, P, Q, U1, LDU1, 0, WORK(1), 
            -1,
     215          |                                               2
     216    ......
     217      600 |      $                   WORK(ITAUP2), WORK(IORGQR), LORGQR
            , CHILDINFO )
     218          |                         1
  >> 219    Error: Type mismatch between actual argument at (1) and actual argu
            ment at (2) (REAL(4)/INTEGER(4)).
     220    sorcsd2by1.f:604:46:
     221    
     222      361 |      $                   0, WORK(1), -1, CHILDINFO )
     223          |                         2
     224    ......
     225      604 |             CALL SORGLQ( Q, Q, R, V1T, LDV1T, WORK(ITAUQ1),
     226          |                                              1
  >> 227    Error: Type mismatch between actual argument at (1) and actual argu
            ment at (2) (REAL(4)/INTEGER(4)).
     228    sorcsd2by1.f:611:29:
     229    
     230      365 |      $                   0, U1, LDU1, U2, LDU2, V1T, LDV1T,
             0, 1, 0, 0,
     231          |                         2
     232    ......
     233      611 |      $                THETA, WORK(IPHI), 0, 1, V1T, LDV1T, 
            U2, LDU2, U1,
     234          |                             1
  >> 235    Error: Type mismatch between actual argument at (1) and actual argu
            ment at (2) (REAL(4)/INTEGER(4)).
     236    sorcsd2by1.f:641:23:
     237    
     238      416 |             CALL SORBDB4( M, P, Q, X11, LDX11, X21, LDX21, 
            THETA, 0, 0,
     239          |                                                            
                  2
     240    ......
     241      641 |      $                 WORK(IPHI), WORK(ITAUP1), WORK(ITAUP
            2),
     242          |                       1
  >> 243    Error: Type mismatch between actual argument at (1) and actual argu
            ment at (2) (REAL(4)/INTEGER(4)).
     244    sorcsd2by1.f:654:46:
     245    
     246      350 |                CALL SORGQR( P, P, Q, U1, LDU1, 0, WORK(1), 
            -1,
     247          |                                               2
     248    ......
     249      654 |             CALL SORGQR( P, P, M-Q, U1, LDU1, WORK(ITAUP1),
     250          |                                              1
  >> 251    Error: Type mismatch between actual argument at (1) and actual argu
            ment at (2) (REAL(4)/INTEGER(4)).
     252    sorcsd2by1.f:664:50:
     253    
     254      350 |                CALL SORGQR( P, P, Q, U1, LDU1, 0, WORK(1), 
            -1,
     255          |                                               2
     256    ......
     257      664 |             CALL SORGQR( M-P, M-P, M-Q, U2, LDU2, WORK(ITAU
            P2),
     258          |                                                  1
  >> 259    Error: Type mismatch between actual argument at (1) and actual argu
            ment at (2) (REAL(4)/INTEGER(4)).
     260    sorcsd2by1.f:673:46:
     261    
     262      361 |      $                   0, WORK(1), -1, CHILDINFO )
     263          |                         2
     264    ......
     265      673 |             CALL SORGLQ( Q, Q, Q, V1T, LDV1T, WORK(ITAUQ1),
     266          |                                              1
  >> 267    Error: Type mismatch between actual argument at (1) and actual argu
            ment at (2) (REAL(4)/INTEGER(4)).
     268    sorcsd2by1.f:680:29:
     269    
     270      365 |      $                   0, U1, LDU1, U2, LDU2, V1T, LDV1T,
             0, 1, 0, 0,
     271          |                         2
     272    ......
     273      680 |      $                THETA, WORK(IPHI), U2, LDU2, U1, LDU1
            , 0, 1, V1T,
     274          |                             1
  >> 275    Error: Type mismatch between actual argument at (1) and actual argu
            ment at (2) (REAL(4)/INTEGER(4)).
  >> 276    make[2]: *** [sorcsd2by1.o] Error 1
     277    make[2]: Leaving directory `/tmp/sochat1/spack-stage/spack-stage-op
            enblas-0.2.16-yhnqacqy2ipmez3a6biqhs5du67jtlml/spack-src/lapack-net
            lib/SRC'
  >> 278    make[1]: *** [lapacklib] Error 2
     279    make[1]: Leaving directory `/tmp/sochat1/spack-stage/spack-stage-op
            enblas-0.2.16-yhnqacqy2ipmez3a6biqhs5du67jtlml/spack-src/lapack-net
            lib'
  >> 280    make: *** [netlib] Error 2

See build log for details:
  /var/tmp/sochat1/spack-stage/spack-stage-openblas-0.2.16-yhnqacqy2ipmez3a6biqhs5du67jtlml/spack-build-out.txt

==> Error: ProcessError: Command exited with status 2:
    'make' 'CC=/p/vast1/build/spack/lib/spack/env/gcc/gcc' 'FC=/p/vast1/build/spack/lib/spack/env/gcc/gfortran' 'MAKE_NO_J=1' 'TARGET=HASWELL' 'USE_OPENMP=0' 'USE_THREAD=0' 'libs' 'netlib' 'shared'

26 errors found in build log:
     95     
     96       366 |      $                   0, U1, LDU1, U2, LDU2, V1T, LDV1T,
             0, 1, 0, 0,
     97           |                                      2
     98     ......
     99       389 |      $                   0, V1T, LDV1T, 0, 1, U1, LDU1, U2,
             LDU2, 0, 0,
     100          |                                        1
  >> 101    Error: Type mismatch between actual argument at (1) and actual argu
            ment at (2) (INTEGER(4)/REAL(4)).
     102    sorcsd2by1.f:412:35:
     103    
     104      366 |      $                   0, U1, LDU1, U2, LDU2, V1T, LDV1T,
             0, 1, 0, 0,
     105          |                            2
     106    ......
     107      412 |      $                   THETA, 0, 0, 1, V1T, LDV1T, U2, LD
            U2, U1, LDU1,
     108          |                                   1
  >> 109    Error: Type mismatch between actual argument at (1) and actual argu
            ment at (2) (INTEGER(4)/REAL(4)).
     110    sorcsd2by1.f:436:55:
     111    
     112      366 |      $                   0, U1, LDU1, U2, LDU2, V1T, LDV1T,
             0, 1, 0, 0,
     113          |                                                2
     114    ......
     115      436 |      $                   THETA, 0, U2, LDU2, U1, LDU1, 0, 1
            , V1T, LDV1T,
     116          |                                                       1
  >> 117    Error: Type mismatch between actual argument at (1) and actual argu
            ment at (2) (INTEGER(4)/REAL(4)).
     118    sorcsd2by1.f:473:23:
     119    
     120      347 |             CALL SORBDB1( M, P, Q, X11, LDX11, X21, LDX21, 
            THETA, 0, 0,
     121          |                                                            
                  2
     122    ......
     123      473 |      $                 WORK(IPHI), WORK(ITAUP1), WORK(ITAUP
            2),
     124          |                       1
  >> 125    Error: Type mismatch between actual argument at (1) and actual argu
            ment at (2) (REAL(4)/INTEGER(4)).
     126    sorcsd2by1.f:480:44:
     127    
     128      351 |                CALL SORGQR( P, P, Q, U1, LDU1, 0, WORK(1), 
            -1,
     129          |                                               2
     130    ......
     131      480 |             CALL SORGQR( P, P, Q, U1, LDU1, WORK(ITAUP1), W
            ORK(IORGQR),
     132          |                                            1
  >> 133    Error: Type mismatch between actual argument at (1) and actual argu
            ment at (2) (REAL(4)/INTEGER(4)).
     134    sorcsd2by1.f:485:48:
     135    
     136      351 |                CALL SORGQR( P, P, Q, U1, LDU1, 0, WORK(1), 
            -1,
     137          |                                               2
     138    ......
     139      485 |             CALL SORGQR( M-P, M-P, Q, U2, LDU2, WORK(ITAUP2
            ),
     140          |                                                1
  >> 141    Error: Type mismatch between actual argument at (1) and actual argu
            ment at (2) (REAL(4)/INTEGER(4)).
     142    sorcsd2by1.f:496:57:
     143    
     144      362 |      $                   0, WORK(1), -1, CHILDINFO )
     145          |                         2
     146    ......
     147      496 |             CALL SORGLQ( Q-1, Q-1, Q-1, V1T(2,2), LDV1T, WO
            RK(ITAUQ1),
     148          |                                                         1
  >> 149    Error: Type mismatch between actual argument at (1) and actual argu
            ment at (2) (REAL(4)/INTEGER(4)).
     150    sorcsd2by1.f:503:22:
     151    
     152      366 |      $                   0, U1, LDU1, U2, LDU2, V1T, LDV1T,
             0, 1, 0, 0,
     153          |                         2
     154    ......
     155      503 |      $                WORK(IPHI), U1, LDU1, U2, LDU2, V1T, 
            LDV1T, 0, 1,
     156          |                      1
  >> 157    Error: Type mismatch between actual argument at (1) and actual argu
            ment at (2) (REAL(4)/INTEGER(4)).
     158    sorcsd2by1.f:528:23:
     159    
     160      370 |             CALL SORBDB2( M, P, Q, X11, LDX11, X21, LDX21, 
            THETA, 0, 0,
     161          |                                                            
                  2
     162    ......
     163      528 |      $                 WORK(IPHI), WORK(ITAUP1), WORK(ITAUP
            2),
     164          |                       1
  >> 165    Error: Type mismatch between actual argument at (1) and actual argu
            ment at (2) (REAL(4)/INTEGER(4)).
     166    sorcsd2by1.f:540:55:
     167    
     168      351 |                CALL SORGQR( P, P, Q, U1, LDU1, 0, WORK(1), 
            -1,
     169          |                                               2
     170    ......
     171      540 |             CALL SORGQR( P-1, P-1, P-1, U1(2,2), LDU1, WORK
            (ITAUP1),
     172          |                                                       1
  >> 173    Error: Type mismatch between actual argument at (1) and actual argu
            ment at (2) (REAL(4)/INTEGER(4)).
     174    sorcsd2by1.f:545:48:
     175    
     176      351 |                CALL SORGQR( P, P, Q, U1, LDU1, 0, WORK(1), 
            -1,
     177          |                                               2
     178    ......
     179      545 |             CALL SORGQR( M-P, M-P, Q, U2, LDU2, WORK(ITAUP2
            ),
     180          |                                                1
  >> 181    Error: Type mismatch between actual argument at (1) and actual argu
            ment at (2) (REAL(4)/INTEGER(4)).
     182    sorcsd2by1.f:550:46:
     183    
     184      362 |      $                   0, WORK(1), -1, CHILDINFO )
     185          |                         2
     186    ......
     187      550 |             CALL SORGLQ( Q, Q, R, V1T, LDV1T, WORK(ITAUQ1),
     188          |                                              1
  >> 189    Error: Type mismatch between actual argument at (1) and actual argu
            ment at (2) (REAL(4)/INTEGER(4)).
     190    sorcsd2by1.f:557:22:
     191    
     192      366 |      $                   0, U1, LDU1, U2, LDU2, V1T, LDV1T,
             0, 1, 0, 0,
     193          |                         2
     194    ......
     195      557 |      $                WORK(IPHI), V1T, LDV1T, 0, 1, U1, LDU
            1, U2, LDU2,
     196          |                      1
  >> 197    Error: Type mismatch between actual argument at (1) and actual argu
            ment at (2) (REAL(4)/INTEGER(4)).
     198    sorcsd2by1.f:582:23:
     199    
     200      393 |             CALL SORBDB3( M, P, Q, X11, LDX11, X21, LDX21, 
            THETA, 0, 0,
     201          |                                                            
                  2
     202    ......
     203      582 |      $                 WORK(IPHI), WORK(ITAUP1), WORK(ITAUP
            2),
     204          |                       1
  >> 205    Error: Type mismatch between actual argument at (1) and actual argu
            ment at (2) (REAL(4)/INTEGER(4)).
     206    sorcsd2by1.f:589:44:
     207    
     208      351 |                CALL SORGQR( P, P, Q, U1, LDU1, 0, WORK(1), 
            -1,
     209          |                                               2
     210    ......
     211      589 |             CALL SORGQR( P, P, Q, U1, LDU1, WORK(ITAUP1), W
            ORK(IORGQR),
     212          |                                            1
  >> 213    Error: Type mismatch between actual argument at (1) and actual argu
            ment at (2) (REAL(4)/INTEGER(4)).
     214    sorcsd2by1.f:601:25:
     215    
     216      351 |                CALL SORGQR( P, P, Q, U1, LDU1, 0, WORK(1), 
            -1,
     217          |                                               2
     218    ......
     219      601 |      $                   WORK(ITAUP2), WORK(IORGQR), LORGQR
            , CHILDINFO )
     220          |                         1
  >> 221    Error: Type mismatch between actual argument at (1) and actual argu
            ment at (2) (REAL(4)/INTEGER(4)).
     222    sorcsd2by1.f:605:46:
     223    
     224      362 |      $                   0, WORK(1), -1, CHILDINFO )
     225          |                         2
     226    ......
     227      605 |             CALL SORGLQ( Q, Q, R, V1T, LDV1T, WORK(ITAUQ1),
     228          |                                              1
  >> 229    Error: Type mismatch between actual argument at (1) and actual argu
            ment at (2) (REAL(4)/INTEGER(4)).
     230    sorcsd2by1.f:612:29:
     231    
     232      366 |      $                   0, U1, LDU1, U2, LDU2, V1T, LDV1T,
             0, 1, 0, 0,
     233          |                         2
     234    ......
     235      612 |      $                THETA, WORK(IPHI), 0, 1, V1T, LDV1T, 
            U2, LDU2, U1,
     236          |                             1
  >> 237    Error: Type mismatch between actual argument at (1) and actual argu
            ment at (2) (REAL(4)/INTEGER(4)).
     238    sorcsd2by1.f:642:23:
     239    
     240      417 |             CALL SORBDB4( M, P, Q, X11, LDX11, X21, LDX21, 
            THETA, 0, 0,
     241          |                                                            
                  2
     242    ......
     243      642 |      $                 WORK(IPHI), WORK(ITAUP1), WORK(ITAUP
            2),
     244          |                       1
  >> 245    Error: Type mismatch between actual argument at (1) and actual argu
            ment at (2) (REAL(4)/INTEGER(4)).
     246    sorcsd2by1.f:655:46:
     247    
     248      351 |                CALL SORGQR( P, P, Q, U1, LDU1, 0, WORK(1), 
            -1,
     249          |                                               2
     250    ......
     251      655 |             CALL SORGQR( P, P, M-Q, U1, LDU1, WORK(ITAUP1),
     252          |                                              1
  >> 253    Error: Type mismatch between actual argument at (1) and actual argu
            ment at (2) (REAL(4)/INTEGER(4)).
     254    sorcsd2by1.f:665:50:
     255    
     256      351 |                CALL SORGQR( P, P, Q, U1, LDU1, 0, WORK(1), 
            -1,
     257          |                                               2
     258    ......
     259      665 |             CALL SORGQR( M-P, M-P, M-Q, U2, LDU2, WORK(ITAU
            P2),
     260          |                                                  1
  >> 261    Error: Type mismatch between actual argument at (1) and actual argu
            ment at (2) (REAL(4)/INTEGER(4)).
     262    /p/vast1/build/spack/lib/spack/env/gcc/gfortran -O2 -Wall -m64 -fPI
            C -c dgesdd.f -o dgesdd.o
     263    sorcsd2by1.f:674:46:
     264    
     265      362 |      $                   0, WORK(1), -1, CHILDINFO )
     266          |                         2
     267    ......
     268      674 |             CALL SORGLQ( Q, Q, Q, V1T, LDV1T, WORK(ITAUQ1),
     269          |                                              1
  >> 270    Error: Type mismatch between actual argument at (1) and actual argu
            ment at (2) (REAL(4)/INTEGER(4)).
     271    sorcsd2by1.f:681:29:
     272    
     273      366 |      $                   0, U1, LDU1, U2, LDU2, V1T, LDV1T,
             0, 1, 0, 0,
     274          |                         2
     275    ......
     276      681 |      $                THETA, WORK(IPHI), U2, LDU2, U1, LDU1
            , 0, 1, V1T,
     277          |                             1
  >> 278    Error: Type mismatch between actual argument at (1) and actual argu
            ment at (2) (REAL(4)/INTEGER(4)).
  >> 279    make[2]: *** [sorcsd2by1.o] Error 1
     280    make[2]: *** Waiting for unfinished jobs....
     281    dgerqf.f:247:0:
     282    
     283      247 |             IB = MIN( K-I+1, NB )
     284          |
     285    Warning: 'nb' may be used uninitialized in this function [-Wmaybe-u
            ninitialized]

     ...

     301    dgesdd.f:892:0:
     302    
     303      892 |                IF( LWORK.GE.M*N+3*N+BDSPAC ) THEN
     304          |
     305    Warning: 'bdspac' may be used uninitialized in this function [-Wmay
            be-uninitialized]
     306    make[2]: Leaving directory `/tmp/sochat1/spack-stage/spack-stage-op
            enblas-0.2.15-v3lxndobuxrhunbkbuhzvqhbumk4jame/spack-src/lapack-net
            lib/SRC'
  >> 307    make[1]: *** [lapacklib] Error 2
     308    make[1]: Leaving directory `/tmp/sochat1/spack-stage/spack-stage-op
            enblas-0.2.15-v3lxndobuxrhunbkbuhzvqhbumk4jame/spack-src/lapack-net
            lib'
  >> 309    make: *** [netlib] Error 2

See build log for details:
  /var/tmp/sochat1/spack-stage/spack-stage-openblas-0.2.15-v3lxndobuxrhunbkbuhzvqhbumk4jame/spack-build-out.txt

Making predictions for symbolator
Making predictions for libabigail
Making predictions for actual
/var/spool/slurmd/job100508/slurm_script: line 12: 44028 Killed                  spliced splice --package hypre@2.18.1 --splice openblas --runner spack --replace openblas --experiment experiment --outfile /p/vast1/build/spliced-experiment/results/hypre/2.18.1/openblas/experiment.json
==> Warning: Missing a source id for openblas@develop
==> Error: Failed to upgrade to a write lock for openblas-0.3.3-5azsjzpnupoiiluag7bg6vcwsfxfy5xo due to LockUpgradeError: Cannot upgrade lock from read to write on file: /p/vast1/build/spack/opt/spack/.spack-db/prefix_lock
==> Warning: AssertionError exception when releasing read lock for openblas-0.3.3-5azsjzpnupoiiluag7bg6vcwsfxfy5xo: 
==> Warning: openblas-0.3.2-zoeklqzbjjfazmsynrgi5ip43uycbdcf failed to install
==> Warning: AssertionError exception when releasing read lock for openblas-0.3.2-zoeklqzbjjfazmsynrgi5ip43uycbdcf: 
==> Error: openblas-0.3.2-zoeklqzbjjfazmsynrgi5ip43uycbdcf: Package was not installed
==> Warning: openblas-0.3.1-6ahkovd4z2d3xhev6ba3jgr7natgq2c3 failed to install
==> Warning: AssertionError exception when releasing read lock for openblas-0.3.1-6ahkovd4z2d3xhev6ba3jgr7natgq2c3: 
==> Error: openblas-0.3.1-6ahkovd4z2d3xhev6ba3jgr7natgq2c3: Package was not installed
==> Warning: openblas-0.3.0-7kvu2zss36ancm7c2jse2dnzhlpdgwze failed to install
==> Warning: AssertionError exception when releasing read lock for openblas-0.3.0-7kvu2zss36ancm7c2jse2dnzhlpdgwze: 
==> Error: openblas-0.3.0-7kvu2zss36ancm7c2jse2dnzhlpdgwze: Package was not installed
==> Warning: openblas-0.2.19-gnnxdhop3nk3baqqhkdaigwjuh62ncir failed to install
==> Warning: AssertionError exception when releasing read lock for openblas-0.2.19-gnnxdhop3nk3baqqhkdaigwjuh62ncir: 
==> Error: openblas-0.2.19-gnnxdhop3nk3baqqhkdaigwjuh62ncir: Package was not installed
==> Warning: openblas-0.2.18-yidpq3fwlkztu5dl5hbjjgj7bskpjbpv failed to install
==> Warning: AssertionError exception when releasing read lock for openblas-0.2.18-yidpq3fwlkztu5dl5hbjjgj7bskpjbpv: 
==> Error: openblas-0.2.18-yidpq3fwlkztu5dl5hbjjgj7bskpjbpv: Package was not installed
==> Warning: openblas-0.2.17-v7y7naztgn7ktcnz65vqbk6nj666v66m failed to install
==> Warning: AssertionError exception when releasing read lock for openblas-0.2.17-v7y7naztgn7ktcnz65vqbk6nj666v66m: 
==> Error: openblas-0.2.17-v7y7naztgn7ktcnz65vqbk6nj666v66m: Package was not installed
==> Warning: openblas-0.2.16-yhnqacqy2ipmez3a6biqhs5du67jtlml failed to install
==> Warning: AssertionError exception when releasing read lock for openblas-0.2.16-yhnqacqy2ipmez3a6biqhs5du67jtlml: 
==> Error: openblas-0.2.16-yhnqacqy2ipmez3a6biqhs5du67jtlml: Package was not installed
==> Error: ProcessError: Command exited with status 2:
    'make' 'CC=/p/vast1/build/spack/lib/spack/env/gcc/gcc' 'FC=/p/vast1/build/spack/lib/spack/env/gcc/gfortran' 'MAKE_NO_J=1' 'TARGET=HASWELL' 'USE_OPENMP=0' 'USE_THREAD=0' 'libs' 'netlib' 'shared'

26 errors found in build log:
     4382    
     4383      366 |      $                   0, U1, LDU1, U2, LDU2, V1T, LDV1T
             , 0, 1, 0, 0,
     4384          |                                      2
     4385    ......
     4386      389 |      $                   0, V1T, LDV1T, 0, 1, U1, LDU1, U2
             , LDU2, 0, 0,
     4387          |                                        1
  >> 4388    Error: Type mismatch between actual argument at (1) and actual arg
             ument at (2) (INTEGER(4)/REAL(4)).
     4389    sorcsd2by1.f:412:35:
     4390    
     4391      366 |      $                   0, U1, LDU1, U2, LDU2, V1T, LDV1T
             , 0, 1, 0, 0,
     4392          |                            2
     4393    ......
     4394      412 |      $                   THETA, 0, 0, 1, V1T, LDV1T, U2, L
             DU2, U1, LDU1,
     4395          |                                   1
  >> 4396    Error: Type mismatch between actual argument at (1) and actual arg
             ument at (2) (INTEGER(4)/REAL(4)).
     4397    sorcsd2by1.f:436:55:
     4398    
     4399      366 |      $                   0, U1, LDU1, U2, LDU2, V1T, LDV1T
             , 0, 1, 0, 0,
     4400          |                                                2
     4401    ......
     4402      436 |      $                   THETA, 0, U2, LDU2, U1, LDU1, 0, 
             1, V1T, LDV1T,
     4403          |                                                       1
  >> 4404    Error: Type mismatch between actual argument at (1) and actual arg
             ument at (2) (INTEGER(4)/REAL(4)).
     4405    sorcsd2by1.f:473:23:
     4406    
     4407      347 |             CALL SORBDB1( M, P, Q, X11, LDX11, X21, LDX21,
              THETA, 0, 0,
     4408          |                                                           
                    2
     4409    ......
     4410      473 |      $                 WORK(IPHI), WORK(ITAUP1), WORK(ITAU
             P2),
     4411          |                       1
  >> 4412    Error: Type mismatch between actual argument at (1) and actual arg
             ument at (2) (REAL(4)/INTEGER(4)).
     4413    sorcsd2by1.f:480:44:
     4414    
     4415      351 |                CALL SORGQR( P, P, Q, U1, LDU1, 0, WORK(1),
              -1,
     4416          |                                               2
     4417    ......
     4418      480 |             CALL SORGQR( P, P, Q, U1, LDU1, WORK(ITAUP1), 
             WORK(IORGQR),
     4419          |                                            1
  >> 4420    Error: Type mismatch between actual argument at (1) and actual arg
             ument at (2) (REAL(4)/INTEGER(4)).
     4421    sorcsd2by1.f:485:48:
     4422    
     4423      351 |                CALL SORGQR( P, P, Q, U1, LDU1, 0, WORK(1),
              -1,
     4424          |                                               2
     4425    ......
     4426      485 |             CALL SORGQR( M-P, M-P, Q, U2, LDU2, WORK(ITAUP
             2),
     4427          |                                                1
  >> 4428    Error: Type mismatch between actual argument at (1) and actual arg
             ument at (2) (REAL(4)/INTEGER(4)).
     4429    sorcsd2by1.f:496:57:
     4430    
     4431      362 |      $                   0, WORK(1), -1, CHILDINFO )
     4432          |                         2
     4433    ......
     4434      496 |             CALL SORGLQ( Q-1, Q-1, Q-1, V1T(2,2), LDV1T, W
             ORK(ITAUQ1),
     4435          |                                                         1
  >> 4436    Error: Type mismatch between actual argument at (1) and actual arg
             ument at (2) (REAL(4)/INTEGER(4)).
     4437    sorcsd2by1.f:503:22:
     4438    
     4439      366 |      $                   0, U1, LDU1, U2, LDU2, V1T, LDV1T
             , 0, 1, 0, 0,
     4440          |                         2
     4441    ......
     4442      503 |      $                WORK(IPHI), U1, LDU1, U2, LDU2, V1T,
              LDV1T, 0, 1,
     4443          |                      1
  >> 4444    Error: Type mismatch between actual argument at (1) and actual arg
             ument at (2) (REAL(4)/INTEGER(4)).
     4445    sorcsd2by1.f:528:23:
     4446    
     4447      370 |             CALL SORBDB2( M, P, Q, X11, LDX11, X21, LDX21,
              THETA, 0, 0,
     4448          |                                                           
                    2
     4449    ......
     4450      528 |      $                 WORK(IPHI), WORK(ITAUP1), WORK(ITAU
             P2),
     4451          |                       1
  >> 4452    Error: Type mismatch between actual argument at (1) and actual arg
             ument at (2) (REAL(4)/INTEGER(4)).
     4453    sorcsd2by1.f:540:55:
     4454    
     4455      351 |                CALL SORGQR( P, P, Q, U1, LDU1, 0, WORK(1),
              -1,
     4456          |                                               2
     4457    ......
     4458      540 |             CALL SORGQR( P-1, P-1, P-1, U1(2,2), LDU1, WOR
             K(ITAUP1),
     4459          |                                                       1
  >> 4460    Error: Type mismatch between actual argument at (1) and actual arg
             ument at (2) (REAL(4)/INTEGER(4)).
     4461    sorcsd2by1.f:545:48:
     4462    
     4463      351 |                CALL SORGQR( P, P, Q, U1, LDU1, 0, WORK(1),
              -1,
     4464          |                                               2
     4465    ......
     4466      545 |             CALL SORGQR( M-P, M-P, Q, U2, LDU2, WORK(ITAUP
             2),
     4467          |                                                1
  >> 4468    Error: Type mismatch between actual argument at (1) and actual arg
             ument at (2) (REAL(4)/INTEGER(4)).
     4469    sorcsd2by1.f:550:46:
     4470    
     4471      362 |      $                   0, WORK(1), -1, CHILDINFO )
     4472          |                         2
     4473    ......
     4474      550 |             CALL SORGLQ( Q, Q, R, V1T, LDV1T, WORK(ITAUQ1)
             ,
     4475          |                                              1
  >> 4476    Error: Type mismatch between actual argument at (1) and actual arg
             ument at (2) (REAL(4)/INTEGER(4)).
     4477    sorcsd2by1.f:557:22:
     4478    
     4479      366 |      $                   0, U1, LDU1, U2, LDU2, V1T, LDV1T
             , 0, 1, 0, 0,
     4480          |                         2
     4481    ......
     4482      557 |      $                WORK(IPHI), V1T, LDV1T, 0, 1, U1, LD
             U1, U2, LDU2,
     4483          |                      1
  >> 4484    Error: Type mismatch between actual argument at (1) and actual arg
             ument at (2) (REAL(4)/INTEGER(4)).
     4485    sorcsd2by1.f:582:23:
     4486    
     4487      393 |             CALL SORBDB3( M, P, Q, X11, LDX11, X21, LDX21,
              THETA, 0, 0,
     4488          |                                                           
                    2
     4489    ......
     4490      582 |      $                 WORK(IPHI), WORK(ITAUP1), WORK(ITAU
             P2),
     4491          |                       1
  >> 4492    Error: Type mismatch between actual argument at (1) and actual arg
             ument at (2) (REAL(4)/INTEGER(4)).
     4493    sorcsd2by1.f:589:44:
     4494    
     4495      351 |                CALL SORGQR( P, P, Q, U1, LDU1, 0, WORK(1),
              -1,
     4496          |                                               2
     4497    ......
     4498      589 |             CALL SORGQR( P, P, Q, U1, LDU1, WORK(ITAUP1), 
             WORK(IORGQR),
     4499          |                                            1
  >> 4500    Error: Type mismatch between actual argument at (1) and actual arg
             ument at (2) (REAL(4)/INTEGER(4)).
     4501    sorcsd2by1.f:601:25:
     4502    
     4503      351 |                CALL SORGQR( P, P, Q, U1, LDU1, 0, WORK(1),
              -1,
     4504          |                                               2
     4505    ......
     4506      601 |      $                   WORK(ITAUP2), WORK(IORGQR), LORGQ
             R, CHILDINFO )
     4507          |                         1
  >> 4508    Error: Type mismatch between actual argument at (1) and actual arg
             ument at (2) (REAL(4)/INTEGER(4)).
     4509    sorcsd2by1.f:605:46:
     4510    
     4511      362 |      $                   0, WORK(1), -1, CHILDINFO )
     4512          |                         2
     4513    ......
     4514      605 |             CALL SORGLQ( Q, Q, R, V1T, LDV1T, WORK(ITAUQ1)
             ,
     4515          |                                              1
  >> 4516    Error: Type mismatch between actual argument at (1) and actual arg
             ument at (2) (REAL(4)/INTEGER(4)).
     4517    sorcsd2by1.f:612:29:
     4518    
     4519      366 |      $                   0, U1, LDU1, U2, LDU2, V1T, LDV1T
             , 0, 1, 0, 0,
     4520          |                         2
     4521    ......
     4522      612 |      $                THETA, WORK(IPHI), 0, 1, V1T, LDV1T,
              U2, LDU2, U1,
     4523          |                             1
  >> 4524    Error: Type mismatch between actual argument at (1) and actual arg
             ument at (2) (REAL(4)/INTEGER(4)).
     4525    sorcsd2by1.f:642:23:
     4526    
     4527      417 |             CALL SORBDB4( M, P, Q, X11, LDX11, X21, LDX21,
              THETA, 0, 0,
     4528          |                                                           
                    2
     4529    ......
     4530      642 |      $                 WORK(IPHI), WORK(ITAUP1), WORK(ITAU
             P2),
     4531          |                       1
  >> 4532    Error: Type mismatch between actual argument at (1) and actual arg
             ument at (2) (REAL(4)/INTEGER(4)).
     4533    sorcsd2by1.f:655:46:
     4534    
     4535      351 |                CALL SORGQR( P, P, Q, U1, LDU1, 0, WORK(1),
              -1,
     4536          |                                               2
     4537    ......
     4538      655 |             CALL SORGQR( P, P, M-Q, U1, LDU1, WORK(ITAUP1)
             ,
     4539          |                                              1
  >> 4540    Error: Type mismatch between actual argument at (1) and actual arg
             ument at (2) (REAL(4)/INTEGER(4)).
     4541    sorcsd2by1.f:665:50:
     4542    
     4543      351 |                CALL SORGQR( P, P, Q, U1, LDU1, 0, WORK(1),
              -1,
     4544          |                                               2
     4545    ......
     4546      665 |             CALL SORGQR( M-P, M-P, M-Q, U2, LDU2, WORK(ITA
             UP2),
     4547          |                                                  1
  >> 4548    Error: Type mismatch between actual argument at (1) and actual arg
             ument at (2) (REAL(4)/INTEGER(4)).
     4549    sorcsd2by1.f:674:46:
     4550    
     4551      362 |      $                   0, WORK(1), -1, CHILDINFO )
     4552          |                         2
     4553    ......
     4554      674 |             CALL SORGLQ( Q, Q, Q, V1T, LDV1T, WORK(ITAUQ1)
             ,
     4555          |                                              1
  >> 4556    Error: Type mismatch between actual argument at (1) and actual arg
             ument at (2) (REAL(4)/INTEGER(4)).
     4557    sorcsd2by1.f:681:29:
     4558    
     4559      366 |      $                   0, U1, LDU1, U2, LDU2, V1T, LDV1T
             , 0, 1, 0, 0,
     4560          |                         2
     4561    ......
     4562      681 |      $                THETA, WORK(IPHI), U2, LDU2, U1, LDU
             1, 0, 1, V1T,
     4563          |                             1
  >> 4564    Error: Type mismatch between actual argument at (1) and actual arg
             ument at (2) (REAL(4)/INTEGER(4)).
  >> 4565    make[2]: *** [sorcsd2by1.o] Error 1
     4566    make[2]: *** Waiting for unfinished jobs....
     4567    stgsyl.f:606:0:
     4568    
     4569      606 |                SCALE = SCALE2
     4570          |
     4571    Warning: 'scale2' may be used uninitialized in this function [-Wma
             ybe-uninitialized]

     ...

     4657    stgevc.f:1145:15:
     4658    
     4659     1145 |             IF( ILBACK ) THEN
     4660          |               ^
     4661    Warning: 'ilback' may be used uninitialized in this function [-Wma
             ybe-uninitialized]
     4662    make[2]: Leaving directory `/tmp/sochat1/spack-stage/spack-stage-o
             penblas-0.2.15-v3lxndobuxrhunbkbuhzvqhbumk4jame/spack-src/lapack-n
             etlib/SRC'
  >> 4663    make[1]: *** [lapacklib] Error 2
     4664    make[1]: Leaving directory `/tmp/sochat1/spack-stage/spack-stage-o
             penblas-0.2.15-v3lxndobuxrhunbkbuhzvqhbumk4jame/spack-src/lapack-n
             etlib'
  >> 4665    make: *** [netlib] Error 2

See build log for details:
  /var/tmp/sochat1/spack-stage/spack-stage-openblas-0.2.15-v3lxndobuxrhunbkbuhzvqhbumk4jame/spack-build-out.txt

Making predictions for spack-test
Making predictions for symbolator
Making predictions for libabigail
abicompat not found on path, will look for spack instead.
Making predictions for actual
