==> Warning: Missing a source id for bolt@main
==> Warning: Missing a source id for libtool@develop
==> Warning: Missing a source id for bolt@main
==> Warning: Missing a source id for bolt@main
==> Warning: using "libtool@2.4.2" which is a deprecated version
==> Warning: libtool-2.4.2-6z7ktc2xzhjajiufed4dxux5qiavbakm failed to install
==> Error: libtool-2.4.2-6z7ktc2xzhjajiufed4dxux5qiavbakm: Package was not installed
Making predictions for symbolator
Making predictions for libabigail
Making predictions for actual
/var/spool/slurmd/job99986/slurm_script: line 12: 30924 Killed                  spliced splice --package bolt@main --splice libtool --runner spack --replace libtool --experiment experiment --outfile /p/vast1/build/spliced-experiment/results/bolt/main/libtool/experiment.json
==> Warning: Missing a source id for bolt@main
==> Warning: Missing a source id for libtool@develop
==> Warning: Missing a source id for bolt@main
==> Warning: Missing a source id for bolt@main
==> Warning: using "libtool@2.4.2" which is a deprecated version
==> Warning: libtool-2.4.2-6z7ktc2xzhjajiufed4dxux5qiavbakm failed to install
==> Warning: AssertionError exception when releasing read lock for libtool-2.4.2-6z7ktc2xzhjajiufed4dxux5qiavbakm: 
==> Error: libtool-2.4.2-6z7ktc2xzhjajiufed4dxux5qiavbakm: Package was not installed
Making predictions for spack-test
Making predictions for symbolator
Making predictions for libabigail
abicompat not found on path, will look for spack instead.
Making predictions for actual
