==> Warning: Missing a source id for bolt@main
==> Warning: Missing a source id for bolt@main
==> Warning: Missing a source id for bolt@main
==> Warning: Missing a source id for bolt@main
==> Warning: Missing a source id for bolt@main
==> Warning: Missing a source id for bolt@main
Making predictions for symbolator
Making predictions for libabigail
Making predictions for actual
/var/spool/slurmd/job99974/slurm_script: line 12: 16720 Killed                  spliced splice --package bolt@main --splice autoconf --runner spack --replace autoconf --experiment experiment --outfile /p/vast1/build/spliced-experiment/results/bolt/main/autoconf/experiment.json
==> Warning: Missing a source id for bolt@main
==> Warning: Missing a source id for bolt@main
==> Warning: Missing a source id for bolt@main
==> Warning: Missing a source id for bolt@main
==> Warning: Missing a source id for bolt@main
==> Warning: Missing a source id for bolt@main
Making predictions for spack-test
Making predictions for symbolator
Making predictions for libabigail
abicompat not found on path, will look for spack instead.
Making predictions for actual
