Concretizing nrm@0.1.0
[+] /p/vast1/build/spack/opt/spack/linux-rhel7-broadwell/gcc-10.2.1/libiconv-1.16-glggocpnh7m2dgmtu4fedhbfeessepbe
[+] /p/vast1/build/spack/opt/spack/linux-rhel7-broadwell/gcc-10.2.1/libmd-1.0.4-rooxnv7z75ill3knhg6bxfttmwxdag6i
[+] /p/vast1/build/spack/opt/spack/linux-rhel7-broadwell/gcc-10.2.1/pkgconf-1.8.0-gp2xp6yplvubgic6eunbnl7emqdq3dye
[+] /p/vast1/build/spack/opt/spack/linux-rhel7-broadwell/gcc-10.2.1/xz-5.2.5-d536jz4ora4tt45q72d2lklqr3dqx34m
[+] /p/vast1/build/spack/opt/spack/linux-rhel7-broadwell/gcc-10.2.1/zlib-1.2.11-su2ldy5ofm424qnly3kitbbdgwovpfk4
[+] /p/vast1/build/spack/opt/spack/linux-rhel7-broadwell/gcc-10.2.1/libffi-3.4.2-7vfnd7a5ankpytut3b4oqhktzrcbabfm
[+] /p/vast1/build/spack/opt/spack/linux-rhel7-broadwell/gcc-10.2.1/berkeley-db-18.1.40-c7okyaricn3s5wx6lqo2exspq6tuninj
==> Installing libsodium-1.0.18-tdd6i4iwxq5mql3cuwnardlk5vjz2ehr
==> No binary for libsodium-1.0.18-tdd6i4iwxq5mql3cuwnardlk5vjz2ehr found: installing from source
==> Fetching https://mirror.spack.io/_source-cache/archive/6f/6f504490b342a4f8a4c4a02fc9b866cbef8622d5df4e5452b46be121e46636c1.tar.gz
==> Ran patch() for libsodium
==> libsodium: Executing phase: 'autoreconf'
==> libsodium: Executing phase: 'configure'
==> libsodium: Executing phase: 'build'
==> libsodium: Executing phase: 'install'
==> libsodium: Successfully installed libsodium-1.0.18-tdd6i4iwxq5mql3cuwnardlk5vjz2ehr
  Fetch: 2.23s.  Build: 1m 42.23s.  Total: 1m 44.46s.
[+] /p/vast1/build/spack/opt/spack/linux-rhel7-broadwell/gcc-10.2.1/libsodium-1.0.18-tdd6i4iwxq5mql3cuwnardlk5vjz2ehr
[+] /p/vast1/build/spack/opt/spack/linux-rhel7-broadwell/gcc-10.2.1/diffutils-3.8-vxb536efq575rjec2zqsyqgsebpspfvs
[+] /p/vast1/build/spack/opt/spack/linux-rhel7-broadwell/gcc-10.2.1/tar-1.34-3g4ty3srw34e6frmd2d2f523hr2pck3g
[+] /p/vast1/build/spack/opt/spack/linux-rhel7-broadwell/gcc-10.2.1/libbsd-0.11.5-yt5rlx2ycq24tyyohhconaxiqgzajzbo
[+] /p/vast1/build/spack/opt/spack/linux-rhel7-broadwell/gcc-10.2.1/util-linux-uuid-2.37.4-26saxoixdjk3763nksg3ajmdzt5gyubu
[+] /p/vast1/build/spack/opt/spack/linux-rhel7-broadwell/gcc-10.2.1/ncurses-6.2-2xef6sx47tqatqlceqguyz3rza5okbhy
[+] /p/vast1/build/spack/opt/spack/linux-rhel7-broadwell/gcc-10.2.1/libxml2-2.9.12-rs3llxgrrh537ywuyzjxyebuzo3gnxpt
[+] /p/vast1/build/spack/opt/spack/linux-rhel7-broadwell/gcc-10.2.1/libyaml-0.2.5-6i24u6vb3p5zhrlg2z2u5yuitds55263
[+] /p/vast1/build/spack/opt/spack/linux-rhel7-broadwell/gcc-10.2.1/bzip2-1.0.8-jmjklgubcyryaddwqvzuvzeiq6zfqmst
[+] /p/vast1/build/spack/opt/spack/linux-rhel7-broadwell/gcc-10.2.1/expat-2.4.6-akiducmoeufix2d6beegvgbj5skm36ul
[+] /p/vast1/build/spack/opt/spack/linux-rhel7-broadwell/gcc-10.2.1/readline-8.1-vfjorqgtmqh3rl5ollaj4n2uusx4foez
[+] /p/vast1/build/spack/opt/spack/linux-rhel7-broadwell/gcc-10.2.1/docbook-xml-4.5-2kwugpxqn27v76eaekas26tepsnb6scm
[+] /p/vast1/build/spack/opt/spack/linux-rhel7-broadwell/gcc-10.2.1/gettext-0.21-zrjvymznliicfcjx4lqkixtjo76ruzmr
[+] /p/vast1/build/spack/opt/spack/linux-rhel7-broadwell/gcc-10.2.1/gdbm-1.19-k5otkqycqsp3sya4vlvqbekdodhy2a2b
[+] /p/vast1/build/spack/opt/spack/linux-rhel7-broadwell/gcc-10.2.1/sqlite-3.37.2-osxyeivy7mdmhjyjwcsm4l7tooho6s2d
[+] /p/vast1/build/spack/opt/spack/linux-rhel7-broadwell/gcc-10.2.1/docbook-xsl-1.79.2-ow62ptowj7uqofx4rtmjv3ankoo5tupw
[+] /p/vast1/build/spack/opt/spack/linux-rhel7-broadwell/gcc-10.2.1/perl-5.34.0-wimaji5zk5vlms3psvdtvmxifnine4nh
==> Installing libzmq-4.3.4-fqtryno4zlelddu3pj4cexkeorwlsxjq
==> No binary for libzmq-4.3.4-fqtryno4zlelddu3pj4cexkeorwlsxjq found: installing from source
==> Fetching https://mirror.spack.io/_source-cache/archive/c5/c593001a89f5a85dd2ddf564805deb860e02471171b3f204944857336295c3e5.tar.gz
==> No patches needed for libzmq
==> libzmq: Executing phase: 'autoreconf'
==> libzmq: Executing phase: 'configure'
==> libzmq: Executing phase: 'build'
==> libzmq: Executing phase: 'install'
==> libzmq: Successfully installed libzmq-4.3.4-fqtryno4zlelddu3pj4cexkeorwlsxjq
  Fetch: 0.38s.  Build: 2m 53.68s.  Total: 2m 54.06s.
[+] /p/vast1/build/spack/opt/spack/linux-rhel7-broadwell/gcc-10.2.1/libzmq-4.3.4-fqtryno4zlelddu3pj4cexkeorwlsxjq
[+] /p/vast1/build/spack/opt/spack/linux-rhel7-broadwell/gcc-10.2.1/openblas-0.3.19-jubz2yn2ui3jzqphbt3w2jyqt2pwvz7f
[+] /p/vast1/build/spack/opt/spack/linux-rhel7-broadwell/gcc-10.2.1/openssl-1.1.1m-momhhzpwxq3fzqnlqbabquoitiq5d6q6
[+] /p/vast1/build/spack/opt/spack/linux-rhel7-broadwell/gcc-10.2.1/cmake-3.22.2-7oku4yd37mfoi65gi3alunjbl35euphw
[+] /p/vast1/build/spack/opt/spack/linux-rhel7-broadwell/gcc-10.2.1/python-3.8.12-mk6fh4mmk44yg56krxkvawwx2327d7jx
[+] /p/vast1/build/spack/opt/spack/linux-rhel7-broadwell/gcc-10.2.1/py-pip-21.3.1-menmuyltkndtenynqll6oem723xpo6mx
[+] /p/vast1/build/spack/opt/spack/linux-rhel7-broadwell/gcc-10.2.1/py-wheel-0.37.0-e4mt6fe7jkzuvfwhhqf4wbrcychvlmr4
[+] /p/vast1/build/spack/opt/spack/linux-rhel7-broadwell/gcc-10.2.1/py-tomli-1.2.2-llbknnyigx26sawharhph35n23vieyrg
[+] /p/vast1/build/spack/opt/spack/linux-rhel7-broadwell/gcc-10.2.1/py-setuptools-59.4.0-hsdjhjl4tss6r4karycay4bn3det7ybb
==> Installing py-pybind11-2.8.1-hslz64qalhnffrtqvci64l5eujhrhsdo
==> No binary for py-pybind11-2.8.1-hslz64qalhnffrtqvci64l5eujhrhsdo found: installing from source
==> Fetching https://mirror.spack.io/_source-cache/archive/f1/f1bcc07caa568eb312411dde5308b1e250bd0e1bc020fae855bf9f43209940cc.tar.gz
==> No patches needed for py-pybind11
==> py-pybind11: Executing phase: 'cmake'
==> py-pybind11: Executing phase: 'build'
==> py-pybind11: Executing phase: 'install'
==> py-pybind11: Successfully installed py-pybind11-2.8.1-hslz64qalhnffrtqvci64l5eujhrhsdo
  Fetch: 1.92s.  Build: 6.34s.  Total: 8.26s.
[+] /p/vast1/build/spack/opt/spack/linux-rhel7-broadwell/gcc-10.2.1/py-pybind11-2.8.1-hslz64qalhnffrtqvci64l5eujhrhsdo
[+] /p/vast1/build/spack/opt/spack/linux-rhel7-broadwell/gcc-10.2.1/py-pyparsing-3.0.6-gd5zopl32pfw2thg23l6zlyzoickphv6
[+] /p/vast1/build/spack/opt/spack/linux-rhel7-broadwell/gcc-10.2.1/py-tornado-5.1.1-vpkyfcji5qdex7cktimlailkq7uy4ukx
==> Installing py-ply-3.11-kto5wx5qp2bzqlfi2mz3fsm6ikn5uyzi
==> No binary for py-ply-3.11-kto5wx5qp2bzqlfi2mz3fsm6ikn5uyzi found: installing from source
==> Fetching https://mirror.spack.io/_source-cache/archive/00/00c7c1aaa88358b9c765b6d3000c6eec0ba42abca5351b095321aef446081da3.tar.gz
==> No patches needed for py-ply
==> py-ply: Executing phase: 'install'
==> py-ply: Successfully installed py-ply-3.11-kto5wx5qp2bzqlfi2mz3fsm6ikn5uyzi
  Fetch: 0.27s.  Build: 3.31s.  Total: 3.58s.
[+] /p/vast1/build/spack/opt/spack/linux-rhel7-broadwell/gcc-10.2.1/py-ply-3.11-kto5wx5qp2bzqlfi2mz3fsm6ikn5uyzi
Concretizing nrm@0.1.0
[+] /p/vast1/build/spack/opt/spack/linux-rhel7-broadwell/gcc-10.2.1/libiconv-1.16-glggocpnh7m2dgmtu4fedhbfeessepbe
[+] /p/vast1/build/spack/opt/spack/linux-rhel7-broadwell/gcc-10.2.1/libmd-1.0.4-rooxnv7z75ill3knhg6bxfttmwxdag6i
[+] /p/vast1/build/spack/opt/spack/linux-rhel7-broadwell/gcc-10.2.1/pkgconf-1.8.0-gp2xp6yplvubgic6eunbnl7emqdq3dye
[+] /p/vast1/build/spack/opt/spack/linux-rhel7-broadwell/gcc-10.2.1/xz-5.2.5-d536jz4ora4tt45q72d2lklqr3dqx34m
[+] /p/vast1/build/spack/opt/spack/linux-rhel7-broadwell/gcc-10.2.1/zlib-1.2.11-su2ldy5ofm424qnly3kitbbdgwovpfk4
[+] /p/vast1/build/spack/opt/spack/linux-rhel7-broadwell/gcc-10.2.1/libffi-3.4.2-7vfnd7a5ankpytut3b4oqhktzrcbabfm
[+] /p/vast1/build/spack/opt/spack/linux-rhel7-broadwell/gcc-10.2.1/berkeley-db-18.1.40-c7okyaricn3s5wx6lqo2exspq6tuninj
[+] /p/vast1/build/spack/opt/spack/linux-rhel7-broadwell/gcc-10.2.1/libyaml-0.2.5-6i24u6vb3p5zhrlg2z2u5yuitds55263
[+] /p/vast1/build/spack/opt/spack/linux-rhel7-broadwell/gcc-10.2.1/libsodium-1.0.18-tdd6i4iwxq5mql3cuwnardlk5vjz2ehr
[+] /p/vast1/build/spack/opt/spack/linux-rhel7-broadwell/gcc-10.2.1/diffutils-3.8-vxb536efq575rjec2zqsyqgsebpspfvs
[+] /p/vast1/build/spack/opt/spack/linux-rhel7-broadwell/gcc-10.2.1/tar-1.34-3g4ty3srw34e6frmd2d2f523hr2pck3g
[+] /p/vast1/build/spack/opt/spack/linux-rhel7-broadwell/gcc-10.2.1/libbsd-0.11.5-yt5rlx2ycq24tyyohhconaxiqgzajzbo
[+] /p/vast1/build/spack/opt/spack/linux-rhel7-broadwell/gcc-10.2.1/util-linux-uuid-2.37.4-26saxoixdjk3763nksg3ajmdzt5gyubu
[+] /p/vast1/build/spack/opt/spack/linux-rhel7-broadwell/gcc-10.2.1/ncurses-6.2-2xef6sx47tqatqlceqguyz3rza5okbhy
[+] /p/vast1/build/spack/opt/spack/linux-rhel7-broadwell/gcc-10.2.1/libxml2-2.9.12-rs3llxgrrh537ywuyzjxyebuzo3gnxpt
[+] /p/vast1/build/spack/opt/spack/linux-rhel7-broadwell/gcc-10.2.1/bzip2-1.0.8-jmjklgubcyryaddwqvzuvzeiq6zfqmst
[+] /p/vast1/build/spack/opt/spack/linux-rhel7-broadwell/gcc-10.2.1/expat-2.4.6-akiducmoeufix2d6beegvgbj5skm36ul
[+] /p/vast1/build/spack/opt/spack/linux-rhel7-broadwell/gcc-10.2.1/readline-8.1-vfjorqgtmqh3rl5ollaj4n2uusx4foez
[+] /p/vast1/build/spack/opt/spack/linux-rhel7-broadwell/gcc-10.2.1/docbook-xml-4.5-2kwugpxqn27v76eaekas26tepsnb6scm
[+] /p/vast1/build/spack/opt/spack/linux-rhel7-broadwell/gcc-10.2.1/gettext-0.21-zrjvymznliicfcjx4lqkixtjo76ruzmr
[+] /p/vast1/build/spack/opt/spack/linux-rhel7-broadwell/gcc-10.2.1/gdbm-1.19-k5otkqycqsp3sya4vlvqbekdodhy2a2b
[+] /p/vast1/build/spack/opt/spack/linux-rhel7-broadwell/gcc-10.2.1/sqlite-3.37.2-osxyeivy7mdmhjyjwcsm4l7tooho6s2d
[+] /p/vast1/build/spack/opt/spack/linux-rhel7-broadwell/gcc-10.2.1/docbook-xsl-1.79.2-ow62ptowj7uqofx4rtmjv3ankoo5tupw
[+] /p/vast1/build/spack/opt/spack/linux-rhel7-broadwell/gcc-10.2.1/perl-5.34.0-wimaji5zk5vlms3psvdtvmxifnine4nh
[+] /p/vast1/build/spack/opt/spack/linux-rhel7-broadwell/gcc-10.2.1/libzmq-4.3.4-fqtryno4zlelddu3pj4cexkeorwlsxjq
[+] /p/vast1/build/spack/opt/spack/linux-rhel7-broadwell/gcc-10.2.1/openssl-1.1.1m-momhhzpwxq3fzqnlqbabquoitiq5d6q6
[+] /p/vast1/build/spack/opt/spack/linux-rhel7-broadwell/gcc-10.2.1/openblas-0.3.19-jubz2yn2ui3jzqphbt3w2jyqt2pwvz7f
[+] /p/vast1/build/spack/opt/spack/linux-rhel7-broadwell/gcc-10.2.1/cmake-3.22.2-7oku4yd37mfoi65gi3alunjbl35euphw
[+] /p/vast1/build/spack/opt/spack/linux-rhel7-broadwell/gcc-10.2.1/python-3.8.12-mk6fh4mmk44yg56krxkvawwx2327d7jx
[+] /p/vast1/build/spack/opt/spack/linux-rhel7-broadwell/gcc-10.2.1/py-pip-21.3.1-menmuyltkndtenynqll6oem723xpo6mx
[+] /p/vast1/build/spack/opt/spack/linux-rhel7-broadwell/gcc-10.2.1/py-wheel-0.37.0-e4mt6fe7jkzuvfwhhqf4wbrcychvlmr4
[+] /p/vast1/build/spack/opt/spack/linux-rhel7-broadwell/gcc-10.2.1/py-tomli-1.2.2-llbknnyigx26sawharhph35n23vieyrg
[+] /p/vast1/build/spack/opt/spack/linux-rhel7-broadwell/gcc-10.2.1/py-setuptools-59.4.0-hsdjhjl4tss6r4karycay4bn3det7ybb
[+] /p/vast1/build/spack/opt/spack/linux-rhel7-broadwell/gcc-10.2.1/py-pybind11-2.8.1-hslz64qalhnffrtqvci64l5eujhrhsdo
[+] /p/vast1/build/spack/opt/spack/linux-rhel7-broadwell/gcc-10.2.1/py-ply-3.11-kto5wx5qp2bzqlfi2mz3fsm6ikn5uyzi
[+] /p/vast1/build/spack/opt/spack/linux-rhel7-broadwell/gcc-10.2.1/py-jsonpointer-1.9-yvma6s2dc4ny6m7zydevceuuqy66np4y
[+] /p/vast1/build/spack/opt/spack/linux-rhel7-broadwell/gcc-10.2.1/py-six-1.16.0-ef4sun6fegema5abei6xhpd4bdplzi7m
[+] /p/vast1/build/spack/opt/spack/linux-rhel7-broadwell/gcc-10.2.1/py-greenlet-1.1.2-vgjn64qkz4yob67qhuxeqdanpwelsww2
[+] /p/vast1/build/spack/opt/spack/linux-rhel7-broadwell/gcc-10.2.1/py-vcversioner-2.16.0.0-r43vhiw53ggsmjn7tfpizaxbzpltc625
[+] /p/vast1/build/spack/opt/spack/linux-rhel7-broadwell/gcc-10.2.1/py-tornado-5.1.1-vpkyfcji5qdex7cktimlailkq7uy4ukx
[+] /p/vast1/build/spack/opt/spack/linux-rhel7-broadwell/gcc-10.2.1/py-cython-0.29.24-xzdhibtfhekqepde4y5olbmvz4axqih4
[+] /p/vast1/build/spack/opt/spack/linux-rhel7-broadwell/gcc-10.2.1/py-pyparsing-3.0.6-gd5zopl32pfw2thg23l6zlyzoickphv6
[+] /p/vast1/build/spack/opt/spack/linux-rhel7-broadwell/gcc-10.2.1/py-gast-0.5.3-ur2esgnm6snmydpadvdnjdb5xqzwfgrb
==> Installing py-jsonpatch-1.23-xtz5v6uchzgcemc4j2a5wa7uo4xfsz7i
==> No binary for py-jsonpatch-1.23-xtz5v6uchzgcemc4j2a5wa7uo4xfsz7i found: installing from source
==> Fetching https://mirror.spack.io/_source-cache/archive/49/49f29cab70e9068db3b1dc6b656cbe2ee4edf7dfe9bf5a0055f17a4b6804a4b9.tar.gz
==> No patches needed for py-jsonpatch
==> py-jsonpatch: Executing phase: 'install'
==> py-jsonpatch: Successfully installed py-jsonpatch-1.23-xtz5v6uchzgcemc4j2a5wa7uo4xfsz7i
  Fetch: 0.32s.  Build: 5.85s.  Total: 6.17s.
[+] /p/vast1/build/spack/opt/spack/linux-rhel7-broadwell/gcc-10.2.1/py-jsonpatch-1.23-xtz5v6uchzgcemc4j2a5wa7uo4xfsz7i
[+] /p/vast1/build/spack/opt/spack/linux-rhel7-broadwell/gcc-10.2.1/py-pycparser-2.20-wrpfklfoibzg6qvbjkluoueakbdboulm
==> Installing py-jsonschema-2.6.0-iqchlq4q2osbgrlzzdbd2jiqlnkkfqfs
==> No binary for py-jsonschema-2.6.0-iqchlq4q2osbgrlzzdbd2jiqlnkkfqfs found: installing from source
==> Fetching https://mirror.spack.io/_source-cache/archive/6f/6ff5f3180870836cae40f06fa10419f557208175f13ad7bc26caa77beb1f6e02.tar.gz
==> No patches needed for py-jsonschema
==> py-jsonschema: Executing phase: 'install'
==> py-jsonschema: Successfully installed py-jsonschema-2.6.0-iqchlq4q2osbgrlzzdbd2jiqlnkkfqfs
  Fetch: 0.28s.  Build: 4.23s.  Total: 4.51s.
[+] /p/vast1/build/spack/opt/spack/linux-rhel7-broadwell/gcc-10.2.1/py-jsonschema-2.6.0-iqchlq4q2osbgrlzzdbd2jiqlnkkfqfs
==> Installing py-numpy-1.22.2-y3jnktiiuxnzzy6svu7fvxrqyxffrf7r
==> No binary for py-numpy-1.22.2-y3jnktiiuxnzzy6svu7fvxrqyxffrf7r found: installing from source
==> Fetching https://mirror.spack.io/_source-cache/archive/07/076aee5a3763d41da6bef9565fdf3cb987606f567cd8b104aded2b38b7b47abf.zip
==> Applied patch /p/vast1/build/spack/var/spack/repos/builtin/packages/py-numpy/check_executables.patch
==> py-numpy: Executing phase: 'install'
==> py-numpy: Successfully installed py-numpy-1.22.2-y3jnktiiuxnzzy6svu7fvxrqyxffrf7r
  Fetch: 0.28s.  Build: 4m 21.82s.  Total: 4m 22.10s.
[+] /p/vast1/build/spack/opt/spack/linux-rhel7-broadwell/gcc-10.2.1/py-numpy-1.22.2-y3jnktiiuxnzzy6svu7fvxrqyxffrf7r
[+] /p/vast1/build/spack/opt/spack/linux-rhel7-broadwell/gcc-10.2.1/py-pyyaml-6.0-fhvthv4s6eblljtys5qcni4qwnbi7sos
[+] /p/vast1/build/spack/opt/spack/linux-rhel7-broadwell/gcc-10.2.1/py-packaging-21.3-l3fbyi57qgj344bwlpxigl22fu3l734z
[+] /p/vast1/build/spack/opt/spack/linux-rhel7-broadwell/gcc-10.2.1/py-beniget-0.4.1-sda6ggkgbob3vhw2eavguwhvpq6m72ox
==> Installing py-cffi-1.15.0-hfgrku7rujvr3f3dr573jejoajbwdh6t
==> No binary for py-cffi-1.15.0-hfgrku7rujvr3f3dr573jejoajbwdh6t found: installing from source
==> Fetching https://mirror.spack.io/_source-cache/archive/92/920f0d66a896c2d99f0adbb391f990a84091179542c205fa53ce5787aff87954.tar.gz
==> No patches needed for py-cffi
==> py-cffi: Executing phase: 'install'
==> py-cffi: Successfully installed py-cffi-1.15.0-hfgrku7rujvr3f3dr573jejoajbwdh6t
  Fetch: 0.48s.  Build: 8.84s.  Total: 9.32s.
[+] /p/vast1/build/spack/opt/spack/linux-rhel7-broadwell/gcc-10.2.1/py-cffi-1.15.0-hfgrku7rujvr3f3dr573jejoajbwdh6t
==> Installing py-setuptools-scm-6.3.2-y4aywojn7h4e6z77zklq54iwvejs6vhv
==> No binary for py-setuptools-scm-6.3.2-y4aywojn7h4e6z77zklq54iwvejs6vhv found: installing from source
==> Fetching https://mirror.spack.io/_source-cache/archive/a4/a49aa8081eeb3514eb9728fa5040f2eaa962d6c6f4ec9c32f6c1fba88f88a0f2.tar.gz
==> No patches needed for py-setuptools-scm
==> py-setuptools-scm: Executing phase: 'install'
==> py-setuptools-scm: Successfully installed py-setuptools-scm-6.3.2-y4aywojn7h4e6z77zklq54iwvejs6vhv
  Fetch: 0.25s.  Build: 4.75s.  Total: 5.00s.
[+] /p/vast1/build/spack/opt/spack/linux-rhel7-broadwell/gcc-10.2.1/py-setuptools-scm-6.3.2-y4aywojn7h4e6z77zklq54iwvejs6vhv
==> Installing py-pythran-0.10.0-ic5h5z7r3urhw3v75vffcnd4shulp5e3
==> No binary for py-pythran-0.10.0-ic5h5z7r3urhw3v75vffcnd4shulp5e3 found: installing from source
==> Fetching https://mirror.spack.io/_source-cache/archive/9d/9dac8e1d50f33d4676003e350b1f0c878ce113e6f907920e92dc103352cac5bf.tar.gz
==> Ran patch() for py-pythran
==> py-pythran: Executing phase: 'install'
==> py-pythran: Successfully installed py-pythran-0.10.0-ic5h5z7r3urhw3v75vffcnd4shulp5e3
  Fetch: 0.19s.  Build: 47.89s.  Total: 48.08s.
[+] /p/vast1/build/spack/opt/spack/linux-rhel7-broadwell/gcc-10.2.1/py-pythran-0.10.0-ic5h5z7r3urhw3v75vffcnd4shulp5e3
==> Installing py-gevent-1.5.0-gz2ae4civuemlttmcp6ewokxnqiy3huh
==> No binary for py-gevent-1.5.0-gz2ae4civuemlttmcp6ewokxnqiy3huh found: installing from source
==> Fetching https://mirror.spack.io/_source-cache/archive/b2/b2814258e3b3fb32786bb73af271ad31f51e1ac01f33b37426b66cb8491b4c29.tar.gz
==> No patches needed for py-gevent
==> py-gevent: Executing phase: 'install'
==> py-gevent: Successfully installed py-gevent-1.5.0-gz2ae4civuemlttmcp6ewokxnqiy3huh
  Fetch: 1.92s.  Build: 2m 36.27s.  Total: 2m 38.19s.
[+] /p/vast1/build/spack/opt/spack/linux-rhel7-broadwell/gcc-10.2.1/py-gevent-1.5.0-gz2ae4civuemlttmcp6ewokxnqiy3huh
==> Installing py-py-1.11.0-cfph5ubjzfdawyvlwymtqvbo6uyz7od6
==> No binary for py-py-1.11.0-cfph5ubjzfdawyvlwymtqvbo6uyz7od6 found: installing from source
==> Fetching https://mirror.spack.io/_source-cache/archive/51/51c75c4126074b472f746a24399ad32f6053d1b34b68d2fa41e558e6f4a98719.tar.gz
==> No patches needed for py-py
==> py-py: Executing phase: 'install'
==> py-py: Successfully installed py-py-1.11.0-cfph5ubjzfdawyvlwymtqvbo6uyz7od6
  Fetch: 0.15s.  Build: 5.97s.  Total: 6.12s.
[+] /p/vast1/build/spack/opt/spack/linux-rhel7-broadwell/gcc-10.2.1/py-py-1.11.0-cfph5ubjzfdawyvlwymtqvbo6uyz7od6
==> Installing py-scipy-1.8.0-e66ardice6wkljpor45rrecte3kdxkpf
==> No binary for py-scipy-1.8.0-e66ardice6wkljpor45rrecte3kdxkpf found: installing from source
==> Fetching https://mirror.spack.io/_source-cache/archive/31/31d4f2d6b724bc9a98e527b5849b8a7e589bf1ea630c33aa563eda912c9ff0bd.tar.gz
==> No patches needed for py-scipy
==> py-scipy: Executing phase: 'install'
==> py-scipy: Successfully installed py-scipy-1.8.0-e66ardice6wkljpor45rrecte3kdxkpf
  Fetch: 0.40s.  Build: 16m 39.44s.  Total: 16m 39.84s.
[+] /p/vast1/build/spack/opt/spack/linux-rhel7-broadwell/gcc-10.2.1/py-scipy-1.8.0-e66ardice6wkljpor45rrecte3kdxkpf
==> Installing py-pyzmq-17.1.2-noquhixafjgjlzu73giwvkv7lg3yrv3z
==> No binary for py-pyzmq-17.1.2-noquhixafjgjlzu73giwvkv7lg3yrv3z found: installing from source
==> Fetching https://mirror.spack.io/_source-cache/archive/a7/a72b82ac1910f2cf61a49139f4974f994984475f771b0faa730839607eeedddf.tar.gz
==> No patches needed for py-pyzmq
==> py-pyzmq: Executing phase: 'install'
==> py-pyzmq: Successfully installed py-pyzmq-17.1.2-noquhixafjgjlzu73giwvkv7lg3yrv3z
  Fetch: 0.47s.  Build: 25.23s.  Total: 25.70s.
[+] /p/vast1/build/spack/opt/spack/linux-rhel7-broadwell/gcc-10.2.1/py-pyzmq-17.1.2-noquhixafjgjlzu73giwvkv7lg3yrv3z
