==> Warning: Missing a source id for openblas@develop
==> Warning: openblas-0.3.3-5azsjzpnupoiiluag7bg6vcwsfxfy5xo failed to install
==> Warning: AssertionError exception when releasing read lock for openblas-0.3.3-5azsjzpnupoiiluag7bg6vcwsfxfy5xo: 
==> Error: openblas-0.3.3-5azsjzpnupoiiluag7bg6vcwsfxfy5xo: Package was not installed
==> Warning: openblas-0.3.2-zoeklqzbjjfazmsynrgi5ip43uycbdcf failed to install
==> Warning: AssertionError exception when releasing read lock for openblas-0.3.2-zoeklqzbjjfazmsynrgi5ip43uycbdcf: 
==> Error: openblas-0.3.2-zoeklqzbjjfazmsynrgi5ip43uycbdcf: Package was not installed
==> Warning: openblas-0.3.1-6ahkovd4z2d3xhev6ba3jgr7natgq2c3 failed to install
==> Warning: AssertionError exception when releasing read lock for openblas-0.3.1-6ahkovd4z2d3xhev6ba3jgr7natgq2c3: 
==> Error: openblas-0.3.1-6ahkovd4z2d3xhev6ba3jgr7natgq2c3: Package was not installed
==> Error: ProcessError: Command exited with status 2:
    'make' '-j2' 'CC=/p/vast1/build/spack/lib/spack/env/gcc/gcc' 'FC=/p/vast1/build/spack/lib/spack/env/gcc/gfortran' 'MAKE_NB_JOBS=0' 'ARCH=x86_64' 'TARGET=HASWELL' 'USE_OPENMP=0' 'USE_THREAD=0' 'libs' 'netlib' 'shared'

3 errors found in build log:
     84    make[1]: Entering directory `/tmp/sochat1/spack-stage/spack-stage-op
           enblas-0.3.0-7kvu2zss36ancm7c2jse2dnzhlpdgwze/spack-src/lapack-netli
           b'
     85    make -C SRC
     86    make[2]: Entering directory `/tmp/sochat1/spack-stage/spack-stage-op
           enblas-0.3.0-7kvu2zss36ancm7c2jse2dnzhlpdgwze/spack-src/lapack-netli
           b/SRC'
     87    x86_64 -ru ../../libopenblas_haswell-r0.3.0.dev.a sbdsvdx.o spotrf2.
           o sgetrf2.o sgbbrd.o sgbcon.o sgbequ.o sgbrfs.o sgbsv.o sgbsvx.o sgb
           tf2.o sgbtrf.o sgbtrs.o sgebak.o sgebal.o sgebd2.o sgebrd.o sgecon.o
            sgeequ.o sgees.o sgeesx.o sgeev.o sgeevx.o sgehd2.o sgehrd.o sgelq2
           .o sgelqf.o sgels.o sgelsd.o sgelss.o sgelsy.o sgeql2.o sgeqlf.o sge
           qp3.o sgeqr2.o sgeqr2p.o sgeqrf.o sgeqrfp.o sgerfs.o sgerq2.o sgerqf
           .o sgesc2.o sgesdd.o sgesvd.o sgesvdx.o sgesvx.o sgetc2.o sgetri.o s
           ggbak.o sggbal.o sgges.o sgges3.o sggesx.o sggev.o sggev3.o sggevx.o
            sggglm.o sgghrd.o sgghd3.o sgglse.o sggqrf.o sggrqf.o sggsvd3.o sgg
           svp3.o sgtcon.o sgtrfs.o sgtsv.o sgtsvx.o sgttrf.o sgttrs.o sgtts2.o
            shgeqz.o shsein.o shseqr.o slabrd.o slacon.o slacn2.o slaein.o slae
           xc.o slag2.o slags2.o slagtm.o slagv2.o slahqr.o slahr2.o slaic1.o s
           laln2.o slals0.o slalsa.o slalsd.o slangb.o slange.o slangt.o slanhs
           .o slansb.o slansp.o slansy.o slantb.o slantp.o slantr.o slanv2.o sl
           apll.o slapmt.o slaqgb.o slaqge.o slaqp2.o slaqps.o slaqsb.o slaqsp.
           o slaqsy.o slaqr0.o slaqr1.o slaqr2.o slaqr3.o slaqr4.o slaqr5.o sla
           qtr.o slar1v.o slar2v.o ilaslr.o ilaslc.o slarf.o slarfb.o slarfg.o 
           slarfgp.o slarft.o slarfx.o slarfy.o slargv.o slarrv.o slartv.o slar
           z.o slarzb.o slarzt.o slasy2.o slasyf.o slasyf_rook.o slasyf_rk.o sl
           atbs.o slatdf.o slatps.o slatrd.o slatrs.o slatrz.o sopgtr.o sopmtr.
           o sorg2l.o sorg2r.o sorgbr.o sorghr.o sorgl2.o sorglq.o sorgql.o sor
           gqr.o sorgr2.o sorgrq.o sorgtr.o sorm2l.o sorm2r.o sorm22.o sormbr.o
            sormhr.o sorml2.o sormlq.o sormql.o sormqr.o sormr2.o sormr3.o sorm
           rq.o sormrz.o sormtr.o spbcon.o spbequ.o spbrfs.o spbstf.o spbsv.o s
           pbsvx.o spbtf2.o spbtrf.o spbtrs.o spocon.o spoequ.o sporfs.o sposv.
           o sposvx.o spotri.o spstrf.o spstf2.o sppcon.o sppequ.o spprfs.o spp
           sv.o sppsvx.o spptrf.o spptri.o spptrs.o sptcon.o spteqr.o sptrfs.o 
           sptsv.o sptsvx.o spttrs.o sptts2.o srscl.o ssbev.o ssbevd.o ssbevx.o
            ssbgst.o ssbgv.o ssbgvd.o ssbgvx.o ssbtrd.o sspcon.o sspev.o sspevd
           .o sspevx.o sspgst.o sspgv.o sspgvd.o sspgvx.o ssprfs.o sspsv.o ssps
           vx.o ssptrd.o ssptrf.o ssptri.o ssptrs.o sstegr.o sstein.o sstev.o s
           stevd.o sstevr.o sstevx.o ssycon.o ssyev.o ssyevd.o ssyevr.o ssyevx.
           o ssygs2.o ssygst.o ssygv.o ssygvd.o ssygvx.o ssyrfs.o ssysv.o ssysv
           x.o ssytd2.o ssytf2.o ssytrd.o ssytrf.o ssytri.o ssytri2.o ssytri2x.
           o ssyswapr.o ssytrs.o ssytrs2.o ssyconv.o ssyconvf.o ssyconvf_rook.o
            ssytf2_rook.o ssytrf_rook.o ssytrs_rook.o ssytri_rook.o ssycon_rook
           .o ssysv_rook.o ssytf2_rk.o ssytrf_rk.o ssytrs_3.o ssytri_3.o ssytri
           _3x.o ssycon_3.o ssysv_rk.o slasyf_aa.o ssysv_aa.o ssytrf_aa.o ssytr
           s_aa.o ssysv_aa_2stage.o ssytrf_aa_2stage.o ssytrs_aa_2stage.o stbco
           n.o stbrfs.o stbtrs.o stgevc.o stgex2.o stgexc.o stgsen.o stgsja.o s
           tgsna.o stgsy2.o stgsyl.o stpcon.o stprfs.o stptri.o stptrs.o strcon
           .o strevc.o strevc3.o strexc.o strrfs.o strsen.o strsna.o strsyl.o s
           trtrs.o stzrzf.o sstemr.o slansf.o spftrf.o spftri.o spftrs.o ssfrk.
           o stfsm.o stftri.o stfttp.o stfttr.o stpttf.o stpttr.o strttf.o strt
           tp.o sgejsv.o sgesvj.o sgsvj0.o sgsvj1.o sgeequb.o ssyequb.o spoequb
           .o sgbequb.o sbbcsd.o slapmr.o sorbdb.o sorbdb1.o sorbdb2.o sorbdb3.
           o sorbdb4.o sorbdb5.o sorbdb6.o sorcsd.o sorcsd2by1.o sgeqrt.o sgeqr
           t2.o sgeqrt3.o sgemqrt.o stpqrt.o stpqrt2.o stpmqrt.o stprfb.o sgelq
           t.o sgelqt3.o sgemlqt.o sgetsls.o sgeqr.o slatsqr.o slamtsqr.o sgemq
           r.o sgelq.o slaswlq.o slamswlq.o sgemlq.o stplqt.o stplqt2.o stpmlqt
           .o ssytrd_2stage.o ssytrd_sy2sb.o ssytrd_sb2st.o ssb2st_kernels.o ss
           yevd_2stage.o ssyev_2stage.o ssyevx_2stage.o ssyevr_2stage.o ssbev_2
           stage.o ssbevx_2stage.o ssbevd_2stage.o ssygv_2stage.o dpotrf2.o dge
           trf2.o dbdsvdx.o dgbbrd.o dgbcon.o dgbequ.o dgbrfs.o dgbsv.o dgbsvx.
           o dgbtf2.o dgbtrf.o dgbtrs.o dgebak.o dgebal.o dgebd2.o dgebrd.o dge
           con.o dgeequ.o dgees.o dgeesx.o dgeev.o dgeevx.o dgehd2.o dgehrd.o d
           gelq2.o dgelqf.o dgels.o dgelsd.o dgelss.o dgelsy.o dgeql2.o dgeqlf.
           o dgeqp3.o dgeqr2.o dgeqr2p.o dgeqrf.o dgeqrfp.o dgerfs.o dgerq2.o d
           gerqf.o dgesc2.o dgesdd.o dgesvd.o dgesvdx.o dgesvx.o dgetc2.o dgetr
           i.o dggbak.o dggbal.o dgges.o dgges3.o dggesx.o dggev.o dggev3.o dgg
           evx.o dggglm.o dgghrd.o dgghd3.o dgglse.o dggqrf.o dggrqf.o dggsvd3.
           o dggsvp3.o dgtcon.o dgtrfs.o dgtsv.o dgtsvx.o dgttrf.o dgttrs.o dgt
           ts2.o dhgeqz.o dhsein.o dhseqr.o dlabrd.o dlacon.o dlacn2.o dlaein.o
            dlaexc.o dlag2.o dlags2.o dlagtm.o dlagv2.o dlahqr.o dlahr2.o dlaic
           1.o dlaln2.o dlals0.o dlalsa.o dlalsd.o dlangb.o dlange.o dlangt.o d
           lanhs.o dlansb.o dlansp.o dlansy.o dlantb.o dlantp.o dlantr.o dlanv2
           .o dlapll.o dlapmt.o dlaqgb.o dlaqge.o dlaqp2.o dlaqps.o dlaqsb.o dl
           aqsp.o dlaqsy.o dlaqr0.o dlaqr1.o dlaqr2.o dlaqr3.o dlaqr4.o dlaqr5.
           o dlaqtr.o dlar1v.o dlar2v.o iladlr.o iladlc.o dlarf.o dlarfb.o dlar
           fg.o dlarfgp.o dlarft.o dlarfx.o dlarfy.o dlargv.o dlarrv.o dlartv.o
            dlarz.o dlarzb.o dlarzt.o dlasy2.o dlasyf.o dlasyf_rook.o dlasyf_rk
           .o dlatbs.o dlatdf.o dlatps.o dlatrd.o dlatrs.o dlatrz.o dopgtr.o do
           pmtr.o dorg2l.o dorg2r.o dorgbr.o dorghr.o dorgl2.o dorglq.o dorgql.
           o dorgqr.o dorgr2.o dorgrq.o dorgtr.o dorm2l.o dorm2r.o dorm22.o dor
           mbr.o dormhr.o dorml2.o dormlq.o dormql.o dormqr.o dormr2.o dormr3.o
            dormrq.o dormrz.o dormtr.o dpbcon.o dpbequ.o dpbrfs.o dpbstf.o dpbs
           v.o dpbsvx.o dpbtf2.o dpbtrf.o dpbtrs.o dpocon.o dpoequ.o dporfs.o d
           posv.o dposvx.o dpotri.o dpotrs.o dpstrf.o dpstf2.o dppcon.o dppequ.
           o dpprfs.o dppsv.o dppsvx.o dpptrf.o dpptri.o dpptrs.o dptcon.o dpte
           qr.o dptrfs.o dptsv.o dptsvx.o dpttrs.o dptts2.o drscl.o dsbev.o dsb
           evd.o dsbevx.o dsbgst.o dsbgv.o dsbgvd.o dsbgvx.o dsbtrd.o dspcon.o 
           dspev.o dspevd.o dspevx.o dspgst.o dspgv.o dspgvd.o dspgvx.o dsprfs.
           o dspsv.o dspsvx.o dsptrd.o dsptrf.o dsptri.o dsptrs.o dstegr.o dste
           in.o dstev.o dstevd.o dstevr.o dstevx.o dsycon.o dsyev.o dsyevd.o ds
           yevr.o dsyevx.o dsygs2.o dsygst.o dsygv.o dsygvd.o dsygvx.o dsyrfs.o
            dsysv.o dsysvx.o dsytd2.o dsytf2.o dsytrd.o dsytrf.o dsytri.o dsytr
           i2.o dsytri2x.o dsyswapr.o dsytrs.o dsytrs2.o dsyconv.o dsyconvf.o d
           syconvf_rook.o dsytf2_rook.o dsytrf_rook.o dsytrs_rook.o dsytri_rook
           .o dsycon_rook.o dsysv_rook.o dsytf2_rk.o dsytrf_rk.o dsytrs_3.o dsy
           tri_3.o dsytri_3x.o dsycon_3.o dsysv_rk.o dlasyf_aa.o dsysv_aa.o dsy
           trf_aa.o dsytrs_aa.o dsysv_aa_2stage.o dsytrf_aa_2stage.o dsytrs_aa_
           2stage.o dtbcon.o dtbrfs.o dtbtrs.o dtgevc.o dtgex2.o dtgexc.o dtgse
           n.o dtgsja.o dtgsna.o dtgsy2.o dtgsyl.o dtpcon.o dtprfs.o dtptri.o d
           tptrs.o dtrcon.o dtrevc.o dtrevc3.o dtrexc.o dtrrfs.o dtrsen.o dtrsn
           a.o dtrsyl.o dtrtrs.o dtzrzf.o dstemr.o dsgesv.o dsposv.o dlag2s.o s
           lag2d.o dlat2s.o dlansf.o dpftrf.o dpftri.o dpftrs.o dsfrk.o dtfsm.o
            dtftri.o dtfttp.o dtfttr.o dtpttf.o dtpttr.o dtrttf.o dtrttp.o dgej
           sv.o dgesvj.o dgsvj0.o dgsvj1.o dgeequb.o dsyequb.o dpoequb.o dgbequ
           b.o dbbcsd.o dlapmr.o dorbdb.o dorbdb1.o dorbdb2.o dorbdb3.o dorbdb4
           .o dorbdb5.o dorbdb6.o dorcsd.o dorcsd2by1.o dgeqrt.o dgeqrt2.o dgeq
           rt3.o dgemqrt.o dtpqrt.o dtpqrt2.o dtpmqrt.o dtprfb.o dgelqt.o dgelq
           t3.o dgemlqt.o dgetsls.o dgeqr.o dlatsqr.o dlamtsqr.o dgemqr.o dgelq
           .o dlaswlq.o dlamswlq.o dgemlq.o dtplqt.o dtplqt2.o dtpmlqt.o dsytrd
           _2stage.o dsytrd_sy2sb.o dsytrd_sb2st.o dsb2st_kernels.o dsyevd_2sta
           ge.o dsyev_2stage.o dsyevx_2stage.o dsyevr_2stage.o dsbev_2stage.o d
           sbevx_2stage.o dsbevd_2stage.o dsygv_2stage.o spotrs.o cpotrf2.o cge
           trf2.o cbdsqr.o cgbbrd.o cgbcon.o cgbequ.o cgbrfs.o cgbsv.o cgbsvx.o
            cgbtf2.o cgbtrf.o cgbtrs.o cgebak.o cgebal.o cgebd2.o cgebrd.o cgec
           on.o cgeequ.o cgees.o cgeesx.o cgeev.o cgeevx.o cgehd2.o cgehrd.o cg
           elq2.o cgelqf.o cgels.o cgelsd.o cgelss.o cgelsy.o cgeql2.o cgeqlf.o
            cgeqp3.o cgeqr2.o cgeqr2p.o cgeqrf.o cgeqrfp.o cgerfs.o cgerq2.o cg
           erqf.o cgesc2.o cgesdd.o cgesvd.o cgesvdx.o cgesvj.o cgejsv.o cgsvj0
           .o cgsvj1.o cgesvx.o cgetc2.o cgetri.o cggbak.o cggbal.o cgges.o cgg
           es3.o cggesx.o cggev.o cggev3.o cggevx.o cggglm.o cgghrd.o cgghd3.o 
           cgglse.o cggqrf.o cggrqf.o cggsvd3.o cggsvp3.o cgtcon.o cgtrfs.o cgt
           sv.o cgtsvx.o cgttrf.o cgttrs.o cgtts2.o chbev.o chbevd.o chbevx.o c
           hbgst.o chbgv.o chbgvd.o chbgvx.o chbtrd.o checon.o cheev.o cheevd.o
            cheevr.o cheevx.o chegs2.o chegst.o chegv.o chegvd.o chegvx.o cherf
           s.o chesv.o chesvx.o chetd2.o chetf2.o chetrd.o chetrf.o chetri.o ch
           etri2.o chetri2x.o cheswapr.o chetrs.o chetrs2.o chetf2_rook.o chetr
           f_rook.o chetri_rook.o chetrs_rook.o checon_rook.o chesv_rook.o chet
           f2_rk.o chetrf_rk.o chetri_3.o chetri_3x.o chetrs_3.o checon_3.o che
           sv_rk.o chesv_aa.o chetrf_aa.o chetrs_aa.o clahef_aa.o chesv_aa_2sta
           ge.o chetrf_aa_2stage.o chetrs_aa_2stage.o chgeqz.o chpcon.o chpev.o
            chpevd.o chpevx.o chpgst.o chpgv.o chpgvd.o chpgvx.o chprfs.o chpsv
           .o chpsvx.o chptrd.o chptrf.o chptri.o chptrs.o chsein.o chseqr.o cl
           abrd.o clacgv.o clacon.o clacn2.o clacp2.o clacpy.o clacrm.o clacrt.
           o cladiv.o claed0.o claed7.o claed8.o claein.o claesy.o claev2.o cla
           gs2.o clagtm.o clahef.o clahef_rook.o clahef_rk.o clahqr.o clahr2.o 
           claic1.o clals0.o clalsa.o clalsd.o clangb.o clange.o clangt.o clanh
           b.o clanhe.o clanhp.o clanhs.o clanht.o clansb.o clansp.o clansy.o c
           lantb.o clantp.o clantr.o clapll.o clapmt.o clarcm.o claqgb.o claqge
           .o claqhb.o claqhe.o claqhp.o claqp2.o claqps.o claqsb.o claqr0.o cl
           aqr1.o claqr2.o claqr3.o claqr4.o claqr5.o claqsp.o claqsy.o clar1v.
           o clar2v.o ilaclr.o ilaclc.o clarf.o clarfb.o clarfg.o clarft.o clar
           fgp.o clarfx.o clarfy.o clargv.o clarnv.o clarrv.o clartg.o clartv.o
            clarz.o clarzb.o clarzt.o clascl.o claset.o clasr.o classq.o clasyf
           .o clasyf_rook.o clasyf_rk.o clasyf_aa.o clatbs.o clatdf.o clatps.o 
           clatrd.o clatrs.o clatrz.o cpbcon.o cpbequ.o cpbrfs.o cpbstf.o cpbsv
           .o cpbsvx.o cpbtf2.o cpbtrf.o cpbtrs.o cpocon.o cpoequ.o cporfs.o cp
           osv.o cposvx.o cpotri.o cpstrf.o cpstf2.o cppcon.o cppequ.o cpprfs.o
            cppsv.o cppsvx.o cpptrf.o cpptri.o cpptrs.o cptcon.o cpteqr.o cptrf
           s.o cptsv.o cptsvx.o cpttrf.o cpttrs.o cptts2.o crot.o cspcon.o cspm
           v.o cspr.o csprfs.o cspsv.o cspsvx.o csptrf.o csptri.o csptrs.o csrs
           cl.o cstedc.o cstegr.o cstein.o csteqr.o csycon.o csymv.o csyr.o csy
           rfs.o csysv.o csysvx.o csytf2.o csytrf.o csytri.o csytri2.o csytri2x
           .o csyswapr.o csytrs.o csytrs2.o csyconv.o csyconvf.o csyconvf_rook.
           o csytf2_rook.o csytrf_rook.o csytrs_rook.o csytri_rook.o csycon_roo
           k.o csysv_rook.o csytf2_rk.o csytrf_rk.o csytrf_aa.o csytrs_3.o csyt
           rs_aa.o csytri_3.o csytri_3x.o csycon_3.o csysv_rk.o csysv_aa.o csys
           v_aa_2stage.o csytrf_aa_2stage.o csytrs_aa_2stage.o ctbcon.o ctbrfs.
           o ctbtrs.o ctgevc.o ctgex2.o ctgexc.o ctgsen.o ctgsja.o ctgsna.o ctg
           sy2.o ctgsyl.o ctpcon.o ctprfs.o ctptri.o ctptrs.o ctrcon.o ctrevc.o
            ctrevc3.o ctrexc.o ctrrfs.o ctrsen.o ctrsna.o ctrsyl.o ctrtrs.o ctz
           rzf.o cung2l.o cung2r.o cungbr.o cunghr.o cungl2.o cunglq.o cungql.o
            cungqr.o cungr2.o cungrq.o cungtr.o cunm2l.o cunm2r.o cunmbr.o cunm
           hr.o cunml2.o cunm22.o cunmlq.o cunmql.o cunmqr.o cunmr2.o cunmr3.o 
           cunmrq.o cunmrz.o cunmtr.o cupgtr.o cupmtr.o icmax1.o scsum1.o cstem
           r.o chfrk.o ctfttp.o clanhf.o cpftrf.o cpftri.o cpftrs.o ctfsm.o ctf
           tri.o ctfttr.o ctpttf.o ctpttr.o ctrttf.o ctrttp.o cgeequb.o cgbequb
           .o csyequb.o cpoequb.o cheequb.o cbbcsd.o clapmr.o cunbdb.o cunbdb1.
           o cunbdb2.o cunbdb3.o cunbdb4.o cunbdb5.o cunbdb6.o cuncsd.o cuncsd2
           by1.o cgeqrt.o cgeqrt2.o cgeqrt3.o cgemqrt.o ctpqrt.o ctpqrt2.o ctpm
           qrt.o ctprfb.o cgelqt.o cgelqt3.o cgemlqt.o cgetsls.o cgeqr.o clatsq
           r.o clamtsqr.o cgemqr.o cgelq.o claswlq.o clamswlq.o cgemlq.o ctplqt
           .o ctplqt2.o ctpmlqt.o chetrd_2stage.o chetrd_he2hb.o chetrd_hb2st.o
            chb2st_kernels.o cheevd_2stage.o cheev_2stage.o cheevx_2stage.o che
           evr_2stage.o chbev_2stage.o chbevx_2stage.o chbevd_2stage.o chegv_2s
           tage.o zpotrf2.o zgetrf2.o zbdsqr.o zgbbrd.o zgbcon.o zgbequ.o zgbrf
           s.o zgbsv.o zgbsvx.o zgbtf2.o zgbtrf.o zgbtrs.o zgebak.o zgebal.o zg
           ebd2.o zgebrd.o zgecon.o zgeequ.o zgees.o zgeesx.o zgeev.o zgeevx.o 
           zgehd2.o zgehrd.o zgelq2.o zgelqf.o zgels.o zgelsd.o zgelss.o zgelsy
           .o zgeql2.o zgeqlf.o zgeqp3.o zgeqr2.o zgeqr2p.o zgeqrf.o zgeqrfp.o 
           zgerfs.o zgerq2.o zgerqf.o zgesc2.o zgesdd.o zgesvd.o zgesvdx.o zges
           vj.o zgejsv.o zgsvj0.o zgsvj1.o zgesvx.o zgetc2.o zgetri.o zggbak.o 
           zggbal.o zgges.o zgges3.o zggesx.o zggev.o zggev3.o zggevx.o zggglm.
           o zgghrd.o zgghd3.o zgglse.o zggqrf.o zggrqf.o zggsvd3.o zggsvp3.o z
           gtcon.o zgtrfs.o zgtsv.o zgtsvx.o zgttrf.o zgttrs.o zgtts2.o zhbev.o
            zhbevd.o zhbevx.o zhbgst.o zhbgv.o zhbgvd.o zhbgvx.o zhbtrd.o zheco
           n.o zheev.o zheevd.o zheevr.o zheevx.o zhegs2.o zhegst.o zhegv.o zhe
           gvd.o zhegvx.o zherfs.o zhesv.o zhesvx.o zhetd2.o zhetf2.o zhetrd.o 
           zhetrf.o zhetri.o zhetri2.o zhetri2x.o zheswapr.o zhetrs.o zhetrs2.o
            zhetf2_rook.o zhetrf_rook.o zhetri_rook.o zhetrs_rook.o zhecon_rook
           .o zhesv_rook.o zhetf2_rk.o zhetrf_rk.o zhetri_3.o zhetri_3x.o zhetr
           s_3.o zhecon_3.o zhesv_rk.o zhesv_aa.o zhetrf_aa.o zhetrs_aa.o zlahe
           f_aa.o zhesv_aa_2stage.o zhetrf_aa_2stage.o zhetrs_aa_2stage.o zhgeq
           z.o zhpcon.o zhpev.o zhpevd.o zhpevx.o zhpgst.o zhpgv.o zhpgvd.o zhp
           gvx.o zhprfs.o zhpsv.o zhpsvx.o zhptrd.o zhptrf.o zhptri.o zhptrs.o 
           zhsein.o zhseqr.o zlabrd.o zlacgv.o zlacon.o zlacn2.o zlacp2.o zlacp
           y.o zlacrm.o zlacrt.o zladiv.o zlaed0.o zlaed7.o zlaed8.o zlaein.o z
           laesy.o zlaev2.o zlags2.o zlagtm.o zlahef.o zlahef_rook.o zlahef_rk.
           o zlahqr.o zlahr2.o zlaic1.o zlals0.o zlalsa.o zlalsd.o zlangb.o zla
           nge.o zlangt.o zlanhb.o zlanhe.o zlanhp.o zlanhs.o zlanht.o zlansb.o
            zlansp.o zlansy.o zlantb.o zlantp.o zlantr.o zlapll.o zlapmt.o zlaq
           gb.o zlaqge.o zlaqhb.o zlaqhe.o zlaqhp.o zlaqp2.o zlaqps.o zlaqsb.o 
           zlaqr0.o zlaqr1.o zlaqr2.o zlaqr3.o zlaqr4.o zlaqr5.o zlaqsp.o zlaqs
           y.o zlar1v.o zlar2v.o ilazlr.o ilazlc.o zlarcm.o zlarf.o zlarfb.o zl
           arfg.o zlarft.o zlarfgp.o zlarfx.o zlarfy.o zlargv.o zlarnv.o zlarrv
           .o zlartg.o zlartv.o zlarz.o zlarzb.o zlarzt.o zlascl.o zlaset.o zla
           sr.o zlassq.o zlasyf.o zlasyf_rook.o zlasyf_rk.o zlasyf_aa.o zlatbs.
           o zlatdf.o zlatps.o zlatrd.o zlatrs.o zlatrz.o zpbcon.o zpbequ.o zpb
           rfs.o zpbstf.o zpbsv.o zpbsvx.o zpbtf2.o zpbtrf.o zpbtrs.o zpocon.o 
           zpoequ.o zporfs.o zposv.o zposvx.o zpotri.o zpotrs.o zpstrf.o zpstf2
           .o zppcon.o zppequ.o zpprfs.o zppsv.o zppsvx.o zpptrf.o zpptri.o zpp
           trs.o zptcon.o zpteqr.o zptrfs.o zptsv.o zptsvx.o zpttrf.o zpttrs.o 
           zptts2.o zrot.o zspcon.o zspmv.o zspr.o zsprfs.o zspsv.o zspsvx.o zs
           ptrf.o zsptri.o zsptrs.o zdrscl.o zstedc.o zstegr.o zstein.o zsteqr.
           o zsycon.o zsymv.o zsyr.o zsyrfs.o zsysv.o zsysvx.o zsytf2.o zsytrf.
           o zsytri.o zsytri2.o zsytri2x.o zsyswapr.o zsytrs.o zsytrs2.o zsycon
           v.o zsyconvf.o zsyconvf_rook.o zsytf2_rook.o zsytrf_rook.o zsytrs_ro
           ok.o zsytrs_aa.o zsytri_rook.o zsycon_rook.o zsysv_rook.o zsysv_aa_2
           stage.o zsytrf_aa_2stage.o zsytrs_aa_2stage.o zsytf2_rk.o zsytrf_rk.
           o zsytrf_aa.o zsytrs_3.o zsytri_3.o zsytri_3x.o zsycon_3.o zsysv_rk.
           o zsysv_aa.o ztbcon.o ztbrfs.o ztbtrs.o ztgevc.o ztgex2.o ztgexc.o z
           tgsen.o ztgsja.o ztgsna.o ztgsy2.o ztgsyl.o ztpcon.o ztprfs.o ztptri
           .o ztptrs.o ztrcon.o ztrevc.o ztrevc3.o ztrexc.o ztrrfs.o ztrsen.o z
           trsna.o ztrsyl.o ztrtrs.o ztzrzf.o zung2l.o zung2r.o zungbr.o zunghr
           .o zungl2.o zunglq.o zungql.o zungqr.o zungr2.o zungrq.o zungtr.o zu
           nm2l.o zunm2r.o zunmbr.o zunmhr.o zunml2.o zunm22.o zunmlq.o zunmql.
           o zunmqr.o zunmr2.o zunmr3.o zunmrq.o zunmrz.o zunmtr.o zupgtr.o zup
           mtr.o izmax1.o dzsum1.o zstemr.o zcgesv.o zcposv.o zlag2c.o clag2z.o
            zlat2c.o zhfrk.o ztfttp.o zlanhf.o zpftrf.o zpftri.o zpftrs.o ztfsm
           .o ztftri.o ztfttr.o ztpttf.o ztpttr.o ztrttf.o ztrttp.o zgeequb.o z
           gbequb.o zsyequb.o zpoequb.o zheequb.o zbbcsd.o zlapmr.o zunbdb.o zu
           nbdb1.o zunbdb2.o zunbdb3.o zunbdb4.o zunbdb5.o zunbdb6.o zuncsd.o z
           uncsd2by1.o zgeqrt.o zgeqrt2.o zgeqrt3.o zgemqrt.o ztpqrt.o ztpqrt2.
           o ztpmqrt.o ztprfb.o ztplqt.o ztplqt2.o ztpmlqt.o zgelqt.o zgelqt3.o
            zgemlqt.o zgetsls.o zgeqr.o zlatsqr.o zlamtsqr.o zgemqr.o zgelq.o z
           laswlq.o zlamswlq.o zgemlq.o zhetrd_2stage.o zhetrd_he2hb.o zhetrd_h
           b2st.o zhb2st_kernels.o zheevd_2stage.o zheev_2stage.o zheevx_2stage
           .o zheevr_2stage.o zhbev_2stage.o zhbevx_2stage.o zhbevd_2stage.o zh
           egv_2stage.o cpotrs.o sbdsdc.o sbdsqr.o sdisna.o slabad.o slacpy.o s
           ladiv.o slae2.o  slaebz.o slaed0.o slaed1.o slaed2.o slaed3.o slaed4
           .o slaed5.o slaed6.o slaed7.o slaed8.o slaed9.o slaeda.o slaev2.o sl
           agtf.o slagts.o slamrg.o slanst.o slapy2.o slapy3.o slarnv.o slarra.
           o slarrb.o slarrc.o slarrd.o slarre.o slarrf.o slarrj.o slarrk.o sla
           rrr.o slaneg.o slartg.o slaruv.o slas2.o  slascl.o slasd0.o slasd1.o
            slasd2.o slasd3.o slasd4.o slasd5.o slasd6.o slasd7.o slasd8.o slas
           da.o slasdq.o slasdt.o slaset.o slasq1.o slasq2.o slasq3.o slasq4.o 
           slasq5.o slasq6.o slasr.o  slasrt.o slassq.o slasv2.o spttrf.o ssteb
           z.o sstedc.o ssteqr.o ssterf.o slaisnan.o sisnan.o slartgp.o slartgs
           .o ../INSTALL/second_NONE.o dbdsdc.o dbdsqr.o ddisna.o dlabad.o dlac
           py.o dladiv.o dlae2.o  dlaebz.o dlaed0.o dlaed1.o dlaed2.o dlaed3.o 
           dlaed4.o dlaed5.o dlaed6.o dlaed7.o dlaed8.o dlaed9.o dlaeda.o dlaev
           2.o dlagtf.o dlagts.o dlamrg.o dlanst.o dlapy2.o dlapy3.o dlarnv.o d
           larra.o dlarrb.o dlarrc.o dlarrd.o dlarre.o dlarrf.o dlarrj.o dlarrk
           .o dlarrr.o dlaneg.o dlartg.o dlaruv.o dlas2.o  dlascl.o dlasd0.o dl
           asd1.o dlasd2.o dlasd3.o dlasd4.o dlasd5.o dlasd6.o dlasd7.o dlasd8.
           o dlasda.o dlasdq.o dlasdt.o dlaset.o dlasq1.o dlasq2.o dlasq3.o dla
           sq4.o dlasq5.o dlasq6.o dlasr.o  dlasrt.o dlassq.o dlasv2.o dpttrf.o
            dstebz.o dstedc.o dsteqr.o dsterf.o dlaisnan.o disnan.o dlartgp.o d
           lartgs.o ../INSTALL/dlamch.o ../INSTALL/dsecnd_NONE.o ilaenv.o ilaen
           v2stage.o ieeeck.o lsamen.o xerbla_array.o iparmq.o iparam2stage.o i
           laprec.o ilatrans.o ilauplo.o iladiag.o chla_transtype.o ../INSTALL/
           ilaver.o ../INSTALL/slamch.o  DEPRECATED/cgegs.o DEPRECATED/cgegv.o 
           DEPRECATED/cgelsx.o DEPRECATED/cgeqpf.o DEPRECATED/cggsvd.o DEPRECAT
           ED/cggsvp.o DEPRECATED/clahrd.o DEPRECATED/clatzm.o DEPRECATED/ctzrq
           f.o DEPRECATED/dgegs.o  DEPRECATED/dgegv.o  DEPRECATED/dgelsx.o DEPR
           ECATED/dgeqpf.o DEPRECATED/dggsvd.o DEPRECATED/dggsvp.o DEPRECATED/d
           lahrd.o DEPRECATED/dlatzm.o DEPRECATED/dtzrqf.o DEPRECATED/sgegs.o  
           DEPRECATED/sgegv.o  DEPRECATED/sgelsx.o DEPRECATED/sgeqpf.o DEPRECAT
           ED/sggsvd.o DEPRECATED/sggsvp.o DEPRECATED/slahrd.o DEPRECATED/slatz
           m.o DEPRECATED/stzrqf.o DEPRECATED/zgegs.o  DEPRECATED/zgegv.o  DEPR
           ECATED/zgelsx.o DEPRECATED/zgeqpf.o DEPRECATED/zggsvd.o DEPRECATED/z
           ggsvp.o DEPRECATED/zlahrd.o DEPRECATED/zlatzm.o DEPRECATED/ztzrqf.o
     88    x86_64: invalid option -- 'r'
     89    x86_64: Try `x86_64 --help' for more information.
  >> 90    make[2]: *** [../../libopenblas_haswell-r0.3.0.dev.a] Error 1
     91    make[2]: Leaving directory `/tmp/sochat1/spack-stage/spack-stage-ope
           nblas-0.3.0-7kvu2zss36ancm7c2jse2dnzhlpdgwze/spack-src/lapack-netlib
           /SRC'
  >> 92    make[1]: *** [lapacklib] Error 2
     93    make[1]: Leaving directory `/tmp/sochat1/spack-stage/spack-stage-ope
           nblas-0.3.0-7kvu2zss36ancm7c2jse2dnzhlpdgwze/spack-src/lapack-netlib
           '
  >> 94    make: *** [netlib] Error 2

See build log for details:
  /var/tmp/sochat1/spack-stage/spack-stage-openblas-0.3.0-7kvu2zss36ancm7c2jse2dnzhlpdgwze/spack-build-out.txt

==> Error: ProcessError: Command exited with status 2:
    'make' 'CC=/p/vast1/build/spack/lib/spack/env/gcc/gcc' 'FC=/p/vast1/build/spack/lib/spack/env/gcc/gfortran' 'MAKE_NO_J=1' 'TARGET=HASWELL' 'USE_OPENMP=0' 'USE_THREAD=0' 'libs' 'netlib' 'shared'

26 errors found in build log:
     93     
     94       365 |      $                   0, U1, LDU1, U2, LDU2, V1T, LDV1T,
             0, 1, 0, 0,
     95           |                                      2
     96     ......
     97       388 |      $                   0, V1T, LDV1T, 0, 1, U1, LDU1, U2,
             LDU2, 0, 0,
     98           |                                        1
  >> 99     Error: Type mismatch between actual argument at (1) and actual argu
            ment at (2) (INTEGER(4)/REAL(4)).
     100    sorcsd2by1.f:411:35:
     101    
     102      365 |      $                   0, U1, LDU1, U2, LDU2, V1T, LDV1T,
             0, 1, 0, 0,
     103          |                            2
     104    ......
     105      411 |      $                   THETA, 0, 0, 1, V1T, LDV1T, U2, LD
            U2, U1, LDU1,
     106          |                                   1
  >> 107    Error: Type mismatch between actual argument at (1) and actual argu
            ment at (2) (INTEGER(4)/REAL(4)).
     108    sorcsd2by1.f:435:55:
     109    
     110      365 |      $                   0, U1, LDU1, U2, LDU2, V1T, LDV1T,
             0, 1, 0, 0,
     111          |                                                2
     112    ......
     113      435 |      $                   THETA, 0, U2, LDU2, U1, LDU1, 0, 1
            , V1T, LDV1T,
     114          |                                                       1
  >> 115    Error: Type mismatch between actual argument at (1) and actual argu
            ment at (2) (INTEGER(4)/REAL(4)).
     116    sorcsd2by1.f:472:23:
     117    
     118      346 |             CALL SORBDB1( M, P, Q, X11, LDX11, X21, LDX21, 
            THETA, 0, 0,
     119          |                                                            
                  2
     120    ......
     121      472 |      $                 WORK(IPHI), WORK(ITAUP1), WORK(ITAUP
            2),
     122          |                       1
  >> 123    Error: Type mismatch between actual argument at (1) and actual argu
            ment at (2) (REAL(4)/INTEGER(4)).
     124    sorcsd2by1.f:479:44:
     125    
     126      350 |                CALL SORGQR( P, P, Q, U1, LDU1, 0, WORK(1), 
            -1,
     127          |                                               2
     128    ......
     129      479 |             CALL SORGQR( P, P, Q, U1, LDU1, WORK(ITAUP1), W
            ORK(IORGQR),
     130          |                                            1
  >> 131    Error: Type mismatch between actual argument at (1) and actual argu
            ment at (2) (REAL(4)/INTEGER(4)).
     132    sorcsd2by1.f:484:48:
     133    
     134      350 |                CALL SORGQR( P, P, Q, U1, LDU1, 0, WORK(1), 
            -1,
     135          |                                               2
     136    ......
     137      484 |             CALL SORGQR( M-P, M-P, Q, U2, LDU2, WORK(ITAUP2
            ),
     138          |                                                1
  >> 139    Error: Type mismatch between actual argument at (1) and actual argu
            ment at (2) (REAL(4)/INTEGER(4)).
     140    sorcsd2by1.f:495:57:
     141    
     142      361 |      $                   0, WORK(1), -1, CHILDINFO )
     143          |                         2
     144    ......
     145      495 |             CALL SORGLQ( Q-1, Q-1, Q-1, V1T(2,2), LDV1T, WO
            RK(ITAUQ1),
     146          |                                                         1
  >> 147    Error: Type mismatch between actual argument at (1) and actual argu
            ment at (2) (REAL(4)/INTEGER(4)).
     148    sorcsd2by1.f:502:22:
     149    
     150      365 |      $                   0, U1, LDU1, U2, LDU2, V1T, LDV1T,
             0, 1, 0, 0,
     151          |                         2
     152    ......
     153      502 |      $                WORK(IPHI), U1, LDU1, U2, LDU2, V1T, 
            LDV1T, 0, 1,
     154          |                      1
  >> 155    Error: Type mismatch between actual argument at (1) and actual argu
            ment at (2) (REAL(4)/INTEGER(4)).
     156    sorcsd2by1.f:527:23:
     157    
     158      369 |             CALL SORBDB2( M, P, Q, X11, LDX11, X21, LDX21, 
            THETA, 0, 0,
     159          |                                                            
                  2
     160    ......
     161      527 |      $                 WORK(IPHI), WORK(ITAUP1), WORK(ITAUP
            2),
     162          |                       1
  >> 163    Error: Type mismatch between actual argument at (1) and actual argu
            ment at (2) (REAL(4)/INTEGER(4)).
     164    sorcsd2by1.f:539:55:
     165    
     166      350 |                CALL SORGQR( P, P, Q, U1, LDU1, 0, WORK(1), 
            -1,
     167          |                                               2
     168    ......
     169      539 |             CALL SORGQR( P-1, P-1, P-1, U1(2,2), LDU1, WORK
            (ITAUP1),
     170          |                                                       1
  >> 171    Error: Type mismatch between actual argument at (1) and actual argu
            ment at (2) (REAL(4)/INTEGER(4)).
     172    sorcsd2by1.f:544:48:
     173    
     174      350 |                CALL SORGQR( P, P, Q, U1, LDU1, 0, WORK(1), 
            -1,
     175          |                                               2
     176    ......
     177      544 |             CALL SORGQR( M-P, M-P, Q, U2, LDU2, WORK(ITAUP2
            ),
     178          |                                                1
  >> 179    Error: Type mismatch between actual argument at (1) and actual argu
            ment at (2) (REAL(4)/INTEGER(4)).
     180    sorcsd2by1.f:549:46:
     181    
     182      361 |      $                   0, WORK(1), -1, CHILDINFO )
     183          |                         2
     184    ......
     185      549 |             CALL SORGLQ( Q, Q, R, V1T, LDV1T, WORK(ITAUQ1),
     186          |                                              1
  >> 187    Error: Type mismatch between actual argument at (1) and actual argu
            ment at (2) (REAL(4)/INTEGER(4)).
     188    sorcsd2by1.f:556:22:
     189    
     190      365 |      $                   0, U1, LDU1, U2, LDU2, V1T, LDV1T,
             0, 1, 0, 0,
     191          |                         2
     192    ......
     193      556 |      $                WORK(IPHI), V1T, LDV1T, 0, 1, U1, LDU
            1, U2, LDU2,
     194          |                      1
  >> 195    Error: Type mismatch between actual argument at (1) and actual argu
            ment at (2) (REAL(4)/INTEGER(4)).
     196    sorcsd2by1.f:581:23:
     197    
     198      392 |             CALL SORBDB3( M, P, Q, X11, LDX11, X21, LDX21, 
            THETA, 0, 0,
     199          |                                                            
                  2
     200    ......
     201      581 |      $                 WORK(IPHI), WORK(ITAUP1), WORK(ITAUP
            2),
     202          |                       1
  >> 203    Error: Type mismatch between actual argument at (1) and actual argu
            ment at (2) (REAL(4)/INTEGER(4)).
     204    sorcsd2by1.f:588:44:
     205    
     206      350 |                CALL SORGQR( P, P, Q, U1, LDU1, 0, WORK(1), 
            -1,
     207          |                                               2
     208    ......
     209      588 |             CALL SORGQR( P, P, Q, U1, LDU1, WORK(ITAUP1), W
            ORK(IORGQR),
     210          |                                            1
  >> 211    Error: Type mismatch between actual argument at (1) and actual argu
            ment at (2) (REAL(4)/INTEGER(4)).
     212    sorcsd2by1.f:600:25:
     213    
     214      350 |                CALL SORGQR( P, P, Q, U1, LDU1, 0, WORK(1), 
            -1,
     215          |                                               2
     216    ......
     217      600 |      $                   WORK(ITAUP2), WORK(IORGQR), LORGQR
            , CHILDINFO )
     218          |                         1
  >> 219    Error: Type mismatch between actual argument at (1) and actual argu
            ment at (2) (REAL(4)/INTEGER(4)).
     220    sorcsd2by1.f:604:46:
     221    
     222      361 |      $                   0, WORK(1), -1, CHILDINFO )
     223          |                         2
     224    ......
     225      604 |             CALL SORGLQ( Q, Q, R, V1T, LDV1T, WORK(ITAUQ1),
     226          |                                              1
  >> 227    Error: Type mismatch between actual argument at (1) and actual argu
            ment at (2) (REAL(4)/INTEGER(4)).
     228    sorcsd2by1.f:611:29:
     229    
     230      365 |      $                   0, U1, LDU1, U2, LDU2, V1T, LDV1T,
             0, 1, 0, 0,
     231          |                         2
     232    ......
     233      611 |      $                THETA, WORK(IPHI), 0, 1, V1T, LDV1T, 
            U2, LDU2, U1,
     234          |                             1
  >> 235    Error: Type mismatch between actual argument at (1) and actual argu
            ment at (2) (REAL(4)/INTEGER(4)).
     236    sorcsd2by1.f:641:23:
     237    
     238      416 |             CALL SORBDB4( M, P, Q, X11, LDX11, X21, LDX21, 
            THETA, 0, 0,
     239          |                                                            
                  2
     240    ......
     241      641 |      $                 WORK(IPHI), WORK(ITAUP1), WORK(ITAUP
            2),
     242          |                       1
  >> 243    Error: Type mismatch between actual argument at (1) and actual argu
            ment at (2) (REAL(4)/INTEGER(4)).
     244    sorcsd2by1.f:654:46:
     245    
     246      350 |                CALL SORGQR( P, P, Q, U1, LDU1, 0, WORK(1), 
            -1,
     247          |                                               2
     248    ......
     249      654 |             CALL SORGQR( P, P, M-Q, U1, LDU1, WORK(ITAUP1),
     250          |                                              1
  >> 251    Error: Type mismatch between actual argument at (1) and actual argu
            ment at (2) (REAL(4)/INTEGER(4)).
     252    sorcsd2by1.f:664:50:
     253    
     254      350 |                CALL SORGQR( P, P, Q, U1, LDU1, 0, WORK(1), 
            -1,
     255          |                                               2
     256    ......
     257      664 |             CALL SORGQR( M-P, M-P, M-Q, U2, LDU2, WORK(ITAU
            P2),
     258          |                                                  1
  >> 259    Error: Type mismatch between actual argument at (1) and actual argu
            ment at (2) (REAL(4)/INTEGER(4)).
     260    sorcsd2by1.f:673:46:
     261    
     262      361 |      $                   0, WORK(1), -1, CHILDINFO )
     263          |                         2
     264    ......
     265      673 |             CALL SORGLQ( Q, Q, Q, V1T, LDV1T, WORK(ITAUQ1),
     266          |                                              1
  >> 267    Error: Type mismatch between actual argument at (1) and actual argu
            ment at (2) (REAL(4)/INTEGER(4)).
     268    sorcsd2by1.f:680:29:
     269    
     270      365 |      $                   0, U1, LDU1, U2, LDU2, V1T, LDV1T,
             0, 1, 0, 0,
     271          |                         2
     272    ......
     273      680 |      $                THETA, WORK(IPHI), U2, LDU2, U1, LDU1
            , 0, 1, V1T,
     274          |                             1
  >> 275    Error: Type mismatch between actual argument at (1) and actual argu
            ment at (2) (REAL(4)/INTEGER(4)).
  >> 276    make[2]: *** [sorcsd2by1.o] Error 1
     277    make[2]: Leaving directory `/tmp/sochat1/spack-stage/spack-stage-op
            enblas-0.2.19-gnnxdhop3nk3baqqhkdaigwjuh62ncir/spack-src/lapack-net
            lib/SRC'
  >> 278    make[1]: *** [lapacklib] Error 2
     279    make[1]: Leaving directory `/tmp/sochat1/spack-stage/spack-stage-op
            enblas-0.2.19-gnnxdhop3nk3baqqhkdaigwjuh62ncir/spack-src/lapack-net
            lib'
  >> 280    make: *** [netlib] Error 2

See build log for details:
  /var/tmp/sochat1/spack-stage/spack-stage-openblas-0.2.19-gnnxdhop3nk3baqqhkdaigwjuh62ncir/spack-build-out.txt

==> Error: ProcessError: Command exited with status 2:
    'make' 'CC=/p/vast1/build/spack/lib/spack/env/gcc/gcc' 'FC=/p/vast1/build/spack/lib/spack/env/gcc/gfortran' 'MAKE_NO_J=1' 'TARGET=HASWELL' 'USE_OPENMP=0' 'USE_THREAD=0' 'libs' 'netlib' 'shared'

26 errors found in build log:
     93     
     94       365 |      $                   0, U1, LDU1, U2, LDU2, V1T, LDV1T,
             0, 1, 0, 0,
     95           |                                      2
     96     ......
     97       388 |      $                   0, V1T, LDV1T, 0, 1, U1, LDU1, U2,
             LDU2, 0, 0,
     98           |                                        1
  >> 99     Error: Type mismatch between actual argument at (1) and actual argu
            ment at (2) (INTEGER(4)/REAL(4)).
     100    sorcsd2by1.f:411:35:
     101    
     102      365 |      $                   0, U1, LDU1, U2, LDU2, V1T, LDV1T,
             0, 1, 0, 0,
     103          |                            2
     104    ......
     105      411 |      $                   THETA, 0, 0, 1, V1T, LDV1T, U2, LD
            U2, U1, LDU1,
     106          |                                   1
  >> 107    Error: Type mismatch between actual argument at (1) and actual argu
            ment at (2) (INTEGER(4)/REAL(4)).
     108    sorcsd2by1.f:435:55:
     109    
     110      365 |      $                   0, U1, LDU1, U2, LDU2, V1T, LDV1T,
             0, 1, 0, 0,
     111          |                                                2
     112    ......
     113      435 |      $                   THETA, 0, U2, LDU2, U1, LDU1, 0, 1
            , V1T, LDV1T,
     114          |                                                       1
  >> 115    Error: Type mismatch between actual argument at (1) and actual argu
            ment at (2) (INTEGER(4)/REAL(4)).
     116    sorcsd2by1.f:472:23:
     117    
     118      346 |             CALL SORBDB1( M, P, Q, X11, LDX11, X21, LDX21, 
            THETA, 0, 0,
     119          |                                                            
                  2
     120    ......
     121      472 |      $                 WORK(IPHI), WORK(ITAUP1), WORK(ITAUP
            2),
     122          |                       1
  >> 123    Error: Type mismatch between actual argument at (1) and actual argu
            ment at (2) (REAL(4)/INTEGER(4)).
     124    sorcsd2by1.f:479:44:
     125    
     126      350 |                CALL SORGQR( P, P, Q, U1, LDU1, 0, WORK(1), 
            -1,
     127          |                                               2
     128    ......
     129      479 |             CALL SORGQR( P, P, Q, U1, LDU1, WORK(ITAUP1), W
            ORK(IORGQR),
     130          |                                            1
  >> 131    Error: Type mismatch between actual argument at (1) and actual argu
            ment at (2) (REAL(4)/INTEGER(4)).
     132    sorcsd2by1.f:484:48:
     133    
     134      350 |                CALL SORGQR( P, P, Q, U1, LDU1, 0, WORK(1), 
            -1,
     135          |                                               2
     136    ......
     137      484 |             CALL SORGQR( M-P, M-P, Q, U2, LDU2, WORK(ITAUP2
            ),
     138          |                                                1
  >> 139    Error: Type mismatch between actual argument at (1) and actual argu
            ment at (2) (REAL(4)/INTEGER(4)).
     140    sorcsd2by1.f:495:57:
     141    
     142      361 |      $                   0, WORK(1), -1, CHILDINFO )
     143          |                         2
     144    ......
     145      495 |             CALL SORGLQ( Q-1, Q-1, Q-1, V1T(2,2), LDV1T, WO
            RK(ITAUQ1),
     146          |                                                         1
  >> 147    Error: Type mismatch between actual argument at (1) and actual argu
            ment at (2) (REAL(4)/INTEGER(4)).
     148    sorcsd2by1.f:502:22:
     149    
     150      365 |      $                   0, U1, LDU1, U2, LDU2, V1T, LDV1T,
             0, 1, 0, 0,
     151          |                         2
     152    ......
     153      502 |      $                WORK(IPHI), U1, LDU1, U2, LDU2, V1T, 
            LDV1T, 0, 1,
     154          |                      1
  >> 155    Error: Type mismatch between actual argument at (1) and actual argu
            ment at (2) (REAL(4)/INTEGER(4)).
     156    sorcsd2by1.f:527:23:
     157    
     158      369 |             CALL SORBDB2( M, P, Q, X11, LDX11, X21, LDX21, 
            THETA, 0, 0,
     159          |                                                            
                  2
     160    ......
     161      527 |      $                 WORK(IPHI), WORK(ITAUP1), WORK(ITAUP
            2),
     162          |                       1
  >> 163    Error: Type mismatch between actual argument at (1) and actual argu
            ment at (2) (REAL(4)/INTEGER(4)).
     164    sorcsd2by1.f:539:55:
     165    
     166      350 |                CALL SORGQR( P, P, Q, U1, LDU1, 0, WORK(1), 
            -1,
     167          |                                               2
     168    ......
     169      539 |             CALL SORGQR( P-1, P-1, P-1, U1(2,2), LDU1, WORK
            (ITAUP1),
     170          |                                                       1
  >> 171    Error: Type mismatch between actual argument at (1) and actual argu
            ment at (2) (REAL(4)/INTEGER(4)).
     172    sorcsd2by1.f:544:48:
     173    
     174      350 |                CALL SORGQR( P, P, Q, U1, LDU1, 0, WORK(1), 
            -1,
     175          |                                               2
     176    ......
     177      544 |             CALL SORGQR( M-P, M-P, Q, U2, LDU2, WORK(ITAUP2
            ),
     178          |                                                1
  >> 179    Error: Type mismatch between actual argument at (1) and actual argu
            ment at (2) (REAL(4)/INTEGER(4)).
     180    sorcsd2by1.f:549:46:
     181    
     182      361 |      $                   0, WORK(1), -1, CHILDINFO )
     183          |                         2
     184    ......
     185      549 |             CALL SORGLQ( Q, Q, R, V1T, LDV1T, WORK(ITAUQ1),
     186          |                                              1
  >> 187    Error: Type mismatch between actual argument at (1) and actual argu
            ment at (2) (REAL(4)/INTEGER(4)).
     188    sorcsd2by1.f:556:22:
     189    
     190      365 |      $                   0, U1, LDU1, U2, LDU2, V1T, LDV1T,
             0, 1, 0, 0,
     191          |                         2
     192    ......
     193      556 |      $                WORK(IPHI), V1T, LDV1T, 0, 1, U1, LDU
            1, U2, LDU2,
     194          |                      1
  >> 195    Error: Type mismatch between actual argument at (1) and actual argu
            ment at (2) (REAL(4)/INTEGER(4)).
     196    sorcsd2by1.f:581:23:
     197    
     198      392 |             CALL SORBDB3( M, P, Q, X11, LDX11, X21, LDX21, 
            THETA, 0, 0,
     199          |                                                            
                  2
     200    ......
     201      581 |      $                 WORK(IPHI), WORK(ITAUP1), WORK(ITAUP
            2),
     202          |                       1
  >> 203    Error: Type mismatch between actual argument at (1) and actual argu
            ment at (2) (REAL(4)/INTEGER(4)).
     204    sorcsd2by1.f:588:44:
     205    
     206      350 |                CALL SORGQR( P, P, Q, U1, LDU1, 0, WORK(1), 
            -1,
     207          |                                               2
     208    ......
     209      588 |             CALL SORGQR( P, P, Q, U1, LDU1, WORK(ITAUP1), W
            ORK(IORGQR),
     210          |                                            1
  >> 211    Error: Type mismatch between actual argument at (1) and actual argu
            ment at (2) (REAL(4)/INTEGER(4)).
     212    sorcsd2by1.f:600:25:
     213    
     214      350 |                CALL SORGQR( P, P, Q, U1, LDU1, 0, WORK(1), 
            -1,
     215          |                                               2
     216    ......
     217      600 |      $                   WORK(ITAUP2), WORK(IORGQR), LORGQR
            , CHILDINFO )
     218          |                         1
  >> 219    Error: Type mismatch between actual argument at (1) and actual argu
            ment at (2) (REAL(4)/INTEGER(4)).
     220    sorcsd2by1.f:604:46:
     221    
     222      361 |      $                   0, WORK(1), -1, CHILDINFO )
     223          |                         2
     224    ......
     225      604 |             CALL SORGLQ( Q, Q, R, V1T, LDV1T, WORK(ITAUQ1),
     226          |                                              1
  >> 227    Error: Type mismatch between actual argument at (1) and actual argu
            ment at (2) (REAL(4)/INTEGER(4)).
     228    sorcsd2by1.f:611:29:
     229    
     230      365 |      $                   0, U1, LDU1, U2, LDU2, V1T, LDV1T,
             0, 1, 0, 0,
     231          |                         2
     232    ......
     233      611 |      $                THETA, WORK(IPHI), 0, 1, V1T, LDV1T, 
            U2, LDU2, U1,
     234          |                             1
  >> 235    Error: Type mismatch between actual argument at (1) and actual argu
            ment at (2) (REAL(4)/INTEGER(4)).
     236    sorcsd2by1.f:641:23:
     237    
     238      416 |             CALL SORBDB4( M, P, Q, X11, LDX11, X21, LDX21, 
            THETA, 0, 0,
     239          |                                                            
                  2
     240    ......
     241      641 |      $                 WORK(IPHI), WORK(ITAUP1), WORK(ITAUP
            2),
     242          |                       1
  >> 243    Error: Type mismatch between actual argument at (1) and actual argu
            ment at (2) (REAL(4)/INTEGER(4)).
     244    sorcsd2by1.f:654:46:
     245    
     246      350 |                CALL SORGQR( P, P, Q, U1, LDU1, 0, WORK(1), 
            -1,
     247          |                                               2
     248    ......
     249      654 |             CALL SORGQR( P, P, M-Q, U1, LDU1, WORK(ITAUP1),
     250          |                                              1
  >> 251    Error: Type mismatch between actual argument at (1) and actual argu
            ment at (2) (REAL(4)/INTEGER(4)).
     252    sorcsd2by1.f:664:50:
     253    
     254      350 |                CALL SORGQR( P, P, Q, U1, LDU1, 0, WORK(1), 
            -1,
     255          |                                               2
     256    ......
     257      664 |             CALL SORGQR( M-P, M-P, M-Q, U2, LDU2, WORK(ITAU
            P2),
     258          |                                                  1
  >> 259    Error: Type mismatch between actual argument at (1) and actual argu
            ment at (2) (REAL(4)/INTEGER(4)).
     260    sorcsd2by1.f:673:46:
     261    
     262      361 |      $                   0, WORK(1), -1, CHILDINFO )
     263          |                         2
     264    ......
     265      673 |             CALL SORGLQ( Q, Q, Q, V1T, LDV1T, WORK(ITAUQ1),
     266          |                                              1
  >> 267    Error: Type mismatch between actual argument at (1) and actual argu
            ment at (2) (REAL(4)/INTEGER(4)).
     268    sorcsd2by1.f:680:29:
     269    
     270      365 |      $                   0, U1, LDU1, U2, LDU2, V1T, LDV1T,
             0, 1, 0, 0,
     271          |                         2
     272    ......
     273      680 |      $                THETA, WORK(IPHI), U2, LDU2, U1, LDU1
            , 0, 1, V1T,
     274          |                             1
  >> 275    Error: Type mismatch between actual argument at (1) and actual argu
            ment at (2) (REAL(4)/INTEGER(4)).
  >> 276    make[2]: *** [sorcsd2by1.o] Error 1
     277    make[2]: Leaving directory `/tmp/sochat1/spack-stage/spack-stage-op
            enblas-0.2.18-yidpq3fwlkztu5dl5hbjjgj7bskpjbpv/spack-src/lapack-net
            lib/SRC'
  >> 278    make[1]: *** [lapacklib] Error 2
     279    make[1]: Leaving directory `/tmp/sochat1/spack-stage/spack-stage-op
            enblas-0.2.18-yidpq3fwlkztu5dl5hbjjgj7bskpjbpv/spack-src/lapack-net
            lib'
  >> 280    make: *** [netlib] Error 2

See build log for details:
  /var/tmp/sochat1/spack-stage/spack-stage-openblas-0.2.18-yidpq3fwlkztu5dl5hbjjgj7bskpjbpv/spack-build-out.txt

==> Error: ProcessError: Command exited with status 2:
    'make' 'CC=/p/vast1/build/spack/lib/spack/env/gcc/gcc' 'FC=/p/vast1/build/spack/lib/spack/env/gcc/gfortran' 'MAKE_NO_J=1' 'TARGET=HASWELL' 'USE_OPENMP=0' 'USE_THREAD=0' 'libs' 'netlib' 'shared'

26 errors found in build log:
     93     
     94       365 |      $                   0, U1, LDU1, U2, LDU2, V1T, LDV1T,
             0, 1, 0, 0,
     95           |                                      2
     96     ......
     97       388 |      $                   0, V1T, LDV1T, 0, 1, U1, LDU1, U2,
             LDU2, 0, 0,
     98           |                                        1
  >> 99     Error: Type mismatch between actual argument at (1) and actual argu
            ment at (2) (INTEGER(4)/REAL(4)).
     100    sorcsd2by1.f:411:35:
     101    
     102      365 |      $                   0, U1, LDU1, U2, LDU2, V1T, LDV1T,
             0, 1, 0, 0,
     103          |                            2
     104    ......
     105      411 |      $                   THETA, 0, 0, 1, V1T, LDV1T, U2, LD
            U2, U1, LDU1,
     106          |                                   1
  >> 107    Error: Type mismatch between actual argument at (1) and actual argu
            ment at (2) (INTEGER(4)/REAL(4)).
     108    sorcsd2by1.f:435:55:
     109    
     110      365 |      $                   0, U1, LDU1, U2, LDU2, V1T, LDV1T,
             0, 1, 0, 0,
     111          |                                                2
     112    ......
     113      435 |      $                   THETA, 0, U2, LDU2, U1, LDU1, 0, 1
            , V1T, LDV1T,
     114          |                                                       1
  >> 115    Error: Type mismatch between actual argument at (1) and actual argu
            ment at (2) (INTEGER(4)/REAL(4)).
     116    sorcsd2by1.f:472:23:
     117    
     118      346 |             CALL SORBDB1( M, P, Q, X11, LDX11, X21, LDX21, 
            THETA, 0, 0,
     119          |                                                            
                  2
     120    ......
     121      472 |      $                 WORK(IPHI), WORK(ITAUP1), WORK(ITAUP
            2),
     122          |                       1
  >> 123    Error: Type mismatch between actual argument at (1) and actual argu
            ment at (2) (REAL(4)/INTEGER(4)).
     124    sorcsd2by1.f:479:44:
     125    
     126      350 |                CALL SORGQR( P, P, Q, U1, LDU1, 0, WORK(1), 
            -1,
     127          |                                               2
     128    ......
     129      479 |             CALL SORGQR( P, P, Q, U1, LDU1, WORK(ITAUP1), W
            ORK(IORGQR),
     130          |                                            1
  >> 131    Error: Type mismatch between actual argument at (1) and actual argu
            ment at (2) (REAL(4)/INTEGER(4)).
     132    sorcsd2by1.f:484:48:
     133    
     134      350 |                CALL SORGQR( P, P, Q, U1, LDU1, 0, WORK(1), 
            -1,
     135          |                                               2
     136    ......
     137      484 |             CALL SORGQR( M-P, M-P, Q, U2, LDU2, WORK(ITAUP2
            ),
     138          |                                                1
  >> 139    Error: Type mismatch between actual argument at (1) and actual argu
            ment at (2) (REAL(4)/INTEGER(4)).
     140    sorcsd2by1.f:495:57:
     141    
     142      361 |      $                   0, WORK(1), -1, CHILDINFO )
     143          |                         2
     144    ......
     145      495 |             CALL SORGLQ( Q-1, Q-1, Q-1, V1T(2,2), LDV1T, WO
            RK(ITAUQ1),
     146          |                                                         1
  >> 147    Error: Type mismatch between actual argument at (1) and actual argu
            ment at (2) (REAL(4)/INTEGER(4)).
     148    sorcsd2by1.f:502:22:
     149    
     150      365 |      $                   0, U1, LDU1, U2, LDU2, V1T, LDV1T,
             0, 1, 0, 0,
     151          |                         2
     152    ......
     153      502 |      $                WORK(IPHI), U1, LDU1, U2, LDU2, V1T, 
            LDV1T, 0, 1,
     154          |                      1
  >> 155    Error: Type mismatch between actual argument at (1) and actual argu
            ment at (2) (REAL(4)/INTEGER(4)).
     156    sorcsd2by1.f:527:23:
     157    
     158      369 |             CALL SORBDB2( M, P, Q, X11, LDX11, X21, LDX21, 
            THETA, 0, 0,
     159          |                                                            
                  2
     160    ......
     161      527 |      $                 WORK(IPHI), WORK(ITAUP1), WORK(ITAUP
            2),
     162          |                       1
  >> 163    Error: Type mismatch between actual argument at (1) and actual argu
            ment at (2) (REAL(4)/INTEGER(4)).
     164    sorcsd2by1.f:539:55:
     165    
     166      350 |                CALL SORGQR( P, P, Q, U1, LDU1, 0, WORK(1), 
            -1,
     167          |                                               2
     168    ......
     169      539 |             CALL SORGQR( P-1, P-1, P-1, U1(2,2), LDU1, WORK
            (ITAUP1),
     170          |                                                       1
  >> 171    Error: Type mismatch between actual argument at (1) and actual argu
            ment at (2) (REAL(4)/INTEGER(4)).
     172    sorcsd2by1.f:544:48:
     173    
     174      350 |                CALL SORGQR( P, P, Q, U1, LDU1, 0, WORK(1), 
            -1,
     175          |                                               2
     176    ......
     177      544 |             CALL SORGQR( M-P, M-P, Q, U2, LDU2, WORK(ITAUP2
            ),
     178          |                                                1
  >> 179    Error: Type mismatch between actual argument at (1) and actual argu
            ment at (2) (REAL(4)/INTEGER(4)).
     180    sorcsd2by1.f:549:46:
     181    
     182      361 |      $                   0, WORK(1), -1, CHILDINFO )
     183          |                         2
     184    ......
     185      549 |             CALL SORGLQ( Q, Q, R, V1T, LDV1T, WORK(ITAUQ1),
     186          |                                              1
  >> 187    Error: Type mismatch between actual argument at (1) and actual argu
            ment at (2) (REAL(4)/INTEGER(4)).
     188    sorcsd2by1.f:556:22:
     189    
     190      365 |      $                   0, U1, LDU1, U2, LDU2, V1T, LDV1T,
             0, 1, 0, 0,
     191          |                         2
     192    ......
     193      556 |      $                WORK(IPHI), V1T, LDV1T, 0, 1, U1, LDU
            1, U2, LDU2,
     194          |                      1
  >> 195    Error: Type mismatch between actual argument at (1) and actual argu
            ment at (2) (REAL(4)/INTEGER(4)).
     196    sorcsd2by1.f:581:23:
     197    
     198      392 |             CALL SORBDB3( M, P, Q, X11, LDX11, X21, LDX21, 
            THETA, 0, 0,
     199          |                                                            
                  2
     200    ......
     201      581 |      $                 WORK(IPHI), WORK(ITAUP1), WORK(ITAUP
            2),
     202          |                       1
  >> 203    Error: Type mismatch between actual argument at (1) and actual argu
            ment at (2) (REAL(4)/INTEGER(4)).
     204    sorcsd2by1.f:588:44:
     205    
     206      350 |                CALL SORGQR( P, P, Q, U1, LDU1, 0, WORK(1), 
            -1,
     207          |                                               2
     208    ......
     209      588 |             CALL SORGQR( P, P, Q, U1, LDU1, WORK(ITAUP1), W
            ORK(IORGQR),
     210          |                                            1
  >> 211    Error: Type mismatch between actual argument at (1) and actual argu
            ment at (2) (REAL(4)/INTEGER(4)).
     212    sorcsd2by1.f:600:25:
     213    
     214      350 |                CALL SORGQR( P, P, Q, U1, LDU1, 0, WORK(1), 
            -1,
     215          |                                               2
     216    ......
     217      600 |      $                   WORK(ITAUP2), WORK(IORGQR), LORGQR
            , CHILDINFO )
     218          |                         1
  >> 219    Error: Type mismatch between actual argument at (1) and actual argu
            ment at (2) (REAL(4)/INTEGER(4)).
     220    sorcsd2by1.f:604:46:
     221    
     222      361 |      $                   0, WORK(1), -1, CHILDINFO )
     223          |                         2
     224    ......
     225      604 |             CALL SORGLQ( Q, Q, R, V1T, LDV1T, WORK(ITAUQ1),
     226          |                                              1
  >> 227    Error: Type mismatch between actual argument at (1) and actual argu
            ment at (2) (REAL(4)/INTEGER(4)).
     228    sorcsd2by1.f:611:29:
     229    
     230      365 |      $                   0, U1, LDU1, U2, LDU2, V1T, LDV1T,
             0, 1, 0, 0,
     231          |                         2
     232    ......
     233      611 |      $                THETA, WORK(IPHI), 0, 1, V1T, LDV1T, 
            U2, LDU2, U1,
     234          |                             1
  >> 235    Error: Type mismatch between actual argument at (1) and actual argu
            ment at (2) (REAL(4)/INTEGER(4)).
     236    sorcsd2by1.f:641:23:
     237    
     238      416 |             CALL SORBDB4( M, P, Q, X11, LDX11, X21, LDX21, 
            THETA, 0, 0,
     239          |                                                            
                  2
     240    ......
     241      641 |      $                 WORK(IPHI), WORK(ITAUP1), WORK(ITAUP
            2),
     242          |                       1
  >> 243    Error: Type mismatch between actual argument at (1) and actual argu
            ment at (2) (REAL(4)/INTEGER(4)).
     244    sorcsd2by1.f:654:46:
     245    
     246      350 |                CALL SORGQR( P, P, Q, U1, LDU1, 0, WORK(1), 
            -1,
     247          |                                               2
     248    ......
     249      654 |             CALL SORGQR( P, P, M-Q, U1, LDU1, WORK(ITAUP1),
     250          |                                              1
  >> 251    Error: Type mismatch between actual argument at (1) and actual argu
            ment at (2) (REAL(4)/INTEGER(4)).
     252    sorcsd2by1.f:664:50:
     253    
     254      350 |                CALL SORGQR( P, P, Q, U1, LDU1, 0, WORK(1), 
            -1,
     255          |                                               2
     256    ......
     257      664 |             CALL SORGQR( M-P, M-P, M-Q, U2, LDU2, WORK(ITAU
            P2),
     258          |                                                  1
  >> 259    Error: Type mismatch between actual argument at (1) and actual argu
            ment at (2) (REAL(4)/INTEGER(4)).
     260    sorcsd2by1.f:673:46:
     261    
     262      361 |      $                   0, WORK(1), -1, CHILDINFO )
     263          |                         2
     264    ......
     265      673 |             CALL SORGLQ( Q, Q, Q, V1T, LDV1T, WORK(ITAUQ1),
     266          |                                              1
  >> 267    Error: Type mismatch between actual argument at (1) and actual argu
            ment at (2) (REAL(4)/INTEGER(4)).
     268    sorcsd2by1.f:680:29:
     269    
     270      365 |      $                   0, U1, LDU1, U2, LDU2, V1T, LDV1T,
             0, 1, 0, 0,
     271          |                         2
     272    ......
     273      680 |      $                THETA, WORK(IPHI), U2, LDU2, U1, LDU1
            , 0, 1, V1T,
     274          |                             1
  >> 275    Error: Type mismatch between actual argument at (1) and actual argu
            ment at (2) (REAL(4)/INTEGER(4)).
  >> 276    make[2]: *** [sorcsd2by1.o] Error 1
     277    make[2]: Leaving directory `/tmp/sochat1/spack-stage/spack-stage-op
            enblas-0.2.17-v7y7naztgn7ktcnz65vqbk6nj666v66m/spack-src/lapack-net
            lib/SRC'
  >> 278    make[1]: *** [lapacklib] Error 2
     279    make[1]: Leaving directory `/tmp/sochat1/spack-stage/spack-stage-op
            enblas-0.2.17-v7y7naztgn7ktcnz65vqbk6nj666v66m/spack-src/lapack-net
            lib'
  >> 280    make: *** [netlib] Error 2

See build log for details:
  /var/tmp/sochat1/spack-stage/spack-stage-openblas-0.2.17-v7y7naztgn7ktcnz65vqbk6nj666v66m/spack-build-out.txt

==> Error: ProcessError: Command exited with status 2:
    'make' 'CC=/p/vast1/build/spack/lib/spack/env/gcc/gcc' 'FC=/p/vast1/build/spack/lib/spack/env/gcc/gfortran' 'MAKE_NO_J=1' 'TARGET=HASWELL' 'BUILD_LAPACK_DEPRECATED=1' 'USE_OPENMP=0' 'USE_THREAD=0' 'libs' 'netlib' 'shared'

26 errors found in build log:
     93     
     94       365 |      $                   0, U1, LDU1, U2, LDU2, V1T, LDV1T,
             0, 1, 0, 0,
     95           |                                      2
     96     ......
     97       388 |      $                   0, V1T, LDV1T, 0, 1, U1, LDU1, U2,
             LDU2, 0, 0,
     98           |                                        1
  >> 99     Error: Type mismatch between actual argument at (1) and actual argu
            ment at (2) (INTEGER(4)/REAL(4)).
     100    sorcsd2by1.f:411:35:
     101    
     102      365 |      $                   0, U1, LDU1, U2, LDU2, V1T, LDV1T,
             0, 1, 0, 0,
     103          |                            2
     104    ......
     105      411 |      $                   THETA, 0, 0, 1, V1T, LDV1T, U2, LD
            U2, U1, LDU1,
     106          |                                   1
  >> 107    Error: Type mismatch between actual argument at (1) and actual argu
            ment at (2) (INTEGER(4)/REAL(4)).
     108    sorcsd2by1.f:435:55:
     109    
     110      365 |      $                   0, U1, LDU1, U2, LDU2, V1T, LDV1T,
             0, 1, 0, 0,
     111          |                                                2
     112    ......
     113      435 |      $                   THETA, 0, U2, LDU2, U1, LDU1, 0, 1
            , V1T, LDV1T,
     114          |                                                       1
  >> 115    Error: Type mismatch between actual argument at (1) and actual argu
            ment at (2) (INTEGER(4)/REAL(4)).
     116    sorcsd2by1.f:472:23:
     117    
     118      346 |             CALL SORBDB1( M, P, Q, X11, LDX11, X21, LDX21, 
            THETA, 0, 0,
     119          |                                                            
                  2
     120    ......
     121      472 |      $                 WORK(IPHI), WORK(ITAUP1), WORK(ITAUP
            2),
     122          |                       1
  >> 123    Error: Type mismatch between actual argument at (1) and actual argu
            ment at (2) (REAL(4)/INTEGER(4)).
     124    sorcsd2by1.f:479:44:
     125    
     126      350 |                CALL SORGQR( P, P, Q, U1, LDU1, 0, WORK(1), 
            -1,
     127          |                                               2
     128    ......
     129      479 |             CALL SORGQR( P, P, Q, U1, LDU1, WORK(ITAUP1), W
            ORK(IORGQR),
     130          |                                            1
  >> 131    Error: Type mismatch between actual argument at (1) and actual argu
            ment at (2) (REAL(4)/INTEGER(4)).
     132    sorcsd2by1.f:484:48:
     133    
     134      350 |                CALL SORGQR( P, P, Q, U1, LDU1, 0, WORK(1), 
            -1,
     135          |                                               2
     136    ......
     137      484 |             CALL SORGQR( M-P, M-P, Q, U2, LDU2, WORK(ITAUP2
            ),
     138          |                                                1
  >> 139    Error: Type mismatch between actual argument at (1) and actual argu
            ment at (2) (REAL(4)/INTEGER(4)).
     140    sorcsd2by1.f:495:57:
     141    
     142      361 |      $                   0, WORK(1), -1, CHILDINFO )
     143          |                         2
     144    ......
     145      495 |             CALL SORGLQ( Q-1, Q-1, Q-1, V1T(2,2), LDV1T, WO
            RK(ITAUQ1),
     146          |                                                         1
  >> 147    Error: Type mismatch between actual argument at (1) and actual argu
            ment at (2) (REAL(4)/INTEGER(4)).
     148    sorcsd2by1.f:502:22:
     149    
     150      365 |      $                   0, U1, LDU1, U2, LDU2, V1T, LDV1T,
             0, 1, 0, 0,
     151          |                         2
     152    ......
     153      502 |      $                WORK(IPHI), U1, LDU1, U2, LDU2, V1T, 
            LDV1T, 0, 1,
     154          |                      1
  >> 155    Error: Type mismatch between actual argument at (1) and actual argu
            ment at (2) (REAL(4)/INTEGER(4)).
     156    sorcsd2by1.f:527:23:
     157    
     158      369 |             CALL SORBDB2( M, P, Q, X11, LDX11, X21, LDX21, 
            THETA, 0, 0,
     159          |                                                            
                  2
     160    ......
     161      527 |      $                 WORK(IPHI), WORK(ITAUP1), WORK(ITAUP
            2),
     162          |                       1
  >> 163    Error: Type mismatch between actual argument at (1) and actual argu
            ment at (2) (REAL(4)/INTEGER(4)).
     164    sorcsd2by1.f:539:55:
     165    
     166      350 |                CALL SORGQR( P, P, Q, U1, LDU1, 0, WORK(1), 
            -1,
     167          |                                               2
     168    ......
     169      539 |             CALL SORGQR( P-1, P-1, P-1, U1(2,2), LDU1, WORK
            (ITAUP1),
     170          |                                                       1
  >> 171    Error: Type mismatch between actual argument at (1) and actual argu
            ment at (2) (REAL(4)/INTEGER(4)).
     172    sorcsd2by1.f:544:48:
     173    
     174      350 |                CALL SORGQR( P, P, Q, U1, LDU1, 0, WORK(1), 
            -1,
     175          |                                               2
     176    ......
     177      544 |             CALL SORGQR( M-P, M-P, Q, U2, LDU2, WORK(ITAUP2
            ),
     178          |                                                1
  >> 179    Error: Type mismatch between actual argument at (1) and actual argu
            ment at (2) (REAL(4)/INTEGER(4)).
     180    sorcsd2by1.f:549:46:
     181    
     182      361 |      $                   0, WORK(1), -1, CHILDINFO )
     183          |                         2
     184    ......
     185      549 |             CALL SORGLQ( Q, Q, R, V1T, LDV1T, WORK(ITAUQ1),
     186          |                                              1
  >> 187    Error: Type mismatch between actual argument at (1) and actual argu
            ment at (2) (REAL(4)/INTEGER(4)).
     188    sorcsd2by1.f:556:22:
     189    
     190      365 |      $                   0, U1, LDU1, U2, LDU2, V1T, LDV1T,
             0, 1, 0, 0,
     191          |                         2
     192    ......
     193      556 |      $                WORK(IPHI), V1T, LDV1T, 0, 1, U1, LDU
            1, U2, LDU2,
     194          |                      1
  >> 195    Error: Type mismatch between actual argument at (1) and actual argu
            ment at (2) (REAL(4)/INTEGER(4)).
     196    sorcsd2by1.f:581:23:
     197    
     198      392 |             CALL SORBDB3( M, P, Q, X11, LDX11, X21, LDX21, 
            THETA, 0, 0,
     199          |                                                            
                  2
     200    ......
     201      581 |      $                 WORK(IPHI), WORK(ITAUP1), WORK(ITAUP
            2),
     202          |                       1
  >> 203    Error: Type mismatch between actual argument at (1) and actual argu
            ment at (2) (REAL(4)/INTEGER(4)).
     204    sorcsd2by1.f:588:44:
     205    
     206      350 |                CALL SORGQR( P, P, Q, U1, LDU1, 0, WORK(1), 
            -1,
     207          |                                               2
     208    ......
     209      588 |             CALL SORGQR( P, P, Q, U1, LDU1, WORK(ITAUP1), W
            ORK(IORGQR),
     210          |                                            1
  >> 211    Error: Type mismatch between actual argument at (1) and actual argu
            ment at (2) (REAL(4)/INTEGER(4)).
     212    sorcsd2by1.f:600:25:
     213    
     214      350 |                CALL SORGQR( P, P, Q, U1, LDU1, 0, WORK(1), 
            -1,
     215          |                                               2
     216    ......
     217      600 |      $                   WORK(ITAUP2), WORK(IORGQR), LORGQR
            , CHILDINFO )
     218          |                         1
  >> 219    Error: Type mismatch between actual argument at (1) and actual argu
            ment at (2) (REAL(4)/INTEGER(4)).
     220    sorcsd2by1.f:604:46:
     221    
     222      361 |      $                   0, WORK(1), -1, CHILDINFO )
     223          |                         2
     224    ......
     225      604 |             CALL SORGLQ( Q, Q, R, V1T, LDV1T, WORK(ITAUQ1),
     226          |                                              1
  >> 227    Error: Type mismatch between actual argument at (1) and actual argu
            ment at (2) (REAL(4)/INTEGER(4)).
     228    sorcsd2by1.f:611:29:
     229    
     230      365 |      $                   0, U1, LDU1, U2, LDU2, V1T, LDV1T,
             0, 1, 0, 0,
     231          |                         2
     232    ......
     233      611 |      $                THETA, WORK(IPHI), 0, 1, V1T, LDV1T, 
            U2, LDU2, U1,
     234          |                             1
  >> 235    Error: Type mismatch between actual argument at (1) and actual argu
            ment at (2) (REAL(4)/INTEGER(4)).
     236    sorcsd2by1.f:641:23:
     237    
     238      416 |             CALL SORBDB4( M, P, Q, X11, LDX11, X21, LDX21, 
            THETA, 0, 0,
     239          |                                                            
                  2
     240    ......
     241      641 |      $                 WORK(IPHI), WORK(ITAUP1), WORK(ITAUP
            2),
     242          |                       1
  >> 243    Error: Type mismatch between actual argument at (1) and actual argu
            ment at (2) (REAL(4)/INTEGER(4)).
     244    sorcsd2by1.f:654:46:
     245    
     246      350 |                CALL SORGQR( P, P, Q, U1, LDU1, 0, WORK(1), 
            -1,
     247          |                                               2
     248    ......
     249      654 |             CALL SORGQR( P, P, M-Q, U1, LDU1, WORK(ITAUP1),
     250          |                                              1
  >> 251    Error: Type mismatch between actual argument at (1) and actual argu
            ment at (2) (REAL(4)/INTEGER(4)).
     252    sorcsd2by1.f:664:50:
     253    
     254      350 |                CALL SORGQR( P, P, Q, U1, LDU1, 0, WORK(1), 
            -1,
     255          |                                               2
     256    ......
     257      664 |             CALL SORGQR( M-P, M-P, M-Q, U2, LDU2, WORK(ITAU
            P2),
     258          |                                                  1
  >> 259    Error: Type mismatch between actual argument at (1) and actual argu
            ment at (2) (REAL(4)/INTEGER(4)).
     260    sorcsd2by1.f:673:46:
     261    
     262      361 |      $                   0, WORK(1), -1, CHILDINFO )
     263          |                         2
     264    ......
     265      673 |             CALL SORGLQ( Q, Q, Q, V1T, LDV1T, WORK(ITAUQ1),
     266          |                                              1
  >> 267    Error: Type mismatch between actual argument at (1) and actual argu
            ment at (2) (REAL(4)/INTEGER(4)).
     268    sorcsd2by1.f:680:29:
     269    
     270      365 |      $                   0, U1, LDU1, U2, LDU2, V1T, LDV1T,
             0, 1, 0, 0,
     271          |                         2
     272    ......
     273      680 |      $                THETA, WORK(IPHI), U2, LDU2, U1, LDU1
            , 0, 1, V1T,
     274          |                             1
  >> 275    Error: Type mismatch between actual argument at (1) and actual argu
            ment at (2) (REAL(4)/INTEGER(4)).
  >> 276    make[2]: *** [sorcsd2by1.o] Error 1
     277    make[2]: Leaving directory `/tmp/sochat1/spack-stage/spack-stage-op
            enblas-0.2.16-yhnqacqy2ipmez3a6biqhs5du67jtlml/spack-src/lapack-net
            lib/SRC'
  >> 278    make[1]: *** [lapacklib] Error 2
     279    make[1]: Leaving directory `/tmp/sochat1/spack-stage/spack-stage-op
            enblas-0.2.16-yhnqacqy2ipmez3a6biqhs5du67jtlml/spack-src/lapack-net
            lib'
  >> 280    make: *** [netlib] Error 2

See build log for details:
  /var/tmp/sochat1/spack-stage/spack-stage-openblas-0.2.16-yhnqacqy2ipmez3a6biqhs5du67jtlml/spack-build-out.txt

==> Error: ProcessError: Command exited with status 2:
    'make' 'CC=/p/vast1/build/spack/lib/spack/env/gcc/gcc' 'FC=/p/vast1/build/spack/lib/spack/env/gcc/gfortran' 'MAKE_NO_J=1' 'TARGET=HASWELL' 'USE_OPENMP=0' 'USE_THREAD=0' 'libs' 'netlib' 'shared'

26 errors found in build log:
     98     
     99       366 |      $                   0, U1, LDU1, U2, LDU2, V1T, LDV1T,
             0, 1, 0, 0,
     100          |                                      2
     101    ......
     102      389 |      $                   0, V1T, LDV1T, 0, 1, U1, LDU1, U2,
             LDU2, 0, 0,
     103          |                                        1
  >> 104    Error: Type mismatch between actual argument at (1) and actual argu
            ment at (2) (INTEGER(4)/REAL(4)).
     105    /p/vast1/build/spack/lib/spack/env/gcc/gfortran -O2 -Wall -m64 -fPI
            C -c dgeqr2p.f -o dgeqr2p.o
     106    sorcsd2by1.f:412:35:
     107    
     108      366 |      $                   0, U1, LDU1, U2, LDU2, V1T, LDV1T,
             0, 1, 0, 0,
     109          |                            2
     110    ......
     111      412 |      $                   THETA, 0, 0, 1, V1T, LDV1T, U2, LD
            U2, U1, LDU1,
     112          |                                   1
  >> 113    Error: Type mismatch between actual argument at (1) and actual argu
            ment at (2) (INTEGER(4)/REAL(4)).
     114    dgelss.f:260:28:
     115    
     116      260 |                LWORK_DGEQRF=DUM(1)
     117          |                            1
     118    Warning: Possible change of value in conversion from REAL(8) to INT
            EGER(4) at (1) [-Wconversion]
     119    dgelss.f:264:28:

     ...

     180    
     181      366 |      $                   0, U1, LDU1, U2, LDU2, V1T, LDV1T,
             0, 1, 0, 0,
     182          |                                                2
     183    ......
     184      436 |      $                   THETA, 0, U2, LDU2, U1, LDU1, 0, 1
            , V1T, LDV1T,
     185          |                                                       1
  >> 186    Error: Type mismatch between actual argument at (1) and actual argu
            ment at (2) (INTEGER(4)/REAL(4)).
     187    sorcsd2by1.f:473:23:
     188    
     189      347 |             CALL SORBDB1( M, P, Q, X11, LDX11, X21, LDX21, 
            THETA, 0, 0,
     190          |                                                            
                  2
     191    ......
     192      473 |      $                 WORK(IPHI), WORK(ITAUP1), WORK(ITAUP
            2),
     193          |                       1
  >> 194    Error: Type mismatch between actual argument at (1) and actual argu
            ment at (2) (REAL(4)/INTEGER(4)).
     195    sorcsd2by1.f:480:44:
     196    
     197      351 |                CALL SORGQR( P, P, Q, U1, LDU1, 0, WORK(1), 
            -1,
     198          |                                               2
     199    ......
     200      480 |             CALL SORGQR( P, P, Q, U1, LDU1, WORK(ITAUP1), W
            ORK(IORGQR),
     201          |                                            1
  >> 202    Error: Type mismatch between actual argument at (1) and actual argu
            ment at (2) (REAL(4)/INTEGER(4)).
     203    sorcsd2by1.f:485:48:
     204    
     205      351 |                CALL SORGQR( P, P, Q, U1, LDU1, 0, WORK(1), 
            -1,
     206          |                                               2
     207    ......
     208      485 |             CALL SORGQR( M-P, M-P, Q, U2, LDU2, WORK(ITAUP2
            ),
     209          |                                                1
  >> 210    Error: Type mismatch between actual argument at (1) and actual argu
            ment at (2) (REAL(4)/INTEGER(4)).
     211    sorcsd2by1.f:496:57:
     212    
     213      362 |      $                   0, WORK(1), -1, CHILDINFO )
     214          |                         2
     215    ......
     216      496 |             CALL SORGLQ( Q-1, Q-1, Q-1, V1T(2,2), LDV1T, WO
            RK(ITAUQ1),
     217          |                                                         1
  >> 218    Error: Type mismatch between actual argument at (1) and actual argu
            ment at (2) (REAL(4)/INTEGER(4)).
     219    sorcsd2by1.f:503:22:
     220    
     221      366 |      $                   0, U1, LDU1, U2, LDU2, V1T, LDV1T,
             0, 1, 0, 0,
     222          |                         2
     223    ......
     224      503 |      $                WORK(IPHI), U1, LDU1, U2, LDU2, V1T, 
            LDV1T, 0, 1,
     225          |                      1
  >> 226    Error: Type mismatch between actual argument at (1) and actual argu
            ment at (2) (REAL(4)/INTEGER(4)).
     227    sorcsd2by1.f:528:23:
     228    
     229      370 |             CALL SORBDB2( M, P, Q, X11, LDX11, X21, LDX21, 
            THETA, 0, 0,
     230          |                                                            
                  2
     231    ......
     232      528 |      $                 WORK(IPHI), WORK(ITAUP1), WORK(ITAUP
            2),
     233          |                       1
  >> 234    Error: Type mismatch between actual argument at (1) and actual argu
            ment at (2) (REAL(4)/INTEGER(4)).
     235    sorcsd2by1.f:540:55:
     236    
     237      351 |                CALL SORGQR( P, P, Q, U1, LDU1, 0, WORK(1), 
            -1,
     238          |                                               2
     239    ......
     240      540 |             CALL SORGQR( P-1, P-1, P-1, U1(2,2), LDU1, WORK
            (ITAUP1),
     241          |                                                       1
  >> 242    Error: Type mismatch between actual argument at (1) and actual argu
            ment at (2) (REAL(4)/INTEGER(4)).
     243    sorcsd2by1.f:545:48:
     244    
     245      351 |                CALL SORGQR( P, P, Q, U1, LDU1, 0, WORK(1), 
            -1,
     246          |                                               2
     247    ......
     248      545 |             CALL SORGQR( M-P, M-P, Q, U2, LDU2, WORK(ITAUP2
            ),
     249          |                                                1
  >> 250    Error: Type mismatch between actual argument at (1) and actual argu
            ment at (2) (REAL(4)/INTEGER(4)).
     251    sorcsd2by1.f:550:46:
     252    
     253      362 |      $                   0, WORK(1), -1, CHILDINFO )
     254          |                         2
     255    ......
     256      550 |             CALL SORGLQ( Q, Q, R, V1T, LDV1T, WORK(ITAUQ1),
     257          |                                              1
  >> 258    Error: Type mismatch between actual argument at (1) and actual argu
            ment at (2) (REAL(4)/INTEGER(4)).
     259    sorcsd2by1.f:557:22:
     260    
     261      366 |      $                   0, U1, LDU1, U2, LDU2, V1T, LDV1T,
             0, 1, 0, 0,
     262          |                         2
     263    ......
     264      557 |      $                WORK(IPHI), V1T, LDV1T, 0, 1, U1, LDU
            1, U2, LDU2,
     265          |                      1
  >> 266    Error: Type mismatch between actual argument at (1) and actual argu
            ment at (2) (REAL(4)/INTEGER(4)).
     267    sorcsd2by1.f:582:23:
     268    
     269      393 |             CALL SORBDB3( M, P, Q, X11, LDX11, X21, LDX21, 
            THETA, 0, 0,
     270          |                                                            
                  2
     271    ......
     272      582 |      $                 WORK(IPHI), WORK(ITAUP1), WORK(ITAUP
            2),
     273          |                       1
  >> 274    Error: Type mismatch between actual argument at (1) and actual argu
            ment at (2) (REAL(4)/INTEGER(4)).
     275    sorcsd2by1.f:589:44:
     276    
     277      351 |                CALL SORGQR( P, P, Q, U1, LDU1, 0, WORK(1), 
            -1,
     278          |                                               2
     279    ......
     280      589 |             CALL SORGQR( P, P, Q, U1, LDU1, WORK(ITAUP1), W
            ORK(IORGQR),
     281          |                                            1
  >> 282    Error: Type mismatch between actual argument at (1) and actual argu
            ment at (2) (REAL(4)/INTEGER(4)).
     283    sorcsd2by1.f:601:25:
     284    
     285      351 |                CALL SORGQR( P, P, Q, U1, LDU1, 0, WORK(1), 
            -1,
     286          |                                               2
     287    ......
     288      601 |      $                   WORK(ITAUP2), WORK(IORGQR), LORGQR
            , CHILDINFO )
     289          |                         1
  >> 290    Error: Type mismatch between actual argument at (1) and actual argu
            ment at (2) (REAL(4)/INTEGER(4)).
     291    sorcsd2by1.f:605:46:
     292    
     293      362 |      $                   0, WORK(1), -1, CHILDINFO )
     294          |                         2
     295    ......
     296      605 |             CALL SORGLQ( Q, Q, R, V1T, LDV1T, WORK(ITAUQ1),
     297          |                                              1
  >> 298    Error: Type mismatch between actual argument at (1) and actual argu
            ment at (2) (REAL(4)/INTEGER(4)).
     299    sorcsd2by1.f:612:29:
     300    
     301      366 |      $                   0, U1, LDU1, U2, LDU2, V1T, LDV1T,
             0, 1, 0, 0,
     302          |                         2
     303    ......
     304      612 |      $                THETA, WORK(IPHI), 0, 1, V1T, LDV1T, 
            U2, LDU2, U1,
     305          |                             1
  >> 306    Error: Type mismatch between actual argument at (1) and actual argu
            ment at (2) (REAL(4)/INTEGER(4)).
     307    sorcsd2by1.f:642:23:
     308    
     309      417 |             CALL SORBDB4( M, P, Q, X11, LDX11, X21, LDX21, 
            THETA, 0, 0,
     310          |                                                            
                  2
     311    ......
     312      642 |      $                 WORK(IPHI), WORK(ITAUP1), WORK(ITAUP
            2),
     313          |                       1
  >> 314    Error: Type mismatch between actual argument at (1) and actual argu
            ment at (2) (REAL(4)/INTEGER(4)).
     315    sorcsd2by1.f:655:46:
     316    
     317      351 |                CALL SORGQR( P, P, Q, U1, LDU1, 0, WORK(1), 
            -1,
     318          |                                               2
     319    ......
     320      655 |             CALL SORGQR( P, P, M-Q, U1, LDU1, WORK(ITAUP1),
     321          |                                              1
  >> 322    Error: Type mismatch between actual argument at (1) and actual argu
            ment at (2) (REAL(4)/INTEGER(4)).
     323    sorcsd2by1.f:665:50:
     324    
     325      351 |                CALL SORGQR( P, P, Q, U1, LDU1, 0, WORK(1), 
            -1,
     326          |                                               2
     327    ......
     328      665 |             CALL SORGQR( M-P, M-P, M-Q, U2, LDU2, WORK(ITAU
            P2),
     329          |                                                  1
  >> 330    Error: Type mismatch between actual argument at (1) and actual argu
            ment at (2) (REAL(4)/INTEGER(4)).
     331    sorcsd2by1.f:674:46:
     332    
     333      362 |      $                   0, WORK(1), -1, CHILDINFO )
     334          |                         2
     335    ......
     336      674 |             CALL SORGLQ( Q, Q, Q, V1T, LDV1T, WORK(ITAUQ1),
     337          |                                              1
  >> 338    Error: Type mismatch between actual argument at (1) and actual argu
            ment at (2) (REAL(4)/INTEGER(4)).
     339    sorcsd2by1.f:681:29:
     340    
     341      366 |      $                   0, U1, LDU1, U2, LDU2, V1T, LDV1T,
             0, 1, 0, 0,
     342          |                         2
     343    ......
     344      681 |      $                THETA, WORK(IPHI), U2, LDU2, U1, LDU1
            , 0, 1, V1T,
     345          |                             1
  >> 346    Error: Type mismatch between actual argument at (1) and actual argu
            ment at (2) (REAL(4)/INTEGER(4)).
  >> 347    make[2]: *** [sorcsd2by1.o] Error 1
     348    make[2]: *** Waiting for unfinished jobs....
     349    dgeqlf.f:247:0:
     350    
     351      247 |             IB = MIN( K-I+1, NB )
     352          |
     353    Warning: 'nb' may be used uninitialized in this function [-Wmaybe-u
            ninitialized]
     354    dgelss.f:444:12:
     355    
     356      444 |          IF( M.GE.MNTHR ) THEN
     357          |            ^
     358    Warning: 'mnthr' may be used uninitialized in this function [-Wmayb
            e-uninitialized]
     359    make[2]: Leaving directory `/tmp/sochat1/spack-stage/spack-stage-op
            enblas-0.2.15-v3lxndobuxrhunbkbuhzvqhbumk4jame/spack-src/lapack-net
            lib/SRC'
  >> 360    make[1]: *** [lapacklib] Error 2
     361    make[1]: Leaving directory `/tmp/sochat1/spack-stage/spack-stage-op
            enblas-0.2.15-v3lxndobuxrhunbkbuhzvqhbumk4jame/spack-src/lapack-net
            lib'
  >> 362    make: *** [netlib] Error 2

See build log for details:
  /var/tmp/sochat1/spack-stage/spack-stage-openblas-0.2.15-v3lxndobuxrhunbkbuhzvqhbumk4jame/spack-build-out.txt

Making predictions for symbolator
Making predictions for libabigail
Making predictions for actual
/var/spool/slurmd/job100520/slurm_script: line 12: 17259 Killed                  spliced splice --package hypre@2.22.0 --splice openblas --runner spack --replace openblas --experiment experiment --outfile /p/vast1/build/spliced-experiment/results/hypre/2.22.0/openblas/experiment.json
==> Warning: Missing a source id for openblas@develop
==> Error: Failed to upgrade to a write lock for openblas-0.3.3-5azsjzpnupoiiluag7bg6vcwsfxfy5xo due to LockUpgradeError: Cannot upgrade lock from read to write on file: /p/vast1/build/spack/opt/spack/.spack-db/prefix_lock
==> Warning: AssertionError exception when releasing read lock for openblas-0.3.3-5azsjzpnupoiiluag7bg6vcwsfxfy5xo: 
==> Warning: openblas-0.3.2-zoeklqzbjjfazmsynrgi5ip43uycbdcf failed to install
==> Warning: AssertionError exception when releasing read lock for openblas-0.3.2-zoeklqzbjjfazmsynrgi5ip43uycbdcf: 
==> Error: openblas-0.3.2-zoeklqzbjjfazmsynrgi5ip43uycbdcf: Package was not installed
==> Warning: openblas-0.3.1-6ahkovd4z2d3xhev6ba3jgr7natgq2c3 failed to install
==> Warning: AssertionError exception when releasing read lock for openblas-0.3.1-6ahkovd4z2d3xhev6ba3jgr7natgq2c3: 
==> Error: openblas-0.3.1-6ahkovd4z2d3xhev6ba3jgr7natgq2c3: Package was not installed
==> Warning: openblas-0.3.0-7kvu2zss36ancm7c2jse2dnzhlpdgwze failed to install
==> Warning: AssertionError exception when releasing read lock for openblas-0.3.0-7kvu2zss36ancm7c2jse2dnzhlpdgwze: 
==> Error: openblas-0.3.0-7kvu2zss36ancm7c2jse2dnzhlpdgwze: Package was not installed
==> Warning: openblas-0.2.19-gnnxdhop3nk3baqqhkdaigwjuh62ncir failed to install
==> Warning: AssertionError exception when releasing read lock for openblas-0.2.19-gnnxdhop3nk3baqqhkdaigwjuh62ncir: 
==> Error: openblas-0.2.19-gnnxdhop3nk3baqqhkdaigwjuh62ncir: Package was not installed
==> Warning: openblas-0.2.18-yidpq3fwlkztu5dl5hbjjgj7bskpjbpv failed to install
==> Warning: AssertionError exception when releasing read lock for openblas-0.2.18-yidpq3fwlkztu5dl5hbjjgj7bskpjbpv: 
==> Error: openblas-0.2.18-yidpq3fwlkztu5dl5hbjjgj7bskpjbpv: Package was not installed
==> Warning: openblas-0.2.17-v7y7naztgn7ktcnz65vqbk6nj666v66m failed to install
==> Warning: AssertionError exception when releasing read lock for openblas-0.2.17-v7y7naztgn7ktcnz65vqbk6nj666v66m: 
==> Error: openblas-0.2.17-v7y7naztgn7ktcnz65vqbk6nj666v66m: Package was not installed
==> Warning: openblas-0.2.16-yhnqacqy2ipmez3a6biqhs5du67jtlml failed to install
==> Warning: AssertionError exception when releasing read lock for openblas-0.2.16-yhnqacqy2ipmez3a6biqhs5du67jtlml: 
==> Error: openblas-0.2.16-yhnqacqy2ipmez3a6biqhs5du67jtlml: Package was not installed
==> Warning: openblas-0.2.15-v3lxndobuxrhunbkbuhzvqhbumk4jame failed to install
==> Warning: AssertionError exception when releasing read lock for openblas-0.2.15-v3lxndobuxrhunbkbuhzvqhbumk4jame: 
==> Error: openblas-0.2.15-v3lxndobuxrhunbkbuhzvqhbumk4jame: Package was not installed
Making predictions for spack-test
Making predictions for symbolator
Making predictions for libabigail
abicompat not found on path, will look for spack instead.
Making predictions for actual
