slurmstepd: error: *** JOB 96694 ON oslic11 CANCELLED AT 2022-02-24T22:40:57 DUE TO TIME LIMIT ***
/var/spool/slurmd/job100043/slurm_script: line 12: 44755 Killed                  spliced splice --package caliper@2.7.0 --splice openmpi --runner spack --replace openmpi --experiment experiment --outfile /p/vast1/build/spliced-experiment/results/caliper/2.7.0/openmpi/experiment.json
==> Error: ProcessError: Command exited with status 2:
    'make' '-j16'

9 errors found in build log:
     283    [ 97%] Linking CXX executable cali-query
     284    cd /tmp/sochat1/spack-stage/spack-stage-caliper-2.7.0-yamdgz2affmqy
            bybblyf7zbdr2mb4q3l/spack-build-yamdgz2/src/tools/cali-query && /p/
            vast1/build/spack/opt/spack/linux-rhel7-broadwell/gcc-10.2.1/cmake-
            3.22.2-7oku4yd37mfoi65gi3alunjbl35euphw/bin/cmake -E cmake_link_scr
            ipt CMakeFiles/cali-query.dir/link.txt --verbose=1
     285    /p/vast1/build/spack/lib/spack/env/gcc/g++ -O2 -g -DNDEBUG -rdynami
            c CMakeFiles/cali-stat.dir/cali-stat.cpp.o -o cali-stat  -Wl,-rpath
            ,/tmp/sochat1/spack-stage/spack-stage-caliper-2.7.0-yamdgz2affmqyby
            bblyf7zbdr2mb4q3l/spack-build-yamdgz2/src/tools/util:/tmp/sochat1/s
            pack-stage/spack-stage-caliper-2.7.0-yamdgz2affmqybybblyf7zbdr2mb4q
            3l/spack-build-yamdgz2/src:/p/vast1/build/spack/opt/spack/linux-rhe
            l7-broadwell/gcc-10.2.1/adiak-0.2.1-wo554abjcjhbmxe75vsn5cnmzuk67z5
            s/lib:/p/vast1/build/spack/opt/spack/linux-rhel7-broadwell/gcc-10.2
            .1/openmpi-4.1.2-mtnsjnbj5kuefhd6gtupaglpuytu6vhz/lib::::::::::::::
            :::::::::::::::::::::::::::::::::::::::::::::::::::::::::::::::::::
            :::::::::::::::::::::::::::::::::::::::::::::::::::::::::::::::::::
            :::::::::::::::::::::::::::::::::::::::::::::::::::::::::::::::::::
            :::::::::::::::::::::::::::::::::::::::::::::::::::::::::::::::::::
            :::::::::::::::::::::::::::::::::::::::::::::::::::::::::::::::::::
            :::::::::::::::::::::::::::::::::::::::::::::::::::::::::::::::::::
            :::::::::::::::::::::::::::::::::::::::::::::::::::::::::::::::::::
            :::::::::::::::::::::::::::::::::::::::::::::::::::::::::::::::::::
            :::::::::::::::::::::::::::::::::::::::::::::::::::::::::::::::::::
            :::::::::::::::::::::::::::::::::::::::::::::::::::::::::::::::::::
            :::::::::::::::::::::::::::::::::::::::::::::::::::::::::::::::::::
            :::::::::::::::::::::::::::::::::::::::::::::::::::::::::::::::::::
            :::::::::::::::::::::::::::::::::::::::::::::::::::::::::::::::::::
            :::::::::::::::::::::::::::::::::::::::::::::::::::::::::::::::::::
            :::::::::::::::::::::::::::::::::::::::::::::::::::::::::::::::::::
            :::::::::::::::::::::::::::::::::::::::::::::::::::::::::::::::::::
            :::::::::::::::::::::::::::::::::::::::::::::::::::::::::::::::::::
            :::::::::::::::::::::::::::::::::::::::::::::::::::::::::::::::::::
            :::::::::::::::::::::::::::::::::::::::::::::::::::::::::::::::::::
            :::::::::::::::::::::::::::::::::::::::::::::::::::::::::::::::::::
            :::::::::::::::::::::::::::::::::::::::::::::::::::::::::::::::::::
            :::::::::::::::::::::::::::::::::::::::::::::::::::::::::::::::::::
            :::::::::::::::::::::::::::::::::::::::::::::::::::::::::::::::::::
            :::::::::::::::::::::::::::::::::::::::::::::::::::::::::::::::::::
            :::::::::::::::::::::::::::::::::::::::::::::::::::::::::::::::::::
            :::::::::::::::::::::::::::::::::::::: ../util/libcaliper-tools-uti
            l.so.2.7.0 ../../libcaliper-serial.so.2.7.0 -Wl,-rpath-link,/p/vast
            1/build/spack/opt/spack/linux-rhel7-broadwell/gcc-10.2.1/adiak-0.2.
            1-wo554abjcjhbmxe75vsn5cnmzuk67z5s/lib:/p/vast1/build/spack/opt/spa
            ck/linux-rhel7-broadwell/gcc-10.2.1/openmpi-4.1.2-mtnsjnbj5kuefhd6g
            tupaglpuytu6vhz/lib
     286    /p/vast1/build/spack/lib/spack/env/gcc/g++ -O2 -g -DNDEBUG -rdynami
            c CMakeFiles/cali-query.dir/AttributeExtract.cpp.o CMakeFiles/cali-
            query.dir/cali-query.cpp.o CMakeFiles/query-common.dir/query_common
            .cpp.o -o cali-query  -Wl,-rpath,/tmp/sochat1/spack-stage/spack-sta
            ge-caliper-2.7.0-yamdgz2affmqybybblyf7zbdr2mb4q3l/spack-build-yamdg
            z2/src/tools/util:/tmp/sochat1/spack-stage/spack-stage-caliper-2.7.
            0-yamdgz2affmqybybblyf7zbdr2mb4q3l/spack-build-yamdgz2/src:/p/vast1
            /build/spack/opt/spack/linux-rhel7-broadwell/gcc-10.2.1/adiak-0.2.1
            -wo554abjcjhbmxe75vsn5cnmzuk67z5s/lib:/p/vast1/build/spack/opt/spac
            k/linux-rhel7-broadwell/gcc-10.2.1/openmpi-4.1.2-mtnsjnbj5kuefhd6gt
            upaglpuytu6vhz/lib:::::::::::::::::::::::::::::::::::::::::::::::::
            :::::::::::::::::::::::::::::::::::::::::::::::::::::::::::::::::::
            :::::::::::::::::::::::::::::::::::::::::::::::::::::::::::::::::::
            :::::::::::::::::::::::::::::::::::::::::::::::::::::::::::::::::::
            :::::::::::::::::::::::::::::::::::::::::::::::::::::::::::::::::::
            :::::::::::::::::::::::::::::::::::::::::::::::::::::::::::::::::::
            :::::::::::::::::::::::::::::::::::::::::::::::::::::::::::::::::::
            :::::::::::::::::::::::::::::::::::::::::::::::::::::::::::::::::::
            :::::::::::::::::::::::::::::::::::::::::::::::::::::::::::::::::::
            :::::::::::::::::::::::::::::::::::::::::::::::::::::::::::::::::::
            :::::::::::::::::::::::::::::::::::::::::::::::::::::::::::::::::::
            :::::::::::::::::::::::::::::::::::::::::::::::::::::::::::::::::::
            :::::::::::::::::::::::::::::::::::::::::::::::::::::::::::::::::::
            :::::::::::::::::::::::::::::::::::::::::::::::::::::::::::::::::::
            :::::::::::::::::::::::::::::::::::::::::::::::::::::::::::::::::::
            :::::::::::::::::::::::::::::::::::::::::::::::::::::::::::::::::::
            :::::::::::::::::::::::::::::::::::::::::::::::::::::::::::::::::::
            :::::::::::::::::::::::::::::::::::::::::::::::::::::::::::::::::::
            :::::::::::::::::::::::::::::::::::::::::::::::::::::::::::::::::::
            :::::::::::::::::::::::::::::::::::::::::::::::::::::::::::::::::::
            :::::::::::::::::::::::::::::::::::::::::::::::::::::::::::::::::::
            :::::::::::::::::::::::::::::::::::::::::::::::::::::::::::::::::::
            :::::::::::::::::::::::::::::::::::::::::::::::::::::::::::::::::::
            :::::::::::::::::::::::::::::::::::::::::::::::::::::::::::::::::::
            :::::::::::::::::::::::::::::::::::::::::::::::::::::::::::::::::::
            :::::::::::::::::::::::::::::::::::::::::::::::::::::::::::::::::::
            ::: ../util/libcaliper-tools-util.so.2.7.0 ../../libcaliper-serial.
            so.2.7.0 -pthread -Wl,-rpath-link,/p/vast1/build/spack/opt/spack/li
            nux-rhel7-broadwell/gcc-10.2.1/adiak-0.2.1-wo554abjcjhbmxe75vsn5cnm
            zuk67z5s/lib:/p/vast1/build/spack/opt/spack/linux-rhel7-broadwell/g
            cc-10.2.1/openmpi-4.1.2-mtnsjnbj5kuefhd6gtupaglpuytu6vhz/lib
     287    /usr/tce/packages/gcc/gcc-10.2.1/rh/usr/bin/../libexec/gcc/x86_64-r
            edhat-linux/10/ld: warning: libgpfs.so, needed by /p/vast1/build/sp
            ack/opt/spack/linux-rhel7-broadwell/gcc-10.2.1/openmpi-4.1.2-mtnsjn
            bj5kuefhd6gtupaglpuytu6vhz/lib/libmpi.so.40, not found (try using -
            rpath or -rpath-link)
     288    /usr/tce/packages/gcc/gcc-10.2.1/rh/usr/bin/../libexec/gcc/x86_64-r
            edhat-linux/10/ld: warning: libgpfs.so, needed by /p/vast1/build/sp
            ack/opt/spack/linux-rhel7-broadwell/gcc-10.2.1/openmpi-4.1.2-mtnsjn
            bj5kuefhd6gtupaglpuytu6vhz/lib/libmpi.so.40, not found (try using -
            rpath or -rpath-link)
  >> 289    /usr/tce/packages/gcc/gcc-10.2.1/rh/usr/bin/../libexec/gcc/x86_64-r
            edhat-linux/10/ld: /p/vast1/build/spack/opt/spack/linux-rhel7-broad
            well/gcc-10.2.1/openmpi-4.1.2-mtnsjnbj5kuefhd6gtupaglpuytu6vhz/lib/
            libmpi.so.40: undefined reference to `gpfs_fcntl'
  >> 290    collect2: error: ld returned 1 exit status
  >> 291    make[2]: *** [src/tools/cali-stat/cali-stat] Error 1
     292    make[2]: Leaving directory `/tmp/sochat1/spack-stage/spack-stage-ca
            liper-2.7.0-yamdgz2affmqybybblyf7zbdr2mb4q3l/spack-build-yamdgz2'
  >> 293    make[1]: *** [src/tools/cali-stat/CMakeFiles/cali-stat.dir/all] Err
            or 2
     294    make[1]: *** Waiting for unfinished jobs....
  >> 295    /usr/tce/packages/gcc/gcc-10.2.1/rh/usr/bin/../libexec/gcc/x86_64-r
            edhat-linux/10/ld: /p/vast1/build/spack/opt/spack/linux-rhel7-broad
            well/gcc-10.2.1/openmpi-4.1.2-mtnsjnbj5kuefhd6gtupaglpuytu6vhz/lib/
            libmpi.so.40: undefined reference to `gpfs_fcntl'
  >> 296    collect2: error: ld returned 1 exit status
  >> 297    make[2]: *** [src/tools/cali-query/cali-query] Error 1
     298    make[2]: Leaving directory `/tmp/sochat1/spack-stage/spack-stage-ca
            liper-2.7.0-yamdgz2affmqybybblyf7zbdr2mb4q3l/spack-build-yamdgz2'
  >> 299    make[1]: *** [src/tools/cali-query/CMakeFiles/cali-query.dir/all] E
            rror 2
     300    make[1]: Leaving directory `/tmp/sochat1/spack-stage/spack-stage-ca
            liper-2.7.0-yamdgz2affmqybybblyf7zbdr2mb4q3l/spack-build-yamdgz2'
  >> 301    make: *** [all] Error 2

See build log for details:
  /var/tmp/sochat1/spack-stage/spack-stage-caliper-2.7.0-yamdgz2affmqybybblyf7zbdr2mb4q3l/spack-build-out.txt

Making predictions for spack-test
Making predictions for symbolator
Making predictions for libabigail
abicompat not found on path, will look for spack instead.
Making predictions for actual
