slurmstepd: error: *** JOB 96691 ON oslic10 CANCELLED AT 2022-02-24T22:39:57 DUE TO TIME LIMIT ***
/var/spool/slurmd/job100046/slurm_script: line 12: 44765 Killed                  spliced splice --package caliper@2.5.0 --splice openmpi --runner spack --replace openmpi --experiment experiment --outfile /p/vast1/build/spliced-experiment/results/caliper/2.5.0/openmpi/experiment.json
==> Error: ProcessError: Command exited with status 2:
    'make' '-j16'

9 errors found in build log:
     526    cd /tmp/sochat1/spack-stage/spack-stage-caliper-2.5.0-aqierfssd5hd2
            jtkzavxspcffuzwvztm/spack-build-aqierfs/src/tools/cali-query && /p/
            vast1/build/spack/lib/spack/env/gcc/g++  -I/tmp/sochat1/spack-stage
            /spack-stage-caliper-2.5.0-aqierfssd5hd2jtkzavxspcffuzwvztm/spack-b
            uild-aqierfs/include -I/var/tmp/sochat1/spack-stage/spack-stage-cal
            iper-2.5.0-aqierfssd5hd2jtkzavxspcffuzwvztm/spack-src/include -I/tm
            p/sochat1/spack-stage/spack-stage-caliper-2.5.0-aqierfssd5hd2jtkzav
            xspcffuzwvztm/spack-build-aqierfs -I/var/tmp/sochat1/spack-stage/sp
            ack-stage-caliper-2.5.0-aqierfssd5hd2jtkzavxspcffuzwvztm/spack-src/
            src -I/var/tmp/sochat1/spack-stage/spack-stage-caliper-2.5.0-aqierf
            ssd5hd2jtkzavxspcffuzwvztm/spack-src/src/interface/c_fortran -I/var
            /tmp/sochat1/spack-stage/spack-stage-caliper-2.5.0-aqierfssd5hd2jtk
            zavxspcffuzwvztm/spack-src/src/tools/cali-query/../../common -I/var
            /tmp/sochat1/spack-stage/spack-stage-caliper-2.5.0-aqierfssd5hd2jtk
            zavxspcffuzwvztm/spack-src/src/tools/cali-query/../../reader -I/var
            /tmp/sochat1/spack-stage/spack-stage-caliper-2.5.0-aqierfssd5hd2jtk
            zavxspcffuzwvztm/spack-src/src/tools/cali-query/../util -I/var/tmp/
            sochat1/spack-stage/spack-stage-caliper-2.5.0-aqierfssd5hd2jtkzavxs
            pcffuzwvztm/spack-src/src/tools/cali-query/../../caliper -O2 -g -DN
            DEBUG -fvisibility=default -pthread -std=gnu++11 -MD -MT src/tools/
            cali-query/CMakeFiles/cali-query.dir/cali-query.cpp.o -MF CMakeFile
            s/cali-query.dir/cali-query.cpp.o.d -o CMakeFiles/cali-query.dir/ca
            li-query.cpp.o -c /var/tmp/sochat1/spack-stage/spack-stage-caliper-
            2.5.0-aqierfssd5hd2jtkzavxspcffuzwvztm/spack-src/src/tools/cali-que
            ry/cali-query.cpp
     527    cd /tmp/sochat1/spack-stage/spack-stage-caliper-2.5.0-aqierfssd5hd2
            jtkzavxspcffuzwvztm/spack-build-aqierfs/src/tools/cali-stat && /p/v
            ast1/build/spack/lib/spack/env/gcc/g++  -I/tmp/sochat1/spack-stage/
            spack-stage-caliper-2.5.0-aqierfssd5hd2jtkzavxspcffuzwvztm/spack-bu
            ild-aqierfs/include -I/var/tmp/sochat1/spack-stage/spack-stage-cali
            per-2.5.0-aqierfssd5hd2jtkzavxspcffuzwvztm/spack-src/include -I/tmp
            /sochat1/spack-stage/spack-stage-caliper-2.5.0-aqierfssd5hd2jtkzavx
            spcffuzwvztm/spack-build-aqierfs -I/var/tmp/sochat1/spack-stage/spa
            ck-stage-caliper-2.5.0-aqierfssd5hd2jtkzavxspcffuzwvztm/spack-src/s
            rc -I/var/tmp/sochat1/spack-stage/spack-stage-caliper-2.5.0-aqierfs
            sd5hd2jtkzavxspcffuzwvztm/spack-src/src/interface/c_fortran -O2 -g 
            -DNDEBUG -fvisibility=default -std=gnu++11 -MD -MT src/tools/cali-s
            tat/CMakeFiles/cali-stat.dir/cali-stat.cpp.o -MF CMakeFiles/cali-st
            at.dir/cali-stat.cpp.o.d -o CMakeFiles/cali-stat.dir/cali-stat.cpp.
            o -c /var/tmp/sochat1/spack-stage/spack-stage-caliper-2.5.0-aqierfs
            sd5hd2jtkzavxspcffuzwvztm/spack-src/src/tools/cali-stat/cali-stat.c
            pp
     528    [ 98%] Linking CXX executable cali-stat
     529    cd /tmp/sochat1/spack-stage/spack-stage-caliper-2.5.0-aqierfssd5hd2
            jtkzavxspcffuzwvztm/spack-build-aqierfs/src/tools/cali-stat && /p/v
            ast1/build/spack/opt/spack/linux-rhel7-broadwell/gcc-10.2.1/cmake-3
            .22.2-7oku4yd37mfoi65gi3alunjbl35euphw/bin/cmake -E cmake_link_scri
            pt CMakeFiles/cali-stat.dir/link.txt --verbose=1
     530    /p/vast1/build/spack/lib/spack/env/gcc/g++ -O2 -g -DNDEBUG -rdynami
            c CMakeFiles/cali-stat.dir/cali-stat.cpp.o -o cali-stat  -Wl,-rpath
            ,/tmp/sochat1/spack-stage/spack-stage-caliper-2.5.0-aqierfssd5hd2jt
            kzavxspcffuzwvztm/spack-build-aqierfs/src/tools/util:/tmp/sochat1/s
            pack-stage/spack-stage-caliper-2.5.0-aqierfssd5hd2jtkzavxspcffuzwvz
            tm/spack-build-aqierfs/src:/p/vast1/build/spack/opt/spack/linux-rhe
            l7-broadwell/gcc-10.2.1/adiak-0.2.1-wo554abjcjhbmxe75vsn5cnmzuk67z5
            s/lib:/p/vast1/build/spack/opt/spack/linux-rhel7-broadwell/gcc-10.2
            .1/openmpi-4.1.2-mtnsjnbj5kuefhd6gtupaglpuytu6vhz/lib::::::::::::::
            :::::::::::::::::::::::::::::::::::::::::::::::::::::::::::::::::::
            :::::::::::::::::::::::::::::::::::::::::::::::::::::::::::::::::::
            :::::::::::::::::::::::::::::::::::::::::::::::::::::::::::::::::::
            :::::::::::::::::::::::::::::::::::::::::::::::::::::::::::::::::::
            :::::::::::::::::::::::::::::::::::::::::::::::::::::::::::::::::::
            :::::::::::::::::::::::::::::::::::::::::::::::::::::::::::::::::::
            :::::::::::::::::::::::::::::::::::::::::::::::::::::::::::::::::::
            :::::::::::::::::::::::::::::::::::::::::::::::::::::::::::::::::::
            :::::::::::::::::::::::::::::::::::::::::::::::::::::::::::::::::::
            :::::::::::::::::::::::::::::::::::::::::::::::::::::::::::::::::::
            :::::::::::::::::::::::::::::::::::::::::::::::::::::::::::::::::::
            :::::::::::::::::::::::::::::::::::::::::::::::::::::::::::::::::::
            :::::::::::::::::::::::::::::::::::::::::::::::::::::::::::::::::::
            :::::::::::::::::::::::::::::::::::::::::::::::::::::::::::::::::::
            :::::::::::::::::::::::::::::::::::::::::::::::::::::::::::::::::::
            :::::::::::::::::::::::::::::::::::::::::::::::::::::::::::::::::::
            :::::::::::::::::::::::::::::::::::::::::::::::::::::::::::::::::::
            :::::::::::::::::::::::::::::::::::::::::::::::::::::::::::::::::::
            :::::::::::::::::::::::::::::::::::::::::::::::::::::::::::::::::::
            :::::::::::::::::::::::::::::::::::::::::::::::::::::::::::::::::::
            :::::::::::::::::::::::::::::::::::::::::::::::::::::::::::::::::::
            :::::::::::::::::::::::::::::::::::::::::::::::::::::::::::::::::::
            :::::::::::::::::::::::::::::::::::::::::::::::::::::::::::::::::::
            :::::::::::::::::::::::::::::::::::::::::::::::::::::::::::::::::::
            :::::::::::::::::::::::::::::::::::::::::::::::::::::::::::::::::::
            :::::::::::::::::::::::::::::::::::::: ../util/libcaliper-tools-uti
            l.so.2.5.0 ../../libcaliper-serial.so.2.5.0 -Wl,-rpath-link,/p/vast
            1/build/spack/opt/spack/linux-rhel7-broadwell/gcc-10.2.1/adiak-0.2.
            1-wo554abjcjhbmxe75vsn5cnmzuk67z5s/lib:/p/vast1/build/spack/opt/spa
            ck/linux-rhel7-broadwell/gcc-10.2.1/openmpi-4.1.2-mtnsjnbj5kuefhd6g
            tupaglpuytu6vhz/lib
     531    /usr/tce/packages/gcc/gcc-10.2.1/rh/usr/bin/../libexec/gcc/x86_64-r
            edhat-linux/10/ld: warning: libgpfs.so, needed by /p/vast1/build/sp
            ack/opt/spack/linux-rhel7-broadwell/gcc-10.2.1/openmpi-4.1.2-mtnsjn
            bj5kuefhd6gtupaglpuytu6vhz/lib/libmpi.so.40, not found (try using -
            rpath or -rpath-link)
  >> 532    /usr/tce/packages/gcc/gcc-10.2.1/rh/usr/bin/../libexec/gcc/x86_64-r
            edhat-linux/10/ld: /p/vast1/build/spack/opt/spack/linux-rhel7-broad
            well/gcc-10.2.1/openmpi-4.1.2-mtnsjnbj5kuefhd6gtupaglpuytu6vhz/lib/
            libmpi.so.40: undefined reference to `gpfs_fcntl'
  >> 533    collect2: error: ld returned 1 exit status
  >> 534    make[2]: *** [src/tools/cali-stat/cali-stat] Error 1
     535    make[2]: Leaving directory `/tmp/sochat1/spack-stage/spack-stage-ca
            liper-2.5.0-aqierfssd5hd2jtkzavxspcffuzwvztm/spack-build-aqierfs'
  >> 536    make[1]: *** [src/tools/cali-stat/CMakeFiles/cali-stat.dir/all] Err
            or 2
     537    make[1]: *** Waiting for unfinished jobs....
     538    [100%] Linking CXX executable cali-query
     539    cd /tmp/sochat1/spack-stage/spack-stage-caliper-2.5.0-aqierfssd5hd2
            jtkzavxspcffuzwvztm/spack-build-aqierfs/src/tools/cali-query && /p/
            vast1/build/spack/opt/spack/linux-rhel7-broadwell/gcc-10.2.1/cmake-
            3.22.2-7oku4yd37mfoi65gi3alunjbl35euphw/bin/cmake -E cmake_link_scr
            ipt CMakeFiles/cali-query.dir/link.txt --verbose=1
     540    /p/vast1/build/spack/lib/spack/env/gcc/g++ -O2 -g -DNDEBUG -rdynami
            c CMakeFiles/cali-query.dir/AttributeExtract.cpp.o CMakeFiles/cali-
            query.dir/cali-query.cpp.o CMakeFiles/query-common.dir/query_common
            .cpp.o -o cali-query  -Wl,-rpath,/tmp/sochat1/spack-stage/spack-sta
            ge-caliper-2.5.0-aqierfssd5hd2jtkzavxspcffuzwvztm/spack-build-aqier
            fs/src/tools/util:/tmp/sochat1/spack-stage/spack-stage-caliper-2.5.
            0-aqierfssd5hd2jtkzavxspcffuzwvztm/spack-build-aqierfs/src:/p/vast1
            /build/spack/opt/spack/linux-rhel7-broadwell/gcc-10.2.1/adiak-0.2.1
            -wo554abjcjhbmxe75vsn5cnmzuk67z5s/lib:/p/vast1/build/spack/opt/spac
            k/linux-rhel7-broadwell/gcc-10.2.1/openmpi-4.1.2-mtnsjnbj5kuefhd6gt
            upaglpuytu6vhz/lib:::::::::::::::::::::::::::::::::::::::::::::::::
            :::::::::::::::::::::::::::::::::::::::::::::::::::::::::::::::::::
            :::::::::::::::::::::::::::::::::::::::::::::::::::::::::::::::::::
            :::::::::::::::::::::::::::::::::::::::::::::::::::::::::::::::::::
            :::::::::::::::::::::::::::::::::::::::::::::::::::::::::::::::::::
            :::::::::::::::::::::::::::::::::::::::::::::::::::::::::::::::::::
            :::::::::::::::::::::::::::::::::::::::::::::::::::::::::::::::::::
            :::::::::::::::::::::::::::::::::::::::::::::::::::::::::::::::::::
            :::::::::::::::::::::::::::::::::::::::::::::::::::::::::::::::::::
            :::::::::::::::::::::::::::::::::::::::::::::::::::::::::::::::::::
            :::::::::::::::::::::::::::::::::::::::::::::::::::::::::::::::::::
            :::::::::::::::::::::::::::::::::::::::::::::::::::::::::::::::::::
            :::::::::::::::::::::::::::::::::::::::::::::::::::::::::::::::::::
            :::::::::::::::::::::::::::::::::::::::::::::::::::::::::::::::::::
            :::::::::::::::::::::::::::::::::::::::::::::::::::::::::::::::::::
            :::::::::::::::::::::::::::::::::::::::::::::::::::::::::::::::::::
            :::::::::::::::::::::::::::::::::::::::::::::::::::::::::::::::::::
            :::::::::::::::::::::::::::::::::::::::::::::::::::::::::::::::::::
            :::::::::::::::::::::::::::::::::::::::::::::::::::::::::::::::::::
            :::::::::::::::::::::::::::::::::::::::::::::::::::::::::::::::::::
            :::::::::::::::::::::::::::::::::::::::::::::::::::::::::::::::::::
            :::::::::::::::::::::::::::::::::::::::::::::::::::::::::::::::::::
            :::::::::::::::::::::::::::::::::::::::::::::::::::::::::::::::::::
            :::::::::::::::::::::::::::::::::::::::::::::::::::::::::::::::::::
            :::::::::::::::::::::::::::::::::::::::::::::::::::::::::::::::::::
            :::::::::::::::::::::::::::::::::::::::::::::::::::::::::::::::::::
            ::: ../util/libcaliper-tools-util.so.2.5.0 ../../libcaliper-serial.
            so.2.5.0 -pthread -Wl,-rpath-link,/p/vast1/build/spack/opt/spack/li
            nux-rhel7-broadwell/gcc-10.2.1/adiak-0.2.1-wo554abjcjhbmxe75vsn5cnm
            zuk67z5s/lib:/p/vast1/build/spack/opt/spack/linux-rhel7-broadwell/g
            cc-10.2.1/openmpi-4.1.2-mtnsjnbj5kuefhd6gtupaglpuytu6vhz/lib
     541    /usr/tce/packages/gcc/gcc-10.2.1/rh/usr/bin/../libexec/gcc/x86_64-r
            edhat-linux/10/ld: warning: libgpfs.so, needed by /p/vast1/build/sp
            ack/opt/spack/linux-rhel7-broadwell/gcc-10.2.1/openmpi-4.1.2-mtnsjn
            bj5kuefhd6gtupaglpuytu6vhz/lib/libmpi.so.40, not found (try using -
            rpath or -rpath-link)
  >> 542    /usr/tce/packages/gcc/gcc-10.2.1/rh/usr/bin/../libexec/gcc/x86_64-r
            edhat-linux/10/ld: /p/vast1/build/spack/opt/spack/linux-rhel7-broad
            well/gcc-10.2.1/openmpi-4.1.2-mtnsjnbj5kuefhd6gtupaglpuytu6vhz/lib/
            libmpi.so.40: undefined reference to `gpfs_fcntl'
  >> 543    collect2: error: ld returned 1 exit status
  >> 544    make[2]: *** [src/tools/cali-query/cali-query] Error 1
     545    make[2]: Leaving directory `/tmp/sochat1/spack-stage/spack-stage-ca
            liper-2.5.0-aqierfssd5hd2jtkzavxspcffuzwvztm/spack-build-aqierfs'
  >> 546    make[1]: *** [src/tools/cali-query/CMakeFiles/cali-query.dir/all] E
            rror 2
     547    make[1]: Leaving directory `/tmp/sochat1/spack-stage/spack-stage-ca
            liper-2.5.0-aqierfssd5hd2jtkzavxspcffuzwvztm/spack-build-aqierfs'
  >> 548    make: *** [all] Error 2

See build log for details:
  /var/tmp/sochat1/spack-stage/spack-stage-caliper-2.5.0-aqierfssd5hd2jtkzavxspcffuzwvztm/spack-build-out.txt

Making predictions for spack-test
Making predictions for symbolator
Making predictions for libabigail
abicompat not found on path, will look for spack instead.
Making predictions for actual
