==> Warning: Missing a source id for aml@master
==> Error: ProcessError: Command exited with status 2:
    '/var/tmp/sochat1/spack-stage/spack-stage-aml-master-b6rli36isavr4kq6ut6ogbbaqbx44txv/spack-src/configure' '--prefix=/p/vast1/build/spack/opt/spack/linux-rhel7-broadwell/gcc-10.2.1/aml-master-b6rli36isavr4kq6ut6ogbbaqbx44txv'

13 errors found in build log:
     20     libtoolize: copying file 'm4/ltsugar.m4'
     21     libtoolize: copying file 'm4/ltversion.m4'
     22     libtoolize: copying file 'm4/lt~obsolete.m4'
     23     autoreconf: running: /p/vast1/build/spack/opt/spack/linux-rhel7-bro
            adwell/gcc-10.2.1/autoconf-2.69-pfmcbnykmtv5mjmsmwbesqcoea22hrrx/bi
            n/autoconf --include=/p/vast1/build/spack/opt/spack/linux-rhel7-bro
            adwell/gcc-10.2.1/automake-1.16.3-rxeto3fcfyywhhza4jadwlacwh3doghz/
            share/aclocal --include=/p/vast1/build/spack/opt/spack/linux-rhel7-
            broadwell/gcc-10.2.1/libtool-2.4.6-v5tvhyer33lc2hhisqrztia7bmreecdr
            /share/aclocal --force
     24     autoreconf: running: /p/vast1/build/spack/opt/spack/linux-rhel7-bro
            adwell/gcc-10.2.1/autoconf-2.69-pfmcbnykmtv5mjmsmwbesqcoea22hrrx/bi
            n/autoheader --include=/p/vast1/build/spack/opt/spack/linux-rhel7-b
            roadwell/gcc-10.2.1/automake-1.16.3-rxeto3fcfyywhhza4jadwlacwh3dogh
            z/share/aclocal --include=/p/vast1/build/spack/opt/spack/linux-rhel
            7-broadwell/gcc-10.2.1/libtool-2.4.6-v5tvhyer33lc2hhisqrztia7bmreec
            dr/share/aclocal --force
     25     autoreconf: running: automake --add-missing --copy --force-missing
  >> 26     configure.ac:13: installing 'm4/ar-lib'
  >> 27     configure.ac:13: installing 'm4/compile'
  >> 28     configure.ac:16: installing 'm4/config.guess'
  >> 29     configure.ac:16: installing 'm4/config.sub'
  >> 30     configure.ac:12: installing 'm4/install-sh'
  >> 31     configure.ac:12: installing 'm4/missing'
     32     src/Makefile.am: installing 'm4/depcomp'
     33     parallel-tests: installing 'm4/test-driver'
     34     autoreconf: Leaving directory `excit'
     35     libtoolize: putting auxiliary files in AC_CONFIG_AUX_DIR, 'm4'.
     36     libtoolize: copying file 'm4/ltmain.sh'
     37     libtoolize: putting macros in AC_CONFIG_MACRO_DIRS, 'm4'.
     38     libtoolize: copying file 'm4/libtool.m4'
     39     libtoolize: copying file 'm4/ltoptions.m4'
     40     libtoolize: copying file 'm4/ltsugar.m4'
     41     libtoolize: copying file 'm4/ltversion.m4'
     42     libtoolize: copying file 'm4/lt~obsolete.m4'
  >> 43     configure.ac:56: installing 'm4/ar-lib'
  >> 44     configure.ac:47: installing 'm4/compile'
  >> 45     configure.ac:57: installing 'm4/config.guess'
  >> 46     configure.ac:57: installing 'm4/config.sub'
  >> 47     configure.ac:41: installing 'm4/install-sh'
  >> 48     configure.ac:41: installing 'm4/missing'
     49     benchmarks/Makefile.am: installing 'm4/depcomp'
     50     parallel-tests: installing 'm4/test-driver'
     51     autoreconf: Leaving directory `.'
     52     ==> aml: Executing phase: 'configure'
     53     ==> [2022-02-24-15:59:32.373841] '/var/tmp/sochat1/spack-stage/spac
            k-stage-aml-master-b6rli36isavr4kq6ut6ogbbaqbx44txv/spack-src/confi
            gure' '--prefix=/p/vast1/build/spack/opt/spack/linux-rhel7-broadwel
            l/gcc-10.2.1/aml-master-b6rli36isavr4kq6ut6ogbbaqbx44txv'
     54     checking for a BSD-compatible install... /usr/bin/install -c

     ...

     160    checking numa.h presence... yes
     161    checking for numa.h... yes
     162    checking numaif.h usability... yes
     163    checking numaif.h presence... yes
     164    checking for numaif.h... yes
     165    checking for mbind in -lnuma... yes
  >> 166    /var/tmp/sochat1/spack-stage/spack-stage-aml-master-b6rli36isavr4kq
            6ut6ogbbaqbx44txv/spack-src/configure: line 14916: syntax error nea
            r unexpected token `HWLOC,hwloc'
     167    /var/tmp/sochat1/spack-stage/spack-stage-aml-master-b6rli36isavr4kq
            6ut6ogbbaqbx44txv/spack-src/configure: line 14916: `PKG_HAVE_WITH_M
            ODULES(HWLOC,hwloc >= 2.1,,)'

See build log for details:
  /var/tmp/sochat1/spack-stage/spack-stage-aml-master-b6rli36isavr4kq6ut6ogbbaqbx44txv/spack-build-out.txt

Making predictions for symbolator
Making predictions for libabigail
Making predictions for actual
/var/spool/slurmd/job99946/slurm_script: line 12: 16717 Killed                  spliced splice --package aml@master --splice numactl --runner spack --replace numactl --experiment experiment --outfile /p/vast1/build/spliced-experiment/results/aml/master/numactl/experiment.json
==> Warning: Missing a source id for aml@master
==> Error: ProcessError: Command exited with status 2:
    '/var/tmp/sochat1/spack-stage/spack-stage-aml-master-b6rli36isavr4kq6ut6ogbbaqbx44txv/spack-src/configure' '--prefix=/p/vast1/build/spack/opt/spack/linux-rhel7-broadwell/gcc-10.2.1/aml-master-b6rli36isavr4kq6ut6ogbbaqbx44txv'

13 errors found in build log:
     20     libtoolize: copying file 'm4/ltsugar.m4'
     21     libtoolize: copying file 'm4/ltversion.m4'
     22     libtoolize: copying file 'm4/lt~obsolete.m4'
     23     autoreconf: running: /p/vast1/build/spack/opt/spack/linux-rhel7-bro
            adwell/gcc-10.2.1/autoconf-2.69-pfmcbnykmtv5mjmsmwbesqcoea22hrrx/bi
            n/autoconf --include=/p/vast1/build/spack/opt/spack/linux-rhel7-bro
            adwell/gcc-10.2.1/automake-1.16.5-7gugpvl5tq7e3xqgw7wna3fwdlbrszqs/
            share/aclocal --include=/p/vast1/build/spack/opt/spack/linux-rhel7-
            broadwell/gcc-10.2.1/libtool-2.4.6-v5tvhyer33lc2hhisqrztia7bmreecdr
            /share/aclocal --force
     24     autoreconf: running: /p/vast1/build/spack/opt/spack/linux-rhel7-bro
            adwell/gcc-10.2.1/autoconf-2.69-pfmcbnykmtv5mjmsmwbesqcoea22hrrx/bi
            n/autoheader --include=/p/vast1/build/spack/opt/spack/linux-rhel7-b
            roadwell/gcc-10.2.1/automake-1.16.5-7gugpvl5tq7e3xqgw7wna3fwdlbrszq
            s/share/aclocal --include=/p/vast1/build/spack/opt/spack/linux-rhel
            7-broadwell/gcc-10.2.1/libtool-2.4.6-v5tvhyer33lc2hhisqrztia7bmreec
            dr/share/aclocal --force
     25     autoreconf: running: automake --add-missing --copy --force-missing
  >> 26     configure.ac:13: installing 'm4/ar-lib'
  >> 27     configure.ac:13: installing 'm4/compile'
  >> 28     configure.ac:16: installing 'm4/config.guess'
  >> 29     configure.ac:16: installing 'm4/config.sub'
  >> 30     configure.ac:12: installing 'm4/install-sh'
  >> 31     configure.ac:12: installing 'm4/missing'
     32     src/Makefile.am: installing 'm4/depcomp'
     33     parallel-tests: installing 'm4/test-driver'
     34     autoreconf: Leaving directory `excit'
     35     libtoolize: putting auxiliary files in AC_CONFIG_AUX_DIR, 'm4'.
     36     libtoolize: copying file 'm4/ltmain.sh'
     37     libtoolize: putting macros in AC_CONFIG_MACRO_DIRS, 'm4'.
     38     libtoolize: copying file 'm4/libtool.m4'
     39     libtoolize: copying file 'm4/ltoptions.m4'
     40     libtoolize: copying file 'm4/ltsugar.m4'
     41     libtoolize: copying file 'm4/ltversion.m4'
     42     libtoolize: copying file 'm4/lt~obsolete.m4'
  >> 43     configure.ac:56: installing 'm4/ar-lib'
  >> 44     configure.ac:47: installing 'm4/compile'
  >> 45     configure.ac:57: installing 'm4/config.guess'
  >> 46     configure.ac:57: installing 'm4/config.sub'
  >> 47     configure.ac:41: installing 'm4/install-sh'
  >> 48     configure.ac:41: installing 'm4/missing'
     49     benchmarks/Makefile.am: installing 'm4/depcomp'
     50     parallel-tests: installing 'm4/test-driver'
     51     autoreconf: Leaving directory `.'
     52     ==> aml: Executing phase: 'configure'
     53     ==> [2022-03-01-15:41:57.931583] '/var/tmp/sochat1/spack-stage/spac
            k-stage-aml-master-b6rli36isavr4kq6ut6ogbbaqbx44txv/spack-src/confi
            gure' '--prefix=/p/vast1/build/spack/opt/spack/linux-rhel7-broadwel
            l/gcc-10.2.1/aml-master-b6rli36isavr4kq6ut6ogbbaqbx44txv'
     54     checking for a BSD-compatible install... /usr/bin/install -c

     ...

     160    checking numa.h presence... yes
     161    checking for numa.h... yes
     162    checking numaif.h usability... yes
     163    checking numaif.h presence... yes
     164    checking for numaif.h... yes
     165    checking for mbind in -lnuma... yes
  >> 166    /var/tmp/sochat1/spack-stage/spack-stage-aml-master-b6rli36isavr4kq
            6ut6ogbbaqbx44txv/spack-src/configure: line 14933: syntax error nea
            r unexpected token `HWLOC,hwloc'
     167    /var/tmp/sochat1/spack-stage/spack-stage-aml-master-b6rli36isavr4kq
            6ut6ogbbaqbx44txv/spack-src/configure: line 14933: `PKG_HAVE_WITH_M
            ODULES(HWLOC,hwloc >= 2.1,,)'

See build log for details:
  /var/tmp/sochat1/spack-stage/spack-stage-aml-master-b6rli36isavr4kq6ut6ogbbaqbx44txv/spack-build-out.txt

Making predictions for spack-test
Making predictions for symbolator
Making predictions for libabigail
abicompat not found on path, will look for spack instead.
Making predictions for actual
