==> Warning: Missing a source id for arborx@master
==> Warning: Missing a source id for cmake@master
==> Warning: Missing a source id for arborx@master
==> Warning: Missing a source id for arborx@master
==> Warning: Missing a source id for arborx@master
==> Warning: Missing a source id for arborx@master
==> Warning: Missing a source id for arborx@master
==> Warning: Missing a source id for arborx@master
==> Warning: Missing a source id for arborx@master
==> Warning: Missing a source id for arborx@master
==> Warning: Missing a source id for arborx@master
slurmstepd: error: *** JOB 96597 ON oslic10 CANCELLED AT 2022-02-24T21:58:57 DUE TO TIME LIMIT ***
/var/spool/slurmd/job99949/slurm_script: line 12: 16723 Killed                  spliced splice --package arborx@master --splice cmake --runner spack --replace cmake --experiment experiment --outfile /p/vast1/build/spliced-experiment/results/arborx/master/cmake/experiment.json
==> Warning: Missing a source id for arborx@master
==> Warning: arborx-master-qfaeed743bqonx4jayvctj2uwuljur4f failed to install
==> Warning: AssertionError exception when releasing read lock for arborx-master-qfaeed743bqonx4jayvctj2uwuljur4f: 
==> Error: arborx-master-qfaeed743bqonx4jayvctj2uwuljur4f: Package was not installed
Making predictions for spack-test
Making predictions for symbolator
Making predictions for libabigail
abicompat not found on path, will look for spack instead.
Making predictions for actual
