==> Warning: using "arborx@0.9-beta" which is a deprecated version
==> Warning: arborx@0.9-beta is deprecated and may be removed in a future Spack release.
==> Error: FetchError: Will not fetch arborx@0.9-beta
    If you are willing to be a maintainer for this version of the package, submit a PR to remove `deprecated=False`, or use `--deprecated` to skip this check.

/p/vast1/build/spack/lib/spack/spack/package.py:1381, in do_fetch:
       1378                        dp_msg))
       1379
       1380            if not ignore_deprecation:
  >>   1381                raise FetchError("Will not fetch {0}".format(
       1382                    self.spec.format('{name}{@version}')), dp_msg)
       1383
       1384        self.stage.create()


Making predictions for symbolator
Making predictions for libabigail
Making predictions for actual
/var/spool/slurmd/job99954/slurm_script: line 12: 16721 Killed                  spliced splice --package arborx@0.9-beta --splice kokkos --runner spack --replace kokkos --experiment experiment --outfile /p/vast1/build/spliced-experiment/results/arborx/0.9-beta/kokkos/experiment.json
==> Warning: using "arborx@0.9-beta" which is a deprecated version
==> Warning: arborx@0.9-beta is deprecated and may be removed in a future Spack release.
==> Error: FetchError: Will not fetch arborx@0.9-beta
    If you are willing to be a maintainer for this version of the package, submit a PR to remove `deprecated=False`, or use `--deprecated` to skip this check.

/p/vast1/build/spack/lib/spack/spack/package.py:1395, in do_fetch:
       1392                        dp_msg))
       1393
       1394            if not ignore_deprecation:
  >>   1395                raise FetchError("Will not fetch {0}".format(
       1396                    self.spec.format('{name}{@version}')), dp_msg)
       1397
       1398        self.stage.create()


Making predictions for spack-test
Making predictions for symbolator
Making predictions for libabigail
abicompat not found on path, will look for spack instead.
Making predictions for actual
