Concretizing archer@2.0.0
[+] /p/vast1/build/spack/opt/spack/linux-rhel7-broadwell/gcc-10.2.1/pkgconf-1.8.0-gp2xp6yplvubgic6eunbnl7emqdq3dye
[+] /p/vast1/build/spack/opt/spack/linux-rhel7-broadwell/gcc-10.2.1/berkeley-db-18.1.40-c7okyaricn3s5wx6lqo2exspq6tuninj
[+] /p/vast1/build/spack/opt/spack/linux-rhel7-broadwell/gcc-10.2.1/libiconv-1.16-glggocpnh7m2dgmtu4fedhbfeessepbe
[+] /p/vast1/build/spack/opt/spack/linux-rhel7-broadwell/gcc-10.2.1/zlib-1.2.11-su2ldy5ofm424qnly3kitbbdgwovpfk4
[+] /p/vast1/build/spack/opt/spack/linux-rhel7-broadwell/gcc-10.2.1/xz-5.2.5-d536jz4ora4tt45q72d2lklqr3dqx34m
[+] /p/vast1/build/spack/opt/spack/linux-rhel7-broadwell/gcc-10.2.1/libsigsegv-2.13-7rh3iftx6wqudr26scqm7nyzm4xxgqcc
[+] /p/vast1/build/spack/opt/spack/linux-rhel7-broadwell/gcc-10.2.1/util-macros-1.19.3-mxlhejedwgloprhrg6bzi2wz3cgadzp2
[+] /p/vast1/build/spack/opt/spack/linux-rhel7-broadwell/gcc-10.2.1/libmd-1.0.3-2ov67rcd3fulh2bvd46bb7cjgf3yckoh
[+] /p/vast1/build/spack/opt/spack/linux-rhel7-broadwell/gcc-10.2.1/libffi-3.3-zyoezbz35scxddz3sf2hsqa6dancnjru
[+] /p/vast1/build/spack/opt/spack/linux-rhel7-broadwell/gcc-10.2.1/ncurses-6.2-2xef6sx47tqatqlceqguyz3rza5okbhy
[+] /p/vast1/build/spack/opt/spack/linux-rhel7-broadwell/gcc-10.2.1/util-linux-uuid-2.36.2-6icy3q75q4f2andannpqgkcdmzoir7sd
[+] /p/vast1/build/spack/opt/spack/linux-rhel7-broadwell/gcc-10.2.1/tar-1.34-3g4ty3srw34e6frmd2d2f523hr2pck3g
[+] /p/vast1/build/spack/opt/spack/linux-rhel7-broadwell/gcc-10.2.1/diffutils-3.8-vxb536efq575rjec2zqsyqgsebpspfvs
[+] /p/vast1/build/spack/opt/spack/linux-rhel7-broadwell/gcc-10.2.1/libxml2-2.9.12-rs3llxgrrh537ywuyzjxyebuzo3gnxpt
[+] /p/vast1/build/spack/opt/spack/linux-rhel7-broadwell/gcc-10.2.1/m4-1.4.19-zeen2avy7avmg5n7cd6yaqspkj3rup2t
[+] /p/vast1/build/spack/opt/spack/linux-rhel7-broadwell/gcc-10.2.1/libbsd-0.11.3-3bk5tkx2u7x44ivhjo723eyc3kbvzj2t
[+] /p/vast1/build/spack/opt/spack/linux-rhel7-broadwell/gcc-10.2.1/libedit-3.1-20210216-rhcaqt3bcnt5otgbqisvol2zjkkt3yqz
[+] /p/vast1/build/spack/opt/spack/linux-rhel7-broadwell/gcc-10.2.1/readline-8.1-vfjorqgtmqh3rl5ollaj4n2uusx4foez
[+] /p/vast1/build/spack/opt/spack/linux-rhel7-broadwell/gcc-10.2.1/bzip2-1.0.8-jmjklgubcyryaddwqvzuvzeiq6zfqmst
[+] /p/vast1/build/spack/opt/spack/linux-rhel7-broadwell/gcc-10.2.1/libtool-2.4.6-v5tvhyer33lc2hhisqrztia7bmreecdr
[+] /p/vast1/build/spack/opt/spack/linux-rhel7-broadwell/gcc-10.2.1/expat-2.4.1-kya5u2fynwiaatzc4mfarh675cq6au2y
[+] /p/vast1/build/spack/opt/spack/linux-rhel7-broadwell/gcc-10.2.1/sqlite-3.36.0-2hy2e3pav6gykaiuxcqrj6xwb3hikfkt
[+] /p/vast1/build/spack/opt/spack/linux-rhel7-broadwell/gcc-10.2.1/gdbm-1.19-k5otkqycqsp3sya4vlvqbekdodhy2a2b
[+] /p/vast1/build/spack/opt/spack/linux-rhel7-broadwell/gcc-10.2.1/gettext-0.21-zrjvymznliicfcjx4lqkixtjo76ruzmr
[+] /p/vast1/build/spack/opt/spack/linux-rhel7-broadwell/gcc-10.2.1/libpciaccess-0.16-vzg6r6gyrqyboudgxfqbdwe36epu6s7s
[+] /p/vast1/build/spack/opt/spack/linux-rhel7-broadwell/gcc-10.2.1/perl-5.34.0-wimaji5zk5vlms3psvdtvmxifnine4nh
[+] /p/vast1/build/spack/opt/spack/linux-rhel7-broadwell/gcc-10.2.1/binutils-2.37-lthn2hmh7urwaskk2hb7trm6rfgadepe
[+] /p/vast1/build/spack/opt/spack/linux-rhel7-broadwell/gcc-10.2.1/elfutils-0.186-f77ui2tqjsngts6tjtvujr6qon2lg3kj
[+] /p/vast1/build/spack/opt/spack/linux-rhel7-broadwell/gcc-10.2.1/hwloc-2.6.0-cxn7eow3mqe2pjeaz7u4tyw4xadzqtri
[+] /p/vast1/build/spack/opt/spack/linux-rhel7-broadwell/gcc-10.2.1/perl-data-dumper-2.173-qe4a77zeiskowy4qxukhogvdbjlkhif5
[+] /p/vast1/build/spack/opt/spack/linux-rhel7-broadwell/gcc-10.2.1/openssl-1.1.1l-sozkiugfpwd75rjehlrzn3ymhrojqyp2
[+] /p/vast1/build/spack/opt/spack/linux-rhel7-broadwell/gcc-10.2.1/cmake-3.21.4-hvgwgb6duea6jzf2rywitb4a5lqdrpii
[+] /p/vast1/build/spack/opt/spack/linux-rhel7-broadwell/gcc-10.2.1/python-3.8.12-snqhx3gympk6b2bnoh367hqvsbhqo3ts
[+] /p/vast1/build/spack/opt/spack/linux-rhel7-broadwell/gcc-10.2.1/ninja-1.10.2-gz47zb62pfc2j5bxcyokbmrxfsmrwsf2
Concretizing archer@2.0.0
[+] /p/vast1/build/spack/opt/spack/linux-rhel7-broadwell/gcc-10.2.1/pkgconf-1.8.0-gp2xp6yplvubgic6eunbnl7emqdq3dye
[+] /p/vast1/build/spack/opt/spack/linux-rhel7-broadwell/gcc-10.2.1/berkeley-db-18.1.40-c7okyaricn3s5wx6lqo2exspq6tuninj
[+] /p/vast1/build/spack/opt/spack/linux-rhel7-broadwell/gcc-10.2.1/libiconv-1.16-glggocpnh7m2dgmtu4fedhbfeessepbe
[+] /p/vast1/build/spack/opt/spack/linux-rhel7-broadwell/gcc-10.2.1/zlib-1.2.11-su2ldy5ofm424qnly3kitbbdgwovpfk4
[+] /p/vast1/build/spack/opt/spack/linux-rhel7-broadwell/gcc-10.2.1/xz-5.2.5-d536jz4ora4tt45q72d2lklqr3dqx34m
[+] /p/vast1/build/spack/opt/spack/linux-rhel7-broadwell/gcc-10.2.1/libsigsegv-2.13-7rh3iftx6wqudr26scqm7nyzm4xxgqcc
[+] /p/vast1/build/spack/opt/spack/linux-rhel7-broadwell/gcc-10.2.1/util-macros-1.19.3-mxlhejedwgloprhrg6bzi2wz3cgadzp2
[+] /p/vast1/build/spack/opt/spack/linux-rhel7-broadwell/gcc-10.2.1/libmd-1.0.4-rooxnv7z75ill3knhg6bxfttmwxdag6i
[+] /p/vast1/build/spack/opt/spack/linux-rhel7-broadwell/gcc-10.2.1/libffi-3.4.2-7vfnd7a5ankpytut3b4oqhktzrcbabfm
[+] /p/vast1/build/spack/opt/spack/linux-rhel7-broadwell/gcc-10.2.1/pcre-8.45-glwmib6eqndwnobkbazxag5fm4js7em3
[+] /p/vast1/build/spack/opt/spack/linux-rhel7-broadwell/gcc-10.2.1/ncurses-6.2-2xef6sx47tqatqlceqguyz3rza5okbhy
[+] /p/vast1/build/spack/opt/spack/linux-rhel7-broadwell/gcc-10.2.1/util-linux-uuid-2.37.4-26saxoixdjk3763nksg3ajmdzt5gyubu
[+] /p/vast1/build/spack/opt/spack/linux-rhel7-broadwell/gcc-10.2.1/diffutils-3.8-vxb536efq575rjec2zqsyqgsebpspfvs
[+] /p/vast1/build/spack/opt/spack/linux-rhel7-broadwell/gcc-10.2.1/tar-1.34-3g4ty3srw34e6frmd2d2f523hr2pck3g
[+] /p/vast1/build/spack/opt/spack/linux-rhel7-broadwell/gcc-10.2.1/libxml2-2.9.12-rs3llxgrrh537ywuyzjxyebuzo3gnxpt
[+] /p/vast1/build/spack/opt/spack/linux-rhel7-broadwell/gcc-10.2.1/m4-1.4.19-zeen2avy7avmg5n7cd6yaqspkj3rup2t
[+] /p/vast1/build/spack/opt/spack/linux-rhel7-broadwell/gcc-10.2.1/libbsd-0.11.5-yt5rlx2ycq24tyyohhconaxiqgzajzbo
[+] /p/vast1/build/spack/opt/spack/linux-rhel7-broadwell/gcc-10.2.1/libedit-3.1-20210216-rhcaqt3bcnt5otgbqisvol2zjkkt3yqz
[+] /p/vast1/build/spack/opt/spack/linux-rhel7-broadwell/gcc-10.2.1/readline-8.1-vfjorqgtmqh3rl5ollaj4n2uusx4foez
[+] /p/vast1/build/spack/opt/spack/linux-rhel7-broadwell/gcc-10.2.1/bzip2-1.0.8-jmjklgubcyryaddwqvzuvzeiq6zfqmst
[+] /p/vast1/build/spack/opt/spack/linux-rhel7-broadwell/gcc-10.2.1/libtool-2.4.6-v5tvhyer33lc2hhisqrztia7bmreecdr
[+] /p/vast1/build/spack/opt/spack/linux-rhel7-broadwell/gcc-10.2.1/expat-2.4.6-akiducmoeufix2d6beegvgbj5skm36ul
[+] /p/vast1/build/spack/opt/spack/linux-rhel7-broadwell/gcc-10.2.1/sqlite-3.37.2-osxyeivy7mdmhjyjwcsm4l7tooho6s2d
[+] /p/vast1/build/spack/opt/spack/linux-rhel7-broadwell/gcc-10.2.1/gdbm-1.19-k5otkqycqsp3sya4vlvqbekdodhy2a2b
[+] /p/vast1/build/spack/opt/spack/linux-rhel7-broadwell/gcc-10.2.1/gettext-0.21-zrjvymznliicfcjx4lqkixtjo76ruzmr
[+] /p/vast1/build/spack/opt/spack/linux-rhel7-broadwell/gcc-10.2.1/libpciaccess-0.16-vzg6r6gyrqyboudgxfqbdwe36epu6s7s
[+] /p/vast1/build/spack/opt/spack/linux-rhel7-broadwell/gcc-10.2.1/perl-5.34.0-wimaji5zk5vlms3psvdtvmxifnine4nh
[+] /p/vast1/build/spack/opt/spack/linux-rhel7-broadwell/gcc-10.2.1/elfutils-0.186-f77ui2tqjsngts6tjtvujr6qon2lg3kj
[+] /p/vast1/build/spack/opt/spack/linux-rhel7-broadwell/gcc-10.2.1/hwloc-2.7.0-zcvfxqfecuheq2vakvpuosok2avakr6j
[+] /p/vast1/build/spack/opt/spack/linux-rhel7-broadwell/gcc-10.2.1/perl-data-dumper-2.173-qe4a77zeiskowy4qxukhogvdbjlkhif5
[+] /p/vast1/build/spack/opt/spack/linux-rhel7-broadwell/gcc-10.2.1/openssl-1.1.1m-momhhzpwxq3fzqnlqbabquoitiq5d6q6
[+] /p/vast1/build/spack/opt/spack/linux-rhel7-broadwell/gcc-10.2.1/swig-4.0.2-ttwxjzjx6eorcvdhpcqhcokyqu7txqiy
[+] /p/vast1/build/spack/opt/spack/linux-rhel7-broadwell/gcc-10.2.1/python-3.9.10-6fbgydg7c2bdx4ovimgsqyzucdkrd277
[+] /p/vast1/build/spack/opt/spack/linux-rhel7-broadwell/gcc-10.2.1/cmake-3.22.2-7oku4yd37mfoi65gi3alunjbl35euphw
[+] /p/vast1/build/spack/opt/spack/linux-rhel7-broadwell/gcc-10.2.1/ninja-1.10.2-gz47zb62pfc2j5bxcyokbmrxfsmrwsf2
[+] /p/vast1/build/spack/opt/spack/linux-rhel7-broadwell/gcc-10.2.1/binutils-2.38-23ko3jm5ms5xxeh5ky7ojk7ar5ry3x5i
[+] /p/vast1/build/spack/opt/spack/linux-rhel7-broadwell/gcc-10.2.1/llvm-8.0.0-z5a2veqecju7emfez2eez7nmlveccixj
[+] /p/vast1/build/spack/opt/spack/linux-rhel7-broadwell/gcc-10.2.1/llvm-openmp-ompt-tr6_forwards-yxqjzdhmqukwwwgure37beui4n34boqq
==> Installing archer-2.0.0-u75skak7uoclzbcs5jdrib6mqaxztdqu
==> No binary for archer-2.0.0-u75skak7uoclzbcs5jdrib6mqaxztdqu found: installing from source
==> Fetching https://mirror.spack.io/_source-cache/archive/32/3241cadb0078403368b69166b27f815e12c350486d4ceb3fb33147895b9ebde8.tar.gz
==> Ran patch() for archer
==> archer: Executing phase: 'cmake'
==> archer: Executing phase: 'build'
==> archer: Executing phase: 'install'
==> archer: Successfully installed archer-2.0.0-u75skak7uoclzbcs5jdrib6mqaxztdqu
  Fetch: 0.81s.  Build: 16.32s.  Total: 17.13s.
[+] /p/vast1/build/spack/opt/spack/linux-rhel7-broadwell/gcc-10.2.1/archer-2.0.0-u75skak7uoclzbcs5jdrib6mqaxztdqu
Testing splicing in (and out) llvm@main
==> Installing libiconv-1.16-a2km53ermri74hzjwgqhac4caq54iiuq
==> No binary for libiconv-1.16-a2km53ermri74hzjwgqhac4caq54iiuq found: installing from source
==> Using cached archive: /p/vast1/build/spack/var/spack/cache/_source-cache/archive/e6/e6a1b1b589654277ee790cce3734f07876ac4ccfaecbee8afa0b649cf529cc04.tar.gz
==> No patches needed for libiconv
==> libiconv: Executing phase: 'autoreconf'
==> libiconv: Executing phase: 'configure'
==> libiconv: Executing phase: 'build'
==> libiconv: Executing phase: 'install'
==> libiconv: Successfully installed libiconv-1.16-a2km53ermri74hzjwgqhac4caq54iiuq
  Fetch: 0.03s.  Build: 1m 26.74s.  Total: 1m 26.77s.
[+] /p/vast1/build/spack/opt/spack/linux-rhel7-broadwell/intel-2021.5.0/libiconv-1.16-a2km53ermri74hzjwgqhac4caq54iiuq
[+] /p/vast1/build/spack/opt/spack/linux-rhel7-broadwell/intel-2021.5.0/pkgconf-1.8.0-7f76pdqkdlnukfac2dohot4aytza2dlh
==> Installing xz-5.2.5-tsus5wnat7lquw344awtx7ldyxa5fczq
==> No binary for xz-5.2.5-tsus5wnat7lquw344awtx7ldyxa5fczq found: installing from source
==> Using cached archive: /p/vast1/build/spack/var/spack/cache/_source-cache/archive/51/5117f930900b341493827d63aa910ff5e011e0b994197c3b71c08a20228a42df.tar.bz2
==> No patches needed for xz
==> xz: Executing phase: 'autoreconf'
==> xz: Executing phase: 'configure'
==> xz: Executing phase: 'build'
==> xz: Executing phase: 'install'
==> xz: Successfully installed xz-5.2.5-tsus5wnat7lquw344awtx7ldyxa5fczq
  Fetch: 0.02s.  Build: 29.37s.  Total: 29.39s.
[+] /p/vast1/build/spack/opt/spack/linux-rhel7-broadwell/intel-2021.5.0/xz-5.2.5-tsus5wnat7lquw344awtx7ldyxa5fczq
[+] /p/vast1/build/spack/opt/spack/linux-rhel7-broadwell/intel-2021.5.0/zlib-1.2.11-scqu7ytinxglzhvmbwtht56s6ki5zbrg
[+] /p/vast1/build/spack/opt/spack/linux-rhel7-broadwell/intel-2021.5.0/berkeley-db-18.1.40-xjac24ahz7r65knphmnjrziysedj76qr
[+] /p/vast1/build/spack/opt/spack/linux-rhel7-broadwell/intel-2021.5.0/libsigsegv-2.13-snckezwzw7wvg2mtljjosywjofm6vs3r
==> Installing util-macros-1.19.3-mgogpggcebqwbo6cesm7ejuz7p2hfr62
==> No binary for util-macros-1.19.3-mgogpggcebqwbo6cesm7ejuz7p2hfr62 found: installing from source
==> Using cached archive: /p/vast1/build/spack/var/spack/cache/_source-cache/archive/0f/0f812e6e9d2786ba8f54b960ee563c0663ddbe2434bf24ff193f5feab1f31971.tar.bz2
==> No patches needed for util-macros
==> util-macros: Executing phase: 'autoreconf'
==> util-macros: Executing phase: 'configure'
==> util-macros: Executing phase: 'build'
==> util-macros: Executing phase: 'install'
==> util-macros: Successfully installed util-macros-1.19.3-mgogpggcebqwbo6cesm7ejuz7p2hfr62
  Fetch: 0.01s.  Build: 1.94s.  Total: 1.95s.
[+] /p/vast1/build/spack/opt/spack/linux-rhel7-broadwell/intel-2021.5.0/util-macros-1.19.3-mgogpggcebqwbo6cesm7ejuz7p2hfr62
==> Installing libmd-1.0.4-fm3f6fcoftwp3xxiv44etfzv3p5cm2tu
==> No binary for libmd-1.0.4-fm3f6fcoftwp3xxiv44etfzv3p5cm2tu found: installing from source
==> Using cached archive: /p/vast1/build/spack/var/spack/cache/_source-cache/archive/f5/f51c921042e34beddeded4b75557656559cf5b1f2448033b4c1eec11c07e530f.tar.xz
==> No patches needed for libmd
==> libmd: Executing phase: 'autoreconf'
==> libmd: Executing phase: 'configure'
==> libmd: Executing phase: 'build'
==> libmd: Executing phase: 'install'
==> libmd: Successfully installed libmd-1.0.4-fm3f6fcoftwp3xxiv44etfzv3p5cm2tu
  Fetch: 0.01s.  Build: 15.91s.  Total: 15.93s.
[+] /p/vast1/build/spack/opt/spack/linux-rhel7-broadwell/intel-2021.5.0/libmd-1.0.4-fm3f6fcoftwp3xxiv44etfzv3p5cm2tu
[+] /p/vast1/build/spack/opt/spack/linux-rhel7-broadwell/intel-2021.5.0/libffi-3.4.2-phlynlbdri4qoutselhr2olvvbjdl7tm
==> Installing tar-1.34-lqukf43yliyeyk3mrle42mfayvwou7fh
==> No binary for tar-1.34-lqukf43yliyeyk3mrle42mfayvwou7fh found: installing from source
==> Using cached archive: /p/vast1/build/spack/var/spack/cache/_source-cache/archive/03/03d908cf5768cfe6b7ad588c921c6ed21acabfb2b79b788d1330453507647aed.tar.gz
==> No patches needed for tar
==> tar: Executing phase: 'autoreconf'
==> tar: Executing phase: 'configure'
==> tar: Executing phase: 'build'
==> Installing diffutils-3.8-nih4aakkdprcoj6mnrftzzwwntuyj6zx
==> No binary for diffutils-3.8-nih4aakkdprcoj6mnrftzzwwntuyj6zx found: installing from source
==> Using cached archive: /p/vast1/build/spack/var/spack/cache/_source-cache/archive/a6/a6bdd7d1b31266d11c4f4de6c1b748d4607ab0231af5188fc2533d0ae2438fec.tar.xz
==> No patches needed for diffutils
==> diffutils: Executing phase: 'autoreconf'
==> diffutils: Executing phase: 'configure'
==> diffutils: Executing phase: 'build'
==> Installing libxml2-2.9.12-44eo2poujefjqfgo3qpbonddvtkwniyk
==> No binary for libxml2-2.9.12-44eo2poujefjqfgo3qpbonddvtkwniyk found: installing from source
==> Using cached archive: /p/vast1/build/spack/var/spack/cache/_source-cache/archive/c8/c8d6681e38c56f172892c85ddc0852e1fd4b53b4209e7f4ebf17f7e2eae71d92.tar.gz
==> Using cached archive: /p/vast1/build/spack/var/spack/cache/_source-cache/archive/96/96151685cec997e1f9f3387e3626d61e6284d4d6e66e0e440c209286c03e9cc7.tar.gz
==> Moving resource stage
	source: /var/tmp/sochat1/spack-stage/resource-xmlts-44eo2poujefjqfgo3qpbonddvtkwniyk/spack-src/
	destination: /var/tmp/sochat1/spack-stage/spack-stage-libxml2-2.9.12-44eo2poujefjqfgo3qpbonddvtkwniyk/spack-src/xmlconf
==> Ran patch() for libxml2
==> libxml2: Executing phase: 'autoreconf'
==> libxml2: Executing phase: 'configure'
==> libxml2: Executing phase: 'build'
==> libxml2: Executing phase: 'install'
==> libxml2: Successfully installed libxml2-2.9.12-44eo2poujefjqfgo3qpbonddvtkwniyk
  Fetch: 0.05s.  Build: 50.20s.  Total: 50.25s.
[+] /p/vast1/build/spack/opt/spack/linux-rhel7-broadwell/intel-2021.5.0/libxml2-2.9.12-44eo2poujefjqfgo3qpbonddvtkwniyk
==> Installing m4-1.4.19-qh3aruh4bd7rt2xx45cfmix56ttnqqmb
==> No binary for m4-1.4.19-qh3aruh4bd7rt2xx45cfmix56ttnqqmb found: installing from source
==> Using cached archive: /p/vast1/build/spack/var/spack/cache/_source-cache/archive/3b/3be4a26d825ffdfda52a56fc43246456989a3630093cced3fbddf4771ee58a70.tar.gz
==> Applied patch /p/vast1/build/spack/var/spack/repos/builtin/packages/m4/checks-198.sysval.1.patch
==> Applied patch /p/vast1/build/spack/var/spack/repos/builtin/packages/m4/checks-198.sysval.2.patch
==> Ran patch() for m4
==> m4: Executing phase: 'autoreconf'
==> m4: Executing phase: 'configure'
==> m4: Executing phase: 'build'
==> Installing libbsd-0.11.5-m7frelscwh36kmqxlolinrwnl4ocvvqd
==> No binary for libbsd-0.11.5-m7frelscwh36kmqxlolinrwnl4ocvvqd found: installing from source
==> Using cached archive: /p/vast1/build/spack/var/spack/cache/_source-cache/archive/1a/1a9c952525635c1bb6770cb22e969b938d8e6a9d7912362b98ee8370599b0efd.tar.xz
==> Ran patch() for libbsd
==> libbsd: Executing phase: 'autoreconf'
==> libbsd: Executing phase: 'configure'
==> libbsd: Executing phase: 'build'
==> libbsd: Executing phase: 'install'
==> libbsd: Successfully installed libbsd-0.11.5-m7frelscwh36kmqxlolinrwnl4ocvvqd
  Fetch: 0.01s.  Build: 26.05s.  Total: 26.06s.
[+] /p/vast1/build/spack/opt/spack/linux-rhel7-broadwell/intel-2021.5.0/libbsd-0.11.5-m7frelscwh36kmqxlolinrwnl4ocvvqd
