==> Warning: Missing a source id for caliper@master
==> Warning: Missing a source id for papi@master
==> Warning: Missing a source id for caliper@master
==> Warning: Missing a source id for caliper@master
==> Warning: Missing a source id for caliper@master
==> Warning: Missing a source id for caliper@master
==> Warning: Missing a source id for caliper@master
==> Warning: Missing a source id for caliper@master
==> Warning: Missing a source id for caliper@master
==> Warning: Missing a source id for caliper@master
==> Warning: Missing a source id for caliper@master
==> Warning: Missing a source id for caliper@master
Making predictions for symbolator
Making predictions for libabigail
Making predictions for actual
/var/spool/slurmd/job100064/slurm_script: line 12: 44964 Killed                  spliced splice --package caliper@master --splice papi --runner spack --replace papi --experiment experiment --outfile /p/vast1/build/spliced-experiment/results/caliper/master/papi/experiment.json
==> Warning: Missing a source id for caliper@master
==> Warning: Missing a source id for papi@master
==> Warning: Missing a source id for caliper@master
==> Warning: Missing a source id for caliper@master
==> Warning: Missing a source id for caliper@master
==> Warning: Missing a source id for caliper@master
==> Warning: Missing a source id for caliper@master
==> Warning: Missing a source id for caliper@master
==> Warning: Missing a source id for caliper@master
==> Warning: Missing a source id for caliper@master
==> Warning: Missing a source id for caliper@master
==> Warning: Missing a source id for caliper@master
Making predictions for spack-test
Making predictions for symbolator
Making predictions for libabigail
abicompat not found on path, will look for spack instead.
Making predictions for actual
