Concretizing caliper@1.7.0
[+] /p/vast1/build/spack/opt/spack/linux-rhel7-broadwell/gcc-10.2.1/pkgconf-1.8.0-gp2xp6yplvubgic6eunbnl7emqdq3dye
[+] /p/vast1/build/spack/opt/spack/linux-rhel7-broadwell/gcc-10.2.1/berkeley-db-18.1.40-c7okyaricn3s5wx6lqo2exspq6tuninj
[+] /p/vast1/build/spack/opt/spack/linux-rhel7-broadwell/gcc-10.2.1/libiconv-1.16-glggocpnh7m2dgmtu4fedhbfeessepbe
[+] /p/vast1/build/spack/opt/spack/linux-rhel7-broadwell/gcc-10.2.1/zlib-1.2.11-su2ldy5ofm424qnly3kitbbdgwovpfk4
[+] /p/vast1/build/spack/opt/spack/linux-rhel7-broadwell/gcc-10.2.1/libunwind-1.5.0-qolipzu4dzqdwwqilpz34qbosuwxtpoa
[+] /p/vast1/build/spack/opt/spack/linux-rhel7-broadwell/gcc-10.2.1/libsigsegv-2.13-7rh3iftx6wqudr26scqm7nyzm4xxgqcc
[+] /p/vast1/build/spack/opt/spack/linux-rhel7-broadwell/gcc-10.2.1/util-macros-1.19.3-mxlhejedwgloprhrg6bzi2wz3cgadzp2
[+] /p/vast1/build/spack/opt/spack/linux-rhel7-broadwell/gcc-10.2.1/xz-5.2.5-d536jz4ora4tt45q72d2lklqr3dqx34m
[+] /p/vast1/build/spack/opt/spack/linux-rhel7-broadwell/gcc-10.2.1/papi-5.7.0-czqjpcgj4yn6asmfyx256u6gqjavqqlu
[+] /p/vast1/build/spack/opt/spack/linux-rhel7-broadwell/gcc-10.2.1/libmd-1.0.3-2ov67rcd3fulh2bvd46bb7cjgf3yckoh
[+] /p/vast1/build/spack/opt/spack/linux-rhel7-broadwell/gcc-10.2.1/libffi-3.3-zyoezbz35scxddz3sf2hsqa6dancnjru
[+] /p/vast1/build/spack/opt/spack/linux-rhel7-broadwell/gcc-10.2.1/util-linux-uuid-2.36.2-6icy3q75q4f2andannpqgkcdmzoir7sd
[+] /p/vast1/build/spack/opt/spack/linux-rhel7-broadwell/gcc-10.2.1/ncurses-6.2-2xef6sx47tqatqlceqguyz3rza5okbhy
[+] /p/vast1/build/spack/opt/spack/linux-rhel7-broadwell/gcc-10.2.1/tar-1.34-3g4ty3srw34e6frmd2d2f523hr2pck3g
[+] /p/vast1/build/spack/opt/spack/linux-rhel7-broadwell/gcc-10.2.1/diffutils-3.8-vxb536efq575rjec2zqsyqgsebpspfvs
[+] /p/vast1/build/spack/opt/spack/linux-rhel7-broadwell/gcc-10.2.1/m4-1.4.19-zeen2avy7avmg5n7cd6yaqspkj3rup2t
[+] /p/vast1/build/spack/opt/spack/linux-rhel7-broadwell/gcc-10.2.1/libxml2-2.9.12-rs3llxgrrh537ywuyzjxyebuzo3gnxpt
[+] /p/vast1/build/spack/opt/spack/linux-rhel7-broadwell/gcc-10.2.1/libbsd-0.11.3-3bk5tkx2u7x44ivhjo723eyc3kbvzj2t
[+] /p/vast1/build/spack/opt/spack/linux-rhel7-broadwell/gcc-10.2.1/readline-8.1-vfjorqgtmqh3rl5ollaj4n2uusx4foez
[+] /p/vast1/build/spack/opt/spack/linux-rhel7-broadwell/gcc-10.2.1/libedit-3.1-20210216-rhcaqt3bcnt5otgbqisvol2zjkkt3yqz
[+] /p/vast1/build/spack/opt/spack/linux-rhel7-broadwell/gcc-10.2.1/bzip2-1.0.8-jmjklgubcyryaddwqvzuvzeiq6zfqmst
[+] /p/vast1/build/spack/opt/spack/linux-rhel7-broadwell/gcc-10.2.1/libtool-2.4.6-v5tvhyer33lc2hhisqrztia7bmreecdr
[+] /p/vast1/build/spack/opt/spack/linux-rhel7-broadwell/gcc-10.2.1/expat-2.4.1-kya5u2fynwiaatzc4mfarh675cq6au2y
[+] /p/vast1/build/spack/opt/spack/linux-rhel7-broadwell/gcc-10.2.1/gdbm-1.19-k5otkqycqsp3sya4vlvqbekdodhy2a2b
[+] /p/vast1/build/spack/opt/spack/linux-rhel7-broadwell/gcc-10.2.1/sqlite-3.36.0-2hy2e3pav6gykaiuxcqrj6xwb3hikfkt
[+] /p/vast1/build/spack/opt/spack/linux-rhel7-broadwell/gcc-10.2.1/gettext-0.21-zrjvymznliicfcjx4lqkixtjo76ruzmr
[+] /p/vast1/build/spack/opt/spack/linux-rhel7-broadwell/gcc-10.2.1/libpciaccess-0.16-vzg6r6gyrqyboudgxfqbdwe36epu6s7s
[+] /p/vast1/build/spack/opt/spack/linux-rhel7-broadwell/gcc-10.2.1/perl-5.34.0-wimaji5zk5vlms3psvdtvmxifnine4nh
[+] /p/vast1/build/spack/opt/spack/linux-rhel7-broadwell/gcc-10.2.1/hwloc-2.6.0-cxn7eow3mqe2pjeaz7u4tyw4xadzqtri
[+] /p/vast1/build/spack/opt/spack/linux-rhel7-broadwell/gcc-10.2.1/autoconf-2.69-pfmcbnykmtv5mjmsmwbesqcoea22hrrx
[+] /p/vast1/build/spack/opt/spack/linux-rhel7-broadwell/gcc-10.2.1/openssl-1.1.1l-sozkiugfpwd75rjehlrzn3ymhrojqyp2
[+] /p/vast1/build/spack/opt/spack/linux-rhel7-broadwell/gcc-10.2.1/automake-1.16.3-rxeto3fcfyywhhza4jadwlacwh3doghz
[+] /p/vast1/build/spack/opt/spack/linux-rhel7-broadwell/gcc-10.2.1/openssh-8.7p1-yfzytuo77m3idlyoubuj2rn2val7hypz
[+] /p/vast1/build/spack/opt/spack/linux-rhel7-broadwell/gcc-10.2.1/python-3.8.12-snqhx3gympk6b2bnoh367hqvsbhqo3ts
[+] /p/vast1/build/spack/opt/spack/linux-rhel7-broadwell/gcc-10.2.1/libevent-2.1.12-4rrpxdjg6q2tcghfclohesjtvuwd6kdv
[+] /p/vast1/build/spack/opt/spack/linux-rhel7-broadwell/gcc-10.2.1/cmake-3.21.4-hvgwgb6duea6jzf2rywitb4a5lqdrpii
[+] /p/vast1/build/spack/opt/spack/linux-rhel7-broadwell/gcc-10.2.1/numactl-2.0.14-wiobx4m5fgmgis4po6hi44kpy7ad57vj
[+] /p/vast1/build/spack/opt/spack/linux-rhel7-broadwell/gcc-10.2.1/openmpi-4.1.2-z5hk7hdx3dkvk7ytodf4xiqqg3nfo4dh
[+] /p/vast1/build/spack/opt/spack/linux-rhel7-broadwell/gcc-10.2.1/caliper-1.7.0-dr7gndp44c7jmc7prfmhcwtxagvbtq42
Testing splicing in (and out) papi@master
[+] /p/vast1/build/spack/opt/spack/linux-rhel7-broadwell/gcc-10.2.1/papi-master-7wj56nuac7snq2ddw7vvcwobyc7y2qjg
Testing splicing in (and out) papi@6.0.0.1
[+] /p/vast1/build/spack/opt/spack/linux-rhel7-broadwell/gcc-10.2.1/papi-6.0.0.1-62emwcxfgw35opywe25sgxwuvoikrxlc
Testing splicing in (and out) papi@6.0.0
[+] /p/vast1/build/spack/opt/spack/linux-rhel7-broadwell/gcc-10.2.1/papi-6.0.0-sscfenf7yydczalrqrecbdrkm73vojpf
Testing splicing in (and out) papi@5.7.0
[+] /p/vast1/build/spack/opt/spack/linux-rhel7-broadwell/gcc-10.2.1/papi-5.7.0-czqjpcgj4yn6asmfyx256u6gqjavqqlu
Testing splicing in (and out) papi@5.6.0
[+] /p/vast1/build/spack/opt/spack/linux-rhel7-broadwell/gcc-10.2.1/papi-5.6.0-yfeidwvahfw26dfr2lij3gpklmlcwiwf
Testing splicing in (and out) papi@5.5.1
[+] /p/vast1/build/spack/opt/spack/linux-rhel7-broadwell/gcc-10.2.1/papi-5.5.1-oftjkfk6fbmafoljfwixsidobx3ceuyb
Testing splicing in (and out) papi@5.5.0
[+] /p/vast1/build/spack/opt/spack/linux-rhel7-broadwell/gcc-10.2.1/papi-5.5.0-iikdtpxemnddp3xjyflwfpyfkmocdhqi
Testing splicing in (and out) papi@5.4.3
[+] /p/vast1/build/spack/opt/spack/linux-rhel7-broadwell/gcc-10.2.1/papi-5.4.3-w5r7qvwbpvuesj34rgexmqys2tyo6x65
Testing splicing in (and out) papi@5.4.1
[+] /p/vast1/build/spack/opt/spack/linux-rhel7-broadwell/gcc-10.2.1/papi-5.4.1-mn3gdokcjt3kyvgnywiq5ryqqbywc4cd
Testing splicing in (and out) papi@5.3.0
[+] /p/vast1/build/spack/opt/spack/linux-rhel7-broadwell/gcc-4.9.3/papi-5.3.0-fkeuoxn5pizmsnhbphiimt435wqkyw2h
Warning: libmpi.so.40 is needed, but not found on system path.
Warning: libmpi.so.40 is needed, but not found on system path.
Warning: libmpi.so.40 is needed, but not found on system path.
Warning: libmpi.so.40 is needed, but not found on system path.
Warning: libmpi.so.40 is needed, but not found on system path.
Warning: libmpi.so.40 is needed, but not found on system path.
Warning: libmpi.so.40 is needed, but not found on system path.
Warning: libmpi.so.40 is needed, but not found on system path.
Concretizing caliper@1.7.0
[+] /p/vast1/build/spack/opt/spack/linux-rhel7-broadwell/gcc-10.2.1/pkgconf-1.8.0-gp2xp6yplvubgic6eunbnl7emqdq3dye
[+] /p/vast1/build/spack/opt/spack/linux-rhel7-broadwell/gcc-10.2.1/berkeley-db-18.1.40-c7okyaricn3s5wx6lqo2exspq6tuninj
[+] /p/vast1/build/spack/opt/spack/linux-rhel7-broadwell/gcc-10.2.1/libiconv-1.16-glggocpnh7m2dgmtu4fedhbfeessepbe
[+] /p/vast1/build/spack/opt/spack/linux-rhel7-broadwell/gcc-10.2.1/zlib-1.2.11-su2ldy5ofm424qnly3kitbbdgwovpfk4
[+] /p/vast1/build/spack/opt/spack/linux-rhel7-broadwell/gcc-10.2.1/libunwind-1.5.0-qolipzu4dzqdwwqilpz34qbosuwxtpoa
[+] /p/vast1/build/spack/opt/spack/linux-rhel7-broadwell/gcc-10.2.1/libsigsegv-2.13-7rh3iftx6wqudr26scqm7nyzm4xxgqcc
[+] /p/vast1/build/spack/opt/spack/linux-rhel7-broadwell/gcc-10.2.1/util-macros-1.19.3-mxlhejedwgloprhrg6bzi2wz3cgadzp2
[+] /p/vast1/build/spack/opt/spack/linux-rhel7-broadwell/gcc-10.2.1/xz-5.2.5-d536jz4ora4tt45q72d2lklqr3dqx34m
[+] /p/vast1/build/spack/opt/spack/linux-rhel7-broadwell/gcc-10.2.1/papi-5.7.0-czqjpcgj4yn6asmfyx256u6gqjavqqlu
[+] /p/vast1/build/spack/opt/spack/linux-rhel7-broadwell/gcc-10.2.1/libmd-1.0.4-rooxnv7z75ill3knhg6bxfttmwxdag6i
[+] /p/vast1/build/spack/opt/spack/linux-rhel7-broadwell/gcc-10.2.1/libffi-3.4.2-7vfnd7a5ankpytut3b4oqhktzrcbabfm
[+] /p/vast1/build/spack/opt/spack/linux-rhel7-broadwell/gcc-10.2.1/util-linux-uuid-2.37.4-26saxoixdjk3763nksg3ajmdzt5gyubu
[+] /p/vast1/build/spack/opt/spack/linux-rhel7-broadwell/gcc-10.2.1/ncurses-6.2-2xef6sx47tqatqlceqguyz3rza5okbhy
[+] /p/vast1/build/spack/opt/spack/linux-rhel7-broadwell/gcc-10.2.1/tar-1.34-3g4ty3srw34e6frmd2d2f523hr2pck3g
[+] /p/vast1/build/spack/opt/spack/linux-rhel7-broadwell/gcc-10.2.1/diffutils-3.8-vxb536efq575rjec2zqsyqgsebpspfvs
[+] /p/vast1/build/spack/opt/spack/linux-rhel7-broadwell/gcc-10.2.1/m4-1.4.19-zeen2avy7avmg5n7cd6yaqspkj3rup2t
[+] /p/vast1/build/spack/opt/spack/linux-rhel7-broadwell/gcc-10.2.1/libxml2-2.9.12-rs3llxgrrh537ywuyzjxyebuzo3gnxpt
[+] /p/vast1/build/spack/opt/spack/linux-rhel7-broadwell/gcc-10.2.1/libbsd-0.11.5-yt5rlx2ycq24tyyohhconaxiqgzajzbo
[+] /p/vast1/build/spack/opt/spack/linux-rhel7-broadwell/gcc-10.2.1/readline-8.1-vfjorqgtmqh3rl5ollaj4n2uusx4foez
[+] /p/vast1/build/spack/opt/spack/linux-rhel7-broadwell/gcc-10.2.1/libedit-3.1-20210216-rhcaqt3bcnt5otgbqisvol2zjkkt3yqz
[+] /p/vast1/build/spack/opt/spack/linux-rhel7-broadwell/gcc-10.2.1/bzip2-1.0.8-jmjklgubcyryaddwqvzuvzeiq6zfqmst
[+] /p/vast1/build/spack/opt/spack/linux-rhel7-broadwell/gcc-10.2.1/libtool-2.4.6-v5tvhyer33lc2hhisqrztia7bmreecdr
[+] /p/vast1/build/spack/opt/spack/linux-rhel7-broadwell/gcc-10.2.1/expat-2.4.6-akiducmoeufix2d6beegvgbj5skm36ul
[+] /p/vast1/build/spack/opt/spack/linux-rhel7-broadwell/gcc-10.2.1/sqlite-3.37.2-osxyeivy7mdmhjyjwcsm4l7tooho6s2d
[+] /p/vast1/build/spack/opt/spack/linux-rhel7-broadwell/gcc-10.2.1/gdbm-1.19-k5otkqycqsp3sya4vlvqbekdodhy2a2b
[+] /p/vast1/build/spack/opt/spack/linux-rhel7-broadwell/gcc-10.2.1/gettext-0.21-zrjvymznliicfcjx4lqkixtjo76ruzmr
[+] /p/vast1/build/spack/opt/spack/linux-rhel7-broadwell/gcc-10.2.1/libpciaccess-0.16-vzg6r6gyrqyboudgxfqbdwe36epu6s7s
[+] /p/vast1/build/spack/opt/spack/linux-rhel7-broadwell/gcc-10.2.1/perl-5.34.0-wimaji5zk5vlms3psvdtvmxifnine4nh
[+] /p/vast1/build/spack/opt/spack/linux-rhel7-broadwell/gcc-10.2.1/hwloc-2.7.0-zcvfxqfecuheq2vakvpuosok2avakr6j
[+] /p/vast1/build/spack/opt/spack/linux-rhel7-broadwell/gcc-10.2.1/autoconf-2.69-pfmcbnykmtv5mjmsmwbesqcoea22hrrx
[+] /p/vast1/build/spack/opt/spack/linux-rhel7-broadwell/gcc-10.2.1/openssl-1.1.1m-momhhzpwxq3fzqnlqbabquoitiq5d6q6
[+] /p/vast1/build/spack/opt/spack/linux-rhel7-broadwell/gcc-10.2.1/automake-1.16.5-7gugpvl5tq7e3xqgw7wna3fwdlbrszqs
[+] /p/vast1/build/spack/opt/spack/linux-rhel7-broadwell/gcc-10.2.1/openssh-8.8p1-667p3p2z5r6q3h2mo5arextitlyvzye4
[+] /p/vast1/build/spack/opt/spack/linux-rhel7-broadwell/gcc-10.2.1/cmake-3.22.2-7oku4yd37mfoi65gi3alunjbl35euphw
[+] /p/vast1/build/spack/opt/spack/linux-rhel7-broadwell/gcc-10.2.1/python-3.9.10-6fbgydg7c2bdx4ovimgsqyzucdkrd277
[+] /p/vast1/build/spack/opt/spack/linux-rhel7-broadwell/gcc-10.2.1/libevent-2.1.12-ojhvas6alyezjgn2r2flj4slwat4cowk
[+] /p/vast1/build/spack/opt/spack/linux-rhel7-broadwell/gcc-10.2.1/numactl-2.0.14-wiobx4m5fgmgis4po6hi44kpy7ad57vj
[+] /p/vast1/build/spack/opt/spack/linux-rhel7-broadwell/gcc-10.2.1/openmpi-4.1.2-mtnsjnbj5kuefhd6gtupaglpuytu6vhz
[+] /p/vast1/build/spack/opt/spack/linux-rhel7-broadwell/gcc-10.2.1/caliper-1.7.0-hmy4n62yov2knysg3agrsotyh4wskl3r
Testing splicing in (and out) papi@master
[+] /p/vast1/build/spack/opt/spack/linux-rhel7-broadwell/gcc-10.2.1/papi-master-7wj56nuac7snq2ddw7vvcwobyc7y2qjg
Testing splicing in (and out) papi@6.0.0.1
[+] /p/vast1/build/spack/opt/spack/linux-rhel7-broadwell/gcc-10.2.1/papi-6.0.0.1-62emwcxfgw35opywe25sgxwuvoikrxlc
Testing splicing in (and out) papi@6.0.0
[+] /p/vast1/build/spack/opt/spack/linux-rhel7-broadwell/gcc-10.2.1/papi-6.0.0-sscfenf7yydczalrqrecbdrkm73vojpf
Testing splicing in (and out) papi@5.7.0
[+] /p/vast1/build/spack/opt/spack/linux-rhel7-broadwell/gcc-10.2.1/papi-5.7.0-czqjpcgj4yn6asmfyx256u6gqjavqqlu
Testing splicing in (and out) papi@5.6.0
[+] /p/vast1/build/spack/opt/spack/linux-rhel7-broadwell/gcc-10.2.1/papi-5.6.0-yfeidwvahfw26dfr2lij3gpklmlcwiwf
Testing splicing in (and out) papi@5.5.1
[+] /p/vast1/build/spack/opt/spack/linux-rhel7-broadwell/gcc-10.2.1/papi-5.5.1-oftjkfk6fbmafoljfwixsidobx3ceuyb
Testing splicing in (and out) papi@5.5.0
[+] /p/vast1/build/spack/opt/spack/linux-rhel7-broadwell/gcc-10.2.1/papi-5.5.0-iikdtpxemnddp3xjyflwfpyfkmocdhqi
Testing splicing in (and out) papi@5.4.3
[+] /p/vast1/build/spack/opt/spack/linux-rhel7-broadwell/gcc-10.2.1/papi-5.4.3-w5r7qvwbpvuesj34rgexmqys2tyo6x65
Testing splicing in (and out) papi@5.4.1
[+] /p/vast1/build/spack/opt/spack/linux-rhel7-broadwell/gcc-10.2.1/papi-5.4.1-mn3gdokcjt3kyvgnywiq5ryqqbywc4cd
Testing splicing in (and out) papi@5.3.0
[+] /p/vast1/build/spack/opt/spack/linux-rhel7-broadwell/gcc-4.9.3/papi-5.3.0-fkeuoxn5pizmsnhbphiimt435wqkyw2h
ELF file '/p/vast1/build/spack/opt/spack/linux-rhel7-broadwell/gcc-10.2.1/caliper-1.7.0-w2zy55cwwyvjpybcl665t2ge4xeyrobs/bin/cali-stat' is not ABI compatible with '/p/vast1/build/spack/opt/spack/linux-rhel7-broadwell/gcc-10.2.1/papi-6.0.0-sscfenf7yydczalrqrecbdrkm73vojpf/lib/libpapi.so.6.0.0.0' due to differences with '/p/vast1/build/spack/opt/spack/linux-rhel7-broadwell/gcc-10.2.1/papi-5.7.0-czqjpcgj4yn6asmfyx256u6gqjavqqlu/lib/libpapi.so.5.7.0.0' below:
ELF SONAME changed
Functions changes summary: 0 Removed, 0 Changed, 0 Added function
Variables changes summary: 0 Removed, 0 Changed, 0 Added variable

SONAME changed from 'libpapi.so.5' to 'libpapi.so.6.0'


ELF file '/p/vast1/build/spack/opt/spack/linux-rhel7-broadwell/gcc-10.2.1/caliper-1.7.0-w2zy55cwwyvjpybcl665t2ge4xeyrobs/bin/cali-graph' is not ABI compatible with '/p/vast1/build/spack/opt/spack/linux-rhel7-broadwell/gcc-10.2.1/papi-6.0.0-sscfenf7yydczalrqrecbdrkm73vojpf/lib/libpapi.so.6.0.0.0' due to differences with '/p/vast1/build/spack/opt/spack/linux-rhel7-broadwell/gcc-10.2.1/papi-5.7.0-czqjpcgj4yn6asmfyx256u6gqjavqqlu/lib/libpapi.so.5.7.0.0' below:
ELF SONAME changed
Functions changes summary: 0 Removed, 0 Changed, 0 Added function
Variables changes summary: 0 Removed, 0 Changed, 0 Added variable

SONAME changed from 'libpapi.so.5' to 'libpapi.so.6.0'


ELF file '/p/vast1/build/spack/opt/spack/linux-rhel7-broadwell/gcc-10.2.1/caliper-1.7.0-w2zy55cwwyvjpybcl665t2ge4xeyrobs/bin/cali-query' is not ABI compatible with '/p/vast1/build/spack/opt/spack/linux-rhel7-broadwell/gcc-10.2.1/papi-6.0.0-sscfenf7yydczalrqrecbdrkm73vojpf/lib/libpapi.so.6.0.0.0' due to differences with '/p/vast1/build/spack/opt/spack/linux-rhel7-broadwell/gcc-10.2.1/papi-5.7.0-czqjpcgj4yn6asmfyx256u6gqjavqqlu/lib/libpapi.so.5.7.0.0' below:
ELF SONAME changed
Functions changes summary: 0 Removed, 0 Changed, 0 Added function
Variables changes summary: 0 Removed, 0 Changed, 0 Added variable

SONAME changed from 'libpapi.so.5' to 'libpapi.so.6.0'


{'spack-test': [{'message': '==> Spack test hbfjtxte5mu6f4fgpaugiirpbjlcy4y4\n==> Testing package caliper-1.7.0-w2zy55c\n============================= 1 passed of 1 specs ==============================\n', 'return_code': 0, 'prediction': True, 'command': '/p/vast1/build/spack/bin/spack test run /w2zy55'}], 'symbolator': [{'missing': [], 'selected': [['libpfm.so.4.10.1', 'libpfm.so.4'], ['libc.so.6', 'libc.so.6']], 'binary': '/p/vast1/build/spack/opt/spack/linux-rhel7-broadwell/gcc-10.2.1/caliper-1.7.0-w2zy55cwwyvjpybcl665t2ge4xeyrobs/bin/cali-stat', 'splice_type': 'same_lib', 'lib': '/p/vast1/build/spack/opt/spack/linux-rhel7-broadwell/gcc-10.2.1/papi-6.0.0-sscfenf7yydczalrqrecbdrkm73vojpf/lib/libpfm.so.4.10.1', 'prediction': True}, {'missing': ['libcaliper PAPI_start_counters', 'libcaliper PAPI_read_counters', 'libstdc++ read', 'libstdc++ fread', 'libstdc++ fwrite', 'libstdc++ write', 'libm fwrite', 'libpapi mkdir', 'libpapi tfind', 'libpapi vsnprintf', 'libpapi lseek', 'libpapi getcwd', 'libpapi close', 'libpapi tdelete', 'libpapi read', 'libpapi tsearch', 'libpapi open', 'libpapi fwrite', 'libunwind close', 'libunwind read', 'libunwind open', 'libgotcha close', 'libgotcha read', 'libgotcha open', 'librt recv', 'librt write', 'librt read', 'librt open', 'libpfm close', 'libpfm read', 'libpfm open', 'libsensors fread'], 'selected': [['libpapi.so.6.0.0.0', 'libpapi.so.5'], ['libpfm.so.4', 'libpfm.so.4'], ['libc.so.6', 'libc.so.6']], 'binary': '/p/vast1/build/spack/opt/spack/linux-rhel7-broadwell/gcc-10.2.1/caliper-1.7.0-w2zy55cwwyvjpybcl665t2ge4xeyrobs/bin/cali-stat', 'splice_type': 'same_lib', 'lib': '/p/vast1/build/spack/opt/spack/linux-rhel7-broadwell/gcc-10.2.1/papi-6.0.0-sscfenf7yydczalrqrecbdrkm73vojpf/lib/libpapi.so.6.0.0.0', 'prediction': False}, {'missing': [], 'selected': [['libpfm.so.4.10.1', 'libpfm.so.4'], ['libc.so.6', 'libc.so.6']], 'binary': '/p/vast1/build/spack/opt/spack/linux-rhel7-broadwell/gcc-10.2.1/caliper-1.7.0-w2zy55cwwyvjpybcl665t2ge4xeyrobs/bin/cali-graph', 'splice_type': 'same_lib', 'lib': '/p/vast1/build/spack/opt/spack/linux-rhel7-broadwell/gcc-10.2.1/papi-6.0.0-sscfenf7yydczalrqrecbdrkm73vojpf/lib/libpfm.so.4.10.1', 'prediction': True}, {'missing': ['libcaliper PAPI_start_counters', 'libcaliper PAPI_read_counters', 'libstdc++ read', 'libstdc++ fread', 'libstdc++ fwrite', 'libstdc++ write', 'libm fwrite', 'libpapi mkdir', 'libpapi tfind', 'libpapi vsnprintf', 'libpapi lseek', 'libpapi getcwd', 'libpapi close', 'libpapi tdelete', 'libpapi read', 'libpapi tsearch', 'libpapi open', 'libpapi fwrite', 'libunwind close', 'libunwind read', 'libunwind open', 'libgotcha close', 'libgotcha read', 'libgotcha open', 'librt recv', 'librt write', 'librt read', 'librt open', 'libpfm close', 'libpfm read', 'libpfm open', 'libsensors fread'], 'selected': [['libpapi.so.6.0.0.0', 'libpapi.so.5'], ['libpfm.so.4', 'libpfm.so.4'], ['libc.so.6', 'libc.so.6']], 'binary': '/p/vast1/build/spack/opt/spack/linux-rhel7-broadwell/gcc-10.2.1/caliper-1.7.0-w2zy55cwwyvjpybcl665t2ge4xeyrobs/bin/cali-graph', 'splice_type': 'same_lib', 'lib': '/p/vast1/build/spack/opt/spack/linux-rhel7-broadwell/gcc-10.2.1/papi-6.0.0-sscfenf7yydczalrqrecbdrkm73vojpf/lib/libpapi.so.6.0.0.0', 'prediction': False}, {'missing': [], 'selected': [['libpfm.so.4.10.1', 'libpfm.so.4'], ['libc.so.6', 'libc.so.6']], 'binary': '/p/vast1/build/spack/opt/spack/linux-rhel7-broadwell/gcc-10.2.1/caliper-1.7.0-w2zy55cwwyvjpybcl665t2ge4xeyrobs/bin/cali-query', 'splice_type': 'same_lib', 'lib': '/p/vast1/build/spack/opt/spack/linux-rhel7-broadwell/gcc-10.2.1/papi-6.0.0-sscfenf7yydczalrqrecbdrkm73vojpf/lib/libpfm.so.4.10.1', 'prediction': True}, {'missing': ['libcaliper PAPI_start_counters', 'libcaliper PAPI_read_counters', 'libstdc++ read', 'libstdc++ fread', 'libstdc++ fwrite', 'libstdc++ write', 'libm fwrite', 'libpapi mkdir', 'libpapi tfind', 'libpapi vsnprintf', 'libpapi lseek', 'libpapi getcwd', 'libpapi close', 'libpapi tdelete', 'libpapi read', 'libpapi tsearch', 'libpapi open', 'libpapi fwrite', 'libunwind close', 'libunwind read', 'libunwind open', 'libgotcha close', 'libgotcha read', 'libgotcha open', 'librt recv', 'librt write', 'librt read', 'librt open', 'libpfm close', 'libpfm read', 'libpfm open', 'libsensors fread'], 'selected': [['libpapi.so.6.0.0.0', 'libpapi.so.5'], ['libpfm.so.4', 'libpfm.so.4'], ['libc.so.6', 'libc.so.6']], 'binary': '/p/vast1/build/spack/opt/spack/linux-rhel7-broadwell/gcc-10.2.1/caliper-1.7.0-w2zy55cwwyvjpybcl665t2ge4xeyrobs/bin/cali-query', 'splice_type': 'same_lib', 'lib': '/p/vast1/build/spack/opt/spack/linux-rhel7-broadwell/gcc-10.2.1/papi-6.0.0-sscfenf7yydczalrqrecbdrkm73vojpf/lib/libpapi.so.6.0.0.0', 'prediction': False}], 'libabigail': [{'message': '', 'return_code': 0, 'binary': '/p/vast1/build/spack/opt/spack/linux-rhel7-broadwell/gcc-10.2.1/caliper-1.7.0-w2zy55cwwyvjpybcl665t2ge4xeyrobs/bin/cali-stat', 'splice_type': 'same_lib', 'lib': '/p/vast1/build/spack/opt/spack/linux-rhel7-broadwell/gcc-10.2.1/papi-6.0.0-sscfenf7yydczalrqrecbdrkm73vojpf/lib/libpfm.so.4.10.1', 'original_lib': '/p/vast1/build/spack/opt/spack/linux-rhel7-broadwell/gcc-10.2.1/papi-6.0.0-sscfenf7yydczalrqrecbdrkm73vojpf/lib/libpfm.so.4.10.1', 'prediction': True}, {'message': "ELF file '/p/vast1/build/spack/opt/spack/linux-rhel7-broadwell/gcc-10.2.1/caliper-1.7.0-w2zy55cwwyvjpybcl665t2ge4xeyrobs/bin/cali-stat' is not ABI compatible with '/p/vast1/build/spack/opt/spack/linux-rhel7-broadwell/gcc-10.2.1/papi-6.0.0-sscfenf7yydczalrqrecbdrkm73vojpf/lib/libpapi.so.6.0.0.0' due to differences with '/p/vast1/build/spack/opt/spack/linux-rhel7-broadwell/gcc-10.2.1/papi-5.7.0-czqjpcgj4yn6asmfyx256u6gqjavqqlu/lib/libpapi.so.5.7.0.0' below:\nELF SONAME changed\nFunctions changes summary: 0 Removed, 0 Changed, 0 Added function\nVariables changes summary: 0 Removed, 0 Changed, 0 Added variable\n\nSONAME changed from 'libpapi.so.5' to 'libpapi.so.6.0'\n\n", 'return_code': 12, 'binary': '/p/vast1/build/spack/opt/spack/linux-rhel7-broadwell/gcc-10.2.1/caliper-1.7.0-w2zy55cwwyvjpybcl665t2ge4xeyrobs/bin/cali-stat', 'splice_type': 'same_lib', 'lib': '/p/vast1/build/spack/opt/spack/linux-rhel7-broadwell/gcc-10.2.1/papi-6.0.0-sscfenf7yydczalrqrecbdrkm73vojpf/lib/libpapi.so.6.0.0.0', 'original_lib': '/p/vast1/build/spack/opt/spack/linux-rhel7-broadwell/gcc-10.2.1/papi-6.0.0-sscfenf7yydczalrqrecbdrkm73vojpf/lib/libpapi.so.6.0.0.0', 'prediction': False}, {'message': '', 'return_code': 0, 'binary': '/p/vast1/build/spack/opt/spack/linux-rhel7-broadwell/gcc-10.2.1/caliper-1.7.0-w2zy55cwwyvjpybcl665t2ge4xeyrobs/bin/cali-graph', 'splice_type': 'same_lib', 'lib': '/p/vast1/build/spack/opt/spack/linux-rhel7-broadwell/gcc-10.2.1/papi-6.0.0-sscfenf7yydczalrqrecbdrkm73vojpf/lib/libpfm.so.4.10.1', 'original_lib': '/p/vast1/build/spack/opt/spack/linux-rhel7-broadwell/gcc-10.2.1/papi-6.0.0-sscfenf7yydczalrqrecbdrkm73vojpf/lib/libpfm.so.4.10.1', 'prediction': True}, {'message': "ELF file '/p/vast1/build/spack/opt/spack/linux-rhel7-broadwell/gcc-10.2.1/caliper-1.7.0-w2zy55cwwyvjpybcl665t2ge4xeyrobs/bin/cali-graph' is not ABI compatible with '/p/vast1/build/spack/opt/spack/linux-rhel7-broadwell/gcc-10.2.1/papi-6.0.0-sscfenf7yydczalrqrecbdrkm73vojpf/lib/libpapi.so.6.0.0.0' due to differences with '/p/vast1/build/spack/opt/spack/linux-rhel7-broadwell/gcc-10.2.1/papi-5.7.0-czqjpcgj4yn6asmfyx256u6gqjavqqlu/lib/libpapi.so.5.7.0.0' below:\nELF SONAME changed\nFunctions changes summary: 0 Removed, 0 Changed, 0 Added function\nVariables changes summary: 0 Removed, 0 Changed, 0 Added variable\n\nSONAME changed from 'libpapi.so.5' to 'libpapi.so.6.0'\n\n", 'return_code': 12, 'binary': '/p/vast1/build/spack/opt/spack/linux-rhel7-broadwell/gcc-10.2.1/caliper-1.7.0-w2zy55cwwyvjpybcl665t2ge4xeyrobs/bin/cali-graph', 'splice_type': 'same_lib', 'lib': '/p/vast1/build/spack/opt/spack/linux-rhel7-broadwell/gcc-10.2.1/papi-6.0.0-sscfenf7yydczalrqrecbdrkm73vojpf/lib/libpapi.so.6.0.0.0', 'original_lib': '/p/vast1/build/spack/opt/spack/linux-rhel7-broadwell/gcc-10.2.1/papi-6.0.0-sscfenf7yydczalrqrecbdrkm73vojpf/lib/libpapi.so.6.0.0.0', 'prediction': False}, {'message': '', 'return_code': 0, 'binary': '/p/vast1/build/spack/opt/spack/linux-rhel7-broadwell/gcc-10.2.1/caliper-1.7.0-w2zy55cwwyvjpybcl665t2ge4xeyrobs/bin/cali-query', 'splice_type': 'same_lib', 'lib': '/p/vast1/build/spack/opt/spack/linux-rhel7-broadwell/gcc-10.2.1/papi-6.0.0-sscfenf7yydczalrqrecbdrkm73vojpf/lib/libpfm.so.4.10.1', 'original_lib': '/p/vast1/build/spack/opt/spack/linux-rhel7-broadwell/gcc-10.2.1/papi-6.0.0-sscfenf7yydczalrqrecbdrkm73vojpf/lib/libpfm.so.4.10.1', 'prediction': True}, {'message': "ELF file '/p/vast1/build/spack/opt/spack/linux-rhel7-broadwell/gcc-10.2.1/caliper-1.7.0-w2zy55cwwyvjpybcl665t2ge4xeyrobs/bin/cali-query' is not ABI compatible with '/p/vast1/build/spack/opt/spack/linux-rhel7-broadwell/gcc-10.2.1/papi-6.0.0-sscfenf7yydczalrqrecbdrkm73vojpf/lib/libpapi.so.6.0.0.0' due to differences with '/p/vast1/build/spack/opt/spack/linux-rhel7-broadwell/gcc-10.2.1/papi-5.7.0-czqjpcgj4yn6asmfyx256u6gqjavqqlu/lib/libpapi.so.5.7.0.0' below:\nELF SONAME changed\nFunctions changes summary: 0 Removed, 0 Changed, 0 Added function\nVariables changes summary: 0 Removed, 0 Changed, 0 Added variable\n\nSONAME changed from 'libpapi.so.5' to 'libpapi.so.6.0'\n\n", 'return_code': 12, 'binary': '/p/vast1/build/spack/opt/spack/linux-rhel7-broadwell/gcc-10.2.1/caliper-1.7.0-w2zy55cwwyvjpybcl665t2ge4xeyrobs/bin/cali-query', 'splice_type': 'same_lib', 'lib': '/p/vast1/build/spack/opt/spack/linux-rhel7-broadwell/gcc-10.2.1/papi-6.0.0-sscfenf7yydczalrqrecbdrkm73vojpf/lib/libpapi.so.6.0.0.0', 'original_lib': '/p/vast1/build/spack/opt/spack/linux-rhel7-broadwell/gcc-10.2.1/papi-6.0.0-sscfenf7yydczalrqrecbdrkm73vojpf/lib/libpapi.so.6.0.0.0', 'prediction': False}]}
{'spack-test': [{'message': '==> Spack test hxr6jn6bkdylkix7g7ldlfapxzz7zurq\n==> Testing package caliper-1.7.0-r46yomd\n============================= 1 passed of 1 specs ==============================\n', 'return_code': 0, 'prediction': True, 'command': '/p/vast1/build/spack/bin/spack test run /r46yom'}], 'symbolator': [{'missing': [], 'selected': [['libpfm.so.4.10.1', 'libpfm.so.4'], ['libc.so.6', 'libc.so.6']], 'binary': '/p/vast1/build/spack/opt/spack/linux-rhel7-broadwell/gcc-10.2.1/caliper-1.7.0-r46yomdoqdr5driw4fruuqo6mvcfgou4/bin/cali-stat', 'splice_type': 'same_lib', 'lib': '/p/vast1/build/spack/opt/spack/linux-rhel7-broadwell/gcc-10.2.1/papi-5.7.0-czqjpcgj4yn6asmfyx256u6gqjavqqlu/lib/libpfm.so.4.10.1', 'prediction': True}, {'missing': [], 'selected': [['libpapi.so.5.7.0.0', 'libpapi.so.5'], ['libpfm.so.4', 'libpfm.so.4'], ['libc.so.6', 'libc.so.6']], 'binary': '/p/vast1/build/spack/opt/spack/linux-rhel7-broadwell/gcc-10.2.1/caliper-1.7.0-r46yomdoqdr5driw4fruuqo6mvcfgou4/bin/cali-stat', 'splice_type': 'same_lib', 'lib': '/p/vast1/build/spack/opt/spack/linux-rhel7-broadwell/gcc-10.2.1/papi-5.7.0-czqjpcgj4yn6asmfyx256u6gqjavqqlu/lib/libpapi.so.5.7.0.0', 'prediction': True}, {'missing': [], 'selected': [['libpfm.so.4.10.1', 'libpfm.so.4'], ['libc.so.6', 'libc.so.6']], 'binary': '/p/vast1/build/spack/opt/spack/linux-rhel7-broadwell/gcc-10.2.1/caliper-1.7.0-r46yomdoqdr5driw4fruuqo6mvcfgou4/bin/cali-query', 'splice_type': 'same_lib', 'lib': '/p/vast1/build/spack/opt/spack/linux-rhel7-broadwell/gcc-10.2.1/papi-5.7.0-czqjpcgj4yn6asmfyx256u6gqjavqqlu/lib/libpfm.so.4.10.1', 'prediction': True}, {'missing': [], 'selected': [['libpapi.so.5.7.0.0', 'libpapi.so.5'], ['libpfm.so.4', 'libpfm.so.4'], ['libc.so.6', 'libc.so.6']], 'binary': '/p/vast1/build/spack/opt/spack/linux-rhel7-broadwell/gcc-10.2.1/caliper-1.7.0-r46yomdoqdr5driw4fruuqo6mvcfgou4/bin/cali-query', 'splice_type': 'same_lib', 'lib': '/p/vast1/build/spack/opt/spack/linux-rhel7-broadwell/gcc-10.2.1/papi-5.7.0-czqjpcgj4yn6asmfyx256u6gqjavqqlu/lib/libpapi.so.5.7.0.0', 'prediction': True}, {'missing': [], 'selected': [['libpfm.so.4.10.1', 'libpfm.so.4'], ['libc.so.6', 'libc.so.6']], 'binary': '/p/vast1/build/spack/opt/spack/linux-rhel7-broadwell/gcc-10.2.1/caliper-1.7.0-r46yomdoqdr5driw4fruuqo6mvcfgou4/bin/cali-graph', 'splice_type': 'same_lib', 'lib': '/p/vast1/build/spack/opt/spack/linux-rhel7-broadwell/gcc-10.2.1/papi-5.7.0-czqjpcgj4yn6asmfyx256u6gqjavqqlu/lib/libpfm.so.4.10.1', 'prediction': True}, {'missing': [], 'selected': [['libpapi.so.5.7.0.0', 'libpapi.so.5'], ['libpfm.so.4', 'libpfm.so.4'], ['libc.so.6', 'libc.so.6']], 'binary': '/p/vast1/build/spack/opt/spack/linux-rhel7-broadwell/gcc-10.2.1/caliper-1.7.0-r46yomdoqdr5driw4fruuqo6mvcfgou4/bin/cali-graph', 'splice_type': 'same_lib', 'lib': '/p/vast1/build/spack/opt/spack/linux-rhel7-broadwell/gcc-10.2.1/papi-5.7.0-czqjpcgj4yn6asmfyx256u6gqjavqqlu/lib/libpapi.so.5.7.0.0', 'prediction': True}], 'libabigail': [{'message': '', 'return_code': 0, 'binary': '/p/vast1/build/spack/opt/spack/linux-rhel7-broadwell/gcc-10.2.1/caliper-1.7.0-r46yomdoqdr5driw4fruuqo6mvcfgou4/bin/cali-stat', 'splice_type': 'same_lib', 'lib': '/p/vast1/build/spack/opt/spack/linux-rhel7-broadwell/gcc-10.2.1/papi-5.7.0-czqjpcgj4yn6asmfyx256u6gqjavqqlu/lib/libpfm.so.4.10.1', 'original_lib': '/p/vast1/build/spack/opt/spack/linux-rhel7-broadwell/gcc-10.2.1/papi-5.7.0-czqjpcgj4yn6asmfyx256u6gqjavqqlu/lib/libpfm.so.4.10.1', 'prediction': True}, {'message': '', 'return_code': 0, 'binary': '/p/vast1/build/spack/opt/spack/linux-rhel7-broadwell/gcc-10.2.1/caliper-1.7.0-r46yomdoqdr5driw4fruuqo6mvcfgou4/bin/cali-stat', 'splice_type': 'same_lib', 'lib': '/p/vast1/build/spack/opt/spack/linux-rhel7-broadwell/gcc-10.2.1/papi-5.7.0-czqjpcgj4yn6asmfyx256u6gqjavqqlu/lib/libpapi.so.5.7.0.0', 'original_lib': '/p/vast1/build/spack/opt/spack/linux-rhel7-broadwell/gcc-10.2.1/papi-5.7.0-czqjpcgj4yn6asmfyx256u6gqjavqqlu/lib/libpapi.so.5.7.0.0', 'prediction': True}, {'message': '', 'return_code': 0, 'binary': '/p/vast1/build/spack/opt/spack/linux-rhel7-broadwell/gcc-10.2.1/caliper-1.7.0-r46yomdoqdr5driw4fruuqo6mvcfgou4/bin/cali-query', 'splice_type': 'same_lib', 'lib': '/p/vast1/build/spack/opt/spack/linux-rhel7-broadwell/gcc-10.2.1/papi-5.7.0-czqjpcgj4yn6asmfyx256u6gqjavqqlu/lib/libpfm.so.4.10.1', 'original_lib': '/p/vast1/build/spack/opt/spack/linux-rhel7-broadwell/gcc-10.2.1/papi-5.7.0-czqjpcgj4yn6asmfyx256u6gqjavqqlu/lib/libpfm.so.4.10.1', 'prediction': True}, {'message': '', 'return_code': 0, 'binary': '/p/vast1/build/spack/opt/spack/linux-rhel7-broadwell/gcc-10.2.1/caliper-1.7.0-r46yomdoqdr5driw4fruuqo6mvcfgou4/bin/cali-query', 'splice_type': 'same_lib', 'lib': '/p/vast1/build/spack/opt/spack/linux-rhel7-broadwell/gcc-10.2.1/papi-5.7.0-czqjpcgj4yn6asmfyx256u6gqjavqqlu/lib/libpapi.so.5.7.0.0', 'original_lib': '/p/vast1/build/spack/opt/spack/linux-rhel7-broadwell/gcc-10.2.1/papi-5.7.0-czqjpcgj4yn6asmfyx256u6gqjavqqlu/lib/libpapi.so.5.7.0.0', 'prediction': True}, {'message': '', 'return_code': 0, 'binary': '/p/vast1/build/spack/opt/spack/linux-rhel7-broadwell/gcc-10.2.1/caliper-1.7.0-r46yomdoqdr5driw4fruuqo6mvcfgou4/bin/cali-graph', 'splice_type': 'same_lib', 'lib': '/p/vast1/build/spack/opt/spack/linux-rhel7-broadwell/gcc-10.2.1/papi-5.7.0-czqjpcgj4yn6asmfyx256u6gqjavqqlu/lib/libpfm.so.4.10.1', 'original_lib': '/p/vast1/build/spack/opt/spack/linux-rhel7-broadwell/gcc-10.2.1/papi-5.7.0-czqjpcgj4yn6asmfyx256u6gqjavqqlu/lib/libpfm.so.4.10.1', 'prediction': True}, {'message': '', 'return_code': 0, 'binary': '/p/vast1/build/spack/opt/spack/linux-rhel7-broadwell/gcc-10.2.1/caliper-1.7.0-r46yomdoqdr5driw4fruuqo6mvcfgou4/bin/cali-graph', 'splice_type': 'same_lib', 'lib': '/p/vast1/build/spack/opt/spack/linux-rhel7-broadwell/gcc-10.2.1/papi-5.7.0-czqjpcgj4yn6asmfyx256u6gqjavqqlu/lib/libpapi.so.5.7.0.0', 'original_lib': '/p/vast1/build/spack/opt/spack/linux-rhel7-broadwell/gcc-10.2.1/papi-5.7.0-czqjpcgj4yn6asmfyx256u6gqjavqqlu/lib/libpapi.so.5.7.0.0', 'prediction': True}]}
{'spack-test': [{'message': '==> Spack test 3x5xnp2a2zlzaegzpcw7h2ic2h3uqi3d\n==> Testing package caliper-1.7.0-kubc5r4\n============================= 1 passed of 1 specs ==============================\n', 'return_code': 0, 'prediction': True, 'command': '/p/vast1/build/spack/bin/spack test run /kubc5r'}], 'symbolator': [{'missing': [], 'selected': [['libpapi.so.5.6.0.0', 'libpapi.so.5'], ['libpfm.so.4', 'libpfm.so.4'], ['libc.so.6', 'libc.so.6']], 'binary': '/p/vast1/build/spack/opt/spack/linux-rhel7-broadwell/gcc-10.2.1/caliper-1.7.0-kubc5r4tgcboky4hmrxjeteex7kshl67/bin/cali-graph', 'splice_type': 'same_lib', 'lib': '/p/vast1/build/spack/opt/spack/linux-rhel7-broadwell/gcc-10.2.1/papi-5.6.0-yfeidwvahfw26dfr2lij3gpklmlcwiwf/lib/libpapi.so.5.6.0.0', 'prediction': True}, {'missing': [], 'selected': [['libpfm.so.4.8.0', 'libpfm.so.4'], ['libc.so.6', 'libc.so.6']], 'binary': '/p/vast1/build/spack/opt/spack/linux-rhel7-broadwell/gcc-10.2.1/caliper-1.7.0-kubc5r4tgcboky4hmrxjeteex7kshl67/bin/cali-graph', 'splice_type': 'same_lib', 'lib': '/p/vast1/build/spack/opt/spack/linux-rhel7-broadwell/gcc-10.2.1/papi-5.6.0-yfeidwvahfw26dfr2lij3gpklmlcwiwf/lib/libpfm.so.4.8.0', 'prediction': True}, {'missing': [], 'selected': [['libpapi.so.5.6.0.0', 'libpapi.so.5'], ['libpfm.so.4', 'libpfm.so.4'], ['libc.so.6', 'libc.so.6']], 'binary': '/p/vast1/build/spack/opt/spack/linux-rhel7-broadwell/gcc-10.2.1/caliper-1.7.0-kubc5r4tgcboky4hmrxjeteex7kshl67/bin/cali-stat', 'splice_type': 'same_lib', 'lib': '/p/vast1/build/spack/opt/spack/linux-rhel7-broadwell/gcc-10.2.1/papi-5.6.0-yfeidwvahfw26dfr2lij3gpklmlcwiwf/lib/libpapi.so.5.6.0.0', 'prediction': True}, {'missing': [], 'selected': [['libpfm.so.4.8.0', 'libpfm.so.4'], ['libc.so.6', 'libc.so.6']], 'binary': '/p/vast1/build/spack/opt/spack/linux-rhel7-broadwell/gcc-10.2.1/caliper-1.7.0-kubc5r4tgcboky4hmrxjeteex7kshl67/bin/cali-stat', 'splice_type': 'same_lib', 'lib': '/p/vast1/build/spack/opt/spack/linux-rhel7-broadwell/gcc-10.2.1/papi-5.6.0-yfeidwvahfw26dfr2lij3gpklmlcwiwf/lib/libpfm.so.4.8.0', 'prediction': True}, {'missing': [], 'selected': [['libpapi.so.5.6.0.0', 'libpapi.so.5'], ['libpfm.so.4', 'libpfm.so.4'], ['libc.so.6', 'libc.so.6']], 'binary': '/p/vast1/build/spack/opt/spack/linux-rhel7-broadwell/gcc-10.2.1/caliper-1.7.0-kubc5r4tgcboky4hmrxjeteex7kshl67/bin/cali-query', 'splice_type': 'same_lib', 'lib': '/p/vast1/build/spack/opt/spack/linux-rhel7-broadwell/gcc-10.2.1/papi-5.6.0-yfeidwvahfw26dfr2lij3gpklmlcwiwf/lib/libpapi.so.5.6.0.0', 'prediction': True}, {'missing': [], 'selected': [['libpfm.so.4.8.0', 'libpfm.so.4'], ['libc.so.6', 'libc.so.6']], 'binary': '/p/vast1/build/spack/opt/spack/linux-rhel7-broadwell/gcc-10.2.1/caliper-1.7.0-kubc5r4tgcboky4hmrxjeteex7kshl67/bin/cali-query', 'splice_type': 'same_lib', 'lib': '/p/vast1/build/spack/opt/spack/linux-rhel7-broadwell/gcc-10.2.1/papi-5.6.0-yfeidwvahfw26dfr2lij3gpklmlcwiwf/lib/libpfm.so.4.8.0', 'prediction': True}], 'libabigail': [{'message': '', 'return_code': 0, 'binary': '/p/vast1/build/spack/opt/spack/linux-rhel7-broadwell/gcc-10.2.1/caliper-1.7.0-kubc5r4tgcboky4hmrxjeteex7kshl67/bin/cali-graph', 'splice_type': 'same_lib', 'lib': '/p/vast1/build/spack/opt/spack/linux-rhel7-broadwell/gcc-10.2.1/papi-5.6.0-yfeidwvahfw26dfr2lij3gpklmlcwiwf/lib/libpapi.so.5.6.0.0', 'original_lib': '/p/vast1/build/spack/opt/spack/linux-rhel7-broadwell/gcc-10.2.1/papi-5.6.0-yfeidwvahfw26dfr2lij3gpklmlcwiwf/lib/libpapi.so.5.6.0.0', 'prediction': True}, {'message': '', 'return_code': 0, 'binary': '/p/vast1/build/spack/opt/spack/linux-rhel7-broadwell/gcc-10.2.1/caliper-1.7.0-kubc5r4tgcboky4hmrxjeteex7kshl67/bin/cali-graph', 'splice_type': 'same_lib', 'lib': '/p/vast1/build/spack/opt/spack/linux-rhel7-broadwell/gcc-10.2.1/papi-5.6.0-yfeidwvahfw26dfr2lij3gpklmlcwiwf/lib/libpfm.so.4.8.0', 'original_lib': '/p/vast1/build/spack/opt/spack/linux-rhel7-broadwell/gcc-10.2.1/papi-5.6.0-yfeidwvahfw26dfr2lij3gpklmlcwiwf/lib/libpfm.so.4.8.0', 'prediction': True}, {'message': '', 'return_code': 0, 'binary': '/p/vast1/build/spack/opt/spack/linux-rhel7-broadwell/gcc-10.2.1/caliper-1.7.0-kubc5r4tgcboky4hmrxjeteex7kshl67/bin/cali-stat', 'splice_type': 'same_lib', 'lib': '/p/vast1/build/spack/opt/spack/linux-rhel7-broadwell/gcc-10.2.1/papi-5.6.0-yfeidwvahfw26dfr2lij3gpklmlcwiwf/lib/libpapi.so.5.6.0.0', 'original_lib': '/p/vast1/build/spack/opt/spack/linux-rhel7-broadwell/gcc-10.2.1/papi-5.6.0-yfeidwvahfw26dfr2lij3gpklmlcwiwf/lib/libpapi.so.5.6.0.0', 'prediction': True}, {'message': '', 'return_code': 0, 'binary': '/p/vast1/build/spack/opt/spack/linux-rhel7-broadwell/gcc-10.2.1/caliper-1.7.0-kubc5r4tgcboky4hmrxjeteex7kshl67/bin/cali-stat', 'splice_type': 'same_lib', 'lib': '/p/vast1/build/spack/opt/spack/linux-rhel7-broadwell/gcc-10.2.1/papi-5.6.0-yfeidwvahfw26dfr2lij3gpklmlcwiwf/lib/libpfm.so.4.8.0', 'original_lib': '/p/vast1/build/spack/opt/spack/linux-rhel7-broadwell/gcc-10.2.1/papi-5.6.0-yfeidwvahfw26dfr2lij3gpklmlcwiwf/lib/libpfm.so.4.8.0', 'prediction': True}, {'message': '', 'return_code': 0, 'binary': '/p/vast1/build/spack/opt/spack/linux-rhel7-broadwell/gcc-10.2.1/caliper-1.7.0-kubc5r4tgcboky4hmrxjeteex7kshl67/bin/cali-query', 'splice_type': 'same_lib', 'lib': '/p/vast1/build/spack/opt/spack/linux-rhel7-broadwell/gcc-10.2.1/papi-5.6.0-yfeidwvahfw26dfr2lij3gpklmlcwiwf/lib/libpapi.so.5.6.0.0', 'original_lib': '/p/vast1/build/spack/opt/spack/linux-rhel7-broadwell/gcc-10.2.1/papi-5.6.0-yfeidwvahfw26dfr2lij3gpklmlcwiwf/lib/libpapi.so.5.6.0.0', 'prediction': True}, {'message': '', 'return_code': 0, 'binary': '/p/vast1/build/spack/opt/spack/linux-rhel7-broadwell/gcc-10.2.1/caliper-1.7.0-kubc5r4tgcboky4hmrxjeteex7kshl67/bin/cali-query', 'splice_type': 'same_lib', 'lib': '/p/vast1/build/spack/opt/spack/linux-rhel7-broadwell/gcc-10.2.1/papi-5.6.0-yfeidwvahfw26dfr2lij3gpklmlcwiwf/lib/libpfm.so.4.8.0', 'original_lib': '/p/vast1/build/spack/opt/spack/linux-rhel7-broadwell/gcc-10.2.1/papi-5.6.0-yfeidwvahfw26dfr2lij3gpklmlcwiwf/lib/libpfm.so.4.8.0', 'prediction': True}]}
{'spack-test': [{'message': '==> Spack test lzuriekguple2hwv4c3al6p6tqnwtcc7\n==> Testing package caliper-1.7.0-pflh5d3\n============================= 1 passed of 1 specs ==============================\n', 'return_code': 0, 'prediction': True, 'command': '/p/vast1/build/spack/bin/spack test run /pflh5d'}], 'symbolator': [{'missing': [], 'selected': [['libpapi.so.5.5.1.0', 'libpapi.so.5'], ['libpfm.so.4', 'libpfm.so.4'], ['libc.so.6', 'libc.so.6']], 'binary': '/p/vast1/build/spack/opt/spack/linux-rhel7-broadwell/gcc-10.2.1/caliper-1.7.0-pflh5d37ainqq4dvkvvwipeazknukhoh/bin/cali-query', 'splice_type': 'same_lib', 'lib': '/p/vast1/build/spack/opt/spack/linux-rhel7-broadwell/gcc-10.2.1/papi-5.5.1-oftjkfk6fbmafoljfwixsidobx3ceuyb/lib/libpapi.so.5.5.1.0', 'prediction': True}, {'missing': [], 'selected': [['libpfm.so.4.8.0', 'libpfm.so.4'], ['libc.so.6', 'libc.so.6']], 'binary': '/p/vast1/build/spack/opt/spack/linux-rhel7-broadwell/gcc-10.2.1/caliper-1.7.0-pflh5d37ainqq4dvkvvwipeazknukhoh/bin/cali-query', 'splice_type': 'same_lib', 'lib': '/p/vast1/build/spack/opt/spack/linux-rhel7-broadwell/gcc-10.2.1/papi-5.5.1-oftjkfk6fbmafoljfwixsidobx3ceuyb/lib/libpfm.so.4.8.0', 'prediction': True}, {'missing': [], 'selected': [['libpapi.so.5.5.1.0', 'libpapi.so.5'], ['libpfm.so.4', 'libpfm.so.4'], ['libc.so.6', 'libc.so.6']], 'binary': '/p/vast1/build/spack/opt/spack/linux-rhel7-broadwell/gcc-10.2.1/caliper-1.7.0-pflh5d37ainqq4dvkvvwipeazknukhoh/bin/cali-stat', 'splice_type': 'same_lib', 'lib': '/p/vast1/build/spack/opt/spack/linux-rhel7-broadwell/gcc-10.2.1/papi-5.5.1-oftjkfk6fbmafoljfwixsidobx3ceuyb/lib/libpapi.so.5.5.1.0', 'prediction': True}, {'missing': [], 'selected': [['libpfm.so.4.8.0', 'libpfm.so.4'], ['libc.so.6', 'libc.so.6']], 'binary': '/p/vast1/build/spack/opt/spack/linux-rhel7-broadwell/gcc-10.2.1/caliper-1.7.0-pflh5d37ainqq4dvkvvwipeazknukhoh/bin/cali-stat', 'splice_type': 'same_lib', 'lib': '/p/vast1/build/spack/opt/spack/linux-rhel7-broadwell/gcc-10.2.1/papi-5.5.1-oftjkfk6fbmafoljfwixsidobx3ceuyb/lib/libpfm.so.4.8.0', 'prediction': True}, {'missing': [], 'selected': [['libpapi.so.5.5.1.0', 'libpapi.so.5'], ['libpfm.so.4', 'libpfm.so.4'], ['libc.so.6', 'libc.so.6']], 'binary': '/p/vast1/build/spack/opt/spack/linux-rhel7-broadwell/gcc-10.2.1/caliper-1.7.0-pflh5d37ainqq4dvkvvwipeazknukhoh/bin/cali-graph', 'splice_type': 'same_lib', 'lib': '/p/vast1/build/spack/opt/spack/linux-rhel7-broadwell/gcc-10.2.1/papi-5.5.1-oftjkfk6fbmafoljfwixsidobx3ceuyb/lib/libpapi.so.5.5.1.0', 'prediction': True}, {'missing': [], 'selected': [['libpfm.so.4.8.0', 'libpfm.so.4'], ['libc.so.6', 'libc.so.6']], 'binary': '/p/vast1/build/spack/opt/spack/linux-rhel7-broadwell/gcc-10.2.1/caliper-1.7.0-pflh5d37ainqq4dvkvvwipeazknukhoh/bin/cali-graph', 'splice_type': 'same_lib', 'lib': '/p/vast1/build/spack/opt/spack/linux-rhel7-broadwell/gcc-10.2.1/papi-5.5.1-oftjkfk6fbmafoljfwixsidobx3ceuyb/lib/libpfm.so.4.8.0', 'prediction': True}], 'libabigail': [{'message': '', 'return_code': 0, 'binary': '/p/vast1/build/spack/opt/spack/linux-rhel7-broadwell/gcc-10.2.1/caliper-1.7.0-pflh5d37ainqq4dvkvvwipeazknukhoh/bin/cali-query', 'splice_type': 'same_lib', 'lib': '/p/vast1/build/spack/opt/spack/linux-rhel7-broadwell/gcc-10.2.1/papi-5.5.1-oftjkfk6fbmafoljfwixsidobx3ceuyb/lib/libpapi.so.5.5.1.0', 'original_lib': '/p/vast1/build/spack/opt/spack/linux-rhel7-broadwell/gcc-10.2.1/papi-5.5.1-oftjkfk6fbmafoljfwixsidobx3ceuyb/lib/libpapi.so.5.5.1.0', 'prediction': True}, {'message': '', 'return_code': 0, 'binary': '/p/vast1/build/spack/opt/spack/linux-rhel7-broadwell/gcc-10.2.1/caliper-1.7.0-pflh5d37ainqq4dvkvvwipeazknukhoh/bin/cali-query', 'splice_type': 'same_lib', 'lib': '/p/vast1/build/spack/opt/spack/linux-rhel7-broadwell/gcc-10.2.1/papi-5.5.1-oftjkfk6fbmafoljfwixsidobx3ceuyb/lib/libpfm.so.4.8.0', 'original_lib': '/p/vast1/build/spack/opt/spack/linux-rhel7-broadwell/gcc-10.2.1/papi-5.5.1-oftjkfk6fbmafoljfwixsidobx3ceuyb/lib/libpfm.so.4.8.0', 'prediction': True}, {'message': '', 'return_code': 0, 'binary': '/p/vast1/build/spack/opt/spack/linux-rhel7-broadwell/gcc-10.2.1/caliper-1.7.0-pflh5d37ainqq4dvkvvwipeazknukhoh/bin/cali-stat', 'splice_type': 'same_lib', 'lib': '/p/vast1/build/spack/opt/spack/linux-rhel7-broadwell/gcc-10.2.1/papi-5.5.1-oftjkfk6fbmafoljfwixsidobx3ceuyb/lib/libpapi.so.5.5.1.0', 'original_lib': '/p/vast1/build/spack/opt/spack/linux-rhel7-broadwell/gcc-10.2.1/papi-5.5.1-oftjkfk6fbmafoljfwixsidobx3ceuyb/lib/libpapi.so.5.5.1.0', 'prediction': True}, {'message': '', 'return_code': 0, 'binary': '/p/vast1/build/spack/opt/spack/linux-rhel7-broadwell/gcc-10.2.1/caliper-1.7.0-pflh5d37ainqq4dvkvvwipeazknukhoh/bin/cali-stat', 'splice_type': 'same_lib', 'lib': '/p/vast1/build/spack/opt/spack/linux-rhel7-broadwell/gcc-10.2.1/papi-5.5.1-oftjkfk6fbmafoljfwixsidobx3ceuyb/lib/libpfm.so.4.8.0', 'original_lib': '/p/vast1/build/spack/opt/spack/linux-rhel7-broadwell/gcc-10.2.1/papi-5.5.1-oftjkfk6fbmafoljfwixsidobx3ceuyb/lib/libpfm.so.4.8.0', 'prediction': True}, {'message': '', 'return_code': 0, 'binary': '/p/vast1/build/spack/opt/spack/linux-rhel7-broadwell/gcc-10.2.1/caliper-1.7.0-pflh5d37ainqq4dvkvvwipeazknukhoh/bin/cali-graph', 'splice_type': 'same_lib', 'lib': '/p/vast1/build/spack/opt/spack/linux-rhel7-broadwell/gcc-10.2.1/papi-5.5.1-oftjkfk6fbmafoljfwixsidobx3ceuyb/lib/libpapi.so.5.5.1.0', 'original_lib': '/p/vast1/build/spack/opt/spack/linux-rhel7-broadwell/gcc-10.2.1/papi-5.5.1-oftjkfk6fbmafoljfwixsidobx3ceuyb/lib/libpapi.so.5.5.1.0', 'prediction': True}, {'message': '', 'return_code': 0, 'binary': '/p/vast1/build/spack/opt/spack/linux-rhel7-broadwell/gcc-10.2.1/caliper-1.7.0-pflh5d37ainqq4dvkvvwipeazknukhoh/bin/cali-graph', 'splice_type': 'same_lib', 'lib': '/p/vast1/build/spack/opt/spack/linux-rhel7-broadwell/gcc-10.2.1/papi-5.5.1-oftjkfk6fbmafoljfwixsidobx3ceuyb/lib/libpfm.so.4.8.0', 'original_lib': '/p/vast1/build/spack/opt/spack/linux-rhel7-broadwell/gcc-10.2.1/papi-5.5.1-oftjkfk6fbmafoljfwixsidobx3ceuyb/lib/libpfm.so.4.8.0', 'prediction': True}]}
{'spack-test': [{'message': '==> Spack test w6j2zinsrrxnhoqajbcwb73fo6oiafxg\n==> Testing package caliper-1.7.0-wxee6ei\n============================= 1 passed of 1 specs ==============================\n', 'return_code': 0, 'prediction': True, 'command': '/p/vast1/build/spack/bin/spack test run /wxee6e'}], 'symbolator': [{'missing': [], 'selected': [['libpapi.so.5.5.0.0', 'libpapi.so.5'], ['libpfm.so.4', 'libpfm.so.4'], ['libc.so.6', 'libc.so.6']], 'binary': '/p/vast1/build/spack/opt/spack/linux-rhel7-broadwell/gcc-10.2.1/caliper-1.7.0-wxee6eilxiqmgrdvi4joarflaoprivju/bin/cali-query', 'splice_type': 'same_lib', 'lib': '/p/vast1/build/spack/opt/spack/linux-rhel7-broadwell/gcc-10.2.1/papi-5.5.0-iikdtpxemnddp3xjyflwfpyfkmocdhqi/lib/libpapi.so.5.5.0.0', 'prediction': True}, {'missing': [], 'selected': [['libpfm.so.4.7.0', 'libpfm.so.4'], ['libc.so.6', 'libc.so.6']], 'binary': '/p/vast1/build/spack/opt/spack/linux-rhel7-broadwell/gcc-10.2.1/caliper-1.7.0-wxee6eilxiqmgrdvi4joarflaoprivju/bin/cali-query', 'splice_type': 'same_lib', 'lib': '/p/vast1/build/spack/opt/spack/linux-rhel7-broadwell/gcc-10.2.1/papi-5.5.0-iikdtpxemnddp3xjyflwfpyfkmocdhqi/lib/libpfm.so.4.7.0', 'prediction': True}, {'missing': [], 'selected': [['libpapi.so.5.5.0.0', 'libpapi.so.5'], ['libpfm.so.4', 'libpfm.so.4'], ['libc.so.6', 'libc.so.6']], 'binary': '/p/vast1/build/spack/opt/spack/linux-rhel7-broadwell/gcc-10.2.1/caliper-1.7.0-wxee6eilxiqmgrdvi4joarflaoprivju/bin/cali-graph', 'splice_type': 'same_lib', 'lib': '/p/vast1/build/spack/opt/spack/linux-rhel7-broadwell/gcc-10.2.1/papi-5.5.0-iikdtpxemnddp3xjyflwfpyfkmocdhqi/lib/libpapi.so.5.5.0.0', 'prediction': True}, {'missing': [], 'selected': [['libpfm.so.4.7.0', 'libpfm.so.4'], ['libc.so.6', 'libc.so.6']], 'binary': '/p/vast1/build/spack/opt/spack/linux-rhel7-broadwell/gcc-10.2.1/caliper-1.7.0-wxee6eilxiqmgrdvi4joarflaoprivju/bin/cali-graph', 'splice_type': 'same_lib', 'lib': '/p/vast1/build/spack/opt/spack/linux-rhel7-broadwell/gcc-10.2.1/papi-5.5.0-iikdtpxemnddp3xjyflwfpyfkmocdhqi/lib/libpfm.so.4.7.0', 'prediction': True}, {'missing': [], 'selected': [['libpapi.so.5.5.0.0', 'libpapi.so.5'], ['libpfm.so.4', 'libpfm.so.4'], ['libc.so.6', 'libc.so.6']], 'binary': '/p/vast1/build/spack/opt/spack/linux-rhel7-broadwell/gcc-10.2.1/caliper-1.7.0-wxee6eilxiqmgrdvi4joarflaoprivju/bin/cali-stat', 'splice_type': 'same_lib', 'lib': '/p/vast1/build/spack/opt/spack/linux-rhel7-broadwell/gcc-10.2.1/papi-5.5.0-iikdtpxemnddp3xjyflwfpyfkmocdhqi/lib/libpapi.so.5.5.0.0', 'prediction': True}, {'missing': [], 'selected': [['libpfm.so.4.7.0', 'libpfm.so.4'], ['libc.so.6', 'libc.so.6']], 'binary': '/p/vast1/build/spack/opt/spack/linux-rhel7-broadwell/gcc-10.2.1/caliper-1.7.0-wxee6eilxiqmgrdvi4joarflaoprivju/bin/cali-stat', 'splice_type': 'same_lib', 'lib': '/p/vast1/build/spack/opt/spack/linux-rhel7-broadwell/gcc-10.2.1/papi-5.5.0-iikdtpxemnddp3xjyflwfpyfkmocdhqi/lib/libpfm.so.4.7.0', 'prediction': True}], 'libabigail': [{'message': '', 'return_code': 0, 'binary': '/p/vast1/build/spack/opt/spack/linux-rhel7-broadwell/gcc-10.2.1/caliper-1.7.0-wxee6eilxiqmgrdvi4joarflaoprivju/bin/cali-query', 'splice_type': 'same_lib', 'lib': '/p/vast1/build/spack/opt/spack/linux-rhel7-broadwell/gcc-10.2.1/papi-5.5.0-iikdtpxemnddp3xjyflwfpyfkmocdhqi/lib/libpapi.so.5.5.0.0', 'original_lib': '/p/vast1/build/spack/opt/spack/linux-rhel7-broadwell/gcc-10.2.1/papi-5.5.0-iikdtpxemnddp3xjyflwfpyfkmocdhqi/lib/libpapi.so.5.5.0.0', 'prediction': True}, {'message': '', 'return_code': 0, 'binary': '/p/vast1/build/spack/opt/spack/linux-rhel7-broadwell/gcc-10.2.1/caliper-1.7.0-wxee6eilxiqmgrdvi4joarflaoprivju/bin/cali-query', 'splice_type': 'same_lib', 'lib': '/p/vast1/build/spack/opt/spack/linux-rhel7-broadwell/gcc-10.2.1/papi-5.5.0-iikdtpxemnddp3xjyflwfpyfkmocdhqi/lib/libpfm.so.4.7.0', 'original_lib': '/p/vast1/build/spack/opt/spack/linux-rhel7-broadwell/gcc-10.2.1/papi-5.5.0-iikdtpxemnddp3xjyflwfpyfkmocdhqi/lib/libpfm.so.4.7.0', 'prediction': True}, {'message': '', 'return_code': 0, 'binary': '/p/vast1/build/spack/opt/spack/linux-rhel7-broadwell/gcc-10.2.1/caliper-1.7.0-wxee6eilxiqmgrdvi4joarflaoprivju/bin/cali-graph', 'splice_type': 'same_lib', 'lib': '/p/vast1/build/spack/opt/spack/linux-rhel7-broadwell/gcc-10.2.1/papi-5.5.0-iikdtpxemnddp3xjyflwfpyfkmocdhqi/lib/libpapi.so.5.5.0.0', 'original_lib': '/p/vast1/build/spack/opt/spack/linux-rhel7-broadwell/gcc-10.2.1/papi-5.5.0-iikdtpxemnddp3xjyflwfpyfkmocdhqi/lib/libpapi.so.5.5.0.0', 'prediction': True}, {'message': '', 'return_code': 0, 'binary': '/p/vast1/build/spack/opt/spack/linux-rhel7-broadwell/gcc-10.2.1/caliper-1.7.0-wxee6eilxiqmgrdvi4joarflaoprivju/bin/cali-graph', 'splice_type': 'same_lib', 'lib': '/p/vast1/build/spack/opt/spack/linux-rhel7-broadwell/gcc-10.2.1/papi-5.5.0-iikdtpxemnddp3xjyflwfpyfkmocdhqi/lib/libpfm.so.4.7.0', 'original_lib': '/p/vast1/build/spack/opt/spack/linux-rhel7-broadwell/gcc-10.2.1/papi-5.5.0-iikdtpxemnddp3xjyflwfpyfkmocdhqi/lib/libpfm.so.4.7.0', 'prediction': True}, {'message': '', 'return_code': 0, 'binary': '/p/vast1/build/spack/opt/spack/linux-rhel7-broadwell/gcc-10.2.1/caliper-1.7.0-wxee6eilxiqmgrdvi4joarflaoprivju/bin/cali-stat', 'splice_type': 'same_lib', 'lib': '/p/vast1/build/spack/opt/spack/linux-rhel7-broadwell/gcc-10.2.1/papi-5.5.0-iikdtpxemnddp3xjyflwfpyfkmocdhqi/lib/libpapi.so.5.5.0.0', 'original_lib': '/p/vast1/build/spack/opt/spack/linux-rhel7-broadwell/gcc-10.2.1/papi-5.5.0-iikdtpxemnddp3xjyflwfpyfkmocdhqi/lib/libpapi.so.5.5.0.0', 'prediction': True}, {'message': '', 'return_code': 0, 'binary': '/p/vast1/build/spack/opt/spack/linux-rhel7-broadwell/gcc-10.2.1/caliper-1.7.0-wxee6eilxiqmgrdvi4joarflaoprivju/bin/cali-stat', 'splice_type': 'same_lib', 'lib': '/p/vast1/build/spack/opt/spack/linux-rhel7-broadwell/gcc-10.2.1/papi-5.5.0-iikdtpxemnddp3xjyflwfpyfkmocdhqi/lib/libpfm.so.4.7.0', 'original_lib': '/p/vast1/build/spack/opt/spack/linux-rhel7-broadwell/gcc-10.2.1/papi-5.5.0-iikdtpxemnddp3xjyflwfpyfkmocdhqi/lib/libpfm.so.4.7.0', 'prediction': True}]}
ELF file '/p/vast1/build/spack/opt/spack/linux-rhel7-broadwell/gcc-10.2.1/caliper-1.7.0-llmssmawkj5yob3ewekmzfwgptudpllv/bin/cali-stat' is not ABI compatible with '/p/vast1/build/spack/opt/spack/linux-rhel7-broadwell/gcc-10.2.1/papi-5.4.1-mn3gdokcjt3kyvgnywiq5ryqqbywc4cd/lib/libpapi.so.5.4.1.0' due to differences with '/p/vast1/build/spack/opt/spack/linux-rhel7-broadwell/gcc-10.2.1/papi-5.7.0-czqjpcgj4yn6asmfyx256u6gqjavqqlu/lib/libpapi.so.5.7.0.0' below:
ELF SONAME changed
Functions changes summary: 0 Removed, 0 Changed, 0 Added function
Variables changes summary: 0 Removed, 0 Changed, 0 Added variable

SONAME changed from 'libpapi.so.5' to 'libpapi.so.5.4.1.0'


ELF file '/p/vast1/build/spack/opt/spack/linux-rhel7-broadwell/gcc-10.2.1/caliper-1.7.0-llmssmawkj5yob3ewekmzfwgptudpllv/bin/cali-graph' is not ABI compatible with '/p/vast1/build/spack/opt/spack/linux-rhel7-broadwell/gcc-10.2.1/papi-5.4.1-mn3gdokcjt3kyvgnywiq5ryqqbywc4cd/lib/libpapi.so.5.4.1.0' due to differences with '/p/vast1/build/spack/opt/spack/linux-rhel7-broadwell/gcc-10.2.1/papi-5.7.0-czqjpcgj4yn6asmfyx256u6gqjavqqlu/lib/libpapi.so.5.7.0.0' below:
ELF SONAME changed
Functions changes summary: 0 Removed, 0 Changed, 0 Added function
Variables changes summary: 0 Removed, 0 Changed, 0 Added (26 filtered out) variables

SONAME changed from 'libpapi.so.5' to 'libpapi.so.5.4.1.0'


ELF file '/p/vast1/build/spack/opt/spack/linux-rhel7-broadwell/gcc-10.2.1/caliper-1.7.0-llmssmawkj5yob3ewekmzfwgptudpllv/bin/cali-query' is not ABI compatible with '/p/vast1/build/spack/opt/spack/linux-rhel7-broadwell/gcc-10.2.1/papi-5.4.1-mn3gdokcjt3kyvgnywiq5ryqqbywc4cd/lib/libpapi.so.5.4.1.0' due to differences with '/p/vast1/build/spack/opt/spack/linux-rhel7-broadwell/gcc-10.2.1/papi-5.7.0-czqjpcgj4yn6asmfyx256u6gqjavqqlu/lib/libpapi.so.5.7.0.0' below:
ELF SONAME changed
Functions changes summary: 0 Removed, 0 Changed, 0 Added function
Variables changes summary: 0 Removed, 0 Changed, 0 Added (26 filtered out) variables

SONAME changed from 'libpapi.so.5' to 'libpapi.so.5.4.1.0'


{'spack-test': [{'message': '==> Spack test wkutxwk34rmnlrobinnszo23sqtgpstj\n==> Testing package caliper-1.7.0-llmssma\n============================= 1 passed of 1 specs ==============================\n', 'return_code': 0, 'prediction': True, 'command': '/p/vast1/build/spack/bin/spack test run /llmssm'}], 'symbolator': [{'missing': [], 'selected': [['libpfm.so.4.6.0', 'libpfm.so.4'], ['libc.so.6', 'libc.so.6']], 'binary': '/p/vast1/build/spack/opt/spack/linux-rhel7-broadwell/gcc-10.2.1/caliper-1.7.0-llmssmawkj5yob3ewekmzfwgptudpllv/bin/cali-stat', 'splice_type': 'same_lib', 'lib': '/p/vast1/build/spack/opt/spack/linux-rhel7-broadwell/gcc-10.2.1/papi-5.4.1-mn3gdokcjt3kyvgnywiq5ryqqbywc4cd/lib/libpfm.so.4.6.0', 'prediction': True}, {'missing': [], 'selected': [['libpapi.so.5.4.1.0', 'libpapi.so.5'], ['libpfm.so.4', 'libpfm.so.4'], ['libc.so.6', 'libc.so.6']], 'binary': '/p/vast1/build/spack/opt/spack/linux-rhel7-broadwell/gcc-10.2.1/caliper-1.7.0-llmssmawkj5yob3ewekmzfwgptudpllv/bin/cali-stat', 'splice_type': 'same_lib', 'lib': '/p/vast1/build/spack/opt/spack/linux-rhel7-broadwell/gcc-10.2.1/papi-5.4.1-mn3gdokcjt3kyvgnywiq5ryqqbywc4cd/lib/libpapi.so.5.4.1.0', 'prediction': True}, {'missing': [], 'selected': [['libpfm.so.4.6.0', 'libpfm.so.4'], ['libc.so.6', 'libc.so.6']], 'binary': '/p/vast1/build/spack/opt/spack/linux-rhel7-broadwell/gcc-10.2.1/caliper-1.7.0-llmssmawkj5yob3ewekmzfwgptudpllv/bin/cali-graph', 'splice_type': 'same_lib', 'lib': '/p/vast1/build/spack/opt/spack/linux-rhel7-broadwell/gcc-10.2.1/papi-5.4.1-mn3gdokcjt3kyvgnywiq5ryqqbywc4cd/lib/libpfm.so.4.6.0', 'prediction': True}, {'missing': [], 'selected': [['libpapi.so.5.4.1.0', 'libpapi.so.5'], ['libpfm.so.4', 'libpfm.so.4'], ['libc.so.6', 'libc.so.6']], 'binary': '/p/vast1/build/spack/opt/spack/linux-rhel7-broadwell/gcc-10.2.1/caliper-1.7.0-llmssmawkj5yob3ewekmzfwgptudpllv/bin/cali-graph', 'splice_type': 'same_lib', 'lib': '/p/vast1/build/spack/opt/spack/linux-rhel7-broadwell/gcc-10.2.1/papi-5.4.1-mn3gdokcjt3kyvgnywiq5ryqqbywc4cd/lib/libpapi.so.5.4.1.0', 'prediction': True}, {'missing': [], 'selected': [['libpfm.so.4.6.0', 'libpfm.so.4'], ['libc.so.6', 'libc.so.6']], 'binary': '/p/vast1/build/spack/opt/spack/linux-rhel7-broadwell/gcc-10.2.1/caliper-1.7.0-llmssmawkj5yob3ewekmzfwgptudpllv/bin/cali-query', 'splice_type': 'same_lib', 'lib': '/p/vast1/build/spack/opt/spack/linux-rhel7-broadwell/gcc-10.2.1/papi-5.4.1-mn3gdokcjt3kyvgnywiq5ryqqbywc4cd/lib/libpfm.so.4.6.0', 'prediction': True}, {'missing': [], 'selected': [['libpapi.so.5.4.1.0', 'libpapi.so.5'], ['libpfm.so.4', 'libpfm.so.4'], ['libc.so.6', 'libc.so.6']], 'binary': '/p/vast1/build/spack/opt/spack/linux-rhel7-broadwell/gcc-10.2.1/caliper-1.7.0-llmssmawkj5yob3ewekmzfwgptudpllv/bin/cali-query', 'splice_type': 'same_lib', 'lib': '/p/vast1/build/spack/opt/spack/linux-rhel7-broadwell/gcc-10.2.1/papi-5.4.1-mn3gdokcjt3kyvgnywiq5ryqqbywc4cd/lib/libpapi.so.5.4.1.0', 'prediction': True}], 'libabigail': [{'message': '', 'return_code': 0, 'binary': '/p/vast1/build/spack/opt/spack/linux-rhel7-broadwell/gcc-10.2.1/caliper-1.7.0-llmssmawkj5yob3ewekmzfwgptudpllv/bin/cali-stat', 'splice_type': 'same_lib', 'lib': '/p/vast1/build/spack/opt/spack/linux-rhel7-broadwell/gcc-10.2.1/papi-5.4.1-mn3gdokcjt3kyvgnywiq5ryqqbywc4cd/lib/libpfm.so.4.6.0', 'original_lib': '/p/vast1/build/spack/opt/spack/linux-rhel7-broadwell/gcc-10.2.1/papi-5.4.1-mn3gdokcjt3kyvgnywiq5ryqqbywc4cd/lib/libpfm.so.4.6.0', 'prediction': True}, {'message': "ELF file '/p/vast1/build/spack/opt/spack/linux-rhel7-broadwell/gcc-10.2.1/caliper-1.7.0-llmssmawkj5yob3ewekmzfwgptudpllv/bin/cali-stat' is not ABI compatible with '/p/vast1/build/spack/opt/spack/linux-rhel7-broadwell/gcc-10.2.1/papi-5.4.1-mn3gdokcjt3kyvgnywiq5ryqqbywc4cd/lib/libpapi.so.5.4.1.0' due to differences with '/p/vast1/build/spack/opt/spack/linux-rhel7-broadwell/gcc-10.2.1/papi-5.7.0-czqjpcgj4yn6asmfyx256u6gqjavqqlu/lib/libpapi.so.5.7.0.0' below:\nELF SONAME changed\nFunctions changes summary: 0 Removed, 0 Changed, 0 Added function\nVariables changes summary: 0 Removed, 0 Changed, 0 Added variable\n\nSONAME changed from 'libpapi.so.5' to 'libpapi.so.5.4.1.0'\n\n", 'return_code': 12, 'binary': '/p/vast1/build/spack/opt/spack/linux-rhel7-broadwell/gcc-10.2.1/caliper-1.7.0-llmssmawkj5yob3ewekmzfwgptudpllv/bin/cali-stat', 'splice_type': 'same_lib', 'lib': '/p/vast1/build/spack/opt/spack/linux-rhel7-broadwell/gcc-10.2.1/papi-5.4.1-mn3gdokcjt3kyvgnywiq5ryqqbywc4cd/lib/libpapi.so.5.4.1.0', 'original_lib': '/p/vast1/build/spack/opt/spack/linux-rhel7-broadwell/gcc-10.2.1/papi-5.4.1-mn3gdokcjt3kyvgnywiq5ryqqbywc4cd/lib/libpapi.so.5.4.1.0', 'prediction': False}, {'message': '', 'return_code': 0, 'binary': '/p/vast1/build/spack/opt/spack/linux-rhel7-broadwell/gcc-10.2.1/caliper-1.7.0-llmssmawkj5yob3ewekmzfwgptudpllv/bin/cali-graph', 'splice_type': 'same_lib', 'lib': '/p/vast1/build/spack/opt/spack/linux-rhel7-broadwell/gcc-10.2.1/papi-5.4.1-mn3gdokcjt3kyvgnywiq5ryqqbywc4cd/lib/libpfm.so.4.6.0', 'original_lib': '/p/vast1/build/spack/opt/spack/linux-rhel7-broadwell/gcc-10.2.1/papi-5.4.1-mn3gdokcjt3kyvgnywiq5ryqqbywc4cd/lib/libpfm.so.4.6.0', 'prediction': True}, {'message': "ELF file '/p/vast1/build/spack/opt/spack/linux-rhel7-broadwell/gcc-10.2.1/caliper-1.7.0-llmssmawkj5yob3ewekmzfwgptudpllv/bin/cali-graph' is not ABI compatible with '/p/vast1/build/spack/opt/spack/linux-rhel7-broadwell/gcc-10.2.1/papi-5.4.1-mn3gdokcjt3kyvgnywiq5ryqqbywc4cd/lib/libpapi.so.5.4.1.0' due to differences with '/p/vast1/build/spack/opt/spack/linux-rhel7-broadwell/gcc-10.2.1/papi-5.7.0-czqjpcgj4yn6asmfyx256u6gqjavqqlu/lib/libpapi.so.5.7.0.0' below:\nELF SONAME changed\nFunctions changes summary: 0 Removed, 0 Changed, 0 Added function\nVariables changes summary: 0 Removed, 0 Changed, 0 Added (26 filtered out) variables\n\nSONAME changed from 'libpapi.so.5' to 'libpapi.so.5.4.1.0'\n\n", 'return_code': 12, 'binary': '/p/vast1/build/spack/opt/spack/linux-rhel7-broadwell/gcc-10.2.1/caliper-1.7.0-llmssmawkj5yob3ewekmzfwgptudpllv/bin/cali-graph', 'splice_type': 'same_lib', 'lib': '/p/vast1/build/spack/opt/spack/linux-rhel7-broadwell/gcc-10.2.1/papi-5.4.1-mn3gdokcjt3kyvgnywiq5ryqqbywc4cd/lib/libpapi.so.5.4.1.0', 'original_lib': '/p/vast1/build/spack/opt/spack/linux-rhel7-broadwell/gcc-10.2.1/papi-5.4.1-mn3gdokcjt3kyvgnywiq5ryqqbywc4cd/lib/libpapi.so.5.4.1.0', 'prediction': False}, {'message': '', 'return_code': 0, 'binary': '/p/vast1/build/spack/opt/spack/linux-rhel7-broadwell/gcc-10.2.1/caliper-1.7.0-llmssmawkj5yob3ewekmzfwgptudpllv/bin/cali-query', 'splice_type': 'same_lib', 'lib': '/p/vast1/build/spack/opt/spack/linux-rhel7-broadwell/gcc-10.2.1/papi-5.4.1-mn3gdokcjt3kyvgnywiq5ryqqbywc4cd/lib/libpfm.so.4.6.0', 'original_lib': '/p/vast1/build/spack/opt/spack/linux-rhel7-broadwell/gcc-10.2.1/papi-5.4.1-mn3gdokcjt3kyvgnywiq5ryqqbywc4cd/lib/libpfm.so.4.6.0', 'prediction': True}, {'message': "ELF file '/p/vast1/build/spack/opt/spack/linux-rhel7-broadwell/gcc-10.2.1/caliper-1.7.0-llmssmawkj5yob3ewekmzfwgptudpllv/bin/cali-query' is not ABI compatible with '/p/vast1/build/spack/opt/spack/linux-rhel7-broadwell/gcc-10.2.1/papi-5.4.1-mn3gdokcjt3kyvgnywiq5ryqqbywc4cd/lib/libpapi.so.5.4.1.0' due to differences with '/p/vast1/build/spack/opt/spack/linux-rhel7-broadwell/gcc-10.2.1/papi-5.7.0-czqjpcgj4yn6asmfyx256u6gqjavqqlu/lib/libpapi.so.5.7.0.0' below:\nELF SONAME changed\nFunctions changes summary: 0 Removed, 0 Changed, 0 Added function\nVariables changes summary: 0 Removed, 0 Changed, 0 Added (26 filtered out) variables\n\nSONAME changed from 'libpapi.so.5' to 'libpapi.so.5.4.1.0'\n\n", 'return_code': 12, 'binary': '/p/vast1/build/spack/opt/spack/linux-rhel7-broadwell/gcc-10.2.1/caliper-1.7.0-llmssmawkj5yob3ewekmzfwgptudpllv/bin/cali-query', 'splice_type': 'same_lib', 'lib': '/p/vast1/build/spack/opt/spack/linux-rhel7-broadwell/gcc-10.2.1/papi-5.4.1-mn3gdokcjt3kyvgnywiq5ryqqbywc4cd/lib/libpapi.so.5.4.1.0', 'original_lib': '/p/vast1/build/spack/opt/spack/linux-rhel7-broadwell/gcc-10.2.1/papi-5.4.1-mn3gdokcjt3kyvgnywiq5ryqqbywc4cd/lib/libpapi.so.5.4.1.0', 'prediction': False}]}
ELF file '/p/vast1/build/spack/opt/spack/linux-rhel7-broadwell/gcc-10.2.1/caliper-1.7.0-cpdqqbjequramjddt6jga4juu7gds4sp/bin/cali-query' is not ABI compatible with '/p/vast1/build/spack/opt/spack/linux-rhel7-broadwell/gcc-4.9.3/papi-5.3.0-fkeuoxn5pizmsnhbphiimt435wqkyw2h/lib/libpapi.so.5.3.0.0' due to differences with '/p/vast1/build/spack/opt/spack/linux-rhel7-broadwell/gcc-10.2.1/papi-5.7.0-czqjpcgj4yn6asmfyx256u6gqjavqqlu/lib/libpapi.so.5.7.0.0' below:
ELF SONAME changed
Functions changes summary: 0 Removed, 0 Changed, 0 Added function
Variables changes summary: 0 Removed, 0 Changed, 0 Added (28 filtered out) variables

SONAME changed from 'libpapi.so.5' to 'libpapi.so.5.3.0.0'


ELF file '/p/vast1/build/spack/opt/spack/linux-rhel7-broadwell/gcc-10.2.1/caliper-1.7.0-cpdqqbjequramjddt6jga4juu7gds4sp/bin/cali-stat' is not ABI compatible with '/p/vast1/build/spack/opt/spack/linux-rhel7-broadwell/gcc-4.9.3/papi-5.3.0-fkeuoxn5pizmsnhbphiimt435wqkyw2h/lib/libpapi.so.5.3.0.0' due to differences with '/p/vast1/build/spack/opt/spack/linux-rhel7-broadwell/gcc-10.2.1/papi-5.7.0-czqjpcgj4yn6asmfyx256u6gqjavqqlu/lib/libpapi.so.5.7.0.0' below:
ELF SONAME changed
Functions changes summary: 0 Removed, 0 Changed, 0 Added function
Variables changes summary: 0 Removed, 0 Changed, 0 Added variable

SONAME changed from 'libpapi.so.5' to 'libpapi.so.5.3.0.0'


ELF file '/p/vast1/build/spack/opt/spack/linux-rhel7-broadwell/gcc-10.2.1/caliper-1.7.0-cpdqqbjequramjddt6jga4juu7gds4sp/bin/cali-graph' is not ABI compatible with '/p/vast1/build/spack/opt/spack/linux-rhel7-broadwell/gcc-4.9.3/papi-5.3.0-fkeuoxn5pizmsnhbphiimt435wqkyw2h/lib/libpapi.so.5.3.0.0' due to differences with '/p/vast1/build/spack/opt/spack/linux-rhel7-broadwell/gcc-10.2.1/papi-5.7.0-czqjpcgj4yn6asmfyx256u6gqjavqqlu/lib/libpapi.so.5.7.0.0' below:
ELF SONAME changed
Functions changes summary: 0 Removed, 0 Changed, 0 Added function
Variables changes summary: 0 Removed, 0 Changed, 0 Added (28 filtered out) variables

SONAME changed from 'libpapi.so.5' to 'libpapi.so.5.3.0.0'


{'spack-test': [{'message': '==> Spack test voyudcw3r5k4xzm7wv32zenkhkfohosx\n==> Testing package caliper-1.7.0-cpdqqbj\n============================= 1 passed of 1 specs ==============================\n', 'return_code': 0, 'prediction': True, 'command': '/p/vast1/build/spack/bin/spack test run /cpdqqb'}], 'symbolator': [{'missing': [], 'selected': [['libpapi.so.5.3.0.0', 'libpapi.so.5'], ['libpfm.so.4', 'libpfm.so.4'], ['libc.so.6', 'libc.so.6']], 'binary': '/p/vast1/build/spack/opt/spack/linux-rhel7-broadwell/gcc-10.2.1/caliper-1.7.0-cpdqqbjequramjddt6jga4juu7gds4sp/bin/cali-query', 'splice_type': 'same_lib', 'lib': '/p/vast1/build/spack/opt/spack/linux-rhel7-broadwell/gcc-4.9.3/papi-5.3.0-fkeuoxn5pizmsnhbphiimt435wqkyw2h/lib/libpapi.so.5.3.0.0', 'prediction': True}, {'missing': [], 'selected': [['libpfm.so.4.4.0', 'libpfm.so.4'], ['libc.so.6', 'libc.so.6']], 'binary': '/p/vast1/build/spack/opt/spack/linux-rhel7-broadwell/gcc-10.2.1/caliper-1.7.0-cpdqqbjequramjddt6jga4juu7gds4sp/bin/cali-query', 'splice_type': 'same_lib', 'lib': '/p/vast1/build/spack/opt/spack/linux-rhel7-broadwell/gcc-4.9.3/papi-5.3.0-fkeuoxn5pizmsnhbphiimt435wqkyw2h/lib/libpfm.so.4.4.0', 'prediction': True}, {'missing': [], 'selected': [['libpapi.so.5.3.0.0', 'libpapi.so.5'], ['libpfm.so.4', 'libpfm.so.4'], ['libc.so.6', 'libc.so.6']], 'binary': '/p/vast1/build/spack/opt/spack/linux-rhel7-broadwell/gcc-10.2.1/caliper-1.7.0-cpdqqbjequramjddt6jga4juu7gds4sp/bin/cali-stat', 'splice_type': 'same_lib', 'lib': '/p/vast1/build/spack/opt/spack/linux-rhel7-broadwell/gcc-4.9.3/papi-5.3.0-fkeuoxn5pizmsnhbphiimt435wqkyw2h/lib/libpapi.so.5.3.0.0', 'prediction': True}, {'missing': [], 'selected': [['libpfm.so.4.4.0', 'libpfm.so.4'], ['libc.so.6', 'libc.so.6']], 'binary': '/p/vast1/build/spack/opt/spack/linux-rhel7-broadwell/gcc-10.2.1/caliper-1.7.0-cpdqqbjequramjddt6jga4juu7gds4sp/bin/cali-stat', 'splice_type': 'same_lib', 'lib': '/p/vast1/build/spack/opt/spack/linux-rhel7-broadwell/gcc-4.9.3/papi-5.3.0-fkeuoxn5pizmsnhbphiimt435wqkyw2h/lib/libpfm.so.4.4.0', 'prediction': True}, {'missing': [], 'selected': [['libpapi.so.5.3.0.0', 'libpapi.so.5'], ['libpfm.so.4', 'libpfm.so.4'], ['libc.so.6', 'libc.so.6']], 'binary': '/p/vast1/build/spack/opt/spack/linux-rhel7-broadwell/gcc-10.2.1/caliper-1.7.0-cpdqqbjequramjddt6jga4juu7gds4sp/bin/cali-graph', 'splice_type': 'same_lib', 'lib': '/p/vast1/build/spack/opt/spack/linux-rhel7-broadwell/gcc-4.9.3/papi-5.3.0-fkeuoxn5pizmsnhbphiimt435wqkyw2h/lib/libpapi.so.5.3.0.0', 'prediction': True}, {'missing': [], 'selected': [['libpfm.so.4.4.0', 'libpfm.so.4'], ['libc.so.6', 'libc.so.6']], 'binary': '/p/vast1/build/spack/opt/spack/linux-rhel7-broadwell/gcc-10.2.1/caliper-1.7.0-cpdqqbjequramjddt6jga4juu7gds4sp/bin/cali-graph', 'splice_type': 'same_lib', 'lib': '/p/vast1/build/spack/opt/spack/linux-rhel7-broadwell/gcc-4.9.3/papi-5.3.0-fkeuoxn5pizmsnhbphiimt435wqkyw2h/lib/libpfm.so.4.4.0', 'prediction': True}], 'libabigail': [{'message': "ELF file '/p/vast1/build/spack/opt/spack/linux-rhel7-broadwell/gcc-10.2.1/caliper-1.7.0-cpdqqbjequramjddt6jga4juu7gds4sp/bin/cali-query' is not ABI compatible with '/p/vast1/build/spack/opt/spack/linux-rhel7-broadwell/gcc-4.9.3/papi-5.3.0-fkeuoxn5pizmsnhbphiimt435wqkyw2h/lib/libpapi.so.5.3.0.0' due to differences with '/p/vast1/build/spack/opt/spack/linux-rhel7-broadwell/gcc-10.2.1/papi-5.7.0-czqjpcgj4yn6asmfyx256u6gqjavqqlu/lib/libpapi.so.5.7.0.0' below:\nELF SONAME changed\nFunctions changes summary: 0 Removed, 0 Changed, 0 Added function\nVariables changes summary: 0 Removed, 0 Changed, 0 Added (28 filtered out) variables\n\nSONAME changed from 'libpapi.so.5' to 'libpapi.so.5.3.0.0'\n\n", 'return_code': 12, 'binary': '/p/vast1/build/spack/opt/spack/linux-rhel7-broadwell/gcc-10.2.1/caliper-1.7.0-cpdqqbjequramjddt6jga4juu7gds4sp/bin/cali-query', 'splice_type': 'same_lib', 'lib': '/p/vast1/build/spack/opt/spack/linux-rhel7-broadwell/gcc-4.9.3/papi-5.3.0-fkeuoxn5pizmsnhbphiimt435wqkyw2h/lib/libpapi.so.5.3.0.0', 'original_lib': '/p/vast1/build/spack/opt/spack/linux-rhel7-broadwell/gcc-4.9.3/papi-5.3.0-fkeuoxn5pizmsnhbphiimt435wqkyw2h/lib/libpapi.so.5.3.0.0', 'prediction': False}, {'message': '', 'return_code': 0, 'binary': '/p/vast1/build/spack/opt/spack/linux-rhel7-broadwell/gcc-10.2.1/caliper-1.7.0-cpdqqbjequramjddt6jga4juu7gds4sp/bin/cali-query', 'splice_type': 'same_lib', 'lib': '/p/vast1/build/spack/opt/spack/linux-rhel7-broadwell/gcc-4.9.3/papi-5.3.0-fkeuoxn5pizmsnhbphiimt435wqkyw2h/lib/libpfm.so.4.4.0', 'original_lib': '/p/vast1/build/spack/opt/spack/linux-rhel7-broadwell/gcc-4.9.3/papi-5.3.0-fkeuoxn5pizmsnhbphiimt435wqkyw2h/lib/libpfm.so.4.4.0', 'prediction': True}, {'message': "ELF file '/p/vast1/build/spack/opt/spack/linux-rhel7-broadwell/gcc-10.2.1/caliper-1.7.0-cpdqqbjequramjddt6jga4juu7gds4sp/bin/cali-stat' is not ABI compatible with '/p/vast1/build/spack/opt/spack/linux-rhel7-broadwell/gcc-4.9.3/papi-5.3.0-fkeuoxn5pizmsnhbphiimt435wqkyw2h/lib/libpapi.so.5.3.0.0' due to differences with '/p/vast1/build/spack/opt/spack/linux-rhel7-broadwell/gcc-10.2.1/papi-5.7.0-czqjpcgj4yn6asmfyx256u6gqjavqqlu/lib/libpapi.so.5.7.0.0' below:\nELF SONAME changed\nFunctions changes summary: 0 Removed, 0 Changed, 0 Added function\nVariables changes summary: 0 Removed, 0 Changed, 0 Added variable\n\nSONAME changed from 'libpapi.so.5' to 'libpapi.so.5.3.0.0'\n\n", 'return_code': 12, 'binary': '/p/vast1/build/spack/opt/spack/linux-rhel7-broadwell/gcc-10.2.1/caliper-1.7.0-cpdqqbjequramjddt6jga4juu7gds4sp/bin/cali-stat', 'splice_type': 'same_lib', 'lib': '/p/vast1/build/spack/opt/spack/linux-rhel7-broadwell/gcc-4.9.3/papi-5.3.0-fkeuoxn5pizmsnhbphiimt435wqkyw2h/lib/libpapi.so.5.3.0.0', 'original_lib': '/p/vast1/build/spack/opt/spack/linux-rhel7-broadwell/gcc-4.9.3/papi-5.3.0-fkeuoxn5pizmsnhbphiimt435wqkyw2h/lib/libpapi.so.5.3.0.0', 'prediction': False}, {'message': '', 'return_code': 0, 'binary': '/p/vast1/build/spack/opt/spack/linux-rhel7-broadwell/gcc-10.2.1/caliper-1.7.0-cpdqqbjequramjddt6jga4juu7gds4sp/bin/cali-stat', 'splice_type': 'same_lib', 'lib': '/p/vast1/build/spack/opt/spack/linux-rhel7-broadwell/gcc-4.9.3/papi-5.3.0-fkeuoxn5pizmsnhbphiimt435wqkyw2h/lib/libpfm.so.4.4.0', 'original_lib': '/p/vast1/build/spack/opt/spack/linux-rhel7-broadwell/gcc-4.9.3/papi-5.3.0-fkeuoxn5pizmsnhbphiimt435wqkyw2h/lib/libpfm.so.4.4.0', 'prediction': True}, {'message': "ELF file '/p/vast1/build/spack/opt/spack/linux-rhel7-broadwell/gcc-10.2.1/caliper-1.7.0-cpdqqbjequramjddt6jga4juu7gds4sp/bin/cali-graph' is not ABI compatible with '/p/vast1/build/spack/opt/spack/linux-rhel7-broadwell/gcc-4.9.3/papi-5.3.0-fkeuoxn5pizmsnhbphiimt435wqkyw2h/lib/libpapi.so.5.3.0.0' due to differences with '/p/vast1/build/spack/opt/spack/linux-rhel7-broadwell/gcc-10.2.1/papi-5.7.0-czqjpcgj4yn6asmfyx256u6gqjavqqlu/lib/libpapi.so.5.7.0.0' below:\nELF SONAME changed\nFunctions changes summary: 0 Removed, 0 Changed, 0 Added function\nVariables changes summary: 0 Removed, 0 Changed, 0 Added (28 filtered out) variables\n\nSONAME changed from 'libpapi.so.5' to 'libpapi.so.5.3.0.0'\n\n", 'return_code': 12, 'binary': '/p/vast1/build/spack/opt/spack/linux-rhel7-broadwell/gcc-10.2.1/caliper-1.7.0-cpdqqbjequramjddt6jga4juu7gds4sp/bin/cali-graph', 'splice_type': 'same_lib', 'lib': '/p/vast1/build/spack/opt/spack/linux-rhel7-broadwell/gcc-4.9.3/papi-5.3.0-fkeuoxn5pizmsnhbphiimt435wqkyw2h/lib/libpapi.so.5.3.0.0', 'original_lib': '/p/vast1/build/spack/opt/spack/linux-rhel7-broadwell/gcc-4.9.3/papi-5.3.0-fkeuoxn5pizmsnhbphiimt435wqkyw2h/lib/libpapi.so.5.3.0.0', 'prediction': False}, {'message': '', 'return_code': 0, 'binary': '/p/vast1/build/spack/opt/spack/linux-rhel7-broadwell/gcc-10.2.1/caliper-1.7.0-cpdqqbjequramjddt6jga4juu7gds4sp/bin/cali-graph', 'splice_type': 'same_lib', 'lib': '/p/vast1/build/spack/opt/spack/linux-rhel7-broadwell/gcc-4.9.3/papi-5.3.0-fkeuoxn5pizmsnhbphiimt435wqkyw2h/lib/libpfm.so.4.4.0', 'original_lib': '/p/vast1/build/spack/opt/spack/linux-rhel7-broadwell/gcc-4.9.3/papi-5.3.0-fkeuoxn5pizmsnhbphiimt435wqkyw2h/lib/libpfm.so.4.4.0', 'prediction': True}]}
