Concretizing caliper@2.1.1
[+] /p/vast1/build/spack/opt/spack/linux-rhel7-broadwell/gcc-10.2.1/pkgconf-1.8.0-gp2xp6yplvubgic6eunbnl7emqdq3dye
[+] /p/vast1/build/spack/opt/spack/linux-rhel7-broadwell/gcc-10.2.1/berkeley-db-18.1.40-c7okyaricn3s5wx6lqo2exspq6tuninj
[+] /p/vast1/build/spack/opt/spack/linux-rhel7-broadwell/gcc-10.2.1/libiconv-1.16-glggocpnh7m2dgmtu4fedhbfeessepbe
[+] /p/vast1/build/spack/opt/spack/linux-rhel7-broadwell/gcc-10.2.1/zlib-1.2.11-su2ldy5ofm424qnly3kitbbdgwovpfk4
[+] /p/vast1/build/spack/opt/spack/linux-rhel7-broadwell/gcc-10.2.1/libunwind-1.5.0-qolipzu4dzqdwwqilpz34qbosuwxtpoa
[+] /p/vast1/build/spack/opt/spack/linux-rhel7-broadwell/gcc-10.2.1/libsigsegv-2.13-7rh3iftx6wqudr26scqm7nyzm4xxgqcc
[+] /p/vast1/build/spack/opt/spack/linux-rhel7-broadwell/gcc-10.2.1/util-macros-1.19.3-mxlhejedwgloprhrg6bzi2wz3cgadzp2
[+] /p/vast1/build/spack/opt/spack/linux-rhel7-broadwell/gcc-10.2.1/xz-5.2.5-d536jz4ora4tt45q72d2lklqr3dqx34m
[+] /p/vast1/build/spack/opt/spack/linux-rhel7-broadwell/gcc-10.2.1/papi-5.7.0-czqjpcgj4yn6asmfyx256u6gqjavqqlu
[+] /p/vast1/build/spack/opt/spack/linux-rhel7-broadwell/gcc-10.2.1/libmd-1.0.3-2ov67rcd3fulh2bvd46bb7cjgf3yckoh
[+] /p/vast1/build/spack/opt/spack/linux-rhel7-broadwell/gcc-10.2.1/libffi-3.3-zyoezbz35scxddz3sf2hsqa6dancnjru
[+] /p/vast1/build/spack/opt/spack/linux-rhel7-broadwell/gcc-10.2.1/util-linux-uuid-2.36.2-6icy3q75q4f2andannpqgkcdmzoir7sd
[+] /p/vast1/build/spack/opt/spack/linux-rhel7-broadwell/gcc-10.2.1/ncurses-6.2-2xef6sx47tqatqlceqguyz3rza5okbhy
[+] /p/vast1/build/spack/opt/spack/linux-rhel7-broadwell/gcc-10.2.1/tar-1.34-3g4ty3srw34e6frmd2d2f523hr2pck3g
[+] /p/vast1/build/spack/opt/spack/linux-rhel7-broadwell/gcc-10.2.1/diffutils-3.8-vxb536efq575rjec2zqsyqgsebpspfvs
[+] /p/vast1/build/spack/opt/spack/linux-rhel7-broadwell/gcc-10.2.1/m4-1.4.19-zeen2avy7avmg5n7cd6yaqspkj3rup2t
[+] /p/vast1/build/spack/opt/spack/linux-rhel7-broadwell/gcc-10.2.1/libxml2-2.9.12-rs3llxgrrh537ywuyzjxyebuzo3gnxpt
[+] /p/vast1/build/spack/opt/spack/linux-rhel7-broadwell/gcc-10.2.1/libbsd-0.11.3-3bk5tkx2u7x44ivhjo723eyc3kbvzj2t
[+] /p/vast1/build/spack/opt/spack/linux-rhel7-broadwell/gcc-10.2.1/libedit-3.1-20210216-rhcaqt3bcnt5otgbqisvol2zjkkt3yqz
[+] /p/vast1/build/spack/opt/spack/linux-rhel7-broadwell/gcc-10.2.1/readline-8.1-vfjorqgtmqh3rl5ollaj4n2uusx4foez
[+] /p/vast1/build/spack/opt/spack/linux-rhel7-broadwell/gcc-10.2.1/bzip2-1.0.8-jmjklgubcyryaddwqvzuvzeiq6zfqmst
[+] /p/vast1/build/spack/opt/spack/linux-rhel7-broadwell/gcc-10.2.1/libtool-2.4.6-v5tvhyer33lc2hhisqrztia7bmreecdr
[+] /p/vast1/build/spack/opt/spack/linux-rhel7-broadwell/gcc-10.2.1/expat-2.4.1-kya5u2fynwiaatzc4mfarh675cq6au2y
[+] /p/vast1/build/spack/opt/spack/linux-rhel7-broadwell/gcc-10.2.1/gdbm-1.19-k5otkqycqsp3sya4vlvqbekdodhy2a2b
[+] /p/vast1/build/spack/opt/spack/linux-rhel7-broadwell/gcc-10.2.1/sqlite-3.36.0-2hy2e3pav6gykaiuxcqrj6xwb3hikfkt
[+] /p/vast1/build/spack/opt/spack/linux-rhel7-broadwell/gcc-10.2.1/gettext-0.21-zrjvymznliicfcjx4lqkixtjo76ruzmr
[+] /p/vast1/build/spack/opt/spack/linux-rhel7-broadwell/gcc-10.2.1/libpciaccess-0.16-vzg6r6gyrqyboudgxfqbdwe36epu6s7s
[+] /p/vast1/build/spack/opt/spack/linux-rhel7-broadwell/gcc-10.2.1/perl-5.34.0-wimaji5zk5vlms3psvdtvmxifnine4nh
[+] /p/vast1/build/spack/opt/spack/linux-rhel7-broadwell/gcc-10.2.1/hwloc-2.6.0-cxn7eow3mqe2pjeaz7u4tyw4xadzqtri
[+] /p/vast1/build/spack/opt/spack/linux-rhel7-broadwell/gcc-10.2.1/autoconf-2.69-pfmcbnykmtv5mjmsmwbesqcoea22hrrx
[+] /p/vast1/build/spack/opt/spack/linux-rhel7-broadwell/gcc-10.2.1/openssl-1.1.1l-sozkiugfpwd75rjehlrzn3ymhrojqyp2
[+] /p/vast1/build/spack/opt/spack/linux-rhel7-broadwell/gcc-10.2.1/automake-1.16.3-rxeto3fcfyywhhza4jadwlacwh3doghz
[+] /p/vast1/build/spack/opt/spack/linux-rhel7-broadwell/gcc-10.2.1/openssh-8.7p1-yfzytuo77m3idlyoubuj2rn2val7hypz
[+] /p/vast1/build/spack/opt/spack/linux-rhel7-broadwell/gcc-10.2.1/python-3.8.12-snqhx3gympk6b2bnoh367hqvsbhqo3ts
[+] /p/vast1/build/spack/opt/spack/linux-rhel7-broadwell/gcc-10.2.1/cmake-3.21.4-hvgwgb6duea6jzf2rywitb4a5lqdrpii
[+] /p/vast1/build/spack/opt/spack/linux-rhel7-broadwell/gcc-10.2.1/libevent-2.1.12-4rrpxdjg6q2tcghfclohesjtvuwd6kdv
[+] /p/vast1/build/spack/opt/spack/linux-rhel7-broadwell/gcc-10.2.1/numactl-2.0.14-wiobx4m5fgmgis4po6hi44kpy7ad57vj
[+] /p/vast1/build/spack/opt/spack/linux-rhel7-broadwell/gcc-10.2.1/openmpi-4.1.2-z5hk7hdx3dkvk7ytodf4xiqqg3nfo4dh
[+] /p/vast1/build/spack/opt/spack/linux-rhel7-broadwell/gcc-10.2.1/caliper-2.1.1-j5phyr4fyv64bawl6foafm2lxiqfgjry
Testing splicing in (and out) papi@master
[+] /p/vast1/build/spack/opt/spack/linux-rhel7-broadwell/gcc-10.2.1/papi-master-7wj56nuac7snq2ddw7vvcwobyc7y2qjg
Testing splicing in (and out) papi@6.0.0.1
[+] /p/vast1/build/spack/opt/spack/linux-rhel7-broadwell/gcc-10.2.1/papi-6.0.0.1-62emwcxfgw35opywe25sgxwuvoikrxlc
Testing splicing in (and out) papi@6.0.0
[+] /p/vast1/build/spack/opt/spack/linux-rhel7-broadwell/gcc-10.2.1/papi-6.0.0-sscfenf7yydczalrqrecbdrkm73vojpf
Testing splicing in (and out) papi@5.7.0
[+] /p/vast1/build/spack/opt/spack/linux-rhel7-broadwell/gcc-10.2.1/papi-5.7.0-czqjpcgj4yn6asmfyx256u6gqjavqqlu
Testing splicing in (and out) papi@5.6.0
[+] /p/vast1/build/spack/opt/spack/linux-rhel7-broadwell/gcc-10.2.1/papi-5.6.0-yfeidwvahfw26dfr2lij3gpklmlcwiwf
Testing splicing in (and out) papi@5.5.1
[+] /p/vast1/build/spack/opt/spack/linux-rhel7-broadwell/gcc-10.2.1/papi-5.5.1-oftjkfk6fbmafoljfwixsidobx3ceuyb
Testing splicing in (and out) papi@5.5.0
[+] /p/vast1/build/spack/opt/spack/linux-rhel7-broadwell/gcc-10.2.1/papi-5.5.0-iikdtpxemnddp3xjyflwfpyfkmocdhqi
Testing splicing in (and out) papi@5.4.3
[+] /p/vast1/build/spack/opt/spack/linux-rhel7-broadwell/gcc-10.2.1/papi-5.4.3-w5r7qvwbpvuesj34rgexmqys2tyo6x65
Testing splicing in (and out) papi@5.4.1
[+] /p/vast1/build/spack/opt/spack/linux-rhel7-broadwell/gcc-10.2.1/papi-5.4.1-mn3gdokcjt3kyvgnywiq5ryqqbywc4cd
Testing splicing in (and out) papi@5.3.0
[+] /p/vast1/build/spack/opt/spack/linux-rhel7-broadwell/gcc-4.9.3/papi-5.3.0-fkeuoxn5pizmsnhbphiimt435wqkyw2h
Concretizing caliper@2.1.1
[+] /p/vast1/build/spack/opt/spack/linux-rhel7-broadwell/gcc-10.2.1/pkgconf-1.8.0-gp2xp6yplvubgic6eunbnl7emqdq3dye
[+] /p/vast1/build/spack/opt/spack/linux-rhel7-broadwell/gcc-10.2.1/berkeley-db-18.1.40-c7okyaricn3s5wx6lqo2exspq6tuninj
[+] /p/vast1/build/spack/opt/spack/linux-rhel7-broadwell/gcc-10.2.1/libiconv-1.16-glggocpnh7m2dgmtu4fedhbfeessepbe
[+] /p/vast1/build/spack/opt/spack/linux-rhel7-broadwell/gcc-10.2.1/zlib-1.2.11-su2ldy5ofm424qnly3kitbbdgwovpfk4
[+] /p/vast1/build/spack/opt/spack/linux-rhel7-broadwell/gcc-10.2.1/libunwind-1.5.0-qolipzu4dzqdwwqilpz34qbosuwxtpoa
[+] /p/vast1/build/spack/opt/spack/linux-rhel7-broadwell/gcc-10.2.1/libsigsegv-2.13-7rh3iftx6wqudr26scqm7nyzm4xxgqcc
[+] /p/vast1/build/spack/opt/spack/linux-rhel7-broadwell/gcc-10.2.1/util-macros-1.19.3-mxlhejedwgloprhrg6bzi2wz3cgadzp2
[+] /p/vast1/build/spack/opt/spack/linux-rhel7-broadwell/gcc-10.2.1/xz-5.2.5-d536jz4ora4tt45q72d2lklqr3dqx34m
[+] /p/vast1/build/spack/opt/spack/linux-rhel7-broadwell/gcc-10.2.1/papi-5.7.0-czqjpcgj4yn6asmfyx256u6gqjavqqlu
[+] /p/vast1/build/spack/opt/spack/linux-rhel7-broadwell/gcc-10.2.1/libmd-1.0.4-rooxnv7z75ill3knhg6bxfttmwxdag6i
[+] /p/vast1/build/spack/opt/spack/linux-rhel7-broadwell/gcc-10.2.1/libffi-3.4.2-7vfnd7a5ankpytut3b4oqhktzrcbabfm
[+] /p/vast1/build/spack/opt/spack/linux-rhel7-broadwell/gcc-10.2.1/ncurses-6.2-2xef6sx47tqatqlceqguyz3rza5okbhy
[+] /p/vast1/build/spack/opt/spack/linux-rhel7-broadwell/gcc-10.2.1/util-linux-uuid-2.37.4-26saxoixdjk3763nksg3ajmdzt5gyubu
[+] /p/vast1/build/spack/opt/spack/linux-rhel7-broadwell/gcc-10.2.1/tar-1.34-3g4ty3srw34e6frmd2d2f523hr2pck3g
[+] /p/vast1/build/spack/opt/spack/linux-rhel7-broadwell/gcc-10.2.1/diffutils-3.8-vxb536efq575rjec2zqsyqgsebpspfvs
[+] /p/vast1/build/spack/opt/spack/linux-rhel7-broadwell/gcc-10.2.1/m4-1.4.19-zeen2avy7avmg5n7cd6yaqspkj3rup2t
[+] /p/vast1/build/spack/opt/spack/linux-rhel7-broadwell/gcc-10.2.1/libxml2-2.9.12-rs3llxgrrh537ywuyzjxyebuzo3gnxpt
[+] /p/vast1/build/spack/opt/spack/linux-rhel7-broadwell/gcc-10.2.1/libbsd-0.11.5-yt5rlx2ycq24tyyohhconaxiqgzajzbo
[+] /p/vast1/build/spack/opt/spack/linux-rhel7-broadwell/gcc-10.2.1/libedit-3.1-20210216-rhcaqt3bcnt5otgbqisvol2zjkkt3yqz
[+] /p/vast1/build/spack/opt/spack/linux-rhel7-broadwell/gcc-10.2.1/readline-8.1-vfjorqgtmqh3rl5ollaj4n2uusx4foez
[+] /p/vast1/build/spack/opt/spack/linux-rhel7-broadwell/gcc-10.2.1/bzip2-1.0.8-jmjklgubcyryaddwqvzuvzeiq6zfqmst
[+] /p/vast1/build/spack/opt/spack/linux-rhel7-broadwell/gcc-10.2.1/libtool-2.4.6-v5tvhyer33lc2hhisqrztia7bmreecdr
[+] /p/vast1/build/spack/opt/spack/linux-rhel7-broadwell/gcc-10.2.1/expat-2.4.6-akiducmoeufix2d6beegvgbj5skm36ul
[+] /p/vast1/build/spack/opt/spack/linux-rhel7-broadwell/gcc-10.2.1/gdbm-1.19-k5otkqycqsp3sya4vlvqbekdodhy2a2b
[+] /p/vast1/build/spack/opt/spack/linux-rhel7-broadwell/gcc-10.2.1/sqlite-3.37.2-osxyeivy7mdmhjyjwcsm4l7tooho6s2d
[+] /p/vast1/build/spack/opt/spack/linux-rhel7-broadwell/gcc-10.2.1/gettext-0.21-zrjvymznliicfcjx4lqkixtjo76ruzmr
[+] /p/vast1/build/spack/opt/spack/linux-rhel7-broadwell/gcc-10.2.1/libpciaccess-0.16-vzg6r6gyrqyboudgxfqbdwe36epu6s7s
[+] /p/vast1/build/spack/opt/spack/linux-rhel7-broadwell/gcc-10.2.1/perl-5.34.0-wimaji5zk5vlms3psvdtvmxifnine4nh
[+] /p/vast1/build/spack/opt/spack/linux-rhel7-broadwell/gcc-10.2.1/hwloc-2.7.0-zcvfxqfecuheq2vakvpuosok2avakr6j
[+] /p/vast1/build/spack/opt/spack/linux-rhel7-broadwell/gcc-10.2.1/autoconf-2.69-pfmcbnykmtv5mjmsmwbesqcoea22hrrx
[+] /p/vast1/build/spack/opt/spack/linux-rhel7-broadwell/gcc-10.2.1/openssl-1.1.1m-momhhzpwxq3fzqnlqbabquoitiq5d6q6
[+] /p/vast1/build/spack/opt/spack/linux-rhel7-broadwell/gcc-10.2.1/automake-1.16.5-7gugpvl5tq7e3xqgw7wna3fwdlbrszqs
[+] /p/vast1/build/spack/opt/spack/linux-rhel7-broadwell/gcc-10.2.1/python-3.9.10-6fbgydg7c2bdx4ovimgsqyzucdkrd277
[+] /p/vast1/build/spack/opt/spack/linux-rhel7-broadwell/gcc-10.2.1/cmake-3.22.2-7oku4yd37mfoi65gi3alunjbl35euphw
[+] /p/vast1/build/spack/opt/spack/linux-rhel7-broadwell/gcc-10.2.1/libevent-2.1.12-ojhvas6alyezjgn2r2flj4slwat4cowk
[+] /p/vast1/build/spack/opt/spack/linux-rhel7-broadwell/gcc-10.2.1/openssh-8.8p1-667p3p2z5r6q3h2mo5arextitlyvzye4
[+] /p/vast1/build/spack/opt/spack/linux-rhel7-broadwell/gcc-10.2.1/numactl-2.0.14-wiobx4m5fgmgis4po6hi44kpy7ad57vj
[+] /p/vast1/build/spack/opt/spack/linux-rhel7-broadwell/gcc-10.2.1/openmpi-4.1.2-mtnsjnbj5kuefhd6gtupaglpuytu6vhz
[+] /p/vast1/build/spack/opt/spack/linux-rhel7-broadwell/gcc-10.2.1/caliper-2.1.1-26wbiylup57sqprbctpzsatfsjfl6nmo
Testing splicing in (and out) papi@master
[+] /p/vast1/build/spack/opt/spack/linux-rhel7-broadwell/gcc-10.2.1/papi-master-7wj56nuac7snq2ddw7vvcwobyc7y2qjg
Testing splicing in (and out) papi@6.0.0.1
[+] /p/vast1/build/spack/opt/spack/linux-rhel7-broadwell/gcc-10.2.1/papi-6.0.0.1-62emwcxfgw35opywe25sgxwuvoikrxlc
Testing splicing in (and out) papi@6.0.0
[+] /p/vast1/build/spack/opt/spack/linux-rhel7-broadwell/gcc-10.2.1/papi-6.0.0-sscfenf7yydczalrqrecbdrkm73vojpf
Testing splicing in (and out) papi@5.7.0
[+] /p/vast1/build/spack/opt/spack/linux-rhel7-broadwell/gcc-10.2.1/papi-5.7.0-czqjpcgj4yn6asmfyx256u6gqjavqqlu
Testing splicing in (and out) papi@5.6.0
[+] /p/vast1/build/spack/opt/spack/linux-rhel7-broadwell/gcc-10.2.1/papi-5.6.0-yfeidwvahfw26dfr2lij3gpklmlcwiwf
Testing splicing in (and out) papi@5.5.1
[+] /p/vast1/build/spack/opt/spack/linux-rhel7-broadwell/gcc-10.2.1/papi-5.5.1-oftjkfk6fbmafoljfwixsidobx3ceuyb
Testing splicing in (and out) papi@5.5.0
[+] /p/vast1/build/spack/opt/spack/linux-rhel7-broadwell/gcc-10.2.1/papi-5.5.0-iikdtpxemnddp3xjyflwfpyfkmocdhqi
Testing splicing in (and out) papi@5.4.3
[+] /p/vast1/build/spack/opt/spack/linux-rhel7-broadwell/gcc-10.2.1/papi-5.4.3-w5r7qvwbpvuesj34rgexmqys2tyo6x65
Testing splicing in (and out) papi@5.4.1
[+] /p/vast1/build/spack/opt/spack/linux-rhel7-broadwell/gcc-10.2.1/papi-5.4.1-mn3gdokcjt3kyvgnywiq5ryqqbywc4cd
Testing splicing in (and out) papi@5.3.0
[+] /p/vast1/build/spack/opt/spack/linux-rhel7-broadwell/gcc-4.9.3/papi-5.3.0-fkeuoxn5pizmsnhbphiimt435wqkyw2h
ELF file '/p/vast1/build/spack/opt/spack/linux-rhel7-broadwell/gcc-10.2.1/caliper-2.1.1-gsc7cyw3rby64is4i7rhjnwnlnvd4oj5/bin/cali-graph' is not ABI compatible with '/p/vast1/build/spack/opt/spack/linux-rhel7-broadwell/gcc-10.2.1/papi-6.0.0-sscfenf7yydczalrqrecbdrkm73vojpf/lib/libpapi.so.6.0.0.0' due to differences with '/p/vast1/build/spack/opt/spack/linux-rhel7-broadwell/gcc-10.2.1/papi-5.7.0-czqjpcgj4yn6asmfyx256u6gqjavqqlu/lib/libpapi.so.5.7.0.0' below:
ELF SONAME changed
Functions changes summary: 0 Removed, 0 Changed, 0 Added function
Variables changes summary: 0 Removed, 0 Changed, 0 Added variable

SONAME changed from 'libpapi.so.5' to 'libpapi.so.6.0'


ELF file '/p/vast1/build/spack/opt/spack/linux-rhel7-broadwell/gcc-10.2.1/caliper-2.1.1-gsc7cyw3rby64is4i7rhjnwnlnvd4oj5/bin/cali-query' is not ABI compatible with '/p/vast1/build/spack/opt/spack/linux-rhel7-broadwell/gcc-10.2.1/papi-6.0.0-sscfenf7yydczalrqrecbdrkm73vojpf/lib/libpapi.so.6.0.0.0' due to differences with '/p/vast1/build/spack/opt/spack/linux-rhel7-broadwell/gcc-10.2.1/papi-5.7.0-czqjpcgj4yn6asmfyx256u6gqjavqqlu/lib/libpapi.so.5.7.0.0' below:
ELF SONAME changed
Functions changes summary: 0 Removed, 0 Changed, 0 Added function
Variables changes summary: 0 Removed, 0 Changed, 0 Added variable

SONAME changed from 'libpapi.so.5' to 'libpapi.so.6.0'


ELF file '/p/vast1/build/spack/opt/spack/linux-rhel7-broadwell/gcc-10.2.1/caliper-2.1.1-gsc7cyw3rby64is4i7rhjnwnlnvd4oj5/bin/cali-stat' is not ABI compatible with '/p/vast1/build/spack/opt/spack/linux-rhel7-broadwell/gcc-10.2.1/papi-6.0.0-sscfenf7yydczalrqrecbdrkm73vojpf/lib/libpapi.so.6.0.0.0' due to differences with '/p/vast1/build/spack/opt/spack/linux-rhel7-broadwell/gcc-10.2.1/papi-5.7.0-czqjpcgj4yn6asmfyx256u6gqjavqqlu/lib/libpapi.so.5.7.0.0' below:
ELF SONAME changed
Functions changes summary: 0 Removed, 0 Changed, 0 Added function
Variables changes summary: 0 Removed, 0 Changed, 0 Added variable

SONAME changed from 'libpapi.so.5' to 'libpapi.so.6.0'


{'spack-test': [{'message': '==> Spack test zqvxxm5qbwuemxqeanxmsvzkmtp6t446\n==> Testing package caliper-2.1.1-gsc7cyw\n============================= 1 passed of 1 specs ==============================\n', 'return_code': 0, 'prediction': True, 'command': '/p/vast1/build/spack/bin/spack test run /gsc7cy'}], 'symbolator': [{'missing': ['libcaliper-serial PAPI_start_counters', 'libcaliper-serial PAPI_read_counters', 'libpapi mkdir', 'libpapi puts', 'libpapi tfind', 'libpapi getcwd', 'libpapi tdelete', 'libpapi closedir', 'libpapi tsearch'], 'selected': [['libpapi.so.6.0.0.0', 'libpapi.so.5'], ['libpfm.so.4', 'libpfm.so.4'], ['libc.so.6', 'libc.so.6']], 'binary': '/p/vast1/build/spack/opt/spack/linux-rhel7-broadwell/gcc-10.2.1/caliper-2.1.1-gsc7cyw3rby64is4i7rhjnwnlnvd4oj5/bin/cali-graph', 'splice_type': 'same_lib', 'lib': '/p/vast1/build/spack/opt/spack/linux-rhel7-broadwell/gcc-10.2.1/papi-6.0.0-sscfenf7yydczalrqrecbdrkm73vojpf/lib/libpapi.so.6.0.0.0', 'prediction': False}, {'missing': [], 'selected': [['libpfm.so.4.10.1', 'libpfm.so.4'], ['libc.so.6', 'libc.so.6']], 'binary': '/p/vast1/build/spack/opt/spack/linux-rhel7-broadwell/gcc-10.2.1/caliper-2.1.1-gsc7cyw3rby64is4i7rhjnwnlnvd4oj5/bin/cali-graph', 'splice_type': 'same_lib', 'lib': '/p/vast1/build/spack/opt/spack/linux-rhel7-broadwell/gcc-10.2.1/papi-6.0.0-sscfenf7yydczalrqrecbdrkm73vojpf/lib/libpfm.so.4.10.1', 'prediction': True}, {'missing': ['libcaliper-serial PAPI_start_counters', 'libcaliper-serial PAPI_read_counters', 'libpapi mkdir', 'libpapi puts', 'libpapi tfind', 'libpapi getcwd', 'libpapi tdelete', 'libpapi closedir', 'libpapi tsearch'], 'selected': [['libpapi.so.6.0.0.0', 'libpapi.so.5'], ['libpfm.so.4', 'libpfm.so.4'], ['libc.so.6', 'libc.so.6']], 'binary': '/p/vast1/build/spack/opt/spack/linux-rhel7-broadwell/gcc-10.2.1/caliper-2.1.1-gsc7cyw3rby64is4i7rhjnwnlnvd4oj5/bin/cali-query', 'splice_type': 'same_lib', 'lib': '/p/vast1/build/spack/opt/spack/linux-rhel7-broadwell/gcc-10.2.1/papi-6.0.0-sscfenf7yydczalrqrecbdrkm73vojpf/lib/libpapi.so.6.0.0.0', 'prediction': False}, {'missing': [], 'selected': [['libpfm.so.4.10.1', 'libpfm.so.4'], ['libc.so.6', 'libc.so.6']], 'binary': '/p/vast1/build/spack/opt/spack/linux-rhel7-broadwell/gcc-10.2.1/caliper-2.1.1-gsc7cyw3rby64is4i7rhjnwnlnvd4oj5/bin/cali-query', 'splice_type': 'same_lib', 'lib': '/p/vast1/build/spack/opt/spack/linux-rhel7-broadwell/gcc-10.2.1/papi-6.0.0-sscfenf7yydczalrqrecbdrkm73vojpf/lib/libpfm.so.4.10.1', 'prediction': True}, {'missing': ['libcaliper-serial PAPI_start_counters', 'libcaliper-serial PAPI_read_counters', 'libpapi mkdir', 'libpapi puts', 'libpapi tfind', 'libpapi getcwd', 'libpapi tdelete', 'libpapi closedir', 'libpapi tsearch'], 'selected': [['libpapi.so.6.0.0.0', 'libpapi.so.5'], ['libpfm.so.4', 'libpfm.so.4'], ['libc.so.6', 'libc.so.6']], 'binary': '/p/vast1/build/spack/opt/spack/linux-rhel7-broadwell/gcc-10.2.1/caliper-2.1.1-gsc7cyw3rby64is4i7rhjnwnlnvd4oj5/bin/cali-stat', 'splice_type': 'same_lib', 'lib': '/p/vast1/build/spack/opt/spack/linux-rhel7-broadwell/gcc-10.2.1/papi-6.0.0-sscfenf7yydczalrqrecbdrkm73vojpf/lib/libpapi.so.6.0.0.0', 'prediction': False}, {'missing': [], 'selected': [['libpfm.so.4.10.1', 'libpfm.so.4'], ['libc.so.6', 'libc.so.6']], 'binary': '/p/vast1/build/spack/opt/spack/linux-rhel7-broadwell/gcc-10.2.1/caliper-2.1.1-gsc7cyw3rby64is4i7rhjnwnlnvd4oj5/bin/cali-stat', 'splice_type': 'same_lib', 'lib': '/p/vast1/build/spack/opt/spack/linux-rhel7-broadwell/gcc-10.2.1/papi-6.0.0-sscfenf7yydczalrqrecbdrkm73vojpf/lib/libpfm.so.4.10.1', 'prediction': True}], 'libabigail': [{'message': "ELF file '/p/vast1/build/spack/opt/spack/linux-rhel7-broadwell/gcc-10.2.1/caliper-2.1.1-gsc7cyw3rby64is4i7rhjnwnlnvd4oj5/bin/cali-graph' is not ABI compatible with '/p/vast1/build/spack/opt/spack/linux-rhel7-broadwell/gcc-10.2.1/papi-6.0.0-sscfenf7yydczalrqrecbdrkm73vojpf/lib/libpapi.so.6.0.0.0' due to differences with '/p/vast1/build/spack/opt/spack/linux-rhel7-broadwell/gcc-10.2.1/papi-5.7.0-czqjpcgj4yn6asmfyx256u6gqjavqqlu/lib/libpapi.so.5.7.0.0' below:\nELF SONAME changed\nFunctions changes summary: 0 Removed, 0 Changed, 0 Added function\nVariables changes summary: 0 Removed, 0 Changed, 0 Added variable\n\nSONAME changed from 'libpapi.so.5' to 'libpapi.so.6.0'\n\n", 'return_code': 12, 'binary': '/p/vast1/build/spack/opt/spack/linux-rhel7-broadwell/gcc-10.2.1/caliper-2.1.1-gsc7cyw3rby64is4i7rhjnwnlnvd4oj5/bin/cali-graph', 'splice_type': 'same_lib', 'lib': '/p/vast1/build/spack/opt/spack/linux-rhel7-broadwell/gcc-10.2.1/papi-6.0.0-sscfenf7yydczalrqrecbdrkm73vojpf/lib/libpapi.so.6.0.0.0', 'original_lib': '/p/vast1/build/spack/opt/spack/linux-rhel7-broadwell/gcc-10.2.1/papi-6.0.0-sscfenf7yydczalrqrecbdrkm73vojpf/lib/libpapi.so.6.0.0.0', 'prediction': False}, {'message': '', 'return_code': 0, 'binary': '/p/vast1/build/spack/opt/spack/linux-rhel7-broadwell/gcc-10.2.1/caliper-2.1.1-gsc7cyw3rby64is4i7rhjnwnlnvd4oj5/bin/cali-graph', 'splice_type': 'same_lib', 'lib': '/p/vast1/build/spack/opt/spack/linux-rhel7-broadwell/gcc-10.2.1/papi-6.0.0-sscfenf7yydczalrqrecbdrkm73vojpf/lib/libpfm.so.4.10.1', 'original_lib': '/p/vast1/build/spack/opt/spack/linux-rhel7-broadwell/gcc-10.2.1/papi-6.0.0-sscfenf7yydczalrqrecbdrkm73vojpf/lib/libpfm.so.4.10.1', 'prediction': True}, {'message': "ELF file '/p/vast1/build/spack/opt/spack/linux-rhel7-broadwell/gcc-10.2.1/caliper-2.1.1-gsc7cyw3rby64is4i7rhjnwnlnvd4oj5/bin/cali-query' is not ABI compatible with '/p/vast1/build/spack/opt/spack/linux-rhel7-broadwell/gcc-10.2.1/papi-6.0.0-sscfenf7yydczalrqrecbdrkm73vojpf/lib/libpapi.so.6.0.0.0' due to differences with '/p/vast1/build/spack/opt/spack/linux-rhel7-broadwell/gcc-10.2.1/papi-5.7.0-czqjpcgj4yn6asmfyx256u6gqjavqqlu/lib/libpapi.so.5.7.0.0' below:\nELF SONAME changed\nFunctions changes summary: 0 Removed, 0 Changed, 0 Added function\nVariables changes summary: 0 Removed, 0 Changed, 0 Added variable\n\nSONAME changed from 'libpapi.so.5' to 'libpapi.so.6.0'\n\n", 'return_code': 12, 'binary': '/p/vast1/build/spack/opt/spack/linux-rhel7-broadwell/gcc-10.2.1/caliper-2.1.1-gsc7cyw3rby64is4i7rhjnwnlnvd4oj5/bin/cali-query', 'splice_type': 'same_lib', 'lib': '/p/vast1/build/spack/opt/spack/linux-rhel7-broadwell/gcc-10.2.1/papi-6.0.0-sscfenf7yydczalrqrecbdrkm73vojpf/lib/libpapi.so.6.0.0.0', 'original_lib': '/p/vast1/build/spack/opt/spack/linux-rhel7-broadwell/gcc-10.2.1/papi-6.0.0-sscfenf7yydczalrqrecbdrkm73vojpf/lib/libpapi.so.6.0.0.0', 'prediction': False}, {'message': '', 'return_code': 0, 'binary': '/p/vast1/build/spack/opt/spack/linux-rhel7-broadwell/gcc-10.2.1/caliper-2.1.1-gsc7cyw3rby64is4i7rhjnwnlnvd4oj5/bin/cali-query', 'splice_type': 'same_lib', 'lib': '/p/vast1/build/spack/opt/spack/linux-rhel7-broadwell/gcc-10.2.1/papi-6.0.0-sscfenf7yydczalrqrecbdrkm73vojpf/lib/libpfm.so.4.10.1', 'original_lib': '/p/vast1/build/spack/opt/spack/linux-rhel7-broadwell/gcc-10.2.1/papi-6.0.0-sscfenf7yydczalrqrecbdrkm73vojpf/lib/libpfm.so.4.10.1', 'prediction': True}, {'message': "ELF file '/p/vast1/build/spack/opt/spack/linux-rhel7-broadwell/gcc-10.2.1/caliper-2.1.1-gsc7cyw3rby64is4i7rhjnwnlnvd4oj5/bin/cali-stat' is not ABI compatible with '/p/vast1/build/spack/opt/spack/linux-rhel7-broadwell/gcc-10.2.1/papi-6.0.0-sscfenf7yydczalrqrecbdrkm73vojpf/lib/libpapi.so.6.0.0.0' due to differences with '/p/vast1/build/spack/opt/spack/linux-rhel7-broadwell/gcc-10.2.1/papi-5.7.0-czqjpcgj4yn6asmfyx256u6gqjavqqlu/lib/libpapi.so.5.7.0.0' below:\nELF SONAME changed\nFunctions changes summary: 0 Removed, 0 Changed, 0 Added function\nVariables changes summary: 0 Removed, 0 Changed, 0 Added variable\n\nSONAME changed from 'libpapi.so.5' to 'libpapi.so.6.0'\n\n", 'return_code': 12, 'binary': '/p/vast1/build/spack/opt/spack/linux-rhel7-broadwell/gcc-10.2.1/caliper-2.1.1-gsc7cyw3rby64is4i7rhjnwnlnvd4oj5/bin/cali-stat', 'splice_type': 'same_lib', 'lib': '/p/vast1/build/spack/opt/spack/linux-rhel7-broadwell/gcc-10.2.1/papi-6.0.0-sscfenf7yydczalrqrecbdrkm73vojpf/lib/libpapi.so.6.0.0.0', 'original_lib': '/p/vast1/build/spack/opt/spack/linux-rhel7-broadwell/gcc-10.2.1/papi-6.0.0-sscfenf7yydczalrqrecbdrkm73vojpf/lib/libpapi.so.6.0.0.0', 'prediction': False}, {'message': '', 'return_code': 0, 'binary': '/p/vast1/build/spack/opt/spack/linux-rhel7-broadwell/gcc-10.2.1/caliper-2.1.1-gsc7cyw3rby64is4i7rhjnwnlnvd4oj5/bin/cali-stat', 'splice_type': 'same_lib', 'lib': '/p/vast1/build/spack/opt/spack/linux-rhel7-broadwell/gcc-10.2.1/papi-6.0.0-sscfenf7yydczalrqrecbdrkm73vojpf/lib/libpfm.so.4.10.1', 'original_lib': '/p/vast1/build/spack/opt/spack/linux-rhel7-broadwell/gcc-10.2.1/papi-6.0.0-sscfenf7yydczalrqrecbdrkm73vojpf/lib/libpfm.so.4.10.1', 'prediction': True}]}
{'spack-test': [{'message': '==> Spack test iupwzzxbnr4yf377ddwznrxkiynlaqcn\n==> Testing package caliper-2.1.1-rbhbfeb\n============================= 1 passed of 1 specs ==============================\n', 'return_code': 0, 'prediction': True, 'command': '/p/vast1/build/spack/bin/spack test run /rbhbfe'}], 'symbolator': [{'missing': [], 'selected': [['libpapi.so.5.7.0.0', 'libpapi.so.5'], ['libpfm.so.4', 'libpfm.so.4'], ['libc.so.6', 'libc.so.6']], 'binary': '/p/vast1/build/spack/opt/spack/linux-rhel7-broadwell/gcc-10.2.1/caliper-2.1.1-rbhbfeb4gz4ywckn6j27aa2det2cwbjo/bin/cali-graph', 'splice_type': 'same_lib', 'lib': '/p/vast1/build/spack/opt/spack/linux-rhel7-broadwell/gcc-10.2.1/papi-5.7.0-czqjpcgj4yn6asmfyx256u6gqjavqqlu/lib/libpapi.so.5.7.0.0', 'prediction': True}, {'missing': [], 'selected': [['libpfm.so.4.10.1', 'libpfm.so.4'], ['libc.so.6', 'libc.so.6']], 'binary': '/p/vast1/build/spack/opt/spack/linux-rhel7-broadwell/gcc-10.2.1/caliper-2.1.1-rbhbfeb4gz4ywckn6j27aa2det2cwbjo/bin/cali-graph', 'splice_type': 'same_lib', 'lib': '/p/vast1/build/spack/opt/spack/linux-rhel7-broadwell/gcc-10.2.1/papi-5.7.0-czqjpcgj4yn6asmfyx256u6gqjavqqlu/lib/libpfm.so.4.10.1', 'prediction': True}, {'missing': [], 'selected': [['libpapi.so.5.7.0.0', 'libpapi.so.5'], ['libpfm.so.4', 'libpfm.so.4'], ['libc.so.6', 'libc.so.6']], 'binary': '/p/vast1/build/spack/opt/spack/linux-rhel7-broadwell/gcc-10.2.1/caliper-2.1.1-rbhbfeb4gz4ywckn6j27aa2det2cwbjo/bin/cali-stat', 'splice_type': 'same_lib', 'lib': '/p/vast1/build/spack/opt/spack/linux-rhel7-broadwell/gcc-10.2.1/papi-5.7.0-czqjpcgj4yn6asmfyx256u6gqjavqqlu/lib/libpapi.so.5.7.0.0', 'prediction': True}, {'missing': [], 'selected': [['libpfm.so.4.10.1', 'libpfm.so.4'], ['libc.so.6', 'libc.so.6']], 'binary': '/p/vast1/build/spack/opt/spack/linux-rhel7-broadwell/gcc-10.2.1/caliper-2.1.1-rbhbfeb4gz4ywckn6j27aa2det2cwbjo/bin/cali-stat', 'splice_type': 'same_lib', 'lib': '/p/vast1/build/spack/opt/spack/linux-rhel7-broadwell/gcc-10.2.1/papi-5.7.0-czqjpcgj4yn6asmfyx256u6gqjavqqlu/lib/libpfm.so.4.10.1', 'prediction': True}, {'missing': [], 'selected': [['libpapi.so.5.7.0.0', 'libpapi.so.5'], ['libpfm.so.4', 'libpfm.so.4'], ['libc.so.6', 'libc.so.6']], 'binary': '/p/vast1/build/spack/opt/spack/linux-rhel7-broadwell/gcc-10.2.1/caliper-2.1.1-rbhbfeb4gz4ywckn6j27aa2det2cwbjo/bin/cali-query', 'splice_type': 'same_lib', 'lib': '/p/vast1/build/spack/opt/spack/linux-rhel7-broadwell/gcc-10.2.1/papi-5.7.0-czqjpcgj4yn6asmfyx256u6gqjavqqlu/lib/libpapi.so.5.7.0.0', 'prediction': True}, {'missing': [], 'selected': [['libpfm.so.4.10.1', 'libpfm.so.4'], ['libc.so.6', 'libc.so.6']], 'binary': '/p/vast1/build/spack/opt/spack/linux-rhel7-broadwell/gcc-10.2.1/caliper-2.1.1-rbhbfeb4gz4ywckn6j27aa2det2cwbjo/bin/cali-query', 'splice_type': 'same_lib', 'lib': '/p/vast1/build/spack/opt/spack/linux-rhel7-broadwell/gcc-10.2.1/papi-5.7.0-czqjpcgj4yn6asmfyx256u6gqjavqqlu/lib/libpfm.so.4.10.1', 'prediction': True}], 'libabigail': [{'message': '', 'return_code': 0, 'binary': '/p/vast1/build/spack/opt/spack/linux-rhel7-broadwell/gcc-10.2.1/caliper-2.1.1-rbhbfeb4gz4ywckn6j27aa2det2cwbjo/bin/cali-graph', 'splice_type': 'same_lib', 'lib': '/p/vast1/build/spack/opt/spack/linux-rhel7-broadwell/gcc-10.2.1/papi-5.7.0-czqjpcgj4yn6asmfyx256u6gqjavqqlu/lib/libpapi.so.5.7.0.0', 'original_lib': '/p/vast1/build/spack/opt/spack/linux-rhel7-broadwell/gcc-10.2.1/papi-5.7.0-czqjpcgj4yn6asmfyx256u6gqjavqqlu/lib/libpapi.so.5.7.0.0', 'prediction': True}, {'message': '', 'return_code': 0, 'binary': '/p/vast1/build/spack/opt/spack/linux-rhel7-broadwell/gcc-10.2.1/caliper-2.1.1-rbhbfeb4gz4ywckn6j27aa2det2cwbjo/bin/cali-graph', 'splice_type': 'same_lib', 'lib': '/p/vast1/build/spack/opt/spack/linux-rhel7-broadwell/gcc-10.2.1/papi-5.7.0-czqjpcgj4yn6asmfyx256u6gqjavqqlu/lib/libpfm.so.4.10.1', 'original_lib': '/p/vast1/build/spack/opt/spack/linux-rhel7-broadwell/gcc-10.2.1/papi-5.7.0-czqjpcgj4yn6asmfyx256u6gqjavqqlu/lib/libpfm.so.4.10.1', 'prediction': True}, {'message': '', 'return_code': 0, 'binary': '/p/vast1/build/spack/opt/spack/linux-rhel7-broadwell/gcc-10.2.1/caliper-2.1.1-rbhbfeb4gz4ywckn6j27aa2det2cwbjo/bin/cali-stat', 'splice_type': 'same_lib', 'lib': '/p/vast1/build/spack/opt/spack/linux-rhel7-broadwell/gcc-10.2.1/papi-5.7.0-czqjpcgj4yn6asmfyx256u6gqjavqqlu/lib/libpapi.so.5.7.0.0', 'original_lib': '/p/vast1/build/spack/opt/spack/linux-rhel7-broadwell/gcc-10.2.1/papi-5.7.0-czqjpcgj4yn6asmfyx256u6gqjavqqlu/lib/libpapi.so.5.7.0.0', 'prediction': True}, {'message': '', 'return_code': 0, 'binary': '/p/vast1/build/spack/opt/spack/linux-rhel7-broadwell/gcc-10.2.1/caliper-2.1.1-rbhbfeb4gz4ywckn6j27aa2det2cwbjo/bin/cali-stat', 'splice_type': 'same_lib', 'lib': '/p/vast1/build/spack/opt/spack/linux-rhel7-broadwell/gcc-10.2.1/papi-5.7.0-czqjpcgj4yn6asmfyx256u6gqjavqqlu/lib/libpfm.so.4.10.1', 'original_lib': '/p/vast1/build/spack/opt/spack/linux-rhel7-broadwell/gcc-10.2.1/papi-5.7.0-czqjpcgj4yn6asmfyx256u6gqjavqqlu/lib/libpfm.so.4.10.1', 'prediction': True}, {'message': '', 'return_code': 0, 'binary': '/p/vast1/build/spack/opt/spack/linux-rhel7-broadwell/gcc-10.2.1/caliper-2.1.1-rbhbfeb4gz4ywckn6j27aa2det2cwbjo/bin/cali-query', 'splice_type': 'same_lib', 'lib': '/p/vast1/build/spack/opt/spack/linux-rhel7-broadwell/gcc-10.2.1/papi-5.7.0-czqjpcgj4yn6asmfyx256u6gqjavqqlu/lib/libpapi.so.5.7.0.0', 'original_lib': '/p/vast1/build/spack/opt/spack/linux-rhel7-broadwell/gcc-10.2.1/papi-5.7.0-czqjpcgj4yn6asmfyx256u6gqjavqqlu/lib/libpapi.so.5.7.0.0', 'prediction': True}, {'message': '', 'return_code': 0, 'binary': '/p/vast1/build/spack/opt/spack/linux-rhel7-broadwell/gcc-10.2.1/caliper-2.1.1-rbhbfeb4gz4ywckn6j27aa2det2cwbjo/bin/cali-query', 'splice_type': 'same_lib', 'lib': '/p/vast1/build/spack/opt/spack/linux-rhel7-broadwell/gcc-10.2.1/papi-5.7.0-czqjpcgj4yn6asmfyx256u6gqjavqqlu/lib/libpfm.so.4.10.1', 'original_lib': '/p/vast1/build/spack/opt/spack/linux-rhel7-broadwell/gcc-10.2.1/papi-5.7.0-czqjpcgj4yn6asmfyx256u6gqjavqqlu/lib/libpfm.so.4.10.1', 'prediction': True}]}
{'spack-test': [{'message': '==> Spack test pps5yzwuebufmp3w6y6g2cr4t6kcu5ny\n==> Testing package caliper-2.1.1-473nbm7\n============================= 1 passed of 1 specs ==============================\n', 'return_code': 0, 'prediction': True, 'command': '/p/vast1/build/spack/bin/spack test run /473nbm'}], 'symbolator': [{'missing': [], 'selected': [['libpfm.so.4.8.0', 'libpfm.so.4'], ['libc.so.6', 'libc.so.6']], 'binary': '/p/vast1/build/spack/opt/spack/linux-rhel7-broadwell/gcc-10.2.1/caliper-2.1.1-473nbm74jby2tem47fzag2o3my7owv2j/bin/cali-query', 'splice_type': 'same_lib', 'lib': '/p/vast1/build/spack/opt/spack/linux-rhel7-broadwell/gcc-10.2.1/papi-5.6.0-yfeidwvahfw26dfr2lij3gpklmlcwiwf/lib/libpfm.so.4.8.0', 'prediction': True}, {'missing': [], 'selected': [['libpapi.so.5.6.0.0', 'libpapi.so.5'], ['libpfm.so.4', 'libpfm.so.4'], ['libc.so.6', 'libc.so.6']], 'binary': '/p/vast1/build/spack/opt/spack/linux-rhel7-broadwell/gcc-10.2.1/caliper-2.1.1-473nbm74jby2tem47fzag2o3my7owv2j/bin/cali-query', 'splice_type': 'same_lib', 'lib': '/p/vast1/build/spack/opt/spack/linux-rhel7-broadwell/gcc-10.2.1/papi-5.6.0-yfeidwvahfw26dfr2lij3gpklmlcwiwf/lib/libpapi.so.5.6.0.0', 'prediction': True}, {'missing': [], 'selected': [['libpfm.so.4.8.0', 'libpfm.so.4'], ['libc.so.6', 'libc.so.6']], 'binary': '/p/vast1/build/spack/opt/spack/linux-rhel7-broadwell/gcc-10.2.1/caliper-2.1.1-473nbm74jby2tem47fzag2o3my7owv2j/bin/cali-stat', 'splice_type': 'same_lib', 'lib': '/p/vast1/build/spack/opt/spack/linux-rhel7-broadwell/gcc-10.2.1/papi-5.6.0-yfeidwvahfw26dfr2lij3gpklmlcwiwf/lib/libpfm.so.4.8.0', 'prediction': True}, {'missing': [], 'selected': [['libpapi.so.5.6.0.0', 'libpapi.so.5'], ['libpfm.so.4', 'libpfm.so.4'], ['libc.so.6', 'libc.so.6']], 'binary': '/p/vast1/build/spack/opt/spack/linux-rhel7-broadwell/gcc-10.2.1/caliper-2.1.1-473nbm74jby2tem47fzag2o3my7owv2j/bin/cali-stat', 'splice_type': 'same_lib', 'lib': '/p/vast1/build/spack/opt/spack/linux-rhel7-broadwell/gcc-10.2.1/papi-5.6.0-yfeidwvahfw26dfr2lij3gpklmlcwiwf/lib/libpapi.so.5.6.0.0', 'prediction': True}, {'missing': [], 'selected': [['libpfm.so.4.8.0', 'libpfm.so.4'], ['libc.so.6', 'libc.so.6']], 'binary': '/p/vast1/build/spack/opt/spack/linux-rhel7-broadwell/gcc-10.2.1/caliper-2.1.1-473nbm74jby2tem47fzag2o3my7owv2j/bin/cali-graph', 'splice_type': 'same_lib', 'lib': '/p/vast1/build/spack/opt/spack/linux-rhel7-broadwell/gcc-10.2.1/papi-5.6.0-yfeidwvahfw26dfr2lij3gpklmlcwiwf/lib/libpfm.so.4.8.0', 'prediction': True}, {'missing': [], 'selected': [['libpapi.so.5.6.0.0', 'libpapi.so.5'], ['libpfm.so.4', 'libpfm.so.4'], ['libc.so.6', 'libc.so.6']], 'binary': '/p/vast1/build/spack/opt/spack/linux-rhel7-broadwell/gcc-10.2.1/caliper-2.1.1-473nbm74jby2tem47fzag2o3my7owv2j/bin/cali-graph', 'splice_type': 'same_lib', 'lib': '/p/vast1/build/spack/opt/spack/linux-rhel7-broadwell/gcc-10.2.1/papi-5.6.0-yfeidwvahfw26dfr2lij3gpklmlcwiwf/lib/libpapi.so.5.6.0.0', 'prediction': True}], 'libabigail': [{'message': '', 'return_code': 0, 'binary': '/p/vast1/build/spack/opt/spack/linux-rhel7-broadwell/gcc-10.2.1/caliper-2.1.1-473nbm74jby2tem47fzag2o3my7owv2j/bin/cali-query', 'splice_type': 'same_lib', 'lib': '/p/vast1/build/spack/opt/spack/linux-rhel7-broadwell/gcc-10.2.1/papi-5.6.0-yfeidwvahfw26dfr2lij3gpklmlcwiwf/lib/libpfm.so.4.8.0', 'original_lib': '/p/vast1/build/spack/opt/spack/linux-rhel7-broadwell/gcc-10.2.1/papi-5.6.0-yfeidwvahfw26dfr2lij3gpklmlcwiwf/lib/libpfm.so.4.8.0', 'prediction': True}, {'message': '', 'return_code': 0, 'binary': '/p/vast1/build/spack/opt/spack/linux-rhel7-broadwell/gcc-10.2.1/caliper-2.1.1-473nbm74jby2tem47fzag2o3my7owv2j/bin/cali-query', 'splice_type': 'same_lib', 'lib': '/p/vast1/build/spack/opt/spack/linux-rhel7-broadwell/gcc-10.2.1/papi-5.6.0-yfeidwvahfw26dfr2lij3gpklmlcwiwf/lib/libpapi.so.5.6.0.0', 'original_lib': '/p/vast1/build/spack/opt/spack/linux-rhel7-broadwell/gcc-10.2.1/papi-5.6.0-yfeidwvahfw26dfr2lij3gpklmlcwiwf/lib/libpapi.so.5.6.0.0', 'prediction': True}, {'message': '', 'return_code': 0, 'binary': '/p/vast1/build/spack/opt/spack/linux-rhel7-broadwell/gcc-10.2.1/caliper-2.1.1-473nbm74jby2tem47fzag2o3my7owv2j/bin/cali-stat', 'splice_type': 'same_lib', 'lib': '/p/vast1/build/spack/opt/spack/linux-rhel7-broadwell/gcc-10.2.1/papi-5.6.0-yfeidwvahfw26dfr2lij3gpklmlcwiwf/lib/libpfm.so.4.8.0', 'original_lib': '/p/vast1/build/spack/opt/spack/linux-rhel7-broadwell/gcc-10.2.1/papi-5.6.0-yfeidwvahfw26dfr2lij3gpklmlcwiwf/lib/libpfm.so.4.8.0', 'prediction': True}, {'message': '', 'return_code': 0, 'binary': '/p/vast1/build/spack/opt/spack/linux-rhel7-broadwell/gcc-10.2.1/caliper-2.1.1-473nbm74jby2tem47fzag2o3my7owv2j/bin/cali-stat', 'splice_type': 'same_lib', 'lib': '/p/vast1/build/spack/opt/spack/linux-rhel7-broadwell/gcc-10.2.1/papi-5.6.0-yfeidwvahfw26dfr2lij3gpklmlcwiwf/lib/libpapi.so.5.6.0.0', 'original_lib': '/p/vast1/build/spack/opt/spack/linux-rhel7-broadwell/gcc-10.2.1/papi-5.6.0-yfeidwvahfw26dfr2lij3gpklmlcwiwf/lib/libpapi.so.5.6.0.0', 'prediction': True}, {'message': '', 'return_code': 0, 'binary': '/p/vast1/build/spack/opt/spack/linux-rhel7-broadwell/gcc-10.2.1/caliper-2.1.1-473nbm74jby2tem47fzag2o3my7owv2j/bin/cali-graph', 'splice_type': 'same_lib', 'lib': '/p/vast1/build/spack/opt/spack/linux-rhel7-broadwell/gcc-10.2.1/papi-5.6.0-yfeidwvahfw26dfr2lij3gpklmlcwiwf/lib/libpfm.so.4.8.0', 'original_lib': '/p/vast1/build/spack/opt/spack/linux-rhel7-broadwell/gcc-10.2.1/papi-5.6.0-yfeidwvahfw26dfr2lij3gpklmlcwiwf/lib/libpfm.so.4.8.0', 'prediction': True}, {'message': '', 'return_code': 0, 'binary': '/p/vast1/build/spack/opt/spack/linux-rhel7-broadwell/gcc-10.2.1/caliper-2.1.1-473nbm74jby2tem47fzag2o3my7owv2j/bin/cali-graph', 'splice_type': 'same_lib', 'lib': '/p/vast1/build/spack/opt/spack/linux-rhel7-broadwell/gcc-10.2.1/papi-5.6.0-yfeidwvahfw26dfr2lij3gpklmlcwiwf/lib/libpapi.so.5.6.0.0', 'original_lib': '/p/vast1/build/spack/opt/spack/linux-rhel7-broadwell/gcc-10.2.1/papi-5.6.0-yfeidwvahfw26dfr2lij3gpklmlcwiwf/lib/libpapi.so.5.6.0.0', 'prediction': True}]}
{'spack-test': [{'message': '==> Spack test rw6tozvpqlpk2yu2lthlm3ayfxrcownw\n==> Testing package caliper-2.1.1-b64fd6q\n============================= 1 passed of 1 specs ==============================\n', 'return_code': 0, 'prediction': True, 'command': '/p/vast1/build/spack/bin/spack test run /b64fd6'}], 'symbolator': [{'missing': [], 'selected': [['libpapi.so.5.5.1.0', 'libpapi.so.5'], ['libpfm.so.4', 'libpfm.so.4'], ['libc.so.6', 'libc.so.6']], 'binary': '/p/vast1/build/spack/opt/spack/linux-rhel7-broadwell/gcc-10.2.1/caliper-2.1.1-b64fd6qsdsfguj2j6v2o5c7pv6oymhaq/bin/cali-query', 'splice_type': 'same_lib', 'lib': '/p/vast1/build/spack/opt/spack/linux-rhel7-broadwell/gcc-10.2.1/papi-5.5.1-oftjkfk6fbmafoljfwixsidobx3ceuyb/lib/libpapi.so.5.5.1.0', 'prediction': True}, {'missing': [], 'selected': [['libpfm.so.4.8.0', 'libpfm.so.4'], ['libc.so.6', 'libc.so.6']], 'binary': '/p/vast1/build/spack/opt/spack/linux-rhel7-broadwell/gcc-10.2.1/caliper-2.1.1-b64fd6qsdsfguj2j6v2o5c7pv6oymhaq/bin/cali-query', 'splice_type': 'same_lib', 'lib': '/p/vast1/build/spack/opt/spack/linux-rhel7-broadwell/gcc-10.2.1/papi-5.5.1-oftjkfk6fbmafoljfwixsidobx3ceuyb/lib/libpfm.so.4.8.0', 'prediction': True}, {'missing': [], 'selected': [['libpapi.so.5.5.1.0', 'libpapi.so.5'], ['libpfm.so.4', 'libpfm.so.4'], ['libc.so.6', 'libc.so.6']], 'binary': '/p/vast1/build/spack/opt/spack/linux-rhel7-broadwell/gcc-10.2.1/caliper-2.1.1-b64fd6qsdsfguj2j6v2o5c7pv6oymhaq/bin/cali-stat', 'splice_type': 'same_lib', 'lib': '/p/vast1/build/spack/opt/spack/linux-rhel7-broadwell/gcc-10.2.1/papi-5.5.1-oftjkfk6fbmafoljfwixsidobx3ceuyb/lib/libpapi.so.5.5.1.0', 'prediction': True}, {'missing': [], 'selected': [['libpfm.so.4.8.0', 'libpfm.so.4'], ['libc.so.6', 'libc.so.6']], 'binary': '/p/vast1/build/spack/opt/spack/linux-rhel7-broadwell/gcc-10.2.1/caliper-2.1.1-b64fd6qsdsfguj2j6v2o5c7pv6oymhaq/bin/cali-stat', 'splice_type': 'same_lib', 'lib': '/p/vast1/build/spack/opt/spack/linux-rhel7-broadwell/gcc-10.2.1/papi-5.5.1-oftjkfk6fbmafoljfwixsidobx3ceuyb/lib/libpfm.so.4.8.0', 'prediction': True}, {'missing': [], 'selected': [['libpapi.so.5.5.1.0', 'libpapi.so.5'], ['libpfm.so.4', 'libpfm.so.4'], ['libc.so.6', 'libc.so.6']], 'binary': '/p/vast1/build/spack/opt/spack/linux-rhel7-broadwell/gcc-10.2.1/caliper-2.1.1-b64fd6qsdsfguj2j6v2o5c7pv6oymhaq/bin/cali-graph', 'splice_type': 'same_lib', 'lib': '/p/vast1/build/spack/opt/spack/linux-rhel7-broadwell/gcc-10.2.1/papi-5.5.1-oftjkfk6fbmafoljfwixsidobx3ceuyb/lib/libpapi.so.5.5.1.0', 'prediction': True}, {'missing': [], 'selected': [['libpfm.so.4.8.0', 'libpfm.so.4'], ['libc.so.6', 'libc.so.6']], 'binary': '/p/vast1/build/spack/opt/spack/linux-rhel7-broadwell/gcc-10.2.1/caliper-2.1.1-b64fd6qsdsfguj2j6v2o5c7pv6oymhaq/bin/cali-graph', 'splice_type': 'same_lib', 'lib': '/p/vast1/build/spack/opt/spack/linux-rhel7-broadwell/gcc-10.2.1/papi-5.5.1-oftjkfk6fbmafoljfwixsidobx3ceuyb/lib/libpfm.so.4.8.0', 'prediction': True}], 'libabigail': [{'message': '', 'return_code': 0, 'binary': '/p/vast1/build/spack/opt/spack/linux-rhel7-broadwell/gcc-10.2.1/caliper-2.1.1-b64fd6qsdsfguj2j6v2o5c7pv6oymhaq/bin/cali-query', 'splice_type': 'same_lib', 'lib': '/p/vast1/build/spack/opt/spack/linux-rhel7-broadwell/gcc-10.2.1/papi-5.5.1-oftjkfk6fbmafoljfwixsidobx3ceuyb/lib/libpapi.so.5.5.1.0', 'original_lib': '/p/vast1/build/spack/opt/spack/linux-rhel7-broadwell/gcc-10.2.1/papi-5.5.1-oftjkfk6fbmafoljfwixsidobx3ceuyb/lib/libpapi.so.5.5.1.0', 'prediction': True}, {'message': '', 'return_code': 0, 'binary': '/p/vast1/build/spack/opt/spack/linux-rhel7-broadwell/gcc-10.2.1/caliper-2.1.1-b64fd6qsdsfguj2j6v2o5c7pv6oymhaq/bin/cali-query', 'splice_type': 'same_lib', 'lib': '/p/vast1/build/spack/opt/spack/linux-rhel7-broadwell/gcc-10.2.1/papi-5.5.1-oftjkfk6fbmafoljfwixsidobx3ceuyb/lib/libpfm.so.4.8.0', 'original_lib': '/p/vast1/build/spack/opt/spack/linux-rhel7-broadwell/gcc-10.2.1/papi-5.5.1-oftjkfk6fbmafoljfwixsidobx3ceuyb/lib/libpfm.so.4.8.0', 'prediction': True}, {'message': '', 'return_code': 0, 'binary': '/p/vast1/build/spack/opt/spack/linux-rhel7-broadwell/gcc-10.2.1/caliper-2.1.1-b64fd6qsdsfguj2j6v2o5c7pv6oymhaq/bin/cali-stat', 'splice_type': 'same_lib', 'lib': '/p/vast1/build/spack/opt/spack/linux-rhel7-broadwell/gcc-10.2.1/papi-5.5.1-oftjkfk6fbmafoljfwixsidobx3ceuyb/lib/libpapi.so.5.5.1.0', 'original_lib': '/p/vast1/build/spack/opt/spack/linux-rhel7-broadwell/gcc-10.2.1/papi-5.5.1-oftjkfk6fbmafoljfwixsidobx3ceuyb/lib/libpapi.so.5.5.1.0', 'prediction': True}, {'message': '', 'return_code': 0, 'binary': '/p/vast1/build/spack/opt/spack/linux-rhel7-broadwell/gcc-10.2.1/caliper-2.1.1-b64fd6qsdsfguj2j6v2o5c7pv6oymhaq/bin/cali-stat', 'splice_type': 'same_lib', 'lib': '/p/vast1/build/spack/opt/spack/linux-rhel7-broadwell/gcc-10.2.1/papi-5.5.1-oftjkfk6fbmafoljfwixsidobx3ceuyb/lib/libpfm.so.4.8.0', 'original_lib': '/p/vast1/build/spack/opt/spack/linux-rhel7-broadwell/gcc-10.2.1/papi-5.5.1-oftjkfk6fbmafoljfwixsidobx3ceuyb/lib/libpfm.so.4.8.0', 'prediction': True}, {'message': '', 'return_code': 0, 'binary': '/p/vast1/build/spack/opt/spack/linux-rhel7-broadwell/gcc-10.2.1/caliper-2.1.1-b64fd6qsdsfguj2j6v2o5c7pv6oymhaq/bin/cali-graph', 'splice_type': 'same_lib', 'lib': '/p/vast1/build/spack/opt/spack/linux-rhel7-broadwell/gcc-10.2.1/papi-5.5.1-oftjkfk6fbmafoljfwixsidobx3ceuyb/lib/libpapi.so.5.5.1.0', 'original_lib': '/p/vast1/build/spack/opt/spack/linux-rhel7-broadwell/gcc-10.2.1/papi-5.5.1-oftjkfk6fbmafoljfwixsidobx3ceuyb/lib/libpapi.so.5.5.1.0', 'prediction': True}, {'message': '', 'return_code': 0, 'binary': '/p/vast1/build/spack/opt/spack/linux-rhel7-broadwell/gcc-10.2.1/caliper-2.1.1-b64fd6qsdsfguj2j6v2o5c7pv6oymhaq/bin/cali-graph', 'splice_type': 'same_lib', 'lib': '/p/vast1/build/spack/opt/spack/linux-rhel7-broadwell/gcc-10.2.1/papi-5.5.1-oftjkfk6fbmafoljfwixsidobx3ceuyb/lib/libpfm.so.4.8.0', 'original_lib': '/p/vast1/build/spack/opt/spack/linux-rhel7-broadwell/gcc-10.2.1/papi-5.5.1-oftjkfk6fbmafoljfwixsidobx3ceuyb/lib/libpfm.so.4.8.0', 'prediction': True}]}
{'spack-test': [{'message': '==> Spack test ngfmoc5cjcmqrnbcuwzkaimuo7l72mkm\n==> Testing package caliper-2.1.1-7gotugk\n============================= 1 passed of 1 specs ==============================\n', 'return_code': 0, 'prediction': True, 'command': '/p/vast1/build/spack/bin/spack test run /7gotug'}], 'symbolator': [{'missing': [], 'selected': [['libpapi.so.5.5.0.0', 'libpapi.so.5'], ['libpfm.so.4', 'libpfm.so.4'], ['libc.so.6', 'libc.so.6']], 'binary': '/p/vast1/build/spack/opt/spack/linux-rhel7-broadwell/gcc-10.2.1/caliper-2.1.1-7gotugkyzifjqojh24ypbljo2dqifoaf/bin/cali-stat', 'splice_type': 'same_lib', 'lib': '/p/vast1/build/spack/opt/spack/linux-rhel7-broadwell/gcc-10.2.1/papi-5.5.0-iikdtpxemnddp3xjyflwfpyfkmocdhqi/lib/libpapi.so.5.5.0.0', 'prediction': True}, {'missing': [], 'selected': [['libpfm.so.4.7.0', 'libpfm.so.4'], ['libc.so.6', 'libc.so.6']], 'binary': '/p/vast1/build/spack/opt/spack/linux-rhel7-broadwell/gcc-10.2.1/caliper-2.1.1-7gotugkyzifjqojh24ypbljo2dqifoaf/bin/cali-stat', 'splice_type': 'same_lib', 'lib': '/p/vast1/build/spack/opt/spack/linux-rhel7-broadwell/gcc-10.2.1/papi-5.5.0-iikdtpxemnddp3xjyflwfpyfkmocdhqi/lib/libpfm.so.4.7.0', 'prediction': True}, {'missing': [], 'selected': [['libpapi.so.5.5.0.0', 'libpapi.so.5'], ['libpfm.so.4', 'libpfm.so.4'], ['libc.so.6', 'libc.so.6']], 'binary': '/p/vast1/build/spack/opt/spack/linux-rhel7-broadwell/gcc-10.2.1/caliper-2.1.1-7gotugkyzifjqojh24ypbljo2dqifoaf/bin/cali-query', 'splice_type': 'same_lib', 'lib': '/p/vast1/build/spack/opt/spack/linux-rhel7-broadwell/gcc-10.2.1/papi-5.5.0-iikdtpxemnddp3xjyflwfpyfkmocdhqi/lib/libpapi.so.5.5.0.0', 'prediction': True}, {'missing': [], 'selected': [['libpfm.so.4.7.0', 'libpfm.so.4'], ['libc.so.6', 'libc.so.6']], 'binary': '/p/vast1/build/spack/opt/spack/linux-rhel7-broadwell/gcc-10.2.1/caliper-2.1.1-7gotugkyzifjqojh24ypbljo2dqifoaf/bin/cali-query', 'splice_type': 'same_lib', 'lib': '/p/vast1/build/spack/opt/spack/linux-rhel7-broadwell/gcc-10.2.1/papi-5.5.0-iikdtpxemnddp3xjyflwfpyfkmocdhqi/lib/libpfm.so.4.7.0', 'prediction': True}, {'missing': [], 'selected': [['libpapi.so.5.5.0.0', 'libpapi.so.5'], ['libpfm.so.4', 'libpfm.so.4'], ['libc.so.6', 'libc.so.6']], 'binary': '/p/vast1/build/spack/opt/spack/linux-rhel7-broadwell/gcc-10.2.1/caliper-2.1.1-7gotugkyzifjqojh24ypbljo2dqifoaf/bin/cali-graph', 'splice_type': 'same_lib', 'lib': '/p/vast1/build/spack/opt/spack/linux-rhel7-broadwell/gcc-10.2.1/papi-5.5.0-iikdtpxemnddp3xjyflwfpyfkmocdhqi/lib/libpapi.so.5.5.0.0', 'prediction': True}, {'missing': [], 'selected': [['libpfm.so.4.7.0', 'libpfm.so.4'], ['libc.so.6', 'libc.so.6']], 'binary': '/p/vast1/build/spack/opt/spack/linux-rhel7-broadwell/gcc-10.2.1/caliper-2.1.1-7gotugkyzifjqojh24ypbljo2dqifoaf/bin/cali-graph', 'splice_type': 'same_lib', 'lib': '/p/vast1/build/spack/opt/spack/linux-rhel7-broadwell/gcc-10.2.1/papi-5.5.0-iikdtpxemnddp3xjyflwfpyfkmocdhqi/lib/libpfm.so.4.7.0', 'prediction': True}], 'libabigail': [{'message': '', 'return_code': 0, 'binary': '/p/vast1/build/spack/opt/spack/linux-rhel7-broadwell/gcc-10.2.1/caliper-2.1.1-7gotugkyzifjqojh24ypbljo2dqifoaf/bin/cali-stat', 'splice_type': 'same_lib', 'lib': '/p/vast1/build/spack/opt/spack/linux-rhel7-broadwell/gcc-10.2.1/papi-5.5.0-iikdtpxemnddp3xjyflwfpyfkmocdhqi/lib/libpapi.so.5.5.0.0', 'original_lib': '/p/vast1/build/spack/opt/spack/linux-rhel7-broadwell/gcc-10.2.1/papi-5.5.0-iikdtpxemnddp3xjyflwfpyfkmocdhqi/lib/libpapi.so.5.5.0.0', 'prediction': True}, {'message': '', 'return_code': 0, 'binary': '/p/vast1/build/spack/opt/spack/linux-rhel7-broadwell/gcc-10.2.1/caliper-2.1.1-7gotugkyzifjqojh24ypbljo2dqifoaf/bin/cali-stat', 'splice_type': 'same_lib', 'lib': '/p/vast1/build/spack/opt/spack/linux-rhel7-broadwell/gcc-10.2.1/papi-5.5.0-iikdtpxemnddp3xjyflwfpyfkmocdhqi/lib/libpfm.so.4.7.0', 'original_lib': '/p/vast1/build/spack/opt/spack/linux-rhel7-broadwell/gcc-10.2.1/papi-5.5.0-iikdtpxemnddp3xjyflwfpyfkmocdhqi/lib/libpfm.so.4.7.0', 'prediction': True}, {'message': '', 'return_code': 0, 'binary': '/p/vast1/build/spack/opt/spack/linux-rhel7-broadwell/gcc-10.2.1/caliper-2.1.1-7gotugkyzifjqojh24ypbljo2dqifoaf/bin/cali-query', 'splice_type': 'same_lib', 'lib': '/p/vast1/build/spack/opt/spack/linux-rhel7-broadwell/gcc-10.2.1/papi-5.5.0-iikdtpxemnddp3xjyflwfpyfkmocdhqi/lib/libpapi.so.5.5.0.0', 'original_lib': '/p/vast1/build/spack/opt/spack/linux-rhel7-broadwell/gcc-10.2.1/papi-5.5.0-iikdtpxemnddp3xjyflwfpyfkmocdhqi/lib/libpapi.so.5.5.0.0', 'prediction': True}, {'message': '', 'return_code': 0, 'binary': '/p/vast1/build/spack/opt/spack/linux-rhel7-broadwell/gcc-10.2.1/caliper-2.1.1-7gotugkyzifjqojh24ypbljo2dqifoaf/bin/cali-query', 'splice_type': 'same_lib', 'lib': '/p/vast1/build/spack/opt/spack/linux-rhel7-broadwell/gcc-10.2.1/papi-5.5.0-iikdtpxemnddp3xjyflwfpyfkmocdhqi/lib/libpfm.so.4.7.0', 'original_lib': '/p/vast1/build/spack/opt/spack/linux-rhel7-broadwell/gcc-10.2.1/papi-5.5.0-iikdtpxemnddp3xjyflwfpyfkmocdhqi/lib/libpfm.so.4.7.0', 'prediction': True}, {'message': '', 'return_code': 0, 'binary': '/p/vast1/build/spack/opt/spack/linux-rhel7-broadwell/gcc-10.2.1/caliper-2.1.1-7gotugkyzifjqojh24ypbljo2dqifoaf/bin/cali-graph', 'splice_type': 'same_lib', 'lib': '/p/vast1/build/spack/opt/spack/linux-rhel7-broadwell/gcc-10.2.1/papi-5.5.0-iikdtpxemnddp3xjyflwfpyfkmocdhqi/lib/libpapi.so.5.5.0.0', 'original_lib': '/p/vast1/build/spack/opt/spack/linux-rhel7-broadwell/gcc-10.2.1/papi-5.5.0-iikdtpxemnddp3xjyflwfpyfkmocdhqi/lib/libpapi.so.5.5.0.0', 'prediction': True}, {'message': '', 'return_code': 0, 'binary': '/p/vast1/build/spack/opt/spack/linux-rhel7-broadwell/gcc-10.2.1/caliper-2.1.1-7gotugkyzifjqojh24ypbljo2dqifoaf/bin/cali-graph', 'splice_type': 'same_lib', 'lib': '/p/vast1/build/spack/opt/spack/linux-rhel7-broadwell/gcc-10.2.1/papi-5.5.0-iikdtpxemnddp3xjyflwfpyfkmocdhqi/lib/libpfm.so.4.7.0', 'original_lib': '/p/vast1/build/spack/opt/spack/linux-rhel7-broadwell/gcc-10.2.1/papi-5.5.0-iikdtpxemnddp3xjyflwfpyfkmocdhqi/lib/libpfm.so.4.7.0', 'prediction': True}]}
ELF file '/p/vast1/build/spack/opt/spack/linux-rhel7-broadwell/gcc-10.2.1/caliper-2.1.1-ny7zfepwvvaofze7ihgefled2eyblom4/bin/cali-stat' is not ABI compatible with '/p/vast1/build/spack/opt/spack/linux-rhel7-broadwell/gcc-10.2.1/papi-5.4.3-w5r7qvwbpvuesj34rgexmqys2tyo6x65/lib/libpapi.so.5.4.3.0' due to differences with '/p/vast1/build/spack/opt/spack/linux-rhel7-broadwell/gcc-10.2.1/papi-5.7.0-czqjpcgj4yn6asmfyx256u6gqjavqqlu/lib/libpapi.so.5.7.0.0' below:
ELF SONAME changed
Functions changes summary: 0 Removed, 0 Changed, 0 Added function
Variables changes summary: 0 Removed, 0 Changed, 0 Added variable

SONAME changed from 'libpapi.so.5' to 'libpapi.so.5.4.3.0'


ELF file '/p/vast1/build/spack/opt/spack/linux-rhel7-broadwell/gcc-10.2.1/caliper-2.1.1-ny7zfepwvvaofze7ihgefled2eyblom4/bin/cali-query' is not ABI compatible with '/p/vast1/build/spack/opt/spack/linux-rhel7-broadwell/gcc-10.2.1/papi-5.4.3-w5r7qvwbpvuesj34rgexmqys2tyo6x65/lib/libpapi.so.5.4.3.0' due to differences with '/p/vast1/build/spack/opt/spack/linux-rhel7-broadwell/gcc-10.2.1/papi-5.7.0-czqjpcgj4yn6asmfyx256u6gqjavqqlu/lib/libpapi.so.5.7.0.0' below:
ELF SONAME changed
Functions changes summary: 0 Removed, 0 Changed, 0 Added function
Variables changes summary: 0 Removed, 0 Changed, 0 Added (26 filtered out) variables

SONAME changed from 'libpapi.so.5' to 'libpapi.so.5.4.3.0'


ELF file '/p/vast1/build/spack/opt/spack/linux-rhel7-broadwell/gcc-10.2.1/caliper-2.1.1-ny7zfepwvvaofze7ihgefled2eyblom4/bin/cali-graph' is not ABI compatible with '/p/vast1/build/spack/opt/spack/linux-rhel7-broadwell/gcc-10.2.1/papi-5.4.3-w5r7qvwbpvuesj34rgexmqys2tyo6x65/lib/libpapi.so.5.4.3.0' due to differences with '/p/vast1/build/spack/opt/spack/linux-rhel7-broadwell/gcc-10.2.1/papi-5.7.0-czqjpcgj4yn6asmfyx256u6gqjavqqlu/lib/libpapi.so.5.7.0.0' below:
ELF SONAME changed
Functions changes summary: 0 Removed, 0 Changed, 0 Added function
Variables changes summary: 0 Removed, 0 Changed, 0 Added (26 filtered out) variables

SONAME changed from 'libpapi.so.5' to 'libpapi.so.5.4.3.0'


{'spack-test': [{'message': '==> Spack test w4v5kebzbnej6iwk7ks4cdwwy2keznai\n==> Testing package caliper-2.1.1-ny7zfep\n============================= 1 passed of 1 specs ==============================\n', 'return_code': 0, 'prediction': True, 'command': '/p/vast1/build/spack/bin/spack test run /ny7zfe'}], 'symbolator': [{'missing': [], 'selected': [['libpapi.so.5.4.3.0', 'libpapi.so.5'], ['libpfm.so.4', 'libpfm.so.4'], ['libc.so.6', 'libc.so.6']], 'binary': '/p/vast1/build/spack/opt/spack/linux-rhel7-broadwell/gcc-10.2.1/caliper-2.1.1-ny7zfepwvvaofze7ihgefled2eyblom4/bin/cali-stat', 'splice_type': 'same_lib', 'lib': '/p/vast1/build/spack/opt/spack/linux-rhel7-broadwell/gcc-10.2.1/papi-5.4.3-w5r7qvwbpvuesj34rgexmqys2tyo6x65/lib/libpapi.so.5.4.3.0', 'prediction': True}, {'missing': [], 'selected': [['libpfm.so.4.6.0', 'libpfm.so.4'], ['libc.so.6', 'libc.so.6']], 'binary': '/p/vast1/build/spack/opt/spack/linux-rhel7-broadwell/gcc-10.2.1/caliper-2.1.1-ny7zfepwvvaofze7ihgefled2eyblom4/bin/cali-stat', 'splice_type': 'same_lib', 'lib': '/p/vast1/build/spack/opt/spack/linux-rhel7-broadwell/gcc-10.2.1/papi-5.4.3-w5r7qvwbpvuesj34rgexmqys2tyo6x65/lib/libpfm.so.4.6.0', 'prediction': True}, {'missing': [], 'selected': [['libpapi.so.5.4.3.0', 'libpapi.so.5'], ['libpfm.so.4', 'libpfm.so.4'], ['libc.so.6', 'libc.so.6']], 'binary': '/p/vast1/build/spack/opt/spack/linux-rhel7-broadwell/gcc-10.2.1/caliper-2.1.1-ny7zfepwvvaofze7ihgefled2eyblom4/bin/cali-query', 'splice_type': 'same_lib', 'lib': '/p/vast1/build/spack/opt/spack/linux-rhel7-broadwell/gcc-10.2.1/papi-5.4.3-w5r7qvwbpvuesj34rgexmqys2tyo6x65/lib/libpapi.so.5.4.3.0', 'prediction': True}, {'missing': [], 'selected': [['libpfm.so.4.6.0', 'libpfm.so.4'], ['libc.so.6', 'libc.so.6']], 'binary': '/p/vast1/build/spack/opt/spack/linux-rhel7-broadwell/gcc-10.2.1/caliper-2.1.1-ny7zfepwvvaofze7ihgefled2eyblom4/bin/cali-query', 'splice_type': 'same_lib', 'lib': '/p/vast1/build/spack/opt/spack/linux-rhel7-broadwell/gcc-10.2.1/papi-5.4.3-w5r7qvwbpvuesj34rgexmqys2tyo6x65/lib/libpfm.so.4.6.0', 'prediction': True}, {'missing': [], 'selected': [['libpapi.so.5.4.3.0', 'libpapi.so.5'], ['libpfm.so.4', 'libpfm.so.4'], ['libc.so.6', 'libc.so.6']], 'binary': '/p/vast1/build/spack/opt/spack/linux-rhel7-broadwell/gcc-10.2.1/caliper-2.1.1-ny7zfepwvvaofze7ihgefled2eyblom4/bin/cali-graph', 'splice_type': 'same_lib', 'lib': '/p/vast1/build/spack/opt/spack/linux-rhel7-broadwell/gcc-10.2.1/papi-5.4.3-w5r7qvwbpvuesj34rgexmqys2tyo6x65/lib/libpapi.so.5.4.3.0', 'prediction': True}, {'missing': [], 'selected': [['libpfm.so.4.6.0', 'libpfm.so.4'], ['libc.so.6', 'libc.so.6']], 'binary': '/p/vast1/build/spack/opt/spack/linux-rhel7-broadwell/gcc-10.2.1/caliper-2.1.1-ny7zfepwvvaofze7ihgefled2eyblom4/bin/cali-graph', 'splice_type': 'same_lib', 'lib': '/p/vast1/build/spack/opt/spack/linux-rhel7-broadwell/gcc-10.2.1/papi-5.4.3-w5r7qvwbpvuesj34rgexmqys2tyo6x65/lib/libpfm.so.4.6.0', 'prediction': True}], 'libabigail': [{'message': "ELF file '/p/vast1/build/spack/opt/spack/linux-rhel7-broadwell/gcc-10.2.1/caliper-2.1.1-ny7zfepwvvaofze7ihgefled2eyblom4/bin/cali-stat' is not ABI compatible with '/p/vast1/build/spack/opt/spack/linux-rhel7-broadwell/gcc-10.2.1/papi-5.4.3-w5r7qvwbpvuesj34rgexmqys2tyo6x65/lib/libpapi.so.5.4.3.0' due to differences with '/p/vast1/build/spack/opt/spack/linux-rhel7-broadwell/gcc-10.2.1/papi-5.7.0-czqjpcgj4yn6asmfyx256u6gqjavqqlu/lib/libpapi.so.5.7.0.0' below:\nELF SONAME changed\nFunctions changes summary: 0 Removed, 0 Changed, 0 Added function\nVariables changes summary: 0 Removed, 0 Changed, 0 Added variable\n\nSONAME changed from 'libpapi.so.5' to 'libpapi.so.5.4.3.0'\n\n", 'return_code': 12, 'binary': '/p/vast1/build/spack/opt/spack/linux-rhel7-broadwell/gcc-10.2.1/caliper-2.1.1-ny7zfepwvvaofze7ihgefled2eyblom4/bin/cali-stat', 'splice_type': 'same_lib', 'lib': '/p/vast1/build/spack/opt/spack/linux-rhel7-broadwell/gcc-10.2.1/papi-5.4.3-w5r7qvwbpvuesj34rgexmqys2tyo6x65/lib/libpapi.so.5.4.3.0', 'original_lib': '/p/vast1/build/spack/opt/spack/linux-rhel7-broadwell/gcc-10.2.1/papi-5.4.3-w5r7qvwbpvuesj34rgexmqys2tyo6x65/lib/libpapi.so.5.4.3.0', 'prediction': False}, {'message': '', 'return_code': 0, 'binary': '/p/vast1/build/spack/opt/spack/linux-rhel7-broadwell/gcc-10.2.1/caliper-2.1.1-ny7zfepwvvaofze7ihgefled2eyblom4/bin/cali-stat', 'splice_type': 'same_lib', 'lib': '/p/vast1/build/spack/opt/spack/linux-rhel7-broadwell/gcc-10.2.1/papi-5.4.3-w5r7qvwbpvuesj34rgexmqys2tyo6x65/lib/libpfm.so.4.6.0', 'original_lib': '/p/vast1/build/spack/opt/spack/linux-rhel7-broadwell/gcc-10.2.1/papi-5.4.3-w5r7qvwbpvuesj34rgexmqys2tyo6x65/lib/libpfm.so.4.6.0', 'prediction': True}, {'message': "ELF file '/p/vast1/build/spack/opt/spack/linux-rhel7-broadwell/gcc-10.2.1/caliper-2.1.1-ny7zfepwvvaofze7ihgefled2eyblom4/bin/cali-query' is not ABI compatible with '/p/vast1/build/spack/opt/spack/linux-rhel7-broadwell/gcc-10.2.1/papi-5.4.3-w5r7qvwbpvuesj34rgexmqys2tyo6x65/lib/libpapi.so.5.4.3.0' due to differences with '/p/vast1/build/spack/opt/spack/linux-rhel7-broadwell/gcc-10.2.1/papi-5.7.0-czqjpcgj4yn6asmfyx256u6gqjavqqlu/lib/libpapi.so.5.7.0.0' below:\nELF SONAME changed\nFunctions changes summary: 0 Removed, 0 Changed, 0 Added function\nVariables changes summary: 0 Removed, 0 Changed, 0 Added (26 filtered out) variables\n\nSONAME changed from 'libpapi.so.5' to 'libpapi.so.5.4.3.0'\n\n", 'return_code': 12, 'binary': '/p/vast1/build/spack/opt/spack/linux-rhel7-broadwell/gcc-10.2.1/caliper-2.1.1-ny7zfepwvvaofze7ihgefled2eyblom4/bin/cali-query', 'splice_type': 'same_lib', 'lib': '/p/vast1/build/spack/opt/spack/linux-rhel7-broadwell/gcc-10.2.1/papi-5.4.3-w5r7qvwbpvuesj34rgexmqys2tyo6x65/lib/libpapi.so.5.4.3.0', 'original_lib': '/p/vast1/build/spack/opt/spack/linux-rhel7-broadwell/gcc-10.2.1/papi-5.4.3-w5r7qvwbpvuesj34rgexmqys2tyo6x65/lib/libpapi.so.5.4.3.0', 'prediction': False}, {'message': '', 'return_code': 0, 'binary': '/p/vast1/build/spack/opt/spack/linux-rhel7-broadwell/gcc-10.2.1/caliper-2.1.1-ny7zfepwvvaofze7ihgefled2eyblom4/bin/cali-query', 'splice_type': 'same_lib', 'lib': '/p/vast1/build/spack/opt/spack/linux-rhel7-broadwell/gcc-10.2.1/papi-5.4.3-w5r7qvwbpvuesj34rgexmqys2tyo6x65/lib/libpfm.so.4.6.0', 'original_lib': '/p/vast1/build/spack/opt/spack/linux-rhel7-broadwell/gcc-10.2.1/papi-5.4.3-w5r7qvwbpvuesj34rgexmqys2tyo6x65/lib/libpfm.so.4.6.0', 'prediction': True}, {'message': "ELF file '/p/vast1/build/spack/opt/spack/linux-rhel7-broadwell/gcc-10.2.1/caliper-2.1.1-ny7zfepwvvaofze7ihgefled2eyblom4/bin/cali-graph' is not ABI compatible with '/p/vast1/build/spack/opt/spack/linux-rhel7-broadwell/gcc-10.2.1/papi-5.4.3-w5r7qvwbpvuesj34rgexmqys2tyo6x65/lib/libpapi.so.5.4.3.0' due to differences with '/p/vast1/build/spack/opt/spack/linux-rhel7-broadwell/gcc-10.2.1/papi-5.7.0-czqjpcgj4yn6asmfyx256u6gqjavqqlu/lib/libpapi.so.5.7.0.0' below:\nELF SONAME changed\nFunctions changes summary: 0 Removed, 0 Changed, 0 Added function\nVariables changes summary: 0 Removed, 0 Changed, 0 Added (26 filtered out) variables\n\nSONAME changed from 'libpapi.so.5' to 'libpapi.so.5.4.3.0'\n\n", 'return_code': 12, 'binary': '/p/vast1/build/spack/opt/spack/linux-rhel7-broadwell/gcc-10.2.1/caliper-2.1.1-ny7zfepwvvaofze7ihgefled2eyblom4/bin/cali-graph', 'splice_type': 'same_lib', 'lib': '/p/vast1/build/spack/opt/spack/linux-rhel7-broadwell/gcc-10.2.1/papi-5.4.3-w5r7qvwbpvuesj34rgexmqys2tyo6x65/lib/libpapi.so.5.4.3.0', 'original_lib': '/p/vast1/build/spack/opt/spack/linux-rhel7-broadwell/gcc-10.2.1/papi-5.4.3-w5r7qvwbpvuesj34rgexmqys2tyo6x65/lib/libpapi.so.5.4.3.0', 'prediction': False}, {'message': '', 'return_code': 0, 'binary': '/p/vast1/build/spack/opt/spack/linux-rhel7-broadwell/gcc-10.2.1/caliper-2.1.1-ny7zfepwvvaofze7ihgefled2eyblom4/bin/cali-graph', 'splice_type': 'same_lib', 'lib': '/p/vast1/build/spack/opt/spack/linux-rhel7-broadwell/gcc-10.2.1/papi-5.4.3-w5r7qvwbpvuesj34rgexmqys2tyo6x65/lib/libpfm.so.4.6.0', 'original_lib': '/p/vast1/build/spack/opt/spack/linux-rhel7-broadwell/gcc-10.2.1/papi-5.4.3-w5r7qvwbpvuesj34rgexmqys2tyo6x65/lib/libpfm.so.4.6.0', 'prediction': True}]}
ELF file '/p/vast1/build/spack/opt/spack/linux-rhel7-broadwell/gcc-10.2.1/caliper-2.1.1-2afcyifj4csfdalwb27m6ivsdzip2fyn/bin/cali-graph' is not ABI compatible with '/p/vast1/build/spack/opt/spack/linux-rhel7-broadwell/gcc-10.2.1/papi-5.4.1-mn3gdokcjt3kyvgnywiq5ryqqbywc4cd/lib/libpapi.so.5.4.1.0' due to differences with '/p/vast1/build/spack/opt/spack/linux-rhel7-broadwell/gcc-10.2.1/papi-5.7.0-czqjpcgj4yn6asmfyx256u6gqjavqqlu/lib/libpapi.so.5.7.0.0' below:
ELF SONAME changed
Functions changes summary: 0 Removed, 0 Changed, 0 Added function
Variables changes summary: 0 Removed, 0 Changed, 0 Added (26 filtered out) variables

SONAME changed from 'libpapi.so.5' to 'libpapi.so.5.4.1.0'


ELF file '/p/vast1/build/spack/opt/spack/linux-rhel7-broadwell/gcc-10.2.1/caliper-2.1.1-2afcyifj4csfdalwb27m6ivsdzip2fyn/bin/cali-stat' is not ABI compatible with '/p/vast1/build/spack/opt/spack/linux-rhel7-broadwell/gcc-10.2.1/papi-5.4.1-mn3gdokcjt3kyvgnywiq5ryqqbywc4cd/lib/libpapi.so.5.4.1.0' due to differences with '/p/vast1/build/spack/opt/spack/linux-rhel7-broadwell/gcc-10.2.1/papi-5.7.0-czqjpcgj4yn6asmfyx256u6gqjavqqlu/lib/libpapi.so.5.7.0.0' below:
ELF SONAME changed
Functions changes summary: 0 Removed, 0 Changed, 0 Added function
Variables changes summary: 0 Removed, 0 Changed, 0 Added variable

SONAME changed from 'libpapi.so.5' to 'libpapi.so.5.4.1.0'


ELF file '/p/vast1/build/spack/opt/spack/linux-rhel7-broadwell/gcc-10.2.1/caliper-2.1.1-2afcyifj4csfdalwb27m6ivsdzip2fyn/bin/cali-query' is not ABI compatible with '/p/vast1/build/spack/opt/spack/linux-rhel7-broadwell/gcc-10.2.1/papi-5.4.1-mn3gdokcjt3kyvgnywiq5ryqqbywc4cd/lib/libpapi.so.5.4.1.0' due to differences with '/p/vast1/build/spack/opt/spack/linux-rhel7-broadwell/gcc-10.2.1/papi-5.7.0-czqjpcgj4yn6asmfyx256u6gqjavqqlu/lib/libpapi.so.5.7.0.0' below:
ELF SONAME changed
Functions changes summary: 0 Removed, 0 Changed, 0 Added function
Variables changes summary: 0 Removed, 0 Changed, 0 Added (26 filtered out) variables

SONAME changed from 'libpapi.so.5' to 'libpapi.so.5.4.1.0'


{'spack-test': [{'message': '==> Spack test dsapudf7jp7jsdplk6owg24tgfyyfh2y\n==> Testing package caliper-2.1.1-2afcyif\n============================= 1 passed of 1 specs ==============================\n', 'return_code': 0, 'prediction': True, 'command': '/p/vast1/build/spack/bin/spack test run /2afcyi'}], 'symbolator': [{'missing': [], 'selected': [['libpfm.so.4.6.0', 'libpfm.so.4'], ['libc.so.6', 'libc.so.6']], 'binary': '/p/vast1/build/spack/opt/spack/linux-rhel7-broadwell/gcc-10.2.1/caliper-2.1.1-2afcyifj4csfdalwb27m6ivsdzip2fyn/bin/cali-graph', 'splice_type': 'same_lib', 'lib': '/p/vast1/build/spack/opt/spack/linux-rhel7-broadwell/gcc-10.2.1/papi-5.4.1-mn3gdokcjt3kyvgnywiq5ryqqbywc4cd/lib/libpfm.so.4.6.0', 'prediction': True}, {'missing': [], 'selected': [['libpapi.so.5.4.1.0', 'libpapi.so.5'], ['libpfm.so.4', 'libpfm.so.4'], ['libc.so.6', 'libc.so.6']], 'binary': '/p/vast1/build/spack/opt/spack/linux-rhel7-broadwell/gcc-10.2.1/caliper-2.1.1-2afcyifj4csfdalwb27m6ivsdzip2fyn/bin/cali-graph', 'splice_type': 'same_lib', 'lib': '/p/vast1/build/spack/opt/spack/linux-rhel7-broadwell/gcc-10.2.1/papi-5.4.1-mn3gdokcjt3kyvgnywiq5ryqqbywc4cd/lib/libpapi.so.5.4.1.0', 'prediction': True}, {'missing': [], 'selected': [['libpfm.so.4.6.0', 'libpfm.so.4'], ['libc.so.6', 'libc.so.6']], 'binary': '/p/vast1/build/spack/opt/spack/linux-rhel7-broadwell/gcc-10.2.1/caliper-2.1.1-2afcyifj4csfdalwb27m6ivsdzip2fyn/bin/cali-stat', 'splice_type': 'same_lib', 'lib': '/p/vast1/build/spack/opt/spack/linux-rhel7-broadwell/gcc-10.2.1/papi-5.4.1-mn3gdokcjt3kyvgnywiq5ryqqbywc4cd/lib/libpfm.so.4.6.0', 'prediction': True}, {'missing': [], 'selected': [['libpapi.so.5.4.1.0', 'libpapi.so.5'], ['libpfm.so.4', 'libpfm.so.4'], ['libc.so.6', 'libc.so.6']], 'binary': '/p/vast1/build/spack/opt/spack/linux-rhel7-broadwell/gcc-10.2.1/caliper-2.1.1-2afcyifj4csfdalwb27m6ivsdzip2fyn/bin/cali-stat', 'splice_type': 'same_lib', 'lib': '/p/vast1/build/spack/opt/spack/linux-rhel7-broadwell/gcc-10.2.1/papi-5.4.1-mn3gdokcjt3kyvgnywiq5ryqqbywc4cd/lib/libpapi.so.5.4.1.0', 'prediction': True}, {'missing': [], 'selected': [['libpfm.so.4.6.0', 'libpfm.so.4'], ['libc.so.6', 'libc.so.6']], 'binary': '/p/vast1/build/spack/opt/spack/linux-rhel7-broadwell/gcc-10.2.1/caliper-2.1.1-2afcyifj4csfdalwb27m6ivsdzip2fyn/bin/cali-query', 'splice_type': 'same_lib', 'lib': '/p/vast1/build/spack/opt/spack/linux-rhel7-broadwell/gcc-10.2.1/papi-5.4.1-mn3gdokcjt3kyvgnywiq5ryqqbywc4cd/lib/libpfm.so.4.6.0', 'prediction': True}, {'missing': [], 'selected': [['libpapi.so.5.4.1.0', 'libpapi.so.5'], ['libpfm.so.4', 'libpfm.so.4'], ['libc.so.6', 'libc.so.6']], 'binary': '/p/vast1/build/spack/opt/spack/linux-rhel7-broadwell/gcc-10.2.1/caliper-2.1.1-2afcyifj4csfdalwb27m6ivsdzip2fyn/bin/cali-query', 'splice_type': 'same_lib', 'lib': '/p/vast1/build/spack/opt/spack/linux-rhel7-broadwell/gcc-10.2.1/papi-5.4.1-mn3gdokcjt3kyvgnywiq5ryqqbywc4cd/lib/libpapi.so.5.4.1.0', 'prediction': True}], 'libabigail': [{'message': '', 'return_code': 0, 'binary': '/p/vast1/build/spack/opt/spack/linux-rhel7-broadwell/gcc-10.2.1/caliper-2.1.1-2afcyifj4csfdalwb27m6ivsdzip2fyn/bin/cali-graph', 'splice_type': 'same_lib', 'lib': '/p/vast1/build/spack/opt/spack/linux-rhel7-broadwell/gcc-10.2.1/papi-5.4.1-mn3gdokcjt3kyvgnywiq5ryqqbywc4cd/lib/libpfm.so.4.6.0', 'original_lib': '/p/vast1/build/spack/opt/spack/linux-rhel7-broadwell/gcc-10.2.1/papi-5.4.1-mn3gdokcjt3kyvgnywiq5ryqqbywc4cd/lib/libpfm.so.4.6.0', 'prediction': True}, {'message': "ELF file '/p/vast1/build/spack/opt/spack/linux-rhel7-broadwell/gcc-10.2.1/caliper-2.1.1-2afcyifj4csfdalwb27m6ivsdzip2fyn/bin/cali-graph' is not ABI compatible with '/p/vast1/build/spack/opt/spack/linux-rhel7-broadwell/gcc-10.2.1/papi-5.4.1-mn3gdokcjt3kyvgnywiq5ryqqbywc4cd/lib/libpapi.so.5.4.1.0' due to differences with '/p/vast1/build/spack/opt/spack/linux-rhel7-broadwell/gcc-10.2.1/papi-5.7.0-czqjpcgj4yn6asmfyx256u6gqjavqqlu/lib/libpapi.so.5.7.0.0' below:\nELF SONAME changed\nFunctions changes summary: 0 Removed, 0 Changed, 0 Added function\nVariables changes summary: 0 Removed, 0 Changed, 0 Added (26 filtered out) variables\n\nSONAME changed from 'libpapi.so.5' to 'libpapi.so.5.4.1.0'\n\n", 'return_code': 12, 'binary': '/p/vast1/build/spack/opt/spack/linux-rhel7-broadwell/gcc-10.2.1/caliper-2.1.1-2afcyifj4csfdalwb27m6ivsdzip2fyn/bin/cali-graph', 'splice_type': 'same_lib', 'lib': '/p/vast1/build/spack/opt/spack/linux-rhel7-broadwell/gcc-10.2.1/papi-5.4.1-mn3gdokcjt3kyvgnywiq5ryqqbywc4cd/lib/libpapi.so.5.4.1.0', 'original_lib': '/p/vast1/build/spack/opt/spack/linux-rhel7-broadwell/gcc-10.2.1/papi-5.4.1-mn3gdokcjt3kyvgnywiq5ryqqbywc4cd/lib/libpapi.so.5.4.1.0', 'prediction': False}, {'message': '', 'return_code': 0, 'binary': '/p/vast1/build/spack/opt/spack/linux-rhel7-broadwell/gcc-10.2.1/caliper-2.1.1-2afcyifj4csfdalwb27m6ivsdzip2fyn/bin/cali-stat', 'splice_type': 'same_lib', 'lib': '/p/vast1/build/spack/opt/spack/linux-rhel7-broadwell/gcc-10.2.1/papi-5.4.1-mn3gdokcjt3kyvgnywiq5ryqqbywc4cd/lib/libpfm.so.4.6.0', 'original_lib': '/p/vast1/build/spack/opt/spack/linux-rhel7-broadwell/gcc-10.2.1/papi-5.4.1-mn3gdokcjt3kyvgnywiq5ryqqbywc4cd/lib/libpfm.so.4.6.0', 'prediction': True}, {'message': "ELF file '/p/vast1/build/spack/opt/spack/linux-rhel7-broadwell/gcc-10.2.1/caliper-2.1.1-2afcyifj4csfdalwb27m6ivsdzip2fyn/bin/cali-stat' is not ABI compatible with '/p/vast1/build/spack/opt/spack/linux-rhel7-broadwell/gcc-10.2.1/papi-5.4.1-mn3gdokcjt3kyvgnywiq5ryqqbywc4cd/lib/libpapi.so.5.4.1.0' due to differences with '/p/vast1/build/spack/opt/spack/linux-rhel7-broadwell/gcc-10.2.1/papi-5.7.0-czqjpcgj4yn6asmfyx256u6gqjavqqlu/lib/libpapi.so.5.7.0.0' below:\nELF SONAME changed\nFunctions changes summary: 0 Removed, 0 Changed, 0 Added function\nVariables changes summary: 0 Removed, 0 Changed, 0 Added variable\n\nSONAME changed from 'libpapi.so.5' to 'libpapi.so.5.4.1.0'\n\n", 'return_code': 12, 'binary': '/p/vast1/build/spack/opt/spack/linux-rhel7-broadwell/gcc-10.2.1/caliper-2.1.1-2afcyifj4csfdalwb27m6ivsdzip2fyn/bin/cali-stat', 'splice_type': 'same_lib', 'lib': '/p/vast1/build/spack/opt/spack/linux-rhel7-broadwell/gcc-10.2.1/papi-5.4.1-mn3gdokcjt3kyvgnywiq5ryqqbywc4cd/lib/libpapi.so.5.4.1.0', 'original_lib': '/p/vast1/build/spack/opt/spack/linux-rhel7-broadwell/gcc-10.2.1/papi-5.4.1-mn3gdokcjt3kyvgnywiq5ryqqbywc4cd/lib/libpapi.so.5.4.1.0', 'prediction': False}, {'message': '', 'return_code': 0, 'binary': '/p/vast1/build/spack/opt/spack/linux-rhel7-broadwell/gcc-10.2.1/caliper-2.1.1-2afcyifj4csfdalwb27m6ivsdzip2fyn/bin/cali-query', 'splice_type': 'same_lib', 'lib': '/p/vast1/build/spack/opt/spack/linux-rhel7-broadwell/gcc-10.2.1/papi-5.4.1-mn3gdokcjt3kyvgnywiq5ryqqbywc4cd/lib/libpfm.so.4.6.0', 'original_lib': '/p/vast1/build/spack/opt/spack/linux-rhel7-broadwell/gcc-10.2.1/papi-5.4.1-mn3gdokcjt3kyvgnywiq5ryqqbywc4cd/lib/libpfm.so.4.6.0', 'prediction': True}, {'message': "ELF file '/p/vast1/build/spack/opt/spack/linux-rhel7-broadwell/gcc-10.2.1/caliper-2.1.1-2afcyifj4csfdalwb27m6ivsdzip2fyn/bin/cali-query' is not ABI compatible with '/p/vast1/build/spack/opt/spack/linux-rhel7-broadwell/gcc-10.2.1/papi-5.4.1-mn3gdokcjt3kyvgnywiq5ryqqbywc4cd/lib/libpapi.so.5.4.1.0' due to differences with '/p/vast1/build/spack/opt/spack/linux-rhel7-broadwell/gcc-10.2.1/papi-5.7.0-czqjpcgj4yn6asmfyx256u6gqjavqqlu/lib/libpapi.so.5.7.0.0' below:\nELF SONAME changed\nFunctions changes summary: 0 Removed, 0 Changed, 0 Added function\nVariables changes summary: 0 Removed, 0 Changed, 0 Added (26 filtered out) variables\n\nSONAME changed from 'libpapi.so.5' to 'libpapi.so.5.4.1.0'\n\n", 'return_code': 12, 'binary': '/p/vast1/build/spack/opt/spack/linux-rhel7-broadwell/gcc-10.2.1/caliper-2.1.1-2afcyifj4csfdalwb27m6ivsdzip2fyn/bin/cali-query', 'splice_type': 'same_lib', 'lib': '/p/vast1/build/spack/opt/spack/linux-rhel7-broadwell/gcc-10.2.1/papi-5.4.1-mn3gdokcjt3kyvgnywiq5ryqqbywc4cd/lib/libpapi.so.5.4.1.0', 'original_lib': '/p/vast1/build/spack/opt/spack/linux-rhel7-broadwell/gcc-10.2.1/papi-5.4.1-mn3gdokcjt3kyvgnywiq5ryqqbywc4cd/lib/libpapi.so.5.4.1.0', 'prediction': False}]}
ELF file '/p/vast1/build/spack/opt/spack/linux-rhel7-broadwell/gcc-10.2.1/caliper-2.1.1-6u7jikmeajpcl3n3tkwy4jkr6zx4gclb/bin/cali-stat' is not ABI compatible with '/p/vast1/build/spack/opt/spack/linux-rhel7-broadwell/gcc-4.9.3/papi-5.3.0-fkeuoxn5pizmsnhbphiimt435wqkyw2h/lib/libpapi.so.5.3.0.0' due to differences with '/p/vast1/build/spack/opt/spack/linux-rhel7-broadwell/gcc-10.2.1/papi-5.7.0-czqjpcgj4yn6asmfyx256u6gqjavqqlu/lib/libpapi.so.5.7.0.0' below:
ELF SONAME changed
Functions changes summary: 0 Removed, 0 Changed, 0 Added function
Variables changes summary: 0 Removed, 0 Changed, 0 Added variable

SONAME changed from 'libpapi.so.5' to 'libpapi.so.5.3.0.0'


ELF file '/p/vast1/build/spack/opt/spack/linux-rhel7-broadwell/gcc-10.2.1/caliper-2.1.1-6u7jikmeajpcl3n3tkwy4jkr6zx4gclb/bin/cali-query' is not ABI compatible with '/p/vast1/build/spack/opt/spack/linux-rhel7-broadwell/gcc-4.9.3/papi-5.3.0-fkeuoxn5pizmsnhbphiimt435wqkyw2h/lib/libpapi.so.5.3.0.0' due to differences with '/p/vast1/build/spack/opt/spack/linux-rhel7-broadwell/gcc-10.2.1/papi-5.7.0-czqjpcgj4yn6asmfyx256u6gqjavqqlu/lib/libpapi.so.5.7.0.0' below:
ELF SONAME changed
Functions changes summary: 0 Removed, 0 Changed, 0 Added function
Variables changes summary: 0 Removed, 0 Changed, 0 Added (28 filtered out) variables

SONAME changed from 'libpapi.so.5' to 'libpapi.so.5.3.0.0'


ELF file '/p/vast1/build/spack/opt/spack/linux-rhel7-broadwell/gcc-10.2.1/caliper-2.1.1-6u7jikmeajpcl3n3tkwy4jkr6zx4gclb/bin/cali-graph' is not ABI compatible with '/p/vast1/build/spack/opt/spack/linux-rhel7-broadwell/gcc-4.9.3/papi-5.3.0-fkeuoxn5pizmsnhbphiimt435wqkyw2h/lib/libpapi.so.5.3.0.0' due to differences with '/p/vast1/build/spack/opt/spack/linux-rhel7-broadwell/gcc-10.2.1/papi-5.7.0-czqjpcgj4yn6asmfyx256u6gqjavqqlu/lib/libpapi.so.5.7.0.0' below:
ELF SONAME changed
Functions changes summary: 0 Removed, 0 Changed, 0 Added function
Variables changes summary: 0 Removed, 0 Changed, 0 Added (28 filtered out) variables

SONAME changed from 'libpapi.so.5' to 'libpapi.so.5.3.0.0'


{'spack-test': [{'message': '==> Spack test q5oin27i6jufk5a2aeunepgtni77hymh\n==> Testing package caliper-2.1.1-6u7jikm\n============================= 1 passed of 1 specs ==============================\n', 'return_code': 0, 'prediction': True, 'command': '/p/vast1/build/spack/bin/spack test run /6u7jik'}], 'symbolator': [{'missing': [], 'selected': [['libpapi.so.5.3.0.0', 'libpapi.so.5'], ['libpfm.so.4', 'libpfm.so.4'], ['libc.so.6', 'libc.so.6']], 'binary': '/p/vast1/build/spack/opt/spack/linux-rhel7-broadwell/gcc-10.2.1/caliper-2.1.1-6u7jikmeajpcl3n3tkwy4jkr6zx4gclb/bin/cali-stat', 'splice_type': 'same_lib', 'lib': '/p/vast1/build/spack/opt/spack/linux-rhel7-broadwell/gcc-4.9.3/papi-5.3.0-fkeuoxn5pizmsnhbphiimt435wqkyw2h/lib/libpapi.so.5.3.0.0', 'prediction': True}, {'missing': [], 'selected': [['libpfm.so.4.4.0', 'libpfm.so.4'], ['libc.so.6', 'libc.so.6']], 'binary': '/p/vast1/build/spack/opt/spack/linux-rhel7-broadwell/gcc-10.2.1/caliper-2.1.1-6u7jikmeajpcl3n3tkwy4jkr6zx4gclb/bin/cali-stat', 'splice_type': 'same_lib', 'lib': '/p/vast1/build/spack/opt/spack/linux-rhel7-broadwell/gcc-4.9.3/papi-5.3.0-fkeuoxn5pizmsnhbphiimt435wqkyw2h/lib/libpfm.so.4.4.0', 'prediction': True}, {'missing': [], 'selected': [['libpapi.so.5.3.0.0', 'libpapi.so.5'], ['libpfm.so.4', 'libpfm.so.4'], ['libc.so.6', 'libc.so.6']], 'binary': '/p/vast1/build/spack/opt/spack/linux-rhel7-broadwell/gcc-10.2.1/caliper-2.1.1-6u7jikmeajpcl3n3tkwy4jkr6zx4gclb/bin/cali-query', 'splice_type': 'same_lib', 'lib': '/p/vast1/build/spack/opt/spack/linux-rhel7-broadwell/gcc-4.9.3/papi-5.3.0-fkeuoxn5pizmsnhbphiimt435wqkyw2h/lib/libpapi.so.5.3.0.0', 'prediction': True}, {'missing': [], 'selected': [['libpfm.so.4.4.0', 'libpfm.so.4'], ['libc.so.6', 'libc.so.6']], 'binary': '/p/vast1/build/spack/opt/spack/linux-rhel7-broadwell/gcc-10.2.1/caliper-2.1.1-6u7jikmeajpcl3n3tkwy4jkr6zx4gclb/bin/cali-query', 'splice_type': 'same_lib', 'lib': '/p/vast1/build/spack/opt/spack/linux-rhel7-broadwell/gcc-4.9.3/papi-5.3.0-fkeuoxn5pizmsnhbphiimt435wqkyw2h/lib/libpfm.so.4.4.0', 'prediction': True}, {'missing': [], 'selected': [['libpapi.so.5.3.0.0', 'libpapi.so.5'], ['libpfm.so.4', 'libpfm.so.4'], ['libc.so.6', 'libc.so.6']], 'binary': '/p/vast1/build/spack/opt/spack/linux-rhel7-broadwell/gcc-10.2.1/caliper-2.1.1-6u7jikmeajpcl3n3tkwy4jkr6zx4gclb/bin/cali-graph', 'splice_type': 'same_lib', 'lib': '/p/vast1/build/spack/opt/spack/linux-rhel7-broadwell/gcc-4.9.3/papi-5.3.0-fkeuoxn5pizmsnhbphiimt435wqkyw2h/lib/libpapi.so.5.3.0.0', 'prediction': True}, {'missing': [], 'selected': [['libpfm.so.4.4.0', 'libpfm.so.4'], ['libc.so.6', 'libc.so.6']], 'binary': '/p/vast1/build/spack/opt/spack/linux-rhel7-broadwell/gcc-10.2.1/caliper-2.1.1-6u7jikmeajpcl3n3tkwy4jkr6zx4gclb/bin/cali-graph', 'splice_type': 'same_lib', 'lib': '/p/vast1/build/spack/opt/spack/linux-rhel7-broadwell/gcc-4.9.3/papi-5.3.0-fkeuoxn5pizmsnhbphiimt435wqkyw2h/lib/libpfm.so.4.4.0', 'prediction': True}], 'libabigail': [{'message': "ELF file '/p/vast1/build/spack/opt/spack/linux-rhel7-broadwell/gcc-10.2.1/caliper-2.1.1-6u7jikmeajpcl3n3tkwy4jkr6zx4gclb/bin/cali-stat' is not ABI compatible with '/p/vast1/build/spack/opt/spack/linux-rhel7-broadwell/gcc-4.9.3/papi-5.3.0-fkeuoxn5pizmsnhbphiimt435wqkyw2h/lib/libpapi.so.5.3.0.0' due to differences with '/p/vast1/build/spack/opt/spack/linux-rhel7-broadwell/gcc-10.2.1/papi-5.7.0-czqjpcgj4yn6asmfyx256u6gqjavqqlu/lib/libpapi.so.5.7.0.0' below:\nELF SONAME changed\nFunctions changes summary: 0 Removed, 0 Changed, 0 Added function\nVariables changes summary: 0 Removed, 0 Changed, 0 Added variable\n\nSONAME changed from 'libpapi.so.5' to 'libpapi.so.5.3.0.0'\n\n", 'return_code': 12, 'binary': '/p/vast1/build/spack/opt/spack/linux-rhel7-broadwell/gcc-10.2.1/caliper-2.1.1-6u7jikmeajpcl3n3tkwy4jkr6zx4gclb/bin/cali-stat', 'splice_type': 'same_lib', 'lib': '/p/vast1/build/spack/opt/spack/linux-rhel7-broadwell/gcc-4.9.3/papi-5.3.0-fkeuoxn5pizmsnhbphiimt435wqkyw2h/lib/libpapi.so.5.3.0.0', 'original_lib': '/p/vast1/build/spack/opt/spack/linux-rhel7-broadwell/gcc-4.9.3/papi-5.3.0-fkeuoxn5pizmsnhbphiimt435wqkyw2h/lib/libpapi.so.5.3.0.0', 'prediction': False}, {'message': '', 'return_code': 0, 'binary': '/p/vast1/build/spack/opt/spack/linux-rhel7-broadwell/gcc-10.2.1/caliper-2.1.1-6u7jikmeajpcl3n3tkwy4jkr6zx4gclb/bin/cali-stat', 'splice_type': 'same_lib', 'lib': '/p/vast1/build/spack/opt/spack/linux-rhel7-broadwell/gcc-4.9.3/papi-5.3.0-fkeuoxn5pizmsnhbphiimt435wqkyw2h/lib/libpfm.so.4.4.0', 'original_lib': '/p/vast1/build/spack/opt/spack/linux-rhel7-broadwell/gcc-4.9.3/papi-5.3.0-fkeuoxn5pizmsnhbphiimt435wqkyw2h/lib/libpfm.so.4.4.0', 'prediction': True}, {'message': "ELF file '/p/vast1/build/spack/opt/spack/linux-rhel7-broadwell/gcc-10.2.1/caliper-2.1.1-6u7jikmeajpcl3n3tkwy4jkr6zx4gclb/bin/cali-query' is not ABI compatible with '/p/vast1/build/spack/opt/spack/linux-rhel7-broadwell/gcc-4.9.3/papi-5.3.0-fkeuoxn5pizmsnhbphiimt435wqkyw2h/lib/libpapi.so.5.3.0.0' due to differences with '/p/vast1/build/spack/opt/spack/linux-rhel7-broadwell/gcc-10.2.1/papi-5.7.0-czqjpcgj4yn6asmfyx256u6gqjavqqlu/lib/libpapi.so.5.7.0.0' below:\nELF SONAME changed\nFunctions changes summary: 0 Removed, 0 Changed, 0 Added function\nVariables changes summary: 0 Removed, 0 Changed, 0 Added (28 filtered out) variables\n\nSONAME changed from 'libpapi.so.5' to 'libpapi.so.5.3.0.0'\n\n", 'return_code': 12, 'binary': '/p/vast1/build/spack/opt/spack/linux-rhel7-broadwell/gcc-10.2.1/caliper-2.1.1-6u7jikmeajpcl3n3tkwy4jkr6zx4gclb/bin/cali-query', 'splice_type': 'same_lib', 'lib': '/p/vast1/build/spack/opt/spack/linux-rhel7-broadwell/gcc-4.9.3/papi-5.3.0-fkeuoxn5pizmsnhbphiimt435wqkyw2h/lib/libpapi.so.5.3.0.0', 'original_lib': '/p/vast1/build/spack/opt/spack/linux-rhel7-broadwell/gcc-4.9.3/papi-5.3.0-fkeuoxn5pizmsnhbphiimt435wqkyw2h/lib/libpapi.so.5.3.0.0', 'prediction': False}, {'message': '', 'return_code': 0, 'binary': '/p/vast1/build/spack/opt/spack/linux-rhel7-broadwell/gcc-10.2.1/caliper-2.1.1-6u7jikmeajpcl3n3tkwy4jkr6zx4gclb/bin/cali-query', 'splice_type': 'same_lib', 'lib': '/p/vast1/build/spack/opt/spack/linux-rhel7-broadwell/gcc-4.9.3/papi-5.3.0-fkeuoxn5pizmsnhbphiimt435wqkyw2h/lib/libpfm.so.4.4.0', 'original_lib': '/p/vast1/build/spack/opt/spack/linux-rhel7-broadwell/gcc-4.9.3/papi-5.3.0-fkeuoxn5pizmsnhbphiimt435wqkyw2h/lib/libpfm.so.4.4.0', 'prediction': True}, {'message': "ELF file '/p/vast1/build/spack/opt/spack/linux-rhel7-broadwell/gcc-10.2.1/caliper-2.1.1-6u7jikmeajpcl3n3tkwy4jkr6zx4gclb/bin/cali-graph' is not ABI compatible with '/p/vast1/build/spack/opt/spack/linux-rhel7-broadwell/gcc-4.9.3/papi-5.3.0-fkeuoxn5pizmsnhbphiimt435wqkyw2h/lib/libpapi.so.5.3.0.0' due to differences with '/p/vast1/build/spack/opt/spack/linux-rhel7-broadwell/gcc-10.2.1/papi-5.7.0-czqjpcgj4yn6asmfyx256u6gqjavqqlu/lib/libpapi.so.5.7.0.0' below:\nELF SONAME changed\nFunctions changes summary: 0 Removed, 0 Changed, 0 Added function\nVariables changes summary: 0 Removed, 0 Changed, 0 Added (28 filtered out) variables\n\nSONAME changed from 'libpapi.so.5' to 'libpapi.so.5.3.0.0'\n\n", 'return_code': 12, 'binary': '/p/vast1/build/spack/opt/spack/linux-rhel7-broadwell/gcc-10.2.1/caliper-2.1.1-6u7jikmeajpcl3n3tkwy4jkr6zx4gclb/bin/cali-graph', 'splice_type': 'same_lib', 'lib': '/p/vast1/build/spack/opt/spack/linux-rhel7-broadwell/gcc-4.9.3/papi-5.3.0-fkeuoxn5pizmsnhbphiimt435wqkyw2h/lib/libpapi.so.5.3.0.0', 'original_lib': '/p/vast1/build/spack/opt/spack/linux-rhel7-broadwell/gcc-4.9.3/papi-5.3.0-fkeuoxn5pizmsnhbphiimt435wqkyw2h/lib/libpapi.so.5.3.0.0', 'prediction': False}, {'message': '', 'return_code': 0, 'binary': '/p/vast1/build/spack/opt/spack/linux-rhel7-broadwell/gcc-10.2.1/caliper-2.1.1-6u7jikmeajpcl3n3tkwy4jkr6zx4gclb/bin/cali-graph', 'splice_type': 'same_lib', 'lib': '/p/vast1/build/spack/opt/spack/linux-rhel7-broadwell/gcc-4.9.3/papi-5.3.0-fkeuoxn5pizmsnhbphiimt435wqkyw2h/lib/libpfm.so.4.4.0', 'original_lib': '/p/vast1/build/spack/opt/spack/linux-rhel7-broadwell/gcc-4.9.3/papi-5.3.0-fkeuoxn5pizmsnhbphiimt435wqkyw2h/lib/libpfm.so.4.4.0', 'prediction': True}]}
