Concretizing caliper@1.9.1
[+] /p/vast1/build/spack/opt/spack/linux-rhel7-broadwell/gcc-10.2.1/pkgconf-1.8.0-gp2xp6yplvubgic6eunbnl7emqdq3dye
[+] /p/vast1/build/spack/opt/spack/linux-rhel7-broadwell/gcc-10.2.1/berkeley-db-18.1.40-c7okyaricn3s5wx6lqo2exspq6tuninj
[+] /p/vast1/build/spack/opt/spack/linux-rhel7-broadwell/gcc-10.2.1/libiconv-1.16-glggocpnh7m2dgmtu4fedhbfeessepbe
[+] /p/vast1/build/spack/opt/spack/linux-rhel7-broadwell/gcc-10.2.1/zlib-1.2.11-su2ldy5ofm424qnly3kitbbdgwovpfk4
[+] /p/vast1/build/spack/opt/spack/linux-rhel7-broadwell/gcc-10.2.1/libunwind-1.5.0-qolipzu4dzqdwwqilpz34qbosuwxtpoa
[+] /p/vast1/build/spack/opt/spack/linux-rhel7-broadwell/gcc-10.2.1/libsigsegv-2.13-7rh3iftx6wqudr26scqm7nyzm4xxgqcc
[+] /p/vast1/build/spack/opt/spack/linux-rhel7-broadwell/gcc-10.2.1/util-macros-1.19.3-mxlhejedwgloprhrg6bzi2wz3cgadzp2
[+] /p/vast1/build/spack/opt/spack/linux-rhel7-broadwell/gcc-10.2.1/xz-5.2.5-d536jz4ora4tt45q72d2lklqr3dqx34m
[+] /p/vast1/build/spack/opt/spack/linux-rhel7-broadwell/gcc-10.2.1/papi-5.7.0-czqjpcgj4yn6asmfyx256u6gqjavqqlu
[+] /p/vast1/build/spack/opt/spack/linux-rhel7-broadwell/gcc-10.2.1/libmd-1.0.3-2ov67rcd3fulh2bvd46bb7cjgf3yckoh
[+] /p/vast1/build/spack/opt/spack/linux-rhel7-broadwell/gcc-10.2.1/libffi-3.3-zyoezbz35scxddz3sf2hsqa6dancnjru
[+] /p/vast1/build/spack/opt/spack/linux-rhel7-broadwell/gcc-10.2.1/util-linux-uuid-2.36.2-6icy3q75q4f2andannpqgkcdmzoir7sd
[+] /p/vast1/build/spack/opt/spack/linux-rhel7-broadwell/gcc-10.2.1/ncurses-6.2-2xef6sx47tqatqlceqguyz3rza5okbhy
[+] /p/vast1/build/spack/opt/spack/linux-rhel7-broadwell/gcc-10.2.1/tar-1.34-3g4ty3srw34e6frmd2d2f523hr2pck3g
[+] /p/vast1/build/spack/opt/spack/linux-rhel7-broadwell/gcc-10.2.1/diffutils-3.8-vxb536efq575rjec2zqsyqgsebpspfvs
[+] /p/vast1/build/spack/opt/spack/linux-rhel7-broadwell/gcc-10.2.1/m4-1.4.19-zeen2avy7avmg5n7cd6yaqspkj3rup2t
[+] /p/vast1/build/spack/opt/spack/linux-rhel7-broadwell/gcc-10.2.1/libxml2-2.9.12-rs3llxgrrh537ywuyzjxyebuzo3gnxpt
[+] /p/vast1/build/spack/opt/spack/linux-rhel7-broadwell/gcc-10.2.1/libbsd-0.11.3-3bk5tkx2u7x44ivhjo723eyc3kbvzj2t
[+] /p/vast1/build/spack/opt/spack/linux-rhel7-broadwell/gcc-10.2.1/libedit-3.1-20210216-rhcaqt3bcnt5otgbqisvol2zjkkt3yqz
[+] /p/vast1/build/spack/opt/spack/linux-rhel7-broadwell/gcc-10.2.1/readline-8.1-vfjorqgtmqh3rl5ollaj4n2uusx4foez
[+] /p/vast1/build/spack/opt/spack/linux-rhel7-broadwell/gcc-10.2.1/bzip2-1.0.8-jmjklgubcyryaddwqvzuvzeiq6zfqmst
[+] /p/vast1/build/spack/opt/spack/linux-rhel7-broadwell/gcc-10.2.1/libtool-2.4.6-v5tvhyer33lc2hhisqrztia7bmreecdr
[+] /p/vast1/build/spack/opt/spack/linux-rhel7-broadwell/gcc-10.2.1/expat-2.4.1-kya5u2fynwiaatzc4mfarh675cq6au2y
[+] /p/vast1/build/spack/opt/spack/linux-rhel7-broadwell/gcc-10.2.1/sqlite-3.36.0-2hy2e3pav6gykaiuxcqrj6xwb3hikfkt
[+] /p/vast1/build/spack/opt/spack/linux-rhel7-broadwell/gcc-10.2.1/gdbm-1.19-k5otkqycqsp3sya4vlvqbekdodhy2a2b
[+] /p/vast1/build/spack/opt/spack/linux-rhel7-broadwell/gcc-10.2.1/gettext-0.21-zrjvymznliicfcjx4lqkixtjo76ruzmr
[+] /p/vast1/build/spack/opt/spack/linux-rhel7-broadwell/gcc-10.2.1/libpciaccess-0.16-vzg6r6gyrqyboudgxfqbdwe36epu6s7s
[+] /p/vast1/build/spack/opt/spack/linux-rhel7-broadwell/gcc-10.2.1/perl-5.34.0-wimaji5zk5vlms3psvdtvmxifnine4nh
[+] /p/vast1/build/spack/opt/spack/linux-rhel7-broadwell/gcc-10.2.1/hwloc-2.6.0-cxn7eow3mqe2pjeaz7u4tyw4xadzqtri
[+] /p/vast1/build/spack/opt/spack/linux-rhel7-broadwell/gcc-10.2.1/openssl-1.1.1l-sozkiugfpwd75rjehlrzn3ymhrojqyp2
[+] /p/vast1/build/spack/opt/spack/linux-rhel7-broadwell/gcc-10.2.1/autoconf-2.69-pfmcbnykmtv5mjmsmwbesqcoea22hrrx
[+] /p/vast1/build/spack/opt/spack/linux-rhel7-broadwell/gcc-10.2.1/openssh-8.7p1-yfzytuo77m3idlyoubuj2rn2val7hypz
[+] /p/vast1/build/spack/opt/spack/linux-rhel7-broadwell/gcc-10.2.1/libevent-2.1.12-4rrpxdjg6q2tcghfclohesjtvuwd6kdv
[+] /p/vast1/build/spack/opt/spack/linux-rhel7-broadwell/gcc-10.2.1/python-3.8.12-snqhx3gympk6b2bnoh367hqvsbhqo3ts
[+] /p/vast1/build/spack/opt/spack/linux-rhel7-broadwell/gcc-10.2.1/cmake-3.21.4-hvgwgb6duea6jzf2rywitb4a5lqdrpii
[+] /p/vast1/build/spack/opt/spack/linux-rhel7-broadwell/gcc-10.2.1/automake-1.16.3-rxeto3fcfyywhhza4jadwlacwh3doghz
[+] /p/vast1/build/spack/opt/spack/linux-rhel7-broadwell/gcc-10.2.1/numactl-2.0.14-wiobx4m5fgmgis4po6hi44kpy7ad57vj
[+] /p/vast1/build/spack/opt/spack/linux-rhel7-broadwell/gcc-10.2.1/openmpi-4.1.2-z5hk7hdx3dkvk7ytodf4xiqqg3nfo4dh
[+] /p/vast1/build/spack/opt/spack/linux-rhel7-broadwell/gcc-10.2.1/caliper-1.9.1-r2nbfv2eascz62p2t7ha4qaculnrirhq
Testing splicing in (and out) libunwind@master
[+] /p/vast1/build/spack/opt/spack/linux-rhel7-broadwell/gcc-10.2.1/libsigsegv-2.13-7rh3iftx6wqudr26scqm7nyzm4xxgqcc
[+] /p/vast1/build/spack/opt/spack/linux-rhel7-broadwell/gcc-10.2.1/berkeley-db-18.1.40-c7okyaricn3s5wx6lqo2exspq6tuninj
[+] /p/vast1/build/spack/opt/spack/linux-rhel7-broadwell/gcc-10.2.1/libiconv-1.16-glggocpnh7m2dgmtu4fedhbfeessepbe
[+] /p/vast1/build/spack/opt/spack/linux-rhel7-broadwell/gcc-10.2.1/pkgconf-1.8.0-gp2xp6yplvubgic6eunbnl7emqdq3dye
[+] /p/vast1/build/spack/opt/spack/linux-rhel7-broadwell/gcc-10.2.1/zlib-1.2.11-su2ldy5ofm424qnly3kitbbdgwovpfk4
[+] /p/vast1/build/spack/opt/spack/linux-rhel7-broadwell/gcc-10.2.1/m4-1.4.19-zeen2avy7avmg5n7cd6yaqspkj3rup2t
[+] /p/vast1/build/spack/opt/spack/linux-rhel7-broadwell/gcc-10.2.1/diffutils-3.8-vxb536efq575rjec2zqsyqgsebpspfvs
[+] /p/vast1/build/spack/opt/spack/linux-rhel7-broadwell/gcc-10.2.1/ncurses-6.2-2xef6sx47tqatqlceqguyz3rza5okbhy
[+] /p/vast1/build/spack/opt/spack/linux-rhel7-broadwell/gcc-10.2.1/libtool-2.4.6-v5tvhyer33lc2hhisqrztia7bmreecdr
[+] /p/vast1/build/spack/opt/spack/linux-rhel7-broadwell/gcc-10.2.1/bzip2-1.0.8-jmjklgubcyryaddwqvzuvzeiq6zfqmst
[+] /p/vast1/build/spack/opt/spack/linux-rhel7-broadwell/gcc-10.2.1/readline-8.1-vfjorqgtmqh3rl5ollaj4n2uusx4foez
[+] /p/vast1/build/spack/opt/spack/linux-rhel7-broadwell/gcc-10.2.1/gdbm-1.19-k5otkqycqsp3sya4vlvqbekdodhy2a2b
[+] /p/vast1/build/spack/opt/spack/linux-rhel7-broadwell/gcc-10.2.1/perl-5.34.0-wimaji5zk5vlms3psvdtvmxifnine4nh
[+] /p/vast1/build/spack/opt/spack/linux-rhel7-broadwell/gcc-10.2.1/autoconf-2.69-pfmcbnykmtv5mjmsmwbesqcoea22hrrx
[+] /p/vast1/build/spack/opt/spack/linux-rhel7-broadwell/gcc-10.2.1/automake-1.16.3-rxeto3fcfyywhhza4jadwlacwh3doghz
[+] /p/vast1/build/spack/opt/spack/linux-rhel7-broadwell/gcc-10.2.1/libunwind-master-hhtpac7lzl7o5zjgcww3b7q6usel7dqn
Testing splicing in (and out) libunwind@1.5-head
[+] /p/vast1/build/spack/opt/spack/linux-rhel7-broadwell/gcc-10.2.1/libsigsegv-2.13-7rh3iftx6wqudr26scqm7nyzm4xxgqcc
[+] /p/vast1/build/spack/opt/spack/linux-rhel7-broadwell/gcc-10.2.1/berkeley-db-18.1.40-c7okyaricn3s5wx6lqo2exspq6tuninj
[+] /p/vast1/build/spack/opt/spack/linux-rhel7-broadwell/gcc-10.2.1/libiconv-1.16-glggocpnh7m2dgmtu4fedhbfeessepbe
[+] /p/vast1/build/spack/opt/spack/linux-rhel7-broadwell/gcc-10.2.1/pkgconf-1.8.0-gp2xp6yplvubgic6eunbnl7emqdq3dye
[+] /p/vast1/build/spack/opt/spack/linux-rhel7-broadwell/gcc-10.2.1/zlib-1.2.11-su2ldy5ofm424qnly3kitbbdgwovpfk4
[+] /p/vast1/build/spack/opt/spack/linux-rhel7-broadwell/gcc-10.2.1/m4-1.4.19-zeen2avy7avmg5n7cd6yaqspkj3rup2t
[+] /p/vast1/build/spack/opt/spack/linux-rhel7-broadwell/gcc-10.2.1/diffutils-3.8-vxb536efq575rjec2zqsyqgsebpspfvs
[+] /p/vast1/build/spack/opt/spack/linux-rhel7-broadwell/gcc-10.2.1/ncurses-6.2-2xef6sx47tqatqlceqguyz3rza5okbhy
[+] /p/vast1/build/spack/opt/spack/linux-rhel7-broadwell/gcc-10.2.1/libtool-2.4.6-v5tvhyer33lc2hhisqrztia7bmreecdr
[+] /p/vast1/build/spack/opt/spack/linux-rhel7-broadwell/gcc-10.2.1/bzip2-1.0.8-jmjklgubcyryaddwqvzuvzeiq6zfqmst
[+] /p/vast1/build/spack/opt/spack/linux-rhel7-broadwell/gcc-10.2.1/readline-8.1-vfjorqgtmqh3rl5ollaj4n2uusx4foez
[+] /p/vast1/build/spack/opt/spack/linux-rhel7-broadwell/gcc-10.2.1/gdbm-1.19-k5otkqycqsp3sya4vlvqbekdodhy2a2b
[+] /p/vast1/build/spack/opt/spack/linux-rhel7-broadwell/gcc-10.2.1/perl-5.34.0-wimaji5zk5vlms3psvdtvmxifnine4nh
[+] /p/vast1/build/spack/opt/spack/linux-rhel7-broadwell/gcc-10.2.1/autoconf-2.69-pfmcbnykmtv5mjmsmwbesqcoea22hrrx
[+] /p/vast1/build/spack/opt/spack/linux-rhel7-broadwell/gcc-10.2.1/automake-1.16.3-rxeto3fcfyywhhza4jadwlacwh3doghz
[+] /p/vast1/build/spack/opt/spack/linux-rhel7-broadwell/gcc-10.2.1/libunwind-1.5-head-6ewzmej3qwxdk2h6xabn5mhxhuu6ddo2
Testing splicing in (and out) libunwind@1.5.0
[+] /p/vast1/build/spack/opt/spack/linux-rhel7-broadwell/gcc-10.2.1/libunwind-1.5.0-qolipzu4dzqdwwqilpz34qbosuwxtpoa
Testing splicing in (and out) libunwind@1.4.0
[+] /p/vast1/build/spack/opt/spack/linux-rhel7-broadwell/gcc-10.2.1/libunwind-1.4.0-gnggxjg4zorkdskbebgvrcuhvpjymjih
Testing splicing in (and out) libunwind@1.3.1
==> Installing libunwind-1.3.1-72g4vt4tmhajb3bwkqn5rhfmexutvvzm
==> No binary for libunwind-1.3.1-72g4vt4tmhajb3bwkqn5rhfmexutvvzm found: installing from source
==> Fetching https://mirror.spack.io/_source-cache/archive/43/43997a3939b6ccdf2f669b50fdb8a4d3205374728c2923ddc2354c65260214f8.tar.gz
==> No patches needed for libunwind
==> libunwind: Executing phase: 'autoreconf'
==> libunwind: Executing phase: 'configure'
==> libunwind: Executing phase: 'build'
==> libunwind: Executing phase: 'install'
==> libunwind: Successfully installed libunwind-1.3.1-72g4vt4tmhajb3bwkqn5rhfmexutvvzm
  Fetch: 2.67s.  Build: 34.97s.  Total: 37.64s.
[+] /p/vast1/build/spack/opt/spack/linux-rhel7-broadwell/gcc-10.2.1/libunwind-1.3.1-72g4vt4tmhajb3bwkqn5rhfmexutvvzm
Testing splicing in (and out) libunwind@1.2.1
==> Installing libunwind-1.2.1-yx7f6iptztz25ivt3n5beosc5lgimn44
==> No binary for libunwind-1.2.1-yx7f6iptztz25ivt3n5beosc5lgimn44 found: installing from source
==> Fetching https://mirror.spack.io/_source-cache/archive/3f/3f3ecb90e28cbe53fba7a4a27ccce7aad188d3210bb1964a923a731a27a75acb.tar.gz
==> No patches needed for libunwind
==> libunwind: Executing phase: 'autoreconf'
==> libunwind: Executing phase: 'configure'
==> libunwind: Executing phase: 'build'
==> libunwind: Executing phase: 'install'
==> libunwind: Successfully installed libunwind-1.2.1-yx7f6iptztz25ivt3n5beosc5lgimn44
  Fetch: 2.74s.  Build: 33.52s.  Total: 36.26s.
[+] /p/vast1/build/spack/opt/spack/linux-rhel7-broadwell/gcc-10.2.1/libunwind-1.2.1-yx7f6iptztz25ivt3n5beosc5lgimn44
Testing splicing in (and out) libunwind@1.1
==> Installing libunwind-1.1-jw4j44y7memugbzgqwil3qpi5eiygi4u
==> No binary for libunwind-1.1-jw4j44y7memugbzgqwil3qpi5eiygi4u found: installing from source
Concretizing caliper@1.9.1
[+] /p/vast1/build/spack/opt/spack/linux-rhel7-broadwell/gcc-10.2.1/pkgconf-1.8.0-gp2xp6yplvubgic6eunbnl7emqdq3dye
[+] /p/vast1/build/spack/opt/spack/linux-rhel7-broadwell/gcc-10.2.1/berkeley-db-18.1.40-c7okyaricn3s5wx6lqo2exspq6tuninj
[+] /p/vast1/build/spack/opt/spack/linux-rhel7-broadwell/gcc-10.2.1/libiconv-1.16-glggocpnh7m2dgmtu4fedhbfeessepbe
[+] /p/vast1/build/spack/opt/spack/linux-rhel7-broadwell/gcc-10.2.1/zlib-1.2.11-su2ldy5ofm424qnly3kitbbdgwovpfk4
[+] /p/vast1/build/spack/opt/spack/linux-rhel7-broadwell/gcc-10.2.1/libunwind-1.5.0-qolipzu4dzqdwwqilpz34qbosuwxtpoa
[+] /p/vast1/build/spack/opt/spack/linux-rhel7-broadwell/gcc-10.2.1/libsigsegv-2.13-7rh3iftx6wqudr26scqm7nyzm4xxgqcc
[+] /p/vast1/build/spack/opt/spack/linux-rhel7-broadwell/gcc-10.2.1/util-macros-1.19.3-mxlhejedwgloprhrg6bzi2wz3cgadzp2
[+] /p/vast1/build/spack/opt/spack/linux-rhel7-broadwell/gcc-10.2.1/xz-5.2.5-d536jz4ora4tt45q72d2lklqr3dqx34m
[+] /p/vast1/build/spack/opt/spack/linux-rhel7-broadwell/gcc-10.2.1/papi-5.7.0-czqjpcgj4yn6asmfyx256u6gqjavqqlu
[+] /p/vast1/build/spack/opt/spack/linux-rhel7-broadwell/gcc-10.2.1/libmd-1.0.4-rooxnv7z75ill3knhg6bxfttmwxdag6i
[+] /p/vast1/build/spack/opt/spack/linux-rhel7-broadwell/gcc-10.2.1/libffi-3.4.2-7vfnd7a5ankpytut3b4oqhktzrcbabfm
[+] /p/vast1/build/spack/opt/spack/linux-rhel7-broadwell/gcc-10.2.1/ncurses-6.2-2xef6sx47tqatqlceqguyz3rza5okbhy
[+] /p/vast1/build/spack/opt/spack/linux-rhel7-broadwell/gcc-10.2.1/util-linux-uuid-2.37.4-26saxoixdjk3763nksg3ajmdzt5gyubu
[+] /p/vast1/build/spack/opt/spack/linux-rhel7-broadwell/gcc-10.2.1/diffutils-3.8-vxb536efq575rjec2zqsyqgsebpspfvs
[+] /p/vast1/build/spack/opt/spack/linux-rhel7-broadwell/gcc-10.2.1/tar-1.34-3g4ty3srw34e6frmd2d2f523hr2pck3g
[+] /p/vast1/build/spack/opt/spack/linux-rhel7-broadwell/gcc-10.2.1/m4-1.4.19-zeen2avy7avmg5n7cd6yaqspkj3rup2t
[+] /p/vast1/build/spack/opt/spack/linux-rhel7-broadwell/gcc-10.2.1/libxml2-2.9.12-rs3llxgrrh537ywuyzjxyebuzo3gnxpt
[+] /p/vast1/build/spack/opt/spack/linux-rhel7-broadwell/gcc-10.2.1/libbsd-0.11.5-yt5rlx2ycq24tyyohhconaxiqgzajzbo
[+] /p/vast1/build/spack/opt/spack/linux-rhel7-broadwell/gcc-10.2.1/readline-8.1-vfjorqgtmqh3rl5ollaj4n2uusx4foez
[+] /p/vast1/build/spack/opt/spack/linux-rhel7-broadwell/gcc-10.2.1/libedit-3.1-20210216-rhcaqt3bcnt5otgbqisvol2zjkkt3yqz
[+] /p/vast1/build/spack/opt/spack/linux-rhel7-broadwell/gcc-10.2.1/bzip2-1.0.8-jmjklgubcyryaddwqvzuvzeiq6zfqmst
[+] /p/vast1/build/spack/opt/spack/linux-rhel7-broadwell/gcc-10.2.1/libtool-2.4.6-v5tvhyer33lc2hhisqrztia7bmreecdr
[+] /p/vast1/build/spack/opt/spack/linux-rhel7-broadwell/gcc-10.2.1/expat-2.4.6-akiducmoeufix2d6beegvgbj5skm36ul
[+] /p/vast1/build/spack/opt/spack/linux-rhel7-broadwell/gcc-10.2.1/gdbm-1.19-k5otkqycqsp3sya4vlvqbekdodhy2a2b
[+] /p/vast1/build/spack/opt/spack/linux-rhel7-broadwell/gcc-10.2.1/sqlite-3.37.2-osxyeivy7mdmhjyjwcsm4l7tooho6s2d
[+] /p/vast1/build/spack/opt/spack/linux-rhel7-broadwell/gcc-10.2.1/gettext-0.21-zrjvymznliicfcjx4lqkixtjo76ruzmr
[+] /p/vast1/build/spack/opt/spack/linux-rhel7-broadwell/gcc-10.2.1/libpciaccess-0.16-vzg6r6gyrqyboudgxfqbdwe36epu6s7s
[+] /p/vast1/build/spack/opt/spack/linux-rhel7-broadwell/gcc-10.2.1/perl-5.34.0-wimaji5zk5vlms3psvdtvmxifnine4nh
[+] /p/vast1/build/spack/opt/spack/linux-rhel7-broadwell/gcc-10.2.1/hwloc-2.7.0-zcvfxqfecuheq2vakvpuosok2avakr6j
[+] /p/vast1/build/spack/opt/spack/linux-rhel7-broadwell/gcc-10.2.1/openssl-1.1.1m-momhhzpwxq3fzqnlqbabquoitiq5d6q6
[+] /p/vast1/build/spack/opt/spack/linux-rhel7-broadwell/gcc-10.2.1/autoconf-2.69-pfmcbnykmtv5mjmsmwbesqcoea22hrrx
[+] /p/vast1/build/spack/opt/spack/linux-rhel7-broadwell/gcc-10.2.1/python-3.9.10-6fbgydg7c2bdx4ovimgsqyzucdkrd277
[+] /p/vast1/build/spack/opt/spack/linux-rhel7-broadwell/gcc-10.2.1/cmake-3.22.2-7oku4yd37mfoi65gi3alunjbl35euphw
[+] /p/vast1/build/spack/opt/spack/linux-rhel7-broadwell/gcc-10.2.1/openssh-8.8p1-667p3p2z5r6q3h2mo5arextitlyvzye4
[+] /p/vast1/build/spack/opt/spack/linux-rhel7-broadwell/gcc-10.2.1/libevent-2.1.12-ojhvas6alyezjgn2r2flj4slwat4cowk
[+] /p/vast1/build/spack/opt/spack/linux-rhel7-broadwell/gcc-10.2.1/automake-1.16.5-7gugpvl5tq7e3xqgw7wna3fwdlbrszqs
[+] /p/vast1/build/spack/opt/spack/linux-rhel7-broadwell/gcc-10.2.1/numactl-2.0.14-wiobx4m5fgmgis4po6hi44kpy7ad57vj
[+] /p/vast1/build/spack/opt/spack/linux-rhel7-broadwell/gcc-10.2.1/openmpi-4.1.2-mtnsjnbj5kuefhd6gtupaglpuytu6vhz
[+] /p/vast1/build/spack/opt/spack/linux-rhel7-broadwell/gcc-10.2.1/caliper-1.9.1-3skuc2zz4dqejxh4htzbvqn7zagrjpgp
Testing splicing in (and out) libunwind@master
[+] /p/vast1/build/spack/opt/spack/linux-rhel7-broadwell/gcc-10.2.1/libsigsegv-2.13-7rh3iftx6wqudr26scqm7nyzm4xxgqcc
[+] /p/vast1/build/spack/opt/spack/linux-rhel7-broadwell/gcc-10.2.1/berkeley-db-18.1.40-c7okyaricn3s5wx6lqo2exspq6tuninj
[+] /p/vast1/build/spack/opt/spack/linux-rhel7-broadwell/gcc-10.2.1/libiconv-1.16-glggocpnh7m2dgmtu4fedhbfeessepbe
[+] /p/vast1/build/spack/opt/spack/linux-rhel7-broadwell/gcc-10.2.1/pkgconf-1.8.0-gp2xp6yplvubgic6eunbnl7emqdq3dye
[+] /p/vast1/build/spack/opt/spack/linux-rhel7-broadwell/gcc-10.2.1/zlib-1.2.11-su2ldy5ofm424qnly3kitbbdgwovpfk4
[+] /p/vast1/build/spack/opt/spack/linux-rhel7-broadwell/gcc-10.2.1/m4-1.4.19-zeen2avy7avmg5n7cd6yaqspkj3rup2t
[+] /p/vast1/build/spack/opt/spack/linux-rhel7-broadwell/gcc-10.2.1/diffutils-3.8-vxb536efq575rjec2zqsyqgsebpspfvs
[+] /p/vast1/build/spack/opt/spack/linux-rhel7-broadwell/gcc-10.2.1/ncurses-6.2-2xef6sx47tqatqlceqguyz3rza5okbhy
[+] /p/vast1/build/spack/opt/spack/linux-rhel7-broadwell/gcc-10.2.1/libtool-2.4.6-v5tvhyer33lc2hhisqrztia7bmreecdr
[+] /p/vast1/build/spack/opt/spack/linux-rhel7-broadwell/gcc-10.2.1/bzip2-1.0.8-jmjklgubcyryaddwqvzuvzeiq6zfqmst
[+] /p/vast1/build/spack/opt/spack/linux-rhel7-broadwell/gcc-10.2.1/readline-8.1-vfjorqgtmqh3rl5ollaj4n2uusx4foez
[+] /p/vast1/build/spack/opt/spack/linux-rhel7-broadwell/gcc-10.2.1/gdbm-1.19-k5otkqycqsp3sya4vlvqbekdodhy2a2b
[+] /p/vast1/build/spack/opt/spack/linux-rhel7-broadwell/gcc-10.2.1/perl-5.34.0-wimaji5zk5vlms3psvdtvmxifnine4nh
[+] /p/vast1/build/spack/opt/spack/linux-rhel7-broadwell/gcc-10.2.1/autoconf-2.69-pfmcbnykmtv5mjmsmwbesqcoea22hrrx
[+] /p/vast1/build/spack/opt/spack/linux-rhel7-broadwell/gcc-10.2.1/automake-1.16.5-7gugpvl5tq7e3xqgw7wna3fwdlbrszqs
[+] /p/vast1/build/spack/opt/spack/linux-rhel7-broadwell/gcc-10.2.1/libunwind-master-hhtpac7lzl7o5zjgcww3b7q6usel7dqn
Testing splicing in (and out) libunwind@1.5-stable
[+] /p/vast1/build/spack/opt/spack/linux-rhel7-broadwell/gcc-10.2.1/libsigsegv-2.13-7rh3iftx6wqudr26scqm7nyzm4xxgqcc
[+] /p/vast1/build/spack/opt/spack/linux-rhel7-broadwell/gcc-10.2.1/berkeley-db-18.1.40-c7okyaricn3s5wx6lqo2exspq6tuninj
[+] /p/vast1/build/spack/opt/spack/linux-rhel7-broadwell/gcc-10.2.1/libiconv-1.16-glggocpnh7m2dgmtu4fedhbfeessepbe
[+] /p/vast1/build/spack/opt/spack/linux-rhel7-broadwell/gcc-10.2.1/pkgconf-1.8.0-gp2xp6yplvubgic6eunbnl7emqdq3dye
[+] /p/vast1/build/spack/opt/spack/linux-rhel7-broadwell/gcc-10.2.1/zlib-1.2.11-su2ldy5ofm424qnly3kitbbdgwovpfk4
[+] /p/vast1/build/spack/opt/spack/linux-rhel7-broadwell/gcc-10.2.1/m4-1.4.19-zeen2avy7avmg5n7cd6yaqspkj3rup2t
[+] /p/vast1/build/spack/opt/spack/linux-rhel7-broadwell/gcc-10.2.1/diffutils-3.8-vxb536efq575rjec2zqsyqgsebpspfvs
[+] /p/vast1/build/spack/opt/spack/linux-rhel7-broadwell/gcc-10.2.1/ncurses-6.2-2xef6sx47tqatqlceqguyz3rza5okbhy
[+] /p/vast1/build/spack/opt/spack/linux-rhel7-broadwell/gcc-10.2.1/libtool-2.4.6-v5tvhyer33lc2hhisqrztia7bmreecdr
[+] /p/vast1/build/spack/opt/spack/linux-rhel7-broadwell/gcc-10.2.1/bzip2-1.0.8-jmjklgubcyryaddwqvzuvzeiq6zfqmst
[+] /p/vast1/build/spack/opt/spack/linux-rhel7-broadwell/gcc-10.2.1/readline-8.1-vfjorqgtmqh3rl5ollaj4n2uusx4foez
[+] /p/vast1/build/spack/opt/spack/linux-rhel7-broadwell/gcc-10.2.1/gdbm-1.19-k5otkqycqsp3sya4vlvqbekdodhy2a2b
[+] /p/vast1/build/spack/opt/spack/linux-rhel7-broadwell/gcc-10.2.1/perl-5.34.0-wimaji5zk5vlms3psvdtvmxifnine4nh
[+] /p/vast1/build/spack/opt/spack/linux-rhel7-broadwell/gcc-10.2.1/autoconf-2.69-pfmcbnykmtv5mjmsmwbesqcoea22hrrx
[+] /p/vast1/build/spack/opt/spack/linux-rhel7-broadwell/gcc-10.2.1/automake-1.16.5-7gugpvl5tq7e3xqgw7wna3fwdlbrszqs
[+] /p/vast1/build/spack/opt/spack/linux-rhel7-broadwell/gcc-10.2.1/libunwind-1.5-stable-jcr7ngxtldgfylgmxm4gkggmltnzhrcr
Testing splicing in (and out) libunwind@1.5.0
[+] /p/vast1/build/spack/opt/spack/linux-rhel7-broadwell/gcc-10.2.1/libunwind-1.5.0-qolipzu4dzqdwwqilpz34qbosuwxtpoa
Testing splicing in (and out) libunwind@1.4.0
[+] /p/vast1/build/spack/opt/spack/linux-rhel7-broadwell/gcc-10.2.1/libunwind-1.4.0-gnggxjg4zorkdskbebgvrcuhvpjymjih
Testing splicing in (and out) libunwind@1.3.1
[+] /p/vast1/build/spack/opt/spack/linux-rhel7-broadwell/gcc-10.2.1/libunwind-1.3.1-72g4vt4tmhajb3bwkqn5rhfmexutvvzm
Testing splicing in (and out) libunwind@1.2.1
[+] /p/vast1/build/spack/opt/spack/linux-rhel7-broadwell/gcc-10.2.1/libunwind-1.2.1-yx7f6iptztz25ivt3n5beosc5lgimn44
Testing splicing in (and out) libunwind@1.1
ELF file '/p/vast1/build/spack/opt/spack/linux-rhel7-broadwell/gcc-10.2.1/caliper-1.9.1-ykw5w4ppaqclxugu5txdt6xaabhah5zj/bin/cali-query' is not ABI compatible with '/p/vast1/build/spack/opt/spack/linux-rhel7-broadwell/gcc-10.2.1/libunwind-1.5.0-qolipzu4dzqdwwqilpz34qbosuwxtpoa/lib/libunwind.so.8.0.1' due to differences with '/p/vast1/build/spack/opt/spack/linux-rhel7-broadwell/gcc-10.2.1/libunwind-1.5.0-qolipzu4dzqdwwqilpz34qbosuwxtpoa/lib/libunwind-setjmp.so.0.0.0' below:
ELF SONAME changed
Functions changes summary: 0 Removed, 0 Changed, 0 Added function
Variables changes summary: 0 Removed, 0 Changed, 0 Added (1 filtered out) variable

SONAME changed from 'libunwind-setjmp.so.0' to 'libunwind.so.8'


ELF file '/p/vast1/build/spack/opt/spack/linux-rhel7-broadwell/gcc-10.2.1/caliper-1.9.1-ykw5w4ppaqclxugu5txdt6xaabhah5zj/bin/cali-query' is not ABI compatible with '/p/vast1/build/spack/opt/spack/linux-rhel7-broadwell/gcc-10.2.1/libunwind-1.5.0-qolipzu4dzqdwwqilpz34qbosuwxtpoa/lib/libunwind.so.8.0.1' due to differences with '/p/vast1/build/spack/opt/spack/linux-rhel7-broadwell/gcc-10.2.1/libunwind-1.5.0-qolipzu4dzqdwwqilpz34qbosuwxtpoa/lib/libunwind-x86_64.so.8.0.1' below:
ELF SONAME changed
Functions changes summary: 0 Removed, 0 Changed, 0 Added function
Variables changes summary: 1 Removed, 0 Changed, 0 Added (1 filtered out) variables

SONAME changed from 'libunwind-x86_64.so.8' to 'libunwind.so.8'

1 Removed variable:

  [D] 'unw_addr_space_t _Ux86_64_local_addr_space'    {_Ux86_64_local_addr_space}


ELF file '/p/vast1/build/spack/opt/spack/linux-rhel7-broadwell/gcc-10.2.1/caliper-1.9.1-ykw5w4ppaqclxugu5txdt6xaabhah5zj/bin/cali-stat' is not ABI compatible with '/p/vast1/build/spack/opt/spack/linux-rhel7-broadwell/gcc-10.2.1/libunwind-1.5.0-qolipzu4dzqdwwqilpz34qbosuwxtpoa/lib/libunwind.so.8.0.1' due to differences with '/p/vast1/build/spack/opt/spack/linux-rhel7-broadwell/gcc-10.2.1/libunwind-1.5.0-qolipzu4dzqdwwqilpz34qbosuwxtpoa/lib/libunwind-setjmp.so.0.0.0' below:
ELF SONAME changed
Functions changes summary: 0 Removed, 0 Changed, 0 Added function
Variables changes summary: 0 Removed, 0 Changed, 0 Added variable

SONAME changed from 'libunwind-setjmp.so.0' to 'libunwind.so.8'


ELF file '/p/vast1/build/spack/opt/spack/linux-rhel7-broadwell/gcc-10.2.1/caliper-1.9.1-ykw5w4ppaqclxugu5txdt6xaabhah5zj/bin/cali-stat' is not ABI compatible with '/p/vast1/build/spack/opt/spack/linux-rhel7-broadwell/gcc-10.2.1/libunwind-1.5.0-qolipzu4dzqdwwqilpz34qbosuwxtpoa/lib/libunwind.so.8.0.1' due to differences with '/p/vast1/build/spack/opt/spack/linux-rhel7-broadwell/gcc-10.2.1/libunwind-1.5.0-qolipzu4dzqdwwqilpz34qbosuwxtpoa/lib/libunwind-x86_64.so.8.0.1' below:
ELF SONAME changed
Functions changes summary: 0 Removed, 0 Changed, 0 Added function
Variables changes summary: 0 Removed, 0 Changed, 0 Added variable

SONAME changed from 'libunwind-x86_64.so.8' to 'libunwind.so.8'


ELF file '/p/vast1/build/spack/opt/spack/linux-rhel7-broadwell/gcc-10.2.1/caliper-1.9.1-ykw5w4ppaqclxugu5txdt6xaabhah5zj/bin/cali-graph' is not ABI compatible with '/p/vast1/build/spack/opt/spack/linux-rhel7-broadwell/gcc-10.2.1/libunwind-1.5.0-qolipzu4dzqdwwqilpz34qbosuwxtpoa/lib/libunwind.so.8.0.1' due to differences with '/p/vast1/build/spack/opt/spack/linux-rhel7-broadwell/gcc-10.2.1/libunwind-1.5.0-qolipzu4dzqdwwqilpz34qbosuwxtpoa/lib/libunwind-setjmp.so.0.0.0' below:
ELF SONAME changed
Functions changes summary: 0 Removed, 0 Changed, 0 Added function
Variables changes summary: 0 Removed, 0 Changed, 0 Added (1 filtered out) variable

SONAME changed from 'libunwind-setjmp.so.0' to 'libunwind.so.8'


ELF file '/p/vast1/build/spack/opt/spack/linux-rhel7-broadwell/gcc-10.2.1/caliper-1.9.1-ykw5w4ppaqclxugu5txdt6xaabhah5zj/bin/cali-graph' is not ABI compatible with '/p/vast1/build/spack/opt/spack/linux-rhel7-broadwell/gcc-10.2.1/libunwind-1.5.0-qolipzu4dzqdwwqilpz34qbosuwxtpoa/lib/libunwind.so.8.0.1' due to differences with '/p/vast1/build/spack/opt/spack/linux-rhel7-broadwell/gcc-10.2.1/libunwind-1.5.0-qolipzu4dzqdwwqilpz34qbosuwxtpoa/lib/libunwind-x86_64.so.8.0.1' below:
ELF SONAME changed
Functions changes summary: 0 Removed, 0 Changed, 0 Added function
Variables changes summary: 1 Removed, 0 Changed, 0 Added (1 filtered out) variables

SONAME changed from 'libunwind-x86_64.so.8' to 'libunwind.so.8'

1 Removed variable:

  [D] 'unw_addr_space_t _Ux86_64_local_addr_space'    {_Ux86_64_local_addr_space}


{'spack-test': [{'message': '==> Spack test fqokqyjl6r3lvzobmhy26252csdpv3hf\n==> Testing package caliper-1.9.1-ykw5w4p\n============================= 1 passed of 1 specs ==============================\n', 'return_code': 0, 'prediction': True, 'command': '/p/vast1/build/spack/bin/spack test run /ykw5w4'}], 'symbolator': [{'missing': [], 'selected': [['libunwind.so.8', 'libunwind.so.8'], ['libc.so.6', 'libc.so.6'], ['libgcc_s.so.1', 'libgcc_s.so.1']], 'binary': '/p/vast1/build/spack/opt/spack/linux-rhel7-broadwell/gcc-10.2.1/caliper-1.9.1-ykw5w4ppaqclxugu5txdt6xaabhah5zj/bin/cali-query', 'splice_type': 'same_lib', 'lib': '/p/vast1/build/spack/opt/spack/linux-rhel7-broadwell/gcc-10.2.1/libunwind-1.5.0-qolipzu4dzqdwwqilpz34qbosuwxtpoa/lib/libunwind-setjmp.so.0.0.0', 'prediction': True}, {'missing': [], 'selected': [['libunwind.so.8', 'libunwind.so.8'], ['libc.so.6', 'libc.so.6'], ['libgcc_s.so.1', 'libgcc_s.so.1']], 'binary': '/p/vast1/build/spack/opt/spack/linux-rhel7-broadwell/gcc-10.2.1/caliper-1.9.1-ykw5w4ppaqclxugu5txdt6xaabhah5zj/bin/cali-query', 'splice_type': 'same_lib', 'lib': '/p/vast1/build/spack/opt/spack/linux-rhel7-broadwell/gcc-10.2.1/libunwind-1.5.0-qolipzu4dzqdwwqilpz34qbosuwxtpoa/lib/libunwind-x86_64.so.8.0.1', 'prediction': True}, {'missing': [], 'selected': [['libunwind.so.8.0.1', 'libunwind.so.8'], ['libc.so.6', 'libc.so.6'], ['libgcc_s.so.1', 'libgcc_s.so.1']], 'binary': '/p/vast1/build/spack/opt/spack/linux-rhel7-broadwell/gcc-10.2.1/caliper-1.9.1-ykw5w4ppaqclxugu5txdt6xaabhah5zj/bin/cali-query', 'splice_type': 'same_lib', 'lib': '/p/vast1/build/spack/opt/spack/linux-rhel7-broadwell/gcc-10.2.1/libunwind-1.5.0-qolipzu4dzqdwwqilpz34qbosuwxtpoa/lib/libunwind.so.8.0.1', 'prediction': True}, {'missing': [], 'selected': [['libunwind.so.8', 'libunwind.so.8'], ['libc.so.6', 'libc.so.6'], ['libgcc_s.so.1', 'libgcc_s.so.1']], 'binary': '/p/vast1/build/spack/opt/spack/linux-rhel7-broadwell/gcc-10.2.1/caliper-1.9.1-ykw5w4ppaqclxugu5txdt6xaabhah5zj/bin/cali-stat', 'splice_type': 'same_lib', 'lib': '/p/vast1/build/spack/opt/spack/linux-rhel7-broadwell/gcc-10.2.1/libunwind-1.5.0-qolipzu4dzqdwwqilpz34qbosuwxtpoa/lib/libunwind-setjmp.so.0.0.0', 'prediction': True}, {'missing': [], 'selected': [['libunwind.so.8', 'libunwind.so.8'], ['libc.so.6', 'libc.so.6'], ['libgcc_s.so.1', 'libgcc_s.so.1']], 'binary': '/p/vast1/build/spack/opt/spack/linux-rhel7-broadwell/gcc-10.2.1/caliper-1.9.1-ykw5w4ppaqclxugu5txdt6xaabhah5zj/bin/cali-stat', 'splice_type': 'same_lib', 'lib': '/p/vast1/build/spack/opt/spack/linux-rhel7-broadwell/gcc-10.2.1/libunwind-1.5.0-qolipzu4dzqdwwqilpz34qbosuwxtpoa/lib/libunwind-x86_64.so.8.0.1', 'prediction': True}, {'missing': [], 'selected': [['libunwind.so.8.0.1', 'libunwind.so.8'], ['libc.so.6', 'libc.so.6'], ['libgcc_s.so.1', 'libgcc_s.so.1']], 'binary': '/p/vast1/build/spack/opt/spack/linux-rhel7-broadwell/gcc-10.2.1/caliper-1.9.1-ykw5w4ppaqclxugu5txdt6xaabhah5zj/bin/cali-stat', 'splice_type': 'same_lib', 'lib': '/p/vast1/build/spack/opt/spack/linux-rhel7-broadwell/gcc-10.2.1/libunwind-1.5.0-qolipzu4dzqdwwqilpz34qbosuwxtpoa/lib/libunwind.so.8.0.1', 'prediction': True}, {'missing': [], 'selected': [['libunwind.so.8', 'libunwind.so.8'], ['libc.so.6', 'libc.so.6'], ['libgcc_s.so.1', 'libgcc_s.so.1']], 'binary': '/p/vast1/build/spack/opt/spack/linux-rhel7-broadwell/gcc-10.2.1/caliper-1.9.1-ykw5w4ppaqclxugu5txdt6xaabhah5zj/bin/cali-graph', 'splice_type': 'same_lib', 'lib': '/p/vast1/build/spack/opt/spack/linux-rhel7-broadwell/gcc-10.2.1/libunwind-1.5.0-qolipzu4dzqdwwqilpz34qbosuwxtpoa/lib/libunwind-setjmp.so.0.0.0', 'prediction': True}, {'missing': [], 'selected': [['libunwind.so.8', 'libunwind.so.8'], ['libc.so.6', 'libc.so.6'], ['libgcc_s.so.1', 'libgcc_s.so.1']], 'binary': '/p/vast1/build/spack/opt/spack/linux-rhel7-broadwell/gcc-10.2.1/caliper-1.9.1-ykw5w4ppaqclxugu5txdt6xaabhah5zj/bin/cali-graph', 'splice_type': 'same_lib', 'lib': '/p/vast1/build/spack/opt/spack/linux-rhel7-broadwell/gcc-10.2.1/libunwind-1.5.0-qolipzu4dzqdwwqilpz34qbosuwxtpoa/lib/libunwind-x86_64.so.8.0.1', 'prediction': True}, {'missing': [], 'selected': [['libunwind.so.8.0.1', 'libunwind.so.8'], ['libc.so.6', 'libc.so.6'], ['libgcc_s.so.1', 'libgcc_s.so.1']], 'binary': '/p/vast1/build/spack/opt/spack/linux-rhel7-broadwell/gcc-10.2.1/caliper-1.9.1-ykw5w4ppaqclxugu5txdt6xaabhah5zj/bin/cali-graph', 'splice_type': 'same_lib', 'lib': '/p/vast1/build/spack/opt/spack/linux-rhel7-broadwell/gcc-10.2.1/libunwind-1.5.0-qolipzu4dzqdwwqilpz34qbosuwxtpoa/lib/libunwind.so.8.0.1', 'prediction': True}], 'libabigail': [{'message': '', 'return_code': 0, 'binary': '/p/vast1/build/spack/opt/spack/linux-rhel7-broadwell/gcc-10.2.1/caliper-1.9.1-ykw5w4ppaqclxugu5txdt6xaabhah5zj/bin/cali-query', 'splice_type': 'same_lib', 'lib': '/p/vast1/build/spack/opt/spack/linux-rhel7-broadwell/gcc-10.2.1/libunwind-1.5.0-qolipzu4dzqdwwqilpz34qbosuwxtpoa/lib/libunwind-setjmp.so.0.0.0', 'original_lib': '/p/vast1/build/spack/opt/spack/linux-rhel7-broadwell/gcc-10.2.1/libunwind-1.5.0-qolipzu4dzqdwwqilpz34qbosuwxtpoa/lib/libunwind-setjmp.so.0.0.0', 'prediction': True}, {'message': '', 'return_code': 0, 'binary': '/p/vast1/build/spack/opt/spack/linux-rhel7-broadwell/gcc-10.2.1/caliper-1.9.1-ykw5w4ppaqclxugu5txdt6xaabhah5zj/bin/cali-query', 'splice_type': 'same_lib', 'lib': '/p/vast1/build/spack/opt/spack/linux-rhel7-broadwell/gcc-10.2.1/libunwind-1.5.0-qolipzu4dzqdwwqilpz34qbosuwxtpoa/lib/libunwind-x86_64.so.8.0.1', 'original_lib': '/p/vast1/build/spack/opt/spack/linux-rhel7-broadwell/gcc-10.2.1/libunwind-1.5.0-qolipzu4dzqdwwqilpz34qbosuwxtpoa/lib/libunwind-x86_64.so.8.0.1', 'prediction': True}, {'message': "ELF file '/p/vast1/build/spack/opt/spack/linux-rhel7-broadwell/gcc-10.2.1/caliper-1.9.1-ykw5w4ppaqclxugu5txdt6xaabhah5zj/bin/cali-query' is not ABI compatible with '/p/vast1/build/spack/opt/spack/linux-rhel7-broadwell/gcc-10.2.1/libunwind-1.5.0-qolipzu4dzqdwwqilpz34qbosuwxtpoa/lib/libunwind.so.8.0.1' due to differences with '/p/vast1/build/spack/opt/spack/linux-rhel7-broadwell/gcc-10.2.1/libunwind-1.5.0-qolipzu4dzqdwwqilpz34qbosuwxtpoa/lib/libunwind-setjmp.so.0.0.0' below:\nELF SONAME changed\nFunctions changes summary: 0 Removed, 0 Changed, 0 Added function\nVariables changes summary: 0 Removed, 0 Changed, 0 Added (1 filtered out) variable\n\nSONAME changed from 'libunwind-setjmp.so.0' to 'libunwind.so.8'\n\n", 'return_code': 12, 'binary': '/p/vast1/build/spack/opt/spack/linux-rhel7-broadwell/gcc-10.2.1/caliper-1.9.1-ykw5w4ppaqclxugu5txdt6xaabhah5zj/bin/cali-query', 'splice_type': 'same_lib', 'lib': '/p/vast1/build/spack/opt/spack/linux-rhel7-broadwell/gcc-10.2.1/libunwind-1.5.0-qolipzu4dzqdwwqilpz34qbosuwxtpoa/lib/libunwind.so.8.0.1', 'original_lib': '/p/vast1/build/spack/opt/spack/linux-rhel7-broadwell/gcc-10.2.1/libunwind-1.5.0-qolipzu4dzqdwwqilpz34qbosuwxtpoa/lib/libunwind.so.8.0.1', 'prediction': False}, {'message': "ELF file '/p/vast1/build/spack/opt/spack/linux-rhel7-broadwell/gcc-10.2.1/caliper-1.9.1-ykw5w4ppaqclxugu5txdt6xaabhah5zj/bin/cali-query' is not ABI compatible with '/p/vast1/build/spack/opt/spack/linux-rhel7-broadwell/gcc-10.2.1/libunwind-1.5.0-qolipzu4dzqdwwqilpz34qbosuwxtpoa/lib/libunwind.so.8.0.1' due to differences with '/p/vast1/build/spack/opt/spack/linux-rhel7-broadwell/gcc-10.2.1/libunwind-1.5.0-qolipzu4dzqdwwqilpz34qbosuwxtpoa/lib/libunwind-x86_64.so.8.0.1' below:\nELF SONAME changed\nFunctions changes summary: 0 Removed, 0 Changed, 0 Added function\nVariables changes summary: 1 Removed, 0 Changed, 0 Added (1 filtered out) variables\n\nSONAME changed from 'libunwind-x86_64.so.8' to 'libunwind.so.8'\n\n1 Removed variable:\n\n  [D] 'unw_addr_space_t _Ux86_64_local_addr_space'    {_Ux86_64_local_addr_space}\n\n", 'return_code': 12, 'binary': '/p/vast1/build/spack/opt/spack/linux-rhel7-broadwell/gcc-10.2.1/caliper-1.9.1-ykw5w4ppaqclxugu5txdt6xaabhah5zj/bin/cali-query', 'splice_type': 'same_lib', 'lib': '/p/vast1/build/spack/opt/spack/linux-rhel7-broadwell/gcc-10.2.1/libunwind-1.5.0-qolipzu4dzqdwwqilpz34qbosuwxtpoa/lib/libunwind.so.8.0.1', 'original_lib': '/p/vast1/build/spack/opt/spack/linux-rhel7-broadwell/gcc-10.2.1/libunwind-1.5.0-qolipzu4dzqdwwqilpz34qbosuwxtpoa/lib/libunwind.so.8.0.1', 'prediction': False}, {'message': '', 'return_code': 0, 'binary': '/p/vast1/build/spack/opt/spack/linux-rhel7-broadwell/gcc-10.2.1/caliper-1.9.1-ykw5w4ppaqclxugu5txdt6xaabhah5zj/bin/cali-query', 'splice_type': 'same_lib', 'lib': '/p/vast1/build/spack/opt/spack/linux-rhel7-broadwell/gcc-10.2.1/libunwind-1.5.0-qolipzu4dzqdwwqilpz34qbosuwxtpoa/lib/libunwind.so.8.0.1', 'original_lib': '/p/vast1/build/spack/opt/spack/linux-rhel7-broadwell/gcc-10.2.1/libunwind-1.5.0-qolipzu4dzqdwwqilpz34qbosuwxtpoa/lib/libunwind.so.8.0.1', 'prediction': True}, {'message': '', 'return_code': 0, 'binary': '/p/vast1/build/spack/opt/spack/linux-rhel7-broadwell/gcc-10.2.1/caliper-1.9.1-ykw5w4ppaqclxugu5txdt6xaabhah5zj/bin/cali-stat', 'splice_type': 'same_lib', 'lib': '/p/vast1/build/spack/opt/spack/linux-rhel7-broadwell/gcc-10.2.1/libunwind-1.5.0-qolipzu4dzqdwwqilpz34qbosuwxtpoa/lib/libunwind-setjmp.so.0.0.0', 'original_lib': '/p/vast1/build/spack/opt/spack/linux-rhel7-broadwell/gcc-10.2.1/libunwind-1.5.0-qolipzu4dzqdwwqilpz34qbosuwxtpoa/lib/libunwind-setjmp.so.0.0.0', 'prediction': True}, {'message': '', 'return_code': 0, 'binary': '/p/vast1/build/spack/opt/spack/linux-rhel7-broadwell/gcc-10.2.1/caliper-1.9.1-ykw5w4ppaqclxugu5txdt6xaabhah5zj/bin/cali-stat', 'splice_type': 'same_lib', 'lib': '/p/vast1/build/spack/opt/spack/linux-rhel7-broadwell/gcc-10.2.1/libunwind-1.5.0-qolipzu4dzqdwwqilpz34qbosuwxtpoa/lib/libunwind-x86_64.so.8.0.1', 'original_lib': '/p/vast1/build/spack/opt/spack/linux-rhel7-broadwell/gcc-10.2.1/libunwind-1.5.0-qolipzu4dzqdwwqilpz34qbosuwxtpoa/lib/libunwind-x86_64.so.8.0.1', 'prediction': True}, {'message': "ELF file '/p/vast1/build/spack/opt/spack/linux-rhel7-broadwell/gcc-10.2.1/caliper-1.9.1-ykw5w4ppaqclxugu5txdt6xaabhah5zj/bin/cali-stat' is not ABI compatible with '/p/vast1/build/spack/opt/spack/linux-rhel7-broadwell/gcc-10.2.1/libunwind-1.5.0-qolipzu4dzqdwwqilpz34qbosuwxtpoa/lib/libunwind.so.8.0.1' due to differences with '/p/vast1/build/spack/opt/spack/linux-rhel7-broadwell/gcc-10.2.1/libunwind-1.5.0-qolipzu4dzqdwwqilpz34qbosuwxtpoa/lib/libunwind-setjmp.so.0.0.0' below:\nELF SONAME changed\nFunctions changes summary: 0 Removed, 0 Changed, 0 Added function\nVariables changes summary: 0 Removed, 0 Changed, 0 Added variable\n\nSONAME changed from 'libunwind-setjmp.so.0' to 'libunwind.so.8'\n\n", 'return_code': 12, 'binary': '/p/vast1/build/spack/opt/spack/linux-rhel7-broadwell/gcc-10.2.1/caliper-1.9.1-ykw5w4ppaqclxugu5txdt6xaabhah5zj/bin/cali-stat', 'splice_type': 'same_lib', 'lib': '/p/vast1/build/spack/opt/spack/linux-rhel7-broadwell/gcc-10.2.1/libunwind-1.5.0-qolipzu4dzqdwwqilpz34qbosuwxtpoa/lib/libunwind.so.8.0.1', 'original_lib': '/p/vast1/build/spack/opt/spack/linux-rhel7-broadwell/gcc-10.2.1/libunwind-1.5.0-qolipzu4dzqdwwqilpz34qbosuwxtpoa/lib/libunwind.so.8.0.1', 'prediction': False}, {'message': "ELF file '/p/vast1/build/spack/opt/spack/linux-rhel7-broadwell/gcc-10.2.1/caliper-1.9.1-ykw5w4ppaqclxugu5txdt6xaabhah5zj/bin/cali-stat' is not ABI compatible with '/p/vast1/build/spack/opt/spack/linux-rhel7-broadwell/gcc-10.2.1/libunwind-1.5.0-qolipzu4dzqdwwqilpz34qbosuwxtpoa/lib/libunwind.so.8.0.1' due to differences with '/p/vast1/build/spack/opt/spack/linux-rhel7-broadwell/gcc-10.2.1/libunwind-1.5.0-qolipzu4dzqdwwqilpz34qbosuwxtpoa/lib/libunwind-x86_64.so.8.0.1' below:\nELF SONAME changed\nFunctions changes summary: 0 Removed, 0 Changed, 0 Added function\nVariables changes summary: 0 Removed, 0 Changed, 0 Added variable\n\nSONAME changed from 'libunwind-x86_64.so.8' to 'libunwind.so.8'\n\n", 'return_code': 12, 'binary': '/p/vast1/build/spack/opt/spack/linux-rhel7-broadwell/gcc-10.2.1/caliper-1.9.1-ykw5w4ppaqclxugu5txdt6xaabhah5zj/bin/cali-stat', 'splice_type': 'same_lib', 'lib': '/p/vast1/build/spack/opt/spack/linux-rhel7-broadwell/gcc-10.2.1/libunwind-1.5.0-qolipzu4dzqdwwqilpz34qbosuwxtpoa/lib/libunwind.so.8.0.1', 'original_lib': '/p/vast1/build/spack/opt/spack/linux-rhel7-broadwell/gcc-10.2.1/libunwind-1.5.0-qolipzu4dzqdwwqilpz34qbosuwxtpoa/lib/libunwind.so.8.0.1', 'prediction': False}, {'message': '', 'return_code': 0, 'binary': '/p/vast1/build/spack/opt/spack/linux-rhel7-broadwell/gcc-10.2.1/caliper-1.9.1-ykw5w4ppaqclxugu5txdt6xaabhah5zj/bin/cali-stat', 'splice_type': 'same_lib', 'lib': '/p/vast1/build/spack/opt/spack/linux-rhel7-broadwell/gcc-10.2.1/libunwind-1.5.0-qolipzu4dzqdwwqilpz34qbosuwxtpoa/lib/libunwind.so.8.0.1', 'original_lib': '/p/vast1/build/spack/opt/spack/linux-rhel7-broadwell/gcc-10.2.1/libunwind-1.5.0-qolipzu4dzqdwwqilpz34qbosuwxtpoa/lib/libunwind.so.8.0.1', 'prediction': True}, {'message': '', 'return_code': 0, 'binary': '/p/vast1/build/spack/opt/spack/linux-rhel7-broadwell/gcc-10.2.1/caliper-1.9.1-ykw5w4ppaqclxugu5txdt6xaabhah5zj/bin/cali-graph', 'splice_type': 'same_lib', 'lib': '/p/vast1/build/spack/opt/spack/linux-rhel7-broadwell/gcc-10.2.1/libunwind-1.5.0-qolipzu4dzqdwwqilpz34qbosuwxtpoa/lib/libunwind-setjmp.so.0.0.0', 'original_lib': '/p/vast1/build/spack/opt/spack/linux-rhel7-broadwell/gcc-10.2.1/libunwind-1.5.0-qolipzu4dzqdwwqilpz34qbosuwxtpoa/lib/libunwind-setjmp.so.0.0.0', 'prediction': True}, {'message': '', 'return_code': 0, 'binary': '/p/vast1/build/spack/opt/spack/linux-rhel7-broadwell/gcc-10.2.1/caliper-1.9.1-ykw5w4ppaqclxugu5txdt6xaabhah5zj/bin/cali-graph', 'splice_type': 'same_lib', 'lib': '/p/vast1/build/spack/opt/spack/linux-rhel7-broadwell/gcc-10.2.1/libunwind-1.5.0-qolipzu4dzqdwwqilpz34qbosuwxtpoa/lib/libunwind-x86_64.so.8.0.1', 'original_lib': '/p/vast1/build/spack/opt/spack/linux-rhel7-broadwell/gcc-10.2.1/libunwind-1.5.0-qolipzu4dzqdwwqilpz34qbosuwxtpoa/lib/libunwind-x86_64.so.8.0.1', 'prediction': True}, {'message': "ELF file '/p/vast1/build/spack/opt/spack/linux-rhel7-broadwell/gcc-10.2.1/caliper-1.9.1-ykw5w4ppaqclxugu5txdt6xaabhah5zj/bin/cali-graph' is not ABI compatible with '/p/vast1/build/spack/opt/spack/linux-rhel7-broadwell/gcc-10.2.1/libunwind-1.5.0-qolipzu4dzqdwwqilpz34qbosuwxtpoa/lib/libunwind.so.8.0.1' due to differences with '/p/vast1/build/spack/opt/spack/linux-rhel7-broadwell/gcc-10.2.1/libunwind-1.5.0-qolipzu4dzqdwwqilpz34qbosuwxtpoa/lib/libunwind-setjmp.so.0.0.0' below:\nELF SONAME changed\nFunctions changes summary: 0 Removed, 0 Changed, 0 Added function\nVariables changes summary: 0 Removed, 0 Changed, 0 Added (1 filtered out) variable\n\nSONAME changed from 'libunwind-setjmp.so.0' to 'libunwind.so.8'\n\n", 'return_code': 12, 'binary': '/p/vast1/build/spack/opt/spack/linux-rhel7-broadwell/gcc-10.2.1/caliper-1.9.1-ykw5w4ppaqclxugu5txdt6xaabhah5zj/bin/cali-graph', 'splice_type': 'same_lib', 'lib': '/p/vast1/build/spack/opt/spack/linux-rhel7-broadwell/gcc-10.2.1/libunwind-1.5.0-qolipzu4dzqdwwqilpz34qbosuwxtpoa/lib/libunwind.so.8.0.1', 'original_lib': '/p/vast1/build/spack/opt/spack/linux-rhel7-broadwell/gcc-10.2.1/libunwind-1.5.0-qolipzu4dzqdwwqilpz34qbosuwxtpoa/lib/libunwind.so.8.0.1', 'prediction': False}, {'message': "ELF file '/p/vast1/build/spack/opt/spack/linux-rhel7-broadwell/gcc-10.2.1/caliper-1.9.1-ykw5w4ppaqclxugu5txdt6xaabhah5zj/bin/cali-graph' is not ABI compatible with '/p/vast1/build/spack/opt/spack/linux-rhel7-broadwell/gcc-10.2.1/libunwind-1.5.0-qolipzu4dzqdwwqilpz34qbosuwxtpoa/lib/libunwind.so.8.0.1' due to differences with '/p/vast1/build/spack/opt/spack/linux-rhel7-broadwell/gcc-10.2.1/libunwind-1.5.0-qolipzu4dzqdwwqilpz34qbosuwxtpoa/lib/libunwind-x86_64.so.8.0.1' below:\nELF SONAME changed\nFunctions changes summary: 0 Removed, 0 Changed, 0 Added function\nVariables changes summary: 1 Removed, 0 Changed, 0 Added (1 filtered out) variables\n\nSONAME changed from 'libunwind-x86_64.so.8' to 'libunwind.so.8'\n\n1 Removed variable:\n\n  [D] 'unw_addr_space_t _Ux86_64_local_addr_space'    {_Ux86_64_local_addr_space}\n\n", 'return_code': 12, 'binary': '/p/vast1/build/spack/opt/spack/linux-rhel7-broadwell/gcc-10.2.1/caliper-1.9.1-ykw5w4ppaqclxugu5txdt6xaabhah5zj/bin/cali-graph', 'splice_type': 'same_lib', 'lib': '/p/vast1/build/spack/opt/spack/linux-rhel7-broadwell/gcc-10.2.1/libunwind-1.5.0-qolipzu4dzqdwwqilpz34qbosuwxtpoa/lib/libunwind.so.8.0.1', 'original_lib': '/p/vast1/build/spack/opt/spack/linux-rhel7-broadwell/gcc-10.2.1/libunwind-1.5.0-qolipzu4dzqdwwqilpz34qbosuwxtpoa/lib/libunwind.so.8.0.1', 'prediction': False}, {'message': '', 'return_code': 0, 'binary': '/p/vast1/build/spack/opt/spack/linux-rhel7-broadwell/gcc-10.2.1/caliper-1.9.1-ykw5w4ppaqclxugu5txdt6xaabhah5zj/bin/cali-graph', 'splice_type': 'same_lib', 'lib': '/p/vast1/build/spack/opt/spack/linux-rhel7-broadwell/gcc-10.2.1/libunwind-1.5.0-qolipzu4dzqdwwqilpz34qbosuwxtpoa/lib/libunwind.so.8.0.1', 'original_lib': '/p/vast1/build/spack/opt/spack/linux-rhel7-broadwell/gcc-10.2.1/libunwind-1.5.0-qolipzu4dzqdwwqilpz34qbosuwxtpoa/lib/libunwind.so.8.0.1', 'prediction': True}]}
ELF file '/p/vast1/build/spack/opt/spack/linux-rhel7-broadwell/gcc-10.2.1/caliper-1.9.1-s6pbythgnpd2nzgnodinaygls7zjwcv7/bin/cali-stat' is not ABI compatible with '/p/vast1/build/spack/opt/spack/linux-rhel7-broadwell/gcc-10.2.1/libunwind-1.4.0-gnggxjg4zorkdskbebgvrcuhvpjymjih/lib/libunwind.so.8.0.1' due to differences with '/p/vast1/build/spack/opt/spack/linux-rhel7-broadwell/gcc-10.2.1/libunwind-1.5.0-qolipzu4dzqdwwqilpz34qbosuwxtpoa/lib/libunwind-setjmp.so.0.0.0' below:
ELF SONAME changed
Functions changes summary: 0 Removed, 0 Changed, 0 Added function
Variables changes summary: 0 Removed, 0 Changed, 0 Added variable

SONAME changed from 'libunwind-setjmp.so.0' to 'libunwind.so.8'


ELF file '/p/vast1/build/spack/opt/spack/linux-rhel7-broadwell/gcc-10.2.1/caliper-1.9.1-s6pbythgnpd2nzgnodinaygls7zjwcv7/bin/cali-stat' is not ABI compatible with '/p/vast1/build/spack/opt/spack/linux-rhel7-broadwell/gcc-10.2.1/libunwind-1.4.0-gnggxjg4zorkdskbebgvrcuhvpjymjih/lib/libunwind.so.8.0.1' due to differences with '/p/vast1/build/spack/opt/spack/linux-rhel7-broadwell/gcc-10.2.1/libunwind-1.5.0-qolipzu4dzqdwwqilpz34qbosuwxtpoa/lib/libunwind-x86_64.so.8.0.1' below:
ELF SONAME changed
Functions changes summary: 0 Removed, 0 Changed, 0 Added function
Variables changes summary: 0 Removed, 0 Changed, 0 Added variable

SONAME changed from 'libunwind-x86_64.so.8' to 'libunwind.so.8'


ELF file '/p/vast1/build/spack/opt/spack/linux-rhel7-broadwell/gcc-10.2.1/caliper-1.9.1-s6pbythgnpd2nzgnodinaygls7zjwcv7/bin/cali-query' is not ABI compatible with '/p/vast1/build/spack/opt/spack/linux-rhel7-broadwell/gcc-10.2.1/libunwind-1.4.0-gnggxjg4zorkdskbebgvrcuhvpjymjih/lib/libunwind.so.8.0.1' due to differences with '/p/vast1/build/spack/opt/spack/linux-rhel7-broadwell/gcc-10.2.1/libunwind-1.5.0-qolipzu4dzqdwwqilpz34qbosuwxtpoa/lib/libunwind-setjmp.so.0.0.0' below:
ELF SONAME changed
Functions changes summary: 0 Removed, 0 Changed, 0 Added function
Variables changes summary: 0 Removed, 0 Changed, 0 Added (1 filtered out) variable

SONAME changed from 'libunwind-setjmp.so.0' to 'libunwind.so.8'


ELF file '/p/vast1/build/spack/opt/spack/linux-rhel7-broadwell/gcc-10.2.1/caliper-1.9.1-s6pbythgnpd2nzgnodinaygls7zjwcv7/bin/cali-query' is not ABI compatible with '/p/vast1/build/spack/opt/spack/linux-rhel7-broadwell/gcc-10.2.1/libunwind-1.4.0-gnggxjg4zorkdskbebgvrcuhvpjymjih/lib/libunwind.so.8.0.1' due to differences with '/p/vast1/build/spack/opt/spack/linux-rhel7-broadwell/gcc-10.2.1/libunwind-1.5.0-qolipzu4dzqdwwqilpz34qbosuwxtpoa/lib/libunwind-x86_64.so.8.0.1' below:
ELF SONAME changed
Functions changes summary: 0 Removed, 0 Changed, 0 Added function
Variables changes summary: 1 Removed, 0 Changed, 0 Added (1 filtered out) variables

SONAME changed from 'libunwind-x86_64.so.8' to 'libunwind.so.8'

1 Removed variable:

  [D] 'unw_addr_space_t _Ux86_64_local_addr_space'    {_Ux86_64_local_addr_space}


ELF file '/p/vast1/build/spack/opt/spack/linux-rhel7-broadwell/gcc-10.2.1/caliper-1.9.1-s6pbythgnpd2nzgnodinaygls7zjwcv7/bin/cali-graph' is not ABI compatible with '/p/vast1/build/spack/opt/spack/linux-rhel7-broadwell/gcc-10.2.1/libunwind-1.4.0-gnggxjg4zorkdskbebgvrcuhvpjymjih/lib/libunwind.so.8.0.1' due to differences with '/p/vast1/build/spack/opt/spack/linux-rhel7-broadwell/gcc-10.2.1/libunwind-1.5.0-qolipzu4dzqdwwqilpz34qbosuwxtpoa/lib/libunwind-setjmp.so.0.0.0' below:
ELF SONAME changed
Functions changes summary: 0 Removed, 0 Changed, 0 Added function
Variables changes summary: 0 Removed, 0 Changed, 0 Added (1 filtered out) variable

SONAME changed from 'libunwind-setjmp.so.0' to 'libunwind.so.8'


ELF file '/p/vast1/build/spack/opt/spack/linux-rhel7-broadwell/gcc-10.2.1/caliper-1.9.1-s6pbythgnpd2nzgnodinaygls7zjwcv7/bin/cali-graph' is not ABI compatible with '/p/vast1/build/spack/opt/spack/linux-rhel7-broadwell/gcc-10.2.1/libunwind-1.4.0-gnggxjg4zorkdskbebgvrcuhvpjymjih/lib/libunwind.so.8.0.1' due to differences with '/p/vast1/build/spack/opt/spack/linux-rhel7-broadwell/gcc-10.2.1/libunwind-1.5.0-qolipzu4dzqdwwqilpz34qbosuwxtpoa/lib/libunwind-x86_64.so.8.0.1' below:
ELF SONAME changed
Functions changes summary: 0 Removed, 0 Changed, 0 Added function
Variables changes summary: 1 Removed, 0 Changed, 0 Added (1 filtered out) variables

SONAME changed from 'libunwind-x86_64.so.8' to 'libunwind.so.8'

1 Removed variable:

  [D] 'unw_addr_space_t _Ux86_64_local_addr_space'    {_Ux86_64_local_addr_space}


{'spack-test': [{'message': '==> Spack test x5p7hp7cwrvffo6pvebk36dprepseu7k\n==> Testing package caliper-1.9.1-s6pbyth\n============================= 1 passed of 1 specs ==============================\n', 'return_code': 0, 'prediction': True, 'command': '/p/vast1/build/spack/bin/spack test run /s6pbyt'}], 'symbolator': [{'missing': [], 'selected': [['libunwind.so.8', 'libunwind.so.8'], ['libc.so.6', 'libc.so.6'], ['libgcc_s.so.1', 'libgcc_s.so.1']], 'binary': '/p/vast1/build/spack/opt/spack/linux-rhel7-broadwell/gcc-10.2.1/caliper-1.9.1-s6pbythgnpd2nzgnodinaygls7zjwcv7/bin/cali-stat', 'splice_type': 'same_lib', 'lib': '/p/vast1/build/spack/opt/spack/linux-rhel7-broadwell/gcc-10.2.1/libunwind-1.4.0-gnggxjg4zorkdskbebgvrcuhvpjymjih/lib/libunwind-x86_64.so.8.0.1', 'prediction': True}, {'missing': [], 'selected': [['libunwind.so.8', 'libunwind.so.8'], ['libc.so.6', 'libc.so.6'], ['libgcc_s.so.1', 'libgcc_s.so.1']], 'binary': '/p/vast1/build/spack/opt/spack/linux-rhel7-broadwell/gcc-10.2.1/caliper-1.9.1-s6pbythgnpd2nzgnodinaygls7zjwcv7/bin/cali-stat', 'splice_type': 'same_lib', 'lib': '/p/vast1/build/spack/opt/spack/linux-rhel7-broadwell/gcc-10.2.1/libunwind-1.4.0-gnggxjg4zorkdskbebgvrcuhvpjymjih/lib/libunwind-setjmp.so.0.0.0', 'prediction': True}, {'missing': [], 'selected': [['libunwind.so.8.0.1', 'libunwind.so.8'], ['libc.so.6', 'libc.so.6'], ['libgcc_s.so.1', 'libgcc_s.so.1']], 'binary': '/p/vast1/build/spack/opt/spack/linux-rhel7-broadwell/gcc-10.2.1/caliper-1.9.1-s6pbythgnpd2nzgnodinaygls7zjwcv7/bin/cali-stat', 'splice_type': 'same_lib', 'lib': '/p/vast1/build/spack/opt/spack/linux-rhel7-broadwell/gcc-10.2.1/libunwind-1.4.0-gnggxjg4zorkdskbebgvrcuhvpjymjih/lib/libunwind.so.8.0.1', 'prediction': True}, {'missing': [], 'selected': [['libunwind.so.8', 'libunwind.so.8'], ['libc.so.6', 'libc.so.6'], ['libgcc_s.so.1', 'libgcc_s.so.1']], 'binary': '/p/vast1/build/spack/opt/spack/linux-rhel7-broadwell/gcc-10.2.1/caliper-1.9.1-s6pbythgnpd2nzgnodinaygls7zjwcv7/bin/cali-query', 'splice_type': 'same_lib', 'lib': '/p/vast1/build/spack/opt/spack/linux-rhel7-broadwell/gcc-10.2.1/libunwind-1.4.0-gnggxjg4zorkdskbebgvrcuhvpjymjih/lib/libunwind-x86_64.so.8.0.1', 'prediction': True}, {'missing': [], 'selected': [['libunwind.so.8', 'libunwind.so.8'], ['libc.so.6', 'libc.so.6'], ['libgcc_s.so.1', 'libgcc_s.so.1']], 'binary': '/p/vast1/build/spack/opt/spack/linux-rhel7-broadwell/gcc-10.2.1/caliper-1.9.1-s6pbythgnpd2nzgnodinaygls7zjwcv7/bin/cali-query', 'splice_type': 'same_lib', 'lib': '/p/vast1/build/spack/opt/spack/linux-rhel7-broadwell/gcc-10.2.1/libunwind-1.4.0-gnggxjg4zorkdskbebgvrcuhvpjymjih/lib/libunwind-setjmp.so.0.0.0', 'prediction': True}, {'missing': [], 'selected': [['libunwind.so.8.0.1', 'libunwind.so.8'], ['libc.so.6', 'libc.so.6'], ['libgcc_s.so.1', 'libgcc_s.so.1']], 'binary': '/p/vast1/build/spack/opt/spack/linux-rhel7-broadwell/gcc-10.2.1/caliper-1.9.1-s6pbythgnpd2nzgnodinaygls7zjwcv7/bin/cali-query', 'splice_type': 'same_lib', 'lib': '/p/vast1/build/spack/opt/spack/linux-rhel7-broadwell/gcc-10.2.1/libunwind-1.4.0-gnggxjg4zorkdskbebgvrcuhvpjymjih/lib/libunwind.so.8.0.1', 'prediction': True}, {'missing': [], 'selected': [['libunwind.so.8', 'libunwind.so.8'], ['libc.so.6', 'libc.so.6'], ['libgcc_s.so.1', 'libgcc_s.so.1']], 'binary': '/p/vast1/build/spack/opt/spack/linux-rhel7-broadwell/gcc-10.2.1/caliper-1.9.1-s6pbythgnpd2nzgnodinaygls7zjwcv7/bin/cali-graph', 'splice_type': 'same_lib', 'lib': '/p/vast1/build/spack/opt/spack/linux-rhel7-broadwell/gcc-10.2.1/libunwind-1.4.0-gnggxjg4zorkdskbebgvrcuhvpjymjih/lib/libunwind-x86_64.so.8.0.1', 'prediction': True}, {'missing': [], 'selected': [['libunwind.so.8', 'libunwind.so.8'], ['libc.so.6', 'libc.so.6'], ['libgcc_s.so.1', 'libgcc_s.so.1']], 'binary': '/p/vast1/build/spack/opt/spack/linux-rhel7-broadwell/gcc-10.2.1/caliper-1.9.1-s6pbythgnpd2nzgnodinaygls7zjwcv7/bin/cali-graph', 'splice_type': 'same_lib', 'lib': '/p/vast1/build/spack/opt/spack/linux-rhel7-broadwell/gcc-10.2.1/libunwind-1.4.0-gnggxjg4zorkdskbebgvrcuhvpjymjih/lib/libunwind-setjmp.so.0.0.0', 'prediction': True}, {'missing': [], 'selected': [['libunwind.so.8.0.1', 'libunwind.so.8'], ['libc.so.6', 'libc.so.6'], ['libgcc_s.so.1', 'libgcc_s.so.1']], 'binary': '/p/vast1/build/spack/opt/spack/linux-rhel7-broadwell/gcc-10.2.1/caliper-1.9.1-s6pbythgnpd2nzgnodinaygls7zjwcv7/bin/cali-graph', 'splice_type': 'same_lib', 'lib': '/p/vast1/build/spack/opt/spack/linux-rhel7-broadwell/gcc-10.2.1/libunwind-1.4.0-gnggxjg4zorkdskbebgvrcuhvpjymjih/lib/libunwind.so.8.0.1', 'prediction': True}], 'libabigail': [{'message': '', 'return_code': 0, 'binary': '/p/vast1/build/spack/opt/spack/linux-rhel7-broadwell/gcc-10.2.1/caliper-1.9.1-s6pbythgnpd2nzgnodinaygls7zjwcv7/bin/cali-stat', 'splice_type': 'same_lib', 'lib': '/p/vast1/build/spack/opt/spack/linux-rhel7-broadwell/gcc-10.2.1/libunwind-1.4.0-gnggxjg4zorkdskbebgvrcuhvpjymjih/lib/libunwind-x86_64.so.8.0.1', 'original_lib': '/p/vast1/build/spack/opt/spack/linux-rhel7-broadwell/gcc-10.2.1/libunwind-1.4.0-gnggxjg4zorkdskbebgvrcuhvpjymjih/lib/libunwind-x86_64.so.8.0.1', 'prediction': True}, {'message': '', 'return_code': 0, 'binary': '/p/vast1/build/spack/opt/spack/linux-rhel7-broadwell/gcc-10.2.1/caliper-1.9.1-s6pbythgnpd2nzgnodinaygls7zjwcv7/bin/cali-stat', 'splice_type': 'same_lib', 'lib': '/p/vast1/build/spack/opt/spack/linux-rhel7-broadwell/gcc-10.2.1/libunwind-1.4.0-gnggxjg4zorkdskbebgvrcuhvpjymjih/lib/libunwind-setjmp.so.0.0.0', 'original_lib': '/p/vast1/build/spack/opt/spack/linux-rhel7-broadwell/gcc-10.2.1/libunwind-1.4.0-gnggxjg4zorkdskbebgvrcuhvpjymjih/lib/libunwind-setjmp.so.0.0.0', 'prediction': True}, {'message': "ELF file '/p/vast1/build/spack/opt/spack/linux-rhel7-broadwell/gcc-10.2.1/caliper-1.9.1-s6pbythgnpd2nzgnodinaygls7zjwcv7/bin/cali-stat' is not ABI compatible with '/p/vast1/build/spack/opt/spack/linux-rhel7-broadwell/gcc-10.2.1/libunwind-1.4.0-gnggxjg4zorkdskbebgvrcuhvpjymjih/lib/libunwind.so.8.0.1' due to differences with '/p/vast1/build/spack/opt/spack/linux-rhel7-broadwell/gcc-10.2.1/libunwind-1.5.0-qolipzu4dzqdwwqilpz34qbosuwxtpoa/lib/libunwind-setjmp.so.0.0.0' below:\nELF SONAME changed\nFunctions changes summary: 0 Removed, 0 Changed, 0 Added function\nVariables changes summary: 0 Removed, 0 Changed, 0 Added variable\n\nSONAME changed from 'libunwind-setjmp.so.0' to 'libunwind.so.8'\n\n", 'return_code': 12, 'binary': '/p/vast1/build/spack/opt/spack/linux-rhel7-broadwell/gcc-10.2.1/caliper-1.9.1-s6pbythgnpd2nzgnodinaygls7zjwcv7/bin/cali-stat', 'splice_type': 'same_lib', 'lib': '/p/vast1/build/spack/opt/spack/linux-rhel7-broadwell/gcc-10.2.1/libunwind-1.4.0-gnggxjg4zorkdskbebgvrcuhvpjymjih/lib/libunwind.so.8.0.1', 'original_lib': '/p/vast1/build/spack/opt/spack/linux-rhel7-broadwell/gcc-10.2.1/libunwind-1.4.0-gnggxjg4zorkdskbebgvrcuhvpjymjih/lib/libunwind.so.8.0.1', 'prediction': False}, {'message': "ELF file '/p/vast1/build/spack/opt/spack/linux-rhel7-broadwell/gcc-10.2.1/caliper-1.9.1-s6pbythgnpd2nzgnodinaygls7zjwcv7/bin/cali-stat' is not ABI compatible with '/p/vast1/build/spack/opt/spack/linux-rhel7-broadwell/gcc-10.2.1/libunwind-1.4.0-gnggxjg4zorkdskbebgvrcuhvpjymjih/lib/libunwind.so.8.0.1' due to differences with '/p/vast1/build/spack/opt/spack/linux-rhel7-broadwell/gcc-10.2.1/libunwind-1.5.0-qolipzu4dzqdwwqilpz34qbosuwxtpoa/lib/libunwind-x86_64.so.8.0.1' below:\nELF SONAME changed\nFunctions changes summary: 0 Removed, 0 Changed, 0 Added function\nVariables changes summary: 0 Removed, 0 Changed, 0 Added variable\n\nSONAME changed from 'libunwind-x86_64.so.8' to 'libunwind.so.8'\n\n", 'return_code': 12, 'binary': '/p/vast1/build/spack/opt/spack/linux-rhel7-broadwell/gcc-10.2.1/caliper-1.9.1-s6pbythgnpd2nzgnodinaygls7zjwcv7/bin/cali-stat', 'splice_type': 'same_lib', 'lib': '/p/vast1/build/spack/opt/spack/linux-rhel7-broadwell/gcc-10.2.1/libunwind-1.4.0-gnggxjg4zorkdskbebgvrcuhvpjymjih/lib/libunwind.so.8.0.1', 'original_lib': '/p/vast1/build/spack/opt/spack/linux-rhel7-broadwell/gcc-10.2.1/libunwind-1.4.0-gnggxjg4zorkdskbebgvrcuhvpjymjih/lib/libunwind.so.8.0.1', 'prediction': False}, {'message': '', 'return_code': 0, 'binary': '/p/vast1/build/spack/opt/spack/linux-rhel7-broadwell/gcc-10.2.1/caliper-1.9.1-s6pbythgnpd2nzgnodinaygls7zjwcv7/bin/cali-stat', 'splice_type': 'same_lib', 'lib': '/p/vast1/build/spack/opt/spack/linux-rhel7-broadwell/gcc-10.2.1/libunwind-1.4.0-gnggxjg4zorkdskbebgvrcuhvpjymjih/lib/libunwind.so.8.0.1', 'original_lib': '/p/vast1/build/spack/opt/spack/linux-rhel7-broadwell/gcc-10.2.1/libunwind-1.4.0-gnggxjg4zorkdskbebgvrcuhvpjymjih/lib/libunwind.so.8.0.1', 'prediction': True}, {'message': '', 'return_code': 0, 'binary': '/p/vast1/build/spack/opt/spack/linux-rhel7-broadwell/gcc-10.2.1/caliper-1.9.1-s6pbythgnpd2nzgnodinaygls7zjwcv7/bin/cali-query', 'splice_type': 'same_lib', 'lib': '/p/vast1/build/spack/opt/spack/linux-rhel7-broadwell/gcc-10.2.1/libunwind-1.4.0-gnggxjg4zorkdskbebgvrcuhvpjymjih/lib/libunwind-x86_64.so.8.0.1', 'original_lib': '/p/vast1/build/spack/opt/spack/linux-rhel7-broadwell/gcc-10.2.1/libunwind-1.4.0-gnggxjg4zorkdskbebgvrcuhvpjymjih/lib/libunwind-x86_64.so.8.0.1', 'prediction': True}, {'message': '', 'return_code': 0, 'binary': '/p/vast1/build/spack/opt/spack/linux-rhel7-broadwell/gcc-10.2.1/caliper-1.9.1-s6pbythgnpd2nzgnodinaygls7zjwcv7/bin/cali-query', 'splice_type': 'same_lib', 'lib': '/p/vast1/build/spack/opt/spack/linux-rhel7-broadwell/gcc-10.2.1/libunwind-1.4.0-gnggxjg4zorkdskbebgvrcuhvpjymjih/lib/libunwind-setjmp.so.0.0.0', 'original_lib': '/p/vast1/build/spack/opt/spack/linux-rhel7-broadwell/gcc-10.2.1/libunwind-1.4.0-gnggxjg4zorkdskbebgvrcuhvpjymjih/lib/libunwind-setjmp.so.0.0.0', 'prediction': True}, {'message': "ELF file '/p/vast1/build/spack/opt/spack/linux-rhel7-broadwell/gcc-10.2.1/caliper-1.9.1-s6pbythgnpd2nzgnodinaygls7zjwcv7/bin/cali-query' is not ABI compatible with '/p/vast1/build/spack/opt/spack/linux-rhel7-broadwell/gcc-10.2.1/libunwind-1.4.0-gnggxjg4zorkdskbebgvrcuhvpjymjih/lib/libunwind.so.8.0.1' due to differences with '/p/vast1/build/spack/opt/spack/linux-rhel7-broadwell/gcc-10.2.1/libunwind-1.5.0-qolipzu4dzqdwwqilpz34qbosuwxtpoa/lib/libunwind-setjmp.so.0.0.0' below:\nELF SONAME changed\nFunctions changes summary: 0 Removed, 0 Changed, 0 Added function\nVariables changes summary: 0 Removed, 0 Changed, 0 Added (1 filtered out) variable\n\nSONAME changed from 'libunwind-setjmp.so.0' to 'libunwind.so.8'\n\n", 'return_code': 12, 'binary': '/p/vast1/build/spack/opt/spack/linux-rhel7-broadwell/gcc-10.2.1/caliper-1.9.1-s6pbythgnpd2nzgnodinaygls7zjwcv7/bin/cali-query', 'splice_type': 'same_lib', 'lib': '/p/vast1/build/spack/opt/spack/linux-rhel7-broadwell/gcc-10.2.1/libunwind-1.4.0-gnggxjg4zorkdskbebgvrcuhvpjymjih/lib/libunwind.so.8.0.1', 'original_lib': '/p/vast1/build/spack/opt/spack/linux-rhel7-broadwell/gcc-10.2.1/libunwind-1.4.0-gnggxjg4zorkdskbebgvrcuhvpjymjih/lib/libunwind.so.8.0.1', 'prediction': False}, {'message': "ELF file '/p/vast1/build/spack/opt/spack/linux-rhel7-broadwell/gcc-10.2.1/caliper-1.9.1-s6pbythgnpd2nzgnodinaygls7zjwcv7/bin/cali-query' is not ABI compatible with '/p/vast1/build/spack/opt/spack/linux-rhel7-broadwell/gcc-10.2.1/libunwind-1.4.0-gnggxjg4zorkdskbebgvrcuhvpjymjih/lib/libunwind.so.8.0.1' due to differences with '/p/vast1/build/spack/opt/spack/linux-rhel7-broadwell/gcc-10.2.1/libunwind-1.5.0-qolipzu4dzqdwwqilpz34qbosuwxtpoa/lib/libunwind-x86_64.so.8.0.1' below:\nELF SONAME changed\nFunctions changes summary: 0 Removed, 0 Changed, 0 Added function\nVariables changes summary: 1 Removed, 0 Changed, 0 Added (1 filtered out) variables\n\nSONAME changed from 'libunwind-x86_64.so.8' to 'libunwind.so.8'\n\n1 Removed variable:\n\n  [D] 'unw_addr_space_t _Ux86_64_local_addr_space'    {_Ux86_64_local_addr_space}\n\n", 'return_code': 12, 'binary': '/p/vast1/build/spack/opt/spack/linux-rhel7-broadwell/gcc-10.2.1/caliper-1.9.1-s6pbythgnpd2nzgnodinaygls7zjwcv7/bin/cali-query', 'splice_type': 'same_lib', 'lib': '/p/vast1/build/spack/opt/spack/linux-rhel7-broadwell/gcc-10.2.1/libunwind-1.4.0-gnggxjg4zorkdskbebgvrcuhvpjymjih/lib/libunwind.so.8.0.1', 'original_lib': '/p/vast1/build/spack/opt/spack/linux-rhel7-broadwell/gcc-10.2.1/libunwind-1.4.0-gnggxjg4zorkdskbebgvrcuhvpjymjih/lib/libunwind.so.8.0.1', 'prediction': False}, {'message': '', 'return_code': 0, 'binary': '/p/vast1/build/spack/opt/spack/linux-rhel7-broadwell/gcc-10.2.1/caliper-1.9.1-s6pbythgnpd2nzgnodinaygls7zjwcv7/bin/cali-query', 'splice_type': 'same_lib', 'lib': '/p/vast1/build/spack/opt/spack/linux-rhel7-broadwell/gcc-10.2.1/libunwind-1.4.0-gnggxjg4zorkdskbebgvrcuhvpjymjih/lib/libunwind.so.8.0.1', 'original_lib': '/p/vast1/build/spack/opt/spack/linux-rhel7-broadwell/gcc-10.2.1/libunwind-1.4.0-gnggxjg4zorkdskbebgvrcuhvpjymjih/lib/libunwind.so.8.0.1', 'prediction': True}, {'message': '', 'return_code': 0, 'binary': '/p/vast1/build/spack/opt/spack/linux-rhel7-broadwell/gcc-10.2.1/caliper-1.9.1-s6pbythgnpd2nzgnodinaygls7zjwcv7/bin/cali-graph', 'splice_type': 'same_lib', 'lib': '/p/vast1/build/spack/opt/spack/linux-rhel7-broadwell/gcc-10.2.1/libunwind-1.4.0-gnggxjg4zorkdskbebgvrcuhvpjymjih/lib/libunwind-x86_64.so.8.0.1', 'original_lib': '/p/vast1/build/spack/opt/spack/linux-rhel7-broadwell/gcc-10.2.1/libunwind-1.4.0-gnggxjg4zorkdskbebgvrcuhvpjymjih/lib/libunwind-x86_64.so.8.0.1', 'prediction': True}, {'message': '', 'return_code': 0, 'binary': '/p/vast1/build/spack/opt/spack/linux-rhel7-broadwell/gcc-10.2.1/caliper-1.9.1-s6pbythgnpd2nzgnodinaygls7zjwcv7/bin/cali-graph', 'splice_type': 'same_lib', 'lib': '/p/vast1/build/spack/opt/spack/linux-rhel7-broadwell/gcc-10.2.1/libunwind-1.4.0-gnggxjg4zorkdskbebgvrcuhvpjymjih/lib/libunwind-setjmp.so.0.0.0', 'original_lib': '/p/vast1/build/spack/opt/spack/linux-rhel7-broadwell/gcc-10.2.1/libunwind-1.4.0-gnggxjg4zorkdskbebgvrcuhvpjymjih/lib/libunwind-setjmp.so.0.0.0', 'prediction': True}, {'message': "ELF file '/p/vast1/build/spack/opt/spack/linux-rhel7-broadwell/gcc-10.2.1/caliper-1.9.1-s6pbythgnpd2nzgnodinaygls7zjwcv7/bin/cali-graph' is not ABI compatible with '/p/vast1/build/spack/opt/spack/linux-rhel7-broadwell/gcc-10.2.1/libunwind-1.4.0-gnggxjg4zorkdskbebgvrcuhvpjymjih/lib/libunwind.so.8.0.1' due to differences with '/p/vast1/build/spack/opt/spack/linux-rhel7-broadwell/gcc-10.2.1/libunwind-1.5.0-qolipzu4dzqdwwqilpz34qbosuwxtpoa/lib/libunwind-setjmp.so.0.0.0' below:\nELF SONAME changed\nFunctions changes summary: 0 Removed, 0 Changed, 0 Added function\nVariables changes summary: 0 Removed, 0 Changed, 0 Added (1 filtered out) variable\n\nSONAME changed from 'libunwind-setjmp.so.0' to 'libunwind.so.8'\n\n", 'return_code': 12, 'binary': '/p/vast1/build/spack/opt/spack/linux-rhel7-broadwell/gcc-10.2.1/caliper-1.9.1-s6pbythgnpd2nzgnodinaygls7zjwcv7/bin/cali-graph', 'splice_type': 'same_lib', 'lib': '/p/vast1/build/spack/opt/spack/linux-rhel7-broadwell/gcc-10.2.1/libunwind-1.4.0-gnggxjg4zorkdskbebgvrcuhvpjymjih/lib/libunwind.so.8.0.1', 'original_lib': '/p/vast1/build/spack/opt/spack/linux-rhel7-broadwell/gcc-10.2.1/libunwind-1.4.0-gnggxjg4zorkdskbebgvrcuhvpjymjih/lib/libunwind.so.8.0.1', 'prediction': False}, {'message': "ELF file '/p/vast1/build/spack/opt/spack/linux-rhel7-broadwell/gcc-10.2.1/caliper-1.9.1-s6pbythgnpd2nzgnodinaygls7zjwcv7/bin/cali-graph' is not ABI compatible with '/p/vast1/build/spack/opt/spack/linux-rhel7-broadwell/gcc-10.2.1/libunwind-1.4.0-gnggxjg4zorkdskbebgvrcuhvpjymjih/lib/libunwind.so.8.0.1' due to differences with '/p/vast1/build/spack/opt/spack/linux-rhel7-broadwell/gcc-10.2.1/libunwind-1.5.0-qolipzu4dzqdwwqilpz34qbosuwxtpoa/lib/libunwind-x86_64.so.8.0.1' below:\nELF SONAME changed\nFunctions changes summary: 0 Removed, 0 Changed, 0 Added function\nVariables changes summary: 1 Removed, 0 Changed, 0 Added (1 filtered out) variables\n\nSONAME changed from 'libunwind-x86_64.so.8' to 'libunwind.so.8'\n\n1 Removed variable:\n\n  [D] 'unw_addr_space_t _Ux86_64_local_addr_space'    {_Ux86_64_local_addr_space}\n\n", 'return_code': 12, 'binary': '/p/vast1/build/spack/opt/spack/linux-rhel7-broadwell/gcc-10.2.1/caliper-1.9.1-s6pbythgnpd2nzgnodinaygls7zjwcv7/bin/cali-graph', 'splice_type': 'same_lib', 'lib': '/p/vast1/build/spack/opt/spack/linux-rhel7-broadwell/gcc-10.2.1/libunwind-1.4.0-gnggxjg4zorkdskbebgvrcuhvpjymjih/lib/libunwind.so.8.0.1', 'original_lib': '/p/vast1/build/spack/opt/spack/linux-rhel7-broadwell/gcc-10.2.1/libunwind-1.4.0-gnggxjg4zorkdskbebgvrcuhvpjymjih/lib/libunwind.so.8.0.1', 'prediction': False}, {'message': '', 'return_code': 0, 'binary': '/p/vast1/build/spack/opt/spack/linux-rhel7-broadwell/gcc-10.2.1/caliper-1.9.1-s6pbythgnpd2nzgnodinaygls7zjwcv7/bin/cali-graph', 'splice_type': 'same_lib', 'lib': '/p/vast1/build/spack/opt/spack/linux-rhel7-broadwell/gcc-10.2.1/libunwind-1.4.0-gnggxjg4zorkdskbebgvrcuhvpjymjih/lib/libunwind.so.8.0.1', 'original_lib': '/p/vast1/build/spack/opt/spack/linux-rhel7-broadwell/gcc-10.2.1/libunwind-1.4.0-gnggxjg4zorkdskbebgvrcuhvpjymjih/lib/libunwind.so.8.0.1', 'prediction': True}]}
ELF file '/p/vast1/build/spack/opt/spack/linux-rhel7-broadwell/gcc-10.2.1/caliper-1.9.1-3iewyq3kggyajsfaczzm5vvneavpzfdx/bin/cali-graph' is not ABI compatible with '/p/vast1/build/spack/opt/spack/linux-rhel7-broadwell/gcc-10.2.1/libunwind-1.3.1-72g4vt4tmhajb3bwkqn5rhfmexutvvzm/lib/libunwind.so.8.0.1' due to differences with '/p/vast1/build/spack/opt/spack/linux-rhel7-broadwell/gcc-10.2.1/libunwind-1.5.0-qolipzu4dzqdwwqilpz34qbosuwxtpoa/lib/libunwind-setjmp.so.0.0.0' below:
ELF SONAME changed
Functions changes summary: 0 Removed, 0 Changed, 0 Added function
Variables changes summary: 0 Removed, 0 Changed, 0 Added (1 filtered out) variable

SONAME changed from 'libunwind-setjmp.so.0' to 'libunwind.so.8'


ELF file '/p/vast1/build/spack/opt/spack/linux-rhel7-broadwell/gcc-10.2.1/caliper-1.9.1-3iewyq3kggyajsfaczzm5vvneavpzfdx/bin/cali-graph' is not ABI compatible with '/p/vast1/build/spack/opt/spack/linux-rhel7-broadwell/gcc-10.2.1/libunwind-1.3.1-72g4vt4tmhajb3bwkqn5rhfmexutvvzm/lib/libunwind.so.8.0.1' due to differences with '/p/vast1/build/spack/opt/spack/linux-rhel7-broadwell/gcc-10.2.1/libunwind-1.5.0-qolipzu4dzqdwwqilpz34qbosuwxtpoa/lib/libunwind-x86_64.so.8.0.1' below:
ELF SONAME changed
Functions changes summary: 0 Removed, 0 Changed, 0 Added function
Variables changes summary: 1 Removed, 0 Changed, 0 Added (1 filtered out) variables

SONAME changed from 'libunwind-x86_64.so.8' to 'libunwind.so.8'

1 Removed variable:

  [D] 'unw_addr_space_t _Ux86_64_local_addr_space'    {_Ux86_64_local_addr_space}


ELF file '/p/vast1/build/spack/opt/spack/linux-rhel7-broadwell/gcc-10.2.1/caliper-1.9.1-3iewyq3kggyajsfaczzm5vvneavpzfdx/bin/cali-stat' is not ABI compatible with '/p/vast1/build/spack/opt/spack/linux-rhel7-broadwell/gcc-10.2.1/libunwind-1.3.1-72g4vt4tmhajb3bwkqn5rhfmexutvvzm/lib/libunwind.so.8.0.1' due to differences with '/p/vast1/build/spack/opt/spack/linux-rhel7-broadwell/gcc-10.2.1/libunwind-1.5.0-qolipzu4dzqdwwqilpz34qbosuwxtpoa/lib/libunwind-setjmp.so.0.0.0' below:
ELF SONAME changed
Functions changes summary: 0 Removed, 0 Changed, 0 Added function
Variables changes summary: 0 Removed, 0 Changed, 0 Added variable

SONAME changed from 'libunwind-setjmp.so.0' to 'libunwind.so.8'


ELF file '/p/vast1/build/spack/opt/spack/linux-rhel7-broadwell/gcc-10.2.1/caliper-1.9.1-3iewyq3kggyajsfaczzm5vvneavpzfdx/bin/cali-stat' is not ABI compatible with '/p/vast1/build/spack/opt/spack/linux-rhel7-broadwell/gcc-10.2.1/libunwind-1.3.1-72g4vt4tmhajb3bwkqn5rhfmexutvvzm/lib/libunwind.so.8.0.1' due to differences with '/p/vast1/build/spack/opt/spack/linux-rhel7-broadwell/gcc-10.2.1/libunwind-1.5.0-qolipzu4dzqdwwqilpz34qbosuwxtpoa/lib/libunwind-x86_64.so.8.0.1' below:
ELF SONAME changed
Functions changes summary: 0 Removed, 0 Changed, 0 Added function
Variables changes summary: 0 Removed, 0 Changed, 0 Added variable

SONAME changed from 'libunwind-x86_64.so.8' to 'libunwind.so.8'


ELF file '/p/vast1/build/spack/opt/spack/linux-rhel7-broadwell/gcc-10.2.1/caliper-1.9.1-3iewyq3kggyajsfaczzm5vvneavpzfdx/bin/cali-query' is not ABI compatible with '/p/vast1/build/spack/opt/spack/linux-rhel7-broadwell/gcc-10.2.1/libunwind-1.3.1-72g4vt4tmhajb3bwkqn5rhfmexutvvzm/lib/libunwind.so.8.0.1' due to differences with '/p/vast1/build/spack/opt/spack/linux-rhel7-broadwell/gcc-10.2.1/libunwind-1.5.0-qolipzu4dzqdwwqilpz34qbosuwxtpoa/lib/libunwind-setjmp.so.0.0.0' below:
ELF SONAME changed
Functions changes summary: 0 Removed, 0 Changed, 0 Added function
Variables changes summary: 0 Removed, 0 Changed, 0 Added (1 filtered out) variable

SONAME changed from 'libunwind-setjmp.so.0' to 'libunwind.so.8'


ELF file '/p/vast1/build/spack/opt/spack/linux-rhel7-broadwell/gcc-10.2.1/caliper-1.9.1-3iewyq3kggyajsfaczzm5vvneavpzfdx/bin/cali-query' is not ABI compatible with '/p/vast1/build/spack/opt/spack/linux-rhel7-broadwell/gcc-10.2.1/libunwind-1.3.1-72g4vt4tmhajb3bwkqn5rhfmexutvvzm/lib/libunwind.so.8.0.1' due to differences with '/p/vast1/build/spack/opt/spack/linux-rhel7-broadwell/gcc-10.2.1/libunwind-1.5.0-qolipzu4dzqdwwqilpz34qbosuwxtpoa/lib/libunwind-x86_64.so.8.0.1' below:
ELF SONAME changed
Functions changes summary: 0 Removed, 0 Changed, 0 Added function
Variables changes summary: 1 Removed, 0 Changed, 0 Added (1 filtered out) variables

SONAME changed from 'libunwind-x86_64.so.8' to 'libunwind.so.8'

1 Removed variable:

  [D] 'unw_addr_space_t _Ux86_64_local_addr_space'    {_Ux86_64_local_addr_space}


{'spack-test': [{'message': '==> Spack test er5walsyayem2bhrsruisxhizcew6olk\n==> Testing package caliper-1.9.1-3iewyq3\n============================= 1 passed of 1 specs ==============================\n', 'return_code': 0, 'prediction': True, 'command': '/p/vast1/build/spack/bin/spack test run /3iewyq'}], 'symbolator': [{'missing': [], 'selected': [['libunwind.so.8', 'libunwind.so.8'], ['libgcc_s.so.1', 'libgcc_s.so.1'], ['libc.so.6', 'libc.so.6']], 'binary': '/p/vast1/build/spack/opt/spack/linux-rhel7-broadwell/gcc-10.2.1/caliper-1.9.1-3iewyq3kggyajsfaczzm5vvneavpzfdx/bin/cali-graph', 'splice_type': 'same_lib', 'lib': '/p/vast1/build/spack/opt/spack/linux-rhel7-broadwell/gcc-10.2.1/libunwind-1.3.1-72g4vt4tmhajb3bwkqn5rhfmexutvvzm/lib/libunwind-x86_64.so.8.0.1', 'prediction': True}, {'missing': [], 'selected': [['libunwind.so.8', 'libunwind.so.8'], ['libgcc_s.so.1', 'libgcc_s.so.1'], ['libc.so.6', 'libc.so.6']], 'binary': '/p/vast1/build/spack/opt/spack/linux-rhel7-broadwell/gcc-10.2.1/caliper-1.9.1-3iewyq3kggyajsfaczzm5vvneavpzfdx/bin/cali-graph', 'splice_type': 'same_lib', 'lib': '/p/vast1/build/spack/opt/spack/linux-rhel7-broadwell/gcc-10.2.1/libunwind-1.3.1-72g4vt4tmhajb3bwkqn5rhfmexutvvzm/lib/libunwind-setjmp.so.0.0.0', 'prediction': True}, {'missing': [], 'selected': [['libunwind.so.8.0.1', 'libunwind.so.8'], ['libc.so.6', 'libc.so.6'], ['libgcc_s.so.1', 'libgcc_s.so.1']], 'binary': '/p/vast1/build/spack/opt/spack/linux-rhel7-broadwell/gcc-10.2.1/caliper-1.9.1-3iewyq3kggyajsfaczzm5vvneavpzfdx/bin/cali-graph', 'splice_type': 'same_lib', 'lib': '/p/vast1/build/spack/opt/spack/linux-rhel7-broadwell/gcc-10.2.1/libunwind-1.3.1-72g4vt4tmhajb3bwkqn5rhfmexutvvzm/lib/libunwind.so.8.0.1', 'prediction': True}, {'missing': [], 'selected': [['libunwind.so.8', 'libunwind.so.8'], ['libgcc_s.so.1', 'libgcc_s.so.1'], ['libc.so.6', 'libc.so.6']], 'binary': '/p/vast1/build/spack/opt/spack/linux-rhel7-broadwell/gcc-10.2.1/caliper-1.9.1-3iewyq3kggyajsfaczzm5vvneavpzfdx/bin/cali-stat', 'splice_type': 'same_lib', 'lib': '/p/vast1/build/spack/opt/spack/linux-rhel7-broadwell/gcc-10.2.1/libunwind-1.3.1-72g4vt4tmhajb3bwkqn5rhfmexutvvzm/lib/libunwind-x86_64.so.8.0.1', 'prediction': True}, {'missing': [], 'selected': [['libunwind.so.8', 'libunwind.so.8'], ['libgcc_s.so.1', 'libgcc_s.so.1'], ['libc.so.6', 'libc.so.6']], 'binary': '/p/vast1/build/spack/opt/spack/linux-rhel7-broadwell/gcc-10.2.1/caliper-1.9.1-3iewyq3kggyajsfaczzm5vvneavpzfdx/bin/cali-stat', 'splice_type': 'same_lib', 'lib': '/p/vast1/build/spack/opt/spack/linux-rhel7-broadwell/gcc-10.2.1/libunwind-1.3.1-72g4vt4tmhajb3bwkqn5rhfmexutvvzm/lib/libunwind-setjmp.so.0.0.0', 'prediction': True}, {'missing': [], 'selected': [['libunwind.so.8.0.1', 'libunwind.so.8'], ['libc.so.6', 'libc.so.6'], ['libgcc_s.so.1', 'libgcc_s.so.1']], 'binary': '/p/vast1/build/spack/opt/spack/linux-rhel7-broadwell/gcc-10.2.1/caliper-1.9.1-3iewyq3kggyajsfaczzm5vvneavpzfdx/bin/cali-stat', 'splice_type': 'same_lib', 'lib': '/p/vast1/build/spack/opt/spack/linux-rhel7-broadwell/gcc-10.2.1/libunwind-1.3.1-72g4vt4tmhajb3bwkqn5rhfmexutvvzm/lib/libunwind.so.8.0.1', 'prediction': True}, {'missing': [], 'selected': [['libunwind.so.8', 'libunwind.so.8'], ['libgcc_s.so.1', 'libgcc_s.so.1'], ['libc.so.6', 'libc.so.6']], 'binary': '/p/vast1/build/spack/opt/spack/linux-rhel7-broadwell/gcc-10.2.1/caliper-1.9.1-3iewyq3kggyajsfaczzm5vvneavpzfdx/bin/cali-query', 'splice_type': 'same_lib', 'lib': '/p/vast1/build/spack/opt/spack/linux-rhel7-broadwell/gcc-10.2.1/libunwind-1.3.1-72g4vt4tmhajb3bwkqn5rhfmexutvvzm/lib/libunwind-x86_64.so.8.0.1', 'prediction': True}, {'missing': [], 'selected': [['libunwind.so.8', 'libunwind.so.8'], ['libgcc_s.so.1', 'libgcc_s.so.1'], ['libc.so.6', 'libc.so.6']], 'binary': '/p/vast1/build/spack/opt/spack/linux-rhel7-broadwell/gcc-10.2.1/caliper-1.9.1-3iewyq3kggyajsfaczzm5vvneavpzfdx/bin/cali-query', 'splice_type': 'same_lib', 'lib': '/p/vast1/build/spack/opt/spack/linux-rhel7-broadwell/gcc-10.2.1/libunwind-1.3.1-72g4vt4tmhajb3bwkqn5rhfmexutvvzm/lib/libunwind-setjmp.so.0.0.0', 'prediction': True}, {'missing': [], 'selected': [['libunwind.so.8.0.1', 'libunwind.so.8'], ['libc.so.6', 'libc.so.6'], ['libgcc_s.so.1', 'libgcc_s.so.1']], 'binary': '/p/vast1/build/spack/opt/spack/linux-rhel7-broadwell/gcc-10.2.1/caliper-1.9.1-3iewyq3kggyajsfaczzm5vvneavpzfdx/bin/cali-query', 'splice_type': 'same_lib', 'lib': '/p/vast1/build/spack/opt/spack/linux-rhel7-broadwell/gcc-10.2.1/libunwind-1.3.1-72g4vt4tmhajb3bwkqn5rhfmexutvvzm/lib/libunwind.so.8.0.1', 'prediction': True}], 'libabigail': [{'message': '', 'return_code': 0, 'binary': '/p/vast1/build/spack/opt/spack/linux-rhel7-broadwell/gcc-10.2.1/caliper-1.9.1-3iewyq3kggyajsfaczzm5vvneavpzfdx/bin/cali-graph', 'splice_type': 'same_lib', 'lib': '/p/vast1/build/spack/opt/spack/linux-rhel7-broadwell/gcc-10.2.1/libunwind-1.3.1-72g4vt4tmhajb3bwkqn5rhfmexutvvzm/lib/libunwind-x86_64.so.8.0.1', 'original_lib': '/p/vast1/build/spack/opt/spack/linux-rhel7-broadwell/gcc-10.2.1/libunwind-1.3.1-72g4vt4tmhajb3bwkqn5rhfmexutvvzm/lib/libunwind-x86_64.so.8.0.1', 'prediction': True}, {'message': '', 'return_code': 0, 'binary': '/p/vast1/build/spack/opt/spack/linux-rhel7-broadwell/gcc-10.2.1/caliper-1.9.1-3iewyq3kggyajsfaczzm5vvneavpzfdx/bin/cali-graph', 'splice_type': 'same_lib', 'lib': '/p/vast1/build/spack/opt/spack/linux-rhel7-broadwell/gcc-10.2.1/libunwind-1.3.1-72g4vt4tmhajb3bwkqn5rhfmexutvvzm/lib/libunwind-setjmp.so.0.0.0', 'original_lib': '/p/vast1/build/spack/opt/spack/linux-rhel7-broadwell/gcc-10.2.1/libunwind-1.3.1-72g4vt4tmhajb3bwkqn5rhfmexutvvzm/lib/libunwind-setjmp.so.0.0.0', 'prediction': True}, {'message': "ELF file '/p/vast1/build/spack/opt/spack/linux-rhel7-broadwell/gcc-10.2.1/caliper-1.9.1-3iewyq3kggyajsfaczzm5vvneavpzfdx/bin/cali-graph' is not ABI compatible with '/p/vast1/build/spack/opt/spack/linux-rhel7-broadwell/gcc-10.2.1/libunwind-1.3.1-72g4vt4tmhajb3bwkqn5rhfmexutvvzm/lib/libunwind.so.8.0.1' due to differences with '/p/vast1/build/spack/opt/spack/linux-rhel7-broadwell/gcc-10.2.1/libunwind-1.5.0-qolipzu4dzqdwwqilpz34qbosuwxtpoa/lib/libunwind-setjmp.so.0.0.0' below:\nELF SONAME changed\nFunctions changes summary: 0 Removed, 0 Changed, 0 Added function\nVariables changes summary: 0 Removed, 0 Changed, 0 Added (1 filtered out) variable\n\nSONAME changed from 'libunwind-setjmp.so.0' to 'libunwind.so.8'\n\n", 'return_code': 12, 'binary': '/p/vast1/build/spack/opt/spack/linux-rhel7-broadwell/gcc-10.2.1/caliper-1.9.1-3iewyq3kggyajsfaczzm5vvneavpzfdx/bin/cali-graph', 'splice_type': 'same_lib', 'lib': '/p/vast1/build/spack/opt/spack/linux-rhel7-broadwell/gcc-10.2.1/libunwind-1.3.1-72g4vt4tmhajb3bwkqn5rhfmexutvvzm/lib/libunwind.so.8.0.1', 'original_lib': '/p/vast1/build/spack/opt/spack/linux-rhel7-broadwell/gcc-10.2.1/libunwind-1.3.1-72g4vt4tmhajb3bwkqn5rhfmexutvvzm/lib/libunwind.so.8.0.1', 'prediction': False}, {'message': "ELF file '/p/vast1/build/spack/opt/spack/linux-rhel7-broadwell/gcc-10.2.1/caliper-1.9.1-3iewyq3kggyajsfaczzm5vvneavpzfdx/bin/cali-graph' is not ABI compatible with '/p/vast1/build/spack/opt/spack/linux-rhel7-broadwell/gcc-10.2.1/libunwind-1.3.1-72g4vt4tmhajb3bwkqn5rhfmexutvvzm/lib/libunwind.so.8.0.1' due to differences with '/p/vast1/build/spack/opt/spack/linux-rhel7-broadwell/gcc-10.2.1/libunwind-1.5.0-qolipzu4dzqdwwqilpz34qbosuwxtpoa/lib/libunwind-x86_64.so.8.0.1' below:\nELF SONAME changed\nFunctions changes summary: 0 Removed, 0 Changed, 0 Added function\nVariables changes summary: 1 Removed, 0 Changed, 0 Added (1 filtered out) variables\n\nSONAME changed from 'libunwind-x86_64.so.8' to 'libunwind.so.8'\n\n1 Removed variable:\n\n  [D] 'unw_addr_space_t _Ux86_64_local_addr_space'    {_Ux86_64_local_addr_space}\n\n", 'return_code': 12, 'binary': '/p/vast1/build/spack/opt/spack/linux-rhel7-broadwell/gcc-10.2.1/caliper-1.9.1-3iewyq3kggyajsfaczzm5vvneavpzfdx/bin/cali-graph', 'splice_type': 'same_lib', 'lib': '/p/vast1/build/spack/opt/spack/linux-rhel7-broadwell/gcc-10.2.1/libunwind-1.3.1-72g4vt4tmhajb3bwkqn5rhfmexutvvzm/lib/libunwind.so.8.0.1', 'original_lib': '/p/vast1/build/spack/opt/spack/linux-rhel7-broadwell/gcc-10.2.1/libunwind-1.3.1-72g4vt4tmhajb3bwkqn5rhfmexutvvzm/lib/libunwind.so.8.0.1', 'prediction': False}, {'message': '', 'return_code': 0, 'binary': '/p/vast1/build/spack/opt/spack/linux-rhel7-broadwell/gcc-10.2.1/caliper-1.9.1-3iewyq3kggyajsfaczzm5vvneavpzfdx/bin/cali-graph', 'splice_type': 'same_lib', 'lib': '/p/vast1/build/spack/opt/spack/linux-rhel7-broadwell/gcc-10.2.1/libunwind-1.3.1-72g4vt4tmhajb3bwkqn5rhfmexutvvzm/lib/libunwind.so.8.0.1', 'original_lib': '/p/vast1/build/spack/opt/spack/linux-rhel7-broadwell/gcc-10.2.1/libunwind-1.3.1-72g4vt4tmhajb3bwkqn5rhfmexutvvzm/lib/libunwind.so.8.0.1', 'prediction': True}, {'message': '', 'return_code': 0, 'binary': '/p/vast1/build/spack/opt/spack/linux-rhel7-broadwell/gcc-10.2.1/caliper-1.9.1-3iewyq3kggyajsfaczzm5vvneavpzfdx/bin/cali-stat', 'splice_type': 'same_lib', 'lib': '/p/vast1/build/spack/opt/spack/linux-rhel7-broadwell/gcc-10.2.1/libunwind-1.3.1-72g4vt4tmhajb3bwkqn5rhfmexutvvzm/lib/libunwind-x86_64.so.8.0.1', 'original_lib': '/p/vast1/build/spack/opt/spack/linux-rhel7-broadwell/gcc-10.2.1/libunwind-1.3.1-72g4vt4tmhajb3bwkqn5rhfmexutvvzm/lib/libunwind-x86_64.so.8.0.1', 'prediction': True}, {'message': '', 'return_code': 0, 'binary': '/p/vast1/build/spack/opt/spack/linux-rhel7-broadwell/gcc-10.2.1/caliper-1.9.1-3iewyq3kggyajsfaczzm5vvneavpzfdx/bin/cali-stat', 'splice_type': 'same_lib', 'lib': '/p/vast1/build/spack/opt/spack/linux-rhel7-broadwell/gcc-10.2.1/libunwind-1.3.1-72g4vt4tmhajb3bwkqn5rhfmexutvvzm/lib/libunwind-setjmp.so.0.0.0', 'original_lib': '/p/vast1/build/spack/opt/spack/linux-rhel7-broadwell/gcc-10.2.1/libunwind-1.3.1-72g4vt4tmhajb3bwkqn5rhfmexutvvzm/lib/libunwind-setjmp.so.0.0.0', 'prediction': True}, {'message': "ELF file '/p/vast1/build/spack/opt/spack/linux-rhel7-broadwell/gcc-10.2.1/caliper-1.9.1-3iewyq3kggyajsfaczzm5vvneavpzfdx/bin/cali-stat' is not ABI compatible with '/p/vast1/build/spack/opt/spack/linux-rhel7-broadwell/gcc-10.2.1/libunwind-1.3.1-72g4vt4tmhajb3bwkqn5rhfmexutvvzm/lib/libunwind.so.8.0.1' due to differences with '/p/vast1/build/spack/opt/spack/linux-rhel7-broadwell/gcc-10.2.1/libunwind-1.5.0-qolipzu4dzqdwwqilpz34qbosuwxtpoa/lib/libunwind-setjmp.so.0.0.0' below:\nELF SONAME changed\nFunctions changes summary: 0 Removed, 0 Changed, 0 Added function\nVariables changes summary: 0 Removed, 0 Changed, 0 Added variable\n\nSONAME changed from 'libunwind-setjmp.so.0' to 'libunwind.so.8'\n\n", 'return_code': 12, 'binary': '/p/vast1/build/spack/opt/spack/linux-rhel7-broadwell/gcc-10.2.1/caliper-1.9.1-3iewyq3kggyajsfaczzm5vvneavpzfdx/bin/cali-stat', 'splice_type': 'same_lib', 'lib': '/p/vast1/build/spack/opt/spack/linux-rhel7-broadwell/gcc-10.2.1/libunwind-1.3.1-72g4vt4tmhajb3bwkqn5rhfmexutvvzm/lib/libunwind.so.8.0.1', 'original_lib': '/p/vast1/build/spack/opt/spack/linux-rhel7-broadwell/gcc-10.2.1/libunwind-1.3.1-72g4vt4tmhajb3bwkqn5rhfmexutvvzm/lib/libunwind.so.8.0.1', 'prediction': False}, {'message': "ELF file '/p/vast1/build/spack/opt/spack/linux-rhel7-broadwell/gcc-10.2.1/caliper-1.9.1-3iewyq3kggyajsfaczzm5vvneavpzfdx/bin/cali-stat' is not ABI compatible with '/p/vast1/build/spack/opt/spack/linux-rhel7-broadwell/gcc-10.2.1/libunwind-1.3.1-72g4vt4tmhajb3bwkqn5rhfmexutvvzm/lib/libunwind.so.8.0.1' due to differences with '/p/vast1/build/spack/opt/spack/linux-rhel7-broadwell/gcc-10.2.1/libunwind-1.5.0-qolipzu4dzqdwwqilpz34qbosuwxtpoa/lib/libunwind-x86_64.so.8.0.1' below:\nELF SONAME changed\nFunctions changes summary: 0 Removed, 0 Changed, 0 Added function\nVariables changes summary: 0 Removed, 0 Changed, 0 Added variable\n\nSONAME changed from 'libunwind-x86_64.so.8' to 'libunwind.so.8'\n\n", 'return_code': 12, 'binary': '/p/vast1/build/spack/opt/spack/linux-rhel7-broadwell/gcc-10.2.1/caliper-1.9.1-3iewyq3kggyajsfaczzm5vvneavpzfdx/bin/cali-stat', 'splice_type': 'same_lib', 'lib': '/p/vast1/build/spack/opt/spack/linux-rhel7-broadwell/gcc-10.2.1/libunwind-1.3.1-72g4vt4tmhajb3bwkqn5rhfmexutvvzm/lib/libunwind.so.8.0.1', 'original_lib': '/p/vast1/build/spack/opt/spack/linux-rhel7-broadwell/gcc-10.2.1/libunwind-1.3.1-72g4vt4tmhajb3bwkqn5rhfmexutvvzm/lib/libunwind.so.8.0.1', 'prediction': False}, {'message': '', 'return_code': 0, 'binary': '/p/vast1/build/spack/opt/spack/linux-rhel7-broadwell/gcc-10.2.1/caliper-1.9.1-3iewyq3kggyajsfaczzm5vvneavpzfdx/bin/cali-stat', 'splice_type': 'same_lib', 'lib': '/p/vast1/build/spack/opt/spack/linux-rhel7-broadwell/gcc-10.2.1/libunwind-1.3.1-72g4vt4tmhajb3bwkqn5rhfmexutvvzm/lib/libunwind.so.8.0.1', 'original_lib': '/p/vast1/build/spack/opt/spack/linux-rhel7-broadwell/gcc-10.2.1/libunwind-1.3.1-72g4vt4tmhajb3bwkqn5rhfmexutvvzm/lib/libunwind.so.8.0.1', 'prediction': True}, {'message': '', 'return_code': 0, 'binary': '/p/vast1/build/spack/opt/spack/linux-rhel7-broadwell/gcc-10.2.1/caliper-1.9.1-3iewyq3kggyajsfaczzm5vvneavpzfdx/bin/cali-query', 'splice_type': 'same_lib', 'lib': '/p/vast1/build/spack/opt/spack/linux-rhel7-broadwell/gcc-10.2.1/libunwind-1.3.1-72g4vt4tmhajb3bwkqn5rhfmexutvvzm/lib/libunwind-x86_64.so.8.0.1', 'original_lib': '/p/vast1/build/spack/opt/spack/linux-rhel7-broadwell/gcc-10.2.1/libunwind-1.3.1-72g4vt4tmhajb3bwkqn5rhfmexutvvzm/lib/libunwind-x86_64.so.8.0.1', 'prediction': True}, {'message': '', 'return_code': 0, 'binary': '/p/vast1/build/spack/opt/spack/linux-rhel7-broadwell/gcc-10.2.1/caliper-1.9.1-3iewyq3kggyajsfaczzm5vvneavpzfdx/bin/cali-query', 'splice_type': 'same_lib', 'lib': '/p/vast1/build/spack/opt/spack/linux-rhel7-broadwell/gcc-10.2.1/libunwind-1.3.1-72g4vt4tmhajb3bwkqn5rhfmexutvvzm/lib/libunwind-setjmp.so.0.0.0', 'original_lib': '/p/vast1/build/spack/opt/spack/linux-rhel7-broadwell/gcc-10.2.1/libunwind-1.3.1-72g4vt4tmhajb3bwkqn5rhfmexutvvzm/lib/libunwind-setjmp.so.0.0.0', 'prediction': True}, {'message': "ELF file '/p/vast1/build/spack/opt/spack/linux-rhel7-broadwell/gcc-10.2.1/caliper-1.9.1-3iewyq3kggyajsfaczzm5vvneavpzfdx/bin/cali-query' is not ABI compatible with '/p/vast1/build/spack/opt/spack/linux-rhel7-broadwell/gcc-10.2.1/libunwind-1.3.1-72g4vt4tmhajb3bwkqn5rhfmexutvvzm/lib/libunwind.so.8.0.1' due to differences with '/p/vast1/build/spack/opt/spack/linux-rhel7-broadwell/gcc-10.2.1/libunwind-1.5.0-qolipzu4dzqdwwqilpz34qbosuwxtpoa/lib/libunwind-setjmp.so.0.0.0' below:\nELF SONAME changed\nFunctions changes summary: 0 Removed, 0 Changed, 0 Added function\nVariables changes summary: 0 Removed, 0 Changed, 0 Added (1 filtered out) variable\n\nSONAME changed from 'libunwind-setjmp.so.0' to 'libunwind.so.8'\n\n", 'return_code': 12, 'binary': '/p/vast1/build/spack/opt/spack/linux-rhel7-broadwell/gcc-10.2.1/caliper-1.9.1-3iewyq3kggyajsfaczzm5vvneavpzfdx/bin/cali-query', 'splice_type': 'same_lib', 'lib': '/p/vast1/build/spack/opt/spack/linux-rhel7-broadwell/gcc-10.2.1/libunwind-1.3.1-72g4vt4tmhajb3bwkqn5rhfmexutvvzm/lib/libunwind.so.8.0.1', 'original_lib': '/p/vast1/build/spack/opt/spack/linux-rhel7-broadwell/gcc-10.2.1/libunwind-1.3.1-72g4vt4tmhajb3bwkqn5rhfmexutvvzm/lib/libunwind.so.8.0.1', 'prediction': False}, {'message': "ELF file '/p/vast1/build/spack/opt/spack/linux-rhel7-broadwell/gcc-10.2.1/caliper-1.9.1-3iewyq3kggyajsfaczzm5vvneavpzfdx/bin/cali-query' is not ABI compatible with '/p/vast1/build/spack/opt/spack/linux-rhel7-broadwell/gcc-10.2.1/libunwind-1.3.1-72g4vt4tmhajb3bwkqn5rhfmexutvvzm/lib/libunwind.so.8.0.1' due to differences with '/p/vast1/build/spack/opt/spack/linux-rhel7-broadwell/gcc-10.2.1/libunwind-1.5.0-qolipzu4dzqdwwqilpz34qbosuwxtpoa/lib/libunwind-x86_64.so.8.0.1' below:\nELF SONAME changed\nFunctions changes summary: 0 Removed, 0 Changed, 0 Added function\nVariables changes summary: 1 Removed, 0 Changed, 0 Added (1 filtered out) variables\n\nSONAME changed from 'libunwind-x86_64.so.8' to 'libunwind.so.8'\n\n1 Removed variable:\n\n  [D] 'unw_addr_space_t _Ux86_64_local_addr_space'    {_Ux86_64_local_addr_space}\n\n", 'return_code': 12, 'binary': '/p/vast1/build/spack/opt/spack/linux-rhel7-broadwell/gcc-10.2.1/caliper-1.9.1-3iewyq3kggyajsfaczzm5vvneavpzfdx/bin/cali-query', 'splice_type': 'same_lib', 'lib': '/p/vast1/build/spack/opt/spack/linux-rhel7-broadwell/gcc-10.2.1/libunwind-1.3.1-72g4vt4tmhajb3bwkqn5rhfmexutvvzm/lib/libunwind.so.8.0.1', 'original_lib': '/p/vast1/build/spack/opt/spack/linux-rhel7-broadwell/gcc-10.2.1/libunwind-1.3.1-72g4vt4tmhajb3bwkqn5rhfmexutvvzm/lib/libunwind.so.8.0.1', 'prediction': False}, {'message': '', 'return_code': 0, 'binary': '/p/vast1/build/spack/opt/spack/linux-rhel7-broadwell/gcc-10.2.1/caliper-1.9.1-3iewyq3kggyajsfaczzm5vvneavpzfdx/bin/cali-query', 'splice_type': 'same_lib', 'lib': '/p/vast1/build/spack/opt/spack/linux-rhel7-broadwell/gcc-10.2.1/libunwind-1.3.1-72g4vt4tmhajb3bwkqn5rhfmexutvvzm/lib/libunwind.so.8.0.1', 'original_lib': '/p/vast1/build/spack/opt/spack/linux-rhel7-broadwell/gcc-10.2.1/libunwind-1.3.1-72g4vt4tmhajb3bwkqn5rhfmexutvvzm/lib/libunwind.so.8.0.1', 'prediction': True}]}
