==> Warning: Missing a source id for libunwind@master
==> Warning: Missing a source id for libunwind@1.5-head
==> Warning: using "libunwind@1.1" which is a deprecated version
==> Warning: libunwind-1.1-jw4j44y7memugbzgqwil3qpi5eiygi4u failed to install
==> Error: libunwind-1.1-jw4j44y7memugbzgqwil3qpi5eiygi4u: Package was not installed
Making predictions for symbolator
Making predictions for libabigail
Making predictions for actual
/var/spool/slurmd/job100026/slurm_script: line 12: 40379 Killed                  spliced splice --package caliper@2.0.1 --splice libunwind --runner spack --replace libunwind --experiment experiment --outfile /p/vast1/build/spliced-experiment/results/caliper/2.0.1/libunwind/experiment.json
==> Warning: Missing a source id for libunwind@master
==> Warning: Missing a source id for libunwind@1.5-stable
==> Warning: using "libunwind@1.1" which is a deprecated version
==> Warning: libunwind-1.1-jw4j44y7memugbzgqwil3qpi5eiygi4u failed to install
==> Warning: AssertionError exception when releasing read lock for libunwind-1.1-jw4j44y7memugbzgqwil3qpi5eiygi4u: 
==> Error: libunwind-1.1-jw4j44y7memugbzgqwil3qpi5eiygi4u: Package was not installed
Making predictions for spack-test
Making predictions for symbolator
Making predictions for libabigail
abicompat not found on path, will look for spack instead.
Making predictions for actual
