==> Warning: Missing a source id for papi@master
Making predictions for symbolator
Making predictions for libabigail
Making predictions for actual
/var/spool/slurmd/job100058/slurm_script: line 12:  3764 Killed                  spliced splice --package caliper@2.2.0 --splice papi --runner spack --replace papi --experiment experiment --outfile /p/vast1/build/spliced-experiment/results/caliper/2.2.0/papi/experiment.json
==> Warning: Fetching from mirror without a checksum!
  This package is normally checked out from a version control system, but it has been archived on a spack mirror.  This means we cannot know a checksum for the tarball in advance. Be sure that your connection to this mirror is secure!
==> Error: ProcessError: Command exited with status 2:
    'make' '-j16'

18 errors found in build log:
     193    [ 12%] Building CXX object src/services/callpath/CMakeFiles/caliper
            -callpath.dir/Callpath.cpp.o
     194    cd /tmp/sochat1/spack-stage/spack-stage-caliper-2.2.0-44miwt3tlskkp
            im5gxasynjnzxez3zvy/spack-build-44miwt3/src/services/callpath && /p
            /vast1/build/spack/lib/spack/env/gcc/g++  -I/tmp/sochat1/spack-stag
            e/spack-stage-caliper-2.2.0-44miwt3tlskkpim5gxasynjnzxez3zvy/spack-
            build-44miwt3/include -I/var/tmp/sochat1/spack-stage/spack-stage-ca
            liper-2.2.0-44miwt3tlskkpim5gxasynjnzxez3zvy/spack-src/include -I/t
            mp/sochat1/spack-stage/spack-stage-caliper-2.2.0-44miwt3tlskkpim5gx
            asynjnzxez3zvy/spack-build-44miwt3 -I/var/tmp/sochat1/spack-stage/s
            pack-stage-caliper-2.2.0-44miwt3tlskkpim5gxasynjnzxez3zvy/spack-src
            /src -I/tmp/sochat1/spack-stage/spack-stage-caliper-2.2.0-44miwt3tl
            skkpim5gxasynjnzxez3zvy/spack-build-44miwt3/src/services -I/p/vast1
            /build/spack/opt/spack/linux-rhel7-broadwell/gcc-10.2.1/libunwind-1
            .5.0-qolipzu4dzqdwwqilpz34qbosuwxtpoa/include -O2 -g -DNDEBUG -fPIC
             -Wall -std=gnu++11 -MD -MT src/services/callpath/CMakeFiles/calipe
            r-callpath.dir/Callpath.cpp.o -MF CMakeFiles/caliper-callpath.dir/C
            allpath.cpp.o.d -o CMakeFiles/caliper-callpath.dir/Callpath.cpp.o -
            c /var/tmp/sochat1/spack-stage/spack-stage-caliper-2.2.0-44miwt3tls
            kkpim5gxasynjnzxez3zvy/spack-src/src/services/callpath/Callpath.cpp
     195    [ 13%] Building CXX object src/services/sampler/CMakeFiles/caliper-
            sampler.dir/Sampler.cpp.o
     196    cd /tmp/sochat1/spack-stage/spack-stage-caliper-2.2.0-44miwt3tlskkp
            im5gxasynjnzxez3zvy/spack-build-44miwt3/src/services/sampler && /p/
            vast1/build/spack/lib/spack/env/gcc/g++  -I/tmp/sochat1/spack-stage
            /spack-stage-caliper-2.2.0-44miwt3tlskkpim5gxasynjnzxez3zvy/spack-b
            uild-44miwt3/include -I/var/tmp/sochat1/spack-stage/spack-stage-cal
            iper-2.2.0-44miwt3tlskkpim5gxasynjnzxez3zvy/spack-src/include -I/tm
            p/sochat1/spack-stage/spack-stage-caliper-2.2.0-44miwt3tlskkpim5gxa
            synjnzxez3zvy/spack-build-44miwt3 -I/var/tmp/sochat1/spack-stage/sp
            ack-stage-caliper-2.2.0-44miwt3tlskkpim5gxasynjnzxez3zvy/spack-src/
            src -I/tmp/sochat1/spack-stage/spack-stage-caliper-2.2.0-44miwt3tls
            kkpim5gxasynjnzxez3zvy/spack-build-44miwt3/src/services -I/tmp/soch
            at1/spack-stage/spack-stage-caliper-2.2.0-44miwt3tlskkpim5gxasynjnz
            xez3zvy/spack-build-44miwt3/src/services/sampler -I/var/tmp/sochat1
            /spack-stage/spack-stage-caliper-2.2.0-44miwt3tlskkpim5gxasynjnzxez
            3zvy/spack-src/src/services/sampler -O2 -g -DNDEBUG -fPIC -Wall -st
            d=gnu++11 -MD -MT src/services/sampler/CMakeFiles/caliper-sampler.d
            ir/Sampler.cpp.o -MF CMakeFiles/caliper-sampler.dir/Sampler.cpp.o.d
             -o CMakeFiles/caliper-sampler.dir/Sampler.cpp.o -c /var/tmp/sochat
            1/spack-stage/spack-stage-caliper-2.2.0-44miwt3tlskkpim5gxasynjnzxe
            z3zvy/spack-src/src/services/sampler/Sampler.cpp
     197    [ 13%] Building CXX object src/services/pthread/CMakeFiles/caliper-
            pthread.dir/PthreadService.cpp.o
     198    cd /tmp/sochat1/spack-stage/spack-stage-caliper-2.2.0-44miwt3tlskkp
            im5gxasynjnzxez3zvy/spack-build-44miwt3/src/services/pthread && /p/
            vast1/build/spack/lib/spack/env/gcc/g++  -I/tmp/sochat1/spack-stage
            /spack-stage-caliper-2.2.0-44miwt3tlskkpim5gxasynjnzxez3zvy/spack-b
            uild-44miwt3/include -I/var/tmp/sochat1/spack-stage/spack-stage-cal
            iper-2.2.0-44miwt3tlskkpim5gxasynjnzxez3zvy/spack-src/include -I/tm
            p/sochat1/spack-stage/spack-stage-caliper-2.2.0-44miwt3tlskkpim5gxa
            synjnzxez3zvy/spack-build-44miwt3 -I/var/tmp/sochat1/spack-stage/sp
            ack-stage-caliper-2.2.0-44miwt3tlskkpim5gxasynjnzxez3zvy/spack-src/
            src -I/tmp/sochat1/spack-stage/spack-stage-caliper-2.2.0-44miwt3tls
            kkpim5gxasynjnzxez3zvy/spack-build-44miwt3/src/services -I/var/tmp/
            sochat1/spack-stage/spack-stage-caliper-2.2.0-44miwt3tlskkpim5gxasy
            njnzxez3zvy/spack-src/ext/gotcha/include -O2 -g -DNDEBUG -fPIC -Wal
            l -std=gnu++11 -MD -MT src/services/pthread/CMakeFiles/caliper-pthr
            ead.dir/PthreadService.cpp.o -MF CMakeFiles/caliper-pthread.dir/Pth
            readService.cpp.o.d -o CMakeFiles/caliper-pthread.dir/PthreadServic
            e.cpp.o -c /var/tmp/sochat1/spack-stage/spack-stage-caliper-2.2.0-4
            4miwt3tlskkpim5gxasynjnzxez3zvy/spack-src/src/services/pthread/Pthr
            eadService.cpp
  >> 199    /tmp/sochat1/spack-stage/spack-stage-caliper-2.2.0-44miwt3tlskkpim5
            gxasynjnzxez3zvy/spack-build-44miwt3/src/services/gen_services_inc.
            py:42: SyntaxWarning: "is not" with a literal. Did you mean "!="?
     200      service_list=[x for x in service_string.split(";") if x is not ''
            ]
  >> 201    /tmp/sochat1/spack-stage/spack-stage-caliper-2.2.0-44miwt3tlskkpim5
            gxasynjnzxez3zvy/spack-build-44miwt3/src/services/gen_services_inc.
            py:69: SyntaxWarning: "is not" with a literal. Did you mean "!="?
     202      if service_condition is not "":
  >> 203    /tmp/sochat1/spack-stage/spack-stage-caliper-2.2.0-44miwt3tlskkpim5
            gxasynjnzxez3zvy/spack-build-44miwt3/src/services/gen_services_inc.
            py:72: SyntaxWarning: "is not" with a literal. Did you mean "!="?
     204      if service_condition is not "":
  >> 205    /tmp/sochat1/spack-stage/spack-stage-caliper-2.2.0-44miwt3tlskkpim5
            gxasynjnzxez3zvy/spack-build-44miwt3/src/services/gen_services_inc.
            py:80: SyntaxWarning: "is not" with a literal. Did you mean "!="?
     206      if service_condition is not "":
  >> 207    /tmp/sochat1/spack-stage/spack-stage-caliper-2.2.0-44miwt3tlskkpim5
            gxasynjnzxez3zvy/spack-build-44miwt3/src/services/gen_services_inc.
            py:83: SyntaxWarning: "is not" with a literal. Did you mean "!="?
     208      if service_condition is not "":
     209    make[2]: Leaving directory `/tmp/sochat1/spack-stage/spack-stage-ca
            liper-2.2.0-44miwt3tlskkpim5gxasynjnzxez3zvy/spack-build-44miwt3'
     210    [ 13%] Built target gen-services
     211    [ 14%] Building C object src/services/io/CurIOus/src/CMakeFiles/cal
            iper-CurIOus.dir/curious.c.o
     212    cd /tmp/sochat1/spack-stage/spack-stage-caliper-2.2.0-44miwt3tlskkp
            im5gxasynjnzxez3zvy/spack-build-44miwt3/src/services/io/CurIOus/src
             && /p/vast1/build/spack/lib/spack/env/gcc/gcc  -I/tmp/sochat1/spac
            k-stage/spack-stage-caliper-2.2.0-44miwt3tlskkpim5gxasynjnzxez3zvy/
            spack-build-44miwt3/include -I/var/tmp/sochat1/spack-stage/spack-st
            age-caliper-2.2.0-44miwt3tlskkpim5gxasynjnzxez3zvy/spack-src/includ
            e -I/tmp/sochat1/spack-stage/spack-stage-caliper-2.2.0-44miwt3tlskk
            pim5gxasynjnzxez3zvy/spack-build-44miwt3 -I/var/tmp/sochat1/spack-s
            tage/spack-stage-caliper-2.2.0-44miwt3tlskkpim5gxasynjnzxez3zvy/spa
            ck-src/src -I/tmp/sochat1/spack-stage/spack-stage-caliper-2.2.0-44m
            iwt3tlskkpim5gxasynjnzxez3zvy/spack-build-44miwt3/src/services -I/v
            ar/tmp/sochat1/spack-stage/spack-stage-caliper-2.2.0-44miwt3tlskkpi
            m5gxasynjnzxez3zvy/spack-src/ext/gotcha/include -I/var/tmp/sochat1/
            spack-stage/spack-stage-caliper-2.2.0-44miwt3tlskkpim5gxasynjnzxez3
            zvy/spack-src/src/services/io/CurIOus/src/../include -O2 -g -DNDEBU
            G -fPIC -Wall -std=gnu11 -MD -MT src/services/io/CurIOus/src/CMakeF
            iles/caliper-CurIOus.dir/curious.c.o -MF CMakeFiles/caliper-CurIOus
            .dir/curious.c.o.d -o CMakeFiles/caliper-CurIOus.dir/curious.c.o -c
             /var/tmp/sochat1/spack-stage/spack-stage-caliper-2.2.0-44miwt3tlsk
            kpim5gxasynjnzxez3zvy/spack-src/src/services/io/CurIOus/src/curious
            .c
     213    make  -f src/services/spot/CMakeFiles/caliper-spot.dir/build.make s
            rc/services/spot/CMakeFiles/caliper-spot.dir/depend

     ...

     557    cd /tmp/sochat1/spack-stage/spack-stage-caliper-2.2.0-44miwt3tlskkp
            im5gxasynjnzxez3zvy/spack-build-44miwt3/src/tools/cali-stat && /p/v
            ast1/build/spack/lib/spack/env/gcc/g++  -I/tmp/sochat1/spack-stage/
            spack-stage-caliper-2.2.0-44miwt3tlskkpim5gxasynjnzxez3zvy/spack-bu
            ild-44miwt3/include -I/var/tmp/sochat1/spack-stage/spack-stage-cali
            per-2.2.0-44miwt3tlskkpim5gxasynjnzxez3zvy/spack-src/include -I/tmp
            /sochat1/spack-stage/spack-stage-caliper-2.2.0-44miwt3tlskkpim5gxas
            ynjnzxez3zvy/spack-build-44miwt3 -I/var/tmp/sochat1/spack-stage/spa
            ck-stage-caliper-2.2.0-44miwt3tlskkpim5gxasynjnzxez3zvy/spack-src/s
            rc -O2 -g -DNDEBUG -std=gnu++11 -MD -MT src/tools/cali-stat/CMakeFi
            les/cali-stat.dir/cali-stat.cpp.o -MF CMakeFiles/cali-stat.dir/cali
            -stat.cpp.o.d -o CMakeFiles/cali-stat.dir/cali-stat.cpp.o -c /var/t
            mp/sochat1/spack-stage/spack-stage-caliper-2.2.0-44miwt3tlskkpim5gx
            asynjnzxez3zvy/spack-src/src/tools/cali-stat/cali-stat.cpp
     558    cd /tmp/sochat1/spack-stage/spack-stage-caliper-2.2.0-44miwt3tlskkp
            im5gxasynjnzxez3zvy/spack-build-44miwt3/src/tools/cali-query && /p/
            vast1/build/spack/lib/spack/env/gcc/g++  -I/tmp/sochat1/spack-stage
            /spack-stage-caliper-2.2.0-44miwt3tlskkpim5gxasynjnzxez3zvy/spack-b
            uild-44miwt3/include -I/var/tmp/sochat1/spack-stage/spack-stage-cal
            iper-2.2.0-44miwt3tlskkpim5gxasynjnzxez3zvy/spack-src/include -I/tm
            p/sochat1/spack-stage/spack-stage-caliper-2.2.0-44miwt3tlskkpim5gxa
            synjnzxez3zvy/spack-build-44miwt3 -I/var/tmp/sochat1/spack-stage/sp
            ack-stage-caliper-2.2.0-44miwt3tlskkpim5gxasynjnzxez3zvy/spack-src/
            src -I/var/tmp/sochat1/spack-stage/spack-stage-caliper-2.2.0-44miwt
            3tlskkpim5gxasynjnzxez3zvy/spack-src/src/tools/cali-query/../../com
            mon -I/var/tmp/sochat1/spack-stage/spack-stage-caliper-2.2.0-44miwt
            3tlskkpim5gxasynjnzxez3zvy/spack-src/src/tools/cali-query/../../rea
            der -I/var/tmp/sochat1/spack-stage/spack-stage-caliper-2.2.0-44miwt
            3tlskkpim5gxasynjnzxez3zvy/spack-src/src/tools/cali-query/../util -
            I/var/tmp/sochat1/spack-stage/spack-stage-caliper-2.2.0-44miwt3tlsk
            kpim5gxasynjnzxez3zvy/spack-src/src/tools/cali-query/../../caliper 
            -O2 -g -DNDEBUG -pthread -std=gnu++11 -MD -MT src/tools/cali-query/
            CMakeFiles/cali-query.dir/cali-query.cpp.o -MF CMakeFiles/cali-quer
            y.dir/cali-query.cpp.o.d -o CMakeFiles/cali-query.dir/cali-query.cp
            p.o -c /var/tmp/sochat1/spack-stage/spack-stage-caliper-2.2.0-44miw
            t3tlskkpim5gxasynjnzxez3zvy/spack-src/src/tools/cali-query/cali-que
            ry.cpp
     559    [ 97%] Linking CXX executable cali-graph
     560    cd /tmp/sochat1/spack-stage/spack-stage-caliper-2.2.0-44miwt3tlskkp
            im5gxasynjnzxez3zvy/spack-build-44miwt3/src/tools/cali-graph && /p/
            vast1/build/spack/opt/spack/linux-rhel7-broadwell/gcc-10.2.1/cmake-
            3.22.2-7oku4yd37mfoi65gi3alunjbl35euphw/bin/cmake -E cmake_link_scr
            ipt CMakeFiles/cali-graph.dir/link.txt --verbose=1
     561    /p/vast1/build/spack/lib/spack/env/gcc/g++ -O2 -g -DNDEBUG -rdynami
            c CMakeFiles/cali-graph.dir/cali-graph.cpp.o -o cali-graph  -Wl,-rp
            ath,/tmp/sochat1/spack-stage/spack-stage-caliper-2.2.0-44miwt3tlskk
            pim5gxasynjnzxez3zvy/spack-build-44miwt3/src/tools/util:/tmp/sochat
            1/spack-stage/spack-stage-caliper-2.2.0-44miwt3tlskkpim5gxasynjnzxe
            z3zvy/spack-build-44miwt3/src/caliper:/p/vast1/build/spack/opt/spac
            k/linux-rhel7-broadwell/gcc-10.2.1/adiak-0.2.1-wo554abjcjhbmxe75vsn
            5cnmzuk67z5s/lib:/p/vast1/build/spack/opt/spack/linux-rhel7-broadwe
            ll/gcc-10.2.1/openmpi-4.1.2-mtnsjnbj5kuefhd6gtupaglpuytu6vhz/lib:::
            :::::::::::::::::::::::::::::::::::::::::::::::::::::::::::::::::::
            :::::::::::::::::::::::::::::::::::::::::::::::::::::::::::::::::::
            :::::::::::::::::::::::::::::::::::::::::::::::::::::::::::::::::::
            :::::::::::::::::::::::::::::::::::::::::::::::::::::::::::::::::::
            :::::::::::::::::::::::::::::::::::::::::::::::::::::::::::::::::::
            :::::::::::::::::::::::::::::::::::::::::::::::::::::::::::::::::::
            :::::::::::::::::::::::::::::::::::::::::::::::::::::::::::::::::::
            :::::::::::::::::::::::::::::::::::::::::::::::::::::::::::::::::::
            :::::::::::::::::::::::::::::::::::::::::::::::::::::::::::::::::::
            :::::::::::::::::::::::::::::::::::::::::::::::::::::::::::::::::::
            :::::::::::::::::::::::::::::::::::::::::::::::::::::::::::::::::::
            :::::::::::::::::::::::::::::::::::::::::::::::::::::::::::::::::::
            :::::::::::::::::::::::::::::::::::::::::::::::::::::::::::::::::::
            :::::::::::::::::::::::::::::::::::::::::::::::::::::::::::::::::::
            :::::::::::::::::::::::::::::::::::::::::::::::::::::::::::::::::::
            :::::::::::::::::::::::::::::::::::::::::::::::::::::::::::::::::::
            :::::::::::::::::::::::::::::::::::::::::::::::::::::::::::::::::::
            :::::::::::::::::::::::::::::::::::::::::::::::::::::::::::::::::::
            :::::::::::::::::::::::::::::::::::::::::::::::::::::::::::::::::::
            :::::::::::::::::::::::::::::::::::::::::::::::::::::::::::::::::::
            ::::::::::::::::::::::::::::::: ../util/libcaliper-tools-util.so.2.
            2.0 ../../caliper/libcaliper-serial.so.2.2.0 -Wl,-rpath-link,/p/vas
            t1/build/spack/opt/spack/linux-rhel7-broadwell/gcc-10.2.1/adiak-0.2
            .1-wo554abjcjhbmxe75vsn5cnmzuk67z5s/lib:/p/vast1/build/spack/opt/sp
            ack/linux-rhel7-broadwell/gcc-10.2.1/openmpi-4.1.2-mtnsjnbj5kuefhd6
            gtupaglpuytu6vhz/lib
     562    /usr/tce/packages/gcc/gcc-10.2.1/rh/usr/bin/../libexec/gcc/x86_64-r
            edhat-linux/10/ld: warning: libgpfs.so, needed by /p/vast1/build/sp
            ack/opt/spack/linux-rhel7-broadwell/gcc-10.2.1/openmpi-4.1.2-mtnsjn
            bj5kuefhd6gtupaglpuytu6vhz/lib/libmpi.so.40, not found (try using -
            rpath or -rpath-link)
  >> 563    /usr/tce/packages/gcc/gcc-10.2.1/rh/usr/bin/../libexec/gcc/x86_64-r
            edhat-linux/10/ld: /p/vast1/build/spack/opt/spack/linux-rhel7-broad
            well/gcc-10.2.1/openmpi-4.1.2-mtnsjnbj5kuefhd6gtupaglpuytu6vhz/lib/
            libmpi.so.40: undefined reference to `gpfs_fcntl'
  >> 564    collect2: error: ld returned 1 exit status
  >> 565    make[2]: *** [src/tools/cali-graph/cali-graph] Error 1
     566    make[2]: Leaving directory `/tmp/sochat1/spack-stage/spack-stage-ca
            liper-2.2.0-44miwt3tlskkpim5gxasynjnzxez3zvy/spack-build-44miwt3'
  >> 567    make[1]: *** [src/tools/cali-graph/CMakeFiles/cali-graph.dir/all] E
            rror 2
     568    make[1]: *** Waiting for unfinished jobs....
     569    [ 98%] Linking CXX executable cali-stat
     570    cd /tmp/sochat1/spack-stage/spack-stage-caliper-2.2.0-44miwt3tlskkp
            im5gxasynjnzxez3zvy/spack-build-44miwt3/src/tools/cali-stat && /p/v
            ast1/build/spack/opt/spack/linux-rhel7-broadwell/gcc-10.2.1/cmake-3
            .22.2-7oku4yd37mfoi65gi3alunjbl35euphw/bin/cmake -E cmake_link_scri
            pt CMakeFiles/cali-stat.dir/link.txt --verbose=1
     571    /p/vast1/build/spack/lib/spack/env/gcc/g++ -O2 -g -DNDEBUG -rdynami
            c CMakeFiles/cali-stat.dir/cali-stat.cpp.o -o cali-stat  -Wl,-rpath
            ,/tmp/sochat1/spack-stage/spack-stage-caliper-2.2.0-44miwt3tlskkpim
            5gxasynjnzxez3zvy/spack-build-44miwt3/src/tools/util:/tmp/sochat1/s
            pack-stage/spack-stage-caliper-2.2.0-44miwt3tlskkpim5gxasynjnzxez3z
            vy/spack-build-44miwt3/src/caliper:/p/vast1/build/spack/opt/spack/l
            inux-rhel7-broadwell/gcc-10.2.1/adiak-0.2.1-wo554abjcjhbmxe75vsn5cn
            mzuk67z5s/lib:/p/vast1/build/spack/opt/spack/linux-rhel7-broadwell/
            gcc-10.2.1/openmpi-4.1.2-mtnsjnbj5kuefhd6gtupaglpuytu6vhz/lib::::::
            :::::::::::::::::::::::::::::::::::::::::::::::::::::::::::::::::::
            :::::::::::::::::::::::::::::::::::::::::::::::::::::::::::::::::::
            :::::::::::::::::::::::::::::::::::::::::::::::::::::::::::::::::::
            :::::::::::::::::::::::::::::::::::::::::::::::::::::::::::::::::::
            :::::::::::::::::::::::::::::::::::::::::::::::::::::::::::::::::::
            :::::::::::::::::::::::::::::::::::::::::::::::::::::::::::::::::::
            :::::::::::::::::::::::::::::::::::::::::::::::::::::::::::::::::::
            :::::::::::::::::::::::::::::::::::::::::::::::::::::::::::::::::::
            :::::::::::::::::::::::::::::::::::::::::::::::::::::::::::::::::::
            :::::::::::::::::::::::::::::::::::::::::::::::::::::::::::::::::::
            :::::::::::::::::::::::::::::::::::::::::::::::::::::::::::::::::::
            :::::::::::::::::::::::::::::::::::::::::::::::::::::::::::::::::::
            :::::::::::::::::::::::::::::::::::::::::::::::::::::::::::::::::::
            :::::::::::::::::::::::::::::::::::::::::::::::::::::::::::::::::::
            :::::::::::::::::::::::::::::::::::::::::::::::::::::::::::::::::::
            :::::::::::::::::::::::::::::::::::::::::::::::::::::::::::::::::::
            :::::::::::::::::::::::::::::::::::::::::::::::::::::::::::::::::::
            :::::::::::::::::::::::::::::::::::::::::::::::::::::::::::::::::::
            :::::::::::::::::::::::::::::::::::::::::::::::::::::::::::::::::::
            :::::::::::::::::::::::::::::::::::::::::::::::::::::::::::::::::::
            :::::::::::::::::::::::::::: ../util/libcaliper-tools-util.so.2.2.0
             ../../caliper/libcaliper-serial.so.2.2.0 -Wl,-rpath-link,/p/vast1/
            build/spack/opt/spack/linux-rhel7-broadwell/gcc-10.2.1/adiak-0.2.1-
            wo554abjcjhbmxe75vsn5cnmzuk67z5s/lib:/p/vast1/build/spack/opt/spack
            /linux-rhel7-broadwell/gcc-10.2.1/openmpi-4.1.2-mtnsjnbj5kuefhd6gtu
            paglpuytu6vhz/lib
     572    /usr/tce/packages/gcc/gcc-10.2.1/rh/usr/bin/../libexec/gcc/x86_64-r
            edhat-linux/10/ld: warning: libgpfs.so, needed by /p/vast1/build/sp
            ack/opt/spack/linux-rhel7-broadwell/gcc-10.2.1/openmpi-4.1.2-mtnsjn
            bj5kuefhd6gtupaglpuytu6vhz/lib/libmpi.so.40, not found (try using -
            rpath or -rpath-link)
  >> 573    /usr/tce/packages/gcc/gcc-10.2.1/rh/usr/bin/../libexec/gcc/x86_64-r
            edhat-linux/10/ld: /p/vast1/build/spack/opt/spack/linux-rhel7-broad
            well/gcc-10.2.1/openmpi-4.1.2-mtnsjnbj5kuefhd6gtupaglpuytu6vhz/lib/
            libmpi.so.40: undefined reference to `gpfs_fcntl'
  >> 574    collect2: error: ld returned 1 exit status
  >> 575    make[2]: *** [src/tools/cali-stat/cali-stat] Error 1
     576    make[2]: Leaving directory `/tmp/sochat1/spack-stage/spack-stage-ca
            liper-2.2.0-44miwt3tlskkpim5gxasynjnzxez3zvy/spack-build-44miwt3'
  >> 577    make[1]: *** [src/tools/cali-stat/CMakeFiles/cali-stat.dir/all] Err
            or 2
     578    [100%] Linking CXX executable cali-query
     579    cd /tmp/sochat1/spack-stage/spack-stage-caliper-2.2.0-44miwt3tlskkp
            im5gxasynjnzxez3zvy/spack-build-44miwt3/src/tools/cali-query && /p/
            vast1/build/spack/opt/spack/linux-rhel7-broadwell/gcc-10.2.1/cmake-
            3.22.2-7oku4yd37mfoi65gi3alunjbl35euphw/bin/cmake -E cmake_link_scr
            ipt CMakeFiles/cali-query.dir/link.txt --verbose=1
     580    /p/vast1/build/spack/lib/spack/env/gcc/g++ -O2 -g -DNDEBUG -rdynami
            c CMakeFiles/cali-query.dir/AttributeExtract.cpp.o CMakeFiles/cali-
            query.dir/cali-query.cpp.o CMakeFiles/query-common.dir/query_common
            .cpp.o -o cali-query  -Wl,-rpath,/tmp/sochat1/spack-stage/spack-sta
            ge-caliper-2.2.0-44miwt3tlskkpim5gxasynjnzxez3zvy/spack-build-44miw
            t3/src/tools/util:/tmp/sochat1/spack-stage/spack-stage-caliper-2.2.
            0-44miwt3tlskkpim5gxasynjnzxez3zvy/spack-build-44miwt3/src/caliper:
            /p/vast1/build/spack/opt/spack/linux-rhel7-broadwell/gcc-10.2.1/adi
            ak-0.2.1-wo554abjcjhbmxe75vsn5cnmzuk67z5s/lib:/p/vast1/build/spack/
            opt/spack/linux-rhel7-broadwell/gcc-10.2.1/openmpi-4.1.2-mtnsjnbj5k
            uefhd6gtupaglpuytu6vhz/lib:::::::::::::::::::::::::::::::::::::::::
            :::::::::::::::::::::::::::::::::::::::::::::::::::::::::::::::::::
            :::::::::::::::::::::::::::::::::::::::::::::::::::::::::::::::::::
            :::::::::::::::::::::::::::::::::::::::::::::::::::::::::::::::::::
            :::::::::::::::::::::::::::::::::::::::::::::::::::::::::::::::::::
            :::::::::::::::::::::::::::::::::::::::::::::::::::::::::::::::::::
            :::::::::::::::::::::::::::::::::::::::::::::::::::::::::::::::::::
            :::::::::::::::::::::::::::::::::::::::::::::::::::::::::::::::::::
            :::::::::::::::::::::::::::::::::::::::::::::::::::::::::::::::::::
            :::::::::::::::::::::::::::::::::::::::::::::::::::::::::::::::::::
            :::::::::::::::::::::::::::::::::::::::::::::::::::::::::::::::::::
            :::::::::::::::::::::::::::::::::::::::::::::::::::::::::::::::::::
            :::::::::::::::::::::::::::::::::::::::::::::::::::::::::::::::::::
            :::::::::::::::::::::::::::::::::::::::::::::::::::::::::::::::::::
            :::::::::::::::::::::::::::::::::::::::::::::::::::::::::::::::::::
            :::::::::::::::::::::::::::::::::::::::::::::::::::::::::::::::::::
            :::::::::::::::::::::::::::::::::::::::::::::::::::::::::::::::::::
            :::::::::::::::::::::::::::::::::::::::::::::::::::::::::::::::::::
            :::::::::::::::::::::::::::::::::::::::::::::::::::::::::::::::::::
            :::::::::::::::::::::::::::::::::::::::::::::::::::::::::::::::::::
            :::::::::::::::::::::::::::::::::::::::::::::::::::::::::::: ../uti
            l/libcaliper-tools-util.so.2.2.0 ../../caliper/libcaliper-serial.so
            .2.2.0 -pthread -Wl,-rpath-link,/p/vast1/build/spack/opt/spack/linu
            x-rhel7-broadwell/gcc-10.2.1/adiak-0.2.1-wo554abjcjhbmxe75vsn5cnmzu
            k67z5s/lib:/p/vast1/build/spack/opt/spack/linux-rhel7-broadwell/gcc
            -10.2.1/openmpi-4.1.2-mtnsjnbj5kuefhd6gtupaglpuytu6vhz/lib
     581    /usr/tce/packages/gcc/gcc-10.2.1/rh/usr/bin/../libexec/gcc/x86_64-r
            edhat-linux/10/ld: warning: libgpfs.so, needed by /p/vast1/build/sp
            ack/opt/spack/linux-rhel7-broadwell/gcc-10.2.1/openmpi-4.1.2-mtnsjn
            bj5kuefhd6gtupaglpuytu6vhz/lib/libmpi.so.40, not found (try using -
            rpath or -rpath-link)
  >> 582    /usr/tce/packages/gcc/gcc-10.2.1/rh/usr/bin/../libexec/gcc/x86_64-r
            edhat-linux/10/ld: /p/vast1/build/spack/opt/spack/linux-rhel7-broad
            well/gcc-10.2.1/openmpi-4.1.2-mtnsjnbj5kuefhd6gtupaglpuytu6vhz/lib/
            libmpi.so.40: undefined reference to `gpfs_fcntl'
  >> 583    collect2: error: ld returned 1 exit status
  >> 584    make[2]: *** [src/tools/cali-query/cali-query] Error 1
     585    make[2]: Leaving directory `/tmp/sochat1/spack-stage/spack-stage-ca
            liper-2.2.0-44miwt3tlskkpim5gxasynjnzxez3zvy/spack-build-44miwt3'
  >> 586    make[1]: *** [src/tools/cali-query/CMakeFiles/cali-query.dir/all] E
            rror 2
     587    make[1]: Leaving directory `/tmp/sochat1/spack-stage/spack-stage-ca
            liper-2.2.0-44miwt3tlskkpim5gxasynjnzxez3zvy/spack-build-44miwt3'
  >> 588    make: *** [all] Error 2

See build log for details:
  /var/tmp/sochat1/spack-stage/spack-stage-caliper-2.2.0-44miwt3tlskkpim5gxasynjnzxez3zvy/spack-build-out.txt

Making predictions for spack-test
Making predictions for symbolator
Making predictions for libabigail
abicompat not found on path, will look for spack instead.
Making predictions for actual
