Concretizing darshan-util@3.3.0-pre1
[+] /p/vast1/build/spack/opt/spack/linux-rhel7-broadwell/gcc-10.2.1/zlib-1.2.11-su2ldy5ofm424qnly3kitbbdgwovpfk4
==> Installing darshan-util-3.3.0-pre1-72rvtllpxn3t7hsjg2mp7fd4nnoou5xt
==> No binary for darshan-util-3.3.0-pre1-72rvtllpxn3t7hsjg2mp7fd4nnoou5xt found: installing from source
==> Using cached archive: /p/vast1/build/spack/var/spack/cache/_source-cache/archive/1c/1c655359455b5122921091bab9961491be58a5f0158f073d09fe8cc772bd0812.tar.gz
==> No patches needed for darshan-util
==> darshan-util: Executing phase: 'autoreconf'
==> darshan-util: Executing phase: 'configure'
==> darshan-util: Executing phase: 'build'
==> darshan-util: Executing phase: 'install'
Concretizing darshan-util@3.3.0-pre1
[+] /p/vast1/build/spack/opt/spack/linux-rhel7-broadwell/gcc-10.2.1/zlib-1.2.11-su2ldy5ofm424qnly3kitbbdgwovpfk4
==> Installing darshan-util-3.3.0-pre1-72rvtllpxn3t7hsjg2mp7fd4nnoou5xt
==> No binary for darshan-util-3.3.0-pre1-72rvtllpxn3t7hsjg2mp7fd4nnoou5xt found: installing from source
==> Using cached archive: /p/vast1/build/spack/var/spack/cache/_source-cache/archive/1c/1c655359455b5122921091bab9961491be58a5f0158f073d09fe8cc772bd0812.tar.gz
==> No patches needed for darshan-util
==> darshan-util: Executing phase: 'autoreconf'
==> darshan-util: Executing phase: 'configure'
==> darshan-util: Executing phase: 'build'
==> darshan-util: Executing phase: 'install'
Concretizing darshan-util@3.3.0-pre1
[+] /p/vast1/build/spack/opt/spack/linux-rhel7-broadwell/gcc-10.2.1/zlib-1.2.11-su2ldy5ofm424qnly3kitbbdgwovpfk4
==> Installing darshan-util-3.3.0-pre1-72rvtllpxn3t7hsjg2mp7fd4nnoou5xt
==> No binary for darshan-util-3.3.0-pre1-72rvtllpxn3t7hsjg2mp7fd4nnoou5xt found: installing from source
==> Using cached archive: /p/vast1/build/spack/var/spack/cache/_source-cache/archive/1c/1c655359455b5122921091bab9961491be58a5f0158f073d09fe8cc772bd0812.tar.gz
==> No patches needed for darshan-util
==> darshan-util: Executing phase: 'autoreconf'
==> darshan-util: Executing phase: 'configure'
==> darshan-util: Executing phase: 'build'
==> darshan-util: Executing phase: 'install'
