==> Error: ProcessError: Command exited with status 1:
    'cmake' '-G' 'Unix Makefiles' '-DCMAKE_INSTALL_PREFIX:STRING=/p/vast1/build/spack/opt/spack/linux-rhel7-broadwell/gcc-10.2.1/heffte-0.2-5ixvmtxj6vornqusdfwa54b7miev3p3h' '-DCMAKE_BUILD_TYPE:STRING=RelWithDebInfo' '-DCMAKE_INTERPROCEDURAL_OPTIMIZATION:BOOL=OFF' '-DCMAKE_VERBOSE_MAKEFILE:BOOL=ON' '-DCMAKE_INSTALL_RPATH_USE_LINK_PATH:BOOL=OFF' '-DCMAKE_INSTALL_RPATH:STRING=/p/vast1/build/spack/opt/spack/linux-rhel7-broadwell/gcc-10.2.1/heffte-0.2-5ixvmtxj6vornqusdfwa54b7miev3p3h/lib;/p/vast1/build/spack/opt/spack/linux-rhel7-broadwell/gcc-10.2.1/heffte-0.2-5ixvmtxj6vornqusdfwa54b7miev3p3h/lib64;/p/vast1/build/spack/opt/spack/linux-rhel7-broadwell/gcc-10.2.1/libxml2-2.9.12-rs3llxgrrh537ywuyzjxyebuzo3gnxpt/lib;/p/vast1/build/spack/opt/spack/linux-rhel7-broadwell/gcc-10.2.1/libiconv-1.16-glggocpnh7m2dgmtu4fedhbfeessepbe/lib;/p/vast1/build/spack/opt/spack/linux-rhel7-broadwell/gcc-10.2.1/xz-5.2.5-d536jz4ora4tt45q72d2lklqr3dqx34m/lib;/p/vast1/build/spack/opt/spack/linux-rhel7-broadwell/gcc-10.2.1/zlib-1.2.11-su2ldy5ofm424qnly3kitbbdgwovpfk4/lib;/p/vast1/build/spack/opt/spack/linux-rhel7-broadwell/gcc-10.2.1/cuda-11.5.1-qmldae2ji6fe3pjaau3ubcmnor2fc2lm/lib64' '-DCMAKE_PREFIX_PATH:STRING=/p/vast1/build/spack/opt/spack/linux-rhel7-broadwell/gcc-10.2.1/mpich-3.4.2-y5jp7zdd3xgbpzopqsopo5vonns6s6a2;/p/vast1/build/spack/opt/spack/linux-rhel7-broadwell/gcc-10.2.1/cuda-11.5.1-qmldae2ji6fe3pjaau3ubcmnor2fc2lm;/p/vast1/build/spack/opt/spack/linux-rhel7-broadwell/gcc-10.2.1/libxml2-2.9.12-rs3llxgrrh537ywuyzjxyebuzo3gnxpt;/p/vast1/build/spack/opt/spack/linux-rhel7-broadwell/gcc-10.2.1/xz-5.2.5-d536jz4ora4tt45q72d2lklqr3dqx34m;/p/vast1/build/spack/opt/spack/linux-rhel7-broadwell/gcc-10.2.1/cmake-3.21.4-hvgwgb6duea6jzf2rywitb4a5lqdrpii;/p/vast1/build/spack/opt/spack/linux-rhel7-broadwell/gcc-10.2.1/zlib-1.2.11-su2ldy5ofm424qnly3kitbbdgwovpfk4;/p/vast1/build/spack/opt/spack/linux-rhel7-broadwell/gcc-10.2.1/libiconv-1.16-glggocpnh7m2dgmtu4fedhbfeessepbe' '-DBUILD_SHARED_LIBS:BOOL=ON' '-DHeffte_ENABLE_CUDA:BOOL=ON' '-DHeffte_ENABLE_ROCM:BOOL=OFF' '-DHeffte_ENABLE_FFTW:BOOL=OFF' '-DHeffte_ENABLE_MKL:BOOL=OFF' '-DHeffte_ENABLE_MAGMA:BOOL=OFF' '-DHeffte_ENABLE_FORTRAN:BOOL=OFF' '-DHeffte_ENABLE_PYTHON:BOOL=OFF' '-DBUILD_GPU=OFF' '-DCUDA_NVCC_FLAGS=--generate-code arch=compute_none,code=sm_none --generate-code arch=compute_none,code=compute_none;' '/var/tmp/sochat1/spack-stage/spack-stage-heffte-0.2-5ixvmtxj6vornqusdfwa54b7miev3p3h/spack-src'

1 error found in build log:
     14    -- Detecting CXX compile features - done
     15    -- Found PkgConfig: /usr/bin/pkg-config (found version "0.27.1")
     16    -- Found FFTW: /usr/include
     17    -- Found MPI_C: /p/vast1/build/spack/opt/spack/linux-rhel7-broadwell
           /gcc-10.2.1/mpich-3.4.2-y5jp7zdd3xgbpzopqsopo5vonns6s6a2/lib/libmpi.
           so (found version "3.1")
     18    -- Found MPI_CXX: /p/vast1/build/spack/opt/spack/linux-rhel7-broadwe
           ll/gcc-10.2.1/mpich-3.4.2-y5jp7zdd3xgbpzopqsopo5vonns6s6a2/lib/libmp
           icxx.so (found version "3.1")
     19    -- Found MPI: TRUE (found version "3.1")
  >> 20    CMake Error at test/CMakeLists.txt:24 (find_package):
     21      By not providing "FindFFTW.cmake" in CMAKE_MODULE_PATH this projec
           t has
     22      asked CMake to find a package configuration file provided by "FFTW
           ", but
     23      CMake did not find one.
     24    
     25      Could not find a package configuration file provided by "FFTW" wit
           h any of
     26      the following names:

See build log for details:
  /var/tmp/sochat1/spack-stage/spack-stage-heffte-0.2-5ixvmtxj6vornqusdfwa54b7miev3p3h/spack-build-out.txt

Making predictions for symbolator
Making predictions for libabigail
Making predictions for actual
/var/spool/slurmd/job100247/slurm_script: line 12: 18717 Killed                  spliced splice --package heffte@0.2 --splice cmake --runner spack --replace cmake --experiment experiment --outfile /p/vast1/build/spliced-experiment/results/heffte/0.2/cmake/experiment.json
==> Error: ProcessError: Command exited with status 1:
    'cmake' '-G' 'Unix Makefiles' '-DCMAKE_INSTALL_PREFIX:STRING=/p/vast1/build/spack/opt/spack/linux-rhel7-broadwell/gcc-10.2.1/heffte-0.2-b4hflmhsmfiodkmfjfvrez3ulff7fwws' '-DCMAKE_BUILD_TYPE:STRING=RelWithDebInfo' '-DCMAKE_INTERPROCEDURAL_OPTIMIZATION:BOOL=OFF' '-DCMAKE_VERBOSE_MAKEFILE:BOOL=ON' '-DCMAKE_INSTALL_RPATH_USE_LINK_PATH:BOOL=OFF' '-DCMAKE_INSTALL_RPATH:STRING=/p/vast1/build/spack/opt/spack/linux-rhel7-broadwell/gcc-10.2.1/heffte-0.2-b4hflmhsmfiodkmfjfvrez3ulff7fwws/lib;/p/vast1/build/spack/opt/spack/linux-rhel7-broadwell/gcc-10.2.1/heffte-0.2-b4hflmhsmfiodkmfjfvrez3ulff7fwws/lib64;/p/vast1/build/spack/opt/spack/linux-rhel7-broadwell/gcc-10.2.1/libxml2-2.9.12-rs3llxgrrh537ywuyzjxyebuzo3gnxpt/lib;/p/vast1/build/spack/opt/spack/linux-rhel7-broadwell/gcc-10.2.1/libiconv-1.16-glggocpnh7m2dgmtu4fedhbfeessepbe/lib;/p/vast1/build/spack/opt/spack/linux-rhel7-broadwell/gcc-10.2.1/xz-5.2.5-d536jz4ora4tt45q72d2lklqr3dqx34m/lib;/p/vast1/build/spack/opt/spack/linux-rhel7-broadwell/gcc-10.2.1/zlib-1.2.11-su2ldy5ofm424qnly3kitbbdgwovpfk4/lib;/p/vast1/build/spack/opt/spack/linux-rhel7-broadwell/gcc-10.2.1/cuda-11.6.1-lljcghp23bbgayfkhmfks7o26q6s45in/lib64' '-DCMAKE_PREFIX_PATH:STRING=/p/vast1/build/spack/opt/spack/linux-rhel7-broadwell/gcc-10.2.1/mpich-3.4.2-b5ciezi5ojdl5dodked5a2svlfxng2fr;/p/vast1/build/spack/opt/spack/linux-rhel7-broadwell/gcc-10.2.1/cuda-11.6.1-lljcghp23bbgayfkhmfks7o26q6s45in;/p/vast1/build/spack/opt/spack/linux-rhel7-broadwell/gcc-10.2.1/libxml2-2.9.12-rs3llxgrrh537ywuyzjxyebuzo3gnxpt;/p/vast1/build/spack/opt/spack/linux-rhel7-broadwell/gcc-10.2.1/xz-5.2.5-d536jz4ora4tt45q72d2lklqr3dqx34m;/p/vast1/build/spack/opt/spack/linux-rhel7-broadwell/gcc-10.2.1/cmake-3.22.2-7oku4yd37mfoi65gi3alunjbl35euphw;/p/vast1/build/spack/opt/spack/linux-rhel7-broadwell/gcc-10.2.1/zlib-1.2.11-su2ldy5ofm424qnly3kitbbdgwovpfk4;/p/vast1/build/spack/opt/spack/linux-rhel7-broadwell/gcc-10.2.1/libiconv-1.16-glggocpnh7m2dgmtu4fedhbfeessepbe' '-DBUILD_SHARED_LIBS:BOOL=ON' '-DHeffte_ENABLE_CUDA:BOOL=ON' '-DHeffte_ENABLE_ROCM:BOOL=OFF' '-DHeffte_ENABLE_FFTW:BOOL=OFF' '-DHeffte_ENABLE_MKL:BOOL=OFF' '-DHeffte_ENABLE_MAGMA:BOOL=OFF' '-DHeffte_ENABLE_FORTRAN:BOOL=OFF' '-DHeffte_ENABLE_PYTHON:BOOL=OFF' '-DBUILD_GPU=OFF' '-DCUDA_NVCC_FLAGS=--generate-code arch=compute_none,code=sm_none --generate-code arch=compute_none,code=compute_none;' '/var/tmp/sochat1/spack-stage/spack-stage-heffte-0.2-b4hflmhsmfiodkmfjfvrez3ulff7fwws/spack-src'

1 error found in build log:
     14    -- Detecting CXX compile features - done
     15    -- Found PkgConfig: /usr/bin/pkg-config (found version "0.27.1")
     16    -- Found FFTW: /usr/include
     17    -- Found MPI_C: /p/vast1/build/spack/opt/spack/linux-rhel7-broadwell
           /gcc-10.2.1/mpich-3.4.2-b5ciezi5ojdl5dodked5a2svlfxng2fr/lib/libmpi.
           so (found version "3.1")
     18    -- Found MPI_CXX: /p/vast1/build/spack/opt/spack/linux-rhel7-broadwe
           ll/gcc-10.2.1/mpich-3.4.2-b5ciezi5ojdl5dodked5a2svlfxng2fr/lib/libmp
           icxx.so (found version "3.1")
     19    -- Found MPI: TRUE (found version "3.1")
  >> 20    CMake Error at test/CMakeLists.txt:24 (find_package):
     21      By not providing "FindFFTW.cmake" in CMAKE_MODULE_PATH this projec
           t has
     22      asked CMake to find a package configuration file provided by "FFTW
           ", but
     23      CMake did not find one.
     24    
     25      Could not find a package configuration file provided by "FFTW" wit
           h any of
     26      the following names:

See build log for details:
  /var/tmp/sochat1/spack-stage/spack-stage-heffte-0.2-b4hflmhsmfiodkmfjfvrez3ulff7fwws/spack-build-out.txt

Making predictions for spack-test
Making predictions for symbolator
Making predictions for libabigail
abicompat not found on path, will look for spack instead.
Making predictions for actual
