==> Warning: Missing a source id for heffte@develop
==> Warning: Missing a source id for cmake@master
==> Warning: Missing a source id for heffte@develop
==> Warning: Missing a source id for heffte@develop
==> Warning: Missing a source id for heffte@develop
==> Warning: Missing a source id for heffte@develop
==> Warning: Missing a source id for heffte@develop
==> Warning: Missing a source id for heffte@develop
==> Warning: Missing a source id for heffte@develop
==> Warning: Missing a source id for heffte@develop
==> Warning: Missing a source id for heffte@develop
==> Warning: Missing a source id for heffte@develop
==> Warning: Missing a source id for heffte@develop
==> Warning: Missing a source id for heffte@develop
==> Warning: Missing a source id for heffte@develop
==> Error: Failed to upgrade to a write lock for cmake-3.19.8-awpi6pd2slyrnlgc7gzjctdnc7nj5fvs due to LockUpgradeError: Cannot upgrade lock from read to write on file: /p/vast1/build/spack/opt/spack/.spack-db/prefix_lock
==> Warning: Missing a source id for heffte@develop
==> Warning: Missing a source id for heffte@develop
==> Warning: Missing a source id for heffte@develop
==> Warning: Missing a source id for heffte@develop
==> Warning: Missing a source id for heffte@develop
==> Warning: Missing a source id for heffte@develop
==> Warning: Missing a source id for heffte@develop
==> Warning: Missing a source id for heffte@develop
==> Warning: Missing a source id for heffte@develop
==> Warning: Missing a source id for heffte@develop
==> Warning: Missing a source id for heffte@develop
==> Warning: Missing a source id for heffte@develop
==> Warning: Missing a source id for heffte@develop
==> Warning: Missing a source id for heffte@develop
==> Error: Failed to upgrade to a write lock for cmake-3.18.0-nzssrrhav6i4se3unglqrfdgfsazoxjd due to LockUpgradeError: Cannot upgrade lock from read to write on file: /p/vast1/build/spack/opt/spack/.spack-db/prefix_lock
==> Error: Failed to upgrade to a write lock for cmake-3.17.5-yytuynusygwao3hi7vsuw7xy46pqoeqw due to LockUpgradeError: Cannot upgrade lock from read to write on file: /p/vast1/build/spack/opt/spack/.spack-db/prefix_lock
==> Warning: Missing a source id for heffte@develop
==> Warning: Missing a source id for heffte@develop
==> Warning: Missing a source id for heffte@develop
==> Warning: Missing a source id for heffte@develop
==> Warning: Missing a source id for heffte@develop
==> Warning: Missing a source id for heffte@develop
==> Warning: Missing a source id for heffte@develop
==> Warning: Missing a source id for heffte@develop
slurmstepd: error: *** JOB 96891 ON oslic10 CANCELLED AT 2022-02-25T08:29:58 DUE TO TIME LIMIT ***
/var/spool/slurmd/job100242/slurm_script: line 12: 18706 Killed                  spliced splice --package heffte@develop --splice cmake --runner spack --replace cmake --experiment experiment --outfile /p/vast1/build/spliced-experiment/results/heffte/develop/cmake/experiment.json
==> Warning: Missing a source id for heffte@develop
==> Error: ProcessError: Command exited with status 1:
    'cmake' '-G' 'Unix Makefiles' '-DCMAKE_INSTALL_PREFIX:STRING=/p/vast1/build/spack/opt/spack/linux-rhel7-broadwell/gcc-10.2.1/heffte-develop-fik4dnbspol6z23wqgkbmflwh5bpngd2' '-DCMAKE_BUILD_TYPE:STRING=RelWithDebInfo' '-DCMAKE_INTERPROCEDURAL_OPTIMIZATION:BOOL=OFF' '-DCMAKE_VERBOSE_MAKEFILE:BOOL=ON' '-DCMAKE_INSTALL_RPATH_USE_LINK_PATH:BOOL=OFF' '-DCMAKE_INSTALL_RPATH:STRING=/p/vast1/build/spack/opt/spack/linux-rhel7-broadwell/gcc-10.2.1/heffte-develop-fik4dnbspol6z23wqgkbmflwh5bpngd2/lib;/p/vast1/build/spack/opt/spack/linux-rhel7-broadwell/gcc-10.2.1/heffte-develop-fik4dnbspol6z23wqgkbmflwh5bpngd2/lib64' '-DCMAKE_PREFIX_PATH:STRING=/p/vast1/build/spack/opt/spack/linux-rhel7-broadwell/gcc-10.2.1/openmpi-4.1.2-mtnsjnbj5kuefhd6gtupaglpuytu6vhz;/p/vast1/build/spack/opt/spack/linux-rhel7-broadwell/gcc-10.2.1/cmake-3.22.2-7oku4yd37mfoi65gi3alunjbl35euphw' '-DBUILD_SHARED_LIBS:BOOL=ON' '-DHeffte_ENABLE_CUDA:BOOL=OFF' '-DHeffte_ENABLE_ROCM:BOOL=OFF' '-DHeffte_ENABLE_FFTW:BOOL=OFF' '-DHeffte_ENABLE_MKL:BOOL=OFF' '-DHeffte_ENABLE_MAGMA:BOOL=OFF' '-DHeffte_ENABLE_FORTRAN:BOOL=OFF' '-DHeffte_ENABLE_PYTHON:BOOL=OFF' '-DBUILD_GPU=OFF' '/var/tmp/sochat1/spack-stage/spack-stage-heffte-develop-fik4dnbspol6z23wqgkbmflwh5bpngd2/spack-src'

1 error found in build log:
     5     -- Detecting CXX compiler ABI info - done
     6     -- Check for working CXX compiler: /p/vast1/build/spack/lib/spack/en
           v/gcc/g++ - skipped
     7     -- Detecting CXX compile features
     8     -- Detecting CXX compile features - done
     9     -- Found Git: /usr/tce/bin/git (found version "2.29.1")
     10    -- Could NOT find MPI_CXX (missing: MPI_CXX_WORKS)
  >> 11    CMake Error at /p/vast1/build/spack/opt/spack/linux-rhel7-broadwell/
           gcc-10.2.1/cmake-3.22.2-7oku4yd37mfoi65gi3alunjbl35euphw/share/cmake
           -3.22/Modules/FindPackageHandleStandardArgs.cmake:230 (message):
     12      Could NOT find MPI (missing: MPI_CXX_FOUND)
     13    Call Stack (most recent call first):
     14      /p/vast1/build/spack/opt/spack/linux-rhel7-broadwell/gcc-10.2.1/cm
           ake-3.22.2-7oku4yd37mfoi65gi3alunjbl35euphw/share/cmake-3.22/Modules
           /FindPackageHandleStandardArgs.cmake:594 (_FPHSA_FAILURE_MESSAGE)
     15      /p/vast1/build/spack/opt/spack/linux-rhel7-broadwell/gcc-10.2.1/cm
           ake-3.22.2-7oku4yd37mfoi65gi3alunjbl35euphw/share/cmake-3.22/Modules
           /FindMPI.cmake:1830 (find_package_handle_standard_args)
     16      CMakeLists.txt:73 (find_package)
     17    

See build log for details:
  /var/tmp/sochat1/spack-stage/spack-stage-heffte-develop-fik4dnbspol6z23wqgkbmflwh5bpngd2/spack-build-out.txt

Making predictions for spack-test
Making predictions for symbolator
Making predictions for libabigail
abicompat not found on path, will look for spack instead.
Making predictions for actual
