==> Warning: Missing a source id for libunwind@master
==> Warning: Missing a source id for libunwind@1.5-head
==> Warning: using "libunwind@1.1" which is a deprecated version
==> Warning: libunwind-1.1-jw4j44y7memugbzgqwil3qpi5eiygi4u failed to install
==> Error: libunwind-1.1-jw4j44y7memugbzgqwil3qpi5eiygi4u: Package was not installed
Making predictions for symbolator
Making predictions for libabigail
Making predictions for actual
/var/spool/slurmd/job100414/slurm_script: line 12: 53342 Killed                  spliced splice --package hpctoolkit@2019.12.28 --splice libunwind --runner spack --replace libunwind --experiment experiment --outfile /p/vast1/build/spliced-experiment/results/hpctoolkit/2019.12.28/libunwind/experiment.json
==> Warning: Missing a source id for libunwind@master
==> Warning: using "libunwind@1.1" which is a deprecated version
==> Warning: libunwind@1.1 is deprecated and may be removed in a future Spack release.
==> Error: FetchError: Will not fetch libunwind@1.1
    If you are willing to be a maintainer for this version of the package, submit a PR to remove `deprecated=False`, or use `--deprecated` to skip this check.

/p/vast1/build/spack/lib/spack/spack/package.py:1395, in do_fetch:
       1392                        dp_msg))
       1393
       1394            if not ignore_deprecation:
  >>   1395                raise FetchError("Will not fetch {0}".format(
       1396                    self.spec.format('{name}{@version}')), dp_msg)
       1397
       1398        self.stage.create()


Making predictions for spack-test
Making predictions for symbolator
Making predictions for libabigail
abicompat not found on path, will look for spack instead.
Making predictions for actual
