==> Warning: Missing a source id for intel-xed@master
==> Warning: intel-xed-master-hozhtwq4vhsuc4cxhozt7yhwzomrz3gk failed to install
==> Error: intel-xed-master-hozhtwq4vhsuc4cxhozt7yhwzomrz3gk: Package was not installed
==> Warning: dyninst-12.0.1-d2hyaakz6pccbdmllcya5mhwjjxbc4hv failed to install
==> Error: dyninst-12.0.1-d2hyaakz6pccbdmllcya5mhwjjxbc4hv: Package was not installed
==> Error: Failed to upgrade to a write lock for dyninst-12.0.1-d2hyaakz6pccbdmllcya5mhwjjxbc4hv due to LockUpgradeError: Cannot upgrade lock from read to write on file: /p/vast1/build/spack/opt/spack/.spack-db/prefix_lock
==> Error: Failed to upgrade to a write lock for dyninst-12.0.1-d2hyaakz6pccbdmllcya5mhwjjxbc4hv due to LockUpgradeError: Cannot upgrade lock from read to write on file: /p/vast1/build/spack/opt/spack/.spack-db/prefix_lock
Making predictions for symbolator
Making predictions for libabigail
Making predictions for actual
/var/spool/slurmd/job100368/slurm_script: line 12:  8860 Killed                  spliced splice --package hpctoolkit@2020.07.21 --splice intel-xed --runner spack --replace intel-xed --experiment experiment --outfile /p/vast1/build/spliced-experiment/results/hpctoolkit/2020.07.21/intel-xed/experiment.json
==> Warning: Missing a source id for intel-xed@master
warning: Could not find remote branch master to clone.
fatal: Remote branch master not found in upstream origin
==> Error: FetchError: All fetchers failed for spack-stage-intel-xed-master-hozhtwq4vhsuc4cxhozt7yhwzomrz3gk

/p/vast1/build/spack/lib/spack/spack/package.py:1400, in do_fetch:
       1397
       1398        self.stage.create()
       1399        err_msg = None if not self.manual_download else self.download_instr
  >>   1400        start_time = time.time()
       1401        self.stage.fetch(mirror_only, err_msg=err_msg)
       1402        self._fetch_time = time.time() - start_time
       1403


slurmstepd: error: *** JOB 2468645 ON borax42 CANCELLED AT 2022-03-02T18:11:02 DUE TO TIME LIMIT ***
