Concretizing hpctoolkit@2018.11.05
[+] /p/vast1/build/spack/opt/spack/linux-rhel7-broadwell/gcc-10.2.1/libiconv-1.16-glggocpnh7m2dgmtu4fedhbfeessepbe
[+] /p/vast1/build/spack/opt/spack/linux-rhel7-broadwell/gcc-10.2.1/zlib-1.2.11-su2ldy5ofm424qnly3kitbbdgwovpfk4
[+] /p/vast1/build/spack/opt/spack/linux-rhel7-broadwell/gcc-10.2.1/pkgconf-1.8.0-gp2xp6yplvubgic6eunbnl7emqdq3dye
[+] /p/vast1/build/spack/opt/spack/linux-rhel7-broadwell/gcc-10.2.1/berkeley-db-18.1.40-c7okyaricn3s5wx6lqo2exspq6tuninj
[+] /p/vast1/build/spack/opt/spack/linux-rhel7-broadwell/gcc-10.2.1/libsigsegv-2.13-7rh3iftx6wqudr26scqm7nyzm4xxgqcc
[+] /p/vast1/build/spack/opt/spack/linux-rhel7-broadwell/gcc-10.2.1/xz-5.2.5-4oczqziqzfh2ij3va5gbc7waz4rf2bkj
[+] /p/vast1/build/spack/opt/spack/linux-rhel7-broadwell/gcc-10.2.1/libiberty-2.37-wmise6wvsewx5ga55rvcr3wcng5oq2mk
[+] /p/vast1/build/spack/opt/spack/linux-rhel7-broadwell/gcc-10.2.1/openjdk-11.0.12_7-cppyyeztualrvcfu567lgrjlsa2rxjab
[+] /p/vast1/build/spack/opt/spack/linux-rhel7-broadwell/gcc-10.2.1/libmd-1.0.4-rooxnv7z75ill3knhg6bxfttmwxdag6i
[+] /p/vast1/build/spack/opt/spack/linux-rhel7-broadwell/gcc-10.2.1/libffi-3.4.2-7vfnd7a5ankpytut3b4oqhktzrcbabfm
[+] /p/vast1/build/spack/opt/spack/linux-rhel7-broadwell/gcc-10.2.1/libmonitor-2021.11.08-j6qfc4a3bajesmbkr35e6bq7kw2bczoj
[+] /p/vast1/build/spack/opt/spack/linux-rhel7-broadwell/gcc-10.2.1/mbedtls-3.1.0-xte5pm7kbt7zd3f5zs7yvy3wvsv6eqtx
[+] /p/vast1/build/spack/opt/spack/linux-rhel7-broadwell/gcc-10.2.1/papi-6.0.0.1-62emwcxfgw35opywe25sgxwuvoikrxlc
[+] /p/vast1/build/spack/opt/spack/linux-rhel7-broadwell/gcc-10.2.1/diffutils-3.8-vxb536efq575rjec2zqsyqgsebpspfvs
[+] /p/vast1/build/spack/opt/spack/linux-rhel7-broadwell/gcc-10.2.1/tar-1.34-3g4ty3srw34e6frmd2d2f523hr2pck3g
[+] /p/vast1/build/spack/opt/spack/linux-rhel7-broadwell/gcc-10.2.1/ncurses-6.2-2xef6sx47tqatqlceqguyz3rza5okbhy
[+] /p/vast1/build/spack/opt/spack/linux-rhel7-broadwell/gcc-10.2.1/util-linux-uuid-2.37.4-26saxoixdjk3763nksg3ajmdzt5gyubu
[+] /p/vast1/build/spack/opt/spack/linux-rhel7-broadwell/gcc-10.2.1/m4-1.4.19-zeen2avy7avmg5n7cd6yaqspkj3rup2t
[+] /p/vast1/build/spack/opt/spack/linux-rhel7-broadwell/gcc-10.2.1/libxml2-2.9.12-fmynvtgtom5wcv4ew7otv5kjd4tnvd4u
[+] /p/vast1/build/spack/opt/spack/linux-rhel7-broadwell/gcc-10.2.1/libunwind-1.5.0-4h7lxx74fqhdfwkwpuycaqae3cgea2he
[+] /p/vast1/build/spack/opt/spack/linux-rhel7-broadwell/gcc-10.2.1/hpcviewer-2022.01-nr36xerfw4ef4hj3l22kuuxr5e4vzn4j
[+] /p/vast1/build/spack/opt/spack/linux-rhel7-broadwell/gcc-10.2.1/libbsd-0.11.5-yt5rlx2ycq24tyyohhconaxiqgzajzbo
[+] /p/vast1/build/spack/opt/spack/linux-rhel7-broadwell/gcc-10.2.1/bzip2-1.0.8-jmjklgubcyryaddwqvzuvzeiq6zfqmst
[+] /p/vast1/build/spack/opt/spack/linux-rhel7-broadwell/gcc-10.2.1/binutils-2.33.1-qbpqsfyswg7rbqdvh7odtxufiwixj4l5
[+] /p/vast1/build/spack/opt/spack/linux-rhel7-broadwell/gcc-10.2.1/readline-8.1-vfjorqgtmqh3rl5ollaj4n2uusx4foez
[+] /p/vast1/build/spack/opt/spack/linux-rhel7-broadwell/gcc-10.2.1/expat-2.4.6-akiducmoeufix2d6beegvgbj5skm36ul
[+] /p/vast1/build/spack/opt/spack/linux-rhel7-broadwell/gcc-10.2.1/gettext-0.21-msjxpubasgys7qduz2bzm5qs3uqabsfr
[+] /p/vast1/build/spack/opt/spack/linux-rhel7-broadwell/gcc-10.2.1/boost-1.78.0-6rxpepkzqc5z2forjduz3edcjxjjxvtr
[+] /p/vast1/build/spack/opt/spack/linux-rhel7-broadwell/gcc-10.2.1/elfutils-0.186-yvs6nbvtlphakv7wmfjjpmgxv7anx7fa
[+] /p/vast1/build/spack/opt/spack/linux-rhel7-broadwell/gcc-10.2.1/gdbm-1.19-k5otkqycqsp3sya4vlvqbekdodhy2a2b
[+] /p/vast1/build/spack/opt/spack/linux-rhel7-broadwell/gcc-10.2.1/sqlite-3.37.2-osxyeivy7mdmhjyjwcsm4l7tooho6s2d
[+] /p/vast1/build/spack/opt/spack/linux-rhel7-broadwell/gcc-10.2.1/libdwarf-20180129-ddtrhodjxt62q6a2qvotia2poj7mqkfk
[+] /p/vast1/build/spack/opt/spack/linux-rhel7-broadwell/gcc-10.2.1/perl-5.34.0-wimaji5zk5vlms3psvdtvmxifnine4nh
[+] /p/vast1/build/spack/opt/spack/linux-rhel7-broadwell/gcc-10.2.1/openssl-1.1.1m-momhhzpwxq3fzqnlqbabquoitiq5d6q6
[+] /p/vast1/build/spack/opt/spack/linux-rhel7-broadwell/gcc-10.2.1/python-3.9.10-2245x3bkzy2abonw3swqyjrihtzqn6qw
[+] /p/vast1/build/spack/opt/spack/linux-rhel7-broadwell/gcc-10.2.1/curl-7.81.0-lxbn2izuufrj42abaiyxrya5ac7pjlg7
[+] /p/vast1/build/spack/opt/spack/linux-rhel7-broadwell/gcc-10.2.1/cmake-3.22.2-7oku4yd37mfoi65gi3alunjbl35euphw
[+] /p/vast1/build/spack/opt/spack/linux-rhel7-broadwell/gcc-10.2.1/intel-xed-12.0.1-ydo7v5a6xzui6dlnn56mplr5yl7l5ew7
[+] /p/vast1/build/spack/opt/spack/linux-rhel7-broadwell/gcc-10.2.1/xerces-c-3.2.3-nq66gamwbt7nbjj7v6kn4wyttelecevg
[+] /p/vast1/build/spack/opt/spack/linux-rhel7-broadwell/gcc-10.2.1/intel-tbb-2020.3-ssbpnrc5drf2pk7bx53asgnpwsqmigs6
[+] /p/vast1/build/spack/opt/spack/linux-rhel7-broadwell/gcc-10.2.1/gotcha-1.0.3-3bsralz76zqs44oiykiqjfc25mdhch7k
[+] /p/vast1/build/spack/opt/spack/linux-rhel7-broadwell/gcc-10.2.1/dyninst-12.0.1-5wruqupnbyhnea3m4kforivhaw4mns2u
[+] /p/vast1/build/spack/opt/spack/linux-rhel7-broadwell/gcc-10.2.1/hpctoolkit-2018.11.05-pmefnmjsokc6qx4ujkcek3usq7dne6e6
Testing splicing in (and out) boost@develop
[+] /p/vast1/build/spack/opt/spack/linux-rhel7-broadwell/gcc-10.2.1/libiconv-1.16-glggocpnh7m2dgmtu4fedhbfeessepbe
[+] /p/vast1/build/spack/opt/spack/linux-rhel7-broadwell/gcc-10.2.1/zlib-1.2.11-su2ldy5ofm424qnly3kitbbdgwovpfk4
[+] /p/vast1/build/spack/opt/spack/linux-rhel7-broadwell/gcc-10.2.1/diffutils-3.8-vxb536efq575rjec2zqsyqgsebpspfvs
[+] /p/vast1/build/spack/opt/spack/linux-rhel7-broadwell/gcc-10.2.1/bzip2-1.0.8-jmjklgubcyryaddwqvzuvzeiq6zfqmst
[+] /p/vast1/build/spack/opt/spack/linux-rhel7-broadwell/gcc-10.2.1/boost-develop-zwdbtwqiwpwgtdaonilb77wfoxt4qxnd
Testing splicing in (and out) boost@1.78.0
[+] /p/vast1/build/spack/opt/spack/linux-rhel7-broadwell/gcc-10.2.1/libiconv-1.16-glggocpnh7m2dgmtu4fedhbfeessepbe
[+] /p/vast1/build/spack/opt/spack/linux-rhel7-broadwell/gcc-10.2.1/zlib-1.2.11-su2ldy5ofm424qnly3kitbbdgwovpfk4
[+] /p/vast1/build/spack/opt/spack/linux-rhel7-broadwell/gcc-10.2.1/diffutils-3.8-vxb536efq575rjec2zqsyqgsebpspfvs
[+] /p/vast1/build/spack/opt/spack/linux-rhel7-broadwell/gcc-10.2.1/bzip2-1.0.8-jmjklgubcyryaddwqvzuvzeiq6zfqmst
==> Installing boost-1.78.0-yiqonytmohwatwqspvqbm6psw2ewxk5m
==> No binary for boost-1.78.0-yiqonytmohwatwqspvqbm6psw2ewxk5m found: installing from source
==> Using cached archive: /p/vast1/build/spack/var/spack/cache/_source-cache/archive/86/8681f175d4bdb26c52222665793eef08490d7758529330f98d3b29dd0735bccc.tar.bz2
==> Ran patch() for boost
==> boost: Executing phase: 'install'
==> boost: Successfully installed boost-1.78.0-yiqonytmohwatwqspvqbm6psw2ewxk5m
  Fetch: 0.33s.  Build: 3m 39.45s.  Total: 3m 39.78s.
[+] /p/vast1/build/spack/opt/spack/linux-rhel7-broadwell/gcc-10.2.1/boost-1.78.0-yiqonytmohwatwqspvqbm6psw2ewxk5m
Testing splicing in (and out) boost@1.77.0
[+] /p/vast1/build/spack/opt/spack/linux-rhel7-broadwell/gcc-10.2.1/libiconv-1.16-glggocpnh7m2dgmtu4fedhbfeessepbe
[+] /p/vast1/build/spack/opt/spack/linux-rhel7-broadwell/gcc-10.2.1/zlib-1.2.11-su2ldy5ofm424qnly3kitbbdgwovpfk4
[+] /p/vast1/build/spack/opt/spack/linux-rhel7-broadwell/gcc-10.2.1/diffutils-3.8-vxb536efq575rjec2zqsyqgsebpspfvs
[+] /p/vast1/build/spack/opt/spack/linux-rhel7-broadwell/gcc-10.2.1/bzip2-1.0.8-jmjklgubcyryaddwqvzuvzeiq6zfqmst
[+] /p/vast1/build/spack/opt/spack/linux-rhel7-broadwell/gcc-10.2.1/boost-1.77.0-3yoiak2z6fftkpy7zpmjvtmpgnh6ndka
Testing splicing in (and out) boost@1.76.0
[+] /p/vast1/build/spack/opt/spack/linux-rhel7-broadwell/gcc-10.2.1/libiconv-1.16-glggocpnh7m2dgmtu4fedhbfeessepbe
[+] /p/vast1/build/spack/opt/spack/linux-rhel7-broadwell/gcc-10.2.1/zlib-1.2.11-su2ldy5ofm424qnly3kitbbdgwovpfk4
[+] /p/vast1/build/spack/opt/spack/linux-rhel7-broadwell/gcc-10.2.1/diffutils-3.8-vxb536efq575rjec2zqsyqgsebpspfvs
[+] /p/vast1/build/spack/opt/spack/linux-rhel7-broadwell/gcc-10.2.1/bzip2-1.0.8-jmjklgubcyryaddwqvzuvzeiq6zfqmst
[+] /p/vast1/build/spack/opt/spack/linux-rhel7-broadwell/gcc-10.2.1/boost-1.76.0-4qzhnfeqfw4ckuipieu27zw6xx6gzqhg
Testing splicing in (and out) boost@1.75.0
[+] /p/vast1/build/spack/opt/spack/linux-rhel7-broadwell/gcc-10.2.1/libiconv-1.16-glggocpnh7m2dgmtu4fedhbfeessepbe
[+] /p/vast1/build/spack/opt/spack/linux-rhel7-broadwell/gcc-10.2.1/zlib-1.2.11-su2ldy5ofm424qnly3kitbbdgwovpfk4
[+] /p/vast1/build/spack/opt/spack/linux-rhel7-broadwell/gcc-10.2.1/diffutils-3.8-vxb536efq575rjec2zqsyqgsebpspfvs
[+] /p/vast1/build/spack/opt/spack/linux-rhel7-broadwell/gcc-10.2.1/bzip2-1.0.8-jmjklgubcyryaddwqvzuvzeiq6zfqmst
[+] /p/vast1/build/spack/opt/spack/linux-rhel7-broadwell/gcc-10.2.1/boost-1.75.0-hu3yrsmrqdxnbyvoyryrtnananz3buv3
Testing splicing in (and out) boost@1.74.0
[+] /p/vast1/build/spack/opt/spack/linux-rhel7-broadwell/gcc-10.2.1/libiconv-1.16-glggocpnh7m2dgmtu4fedhbfeessepbe
[+] /p/vast1/build/spack/opt/spack/linux-rhel7-broadwell/gcc-10.2.1/zlib-1.2.11-su2ldy5ofm424qnly3kitbbdgwovpfk4
[+] /p/vast1/build/spack/opt/spack/linux-rhel7-broadwell/gcc-10.2.1/diffutils-3.8-vxb536efq575rjec2zqsyqgsebpspfvs
[+] /p/vast1/build/spack/opt/spack/linux-rhel7-broadwell/gcc-10.2.1/bzip2-1.0.8-jmjklgubcyryaddwqvzuvzeiq6zfqmst
[+] /p/vast1/build/spack/opt/spack/linux-rhel7-broadwell/gcc-10.2.1/boost-1.74.0-arxxhkep3qb5tuuhj3y53vfir2nzpceo
Testing splicing in (and out) boost@1.73.0
[+] /p/vast1/build/spack/opt/spack/linux-rhel7-broadwell/gcc-10.2.1/libiconv-1.16-glggocpnh7m2dgmtu4fedhbfeessepbe
[+] /p/vast1/build/spack/opt/spack/linux-rhel7-broadwell/gcc-10.2.1/zlib-1.2.11-su2ldy5ofm424qnly3kitbbdgwovpfk4
[+] /p/vast1/build/spack/opt/spack/linux-rhel7-broadwell/gcc-10.2.1/diffutils-3.8-vxb536efq575rjec2zqsyqgsebpspfvs
[+] /p/vast1/build/spack/opt/spack/linux-rhel7-broadwell/gcc-10.2.1/bzip2-1.0.8-jmjklgubcyryaddwqvzuvzeiq6zfqmst
[+] /p/vast1/build/spack/opt/spack/linux-rhel7-broadwell/gcc-10.2.1/boost-1.73.0-ul4awpzwaxbopkpyyeqdnspgbbhtwe2g
Testing splicing in (and out) boost@1.72.0
[+] /p/vast1/build/spack/opt/spack/linux-rhel7-broadwell/gcc-10.2.1/libiconv-1.16-glggocpnh7m2dgmtu4fedhbfeessepbe
[+] /p/vast1/build/spack/opt/spack/linux-rhel7-broadwell/gcc-10.2.1/zlib-1.2.11-su2ldy5ofm424qnly3kitbbdgwovpfk4
[+] /p/vast1/build/spack/opt/spack/linux-rhel7-broadwell/gcc-10.2.1/diffutils-3.8-vxb536efq575rjec2zqsyqgsebpspfvs
[+] /p/vast1/build/spack/opt/spack/linux-rhel7-broadwell/gcc-10.2.1/bzip2-1.0.8-jmjklgubcyryaddwqvzuvzeiq6zfqmst
==> Installing boost-1.72.0-ykv6h4lub42nj3zqugduexjwll3w6qbx
==> No binary for boost-1.72.0-ykv6h4lub42nj3zqugduexjwll3w6qbx found: installing from source
==> Using cached archive: /p/vast1/build/spack/var/spack/cache/_source-cache/archive/59/59c9b274bc451cf91a9ba1dd2c7fdcaf5d60b1b3aa83f2c9fa143417cc660722.tar.bz2
==> Applied patch /p/vast1/build/spack/var/spack/repos/builtin/packages/boost/1.72_boost_process.patch
==> Applied patch /p/vast1/build/spack/var/spack/repos/builtin/packages/boost/pthread-stack-min-fix.patch
==> Ran patch() for boost
==> boost: Executing phase: 'install'
==> boost: Successfully installed boost-1.72.0-ykv6h4lub42nj3zqugduexjwll3w6qbx
  Fetch: 0.94s.  Build: 3m 28.47s.  Total: 3m 29.41s.
[+] /p/vast1/build/spack/opt/spack/linux-rhel7-broadwell/gcc-10.2.1/boost-1.72.0-ykv6h4lub42nj3zqugduexjwll3w6qbx
Testing splicing in (and out) boost@1.71.0
[+] /p/vast1/build/spack/opt/spack/linux-rhel7-broadwell/gcc-10.2.1/libiconv-1.16-glggocpnh7m2dgmtu4fedhbfeessepbe
[+] /p/vast1/build/spack/opt/spack/linux-rhel7-broadwell/gcc-10.2.1/zlib-1.2.11-su2ldy5ofm424qnly3kitbbdgwovpfk4
[+] /p/vast1/build/spack/opt/spack/linux-rhel7-broadwell/gcc-10.2.1/diffutils-3.8-vxb536efq575rjec2zqsyqgsebpspfvs
[+] /p/vast1/build/spack/opt/spack/linux-rhel7-broadwell/gcc-10.2.1/bzip2-1.0.8-jmjklgubcyryaddwqvzuvzeiq6zfqmst
[+] /p/vast1/build/spack/opt/spack/linux-rhel7-broadwell/gcc-10.2.1/boost-1.71.0-n5vpfjhkh3wf5bomnjvvh6masa6y5g6a
Testing splicing in (and out) boost@1.70.0
[+] /p/vast1/build/spack/opt/spack/linux-rhel7-broadwell/gcc-10.2.1/libiconv-1.16-glggocpnh7m2dgmtu4fedhbfeessepbe
[+] /p/vast1/build/spack/opt/spack/linux-rhel7-broadwell/gcc-10.2.1/zlib-1.2.11-su2ldy5ofm424qnly3kitbbdgwovpfk4
[+] /p/vast1/build/spack/opt/spack/linux-rhel7-broadwell/gcc-10.2.1/diffutils-3.8-vxb536efq575rjec2zqsyqgsebpspfvs
[+] /p/vast1/build/spack/opt/spack/linux-rhel7-broadwell/gcc-10.2.1/bzip2-1.0.8-jmjklgubcyryaddwqvzuvzeiq6zfqmst
[+] /p/vast1/build/spack/opt/spack/linux-rhel7-broadwell/gcc-10.2.1/boost-1.70.0-uete2ndgxofyzrjg3kvjggf2tpmxracz
Testing splicing in (and out) boost@1.69.0
[+] /p/vast1/build/spack/opt/spack/linux-rhel7-broadwell/gcc-10.2.1/libiconv-1.16-glggocpnh7m2dgmtu4fedhbfeessepbe
[+] /p/vast1/build/spack/opt/spack/linux-rhel7-broadwell/gcc-10.2.1/zlib-1.2.11-su2ldy5ofm424qnly3kitbbdgwovpfk4
[+] /p/vast1/build/spack/opt/spack/linux-rhel7-broadwell/gcc-10.2.1/diffutils-3.8-vxb536efq575rjec2zqsyqgsebpspfvs
[+] /p/vast1/build/spack/opt/spack/linux-rhel7-broadwell/gcc-10.2.1/bzip2-1.0.8-jmjklgubcyryaddwqvzuvzeiq6zfqmst
[+] /p/vast1/build/spack/opt/spack/linux-rhel7-broadwell/gcc-10.2.1/boost-1.69.0-7k2ebsshm2pqzn7dars77cv2vcxmgkzn
Testing splicing in (and out) boost@1.68.0
[+] /p/vast1/build/spack/opt/spack/linux-rhel7-broadwell/gcc-10.2.1/libiconv-1.16-glggocpnh7m2dgmtu4fedhbfeessepbe
[+] /p/vast1/build/spack/opt/spack/linux-rhel7-broadwell/gcc-10.2.1/zlib-1.2.11-su2ldy5ofm424qnly3kitbbdgwovpfk4
[+] /p/vast1/build/spack/opt/spack/linux-rhel7-broadwell/gcc-10.2.1/diffutils-3.8-vxb536efq575rjec2zqsyqgsebpspfvs
[+] /p/vast1/build/spack/opt/spack/linux-rhel7-broadwell/gcc-10.2.1/bzip2-1.0.8-jmjklgubcyryaddwqvzuvzeiq6zfqmst
[+] /p/vast1/build/spack/opt/spack/linux-rhel7-broadwell/gcc-10.2.1/boost-1.68.0-teuscdckedcegzzwupxlkyngtihwolij
Testing splicing in (and out) boost@1.67.0
[+] /p/vast1/build/spack/opt/spack/linux-rhel7-broadwell/gcc-10.2.1/libiconv-1.16-glggocpnh7m2dgmtu4fedhbfeessepbe
[+] /p/vast1/build/spack/opt/spack/linux-rhel7-broadwell/gcc-10.2.1/zlib-1.2.11-su2ldy5ofm424qnly3kitbbdgwovpfk4
[+] /p/vast1/build/spack/opt/spack/linux-rhel7-broadwell/gcc-10.2.1/diffutils-3.8-vxb536efq575rjec2zqsyqgsebpspfvs
[+] /p/vast1/build/spack/opt/spack/linux-rhel7-broadwell/gcc-10.2.1/bzip2-1.0.8-jmjklgubcyryaddwqvzuvzeiq6zfqmst
[+] /p/vast1/build/spack/opt/spack/linux-rhel7-broadwell/gcc-10.2.1/boost-1.67.0-nbww7sakmcbuyxoe6cw2sibo7dkyyc2k
Testing splicing in (and out) boost@1.66.0
[+] /p/vast1/build/spack/opt/spack/linux-rhel7-broadwell/gcc-10.2.1/libiconv-1.16-glggocpnh7m2dgmtu4fedhbfeessepbe
[+] /p/vast1/build/spack/opt/spack/linux-rhel7-broadwell/gcc-10.2.1/zlib-1.2.11-su2ldy5ofm424qnly3kitbbdgwovpfk4
[+] /p/vast1/build/spack/opt/spack/linux-rhel7-broadwell/gcc-10.2.1/diffutils-3.8-vxb536efq575rjec2zqsyqgsebpspfvs
[+] /p/vast1/build/spack/opt/spack/linux-rhel7-broadwell/gcc-10.2.1/bzip2-1.0.8-jmjklgubcyryaddwqvzuvzeiq6zfqmst
[+] /p/vast1/build/spack/opt/spack/linux-rhel7-broadwell/gcc-10.2.1/boost-1.66.0-culzw2hhc3xwklkmiiamjyimrntpw4n3
Testing splicing in (and out) boost@1.65.1
[+] /p/vast1/build/spack/opt/spack/linux-rhel7-broadwell/gcc-10.2.1/libiconv-1.16-glggocpnh7m2dgmtu4fedhbfeessepbe
[+] /p/vast1/build/spack/opt/spack/linux-rhel7-broadwell/gcc-10.2.1/zlib-1.2.11-su2ldy5ofm424qnly3kitbbdgwovpfk4
[+] /p/vast1/build/spack/opt/spack/linux-rhel7-broadwell/gcc-10.2.1/diffutils-3.8-vxb536efq575rjec2zqsyqgsebpspfvs
[+] /p/vast1/build/spack/opt/spack/linux-rhel7-broadwell/gcc-10.2.1/bzip2-1.0.8-jmjklgubcyryaddwqvzuvzeiq6zfqmst
[+] /p/vast1/build/spack/opt/spack/linux-rhel7-broadwell/gcc-10.2.1/boost-1.65.1-du2gyqbcvpl2v35di5spa7qqizkc3udo
Testing splicing in (and out) boost@1.65.0
[+] /p/vast1/build/spack/opt/spack/linux-rhel7-broadwell/gcc-10.2.1/libiconv-1.16-glggocpnh7m2dgmtu4fedhbfeessepbe
[+] /p/vast1/build/spack/opt/spack/linux-rhel7-broadwell/gcc-10.2.1/zlib-1.2.11-su2ldy5ofm424qnly3kitbbdgwovpfk4
[+] /p/vast1/build/spack/opt/spack/linux-rhel7-broadwell/gcc-10.2.1/diffutils-3.8-vxb536efq575rjec2zqsyqgsebpspfvs
[+] /p/vast1/build/spack/opt/spack/linux-rhel7-broadwell/gcc-10.2.1/bzip2-1.0.8-jmjklgubcyryaddwqvzuvzeiq6zfqmst
[+] /p/vast1/build/spack/opt/spack/linux-rhel7-broadwell/gcc-10.2.1/boost-1.65.0-5vo6gwyauqulj4ovshic7amz2ysgodor
Testing splicing in (and out) boost@1.64.0
[+] /p/vast1/build/spack/opt/spack/linux-rhel7-broadwell/gcc-10.2.1/libiconv-1.16-glggocpnh7m2dgmtu4fedhbfeessepbe
[+] /p/vast1/build/spack/opt/spack/linux-rhel7-broadwell/gcc-10.2.1/zlib-1.2.11-su2ldy5ofm424qnly3kitbbdgwovpfk4
[+] /p/vast1/build/spack/opt/spack/linux-rhel7-broadwell/gcc-10.2.1/diffutils-3.8-vxb536efq575rjec2zqsyqgsebpspfvs
[+] /p/vast1/build/spack/opt/spack/linux-rhel7-broadwell/gcc-10.2.1/bzip2-1.0.8-jmjklgubcyryaddwqvzuvzeiq6zfqmst
[+] /p/vast1/build/spack/opt/spack/linux-rhel7-broadwell/gcc-10.2.1/boost-1.64.0-o3dl72p52j6snilj2fmgusbwzlh3iccu
Testing splicing in (and out) boost@1.63.0
[+] /p/vast1/build/spack/opt/spack/linux-rhel7-broadwell/gcc-10.2.1/libiconv-1.16-glggocpnh7m2dgmtu4fedhbfeessepbe
[+] /p/vast1/build/spack/opt/spack/linux-rhel7-broadwell/gcc-10.2.1/zlib-1.2.11-su2ldy5ofm424qnly3kitbbdgwovpfk4
[+] /p/vast1/build/spack/opt/spack/linux-rhel7-broadwell/gcc-10.2.1/diffutils-3.8-vxb536efq575rjec2zqsyqgsebpspfvs
[+] /p/vast1/build/spack/opt/spack/linux-rhel7-broadwell/gcc-10.2.1/bzip2-1.0.8-jmjklgubcyryaddwqvzuvzeiq6zfqmst
[+] /p/vast1/build/spack/opt/spack/linux-rhel7-broadwell/gcc-10.2.1/boost-1.63.0-heisxod7h5xg42pj3brzeq3ybxsioigs
Testing splicing in (and out) boost@1.62.0
[+] /p/vast1/build/spack/opt/spack/linux-rhel7-broadwell/gcc-10.2.1/libiconv-1.16-glggocpnh7m2dgmtu4fedhbfeessepbe
[+] /p/vast1/build/spack/opt/spack/linux-rhel7-broadwell/gcc-10.2.1/zlib-1.2.11-su2ldy5ofm424qnly3kitbbdgwovpfk4
[+] /p/vast1/build/spack/opt/spack/linux-rhel7-broadwell/gcc-10.2.1/diffutils-3.8-vxb536efq575rjec2zqsyqgsebpspfvs
[+] /p/vast1/build/spack/opt/spack/linux-rhel7-broadwell/gcc-10.2.1/bzip2-1.0.8-jmjklgubcyryaddwqvzuvzeiq6zfqmst
[+] /p/vast1/build/spack/opt/spack/linux-rhel7-broadwell/gcc-10.2.1/boost-1.62.0-eaxecq65cspduxjb5qg3tjwfq5gvye3w
Testing splicing in (and out) boost@1.61.0
[+] /p/vast1/build/spack/opt/spack/linux-rhel7-broadwell/gcc-10.2.1/libiconv-1.16-glggocpnh7m2dgmtu4fedhbfeessepbe
[+] /p/vast1/build/spack/opt/spack/linux-rhel7-broadwell/gcc-10.2.1/zlib-1.2.11-su2ldy5ofm424qnly3kitbbdgwovpfk4
[+] /p/vast1/build/spack/opt/spack/linux-rhel7-broadwell/gcc-10.2.1/diffutils-3.8-vxb536efq575rjec2zqsyqgsebpspfvs
[+] /p/vast1/build/spack/opt/spack/linux-rhel7-broadwell/gcc-10.2.1/bzip2-1.0.8-jmjklgubcyryaddwqvzuvzeiq6zfqmst
[+] /p/vast1/build/spack/opt/spack/linux-rhel7-broadwell/gcc-10.2.1/boost-1.61.0-snvce223s3tbn66bnflwulu52oiex4l3
Testing splicing in (and out) boost@1.60.0
[+] /p/vast1/build/spack/opt/spack/linux-rhel7-broadwell/gcc-10.2.1/libiconv-1.16-glggocpnh7m2dgmtu4fedhbfeessepbe
[+] /p/vast1/build/spack/opt/spack/linux-rhel7-broadwell/gcc-10.2.1/zlib-1.2.11-su2ldy5ofm424qnly3kitbbdgwovpfk4
[+] /p/vast1/build/spack/opt/spack/linux-rhel7-broadwell/gcc-10.2.1/diffutils-3.8-vxb536efq575rjec2zqsyqgsebpspfvs
[+] /p/vast1/build/spack/opt/spack/linux-rhel7-broadwell/gcc-10.2.1/bzip2-1.0.8-jmjklgubcyryaddwqvzuvzeiq6zfqmst
[+] /p/vast1/build/spack/opt/spack/linux-rhel7-broadwell/gcc-10.2.1/boost-1.60.0-c7jlf4py4vltjv5w6t2ynupxby77lolq
Testing splicing in (and out) boost@1.59.0
[+] /p/vast1/build/spack/opt/spack/linux-rhel7-broadwell/gcc-10.2.1/libiconv-1.16-glggocpnh7m2dgmtu4fedhbfeessepbe
[+] /p/vast1/build/spack/opt/spack/linux-rhel7-broadwell/gcc-10.2.1/zlib-1.2.11-su2ldy5ofm424qnly3kitbbdgwovpfk4
[+] /p/vast1/build/spack/opt/spack/linux-rhel7-broadwell/gcc-10.2.1/diffutils-3.8-vxb536efq575rjec2zqsyqgsebpspfvs
[+] /p/vast1/build/spack/opt/spack/linux-rhel7-broadwell/gcc-10.2.1/bzip2-1.0.8-jmjklgubcyryaddwqvzuvzeiq6zfqmst
[+] /p/vast1/build/spack/opt/spack/linux-rhel7-broadwell/gcc-10.2.1/boost-1.59.0-pk2rqraali4jekg4kqkqmseqcfz24obj
Testing splicing in (and out) boost@1.58.0
[+] /p/vast1/build/spack/opt/spack/linux-rhel7-broadwell/gcc-10.2.1/libiconv-1.16-glggocpnh7m2dgmtu4fedhbfeessepbe
[+] /p/vast1/build/spack/opt/spack/linux-rhel7-broadwell/gcc-10.2.1/zlib-1.2.11-su2ldy5ofm424qnly3kitbbdgwovpfk4
[+] /p/vast1/build/spack/opt/spack/linux-rhel7-broadwell/gcc-10.2.1/diffutils-3.8-vxb536efq575rjec2zqsyqgsebpspfvs
[+] /p/vast1/build/spack/opt/spack/linux-rhel7-broadwell/gcc-10.2.1/bzip2-1.0.8-jmjklgubcyryaddwqvzuvzeiq6zfqmst
[+] /p/vast1/build/spack/opt/spack/linux-rhel7-broadwell/gcc-10.2.1/boost-1.58.0-34zs4n7sgkdxsknca33pykzuph4lyby5
Testing splicing in (and out) boost@1.57.0
[+] /p/vast1/build/spack/opt/spack/linux-rhel7-broadwell/gcc-10.2.1/libiconv-1.16-glggocpnh7m2dgmtu4fedhbfeessepbe
[+] /p/vast1/build/spack/opt/spack/linux-rhel7-broadwell/gcc-10.2.1/zlib-1.2.11-su2ldy5ofm424qnly3kitbbdgwovpfk4
[+] /p/vast1/build/spack/opt/spack/linux-rhel7-broadwell/gcc-10.2.1/diffutils-3.8-vxb536efq575rjec2zqsyqgsebpspfvs
[+] /p/vast1/build/spack/opt/spack/linux-rhel7-broadwell/gcc-10.2.1/bzip2-1.0.8-jmjklgubcyryaddwqvzuvzeiq6zfqmst
[+] /p/vast1/build/spack/opt/spack/linux-rhel7-broadwell/gcc-10.2.1/boost-1.57.0-chcitgu4wrm3n3r3srkcfedsk4453wp2
Testing splicing in (and out) boost@1.56.0
[+] /p/vast1/build/spack/opt/spack/linux-rhel7-broadwell/gcc-10.2.1/libiconv-1.16-glggocpnh7m2dgmtu4fedhbfeessepbe
[+] /p/vast1/build/spack/opt/spack/linux-rhel7-broadwell/gcc-10.2.1/zlib-1.2.11-su2ldy5ofm424qnly3kitbbdgwovpfk4
[+] /p/vast1/build/spack/opt/spack/linux-rhel7-broadwell/gcc-10.2.1/diffutils-3.8-vxb536efq575rjec2zqsyqgsebpspfvs
[+] /p/vast1/build/spack/opt/spack/linux-rhel7-broadwell/gcc-10.2.1/bzip2-1.0.8-jmjklgubcyryaddwqvzuvzeiq6zfqmst
[+] /p/vast1/build/spack/opt/spack/linux-rhel7-broadwell/gcc-10.2.1/boost-1.56.0-5ic2c6ukgoextlr33pizp2mwbiryrsn5
Testing splicing in (and out) boost@1.55.0
[+] /p/vast1/build/spack/opt/spack/linux-rhel7-broadwell/gcc-10.2.1/libiconv-1.16-glggocpnh7m2dgmtu4fedhbfeessepbe
[+] /p/vast1/build/spack/opt/spack/linux-rhel7-broadwell/gcc-10.2.1/zlib-1.2.11-su2ldy5ofm424qnly3kitbbdgwovpfk4
[+] /p/vast1/build/spack/opt/spack/linux-rhel7-broadwell/gcc-10.2.1/diffutils-3.8-vxb536efq575rjec2zqsyqgsebpspfvs
[+] /p/vast1/build/spack/opt/spack/linux-rhel7-broadwell/gcc-10.2.1/bzip2-1.0.8-jmjklgubcyryaddwqvzuvzeiq6zfqmst
[+] /p/vast1/build/spack/opt/spack/linux-rhel7-broadwell/gcc-10.2.1/boost-1.55.0-wwg2qfo4yzucisbuncq3f7dknev37ljo
Testing splicing in (and out) boost@1.54.0
[+] /p/vast1/build/spack/opt/spack/linux-rhel7-broadwell/gcc-10.2.1/libiconv-1.16-glggocpnh7m2dgmtu4fedhbfeessepbe
[+] /p/vast1/build/spack/opt/spack/linux-rhel7-broadwell/gcc-10.2.1/zlib-1.2.11-su2ldy5ofm424qnly3kitbbdgwovpfk4
[+] /p/vast1/build/spack/opt/spack/linux-rhel7-broadwell/gcc-10.2.1/diffutils-3.8-vxb536efq575rjec2zqsyqgsebpspfvs
[+] /p/vast1/build/spack/opt/spack/linux-rhel7-broadwell/gcc-10.2.1/bzip2-1.0.8-jmjklgubcyryaddwqvzuvzeiq6zfqmst
==> Installing boost-1.54.0-rlfjrstv6bqfeeyhep2uc54nm2r2axkt
==> No binary for boost-1.54.0-rlfjrstv6bqfeeyhep2uc54nm2r2axkt found: installing from source
==> Fetching https://mirror.spack.io/_source-cache/archive/04/047e927de336af106a24bceba30069980c191529fd76b8dff8eb9a328b48ae1d.tar.bz2
==> Fetching https://mirror.spack.io/_source-cache/archive/b6/b6f6ce68282159d46c716a1e6c819c815914bdb096cddc516fa48134209659f2
==> Applied patch /p/vast1/build/spack/var/spack/repos/builtin/packages/boost/call_once_variadic.patch
==> Applied patch https://482372.bugs.gentoo.org/attachment.cgi?id=356970
==> Applied patch /p/vast1/build/spack/var/spack/repos/builtin/packages/boost/clang-linux_add_option2.patch
==> Ran patch() for boost
==> boost: Executing phase: 'install'
==> boost: Successfully installed boost-1.54.0-rlfjrstv6bqfeeyhep2uc54nm2r2axkt
  Fetch: 2.08s.  Build: 2m 40.04s.  Total: 2m 42.12s.
[+] /p/vast1/build/spack/opt/spack/linux-rhel7-broadwell/gcc-10.2.1/boost-1.54.0-rlfjrstv6bqfeeyhep2uc54nm2r2axkt
Testing splicing in (and out) boost@1.53.0
[+] /p/vast1/build/spack/opt/spack/linux-rhel7-broadwell/gcc-10.2.1/libiconv-1.16-glggocpnh7m2dgmtu4fedhbfeessepbe
[+] /p/vast1/build/spack/opt/spack/linux-rhel7-broadwell/gcc-10.2.1/zlib-1.2.11-su2ldy5ofm424qnly3kitbbdgwovpfk4
[+] /p/vast1/build/spack/opt/spack/linux-rhel7-broadwell/gcc-10.2.1/diffutils-3.8-vxb536efq575rjec2zqsyqgsebpspfvs
[+] /p/vast1/build/spack/opt/spack/linux-rhel7-broadwell/gcc-10.2.1/bzip2-1.0.8-jmjklgubcyryaddwqvzuvzeiq6zfqmst
==> Installing boost-1.53.0-c57ukggpmntkl55jzjvl3lwds6yjo43g
==> No binary for boost-1.53.0-c57ukggpmntkl55jzjvl3lwds6yjo43g found: installing from source
==> Fetching https://mirror.spack.io/_source-cache/archive/f8/f88a041b01882b0c9c5c05b39603ec8383fb881f772f6f9e6e6fd0e0cddb9196.tar.bz2
==> Using cached archive: /p/vast1/build/spack/var/spack/cache/_source-cache/archive/b6/b6f6ce68282159d46c716a1e6c819c815914bdb096cddc516fa48134209659f2
==> Applied patch https://482372.bugs.gentoo.org/attachment.cgi?id=356970
==> Applied patch /p/vast1/build/spack/var/spack/repos/builtin/packages/boost/clang-linux_add_option2.patch
==> Ran patch() for boost
==> boost: Executing phase: 'install'
==> boost: Successfully installed boost-1.53.0-c57ukggpmntkl55jzjvl3lwds6yjo43g
  Fetch: 2.23s.  Build: 2m 8.83s.  Total: 2m 11.07s.
[+] /p/vast1/build/spack/opt/spack/linux-rhel7-broadwell/gcc-10.2.1/boost-1.53.0-c57ukggpmntkl55jzjvl3lwds6yjo43g
Testing splicing in (and out) boost@1.52.0
[+] /p/vast1/build/spack/opt/spack/linux-rhel7-broadwell/gcc-10.2.1/libiconv-1.16-glggocpnh7m2dgmtu4fedhbfeessepbe
[+] /p/vast1/build/spack/opt/spack/linux-rhel7-broadwell/gcc-10.2.1/zlib-1.2.11-su2ldy5ofm424qnly3kitbbdgwovpfk4
[+] /p/vast1/build/spack/opt/spack/linux-rhel7-broadwell/gcc-10.2.1/diffutils-3.8-vxb536efq575rjec2zqsyqgsebpspfvs
[+] /p/vast1/build/spack/opt/spack/linux-rhel7-broadwell/gcc-10.2.1/bzip2-1.0.8-jmjklgubcyryaddwqvzuvzeiq6zfqmst
==> Installing boost-1.52.0-zdw2okh5o32ofegmvy6m6r4chlpyqe6e
==> No binary for boost-1.52.0-zdw2okh5o32ofegmvy6m6r4chlpyqe6e found: installing from source
==> Fetching https://mirror.spack.io/_source-cache/archive/22/222b6afd7723f396f5682c20130314a10196d3999feab5ba920d2a6bf53bac92.tar.bz2
==> Applied patch /p/vast1/build/spack/var/spack/repos/builtin/packages/boost/clang-linux_add_option2.patch
==> Ran patch() for boost
==> boost: Executing phase: 'install'
==> boost: Successfully installed boost-1.52.0-zdw2okh5o32ofegmvy6m6r4chlpyqe6e
  Fetch: 1.87s.  Build: 2m 8.41s.  Total: 2m 10.28s.
[+] /p/vast1/build/spack/opt/spack/linux-rhel7-broadwell/gcc-10.2.1/boost-1.52.0-zdw2okh5o32ofegmvy6m6r4chlpyqe6e
Testing splicing in (and out) boost@1.51.0
[+] /p/vast1/build/spack/opt/spack/linux-rhel7-broadwell/gcc-10.2.1/libiconv-1.16-glggocpnh7m2dgmtu4fedhbfeessepbe
[+] /p/vast1/build/spack/opt/spack/linux-rhel7-broadwell/gcc-10.2.1/zlib-1.2.11-su2ldy5ofm424qnly3kitbbdgwovpfk4
[+] /p/vast1/build/spack/opt/spack/linux-rhel7-broadwell/gcc-10.2.1/diffutils-3.8-vxb536efq575rjec2zqsyqgsebpspfvs
[+] /p/vast1/build/spack/opt/spack/linux-rhel7-broadwell/gcc-10.2.1/bzip2-1.0.8-jmjklgubcyryaddwqvzuvzeiq6zfqmst
==> Installing boost-1.51.0-zosoidjwvkdaqkfvfrfoqipuntqx2ilu
==> No binary for boost-1.51.0-zosoidjwvkdaqkfvfrfoqipuntqx2ilu found: installing from source
==> Fetching https://mirror.spack.io/_source-cache/archive/fb/fb2d2335a29ee7fe040a197292bfce982af84a645c81688a915c84c925b69696.tar.bz2
==> Applied patch /p/vast1/build/spack/var/spack/repos/builtin/packages/boost/clang-linux_add_option2.patch
==> Ran patch() for boost
==> boost: Executing phase: 'install'
==> boost: Successfully installed boost-1.51.0-zosoidjwvkdaqkfvfrfoqipuntqx2ilu
  Fetch: 1.89s.  Build: 2m 10.18s.  Total: 2m 12.07s.
[+] /p/vast1/build/spack/opt/spack/linux-rhel7-broadwell/gcc-10.2.1/boost-1.51.0-zosoidjwvkdaqkfvfrfoqipuntqx2ilu
Testing splicing in (and out) boost@1.50.0
[+] /p/vast1/build/spack/opt/spack/linux-rhel7-broadwell/gcc-10.2.1/libiconv-1.16-glggocpnh7m2dgmtu4fedhbfeessepbe
[+] /p/vast1/build/spack/opt/spack/linux-rhel7-broadwell/gcc-10.2.1/zlib-1.2.11-su2ldy5ofm424qnly3kitbbdgwovpfk4
[+] /p/vast1/build/spack/opt/spack/linux-rhel7-broadwell/gcc-10.2.1/diffutils-3.8-vxb536efq575rjec2zqsyqgsebpspfvs
[+] /p/vast1/build/spack/opt/spack/linux-rhel7-broadwell/gcc-10.2.1/bzip2-1.0.8-jmjklgubcyryaddwqvzuvzeiq6zfqmst
==> Installing boost-1.50.0-23bjqks3nzgcou3w7e6hmrzl7c5nbulo
==> No binary for boost-1.50.0-23bjqks3nzgcou3w7e6hmrzl7c5nbulo found: installing from source
==> Fetching https://mirror.spack.io/_source-cache/archive/c9/c9ace2b8c81fa6703d1d17c7e478de3bc51101c5adbdeb3f6cb72cf3045a8529.tar.bz2
==> Applied patch /p/vast1/build/spack/var/spack/repos/builtin/packages/boost/clang-linux_add_option2.patch
==> Ran patch() for boost
==> boost: Executing phase: 'install'
==> boost: Successfully installed boost-1.50.0-23bjqks3nzgcou3w7e6hmrzl7c5nbulo
  Fetch: 2.17s.  Build: 2m 7.02s.  Total: 2m 9.19s.
[+] /p/vast1/build/spack/opt/spack/linux-rhel7-broadwell/gcc-10.2.1/boost-1.50.0-23bjqks3nzgcou3w7e6hmrzl7c5nbulo
Testing splicing in (and out) boost@1.49.0
[+] /p/vast1/build/spack/opt/spack/linux-rhel7-broadwell/gcc-10.2.1/libiconv-1.16-glggocpnh7m2dgmtu4fedhbfeessepbe
[+] /p/vast1/build/spack/opt/spack/linux-rhel7-broadwell/gcc-10.2.1/zlib-1.2.11-su2ldy5ofm424qnly3kitbbdgwovpfk4
[+] /p/vast1/build/spack/opt/spack/linux-rhel7-broadwell/gcc-10.2.1/diffutils-3.8-vxb536efq575rjec2zqsyqgsebpspfvs
[+] /p/vast1/build/spack/opt/spack/linux-rhel7-broadwell/gcc-10.2.1/bzip2-1.0.8-jmjklgubcyryaddwqvzuvzeiq6zfqmst
==> Installing boost-1.49.0-loeylhm6cs75brbk7embn2sbxnef5kou
==> No binary for boost-1.49.0-loeylhm6cs75brbk7embn2sbxnef5kou found: installing from source
==> Fetching https://mirror.spack.io/_source-cache/archive/dd/dd748a7f5507a7e7af74f452e1c52a64e651ed1f7263fce438a06641d2180d3c.tar.bz2
==> Applied patch /p/vast1/build/spack/var/spack/repos/builtin/packages/boost/clang-linux_add_option2.patch
==> Ran patch() for boost
==> boost: Executing phase: 'install'
Testing splicing in (and out) boost@1.48.0
[+] /p/vast1/build/spack/opt/spack/linux-rhel7-broadwell/gcc-10.2.1/libiconv-1.16-glggocpnh7m2dgmtu4fedhbfeessepbe
[+] /p/vast1/build/spack/opt/spack/linux-rhel7-broadwell/gcc-10.2.1/zlib-1.2.11-su2ldy5ofm424qnly3kitbbdgwovpfk4
[+] /p/vast1/build/spack/opt/spack/linux-rhel7-broadwell/gcc-10.2.1/diffutils-3.8-vxb536efq575rjec2zqsyqgsebpspfvs
[+] /p/vast1/build/spack/opt/spack/linux-rhel7-broadwell/gcc-10.2.1/bzip2-1.0.8-jmjklgubcyryaddwqvzuvzeiq6zfqmst
==> Installing boost-1.48.0-6k34kxlyk6fw6eiioxhixqhpplmphemj
==> No binary for boost-1.48.0-6k34kxlyk6fw6eiioxhixqhpplmphemj found: installing from source
==> Fetching https://mirror.spack.io/_source-cache/archive/1b/1bf254b2d69393ccd57a3cdd30a2f80318a005de8883a0792ed2f5e2598e5ada.tar.bz2
==> Applied patch /p/vast1/build/spack/var/spack/repos/builtin/packages/boost/clang-linux_add_option2.patch
==> Ran patch() for boost
==> boost: Executing phase: 'install'
Testing splicing in (and out) boost@1.47.0
[+] /p/vast1/build/spack/opt/spack/linux-rhel7-broadwell/gcc-10.2.1/libiconv-1.16-glggocpnh7m2dgmtu4fedhbfeessepbe
[+] /p/vast1/build/spack/opt/spack/linux-rhel7-broadwell/gcc-10.2.1/zlib-1.2.11-su2ldy5ofm424qnly3kitbbdgwovpfk4
[+] /p/vast1/build/spack/opt/spack/linux-rhel7-broadwell/gcc-10.2.1/diffutils-3.8-vxb536efq575rjec2zqsyqgsebpspfvs
[+] /p/vast1/build/spack/opt/spack/linux-rhel7-broadwell/gcc-10.2.1/bzip2-1.0.8-jmjklgubcyryaddwqvzuvzeiq6zfqmst
==> Installing boost-1.47.0-xgtyomjgo3t7oj46eqvisvlnpyoxi235
==> No binary for boost-1.47.0-xgtyomjgo3t7oj46eqvisvlnpyoxi235 found: installing from source
==> Fetching https://mirror.spack.io/_source-cache/archive/81/815a5d9faac4dbd523fbcf3fe1065e443c0bbf43427c44aa423422c6ec4c2e31.tar.bz2
==> Applied patch /p/vast1/build/spack/var/spack/repos/builtin/packages/boost/clang-linux_add_option2.patch
==> Ran patch() for boost
==> boost: Executing phase: 'install'
Testing splicing in (and out) boost@1.46.1
[+] /p/vast1/build/spack/opt/spack/linux-rhel7-broadwell/gcc-10.2.1/libiconv-1.16-glggocpnh7m2dgmtu4fedhbfeessepbe
[+] /p/vast1/build/spack/opt/spack/linux-rhel7-broadwell/gcc-10.2.1/zlib-1.2.11-su2ldy5ofm424qnly3kitbbdgwovpfk4
[+] /p/vast1/build/spack/opt/spack/linux-rhel7-broadwell/gcc-10.2.1/diffutils-3.8-vxb536efq575rjec2zqsyqgsebpspfvs
[+] /p/vast1/build/spack/opt/spack/linux-rhel7-broadwell/gcc-10.2.1/bzip2-1.0.8-jmjklgubcyryaddwqvzuvzeiq6zfqmst
==> Installing boost-1.46.1-hdz7hte3spqtqtyxmwkym53tctc2grzh
==> No binary for boost-1.46.1-hdz7hte3spqtqtyxmwkym53tctc2grzh found: installing from source
==> Fetching https://mirror.spack.io/_source-cache/archive/e1/e1dfbf42b16e5015c46b98e9899c423ca4d04469cbeee05e43ea19236416d883.tar.bz2
==> Ran patch() for boost
==> boost: Executing phase: 'install'
Testing splicing in (and out) boost@1.46.0
[+] /p/vast1/build/spack/opt/spack/linux-rhel7-broadwell/gcc-10.2.1/libiconv-1.16-glggocpnh7m2dgmtu4fedhbfeessepbe
[+] /p/vast1/build/spack/opt/spack/linux-rhel7-broadwell/gcc-10.2.1/zlib-1.2.11-su2ldy5ofm424qnly3kitbbdgwovpfk4
[+] /p/vast1/build/spack/opt/spack/linux-rhel7-broadwell/gcc-10.2.1/diffutils-3.8-vxb536efq575rjec2zqsyqgsebpspfvs
[+] /p/vast1/build/spack/opt/spack/linux-rhel7-broadwell/gcc-10.2.1/bzip2-1.0.8-jmjklgubcyryaddwqvzuvzeiq6zfqmst
==> Installing boost-1.46.0-k5ehikzza4cgpewxvwqc3lgm4ohgdaqc
==> No binary for boost-1.46.0-k5ehikzza4cgpewxvwqc3lgm4ohgdaqc found: installing from source
==> Fetching https://mirror.spack.io/_source-cache/archive/2f/2f90f60792fdc25e674b8a857a0bcbb8d01199651719c90d5c4f8c61c08eba59.tar.bz2
==> Ran patch() for boost
==> boost: Executing phase: 'install'
Testing splicing in (and out) boost@1.45.0
[+] /p/vast1/build/spack/opt/spack/linux-rhel7-broadwell/gcc-10.2.1/libiconv-1.16-glggocpnh7m2dgmtu4fedhbfeessepbe
[+] /p/vast1/build/spack/opt/spack/linux-rhel7-broadwell/gcc-10.2.1/zlib-1.2.11-su2ldy5ofm424qnly3kitbbdgwovpfk4
[+] /p/vast1/build/spack/opt/spack/linux-rhel7-broadwell/gcc-10.2.1/diffutils-3.8-vxb536efq575rjec2zqsyqgsebpspfvs
[+] /p/vast1/build/spack/opt/spack/linux-rhel7-broadwell/gcc-10.2.1/bzip2-1.0.8-jmjklgubcyryaddwqvzuvzeiq6zfqmst
==> Installing boost-1.45.0-3ezurecwgqqtpyhpnovxyi5rqptnqdqe
==> No binary for boost-1.45.0-3ezurecwgqqtpyhpnovxyi5rqptnqdqe found: installing from source
==> Fetching https://mirror.spack.io/_source-cache/archive/55/55ed3ec51d5687e8224c988e22bef215dacce04e037d9f689569a80c4377a6d5.tar.bz2
==> Ran patch() for boost
==> boost: Executing phase: 'install'
Testing splicing in (and out) boost@1.44.0
[+] /p/vast1/build/spack/opt/spack/linux-rhel7-broadwell/gcc-10.2.1/libiconv-1.16-glggocpnh7m2dgmtu4fedhbfeessepbe
[+] /p/vast1/build/spack/opt/spack/linux-rhel7-broadwell/gcc-10.2.1/zlib-1.2.11-su2ldy5ofm424qnly3kitbbdgwovpfk4
[+] /p/vast1/build/spack/opt/spack/linux-rhel7-broadwell/gcc-10.2.1/diffutils-3.8-vxb536efq575rjec2zqsyqgsebpspfvs
[+] /p/vast1/build/spack/opt/spack/linux-rhel7-broadwell/gcc-10.2.1/bzip2-1.0.8-jmjklgubcyryaddwqvzuvzeiq6zfqmst
==> Installing boost-1.44.0-s2pubvr7hdxgrc5vtn4yi2tcxb4bw2im
==> No binary for boost-1.44.0-s2pubvr7hdxgrc5vtn4yi2tcxb4bw2im found: installing from source
==> Fetching https://mirror.spack.io/_source-cache/archive/45/45c328029d97d1f1dc7ff8c9527cd0c5cc356636084a800bca2ee4bfab1978db.tar.bz2
==> Ran patch() for boost
==> boost: Executing phase: 'install'
Testing splicing in (and out) boost@1.43.0
[+] /p/vast1/build/spack/opt/spack/linux-rhel7-broadwell/gcc-10.2.1/libiconv-1.16-glggocpnh7m2dgmtu4fedhbfeessepbe
[+] /p/vast1/build/spack/opt/spack/linux-rhel7-broadwell/gcc-10.2.1/zlib-1.2.11-su2ldy5ofm424qnly3kitbbdgwovpfk4
[+] /p/vast1/build/spack/opt/spack/linux-rhel7-broadwell/gcc-10.2.1/diffutils-3.8-vxb536efq575rjec2zqsyqgsebpspfvs
[+] /p/vast1/build/spack/opt/spack/linux-rhel7-broadwell/gcc-10.2.1/bzip2-1.0.8-jmjklgubcyryaddwqvzuvzeiq6zfqmst
==> Installing boost-1.43.0-np5xmvofqesu2akl7rpfxklfqnck6eqm
==> No binary for boost-1.43.0-np5xmvofqesu2akl7rpfxklfqnck6eqm found: installing from source
==> Fetching https://mirror.spack.io/_source-cache/archive/34/344f100b1aa410e812cabf0e4130728a80be042bf346135516b9187853806120.tar.bz2
==> Ran patch() for boost
==> boost: Executing phase: 'install'
Testing splicing in (and out) boost@1.42.0
[+] /p/vast1/build/spack/opt/spack/linux-rhel7-broadwell/gcc-10.2.1/libiconv-1.16-glggocpnh7m2dgmtu4fedhbfeessepbe
[+] /p/vast1/build/spack/opt/spack/linux-rhel7-broadwell/gcc-10.2.1/zlib-1.2.11-su2ldy5ofm424qnly3kitbbdgwovpfk4
[+] /p/vast1/build/spack/opt/spack/linux-rhel7-broadwell/gcc-10.2.1/diffutils-3.8-vxb536efq575rjec2zqsyqgsebpspfvs
[+] /p/vast1/build/spack/opt/spack/linux-rhel7-broadwell/gcc-10.2.1/bzip2-1.0.8-jmjklgubcyryaddwqvzuvzeiq6zfqmst
==> Installing boost-1.42.0-ojchr2ldynvyz7t6wnaoi7zeeb27ljq4
==> No binary for boost-1.42.0-ojchr2ldynvyz7t6wnaoi7zeeb27ljq4 found: installing from source
==> Fetching https://mirror.spack.io/_source-cache/archive/4b/4b1eb95bd250ce15ac66435d6167f225b072b0d3a7eb72477a31847a9ca9e609.tar.bz2
==> Ran patch() for boost
==> boost: Executing phase: 'install'
Testing splicing in (and out) boost@1.41.0
[+] /p/vast1/build/spack/opt/spack/linux-rhel7-broadwell/gcc-10.2.1/libiconv-1.16-glggocpnh7m2dgmtu4fedhbfeessepbe
[+] /p/vast1/build/spack/opt/spack/linux-rhel7-broadwell/gcc-10.2.1/zlib-1.2.11-su2ldy5ofm424qnly3kitbbdgwovpfk4
[+] /p/vast1/build/spack/opt/spack/linux-rhel7-broadwell/gcc-10.2.1/diffutils-3.8-vxb536efq575rjec2zqsyqgsebpspfvs
[+] /p/vast1/build/spack/opt/spack/linux-rhel7-broadwell/gcc-10.2.1/bzip2-1.0.8-jmjklgubcyryaddwqvzuvzeiq6zfqmst
==> Installing boost-1.41.0-bisr4hk7uk7gs3n5wl2jl3ugq3xrmho7
==> No binary for boost-1.41.0-bisr4hk7uk7gs3n5wl2jl3ugq3xrmho7 found: installing from source
==> Fetching https://mirror.spack.io/_source-cache/archive/1e/1ef94e6749eaf13318284b4f629be063544c7015b45e38113b975ac1945cc726.tar.bz2
==> Ran patch() for boost
==> boost: Executing phase: 'install'
Testing splicing in (and out) boost@1.40.0
[+] /p/vast1/build/spack/opt/spack/linux-rhel7-broadwell/gcc-10.2.1/libiconv-1.16-glggocpnh7m2dgmtu4fedhbfeessepbe
[+] /p/vast1/build/spack/opt/spack/linux-rhel7-broadwell/gcc-10.2.1/zlib-1.2.11-su2ldy5ofm424qnly3kitbbdgwovpfk4
[+] /p/vast1/build/spack/opt/spack/linux-rhel7-broadwell/gcc-10.2.1/diffutils-3.8-vxb536efq575rjec2zqsyqgsebpspfvs
[+] /p/vast1/build/spack/opt/spack/linux-rhel7-broadwell/gcc-10.2.1/bzip2-1.0.8-jmjklgubcyryaddwqvzuvzeiq6zfqmst
==> Installing boost-1.40.0-qe5m3a4y3svinpk7orx34rk654m5yvqg
==> No binary for boost-1.40.0-qe5m3a4y3svinpk7orx34rk654m5yvqg found: installing from source
==> Fetching https://mirror.spack.io/_source-cache/archive/36/36cf4a239b587067a4923fdf6e290525a14c3af29829524fa73f3dec6841530c.tar.bz2
==> Ran patch() for boost
==> boost: Executing phase: 'install'
Testing splicing in (and out) boost@1.39.0
[+] /p/vast1/build/spack/opt/spack/linux-rhel7-broadwell/gcc-10.2.1/libiconv-1.16-glggocpnh7m2dgmtu4fedhbfeessepbe
[+] /p/vast1/build/spack/opt/spack/linux-rhel7-broadwell/gcc-10.2.1/zlib-1.2.11-su2ldy5ofm424qnly3kitbbdgwovpfk4
[+] /p/vast1/build/spack/opt/spack/linux-rhel7-broadwell/gcc-10.2.1/diffutils-3.8-vxb536efq575rjec2zqsyqgsebpspfvs
[+] /p/vast1/build/spack/opt/spack/linux-rhel7-broadwell/gcc-10.2.1/bzip2-1.0.8-jmjklgubcyryaddwqvzuvzeiq6zfqmst
==> Installing boost-1.39.0-hjob6lvk7vxk453qmrvbaapvwic27k5a
==> No binary for boost-1.39.0-hjob6lvk7vxk453qmrvbaapvwic27k5a found: installing from source
==> Fetching https://mirror.spack.io/_source-cache/archive/44/44785eae8c6cce61a29a8a51f9b737e57b34d66baa7c0bcd4af188832b8018fd.tar.bz2
==> Ran patch() for boost
==> boost: Executing phase: 'install'
Testing splicing in (and out) boost@1.38.0
[+] /p/vast1/build/spack/opt/spack/linux-rhel7-broadwell/gcc-10.2.1/libiconv-1.16-glggocpnh7m2dgmtu4fedhbfeessepbe
[+] /p/vast1/build/spack/opt/spack/linux-rhel7-broadwell/gcc-10.2.1/zlib-1.2.11-su2ldy5ofm424qnly3kitbbdgwovpfk4
[+] /p/vast1/build/spack/opt/spack/linux-rhel7-broadwell/gcc-10.2.1/diffutils-3.8-vxb536efq575rjec2zqsyqgsebpspfvs
[+] /p/vast1/build/spack/opt/spack/linux-rhel7-broadwell/gcc-10.2.1/bzip2-1.0.8-jmjklgubcyryaddwqvzuvzeiq6zfqmst
==> Installing boost-1.38.0-6pjdeq75cu2w5mwf5niquq5yzeyvhlv7
==> No binary for boost-1.38.0-6pjdeq75cu2w5mwf5niquq5yzeyvhlv7 found: installing from source
==> Fetching https://mirror.spack.io/_source-cache/archive/3e/3ee3a45af4d2fabf343b9e05cfbe033c35d63719b45a6554d5849e4a34216066.tar.bz2
==> Ran patch() for boost
==> boost: Executing phase: 'install'
Testing splicing in (and out) boost@1.37.0
[+] /p/vast1/build/spack/opt/spack/linux-rhel7-broadwell/gcc-10.2.1/libiconv-1.16-glggocpnh7m2dgmtu4fedhbfeessepbe
[+] /p/vast1/build/spack/opt/spack/linux-rhel7-broadwell/gcc-10.2.1/zlib-1.2.11-su2ldy5ofm424qnly3kitbbdgwovpfk4
[+] /p/vast1/build/spack/opt/spack/linux-rhel7-broadwell/gcc-10.2.1/diffutils-3.8-vxb536efq575rjec2zqsyqgsebpspfvs
[+] /p/vast1/build/spack/opt/spack/linux-rhel7-broadwell/gcc-10.2.1/bzip2-1.0.8-jmjklgubcyryaddwqvzuvzeiq6zfqmst
==> Installing boost-1.37.0-3j7m5llphx3353v7wbxf4m5uuvlezjxs
==> No binary for boost-1.37.0-3j7m5llphx3353v7wbxf4m5uuvlezjxs found: installing from source
==> Fetching https://mirror.spack.io/_source-cache/archive/d5/d52ef49f70b1b9addc4e0d1a3a2a1966227f0d173c3301bac3e6d399eeac5472.tar.bz2
==> Ran patch() for boost
==> boost: Executing phase: 'install'
Testing splicing in (and out) boost@1.36.0
[+] /p/vast1/build/spack/opt/spack/linux-rhel7-broadwell/gcc-10.2.1/libiconv-1.16-glggocpnh7m2dgmtu4fedhbfeessepbe
[+] /p/vast1/build/spack/opt/spack/linux-rhel7-broadwell/gcc-10.2.1/zlib-1.2.11-su2ldy5ofm424qnly3kitbbdgwovpfk4
[+] /p/vast1/build/spack/opt/spack/linux-rhel7-broadwell/gcc-10.2.1/diffutils-3.8-vxb536efq575rjec2zqsyqgsebpspfvs
[+] /p/vast1/build/spack/opt/spack/linux-rhel7-broadwell/gcc-10.2.1/bzip2-1.0.8-jmjklgubcyryaddwqvzuvzeiq6zfqmst
==> Installing boost-1.36.0-q2cqct2dqpgzampzginuzxugieawwdox
==> No binary for boost-1.36.0-q2cqct2dqpgzampzginuzxugieawwdox found: installing from source
==> Fetching https://mirror.spack.io/_source-cache/archive/9a/9a4a0cfbbd227c20a13519a2c41f2e707dc0d89e518a3c7bfcd381f7b7fbcdef.tar.bz2
==> Ran patch() for boost
==> boost: Executing phase: 'install'
Testing splicing in (and out) boost@1.35.0
[+] /p/vast1/build/spack/opt/spack/linux-rhel7-broadwell/gcc-10.2.1/libiconv-1.16-glggocpnh7m2dgmtu4fedhbfeessepbe
[+] /p/vast1/build/spack/opt/spack/linux-rhel7-broadwell/gcc-10.2.1/zlib-1.2.11-su2ldy5ofm424qnly3kitbbdgwovpfk4
[+] /p/vast1/build/spack/opt/spack/linux-rhel7-broadwell/gcc-10.2.1/diffutils-3.8-vxb536efq575rjec2zqsyqgsebpspfvs
[+] /p/vast1/build/spack/opt/spack/linux-rhel7-broadwell/gcc-10.2.1/bzip2-1.0.8-jmjklgubcyryaddwqvzuvzeiq6zfqmst
==> Installing boost-1.35.0-qfoac3kjjtkmgjjxnkaue5slpfvaxbxb
==> No binary for boost-1.35.0-qfoac3kjjtkmgjjxnkaue5slpfvaxbxb found: installing from source
==> Fetching https://mirror.spack.io/_source-cache/archive/f8/f8bf7368a22ccf2e2cf77048ab2129744be4c03f8488c76ad31c0aa229b280da.tar.bz2
==> Ran patch() for boost
==> boost: Executing phase: 'install'
Testing splicing in (and out) boost@1.34.1
[+] /p/vast1/build/spack/opt/spack/linux-rhel7-broadwell/gcc-10.2.1/libiconv-1.16-glggocpnh7m2dgmtu4fedhbfeessepbe
[+] /p/vast1/build/spack/opt/spack/linux-rhel7-broadwell/gcc-10.2.1/zlib-1.2.11-su2ldy5ofm424qnly3kitbbdgwovpfk4
[+] /p/vast1/build/spack/opt/spack/linux-rhel7-broadwell/gcc-10.2.1/diffutils-3.8-vxb536efq575rjec2zqsyqgsebpspfvs
[+] /p/vast1/build/spack/opt/spack/linux-rhel7-broadwell/gcc-10.2.1/bzip2-1.0.8-jmjklgubcyryaddwqvzuvzeiq6zfqmst
==> Installing boost-1.34.1-cxvgqelmccmr5zeyrapd4hv2dtsvrzkm
==> No binary for boost-1.34.1-cxvgqelmccmr5zeyrapd4hv2dtsvrzkm found: installing from source
==> Fetching https://mirror.spack.io/_source-cache/archive/0f/0f866c75b025a4f1340117a106595cc0675f48ba1e5a9b5c221ec7f19e96ec4c.tar.bz2
==> Ran patch() for boost
==> boost: Executing phase: 'install'
Testing splicing in (and out) boost@1.34.0
[+] /p/vast1/build/spack/opt/spack/linux-rhel7-broadwell/gcc-10.2.1/libiconv-1.16-glggocpnh7m2dgmtu4fedhbfeessepbe
[+] /p/vast1/build/spack/opt/spack/linux-rhel7-broadwell/gcc-10.2.1/zlib-1.2.11-su2ldy5ofm424qnly3kitbbdgwovpfk4
[+] /p/vast1/build/spack/opt/spack/linux-rhel7-broadwell/gcc-10.2.1/diffutils-3.8-vxb536efq575rjec2zqsyqgsebpspfvs
[+] /p/vast1/build/spack/opt/spack/linux-rhel7-broadwell/gcc-10.2.1/bzip2-1.0.8-jmjklgubcyryaddwqvzuvzeiq6zfqmst
==> Installing boost-1.34.0-7tcofgugho6x6knrvsb3o7gawci2bdzq
==> No binary for boost-1.34.0-7tcofgugho6x6knrvsb3o7gawci2bdzq found: installing from source
==> Fetching https://mirror.spack.io/_source-cache/archive/45/455cb8fa41b759272768257c2e7bdc5c47ec113245dfa533f275e787a855efd2.tar.bz2
==> Ran patch() for boost
==> boost: Executing phase: 'install'
