==> Warning: using "mbedtls@2.16.9" which is a deprecated version
==> Error: Failed to upgrade to a write lock for mbedtls-2.16.9-ywdgmqhnarizdxgsf3n6pgpaekf6pfrx due to LockUpgradeError: Cannot upgrade lock from read to write on file: /p/vast1/build/spack/opt/spack/.spack-db/prefix_lock
==> Warning: using "mbedtls@2.16.7" which is a deprecated version
==> Warning: mbedtls@2.16.7 is deprecated and may be removed in a future Spack release.
==> Error: FetchError: Will not fetch mbedtls@2.16.7
    If you are willing to be a maintainer for this version of the package, submit a PR to remove `deprecated=False`, or use `--deprecated` to skip this check.

/p/vast1/build/spack/lib/spack/spack/package.py:1381, in do_fetch:
       1378                        dp_msg))
       1379
       1380            if not ignore_deprecation:
  >>   1381                raise FetchError("Will not fetch {0}".format(
       1382                    self.spec.format('{name}{@version}')), dp_msg)
       1383
       1384        self.stage.create()


==> Warning: using "mbedtls@2.16.1" which is a deprecated version
==> Warning: mbedtls@2.16.1 is deprecated and may be removed in a future Spack release.
==> Error: FetchError: Will not fetch mbedtls@2.16.1
    If you are willing to be a maintainer for this version of the package, submit a PR to remove `deprecated=False`, or use `--deprecated` to skip this check.

/p/vast1/build/spack/lib/spack/spack/package.py:1381, in do_fetch:
       1378                        dp_msg))
       1379
       1380            if not ignore_deprecation:
  >>   1381                raise FetchError("Will not fetch {0}".format(
       1382                    self.spec.format('{name}{@version}')), dp_msg)
       1383
       1384        self.stage.create()


==> Warning: using "mbedtls@2.7.10" which is a deprecated version
==> Warning: mbedtls@2.7.10 is deprecated and may be removed in a future Spack release.
==> Error: FetchError: Will not fetch mbedtls@2.7.10
    If you are willing to be a maintainer for this version of the package, submit a PR to remove `deprecated=False`, or use `--deprecated` to skip this check.

/p/vast1/build/spack/lib/spack/spack/package.py:1381, in do_fetch:
       1378                        dp_msg))
       1379
       1380            if not ignore_deprecation:
  >>   1381                raise FetchError("Will not fetch {0}".format(
       1382                    self.spec.format('{name}{@version}')), dp_msg)
       1383
       1384        self.stage.create()


==> Warning: using "mbedtls@2.3.0" which is a deprecated version
==> Warning: mbedtls@2.3.0 is deprecated and may be removed in a future Spack release.
==> Error: FetchError: Will not fetch mbedtls@2.3.0
    If you are willing to be a maintainer for this version of the package, submit a PR to remove `deprecated=False`, or use `--deprecated` to skip this check.

/p/vast1/build/spack/lib/spack/spack/package.py:1381, in do_fetch:
       1378                        dp_msg))
       1379
       1380            if not ignore_deprecation:
  >>   1381                raise FetchError("Will not fetch {0}".format(
       1382                    self.spec.format('{name}{@version}')), dp_msg)
       1383
       1384        self.stage.create()


==> Warning: using "mbedtls@2.2.1" which is a deprecated version
==> Warning: mbedtls@2.2.1 is deprecated and may be removed in a future Spack release.
==> Error: FetchError: Will not fetch mbedtls@2.2.1
    If you are willing to be a maintainer for this version of the package, submit a PR to remove `deprecated=False`, or use `--deprecated` to skip this check.

/p/vast1/build/spack/lib/spack/spack/package.py:1381, in do_fetch:
       1378                        dp_msg))
       1379
       1380            if not ignore_deprecation:
  >>   1381                raise FetchError("Will not fetch {0}".format(
       1382                    self.spec.format('{name}{@version}')), dp_msg)
       1383
       1384        self.stage.create()


==> Warning: using "mbedtls@2.2.0" which is a deprecated version
==> Warning: mbedtls@2.2.0 is deprecated and may be removed in a future Spack release.
==> Error: FetchError: Will not fetch mbedtls@2.2.0
    If you are willing to be a maintainer for this version of the package, submit a PR to remove `deprecated=False`, or use `--deprecated` to skip this check.

/p/vast1/build/spack/lib/spack/spack/package.py:1381, in do_fetch:
       1378                        dp_msg))
       1379
       1380            if not ignore_deprecation:
  >>   1381                raise FetchError("Will not fetch {0}".format(
       1382                    self.spec.format('{name}{@version}')), dp_msg)
       1383
       1384        self.stage.create()


==> Warning: using "mbedtls@2.1.4" which is a deprecated version
==> Warning: mbedtls@2.1.4 is deprecated and may be removed in a future Spack release.
==> Error: FetchError: Will not fetch mbedtls@2.1.4
    If you are willing to be a maintainer for this version of the package, submit a PR to remove `deprecated=False`, or use `--deprecated` to skip this check.

/p/vast1/build/spack/lib/spack/spack/package.py:1381, in do_fetch:
       1378                        dp_msg))
       1379
       1380            if not ignore_deprecation:
  >>   1381                raise FetchError("Will not fetch {0}".format(
       1382                    self.spec.format('{name}{@version}')), dp_msg)
       1383
       1384        self.stage.create()


==> Warning: using "mbedtls@2.1.3" which is a deprecated version
==> Warning: mbedtls@2.1.3 is deprecated and may be removed in a future Spack release.
==> Error: FetchError: Will not fetch mbedtls@2.1.3
    If you are willing to be a maintainer for this version of the package, submit a PR to remove `deprecated=False`, or use `--deprecated` to skip this check.

/p/vast1/build/spack/lib/spack/spack/package.py:1381, in do_fetch:
       1378                        dp_msg))
       1379
       1380            if not ignore_deprecation:
  >>   1381                raise FetchError("Will not fetch {0}".format(
       1382                    self.spec.format('{name}{@version}')), dp_msg)
       1383
       1384        self.stage.create()


==> Warning: using "mbedtls@1.3.16" which is a deprecated version
==> Warning: mbedtls@1.3.16 is deprecated and may be removed in a future Spack release.
==> Error: FetchError: Will not fetch mbedtls@1.3.16
    If you are willing to be a maintainer for this version of the package, submit a PR to remove `deprecated=False`, or use `--deprecated` to skip this check.

/p/vast1/build/spack/lib/spack/spack/package.py:1381, in do_fetch:
       1378                        dp_msg))
       1379
       1380            if not ignore_deprecation:
  >>   1381                raise FetchError("Will not fetch {0}".format(
       1382                    self.spec.format('{name}{@version}')), dp_msg)
       1383
       1384        self.stage.create()


Making predictions for symbolator
Making predictions for libabigail
Making predictions for actual
==> Error: Failed to upgrade to a write lock for binutils-2.38-sp7hnmid3dxgfomqpcpt4y37gpclruxt due to LockUpgradeError: Cannot upgrade lock from read to write on file: /p/vast1/build/spack/opt/spack/.spack-db/prefix_lock
==> Warning: AssertionError exception when releasing read lock for binutils-2.38-sp7hnmid3dxgfomqpcpt4y37gpclruxt: 
Making predictions for spack-test
Making predictions for symbolator
Making predictions for libabigail
abicompat not found on path, will look for spack instead.
/var/spool/slurmd/job100434/slurm_script: line 12: 38973 Killed                  spliced splice --package hpctoolkit@2020.08.03 --splice mbedtls --runner spack --replace mbedtls --experiment experiment --outfile /p/vast1/build/spliced-experiment/results/hpctoolkit/2020.08.03/mbedtls/experiment.json
Making predictions for spack-test
Making predictions for symbolator
Making predictions for libabigail
abicompat not found on path, will look for spack instead.
Making predictions for actual
