Concretizing hpctoolkit@develop
[+] /p/vast1/build/spack/opt/spack/linux-rhel7-broadwell/gcc-10.2.1/libiconv-1.16-glggocpnh7m2dgmtu4fedhbfeessepbe
[+] /p/vast1/build/spack/opt/spack/linux-rhel7-broadwell/gcc-10.2.1/pkgconf-1.8.0-gp2xp6yplvubgic6eunbnl7emqdq3dye
[+] /p/vast1/build/spack/opt/spack/linux-rhel7-broadwell/gcc-10.2.1/xz-5.2.5-4oczqziqzfh2ij3va5gbc7waz4rf2bkj
[+] /p/vast1/build/spack/opt/spack/linux-rhel7-broadwell/gcc-10.2.1/zlib-1.2.11-su2ldy5ofm424qnly3kitbbdgwovpfk4
[+] /p/vast1/build/spack/opt/spack/linux-rhel7-broadwell/gcc-10.2.1/berkeley-db-18.1.40-c7okyaricn3s5wx6lqo2exspq6tuninj
[+] /p/vast1/build/spack/opt/spack/linux-rhel7-broadwell/gcc-10.2.1/libsigsegv-2.13-7rh3iftx6wqudr26scqm7nyzm4xxgqcc
[+] /p/vast1/build/spack/opt/spack/linux-rhel7-broadwell/gcc-10.2.1/libiberty-2.33.1-2zvihvo2nzmx5fg75kwtuaf2ysirqfqh
[+] /p/vast1/build/spack/opt/spack/linux-rhel7-broadwell/gcc-10.2.1/openjdk-11.0.12_7-cppyyeztualrvcfu567lgrjlsa2rxjab
[+] /p/vast1/build/spack/opt/spack/linux-rhel7-broadwell/gcc-10.2.1/libmd-1.0.3-2ov67rcd3fulh2bvd46bb7cjgf3yckoh
[+] /p/vast1/build/spack/opt/spack/linux-rhel7-broadwell/gcc-10.2.1/libffi-3.3-zyoezbz35scxddz3sf2hsqa6dancnjru
[+] /p/vast1/build/spack/opt/spack/linux-rhel7-broadwell/gcc-10.2.1/libmonitor-2021.11.08-2hpaabftqh77mlo27htyfo23llmvk4rr
[+] /p/vast1/build/spack/opt/spack/linux-rhel7-broadwell/gcc-10.2.1/mbedtls-3.0.0-h6eqnbcsdrnrn54rkx4zmtd2cx6oaojk
[+] /p/vast1/build/spack/opt/spack/linux-rhel7-broadwell/gcc-10.2.1/papi-6.0.0.1-62emwcxfgw35opywe25sgxwuvoikrxlc
[+] /p/vast1/build/spack/opt/spack/linux-rhel7-broadwell/gcc-10.2.1/tar-1.34-3g4ty3srw34e6frmd2d2f523hr2pck3g
[+] /p/vast1/build/spack/opt/spack/linux-rhel7-broadwell/gcc-10.2.1/diffutils-3.8-vxb536efq575rjec2zqsyqgsebpspfvs
[+] /p/vast1/build/spack/opt/spack/linux-rhel7-broadwell/gcc-10.2.1/ncurses-6.2-2xef6sx47tqatqlceqguyz3rza5okbhy
[+] /p/vast1/build/spack/opt/spack/linux-rhel7-broadwell/gcc-10.2.1/util-linux-uuid-2.36.2-6icy3q75q4f2andannpqgkcdmzoir7sd
[+] /p/vast1/build/spack/opt/spack/linux-rhel7-broadwell/gcc-10.2.1/libunwind-1.5.0-4h7lxx74fqhdfwkwpuycaqae3cgea2he
[+] /p/vast1/build/spack/opt/spack/linux-rhel7-broadwell/gcc-10.2.1/libxml2-2.9.12-fmynvtgtom5wcv4ew7otv5kjd4tnvd4u
[+] /p/vast1/build/spack/opt/spack/linux-rhel7-broadwell/gcc-10.2.1/m4-1.4.19-zeen2avy7avmg5n7cd6yaqspkj3rup2t
[+] /p/vast1/build/spack/opt/spack/linux-rhel7-broadwell/gcc-10.2.1/hpcviewer-2021.10-ivtpllowkysp6ojat5sabpwf3gxd7u3g
[+] /p/vast1/build/spack/opt/spack/linux-rhel7-broadwell/gcc-10.2.1/libbsd-0.11.3-3bk5tkx2u7x44ivhjo723eyc3kbvzj2t
[+] /p/vast1/build/spack/opt/spack/linux-rhel7-broadwell/gcc-10.2.1/bzip2-1.0.8-jmjklgubcyryaddwqvzuvzeiq6zfqmst
[+] /p/vast1/build/spack/opt/spack/linux-rhel7-broadwell/gcc-10.2.1/readline-8.1-vfjorqgtmqh3rl5ollaj4n2uusx4foez
[+] /p/vast1/build/spack/opt/spack/linux-rhel7-broadwell/gcc-10.2.1/libtool-2.4.6-v5tvhyer33lc2hhisqrztia7bmreecdr
[+] /p/vast1/build/spack/opt/spack/linux-rhel7-broadwell/gcc-10.2.1/expat-2.4.1-kya5u2fynwiaatzc4mfarh675cq6au2y
[+] /p/vast1/build/spack/opt/spack/linux-rhel7-broadwell/gcc-10.2.1/elfutils-0.186-yvs6nbvtlphakv7wmfjjpmgxv7anx7fa
[+] /p/vast1/build/spack/opt/spack/linux-rhel7-broadwell/gcc-10.2.1/gettext-0.21-msjxpubasgys7qduz2bzm5qs3uqabsfr
[+] /p/vast1/build/spack/opt/spack/linux-rhel7-broadwell/gcc-10.2.1/boost-1.77.0-z3j3mp3tbwl34way2jezwt7tu433vtb7
[+] /p/vast1/build/spack/opt/spack/linux-rhel7-broadwell/gcc-10.2.1/gdbm-1.19-k5otkqycqsp3sya4vlvqbekdodhy2a2b
[+] /p/vast1/build/spack/opt/spack/linux-rhel7-broadwell/gcc-10.2.1/sqlite-3.36.0-2hy2e3pav6gykaiuxcqrj6xwb3hikfkt
[+] /p/vast1/build/spack/opt/spack/linux-rhel7-broadwell/gcc-10.2.1/libdwarf-20180129-ddtrhodjxt62q6a2qvotia2poj7mqkfk
[+] /p/vast1/build/spack/opt/spack/linux-rhel7-broadwell/gcc-10.2.1/binutils-2.37-grrkdh6rlxerhgeqy4by6cbd4enwbzed
[+] /p/vast1/build/spack/opt/spack/linux-rhel7-broadwell/gcc-10.2.1/perl-5.34.0-wimaji5zk5vlms3psvdtvmxifnine4nh
[+] /p/vast1/build/spack/opt/spack/linux-rhel7-broadwell/gcc-10.2.1/openssl-1.1.1l-sozkiugfpwd75rjehlrzn3ymhrojqyp2
[+] /p/vast1/build/spack/opt/spack/linux-rhel7-broadwell/gcc-10.2.1/autoconf-2.69-pfmcbnykmtv5mjmsmwbesqcoea22hrrx
[+] /p/vast1/build/spack/opt/spack/linux-rhel7-broadwell/gcc-10.2.1/python-3.8.12-uc2wxswlfdkojcpf6rfjxlvhcofxln3h
[+] /p/vast1/build/spack/opt/spack/linux-rhel7-broadwell/gcc-10.2.1/cmake-3.21.4-hvgwgb6duea6jzf2rywitb4a5lqdrpii
[+] /p/vast1/build/spack/opt/spack/linux-rhel7-broadwell/gcc-10.2.1/curl-7.80.0-jbyvp3ou4px6qhzwjrprjapx3hapjtox
[+] /p/vast1/build/spack/opt/spack/linux-rhel7-broadwell/gcc-10.2.1/automake-1.16.3-rxeto3fcfyywhhza4jadwlacwh3doghz
[+] /p/vast1/build/spack/opt/spack/linux-rhel7-broadwell/gcc-10.2.1/intel-xed-12.0.1-ydo7v5a6xzui6dlnn56mplr5yl7l5ew7
[+] /p/vast1/build/spack/opt/spack/linux-rhel7-broadwell/gcc-10.2.1/gotcha-1.0.3-3bsralz76zqs44oiykiqjfc25mdhch7k
[+] /p/vast1/build/spack/opt/spack/linux-rhel7-broadwell/gcc-10.2.1/intel-tbb-2020.3-ssbpnrc5drf2pk7bx53asgnpwsqmigs6
[+] /p/vast1/build/spack/opt/spack/linux-rhel7-broadwell/gcc-10.2.1/xerces-c-3.2.3-j2lbvq3kg5nujzaifr7v474n544vs7qj
[+] /p/vast1/build/spack/opt/spack/linux-rhel7-broadwell/gcc-10.2.1/numactl-2.0.14-wiobx4m5fgmgis4po6hi44kpy7ad57vj
[+] /p/vast1/build/spack/opt/spack/linux-rhel7-broadwell/gcc-10.2.1/dyninst-12.0.1-fxflrn2xeqesw3uthru3wu6pyb7ci6pc
[+] /p/vast1/build/spack/opt/spack/linux-rhel7-broadwell/gcc-10.2.1/memkind-1.10.1-wtkmyzhiqlttscm6irksk2f6uf27xs6w
[+] /p/vast1/build/spack/opt/spack/linux-rhel7-broadwell/gcc-10.2.1/hpctoolkit-develop-lqpk7s7w2ghqulhwrhymmb7nqq4dkulc
Testing splicing in (and out) papi@master
[+] /p/vast1/build/spack/opt/spack/linux-rhel7-broadwell/gcc-10.2.1/papi-master-7wj56nuac7snq2ddw7vvcwobyc7y2qjg
Testing splicing in (and out) papi@6.0.0.1
[+] /p/vast1/build/spack/opt/spack/linux-rhel7-broadwell/gcc-10.2.1/papi-6.0.0.1-62emwcxfgw35opywe25sgxwuvoikrxlc
Testing splicing in (and out) papi@6.0.0
[+] /p/vast1/build/spack/opt/spack/linux-rhel7-broadwell/gcc-10.2.1/papi-6.0.0-sscfenf7yydczalrqrecbdrkm73vojpf
Testing splicing in (and out) papi@5.7.0
[+] /p/vast1/build/spack/opt/spack/linux-rhel7-broadwell/gcc-10.2.1/papi-5.7.0-czqjpcgj4yn6asmfyx256u6gqjavqqlu
Testing splicing in (and out) papi@5.6.0
[+] /p/vast1/build/spack/opt/spack/linux-rhel7-broadwell/gcc-10.2.1/papi-5.6.0-yfeidwvahfw26dfr2lij3gpklmlcwiwf
Testing splicing in (and out) papi@5.5.1
[+] /p/vast1/build/spack/opt/spack/linux-rhel7-broadwell/gcc-10.2.1/papi-5.5.1-oftjkfk6fbmafoljfwixsidobx3ceuyb
Testing splicing in (and out) papi@5.5.0
[+] /p/vast1/build/spack/opt/spack/linux-rhel7-broadwell/gcc-10.2.1/papi-5.5.0-iikdtpxemnddp3xjyflwfpyfkmocdhqi
Testing splicing in (and out) papi@5.4.3
[+] /p/vast1/build/spack/opt/spack/linux-rhel7-broadwell/gcc-10.2.1/papi-5.4.3-w5r7qvwbpvuesj34rgexmqys2tyo6x65
Testing splicing in (and out) papi@5.4.1
[+] /p/vast1/build/spack/opt/spack/linux-rhel7-broadwell/gcc-10.2.1/papi-5.4.1-mn3gdokcjt3kyvgnywiq5ryqqbywc4cd
Testing splicing in (and out) papi@5.3.0
==> Installing papi-5.3.0-g6wjbfjna3i6imkfhcl64shnm53v6mtk
==> No binary for papi-5.3.0-g6wjbfjna3i6imkfhcl64shnm53v6mtk found: installing from source
==> Using cached archive: /p/vast1/build/spack/var/spack/cache/_source-cache/archive/99/99f2f36398b370e75d100b4a189d5bc0ac4f5dd66df44d441f88fd32e1421524.tar.gz
==> No patches needed for papi
==> papi: Executing phase: 'autoreconf'
==> papi: Executing phase: 'configure'
==> papi: Executing phase: 'build'
Concretizing hpctoolkit@develop
[+] /p/vast1/build/spack/opt/spack/linux-rhel7-broadwell/gcc-10.2.1/libiconv-1.16-glggocpnh7m2dgmtu4fedhbfeessepbe
[+] /p/vast1/build/spack/opt/spack/linux-rhel7-broadwell/gcc-10.2.1/pkgconf-1.8.0-gp2xp6yplvubgic6eunbnl7emqdq3dye
[+] /p/vast1/build/spack/opt/spack/linux-rhel7-broadwell/gcc-10.2.1/xz-5.2.5-4oczqziqzfh2ij3va5gbc7waz4rf2bkj
[+] /p/vast1/build/spack/opt/spack/linux-rhel7-broadwell/gcc-10.2.1/zlib-1.2.11-su2ldy5ofm424qnly3kitbbdgwovpfk4
[+] /p/vast1/build/spack/opt/spack/linux-rhel7-broadwell/gcc-10.2.1/berkeley-db-18.1.40-c7okyaricn3s5wx6lqo2exspq6tuninj
[+] /p/vast1/build/spack/opt/spack/linux-rhel7-broadwell/gcc-10.2.1/libsigsegv-2.13-7rh3iftx6wqudr26scqm7nyzm4xxgqcc
[+] /p/vast1/build/spack/opt/spack/linux-rhel7-broadwell/gcc-10.2.1/libiberty-2.37-wmise6wvsewx5ga55rvcr3wcng5oq2mk
[+] /p/vast1/build/spack/opt/spack/linux-rhel7-broadwell/gcc-10.2.1/openjdk-11.0.12_7-cppyyeztualrvcfu567lgrjlsa2rxjab
[+] /p/vast1/build/spack/opt/spack/linux-rhel7-broadwell/gcc-10.2.1/libmd-1.0.4-rooxnv7z75ill3knhg6bxfttmwxdag6i
[+] /p/vast1/build/spack/opt/spack/linux-rhel7-broadwell/gcc-10.2.1/libffi-3.4.2-7vfnd7a5ankpytut3b4oqhktzrcbabfm
[+] /p/vast1/build/spack/opt/spack/linux-rhel7-broadwell/gcc-10.2.1/libmonitor-2021.11.08-2hpaabftqh77mlo27htyfo23llmvk4rr
[+] /p/vast1/build/spack/opt/spack/linux-rhel7-broadwell/gcc-10.2.1/mbedtls-3.1.0-xte5pm7kbt7zd3f5zs7yvy3wvsv6eqtx
[+] /p/vast1/build/spack/opt/spack/linux-rhel7-broadwell/gcc-10.2.1/papi-6.0.0.1-62emwcxfgw35opywe25sgxwuvoikrxlc
[+] /p/vast1/build/spack/opt/spack/linux-rhel7-broadwell/gcc-10.2.1/tar-1.34-3g4ty3srw34e6frmd2d2f523hr2pck3g
[+] /p/vast1/build/spack/opt/spack/linux-rhel7-broadwell/gcc-10.2.1/diffutils-3.8-vxb536efq575rjec2zqsyqgsebpspfvs
[+] /p/vast1/build/spack/opt/spack/linux-rhel7-broadwell/gcc-10.2.1/ncurses-6.2-2xef6sx47tqatqlceqguyz3rza5okbhy
[+] /p/vast1/build/spack/opt/spack/linux-rhel7-broadwell/gcc-10.2.1/util-linux-uuid-2.37.4-26saxoixdjk3763nksg3ajmdzt5gyubu
[+] /p/vast1/build/spack/opt/spack/linux-rhel7-broadwell/gcc-10.2.1/libunwind-1.5.0-4h7lxx74fqhdfwkwpuycaqae3cgea2he
[+] /p/vast1/build/spack/opt/spack/linux-rhel7-broadwell/gcc-10.2.1/libxml2-2.9.12-fmynvtgtom5wcv4ew7otv5kjd4tnvd4u
[+] /p/vast1/build/spack/opt/spack/linux-rhel7-broadwell/gcc-10.2.1/m4-1.4.19-zeen2avy7avmg5n7cd6yaqspkj3rup2t
[+] /p/vast1/build/spack/opt/spack/linux-rhel7-broadwell/gcc-10.2.1/hpcviewer-2022.01-nr36xerfw4ef4hj3l22kuuxr5e4vzn4j
[+] /p/vast1/build/spack/opt/spack/linux-rhel7-broadwell/gcc-10.2.1/libbsd-0.11.5-yt5rlx2ycq24tyyohhconaxiqgzajzbo
[+] /p/vast1/build/spack/opt/spack/linux-rhel7-broadwell/gcc-10.2.1/bzip2-1.0.8-jmjklgubcyryaddwqvzuvzeiq6zfqmst
[+] /p/vast1/build/spack/opt/spack/linux-rhel7-broadwell/gcc-10.2.1/readline-8.1-vfjorqgtmqh3rl5ollaj4n2uusx4foez
[+] /p/vast1/build/spack/opt/spack/linux-rhel7-broadwell/gcc-10.2.1/libtool-2.4.6-v5tvhyer33lc2hhisqrztia7bmreecdr
[+] /p/vast1/build/spack/opt/spack/linux-rhel7-broadwell/gcc-10.2.1/expat-2.4.6-akiducmoeufix2d6beegvgbj5skm36ul
[+] /p/vast1/build/spack/opt/spack/linux-rhel7-broadwell/gcc-10.2.1/elfutils-0.186-yvs6nbvtlphakv7wmfjjpmgxv7anx7fa
[+] /p/vast1/build/spack/opt/spack/linux-rhel7-broadwell/gcc-10.2.1/gettext-0.21-msjxpubasgys7qduz2bzm5qs3uqabsfr
[+] /p/vast1/build/spack/opt/spack/linux-rhel7-broadwell/gcc-10.2.1/boost-1.78.0-6rxpepkzqc5z2forjduz3edcjxjjxvtr
[+] /p/vast1/build/spack/opt/spack/linux-rhel7-broadwell/gcc-10.2.1/gdbm-1.19-k5otkqycqsp3sya4vlvqbekdodhy2a2b
[+] /p/vast1/build/spack/opt/spack/linux-rhel7-broadwell/gcc-10.2.1/sqlite-3.37.2-osxyeivy7mdmhjyjwcsm4l7tooho6s2d
[+] /p/vast1/build/spack/opt/spack/linux-rhel7-broadwell/gcc-10.2.1/libdwarf-20180129-ddtrhodjxt62q6a2qvotia2poj7mqkfk
[+] /p/vast1/build/spack/opt/spack/linux-rhel7-broadwell/gcc-10.2.1/binutils-2.38-grdjwfqilvemqbxxqxb5mf5w4cvgvt6c
[+] /p/vast1/build/spack/opt/spack/linux-rhel7-broadwell/gcc-10.2.1/perl-5.34.0-wimaji5zk5vlms3psvdtvmxifnine4nh
[+] /p/vast1/build/spack/opt/spack/linux-rhel7-broadwell/gcc-10.2.1/openssl-1.1.1m-momhhzpwxq3fzqnlqbabquoitiq5d6q6
[+] /p/vast1/build/spack/opt/spack/linux-rhel7-broadwell/gcc-10.2.1/autoconf-2.69-pfmcbnykmtv5mjmsmwbesqcoea22hrrx
[+] /p/vast1/build/spack/opt/spack/linux-rhel7-broadwell/gcc-10.2.1/python-3.9.10-2245x3bkzy2abonw3swqyjrihtzqn6qw
[+] /p/vast1/build/spack/opt/spack/linux-rhel7-broadwell/gcc-10.2.1/cmake-3.22.2-7oku4yd37mfoi65gi3alunjbl35euphw
[+] /p/vast1/build/spack/opt/spack/linux-rhel7-broadwell/gcc-10.2.1/curl-7.81.0-lxbn2izuufrj42abaiyxrya5ac7pjlg7
[+] /p/vast1/build/spack/opt/spack/linux-rhel7-broadwell/gcc-10.2.1/automake-1.16.5-7gugpvl5tq7e3xqgw7wna3fwdlbrszqs
[+] /p/vast1/build/spack/opt/spack/linux-rhel7-broadwell/gcc-10.2.1/intel-xed-12.0.1-ydo7v5a6xzui6dlnn56mplr5yl7l5ew7
[+] /p/vast1/build/spack/opt/spack/linux-rhel7-broadwell/gcc-10.2.1/intel-tbb-2020.3-ssbpnrc5drf2pk7bx53asgnpwsqmigs6
[+] /p/vast1/build/spack/opt/spack/linux-rhel7-broadwell/gcc-10.2.1/gotcha-1.0.3-3bsralz76zqs44oiykiqjfc25mdhch7k
[+] /p/vast1/build/spack/opt/spack/linux-rhel7-broadwell/gcc-10.2.1/xerces-c-3.2.3-nq66gamwbt7nbjj7v6kn4wyttelecevg
[+] /p/vast1/build/spack/opt/spack/linux-rhel7-broadwell/gcc-10.2.1/numactl-2.0.14-wiobx4m5fgmgis4po6hi44kpy7ad57vj
[+] /p/vast1/build/spack/opt/spack/linux-rhel7-broadwell/gcc-10.2.1/dyninst-12.0.1-5wruqupnbyhnea3m4kforivhaw4mns2u
[+] /p/vast1/build/spack/opt/spack/linux-rhel7-broadwell/gcc-10.2.1/memkind-1.12.0-helspm2wamlycnv3iqlegx4vvktmml2e
[+] /p/vast1/build/spack/opt/spack/linux-rhel7-broadwell/gcc-10.2.1/hpctoolkit-develop-wvjtzn2cenk2gofr3dcukgbz72n65oo6
Testing splicing in (and out) papi@master
[+] /p/vast1/build/spack/opt/spack/linux-rhel7-broadwell/gcc-10.2.1/papi-master-7wj56nuac7snq2ddw7vvcwobyc7y2qjg
Testing splicing in (and out) papi@6.0.0.1
[+] /p/vast1/build/spack/opt/spack/linux-rhel7-broadwell/gcc-10.2.1/papi-6.0.0.1-62emwcxfgw35opywe25sgxwuvoikrxlc
Testing splicing in (and out) papi@6.0.0
[+] /p/vast1/build/spack/opt/spack/linux-rhel7-broadwell/gcc-10.2.1/papi-6.0.0-sscfenf7yydczalrqrecbdrkm73vojpf
Testing splicing in (and out) papi@5.7.0
[+] /p/vast1/build/spack/opt/spack/linux-rhel7-broadwell/gcc-10.2.1/papi-5.7.0-czqjpcgj4yn6asmfyx256u6gqjavqqlu
Testing splicing in (and out) papi@5.6.0
Testing splicing in (and out) papi@5.5.1
[+] /p/vast1/build/spack/opt/spack/linux-rhel7-broadwell/gcc-10.2.1/papi-5.5.1-oftjkfk6fbmafoljfwixsidobx3ceuyb
Testing splicing in (and out) papi@5.5.0
[+] /p/vast1/build/spack/opt/spack/linux-rhel7-broadwell/gcc-10.2.1/papi-5.5.0-iikdtpxemnddp3xjyflwfpyfkmocdhqi
Testing splicing in (and out) papi@5.4.3
[+] /p/vast1/build/spack/opt/spack/linux-rhel7-broadwell/gcc-10.2.1/papi-5.4.3-w5r7qvwbpvuesj34rgexmqys2tyo6x65
Testing splicing in (and out) papi@5.4.1
Testing splicing in (and out) papi@5.3.0
[+] /p/vast1/build/spack/opt/spack/linux-rhel7-broadwell/gcc-4.9.3/papi-5.3.0-fkeuoxn5pizmsnhbphiimt435wqkyw2h
{'spack-test': [{'message': '==> Spack test zxwyklcpwifz37u4eaiowkggodhm7ara\n==> Testing package hpctoolkit-develop-kxsfxhx\n==> Error: TestFailure: 1 tests failed.\n\n\nCommand exited with status 1:\n    \'/g/g0/sochat1/.spack/test/zxwyklcpwifz37u4eaiowkggodhm7ara/hpctoolkit-develop-kxsfxhx/cache/hpctoolkit/tests/run-sort\'\nBegin smoke test of selection sort, hpcrun, hpcstruct, hpcprof.\n\nhpcrun -e REALTIME@5000 -t -o hpctoolkit-sort-measurements ./sort\norig list:  80000  3200040000\nnew list:   80000  3200040000\n\nhpcstruct -j 4 --time -o sort.hpcstruct sort\nfile:  /g/g0/sochat1/.spack/test/zxwyklcpwifz37u4eaiowkggodhm7ara/hpctoolkit-develop-kxsfxhx/cache/hpctoolkit/tests/sort\nsymtab threads: 4  parse: 4  struct: 4\n\ninit:         0.0 sec         0 meg         7 meg\nsymtab:       0.0 sec         2 meg         9 meg\nparse:        0.0 sec         1 meg        10 meg\nstruct:       0.0 sec         0 meg        11 meg\ntotal:        0.0 sec         3 meg        11 meg\n\nnum funcs: 26\n\n\nhpcprof -S sort.hpcstruct -o hpctoolkit-sort-database hpctoolkit-sort-measurements\nFAIL: hpcprof failed\n/g/g0/sochat1/.spack/test/zxwyklcpwifz37u4eaiowkggodhm7ara/hpctoolkit-develop-kxsfxhx/cache/hpctoolkit/tests/run-sort: line 66: 70707 Segmentation fault      "${bindir}/hpcprof" "$@"\n\n\n\n1 error found in test log:\n     45    total:        0.0 sec         3 meg        11 meg\n     46    \n     47    num funcs: 26\n     48    \n     49    \n     50    hpcprof -S sort.hpcstruct -o hpctoolkit-sort-database hpctoolkit-sor\n           t-measurements\n  >> 51    FAIL: hpcprof failed\n     52    /g/g0/sochat1/.spack/test/zxwyklcpwifz37u4eaiowkggodhm7ara/hpctoolki\n           t-develop-kxsfxhx/cache/hpctoolkit/tests/run-sort: line 66: 70707 Se\n           gmentation fault      "${bindir}/hpcprof" "$@"\n     53    \n     54      File "/p/vast1/build/spack/bin/spack", line 98, in <module>\n\n\n\n/p/vast1/build/spack/lib/spack/spack/build_environment.py:1061, in _setup_pkg_and_run:\n       1058        tb_string = traceback.format_exc()\n       1059\n       1060        # build up some context from the offending package so we can\n  >>   1061        # show that, too.\n       1062        package_context = get_package_context(tb)\n       1063\n       1064        logfile = None\n\nSee test log for details:\n  /g/g0/sochat1/.spack/test/zxwyklcpwifz37u4eaiowkggodhm7ara/hpctoolkit-develop-kxsfxhx-test-out.txt\n\n==> Error: 1 test(s) in the suite failed.\n\n======================== 1 failed, 0 passed of 1 specs =========================\n', 'return_code': 1, 'prediction': False, 'command': '/p/vast1/build/spack/bin/spack test run /kxsfxh'}], 'symbolator': [{'missing': [], 'selected': [['libc.so.6', 'libc.so.6']], 'binary': '/p/vast1/build/spack/opt/spack/linux-rhel7-broadwell/gcc-10.2.1/hpctoolkit-develop-kxsfxhxuroyym2qzhmst6gpwpevb7dyl/bin/hpcprof2', 'splice_type': 'same_lib', 'lib': '/p/vast1/build/spack/opt/spack/linux-rhel7-broadwell/gcc-10.2.1/papi-master-7wj56nuac7snq2ddw7vvcwobyc7y2qjg/lib/libpapi.so.6.0.0.1', 'prediction': True}, {'missing': [], 'selected': [['libc.so.6', 'libc.so.6']], 'binary': '/p/vast1/build/spack/opt/spack/linux-rhel7-broadwell/gcc-10.2.1/hpctoolkit-develop-kxsfxhxuroyym2qzhmst6gpwpevb7dyl/bin/hpcprof2', 'splice_type': 'same_lib', 'lib': '/p/vast1/build/spack/opt/spack/linux-rhel7-broadwell/gcc-10.2.1/papi-master-7wj56nuac7snq2ddw7vvcwobyc7y2qjg/lib/libpfm.so.4.11.1', 'prediction': True}], 'libabigail': [{'message': '', 'return_code': 0, 'binary': '/p/vast1/build/spack/opt/spack/linux-rhel7-broadwell/gcc-10.2.1/hpctoolkit-develop-kxsfxhxuroyym2qzhmst6gpwpevb7dyl/bin/hpcprof2', 'splice_type': 'same_lib', 'lib': '/p/vast1/build/spack/opt/spack/linux-rhel7-broadwell/gcc-10.2.1/papi-master-7wj56nuac7snq2ddw7vvcwobyc7y2qjg/lib/libpapi.so.6.0.0.1', 'original_lib': '/p/vast1/build/spack/opt/spack/linux-rhel7-broadwell/gcc-10.2.1/papi-master-7wj56nuac7snq2ddw7vvcwobyc7y2qjg/lib/libpapi.so.6.0.0.1', 'prediction': True}, {'message': '', 'return_code': 0, 'binary': '/p/vast1/build/spack/opt/spack/linux-rhel7-broadwell/gcc-10.2.1/hpctoolkit-develop-kxsfxhxuroyym2qzhmst6gpwpevb7dyl/bin/hpcprof2', 'splice_type': 'same_lib', 'lib': '/p/vast1/build/spack/opt/spack/linux-rhel7-broadwell/gcc-10.2.1/papi-master-7wj56nuac7snq2ddw7vvcwobyc7y2qjg/lib/libpfm.so.4.11.1', 'original_lib': '/p/vast1/build/spack/opt/spack/linux-rhel7-broadwell/gcc-10.2.1/papi-master-7wj56nuac7snq2ddw7vvcwobyc7y2qjg/lib/libpfm.so.4.11.1', 'prediction': True}]}
{'spack-test': [{'message': '==> Spack test bvtaprpr7t7irsqw63thpqrzcrxf7gux\n==> Testing package hpctoolkit-develop-wohemmu\n==> Error: TestFailure: 1 tests failed.\n\n\nCommand exited with status 1:\n    \'/g/g0/sochat1/.spack/test/bvtaprpr7t7irsqw63thpqrzcrxf7gux/hpctoolkit-develop-wohemmu/cache/hpctoolkit/tests/run-sort\'\nBegin smoke test of selection sort, hpcrun, hpcstruct, hpcprof.\n\nhpcrun -e REALTIME@5000 -t -o hpctoolkit-sort-measurements ./sort\norig list:  80000  3200040000\nnew list:   80000  3200040000\n\nhpcstruct -j 4 --time -o sort.hpcstruct sort\nfile:  /g/g0/sochat1/.spack/test/bvtaprpr7t7irsqw63thpqrzcrxf7gux/hpctoolkit-develop-wohemmu/cache/hpctoolkit/tests/sort\nsymtab threads: 4  parse: 4  struct: 4\n\ninit:         0.0 sec         0 meg         7 meg\nsymtab:       0.0 sec         2 meg         9 meg\nparse:        0.0 sec         1 meg        11 meg\nstruct:       0.0 sec         0 meg        11 meg\ntotal:        0.0 sec         3 meg        11 meg\n\nnum funcs: 26\n\n\nhpcprof -S sort.hpcstruct -o hpctoolkit-sort-database hpctoolkit-sort-measurements\nFAIL: hpcprof failed\n/g/g0/sochat1/.spack/test/bvtaprpr7t7irsqw63thpqrzcrxf7gux/hpctoolkit-develop-wohemmu/cache/hpctoolkit/tests/run-sort: line 66: 70820 Segmentation fault      "${bindir}/hpcprof" "$@"\n\n\n\n1 error found in test log:\n     45    total:        0.0 sec         3 meg        11 meg\n     46    \n     47    num funcs: 26\n     48    \n     49    \n     50    hpcprof -S sort.hpcstruct -o hpctoolkit-sort-database hpctoolkit-sor\n           t-measurements\n  >> 51    FAIL: hpcprof failed\n     52    /g/g0/sochat1/.spack/test/bvtaprpr7t7irsqw63thpqrzcrxf7gux/hpctoolki\n           t-develop-wohemmu/cache/hpctoolkit/tests/run-sort: line 66: 70820 Se\n           gmentation fault      "${bindir}/hpcprof" "$@"\n     53    \n     54      File "/p/vast1/build/spack/bin/spack", line 98, in <module>\n\n\n\n/p/vast1/build/spack/lib/spack/spack/build_environment.py:1061, in _setup_pkg_and_run:\n       1058        tb_string = traceback.format_exc()\n       1059\n       1060        # build up some context from the offending package so we can\n  >>   1061        # show that, too.\n       1062        package_context = get_package_context(tb)\n       1063\n       1064        logfile = None\n\nSee test log for details:\n  /g/g0/sochat1/.spack/test/bvtaprpr7t7irsqw63thpqrzcrxf7gux/hpctoolkit-develop-wohemmu-test-out.txt\n\n==> Error: 1 test(s) in the suite failed.\n\n======================== 1 failed, 0 passed of 1 specs =========================\n', 'return_code': 1, 'prediction': False, 'command': '/p/vast1/build/spack/bin/spack test run /wohemm'}], 'symbolator': [{'missing': [], 'selected': [['libc.so.6', 'libc.so.6']], 'binary': '/p/vast1/build/spack/opt/spack/linux-rhel7-broadwell/gcc-10.2.1/hpctoolkit-develop-wohemmuplrletu2oqiwg3fkqwtk5mr6y/bin/hpcprof2', 'splice_type': 'same_lib', 'lib': '/p/vast1/build/spack/opt/spack/linux-rhel7-broadwell/gcc-10.2.1/papi-6.0.0.1-62emwcxfgw35opywe25sgxwuvoikrxlc/lib/libpapi.so.6.0.0.1', 'prediction': True}, {'missing': [], 'selected': [['libc.so.6', 'libc.so.6']], 'binary': '/p/vast1/build/spack/opt/spack/linux-rhel7-broadwell/gcc-10.2.1/hpctoolkit-develop-wohemmuplrletu2oqiwg3fkqwtk5mr6y/bin/hpcprof2', 'splice_type': 'same_lib', 'lib': '/p/vast1/build/spack/opt/spack/linux-rhel7-broadwell/gcc-10.2.1/papi-6.0.0.1-62emwcxfgw35opywe25sgxwuvoikrxlc/lib/libpfm.so.4.10.1', 'prediction': True}], 'libabigail': [{'message': '', 'return_code': 0, 'binary': '/p/vast1/build/spack/opt/spack/linux-rhel7-broadwell/gcc-10.2.1/hpctoolkit-develop-wohemmuplrletu2oqiwg3fkqwtk5mr6y/bin/hpcprof2', 'splice_type': 'same_lib', 'lib': '/p/vast1/build/spack/opt/spack/linux-rhel7-broadwell/gcc-10.2.1/papi-6.0.0.1-62emwcxfgw35opywe25sgxwuvoikrxlc/lib/libpapi.so.6.0.0.1', 'original_lib': '/p/vast1/build/spack/opt/spack/linux-rhel7-broadwell/gcc-10.2.1/papi-6.0.0.1-62emwcxfgw35opywe25sgxwuvoikrxlc/lib/libpapi.so.6.0.0.1', 'prediction': True}, {'message': '', 'return_code': 0, 'binary': '/p/vast1/build/spack/opt/spack/linux-rhel7-broadwell/gcc-10.2.1/hpctoolkit-develop-wohemmuplrletu2oqiwg3fkqwtk5mr6y/bin/hpcprof2', 'splice_type': 'same_lib', 'lib': '/p/vast1/build/spack/opt/spack/linux-rhel7-broadwell/gcc-10.2.1/papi-6.0.0.1-62emwcxfgw35opywe25sgxwuvoikrxlc/lib/libpfm.so.4.10.1', 'original_lib': '/p/vast1/build/spack/opt/spack/linux-rhel7-broadwell/gcc-10.2.1/papi-6.0.0.1-62emwcxfgw35opywe25sgxwuvoikrxlc/lib/libpfm.so.4.10.1', 'prediction': True}]}
ELF file '/p/vast1/build/spack/opt/spack/linux-rhel7-broadwell/gcc-10.2.1/hpctoolkit-develop-udpsnv66az2fcnugxkhzkp5fskvtvfac/bin/hpcprof2' is not ABI compatible with '/p/vast1/build/spack/opt/spack/linux-rhel7-broadwell/gcc-10.2.1/papi-5.5.0-iikdtpxemnddp3xjyflwfpyfkmocdhqi/lib/libpapi.so.5.5.0.0' due to differences with '/p/vast1/build/spack/opt/spack/linux-rhel7-broadwell/gcc-10.2.1/papi-6.0.0.1-62emwcxfgw35opywe25sgxwuvoikrxlc/lib/libpapi.so.6.0.0.1' below:
ELF SONAME changed
Functions changes summary: 0 Removed, 0 Changed, 0 Added function
Variables changes summary: 0 Removed, 0 Changed, 0 Added variable

SONAME changed from 'libpapi.so.6.0' to 'libpapi.so.5'


{'spack-test': [{'message': '==> Spack test ypr2bbn6vjybk3uj4mluhx42uv2wbus3\n==> Testing package hpctoolkit-develop-udpsnv6\n==> Error: TestFailure: 1 tests failed.\n\n\nCommand exited with status 1:\n    \'/g/g0/sochat1/.spack/test/ypr2bbn6vjybk3uj4mluhx42uv2wbus3/hpctoolkit-develop-udpsnv6/cache/hpctoolkit/tests/run-sort\'\nBegin smoke test of selection sort, hpcrun, hpcstruct, hpcprof.\n\nhpcrun -e REALTIME@5000 -t -o hpctoolkit-sort-measurements ./sort\norig list:  80000  3200040000\nnew list:   80000  3200040000\n\nhpcstruct -j 4 --time -o sort.hpcstruct sort\nfile:  /g/g0/sochat1/.spack/test/ypr2bbn6vjybk3uj4mluhx42uv2wbus3/hpctoolkit-develop-udpsnv6/cache/hpctoolkit/tests/sort\nsymtab threads: 4  parse: 4  struct: 4\n\ninit:         0.0 sec         0 meg         7 meg\nsymtab:       0.0 sec         2 meg         9 meg\nparse:        0.0 sec         1 meg        11 meg\nstruct:       0.0 sec         0 meg        11 meg\ntotal:        0.0 sec         3 meg        11 meg\n\nnum funcs: 26\n\n\nhpcprof -S sort.hpcstruct -o hpctoolkit-sort-database hpctoolkit-sort-measurements\nFAIL: hpcprof failed\n/g/g0/sochat1/.spack/test/ypr2bbn6vjybk3uj4mluhx42uv2wbus3/hpctoolkit-develop-udpsnv6/cache/hpctoolkit/tests/run-sort: line 66: 70933 Segmentation fault      "${bindir}/hpcprof" "$@"\n\n\n\n1 error found in test log:\n     45    total:        0.0 sec         3 meg        11 meg\n     46    \n     47    num funcs: 26\n     48    \n     49    \n     50    hpcprof -S sort.hpcstruct -o hpctoolkit-sort-database hpctoolkit-sor\n           t-measurements\n  >> 51    FAIL: hpcprof failed\n     52    /g/g0/sochat1/.spack/test/ypr2bbn6vjybk3uj4mluhx42uv2wbus3/hpctoolki\n           t-develop-udpsnv6/cache/hpctoolkit/tests/run-sort: line 66: 70933 Se\n           gmentation fault      "${bindir}/hpcprof" "$@"\n     53    \n     54      File "/p/vast1/build/spack/bin/spack", line 98, in <module>\n\n\n\n/p/vast1/build/spack/lib/spack/spack/build_environment.py:1061, in _setup_pkg_and_run:\n       1058        tb_string = traceback.format_exc()\n       1059\n       1060        # build up some context from the offending package so we can\n  >>   1061        # show that, too.\n       1062        package_context = get_package_context(tb)\n       1063\n       1064        logfile = None\n\nSee test log for details:\n  /g/g0/sochat1/.spack/test/ypr2bbn6vjybk3uj4mluhx42uv2wbus3/hpctoolkit-develop-udpsnv6-test-out.txt\n\n==> Error: 1 test(s) in the suite failed.\n\n======================== 1 failed, 0 passed of 1 specs =========================\n', 'return_code': 1, 'prediction': False, 'command': '/p/vast1/build/spack/bin/spack test run /udpsnv'}], 'symbolator': [{'missing': [], 'selected': [['libc.so.6', 'libc.so.6']], 'binary': '/p/vast1/build/spack/opt/spack/linux-rhel7-broadwell/gcc-10.2.1/hpctoolkit-develop-udpsnv66az2fcnugxkhzkp5fskvtvfac/bin/hpcprof2', 'splice_type': 'same_lib', 'lib': '/p/vast1/build/spack/opt/spack/linux-rhel7-broadwell/gcc-10.2.1/papi-5.5.0-iikdtpxemnddp3xjyflwfpyfkmocdhqi/lib/libpapi.so.5.5.0.0', 'prediction': True}, {'missing': [], 'selected': [['libc.so.6', 'libc.so.6']], 'binary': '/p/vast1/build/spack/opt/spack/linux-rhel7-broadwell/gcc-10.2.1/hpctoolkit-develop-udpsnv66az2fcnugxkhzkp5fskvtvfac/bin/hpcprof2', 'splice_type': 'same_lib', 'lib': '/p/vast1/build/spack/opt/spack/linux-rhel7-broadwell/gcc-10.2.1/papi-5.5.0-iikdtpxemnddp3xjyflwfpyfkmocdhqi/lib/libpfm.so.4.7.0', 'prediction': True}], 'libabigail': [{'message': "ELF file '/p/vast1/build/spack/opt/spack/linux-rhel7-broadwell/gcc-10.2.1/hpctoolkit-develop-udpsnv66az2fcnugxkhzkp5fskvtvfac/bin/hpcprof2' is not ABI compatible with '/p/vast1/build/spack/opt/spack/linux-rhel7-broadwell/gcc-10.2.1/papi-5.5.0-iikdtpxemnddp3xjyflwfpyfkmocdhqi/lib/libpapi.so.5.5.0.0' due to differences with '/p/vast1/build/spack/opt/spack/linux-rhel7-broadwell/gcc-10.2.1/papi-6.0.0.1-62emwcxfgw35opywe25sgxwuvoikrxlc/lib/libpapi.so.6.0.0.1' below:\nELF SONAME changed\nFunctions changes summary: 0 Removed, 0 Changed, 0 Added function\nVariables changes summary: 0 Removed, 0 Changed, 0 Added variable\n\nSONAME changed from 'libpapi.so.6.0' to 'libpapi.so.5'\n\n", 'return_code': 12, 'binary': '/p/vast1/build/spack/opt/spack/linux-rhel7-broadwell/gcc-10.2.1/hpctoolkit-develop-udpsnv66az2fcnugxkhzkp5fskvtvfac/bin/hpcprof2', 'splice_type': 'same_lib', 'lib': '/p/vast1/build/spack/opt/spack/linux-rhel7-broadwell/gcc-10.2.1/papi-5.5.0-iikdtpxemnddp3xjyflwfpyfkmocdhqi/lib/libpapi.so.5.5.0.0', 'original_lib': '/p/vast1/build/spack/opt/spack/linux-rhel7-broadwell/gcc-10.2.1/papi-5.5.0-iikdtpxemnddp3xjyflwfpyfkmocdhqi/lib/libpapi.so.5.5.0.0', 'prediction': False}, {'message': '', 'return_code': 0, 'binary': '/p/vast1/build/spack/opt/spack/linux-rhel7-broadwell/gcc-10.2.1/hpctoolkit-develop-udpsnv66az2fcnugxkhzkp5fskvtvfac/bin/hpcprof2', 'splice_type': 'same_lib', 'lib': '/p/vast1/build/spack/opt/spack/linux-rhel7-broadwell/gcc-10.2.1/papi-5.5.0-iikdtpxemnddp3xjyflwfpyfkmocdhqi/lib/libpfm.so.4.7.0', 'original_lib': '/p/vast1/build/spack/opt/spack/linux-rhel7-broadwell/gcc-10.2.1/papi-5.5.0-iikdtpxemnddp3xjyflwfpyfkmocdhqi/lib/libpfm.so.4.7.0', 'prediction': True}]}
ELF file '/p/vast1/build/spack/opt/spack/linux-rhel7-broadwell/gcc-10.2.1/hpctoolkit-develop-527pdbwpuvvlf7fm53vtmb3i7yrgv5l7/bin/hpcprof2' is not ABI compatible with '/p/vast1/build/spack/opt/spack/linux-rhel7-broadwell/gcc-10.2.1/papi-5.4.3-w5r7qvwbpvuesj34rgexmqys2tyo6x65/lib/libpapi.so.5.4.3.0' due to differences with '/p/vast1/build/spack/opt/spack/linux-rhel7-broadwell/gcc-10.2.1/papi-6.0.0.1-62emwcxfgw35opywe25sgxwuvoikrxlc/lib/libpapi.so.6.0.0.1' below:
ELF SONAME changed
Functions changes summary: 0 Removed, 0 Changed, 0 Added function
Variables changes summary: 0 Removed, 0 Changed, 0 Added variable

SONAME changed from 'libpapi.so.6.0' to 'libpapi.so.5.4.3.0'


{'spack-test': [{'message': '==> Spack test qft4ojwgnaks72dpczpw6fsgyezdtowe\n==> Testing package hpctoolkit-develop-527pdbw\n==> Error: TestFailure: 1 tests failed.\n\n\nCommand exited with status 1:\n    \'/g/g0/sochat1/.spack/test/qft4ojwgnaks72dpczpw6fsgyezdtowe/hpctoolkit-develop-527pdbw/cache/hpctoolkit/tests/run-sort\'\nBegin smoke test of selection sort, hpcrun, hpcstruct, hpcprof.\n\nhpcrun -e REALTIME@5000 -t -o hpctoolkit-sort-measurements ./sort\norig list:  80000  3200040000\nnew list:   80000  3200040000\n\nhpcstruct -j 4 --time -o sort.hpcstruct sort\nfile:  /g/g0/sochat1/.spack/test/qft4ojwgnaks72dpczpw6fsgyezdtowe/hpctoolkit-develop-527pdbw/cache/hpctoolkit/tests/sort\nsymtab threads: 4  parse: 4  struct: 4\n\ninit:         0.0 sec         0 meg         7 meg\nsymtab:       0.0 sec         2 meg         9 meg\nparse:        0.0 sec         1 meg        11 meg\nstruct:       0.0 sec         0 meg        11 meg\ntotal:        0.0 sec         3 meg        11 meg\n\nnum funcs: 26\n\n\nhpcprof -S sort.hpcstruct -o hpctoolkit-sort-database hpctoolkit-sort-measurements\nFAIL: hpcprof failed\n/g/g0/sochat1/.spack/test/qft4ojwgnaks72dpczpw6fsgyezdtowe/hpctoolkit-develop-527pdbw/cache/hpctoolkit/tests/run-sort: line 66: 71046 Segmentation fault      "${bindir}/hpcprof" "$@"\n\n\n\n1 error found in test log:\n     45    total:        0.0 sec         3 meg        11 meg\n     46    \n     47    num funcs: 26\n     48    \n     49    \n     50    hpcprof -S sort.hpcstruct -o hpctoolkit-sort-database hpctoolkit-sor\n           t-measurements\n  >> 51    FAIL: hpcprof failed\n     52    /g/g0/sochat1/.spack/test/qft4ojwgnaks72dpczpw6fsgyezdtowe/hpctoolki\n           t-develop-527pdbw/cache/hpctoolkit/tests/run-sort: line 66: 71046 Se\n           gmentation fault      "${bindir}/hpcprof" "$@"\n     53    \n     54      File "/p/vast1/build/spack/bin/spack", line 98, in <module>\n\n\n\n/p/vast1/build/spack/lib/spack/spack/build_environment.py:1061, in _setup_pkg_and_run:\n       1058        tb_string = traceback.format_exc()\n       1059\n       1060        # build up some context from the offending package so we can\n  >>   1061        # show that, too.\n       1062        package_context = get_package_context(tb)\n       1063\n       1064        logfile = None\n\nSee test log for details:\n  /g/g0/sochat1/.spack/test/qft4ojwgnaks72dpczpw6fsgyezdtowe/hpctoolkit-develop-527pdbw-test-out.txt\n\n==> Error: 1 test(s) in the suite failed.\n\n======================== 1 failed, 0 passed of 1 specs =========================\n', 'return_code': 1, 'prediction': False, 'command': '/p/vast1/build/spack/bin/spack test run /527pdb'}], 'symbolator': [{'missing': [], 'selected': [['libc.so.6', 'libc.so.6']], 'binary': '/p/vast1/build/spack/opt/spack/linux-rhel7-broadwell/gcc-10.2.1/hpctoolkit-develop-527pdbwpuvvlf7fm53vtmb3i7yrgv5l7/bin/hpcprof2', 'splice_type': 'same_lib', 'lib': '/p/vast1/build/spack/opt/spack/linux-rhel7-broadwell/gcc-10.2.1/papi-5.4.3-w5r7qvwbpvuesj34rgexmqys2tyo6x65/lib/libpapi.so.5.4.3.0', 'prediction': True}, {'missing': [], 'selected': [['libc.so.6', 'libc.so.6']], 'binary': '/p/vast1/build/spack/opt/spack/linux-rhel7-broadwell/gcc-10.2.1/hpctoolkit-develop-527pdbwpuvvlf7fm53vtmb3i7yrgv5l7/bin/hpcprof2', 'splice_type': 'same_lib', 'lib': '/p/vast1/build/spack/opt/spack/linux-rhel7-broadwell/gcc-10.2.1/papi-5.4.3-w5r7qvwbpvuesj34rgexmqys2tyo6x65/lib/libpfm.so.4.6.0', 'prediction': True}], 'libabigail': [{'message': "ELF file '/p/vast1/build/spack/opt/spack/linux-rhel7-broadwell/gcc-10.2.1/hpctoolkit-develop-527pdbwpuvvlf7fm53vtmb3i7yrgv5l7/bin/hpcprof2' is not ABI compatible with '/p/vast1/build/spack/opt/spack/linux-rhel7-broadwell/gcc-10.2.1/papi-5.4.3-w5r7qvwbpvuesj34rgexmqys2tyo6x65/lib/libpapi.so.5.4.3.0' due to differences with '/p/vast1/build/spack/opt/spack/linux-rhel7-broadwell/gcc-10.2.1/papi-6.0.0.1-62emwcxfgw35opywe25sgxwuvoikrxlc/lib/libpapi.so.6.0.0.1' below:\nELF SONAME changed\nFunctions changes summary: 0 Removed, 0 Changed, 0 Added function\nVariables changes summary: 0 Removed, 0 Changed, 0 Added variable\n\nSONAME changed from 'libpapi.so.6.0' to 'libpapi.so.5.4.3.0'\n\n", 'return_code': 12, 'binary': '/p/vast1/build/spack/opt/spack/linux-rhel7-broadwell/gcc-10.2.1/hpctoolkit-develop-527pdbwpuvvlf7fm53vtmb3i7yrgv5l7/bin/hpcprof2', 'splice_type': 'same_lib', 'lib': '/p/vast1/build/spack/opt/spack/linux-rhel7-broadwell/gcc-10.2.1/papi-5.4.3-w5r7qvwbpvuesj34rgexmqys2tyo6x65/lib/libpapi.so.5.4.3.0', 'original_lib': '/p/vast1/build/spack/opt/spack/linux-rhel7-broadwell/gcc-10.2.1/papi-5.4.3-w5r7qvwbpvuesj34rgexmqys2tyo6x65/lib/libpapi.so.5.4.3.0', 'prediction': False}, {'message': '', 'return_code': 0, 'binary': '/p/vast1/build/spack/opt/spack/linux-rhel7-broadwell/gcc-10.2.1/hpctoolkit-develop-527pdbwpuvvlf7fm53vtmb3i7yrgv5l7/bin/hpcprof2', 'splice_type': 'same_lib', 'lib': '/p/vast1/build/spack/opt/spack/linux-rhel7-broadwell/gcc-10.2.1/papi-5.4.3-w5r7qvwbpvuesj34rgexmqys2tyo6x65/lib/libpfm.so.4.6.0', 'original_lib': '/p/vast1/build/spack/opt/spack/linux-rhel7-broadwell/gcc-10.2.1/papi-5.4.3-w5r7qvwbpvuesj34rgexmqys2tyo6x65/lib/libpfm.so.4.6.0', 'prediction': True}]}
ELF file '/p/vast1/build/spack/opt/spack/linux-rhel7-broadwell/gcc-10.2.1/hpctoolkit-develop-k2ws7hfoov37lnbtxefbljmnyoztzizb/bin/hpcprof2' is not ABI compatible with '/p/vast1/build/spack/opt/spack/linux-rhel7-broadwell/gcc-4.9.3/papi-5.3.0-fkeuoxn5pizmsnhbphiimt435wqkyw2h/lib/libpapi.so.5.3.0.0' due to differences with '/p/vast1/build/spack/opt/spack/linux-rhel7-broadwell/gcc-10.2.1/papi-6.0.0.1-62emwcxfgw35opywe25sgxwuvoikrxlc/lib/libpapi.so.6.0.0.1' below:
ELF SONAME changed
Functions changes summary: 0 Removed, 0 Changed, 0 Added function
Variables changes summary: 0 Removed, 0 Changed, 0 Added variable

SONAME changed from 'libpapi.so.6.0' to 'libpapi.so.5.3.0.0'


{'spack-test': [{'message': '==> Spack test zr5v4cowqzc7qqo3gofgyantqkg2mwev\n==> Testing package hpctoolkit-develop-k2ws7hf\n==> Error: TestFailure: 1 tests failed.\n\n\nCommand exited with status 1:\n    \'/g/g0/sochat1/.spack/test/zr5v4cowqzc7qqo3gofgyantqkg2mwev/hpctoolkit-develop-k2ws7hf/cache/hpctoolkit/tests/run-sort\'\nBegin smoke test of selection sort, hpcrun, hpcstruct, hpcprof.\n\nhpcrun -e REALTIME@5000 -t -o hpctoolkit-sort-measurements ./sort\norig list:  80000  3200040000\nnew list:   80000  3200040000\n\nhpcstruct -j 4 --time -o sort.hpcstruct sort\nfile:  /g/g0/sochat1/.spack/test/zr5v4cowqzc7qqo3gofgyantqkg2mwev/hpctoolkit-develop-k2ws7hf/cache/hpctoolkit/tests/sort\nsymtab threads: 4  parse: 4  struct: 4\n\ninit:         0.0 sec         0 meg         7 meg\nsymtab:       0.0 sec         2 meg         9 meg\nparse:        0.0 sec         1 meg        11 meg\nstruct:       0.0 sec         0 meg        11 meg\ntotal:        0.0 sec         3 meg        11 meg\n\nnum funcs: 26\n\n\nhpcprof -S sort.hpcstruct -o hpctoolkit-sort-database hpctoolkit-sort-measurements\nFAIL: hpcprof failed\n/g/g0/sochat1/.spack/test/zr5v4cowqzc7qqo3gofgyantqkg2mwev/hpctoolkit-develop-k2ws7hf/cache/hpctoolkit/tests/run-sort: line 66: 71157 Segmentation fault      "${bindir}/hpcprof" "$@"\n\n\n\n1 error found in test log:\n     45    total:        0.0 sec         3 meg        11 meg\n     46    \n     47    num funcs: 26\n     48    \n     49    \n     50    hpcprof -S sort.hpcstruct -o hpctoolkit-sort-database hpctoolkit-sor\n           t-measurements\n  >> 51    FAIL: hpcprof failed\n     52    /g/g0/sochat1/.spack/test/zr5v4cowqzc7qqo3gofgyantqkg2mwev/hpctoolki\n           t-develop-k2ws7hf/cache/hpctoolkit/tests/run-sort: line 66: 71157 Se\n           gmentation fault      "${bindir}/hpcprof" "$@"\n     53    \n     54      File "/p/vast1/build/spack/bin/spack", line 98, in <module>\n\n\n\n/p/vast1/build/spack/lib/spack/spack/build_environment.py:1061, in _setup_pkg_and_run:\n       1058        tb_string = traceback.format_exc()\n       1059\n       1060        # build up some context from the offending package so we can\n  >>   1061        # show that, too.\n       1062        package_context = get_package_context(tb)\n       1063\n       1064        logfile = None\n\nSee test log for details:\n  /g/g0/sochat1/.spack/test/zr5v4cowqzc7qqo3gofgyantqkg2mwev/hpctoolkit-develop-k2ws7hf-test-out.txt\n\n==> Error: 1 test(s) in the suite failed.\n\n======================== 1 failed, 0 passed of 1 specs =========================\n', 'return_code': 1, 'prediction': False, 'command': '/p/vast1/build/spack/bin/spack test run /k2ws7h'}], 'symbolator': [{'missing': [], 'selected': [['libc.so.6', 'libc.so.6']], 'binary': '/p/vast1/build/spack/opt/spack/linux-rhel7-broadwell/gcc-10.2.1/hpctoolkit-develop-k2ws7hfoov37lnbtxefbljmnyoztzizb/bin/hpcprof2', 'splice_type': 'same_lib', 'lib': '/p/vast1/build/spack/opt/spack/linux-rhel7-broadwell/gcc-4.9.3/papi-5.3.0-fkeuoxn5pizmsnhbphiimt435wqkyw2h/lib/libpfm.so.4.4.0', 'prediction': True}, {'missing': [], 'selected': [['libc.so.6', 'libc.so.6']], 'binary': '/p/vast1/build/spack/opt/spack/linux-rhel7-broadwell/gcc-10.2.1/hpctoolkit-develop-k2ws7hfoov37lnbtxefbljmnyoztzizb/bin/hpcprof2', 'splice_type': 'same_lib', 'lib': '/p/vast1/build/spack/opt/spack/linux-rhel7-broadwell/gcc-4.9.3/papi-5.3.0-fkeuoxn5pizmsnhbphiimt435wqkyw2h/lib/libpapi.so.5.3.0.0', 'prediction': True}], 'libabigail': [{'message': '', 'return_code': 0, 'binary': '/p/vast1/build/spack/opt/spack/linux-rhel7-broadwell/gcc-10.2.1/hpctoolkit-develop-k2ws7hfoov37lnbtxefbljmnyoztzizb/bin/hpcprof2', 'splice_type': 'same_lib', 'lib': '/p/vast1/build/spack/opt/spack/linux-rhel7-broadwell/gcc-4.9.3/papi-5.3.0-fkeuoxn5pizmsnhbphiimt435wqkyw2h/lib/libpfm.so.4.4.0', 'original_lib': '/p/vast1/build/spack/opt/spack/linux-rhel7-broadwell/gcc-4.9.3/papi-5.3.0-fkeuoxn5pizmsnhbphiimt435wqkyw2h/lib/libpfm.so.4.4.0', 'prediction': True}, {'message': "ELF file '/p/vast1/build/spack/opt/spack/linux-rhel7-broadwell/gcc-10.2.1/hpctoolkit-develop-k2ws7hfoov37lnbtxefbljmnyoztzizb/bin/hpcprof2' is not ABI compatible with '/p/vast1/build/spack/opt/spack/linux-rhel7-broadwell/gcc-4.9.3/papi-5.3.0-fkeuoxn5pizmsnhbphiimt435wqkyw2h/lib/libpapi.so.5.3.0.0' due to differences with '/p/vast1/build/spack/opt/spack/linux-rhel7-broadwell/gcc-10.2.1/papi-6.0.0.1-62emwcxfgw35opywe25sgxwuvoikrxlc/lib/libpapi.so.6.0.0.1' below:\nELF SONAME changed\nFunctions changes summary: 0 Removed, 0 Changed, 0 Added function\nVariables changes summary: 0 Removed, 0 Changed, 0 Added variable\n\nSONAME changed from 'libpapi.so.6.0' to 'libpapi.so.5.3.0.0'\n\n", 'return_code': 12, 'binary': '/p/vast1/build/spack/opt/spack/linux-rhel7-broadwell/gcc-10.2.1/hpctoolkit-develop-k2ws7hfoov37lnbtxefbljmnyoztzizb/bin/hpcprof2', 'splice_type': 'same_lib', 'lib': '/p/vast1/build/spack/opt/spack/linux-rhel7-broadwell/gcc-4.9.3/papi-5.3.0-fkeuoxn5pizmsnhbphiimt435wqkyw2h/lib/libpapi.so.5.3.0.0', 'original_lib': '/p/vast1/build/spack/opt/spack/linux-rhel7-broadwell/gcc-4.9.3/papi-5.3.0-fkeuoxn5pizmsnhbphiimt435wqkyw2h/lib/libpapi.so.5.3.0.0', 'prediction': False}]}
