slurmstepd: error: *** JOB 97174 ON oslic10 CANCELLED AT 2022-02-25T17:00:59 DUE TO TIME LIMIT ***
/var/spool/slurmd/job100523/slurm_script: line 12: 17260 Killed                  spliced splice --package hypre@2.16.0 --splice openblas --runner spack --replace openblas --experiment experiment --outfile /p/vast1/build/spliced-experiment/results/hypre/2.16.0/openblas/experiment.json
==> Warning: Missing a source id for openblas@develop
==> Error: Failed to upgrade to a write lock for openblas-0.3.3-5azsjzpnupoiiluag7bg6vcwsfxfy5xo due to LockUpgradeError: Cannot upgrade lock from read to write on file: /p/vast1/build/spack/opt/spack/.spack-db/prefix_lock
==> Warning: AssertionError exception when releasing read lock for openblas-0.3.3-5azsjzpnupoiiluag7bg6vcwsfxfy5xo: 
==> Warning: openblas-0.3.2-zoeklqzbjjfazmsynrgi5ip43uycbdcf failed to install
==> Warning: AssertionError exception when releasing read lock for openblas-0.3.2-zoeklqzbjjfazmsynrgi5ip43uycbdcf: 
==> Error: openblas-0.3.2-zoeklqzbjjfazmsynrgi5ip43uycbdcf: Package was not installed
==> Warning: openblas-0.3.1-6ahkovd4z2d3xhev6ba3jgr7natgq2c3 failed to install
==> Warning: AssertionError exception when releasing read lock for openblas-0.3.1-6ahkovd4z2d3xhev6ba3jgr7natgq2c3: 
==> Error: openblas-0.3.1-6ahkovd4z2d3xhev6ba3jgr7natgq2c3: Package was not installed
==> Warning: openblas-0.3.0-7kvu2zss36ancm7c2jse2dnzhlpdgwze failed to install
==> Warning: AssertionError exception when releasing read lock for openblas-0.3.0-7kvu2zss36ancm7c2jse2dnzhlpdgwze: 
==> Error: openblas-0.3.0-7kvu2zss36ancm7c2jse2dnzhlpdgwze: Package was not installed
==> Error: ProcessError: Command exited with status 2:
    'make' 'CC=/p/vast1/build/spack/lib/spack/env/gcc/gcc' 'FC=/p/vast1/build/spack/lib/spack/env/gcc/gfortran' 'MAKE_NO_J=1' 'TARGET=HASWELL' 'USE_OPENMP=0' 'USE_THREAD=0' 'libs' 'netlib' 'shared'

26 errors found in build log:
     3238    
     3239      365 |      $                   0, U1, LDU1, U2, LDU2, V1T, LDV1T
             , 0, 1, 0, 0,
     3240          |                                      2
     3241    ......
     3242      388 |      $                   0, V1T, LDV1T, 0, 1, U1, LDU1, U2
             , LDU2, 0, 0,
     3243          |                                        1
  >> 3244    Error: Type mismatch between actual argument at (1) and actual arg
             ument at (2) (INTEGER(4)/REAL(4)).
     3245    sorcsd2by1.f:411:35:
     3246    
     3247      365 |      $                   0, U1, LDU1, U2, LDU2, V1T, LDV1T
             , 0, 1, 0, 0,
     3248          |                            2
     3249    ......
     3250      411 |      $                   THETA, 0, 0, 1, V1T, LDV1T, U2, L
             DU2, U1, LDU1,
     3251          |                                   1
  >> 3252    Error: Type mismatch between actual argument at (1) and actual arg
             ument at (2) (INTEGER(4)/REAL(4)).
     3253    sorcsd2by1.f:435:55:
     3254    
     3255      365 |      $                   0, U1, LDU1, U2, LDU2, V1T, LDV1T
             , 0, 1, 0, 0,
     3256          |                                                2
     3257    ......
     3258      435 |      $                   THETA, 0, U2, LDU2, U1, LDU1, 0, 
             1, V1T, LDV1T,
     3259          |                                                       1
  >> 3260    Error: Type mismatch between actual argument at (1) and actual arg
             ument at (2) (INTEGER(4)/REAL(4)).
     3261    sorcsd2by1.f:472:23:
     3262    
     3263      346 |             CALL SORBDB1( M, P, Q, X11, LDX11, X21, LDX21,
              THETA, 0, 0,
     3264          |                                                           
                    2
     3265    ......
     3266      472 |      $                 WORK(IPHI), WORK(ITAUP1), WORK(ITAU
             P2),
     3267          |                       1
  >> 3268    Error: Type mismatch between actual argument at (1) and actual arg
             ument at (2) (REAL(4)/INTEGER(4)).
     3269    sorcsd2by1.f:479:44:
     3270    
     3271      350 |                CALL SORGQR( P, P, Q, U1, LDU1, 0, WORK(1),
              -1,
     3272          |                                               2
     3273    ......
     3274      479 |             CALL SORGQR( P, P, Q, U1, LDU1, WORK(ITAUP1), 
             WORK(IORGQR),
     3275          |                                            1
  >> 3276    Error: Type mismatch between actual argument at (1) and actual arg
             ument at (2) (REAL(4)/INTEGER(4)).
     3277    sorcsd2by1.f:484:48:
     3278    
     3279      350 |                CALL SORGQR( P, P, Q, U1, LDU1, 0, WORK(1),
              -1,
     3280          |                                               2
     3281    ......
     3282      484 |             CALL SORGQR( M-P, M-P, Q, U2, LDU2, WORK(ITAUP
             2),
     3283          |                                                1
  >> 3284    Error: Type mismatch between actual argument at (1) and actual arg
             ument at (2) (REAL(4)/INTEGER(4)).
     3285    sorcsd2by1.f:495:57:
     3286    
     3287      361 |      $                   0, WORK(1), -1, CHILDINFO )
     3288          |                         2
     3289    ......
     3290      495 |             CALL SORGLQ( Q-1, Q-1, Q-1, V1T(2,2), LDV1T, W
             ORK(ITAUQ1),
     3291          |                                                         1
  >> 3292    Error: Type mismatch between actual argument at (1) and actual arg
             ument at (2) (REAL(4)/INTEGER(4)).
     3293    sorcsd2by1.f:502:22:
     3294    
     3295      365 |      $                   0, U1, LDU1, U2, LDU2, V1T, LDV1T
             , 0, 1, 0, 0,
     3296          |                         2
     3297    ......
     3298      502 |      $                WORK(IPHI), U1, LDU1, U2, LDU2, V1T,
              LDV1T, 0, 1,
     3299          |                      1
  >> 3300    Error: Type mismatch between actual argument at (1) and actual arg
             ument at (2) (REAL(4)/INTEGER(4)).
     3301    sorcsd2by1.f:527:23:
     3302    
     3303      369 |             CALL SORBDB2( M, P, Q, X11, LDX11, X21, LDX21,
              THETA, 0, 0,
     3304          |                                                           
                    2
     3305    ......
     3306      527 |      $                 WORK(IPHI), WORK(ITAUP1), WORK(ITAU
             P2),
     3307          |                       1
  >> 3308    Error: Type mismatch between actual argument at (1) and actual arg
             ument at (2) (REAL(4)/INTEGER(4)).
     3309    sorcsd2by1.f:539:55:
     3310    
     3311      350 |                CALL SORGQR( P, P, Q, U1, LDU1, 0, WORK(1),
              -1,
     3312          |                                               2
     3313    ......
     3314      539 |             CALL SORGQR( P-1, P-1, P-1, U1(2,2), LDU1, WOR
             K(ITAUP1),
     3315          |                                                       1
  >> 3316    Error: Type mismatch between actual argument at (1) and actual arg
             ument at (2) (REAL(4)/INTEGER(4)).
     3317    sorcsd2by1.f:544:48:
     3318    
     3319      350 |                CALL SORGQR( P, P, Q, U1, LDU1, 0, WORK(1),
              -1,
     3320          |                                               2
     3321    ......
     3322      544 |             CALL SORGQR( M-P, M-P, Q, U2, LDU2, WORK(ITAUP
             2),
     3323          |                                                1
  >> 3324    Error: Type mismatch between actual argument at (1) and actual arg
             ument at (2) (REAL(4)/INTEGER(4)).
     3325    sorcsd2by1.f:549:46:
     3326    
     3327      361 |      $                   0, WORK(1), -1, CHILDINFO )
     3328          |                         2
     3329    ......
     3330      549 |             CALL SORGLQ( Q, Q, R, V1T, LDV1T, WORK(ITAUQ1)
             ,
     3331          |                                              1
  >> 3332    Error: Type mismatch between actual argument at (1) and actual arg
             ument at (2) (REAL(4)/INTEGER(4)).
     3333    sorcsd2by1.f:556:22:
     3334    
     3335      365 |      $                   0, U1, LDU1, U2, LDU2, V1T, LDV1T
             , 0, 1, 0, 0,
     3336          |                         2
     3337    ......
     3338      556 |      $                WORK(IPHI), V1T, LDV1T, 0, 1, U1, LD
             U1, U2, LDU2,
     3339          |                      1
  >> 3340    Error: Type mismatch between actual argument at (1) and actual arg
             ument at (2) (REAL(4)/INTEGER(4)).
     3341    sorcsd2by1.f:581:23:
     3342    
     3343      392 |             CALL SORBDB3( M, P, Q, X11, LDX11, X21, LDX21,
              THETA, 0, 0,
     3344          |                                                           
                    2
     3345    ......
     3346      581 |      $                 WORK(IPHI), WORK(ITAUP1), WORK(ITAU
             P2),
     3347          |                       1
  >> 3348    Error: Type mismatch between actual argument at (1) and actual arg
             ument at (2) (REAL(4)/INTEGER(4)).
     3349    sorcsd2by1.f:588:44:
     3350    
     3351      350 |                CALL SORGQR( P, P, Q, U1, LDU1, 0, WORK(1),
              -1,
     3352          |                                               2
     3353    ......
     3354      588 |             CALL SORGQR( P, P, Q, U1, LDU1, WORK(ITAUP1), 
             WORK(IORGQR),
     3355          |                                            1
  >> 3356    Error: Type mismatch between actual argument at (1) and actual arg
             ument at (2) (REAL(4)/INTEGER(4)).
     3357    sorcsd2by1.f:600:25:
     3358    
     3359      350 |                CALL SORGQR( P, P, Q, U1, LDU1, 0, WORK(1),
              -1,
     3360          |                                               2
     3361    ......
     3362      600 |      $                   WORK(ITAUP2), WORK(IORGQR), LORGQ
             R, CHILDINFO )
     3363          |                         1
  >> 3364    Error: Type mismatch between actual argument at (1) and actual arg
             ument at (2) (REAL(4)/INTEGER(4)).
     3365    sorcsd2by1.f:604:46:
     3366    
     3367      361 |      $                   0, WORK(1), -1, CHILDINFO )
     3368          |                         2
     3369    ......
     3370      604 |             CALL SORGLQ( Q, Q, R, V1T, LDV1T, WORK(ITAUQ1)
             ,
     3371          |                                              1
  >> 3372    Error: Type mismatch between actual argument at (1) and actual arg
             ument at (2) (REAL(4)/INTEGER(4)).
     3373    sorcsd2by1.f:611:29:
     3374    
     3375      365 |      $                   0, U1, LDU1, U2, LDU2, V1T, LDV1T
             , 0, 1, 0, 0,
     3376          |                         2
     3377    ......
     3378      611 |      $                THETA, WORK(IPHI), 0, 1, V1T, LDV1T,
              U2, LDU2, U1,
     3379          |                             1
  >> 3380    Error: Type mismatch between actual argument at (1) and actual arg
             ument at (2) (REAL(4)/INTEGER(4)).
     3381    sorcsd2by1.f:641:23:
     3382    
     3383      416 |             CALL SORBDB4( M, P, Q, X11, LDX11, X21, LDX21,
              THETA, 0, 0,
     3384          |                                                           
                    2
     3385    ......
     3386      641 |      $                 WORK(IPHI), WORK(ITAUP1), WORK(ITAU
             P2),
     3387          |                       1
  >> 3388    Error: Type mismatch between actual argument at (1) and actual arg
             ument at (2) (REAL(4)/INTEGER(4)).
     3389    sorcsd2by1.f:654:46:
     3390    
     3391      350 |                CALL SORGQR( P, P, Q, U1, LDU1, 0, WORK(1),
              -1,
     3392          |                                               2
     3393    ......
     3394      654 |             CALL SORGQR( P, P, M-Q, U1, LDU1, WORK(ITAUP1)
             ,
     3395          |                                              1
  >> 3396    Error: Type mismatch between actual argument at (1) and actual arg
             ument at (2) (REAL(4)/INTEGER(4)).
     3397    sorcsd2by1.f:664:50:
     3398    
     3399      350 |                CALL SORGQR( P, P, Q, U1, LDU1, 0, WORK(1),
              -1,
     3400          |                                               2
     3401    ......
     3402      664 |             CALL SORGQR( M-P, M-P, M-Q, U2, LDU2, WORK(ITA
             UP2),
     3403          |                                                  1
  >> 3404    Error: Type mismatch between actual argument at (1) and actual arg
             ument at (2) (REAL(4)/INTEGER(4)).
     3405    sorcsd2by1.f:673:46:
     3406    
     3407      361 |      $                   0, WORK(1), -1, CHILDINFO )
     3408          |                         2
     3409    ......
     3410      673 |             CALL SORGLQ( Q, Q, Q, V1T, LDV1T, WORK(ITAUQ1)
             ,
     3411          |                                              1
  >> 3412    Error: Type mismatch between actual argument at (1) and actual arg
             ument at (2) (REAL(4)/INTEGER(4)).
     3413    sorcsd2by1.f:680:29:
     3414    
     3415      365 |      $                   0, U1, LDU1, U2, LDU2, V1T, LDV1T
             , 0, 1, 0, 0,
     3416          |                         2
     3417    ......
     3418      680 |      $                THETA, WORK(IPHI), U2, LDU2, U1, LDU
             1, 0, 1, V1T,
     3419          |                             1
  >> 3420    Error: Type mismatch between actual argument at (1) and actual arg
             ument at (2) (REAL(4)/INTEGER(4)).
  >> 3421    make[2]: *** [sorcsd2by1.o] Error 1
     3422    make[2]: Leaving directory `/tmp/sochat1/spack-stage/spack-stage-o
             penblas-0.2.19-gnnxdhop3nk3baqqhkdaigwjuh62ncir/spack-src/lapack-n
             etlib/SRC'
  >> 3423    make[1]: *** [lapacklib] Error 2
     3424    make[1]: Leaving directory `/tmp/sochat1/spack-stage/spack-stage-o
             penblas-0.2.19-gnnxdhop3nk3baqqhkdaigwjuh62ncir/spack-src/lapack-n
             etlib'
  >> 3425    make: *** [netlib] Error 2

See build log for details:
  /var/tmp/sochat1/spack-stage/spack-stage-openblas-0.2.19-gnnxdhop3nk3baqqhkdaigwjuh62ncir/spack-build-out.txt

==> Error: ProcessError: Command exited with status 2:
    'make' 'CC=/p/vast1/build/spack/lib/spack/env/gcc/gcc' 'FC=/p/vast1/build/spack/lib/spack/env/gcc/gfortran' 'MAKE_NO_J=1' 'TARGET=HASWELL' 'USE_OPENMP=0' 'USE_THREAD=0' 'libs' 'netlib' 'shared'

26 errors found in build log:
     3238    
     3239      365 |      $                   0, U1, LDU1, U2, LDU2, V1T, LDV1T
             , 0, 1, 0, 0,
     3240          |                                      2
     3241    ......
     3242      388 |      $                   0, V1T, LDV1T, 0, 1, U1, LDU1, U2
             , LDU2, 0, 0,
     3243          |                                        1
  >> 3244    Error: Type mismatch between actual argument at (1) and actual arg
             ument at (2) (INTEGER(4)/REAL(4)).
     3245    sorcsd2by1.f:411:35:
     3246    
     3247      365 |      $                   0, U1, LDU1, U2, LDU2, V1T, LDV1T
             , 0, 1, 0, 0,
     3248          |                            2
     3249    ......
     3250      411 |      $                   THETA, 0, 0, 1, V1T, LDV1T, U2, L
             DU2, U1, LDU1,
     3251          |                                   1
  >> 3252    Error: Type mismatch between actual argument at (1) and actual arg
             ument at (2) (INTEGER(4)/REAL(4)).
     3253    sorcsd2by1.f:435:55:
     3254    
     3255      365 |      $                   0, U1, LDU1, U2, LDU2, V1T, LDV1T
             , 0, 1, 0, 0,
     3256          |                                                2
     3257    ......
     3258      435 |      $                   THETA, 0, U2, LDU2, U1, LDU1, 0, 
             1, V1T, LDV1T,
     3259          |                                                       1
  >> 3260    Error: Type mismatch between actual argument at (1) and actual arg
             ument at (2) (INTEGER(4)/REAL(4)).
     3261    sorcsd2by1.f:472:23:
     3262    
     3263      346 |             CALL SORBDB1( M, P, Q, X11, LDX11, X21, LDX21,
              THETA, 0, 0,
     3264          |                                                           
                    2
     3265    ......
     3266      472 |      $                 WORK(IPHI), WORK(ITAUP1), WORK(ITAU
             P2),
     3267          |                       1
  >> 3268    Error: Type mismatch between actual argument at (1) and actual arg
             ument at (2) (REAL(4)/INTEGER(4)).
     3269    sorcsd2by1.f:479:44:
     3270    
     3271      350 |                CALL SORGQR( P, P, Q, U1, LDU1, 0, WORK(1),
              -1,
     3272          |                                               2
     3273    ......
     3274      479 |             CALL SORGQR( P, P, Q, U1, LDU1, WORK(ITAUP1), 
             WORK(IORGQR),
     3275          |                                            1
  >> 3276    Error: Type mismatch between actual argument at (1) and actual arg
             ument at (2) (REAL(4)/INTEGER(4)).
     3277    sorcsd2by1.f:484:48:
     3278    
     3279      350 |                CALL SORGQR( P, P, Q, U1, LDU1, 0, WORK(1),
              -1,
     3280          |                                               2
     3281    ......
     3282      484 |             CALL SORGQR( M-P, M-P, Q, U2, LDU2, WORK(ITAUP
             2),
     3283          |                                                1
  >> 3284    Error: Type mismatch between actual argument at (1) and actual arg
             ument at (2) (REAL(4)/INTEGER(4)).
     3285    sorcsd2by1.f:495:57:
     3286    
     3287      361 |      $                   0, WORK(1), -1, CHILDINFO )
     3288          |                         2
     3289    ......
     3290      495 |             CALL SORGLQ( Q-1, Q-1, Q-1, V1T(2,2), LDV1T, W
             ORK(ITAUQ1),
     3291          |                                                         1
  >> 3292    Error: Type mismatch between actual argument at (1) and actual arg
             ument at (2) (REAL(4)/INTEGER(4)).
     3293    sorcsd2by1.f:502:22:
     3294    
     3295      365 |      $                   0, U1, LDU1, U2, LDU2, V1T, LDV1T
             , 0, 1, 0, 0,
     3296          |                         2
     3297    ......
     3298      502 |      $                WORK(IPHI), U1, LDU1, U2, LDU2, V1T,
              LDV1T, 0, 1,
     3299          |                      1
  >> 3300    Error: Type mismatch between actual argument at (1) and actual arg
             ument at (2) (REAL(4)/INTEGER(4)).
     3301    sorcsd2by1.f:527:23:
     3302    
     3303      369 |             CALL SORBDB2( M, P, Q, X11, LDX11, X21, LDX21,
              THETA, 0, 0,
     3304          |                                                           
                    2
     3305    ......
     3306      527 |      $                 WORK(IPHI), WORK(ITAUP1), WORK(ITAU
             P2),
     3307          |                       1
  >> 3308    Error: Type mismatch between actual argument at (1) and actual arg
             ument at (2) (REAL(4)/INTEGER(4)).
     3309    sorcsd2by1.f:539:55:
     3310    
     3311      350 |                CALL SORGQR( P, P, Q, U1, LDU1, 0, WORK(1),
              -1,
     3312          |                                               2
     3313    ......
     3314      539 |             CALL SORGQR( P-1, P-1, P-1, U1(2,2), LDU1, WOR
             K(ITAUP1),
     3315          |                                                       1
  >> 3316    Error: Type mismatch between actual argument at (1) and actual arg
             ument at (2) (REAL(4)/INTEGER(4)).
     3317    sorcsd2by1.f:544:48:
     3318    
     3319      350 |                CALL SORGQR( P, P, Q, U1, LDU1, 0, WORK(1),
              -1,
     3320          |                                               2
     3321    ......
     3322      544 |             CALL SORGQR( M-P, M-P, Q, U2, LDU2, WORK(ITAUP
             2),
     3323          |                                                1
  >> 3324    Error: Type mismatch between actual argument at (1) and actual arg
             ument at (2) (REAL(4)/INTEGER(4)).
     3325    sorcsd2by1.f:549:46:
     3326    
     3327      361 |      $                   0, WORK(1), -1, CHILDINFO )
     3328          |                         2
     3329    ......
     3330      549 |             CALL SORGLQ( Q, Q, R, V1T, LDV1T, WORK(ITAUQ1)
             ,
     3331          |                                              1
  >> 3332    Error: Type mismatch between actual argument at (1) and actual arg
             ument at (2) (REAL(4)/INTEGER(4)).
     3333    sorcsd2by1.f:556:22:
     3334    
     3335      365 |      $                   0, U1, LDU1, U2, LDU2, V1T, LDV1T
             , 0, 1, 0, 0,
     3336          |                         2
     3337    ......
     3338      556 |      $                WORK(IPHI), V1T, LDV1T, 0, 1, U1, LD
             U1, U2, LDU2,
     3339          |                      1
  >> 3340    Error: Type mismatch between actual argument at (1) and actual arg
             ument at (2) (REAL(4)/INTEGER(4)).
     3341    sorcsd2by1.f:581:23:
     3342    
     3343      392 |             CALL SORBDB3( M, P, Q, X11, LDX11, X21, LDX21,
              THETA, 0, 0,
     3344          |                                                           
                    2
     3345    ......
     3346      581 |      $                 WORK(IPHI), WORK(ITAUP1), WORK(ITAU
             P2),
     3347          |                       1
  >> 3348    Error: Type mismatch between actual argument at (1) and actual arg
             ument at (2) (REAL(4)/INTEGER(4)).
     3349    sorcsd2by1.f:588:44:
     3350    
     3351      350 |                CALL SORGQR( P, P, Q, U1, LDU1, 0, WORK(1),
              -1,
     3352          |                                               2
     3353    ......
     3354      588 |             CALL SORGQR( P, P, Q, U1, LDU1, WORK(ITAUP1), 
             WORK(IORGQR),
     3355          |                                            1
  >> 3356    Error: Type mismatch between actual argument at (1) and actual arg
             ument at (2) (REAL(4)/INTEGER(4)).
     3357    sorcsd2by1.f:600:25:
     3358    
     3359      350 |                CALL SORGQR( P, P, Q, U1, LDU1, 0, WORK(1),
              -1,
     3360          |                                               2
     3361    ......
     3362      600 |      $                   WORK(ITAUP2), WORK(IORGQR), LORGQ
             R, CHILDINFO )
     3363          |                         1
  >> 3364    Error: Type mismatch between actual argument at (1) and actual arg
             ument at (2) (REAL(4)/INTEGER(4)).
     3365    sorcsd2by1.f:604:46:
     3366    
     3367      361 |      $                   0, WORK(1), -1, CHILDINFO )
     3368          |                         2
     3369    ......
     3370      604 |             CALL SORGLQ( Q, Q, R, V1T, LDV1T, WORK(ITAUQ1)
             ,
     3371          |                                              1
  >> 3372    Error: Type mismatch between actual argument at (1) and actual arg
             ument at (2) (REAL(4)/INTEGER(4)).
     3373    sorcsd2by1.f:611:29:
     3374    
     3375      365 |      $                   0, U1, LDU1, U2, LDU2, V1T, LDV1T
             , 0, 1, 0, 0,
     3376          |                         2
     3377    ......
     3378      611 |      $                THETA, WORK(IPHI), 0, 1, V1T, LDV1T,
              U2, LDU2, U1,
     3379          |                             1
  >> 3380    Error: Type mismatch between actual argument at (1) and actual arg
             ument at (2) (REAL(4)/INTEGER(4)).
     3381    sorcsd2by1.f:641:23:
     3382    
     3383      416 |             CALL SORBDB4( M, P, Q, X11, LDX11, X21, LDX21,
              THETA, 0, 0,
     3384          |                                                           
                    2
     3385    ......
     3386      641 |      $                 WORK(IPHI), WORK(ITAUP1), WORK(ITAU
             P2),
     3387          |                       1
  >> 3388    Error: Type mismatch between actual argument at (1) and actual arg
             ument at (2) (REAL(4)/INTEGER(4)).
     3389    sorcsd2by1.f:654:46:
     3390    
     3391      350 |                CALL SORGQR( P, P, Q, U1, LDU1, 0, WORK(1),
              -1,
     3392          |                                               2
     3393    ......
     3394      654 |             CALL SORGQR( P, P, M-Q, U1, LDU1, WORK(ITAUP1)
             ,
     3395          |                                              1
  >> 3396    Error: Type mismatch between actual argument at (1) and actual arg
             ument at (2) (REAL(4)/INTEGER(4)).
     3397    sorcsd2by1.f:664:50:
     3398    
     3399      350 |                CALL SORGQR( P, P, Q, U1, LDU1, 0, WORK(1),
              -1,
     3400          |                                               2
     3401    ......
     3402      664 |             CALL SORGQR( M-P, M-P, M-Q, U2, LDU2, WORK(ITA
             UP2),
     3403          |                                                  1
  >> 3404    Error: Type mismatch between actual argument at (1) and actual arg
             ument at (2) (REAL(4)/INTEGER(4)).
     3405    sorcsd2by1.f:673:46:
     3406    
     3407      361 |      $                   0, WORK(1), -1, CHILDINFO )
     3408          |                         2
     3409    ......
     3410      673 |             CALL SORGLQ( Q, Q, Q, V1T, LDV1T, WORK(ITAUQ1)
             ,
     3411          |                                              1
  >> 3412    Error: Type mismatch between actual argument at (1) and actual arg
             ument at (2) (REAL(4)/INTEGER(4)).
     3413    sorcsd2by1.f:680:29:
     3414    
     3415      365 |      $                   0, U1, LDU1, U2, LDU2, V1T, LDV1T
             , 0, 1, 0, 0,
     3416          |                         2
     3417    ......
     3418      680 |      $                THETA, WORK(IPHI), U2, LDU2, U1, LDU
             1, 0, 1, V1T,
     3419          |                             1
  >> 3420    Error: Type mismatch between actual argument at (1) and actual arg
             ument at (2) (REAL(4)/INTEGER(4)).
  >> 3421    make[2]: *** [sorcsd2by1.o] Error 1
     3422    make[2]: Leaving directory `/tmp/sochat1/spack-stage/spack-stage-o
             penblas-0.2.18-yidpq3fwlkztu5dl5hbjjgj7bskpjbpv/spack-src/lapack-n
             etlib/SRC'
  >> 3423    make[1]: *** [lapacklib] Error 2
     3424    make[1]: Leaving directory `/tmp/sochat1/spack-stage/spack-stage-o
             penblas-0.2.18-yidpq3fwlkztu5dl5hbjjgj7bskpjbpv/spack-src/lapack-n
             etlib'
  >> 3425    make: *** [netlib] Error 2

See build log for details:
  /var/tmp/sochat1/spack-stage/spack-stage-openblas-0.2.18-yidpq3fwlkztu5dl5hbjjgj7bskpjbpv/spack-build-out.txt

==> Error: ProcessError: Command exited with status 2:
    'make' 'CC=/p/vast1/build/spack/lib/spack/env/gcc/gcc' 'FC=/p/vast1/build/spack/lib/spack/env/gcc/gfortran' 'MAKE_NO_J=1' 'TARGET=HASWELL' 'USE_OPENMP=0' 'USE_THREAD=0' 'libs' 'netlib' 'shared'

26 errors found in build log:
     3238    
     3239      365 |      $                   0, U1, LDU1, U2, LDU2, V1T, LDV1T
             , 0, 1, 0, 0,
     3240          |                                      2
     3241    ......
     3242      388 |      $                   0, V1T, LDV1T, 0, 1, U1, LDU1, U2
             , LDU2, 0, 0,
     3243          |                                        1
  >> 3244    Error: Type mismatch between actual argument at (1) and actual arg
             ument at (2) (INTEGER(4)/REAL(4)).
     3245    sorcsd2by1.f:411:35:
     3246    
     3247      365 |      $                   0, U1, LDU1, U2, LDU2, V1T, LDV1T
             , 0, 1, 0, 0,
     3248          |                            2
     3249    ......
     3250      411 |      $                   THETA, 0, 0, 1, V1T, LDV1T, U2, L
             DU2, U1, LDU1,
     3251          |                                   1
  >> 3252    Error: Type mismatch between actual argument at (1) and actual arg
             ument at (2) (INTEGER(4)/REAL(4)).
     3253    sorcsd2by1.f:435:55:
     3254    
     3255      365 |      $                   0, U1, LDU1, U2, LDU2, V1T, LDV1T
             , 0, 1, 0, 0,
     3256          |                                                2
     3257    ......
     3258      435 |      $                   THETA, 0, U2, LDU2, U1, LDU1, 0, 
             1, V1T, LDV1T,
     3259          |                                                       1
  >> 3260    Error: Type mismatch between actual argument at (1) and actual arg
             ument at (2) (INTEGER(4)/REAL(4)).
     3261    sorcsd2by1.f:472:23:
     3262    
     3263      346 |             CALL SORBDB1( M, P, Q, X11, LDX11, X21, LDX21,
              THETA, 0, 0,
     3264          |                                                           
                    2
     3265    ......
     3266      472 |      $                 WORK(IPHI), WORK(ITAUP1), WORK(ITAU
             P2),
     3267          |                       1
  >> 3268    Error: Type mismatch between actual argument at (1) and actual arg
             ument at (2) (REAL(4)/INTEGER(4)).
     3269    sorcsd2by1.f:479:44:
     3270    
     3271      350 |                CALL SORGQR( P, P, Q, U1, LDU1, 0, WORK(1),
              -1,
     3272          |                                               2
     3273    ......
     3274      479 |             CALL SORGQR( P, P, Q, U1, LDU1, WORK(ITAUP1), 
             WORK(IORGQR),
     3275          |                                            1
  >> 3276    Error: Type mismatch between actual argument at (1) and actual arg
             ument at (2) (REAL(4)/INTEGER(4)).
     3277    sorcsd2by1.f:484:48:
     3278    
     3279      350 |                CALL SORGQR( P, P, Q, U1, LDU1, 0, WORK(1),
              -1,
     3280          |                                               2
     3281    ......
     3282      484 |             CALL SORGQR( M-P, M-P, Q, U2, LDU2, WORK(ITAUP
             2),
     3283          |                                                1
  >> 3284    Error: Type mismatch between actual argument at (1) and actual arg
             ument at (2) (REAL(4)/INTEGER(4)).
     3285    sorcsd2by1.f:495:57:
     3286    
     3287      361 |      $                   0, WORK(1), -1, CHILDINFO )
     3288          |                         2
     3289    ......
     3290      495 |             CALL SORGLQ( Q-1, Q-1, Q-1, V1T(2,2), LDV1T, W
             ORK(ITAUQ1),
     3291          |                                                         1
  >> 3292    Error: Type mismatch between actual argument at (1) and actual arg
             ument at (2) (REAL(4)/INTEGER(4)).
     3293    sorcsd2by1.f:502:22:
     3294    
     3295      365 |      $                   0, U1, LDU1, U2, LDU2, V1T, LDV1T
             , 0, 1, 0, 0,
     3296          |                         2
     3297    ......
     3298      502 |      $                WORK(IPHI), U1, LDU1, U2, LDU2, V1T,
              LDV1T, 0, 1,
     3299          |                      1
  >> 3300    Error: Type mismatch between actual argument at (1) and actual arg
             ument at (2) (REAL(4)/INTEGER(4)).
     3301    sorcsd2by1.f:527:23:
     3302    
     3303      369 |             CALL SORBDB2( M, P, Q, X11, LDX11, X21, LDX21,
              THETA, 0, 0,
     3304          |                                                           
                    2
     3305    ......
     3306      527 |      $                 WORK(IPHI), WORK(ITAUP1), WORK(ITAU
             P2),
     3307          |                       1
  >> 3308    Error: Type mismatch between actual argument at (1) and actual arg
             ument at (2) (REAL(4)/INTEGER(4)).
     3309    sorcsd2by1.f:539:55:
     3310    
     3311      350 |                CALL SORGQR( P, P, Q, U1, LDU1, 0, WORK(1),
              -1,
     3312          |                                               2
     3313    ......
     3314      539 |             CALL SORGQR( P-1, P-1, P-1, U1(2,2), LDU1, WOR
             K(ITAUP1),
     3315          |                                                       1
  >> 3316    Error: Type mismatch between actual argument at (1) and actual arg
             ument at (2) (REAL(4)/INTEGER(4)).
     3317    sorcsd2by1.f:544:48:
     3318    
     3319      350 |                CALL SORGQR( P, P, Q, U1, LDU1, 0, WORK(1),
              -1,
     3320          |                                               2
     3321    ......
     3322      544 |             CALL SORGQR( M-P, M-P, Q, U2, LDU2, WORK(ITAUP
             2),
     3323          |                                                1
  >> 3324    Error: Type mismatch between actual argument at (1) and actual arg
             ument at (2) (REAL(4)/INTEGER(4)).
     3325    sorcsd2by1.f:549:46:
     3326    
     3327      361 |      $                   0, WORK(1), -1, CHILDINFO )
     3328          |                         2
     3329    ......
     3330      549 |             CALL SORGLQ( Q, Q, R, V1T, LDV1T, WORK(ITAUQ1)
             ,
     3331          |                                              1
  >> 3332    Error: Type mismatch between actual argument at (1) and actual arg
             ument at (2) (REAL(4)/INTEGER(4)).
     3333    sorcsd2by1.f:556:22:
     3334    
     3335      365 |      $                   0, U1, LDU1, U2, LDU2, V1T, LDV1T
             , 0, 1, 0, 0,
     3336          |                         2
     3337    ......
     3338      556 |      $                WORK(IPHI), V1T, LDV1T, 0, 1, U1, LD
             U1, U2, LDU2,
     3339          |                      1
  >> 3340    Error: Type mismatch between actual argument at (1) and actual arg
             ument at (2) (REAL(4)/INTEGER(4)).
     3341    sorcsd2by1.f:581:23:
     3342    
     3343      392 |             CALL SORBDB3( M, P, Q, X11, LDX11, X21, LDX21,
              THETA, 0, 0,
     3344          |                                                           
                    2
     3345    ......
     3346      581 |      $                 WORK(IPHI), WORK(ITAUP1), WORK(ITAU
             P2),
     3347          |                       1
  >> 3348    Error: Type mismatch between actual argument at (1) and actual arg
             ument at (2) (REAL(4)/INTEGER(4)).
     3349    sorcsd2by1.f:588:44:
     3350    
     3351      350 |                CALL SORGQR( P, P, Q, U1, LDU1, 0, WORK(1),
              -1,
     3352          |                                               2
     3353    ......
     3354      588 |             CALL SORGQR( P, P, Q, U1, LDU1, WORK(ITAUP1), 
             WORK(IORGQR),
     3355          |                                            1
  >> 3356    Error: Type mismatch between actual argument at (1) and actual arg
             ument at (2) (REAL(4)/INTEGER(4)).
     3357    sorcsd2by1.f:600:25:
     3358    
     3359      350 |                CALL SORGQR( P, P, Q, U1, LDU1, 0, WORK(1),
              -1,
     3360          |                                               2
     3361    ......
     3362      600 |      $                   WORK(ITAUP2), WORK(IORGQR), LORGQ
             R, CHILDINFO )
     3363          |                         1
  >> 3364    Error: Type mismatch between actual argument at (1) and actual arg
             ument at (2) (REAL(4)/INTEGER(4)).
     3365    sorcsd2by1.f:604:46:
     3366    
     3367      361 |      $                   0, WORK(1), -1, CHILDINFO )
     3368          |                         2
     3369    ......
     3370      604 |             CALL SORGLQ( Q, Q, R, V1T, LDV1T, WORK(ITAUQ1)
             ,
     3371          |                                              1
  >> 3372    Error: Type mismatch between actual argument at (1) and actual arg
             ument at (2) (REAL(4)/INTEGER(4)).
     3373    sorcsd2by1.f:611:29:
     3374    
     3375      365 |      $                   0, U1, LDU1, U2, LDU2, V1T, LDV1T
             , 0, 1, 0, 0,
     3376          |                         2
     3377    ......
     3378      611 |      $                THETA, WORK(IPHI), 0, 1, V1T, LDV1T,
              U2, LDU2, U1,
     3379          |                             1
  >> 3380    Error: Type mismatch between actual argument at (1) and actual arg
             ument at (2) (REAL(4)/INTEGER(4)).
     3381    sorcsd2by1.f:641:23:
     3382    
     3383      416 |             CALL SORBDB4( M, P, Q, X11, LDX11, X21, LDX21,
              THETA, 0, 0,
     3384          |                                                           
                    2
     3385    ......
     3386      641 |      $                 WORK(IPHI), WORK(ITAUP1), WORK(ITAU
             P2),
     3387          |                       1
  >> 3388    Error: Type mismatch between actual argument at (1) and actual arg
             ument at (2) (REAL(4)/INTEGER(4)).
     3389    sorcsd2by1.f:654:46:
     3390    
     3391      350 |                CALL SORGQR( P, P, Q, U1, LDU1, 0, WORK(1),
              -1,
     3392          |                                               2
     3393    ......
     3394      654 |             CALL SORGQR( P, P, M-Q, U1, LDU1, WORK(ITAUP1)
             ,
     3395          |                                              1
  >> 3396    Error: Type mismatch between actual argument at (1) and actual arg
             ument at (2) (REAL(4)/INTEGER(4)).
     3397    sorcsd2by1.f:664:50:
     3398    
     3399      350 |                CALL SORGQR( P, P, Q, U1, LDU1, 0, WORK(1),
              -1,
     3400          |                                               2
     3401    ......
     3402      664 |             CALL SORGQR( M-P, M-P, M-Q, U2, LDU2, WORK(ITA
             UP2),
     3403          |                                                  1
  >> 3404    Error: Type mismatch between actual argument at (1) and actual arg
             ument at (2) (REAL(4)/INTEGER(4)).
     3405    sorcsd2by1.f:673:46:
     3406    
     3407      361 |      $                   0, WORK(1), -1, CHILDINFO )
     3408          |                         2
     3409    ......
     3410      673 |             CALL SORGLQ( Q, Q, Q, V1T, LDV1T, WORK(ITAUQ1)
             ,
     3411          |                                              1
  >> 3412    Error: Type mismatch between actual argument at (1) and actual arg
             ument at (2) (REAL(4)/INTEGER(4)).
     3413    sorcsd2by1.f:680:29:
     3414    
     3415      365 |      $                   0, U1, LDU1, U2, LDU2, V1T, LDV1T
             , 0, 1, 0, 0,
     3416          |                         2
     3417    ......
     3418      680 |      $                THETA, WORK(IPHI), U2, LDU2, U1, LDU
             1, 0, 1, V1T,
     3419          |                             1
  >> 3420    Error: Type mismatch between actual argument at (1) and actual arg
             ument at (2) (REAL(4)/INTEGER(4)).
  >> 3421    make[2]: *** [sorcsd2by1.o] Error 1
     3422    make[2]: Leaving directory `/tmp/sochat1/spack-stage/spack-stage-o
             penblas-0.2.17-v7y7naztgn7ktcnz65vqbk6nj666v66m/spack-src/lapack-n
             etlib/SRC'
  >> 3423    make[1]: *** [lapacklib] Error 2
     3424    make[1]: Leaving directory `/tmp/sochat1/spack-stage/spack-stage-o
             penblas-0.2.17-v7y7naztgn7ktcnz65vqbk6nj666v66m/spack-src/lapack-n
             etlib'
  >> 3425    make: *** [netlib] Error 2

See build log for details:
  /var/tmp/sochat1/spack-stage/spack-stage-openblas-0.2.17-v7y7naztgn7ktcnz65vqbk6nj666v66m/spack-build-out.txt

==> Error: ProcessError: Command exited with status 2:
    'make' 'CC=/p/vast1/build/spack/lib/spack/env/gcc/gcc' 'FC=/p/vast1/build/spack/lib/spack/env/gcc/gfortran' 'MAKE_NO_J=1' 'TARGET=HASWELL' 'BUILD_LAPACK_DEPRECATED=1' 'USE_OPENMP=0' 'USE_THREAD=0' 'libs' 'netlib' 'shared'

26 errors found in build log:
     3238    
     3239      365 |      $                   0, U1, LDU1, U2, LDU2, V1T, LDV1T
             , 0, 1, 0, 0,
     3240          |                                      2
     3241    ......
     3242      388 |      $                   0, V1T, LDV1T, 0, 1, U1, LDU1, U2
             , LDU2, 0, 0,
     3243          |                                        1
  >> 3244    Error: Type mismatch between actual argument at (1) and actual arg
             ument at (2) (INTEGER(4)/REAL(4)).
     3245    sorcsd2by1.f:411:35:
     3246    
     3247      365 |      $                   0, U1, LDU1, U2, LDU2, V1T, LDV1T
             , 0, 1, 0, 0,
     3248          |                            2
     3249    ......
     3250      411 |      $                   THETA, 0, 0, 1, V1T, LDV1T, U2, L
             DU2, U1, LDU1,
     3251          |                                   1
  >> 3252    Error: Type mismatch between actual argument at (1) and actual arg
             ument at (2) (INTEGER(4)/REAL(4)).
     3253    sorcsd2by1.f:435:55:
     3254    
     3255      365 |      $                   0, U1, LDU1, U2, LDU2, V1T, LDV1T
             , 0, 1, 0, 0,
     3256          |                                                2
     3257    ......
     3258      435 |      $                   THETA, 0, U2, LDU2, U1, LDU1, 0, 
             1, V1T, LDV1T,
     3259          |                                                       1
  >> 3260    Error: Type mismatch between actual argument at (1) and actual arg
             ument at (2) (INTEGER(4)/REAL(4)).
     3261    sorcsd2by1.f:472:23:
     3262    
     3263      346 |             CALL SORBDB1( M, P, Q, X11, LDX11, X21, LDX21,
              THETA, 0, 0,
     3264          |                                                           
                    2
     3265    ......
     3266      472 |      $                 WORK(IPHI), WORK(ITAUP1), WORK(ITAU
             P2),
     3267          |                       1
  >> 3268    Error: Type mismatch between actual argument at (1) and actual arg
             ument at (2) (REAL(4)/INTEGER(4)).
     3269    sorcsd2by1.f:479:44:
     3270    
     3271      350 |                CALL SORGQR( P, P, Q, U1, LDU1, 0, WORK(1),
              -1,
     3272          |                                               2
     3273    ......
     3274      479 |             CALL SORGQR( P, P, Q, U1, LDU1, WORK(ITAUP1), 
             WORK(IORGQR),
     3275          |                                            1
  >> 3276    Error: Type mismatch between actual argument at (1) and actual arg
             ument at (2) (REAL(4)/INTEGER(4)).
     3277    sorcsd2by1.f:484:48:
     3278    
     3279      350 |                CALL SORGQR( P, P, Q, U1, LDU1, 0, WORK(1),
              -1,
     3280          |                                               2
     3281    ......
     3282      484 |             CALL SORGQR( M-P, M-P, Q, U2, LDU2, WORK(ITAUP
             2),
     3283          |                                                1
  >> 3284    Error: Type mismatch between actual argument at (1) and actual arg
             ument at (2) (REAL(4)/INTEGER(4)).
     3285    sorcsd2by1.f:495:57:
     3286    
     3287      361 |      $                   0, WORK(1), -1, CHILDINFO )
     3288          |                         2
     3289    ......
     3290      495 |             CALL SORGLQ( Q-1, Q-1, Q-1, V1T(2,2), LDV1T, W
             ORK(ITAUQ1),
     3291          |                                                         1
  >> 3292    Error: Type mismatch between actual argument at (1) and actual arg
             ument at (2) (REAL(4)/INTEGER(4)).
     3293    sorcsd2by1.f:502:22:
     3294    
     3295      365 |      $                   0, U1, LDU1, U2, LDU2, V1T, LDV1T
             , 0, 1, 0, 0,
     3296          |                         2
     3297    ......
     3298      502 |      $                WORK(IPHI), U1, LDU1, U2, LDU2, V1T,
              LDV1T, 0, 1,
     3299          |                      1
  >> 3300    Error: Type mismatch between actual argument at (1) and actual arg
             ument at (2) (REAL(4)/INTEGER(4)).
     3301    sorcsd2by1.f:527:23:
     3302    
     3303      369 |             CALL SORBDB2( M, P, Q, X11, LDX11, X21, LDX21,
              THETA, 0, 0,
     3304          |                                                           
                    2
     3305    ......
     3306      527 |      $                 WORK(IPHI), WORK(ITAUP1), WORK(ITAU
             P2),
     3307          |                       1
  >> 3308    Error: Type mismatch between actual argument at (1) and actual arg
             ument at (2) (REAL(4)/INTEGER(4)).
     3309    sorcsd2by1.f:539:55:
     3310    
     3311      350 |                CALL SORGQR( P, P, Q, U1, LDU1, 0, WORK(1),
              -1,
     3312          |                                               2
     3313    ......
     3314      539 |             CALL SORGQR( P-1, P-1, P-1, U1(2,2), LDU1, WOR
             K(ITAUP1),
     3315          |                                                       1
  >> 3316    Error: Type mismatch between actual argument at (1) and actual arg
             ument at (2) (REAL(4)/INTEGER(4)).
     3317    sorcsd2by1.f:544:48:
     3318    
     3319      350 |                CALL SORGQR( P, P, Q, U1, LDU1, 0, WORK(1),
              -1,
     3320          |                                               2
     3321    ......
     3322      544 |             CALL SORGQR( M-P, M-P, Q, U2, LDU2, WORK(ITAUP
             2),
     3323          |                                                1
  >> 3324    Error: Type mismatch between actual argument at (1) and actual arg
             ument at (2) (REAL(4)/INTEGER(4)).
     3325    sorcsd2by1.f:549:46:
     3326    
     3327      361 |      $                   0, WORK(1), -1, CHILDINFO )
     3328          |                         2
     3329    ......
     3330      549 |             CALL SORGLQ( Q, Q, R, V1T, LDV1T, WORK(ITAUQ1)
             ,
     3331          |                                              1
  >> 3332    Error: Type mismatch between actual argument at (1) and actual arg
             ument at (2) (REAL(4)/INTEGER(4)).
     3333    sorcsd2by1.f:556:22:
     3334    
     3335      365 |      $                   0, U1, LDU1, U2, LDU2, V1T, LDV1T
             , 0, 1, 0, 0,
     3336          |                         2
     3337    ......
     3338      556 |      $                WORK(IPHI), V1T, LDV1T, 0, 1, U1, LD
             U1, U2, LDU2,
     3339          |                      1
  >> 3340    Error: Type mismatch between actual argument at (1) and actual arg
             ument at (2) (REAL(4)/INTEGER(4)).
     3341    sorcsd2by1.f:581:23:
     3342    
     3343      392 |             CALL SORBDB3( M, P, Q, X11, LDX11, X21, LDX21,
              THETA, 0, 0,
     3344          |                                                           
                    2
     3345    ......
     3346      581 |      $                 WORK(IPHI), WORK(ITAUP1), WORK(ITAU
             P2),
     3347          |                       1
  >> 3348    Error: Type mismatch between actual argument at (1) and actual arg
             ument at (2) (REAL(4)/INTEGER(4)).
     3349    sorcsd2by1.f:588:44:
     3350    
     3351      350 |                CALL SORGQR( P, P, Q, U1, LDU1, 0, WORK(1),
              -1,
     3352          |                                               2
     3353    ......
     3354      588 |             CALL SORGQR( P, P, Q, U1, LDU1, WORK(ITAUP1), 
             WORK(IORGQR),
     3355          |                                            1
  >> 3356    Error: Type mismatch between actual argument at (1) and actual arg
             ument at (2) (REAL(4)/INTEGER(4)).
     3357    sorcsd2by1.f:600:25:
     3358    
     3359      350 |                CALL SORGQR( P, P, Q, U1, LDU1, 0, WORK(1),
              -1,
     3360          |                                               2
     3361    ......
     3362      600 |      $                   WORK(ITAUP2), WORK(IORGQR), LORGQ
             R, CHILDINFO )
     3363          |                         1
  >> 3364    Error: Type mismatch between actual argument at (1) and actual arg
             ument at (2) (REAL(4)/INTEGER(4)).
     3365    sorcsd2by1.f:604:46:
     3366    
     3367      361 |      $                   0, WORK(1), -1, CHILDINFO )
     3368          |                         2
     3369    ......
     3370      604 |             CALL SORGLQ( Q, Q, R, V1T, LDV1T, WORK(ITAUQ1)
             ,
     3371          |                                              1
  >> 3372    Error: Type mismatch between actual argument at (1) and actual arg
             ument at (2) (REAL(4)/INTEGER(4)).
     3373    sorcsd2by1.f:611:29:
     3374    
     3375      365 |      $                   0, U1, LDU1, U2, LDU2, V1T, LDV1T
             , 0, 1, 0, 0,
     3376          |                         2
     3377    ......
     3378      611 |      $                THETA, WORK(IPHI), 0, 1, V1T, LDV1T,
              U2, LDU2, U1,
     3379          |                             1
  >> 3380    Error: Type mismatch between actual argument at (1) and actual arg
             ument at (2) (REAL(4)/INTEGER(4)).
     3381    sorcsd2by1.f:641:23:
     3382    
     3383      416 |             CALL SORBDB4( M, P, Q, X11, LDX11, X21, LDX21,
              THETA, 0, 0,
     3384          |                                                           
                    2
     3385    ......
     3386      641 |      $                 WORK(IPHI), WORK(ITAUP1), WORK(ITAU
             P2),
     3387          |                       1
  >> 3388    Error: Type mismatch between actual argument at (1) and actual arg
             ument at (2) (REAL(4)/INTEGER(4)).
     3389    sorcsd2by1.f:654:46:
     3390    
     3391      350 |                CALL SORGQR( P, P, Q, U1, LDU1, 0, WORK(1),
              -1,
     3392          |                                               2
     3393    ......
     3394      654 |             CALL SORGQR( P, P, M-Q, U1, LDU1, WORK(ITAUP1)
             ,
     3395          |                                              1
  >> 3396    Error: Type mismatch between actual argument at (1) and actual arg
             ument at (2) (REAL(4)/INTEGER(4)).
     3397    sorcsd2by1.f:664:50:
     3398    
     3399      350 |                CALL SORGQR( P, P, Q, U1, LDU1, 0, WORK(1),
              -1,
     3400          |                                               2
     3401    ......
     3402      664 |             CALL SORGQR( M-P, M-P, M-Q, U2, LDU2, WORK(ITA
             UP2),
     3403          |                                                  1
  >> 3404    Error: Type mismatch between actual argument at (1) and actual arg
             ument at (2) (REAL(4)/INTEGER(4)).
     3405    sorcsd2by1.f:673:46:
     3406    
     3407      361 |      $                   0, WORK(1), -1, CHILDINFO )
     3408          |                         2
     3409    ......
     3410      673 |             CALL SORGLQ( Q, Q, Q, V1T, LDV1T, WORK(ITAUQ1)
             ,
     3411          |                                              1
  >> 3412    Error: Type mismatch between actual argument at (1) and actual arg
             ument at (2) (REAL(4)/INTEGER(4)).
     3413    sorcsd2by1.f:680:29:
     3414    
     3415      365 |      $                   0, U1, LDU1, U2, LDU2, V1T, LDV1T
             , 0, 1, 0, 0,
     3416          |                         2
     3417    ......
     3418      680 |      $                THETA, WORK(IPHI), U2, LDU2, U1, LDU
             1, 0, 1, V1T,
     3419          |                             1
  >> 3420    Error: Type mismatch between actual argument at (1) and actual arg
             ument at (2) (REAL(4)/INTEGER(4)).
  >> 3421    make[2]: *** [sorcsd2by1.o] Error 1
     3422    make[2]: Leaving directory `/tmp/sochat1/spack-stage/spack-stage-o
             penblas-0.2.16-yhnqacqy2ipmez3a6biqhs5du67jtlml/spack-src/lapack-n
             etlib/SRC'
  >> 3423    make[1]: *** [lapacklib] Error 2
     3424    make[1]: Leaving directory `/tmp/sochat1/spack-stage/spack-stage-o
             penblas-0.2.16-yhnqacqy2ipmez3a6biqhs5du67jtlml/spack-src/lapack-n
             etlib'
  >> 3425    make: *** [netlib] Error 2

See build log for details:
  /var/tmp/sochat1/spack-stage/spack-stage-openblas-0.2.16-yhnqacqy2ipmez3a6biqhs5du67jtlml/spack-build-out.txt

==> Error: ProcessError: Command exited with status 2:
    'make' 'CC=/p/vast1/build/spack/lib/spack/env/gcc/gcc' 'FC=/p/vast1/build/spack/lib/spack/env/gcc/gfortran' 'MAKE_NO_J=1' 'TARGET=HASWELL' 'USE_OPENMP=0' 'USE_THREAD=0' 'libs' 'netlib' 'shared'

26 errors found in build log:
     4384    
     4385      366 |      $                   0, U1, LDU1, U2, LDU2, V1T, LDV1T
             , 0, 1, 0, 0,
     4386          |                                      2
     4387    ......
     4388      389 |      $                   0, V1T, LDV1T, 0, 1, U1, LDU1, U2
             , LDU2, 0, 0,
     4389          |                                        1
  >> 4390    Error: Type mismatch between actual argument at (1) and actual arg
             ument at (2) (INTEGER(4)/REAL(4)).
     4391    sorcsd2by1.f:412:35:
     4392    
     4393      366 |      $                   0, U1, LDU1, U2, LDU2, V1T, LDV1T
             , 0, 1, 0, 0,
     4394          |                            2
     4395    ......
     4396      412 |      $                   THETA, 0, 0, 1, V1T, LDV1T, U2, L
             DU2, U1, LDU1,
     4397          |                                   1
  >> 4398    Error: Type mismatch between actual argument at (1) and actual arg
             ument at (2) (INTEGER(4)/REAL(4)).
     4399    sorcsd2by1.f:436:55:
     4400    
     4401      366 |      $                   0, U1, LDU1, U2, LDU2, V1T, LDV1T
             , 0, 1, 0, 0,
     4402          |                                                2
     4403    ......
     4404      436 |      $                   THETA, 0, U2, LDU2, U1, LDU1, 0, 
             1, V1T, LDV1T,
     4405          |                                                       1
  >> 4406    Error: Type mismatch between actual argument at (1) and actual arg
             ument at (2) (INTEGER(4)/REAL(4)).
     4407    sorcsd2by1.f:473:23:
     4408    
     4409      347 |             CALL SORBDB1( M, P, Q, X11, LDX11, X21, LDX21,
              THETA, 0, 0,
     4410          |                                                           
                    2
     4411    ......
     4412      473 |      $                 WORK(IPHI), WORK(ITAUP1), WORK(ITAU
             P2),
     4413          |                       1
  >> 4414    Error: Type mismatch between actual argument at (1) and actual arg
             ument at (2) (REAL(4)/INTEGER(4)).
     4415    sorcsd2by1.f:480:44:
     4416    
     4417      351 |                CALL SORGQR( P, P, Q, U1, LDU1, 0, WORK(1),
              -1,
     4418          |                                               2
     4419    ......
     4420      480 |             CALL SORGQR( P, P, Q, U1, LDU1, WORK(ITAUP1), 
             WORK(IORGQR),
     4421          |                                            1
  >> 4422    Error: Type mismatch between actual argument at (1) and actual arg
             ument at (2) (REAL(4)/INTEGER(4)).
     4423    sorcsd2by1.f:485:48:
     4424    
     4425      351 |                CALL SORGQR( P, P, Q, U1, LDU1, 0, WORK(1),
              -1,
     4426          |                                               2
     4427    ......
     4428      485 |             CALL SORGQR( M-P, M-P, Q, U2, LDU2, WORK(ITAUP
             2),
     4429          |                                                1
  >> 4430    Error: Type mismatch between actual argument at (1) and actual arg
             ument at (2) (REAL(4)/INTEGER(4)).
     4431    sorcsd2by1.f:496:57:
     4432    
     4433      362 |      $                   0, WORK(1), -1, CHILDINFO )
     4434          |                         2
     4435    ......
     4436      496 |             CALL SORGLQ( Q-1, Q-1, Q-1, V1T(2,2), LDV1T, W
             ORK(ITAUQ1),
     4437          |                                                         1
  >> 4438    Error: Type mismatch between actual argument at (1) and actual arg
             ument at (2) (REAL(4)/INTEGER(4)).
     4439    sorcsd2by1.f:503:22:
     4440    
     4441      366 |      $                   0, U1, LDU1, U2, LDU2, V1T, LDV1T
             , 0, 1, 0, 0,
     4442          |                         2
     4443    ......
     4444      503 |      $                WORK(IPHI), U1, LDU1, U2, LDU2, V1T,
              LDV1T, 0, 1,
     4445          |                      1
  >> 4446    Error: Type mismatch between actual argument at (1) and actual arg
             ument at (2) (REAL(4)/INTEGER(4)).
     4447    sorcsd2by1.f:528:23:
     4448    
     4449      370 |             CALL SORBDB2( M, P, Q, X11, LDX11, X21, LDX21,
              THETA, 0, 0,
     4450          |                                                           
                    2
     4451    ......
     4452      528 |      $                 WORK(IPHI), WORK(ITAUP1), WORK(ITAU
             P2),
     4453          |                       1
  >> 4454    Error: Type mismatch between actual argument at (1) and actual arg
             ument at (2) (REAL(4)/INTEGER(4)).
     4455    sorcsd2by1.f:540:55:
     4456    
     4457      351 |                CALL SORGQR( P, P, Q, U1, LDU1, 0, WORK(1),
              -1,
     4458          |                                               2
     4459    ......
     4460      540 |             CALL SORGQR( P-1, P-1, P-1, U1(2,2), LDU1, WOR
             K(ITAUP1),
     4461          |                                                       1
  >> 4462    Error: Type mismatch between actual argument at (1) and actual arg
             ument at (2) (REAL(4)/INTEGER(4)).
     4463    sorcsd2by1.f:545:48:
     4464    
     4465      351 |                CALL SORGQR( P, P, Q, U1, LDU1, 0, WORK(1),
              -1,
     4466          |                                               2
     4467    ......
     4468      545 |             CALL SORGQR( M-P, M-P, Q, U2, LDU2, WORK(ITAUP
             2),
     4469          |                                                1
  >> 4470    Error: Type mismatch between actual argument at (1) and actual arg
             ument at (2) (REAL(4)/INTEGER(4)).
     4471    sorcsd2by1.f:550:46:
     4472    
     4473      362 |      $                   0, WORK(1), -1, CHILDINFO )
     4474          |                         2
     4475    ......
     4476      550 |             CALL SORGLQ( Q, Q, R, V1T, LDV1T, WORK(ITAUQ1)
             ,
     4477          |                                              1
  >> 4478    Error: Type mismatch between actual argument at (1) and actual arg
             ument at (2) (REAL(4)/INTEGER(4)).
     4479    sorcsd2by1.f:557:22:
     4480    
     4481      366 |      $                   0, U1, LDU1, U2, LDU2, V1T, LDV1T
             , 0, 1, 0, 0,
     4482          |                         2
     4483    ......
     4484      557 |      $                WORK(IPHI), V1T, LDV1T, 0, 1, U1, LD
             U1, U2, LDU2,
     4485          |                      1
  >> 4486    Error: Type mismatch between actual argument at (1) and actual arg
             ument at (2) (REAL(4)/INTEGER(4)).
     4487    sorcsd2by1.f:582:23:
     4488    
     4489      393 |             CALL SORBDB3( M, P, Q, X11, LDX11, X21, LDX21,
              THETA, 0, 0,
     4490          |                                                           
                    2
     4491    ......
     4492      582 |      $                 WORK(IPHI), WORK(ITAUP1), WORK(ITAU
             P2),
     4493          |                       1
  >> 4494    Error: Type mismatch between actual argument at (1) and actual arg
             ument at (2) (REAL(4)/INTEGER(4)).
     4495    sorcsd2by1.f:589:44:
     4496    
     4497      351 |                CALL SORGQR( P, P, Q, U1, LDU1, 0, WORK(1),
              -1,
     4498          |                                               2
     4499    ......
     4500      589 |             CALL SORGQR( P, P, Q, U1, LDU1, WORK(ITAUP1), 
             WORK(IORGQR),
     4501          |                                            1
  >> 4502    Error: Type mismatch between actual argument at (1) and actual arg
             ument at (2) (REAL(4)/INTEGER(4)).
     4503    sorcsd2by1.f:601:25:
     4504    
     4505      351 |                CALL SORGQR( P, P, Q, U1, LDU1, 0, WORK(1),
              -1,
     4506          |                                               2
     4507    ......
     4508      601 |      $                   WORK(ITAUP2), WORK(IORGQR), LORGQ
             R, CHILDINFO )
     4509          |                         1
  >> 4510    Error: Type mismatch between actual argument at (1) and actual arg
             ument at (2) (REAL(4)/INTEGER(4)).
     4511    sorcsd2by1.f:605:46:
     4512    
     4513      362 |      $                   0, WORK(1), -1, CHILDINFO )
     4514          |                         2
     4515    ......
     4516      605 |             CALL SORGLQ( Q, Q, R, V1T, LDV1T, WORK(ITAUQ1)
             ,
     4517          |                                              1
  >> 4518    Error: Type mismatch between actual argument at (1) and actual arg
             ument at (2) (REAL(4)/INTEGER(4)).
     4519    sorcsd2by1.f:612:29:
     4520    
     4521      366 |      $                   0, U1, LDU1, U2, LDU2, V1T, LDV1T
             , 0, 1, 0, 0,
     4522          |                         2
     4523    ......
     4524      612 |      $                THETA, WORK(IPHI), 0, 1, V1T, LDV1T,
              U2, LDU2, U1,
     4525          |                             1
  >> 4526    Error: Type mismatch between actual argument at (1) and actual arg
             ument at (2) (REAL(4)/INTEGER(4)).
     4527    sorcsd2by1.f:642:23:
     4528    
     4529      417 |             CALL SORBDB4( M, P, Q, X11, LDX11, X21, LDX21,
              THETA, 0, 0,
     4530          |                                                           
                    2
     4531    ......
     4532      642 |      $                 WORK(IPHI), WORK(ITAUP1), WORK(ITAU
             P2),
     4533          |                       1
  >> 4534    Error: Type mismatch between actual argument at (1) and actual arg
             ument at (2) (REAL(4)/INTEGER(4)).
     4535    sorcsd2by1.f:655:46:
     4536    
     4537      351 |                CALL SORGQR( P, P, Q, U1, LDU1, 0, WORK(1),
              -1,
     4538          |                                               2
     4539    ......
     4540      655 |             CALL SORGQR( P, P, M-Q, U1, LDU1, WORK(ITAUP1)
             ,
     4541          |                                              1
  >> 4542    Error: Type mismatch between actual argument at (1) and actual arg
             ument at (2) (REAL(4)/INTEGER(4)).
     4543    sorcsd2by1.f:665:50:
     4544    
     4545      351 |                CALL SORGQR( P, P, Q, U1, LDU1, 0, WORK(1),
              -1,
     4546          |                                               2
     4547    ......
     4548      665 |             CALL SORGQR( M-P, M-P, M-Q, U2, LDU2, WORK(ITA
             UP2),
     4549          |                                                  1
  >> 4550    Error: Type mismatch between actual argument at (1) and actual arg
             ument at (2) (REAL(4)/INTEGER(4)).
     4551    sorcsd2by1.f:674:46:
     4552    
     4553      362 |      $                   0, WORK(1), -1, CHILDINFO )
     4554          |                         2
     4555    ......
     4556      674 |             CALL SORGLQ( Q, Q, Q, V1T, LDV1T, WORK(ITAUQ1)
             ,
     4557          |                                              1
  >> 4558    Error: Type mismatch between actual argument at (1) and actual arg
             ument at (2) (REAL(4)/INTEGER(4)).
     4559    sorcsd2by1.f:681:29:
     4560    
     4561      366 |      $                   0, U1, LDU1, U2, LDU2, V1T, LDV1T
             , 0, 1, 0, 0,
     4562          |                         2
     4563    ......
     4564      681 |      $                THETA, WORK(IPHI), U2, LDU2, U1, LDU
             1, 0, 1, V1T,
     4565          |                             1
  >> 4566    Error: Type mismatch between actual argument at (1) and actual arg
             ument at (2) (REAL(4)/INTEGER(4)).
     4567    /p/vast1/build/spack/lib/spack/env/gcc/gfortran -O2 -Wall -m64 -fP
             IC -c dgbtrf.f -o dgbtrf.o
  >> 4568    make[2]: *** [sorcsd2by1.o] Error 1
     4569    make[2]: *** Waiting for unfinished jobs....
     4570    stgsyl.f:606:0:
     4571    
     4572      606 |                SCALE = SCALE2
     4573          |
     4574    Warning: 'scale2' may be used uninitialized in this function [-Wma
             ybe-uninitialized]

     ...

     4666    stgevc.f:1145:15:
     4667    
     4668     1145 |             IF( ILBACK ) THEN
     4669          |               ^
     4670    Warning: 'ilback' may be used uninitialized in this function [-Wma
             ybe-uninitialized]
     4671    make[2]: Leaving directory `/tmp/sochat1/spack-stage/spack-stage-o
             penblas-0.2.15-v3lxndobuxrhunbkbuhzvqhbumk4jame/spack-src/lapack-n
             etlib/SRC'
  >> 4672    make[1]: *** [lapacklib] Error 2
     4673    make[1]: Leaving directory `/tmp/sochat1/spack-stage/spack-stage-o
             penblas-0.2.15-v3lxndobuxrhunbkbuhzvqhbumk4jame/spack-src/lapack-n
             etlib'
  >> 4674    make: *** [netlib] Error 2

See build log for details:
  /var/tmp/sochat1/spack-stage/spack-stage-openblas-0.2.15-v3lxndobuxrhunbkbuhzvqhbumk4jame/spack-build-out.txt

Making predictions for spack-test
Making predictions for symbolator
Making predictions for libabigail
abicompat not found on path, will look for spack instead.
Making predictions for actual
