==> Warning: automake-1.16.5-7gugpvl5tq7e3xqgw7wna3fwdlbrszqs failed to install
==> Warning: Skipping build of numactl-2.0.14-wiobx4m5fgmgis4po6hi44kpy7ad57vj since automake-1.16.5-7gugpvl5tq7e3xqgw7wna3fwdlbrszqs failed
==> Warning: Skipping build of openmpi-4.1.2-mtnsjnbj5kuefhd6gtupaglpuytu6vhz since numactl-2.0.14-wiobx4m5fgmgis4po6hi44kpy7ad57vj failed
==> Warning: Skipping build of hypre-2.10.0b-4lkuhxccrbokkvrenbkuwmqy6hpr5tf2 since openmpi-4.1.2-mtnsjnbj5kuefhd6gtupaglpuytu6vhz failed
==> Error: hypre-2.10.0b-4lkuhxccrbokkvrenbkuwmqy6hpr5tf2: Package was not installed
Making predictions for symbolator
Making predictions for libabigail
Making predictions for actual
/var/spool/slurmd/job100526/slurm_script: line 12: 44540 Killed                  spliced splice --package hypre@2.10.0b --splice openblas --runner spack --replace openblas --experiment experiment --outfile /p/vast1/build/spliced-experiment/results/hypre/2.10.0b/openblas/experiment.json
==> Error: ProcessError: Command exited with status 77:
    '/tmp/sochat1/spack-stage/spack-stage-hypre-2.10.0b-4lkuhxccrbokkvrenbkuwmqy6hpr5tf2/spack-src/src/configure' '--prefix=/p/vast1/build/spack/opt/spack/linux-rhel7-broadwell/gcc-10.2.1/hypre-2.10.0b-4lkuhxccrbokkvrenbkuwmqy6hpr5tf2' '--prefix=/p/vast1/build/spack/opt/spack/linux-rhel7-broadwell/gcc-10.2.1/hypre-2.10.0b-4lkuhxccrbokkvrenbkuwmqy6hpr5tf2' '--with-lapack-libs=openblas' '--with-lapack-lib-dirs=/p/vast1/build/spack/opt/spack/linux-rhel7-broadwell/gcc-10.2.1/openblas-0.3.19-jubz2yn2ui3jzqphbt3w2jyqt2pwvz7f/lib' '--with-blas-libs=openblas' '--with-blas-lib-dirs=/p/vast1/build/spack/opt/spack/linux-rhel7-broadwell/gcc-10.2.1/openblas-0.3.19-jubz2yn2ui3jzqphbt3w2jyqt2pwvz7f/lib' '--with-MPI' '--without-openmp' '--disable-bigint' '--disable-mixedint' '--disable-complex' '--enable-shared' '--without-superlu' '--without-mli' '--without-fei' '--disable-debug' '--without-cuda' '--disable-curand' '--disable-cub' '--enable-fortran'

2 errors found in build log:
     4     checking build system type... x86_64-unknown-linux-gnu
     5     checking host system type... x86_64-unknown-linux-gnu
     6     checking whether make sets $(MAKE)... yes
     7     checking for ranlib... ranlib
     8     checking for gcc... /p/vast1/build/spack/opt/spack/linux-rhel7-broad
           well/gcc-10.2.1/openmpi-4.1.2-mtnsjnbj5kuefhd6gtupaglpuytu6vhz/bin/m
           picc
     9     checking for C compiler default output file name...
  >> 10    configure: error: in `/tmp/sochat1/spack-stage/spack-stage-hypre-2.1
           0.0b-4lkuhxccrbokkvrenbkuwmqy6hpr5tf2/spack-src/src':
  >> 11    configure: error: C compiler cannot create executables
     12    See `config.log' for more details.

See build log for details:
  /var/tmp/sochat1/spack-stage/spack-stage-hypre-2.10.0b-4lkuhxccrbokkvrenbkuwmqy6hpr5tf2/spack-build-out.txt

Making predictions for spack-test
Making predictions for symbolator
Making predictions for libabigail
abicompat not found on path, will look for spack instead.
Making predictions for actual
