slurmstepd: error: *** JOB 97207 ON oslic11 CANCELLED AT 2022-02-25T17:17:29 DUE TO TIME LIMIT ***
/var/spool/slurmd/job100563/slurm_script: line 12: 25834 Killed                  spliced splice --package kokkos@3.5.00 --splice cmake --runner spack --replace cmake --experiment experiment --outfile /p/vast1/build/spliced-experiment/results/kokkos/3.5.00/cmake/experiment.json
==> Warning: Missing a source id for cmake@master
==> Error: ProcessError: Command exited with status 2:
    'make' '-j16'

6 errors found in build log:
     1916    [ 91%] Building CXX object Source/CMakeFiles/CTestLib.dir/CTest/cm
             CTestCoverageCommand.cxx.o
     1917    [ 92%] Building CXX object Source/CMakeFiles/CTestLib.dir/CTest/cm
             CTestCoverageHandler.cxx.o
     1918    [ 92%] Building CXX object Source/CMakeFiles/CTestLib.dir/CTest/cm
             ParseMumpsCoverage.cxx.o
     1919    [ 92%] Building CXX object Source/CMakeFiles/CTestLib.dir/CTest/cm
             ParseCacheCoverage.cxx.o
     1920    Linking CXX executable ../bin/ccmake
     1921    [ 92%] Building CXX object Source/CMakeFiles/CTestLib.dir/CTest/cm
             ParseGTMCoverage.cxx.o
  >> 1922    /usr/tce/packages/gcc/gcc-10.2.1/rh/usr/bin/../libexec/gcc/x86_64-
             redhat-linux/10/ld: CMakeFiles/ccmake.dir/CursesDialog/ccmake.cxx.
             o: undefined reference to symbol 'cbreak@@@@NCURSES6_TINFO_5.0.19991
             023'
  >> 1923    /usr/tce/packages/gcc/gcc-10.2.1/rh/usr/bin/../libexec/gcc/x86_64-
             redhat-linux/10/ld: /p/vast1/build/spack/opt/spack/linux-rhel7-bro
             adwell/gcc-10.2.1/ncurses-6.2-2xef6sx47tqatqlceqguyz3rza5okbhy/lib
             /libtinfo.so.6: error adding symbols: DSO missing from command lin
             e
  >> 1924    collect2: error: ld returned 1 exit status
  >> 1925    make[2]: *** [bin/ccmake] Error 1
  >> 1926    make[1]: *** [Source/CMakeFiles/ccmake.dir/all] Error 2
     1927    make[1]: *** Waiting for unfinished jobs....
     1928    [ 93%] Building CXX object Source/CMakeFiles/CTestLib.dir/CTest/cm
             ParsePHPCoverage.cxx.o
     1929    [ 93%] Building CXX object Source/CMakeFiles/CTestLib.dir/CTest/cm
             CTestEmptyBinaryDirectoryCommand.cxx.o
     1930    [ 93%] Building CXX object Source/CMakeFiles/CTestLib.dir/CTest/cm
             CTestGenericHandler.cxx.o
     1931    [ 93%] Building CXX object Source/CMakeFiles/CTestLib.dir/CTest/cm
             CTestHandlerCommand.cxx.o
     1932    [ 93%] Built target cmake

     ...

     1971    [ 98%] Building CXX object Source/CMakeFiles/CTestLib.dir/CTest/cm
             CTestSVN.cxx.o
     1972    [ 98%] Building CXX object Source/CMakeFiles/CTestLib.dir/CTest/cm
             CTestBZR.cxx.o
     1973    [ 99%] Building CXX object Source/CMakeFiles/CTestLib.dir/CTest/cm
             CTestGIT.cxx.o
     1974    [ 99%] Building CXX object Source/CMakeFiles/CTestLib.dir/CTest/cm
             CTestHG.cxx.o
     1975    Linking CXX static library libCTestLib.a
     1976    [ 99%] Built target CTestLib
  >> 1977    make: *** [all] Error 2

See build log for details:
  /var/tmp/sochat1/spack-stage/spack-stage-cmake-2.8.10.2-62xh3dj52yzayczfgo4de6xhzsuerhm2/spack-build-out.txt

Making predictions for spack-test
Making predictions for symbolator
Making predictions for libabigail
abicompat not found on path, will look for spack instead.
Making predictions for actual
