Concretizing nrm@0.1.0
[+] /p/vast1/build/spack/opt/spack/linux-rhel7-broadwell/gcc-10.2.1/libiconv-1.16-glggocpnh7m2dgmtu4fedhbfeessepbe
[+] /p/vast1/build/spack/opt/spack/linux-rhel7-broadwell/gcc-10.2.1/libmd-1.0.4-rooxnv7z75ill3knhg6bxfttmwxdag6i
[+] /p/vast1/build/spack/opt/spack/linux-rhel7-broadwell/gcc-10.2.1/pkgconf-1.8.0-gp2xp6yplvubgic6eunbnl7emqdq3dye
[+] /p/vast1/build/spack/opt/spack/linux-rhel7-broadwell/gcc-10.2.1/xz-5.2.5-d536jz4ora4tt45q72d2lklqr3dqx34m
[+] /p/vast1/build/spack/opt/spack/linux-rhel7-broadwell/gcc-10.2.1/zlib-1.2.11-su2ldy5ofm424qnly3kitbbdgwovpfk4
[+] /p/vast1/build/spack/opt/spack/linux-rhel7-broadwell/gcc-10.2.1/libffi-3.4.2-7vfnd7a5ankpytut3b4oqhktzrcbabfm
[+] /p/vast1/build/spack/opt/spack/linux-rhel7-broadwell/gcc-10.2.1/berkeley-db-18.1.40-c7okyaricn3s5wx6lqo2exspq6tuninj
[+] /p/vast1/build/spack/opt/spack/linux-rhel7-broadwell/gcc-10.2.1/libyaml-0.2.5-6i24u6vb3p5zhrlg2z2u5yuitds55263
[+] /p/vast1/build/spack/opt/spack/linux-rhel7-broadwell/gcc-10.2.1/diffutils-3.8-vxb536efq575rjec2zqsyqgsebpspfvs
[+] /p/vast1/build/spack/opt/spack/linux-rhel7-broadwell/gcc-10.2.1/tar-1.34-3g4ty3srw34e6frmd2d2f523hr2pck3g
[+] /p/vast1/build/spack/opt/spack/linux-rhel7-broadwell/gcc-10.2.1/libbsd-0.11.5-yt5rlx2ycq24tyyohhconaxiqgzajzbo
[+] /p/vast1/build/spack/opt/spack/linux-rhel7-broadwell/gcc-10.2.1/ncurses-6.2-2xef6sx47tqatqlceqguyz3rza5okbhy
[+] /p/vast1/build/spack/opt/spack/linux-rhel7-broadwell/gcc-10.2.1/util-linux-uuid-2.37.4-26saxoixdjk3763nksg3ajmdzt5gyubu
[+] /p/vast1/build/spack/opt/spack/linux-rhel7-broadwell/gcc-10.2.1/libxml2-2.9.12-rs3llxgrrh537ywuyzjxyebuzo3gnxpt
[+] /p/vast1/build/spack/opt/spack/linux-rhel7-broadwell/gcc-10.2.1/bzip2-1.0.8-jmjklgubcyryaddwqvzuvzeiq6zfqmst
[+] /p/vast1/build/spack/opt/spack/linux-rhel7-broadwell/gcc-10.2.1/expat-2.4.6-akiducmoeufix2d6beegvgbj5skm36ul
[+] /p/vast1/build/spack/opt/spack/linux-rhel7-broadwell/gcc-10.2.1/readline-8.1-vfjorqgtmqh3rl5ollaj4n2uusx4foez
[+] /p/vast1/build/spack/opt/spack/linux-rhel7-broadwell/gcc-10.2.1/docbook-xml-4.5-2kwugpxqn27v76eaekas26tepsnb6scm
[+] /p/vast1/build/spack/opt/spack/linux-rhel7-broadwell/gcc-10.2.1/gettext-0.21-zrjvymznliicfcjx4lqkixtjo76ruzmr
[+] /p/vast1/build/spack/opt/spack/linux-rhel7-broadwell/gcc-10.2.1/gdbm-1.19-k5otkqycqsp3sya4vlvqbekdodhy2a2b
[+] /p/vast1/build/spack/opt/spack/linux-rhel7-broadwell/gcc-10.2.1/sqlite-3.37.2-osxyeivy7mdmhjyjwcsm4l7tooho6s2d
[+] /p/vast1/build/spack/opt/spack/linux-rhel7-broadwell/gcc-10.2.1/perl-5.34.0-wimaji5zk5vlms3psvdtvmxifnine4nh
[+] /p/vast1/build/spack/opt/spack/linux-rhel7-broadwell/gcc-10.2.1/openblas-0.3.19-jubz2yn2ui3jzqphbt3w2jyqt2pwvz7f
[+] /p/vast1/build/spack/opt/spack/linux-rhel7-broadwell/gcc-10.2.1/openssl-1.1.1m-momhhzpwxq3fzqnlqbabquoitiq5d6q6
[+] /p/vast1/build/spack/opt/spack/linux-rhel7-broadwell/gcc-10.2.1/cmake-3.22.2-7oku4yd37mfoi65gi3alunjbl35euphw
[+] /p/vast1/build/spack/opt/spack/linux-rhel7-broadwell/gcc-10.2.1/docbook-xsl-1.79.2-ow62ptowj7uqofx4rtmjv3ankoo5tupw
[+] /p/vast1/build/spack/opt/spack/linux-rhel7-broadwell/gcc-10.2.1/libsodium-1.0.18-tdd6i4iwxq5mql3cuwnardlk5vjz2ehr
[+] /p/vast1/build/spack/opt/spack/linux-rhel7-broadwell/gcc-10.2.1/libzmq-4.3.4-fqtryno4zlelddu3pj4cexkeorwlsxjq
[+] /p/vast1/build/spack/opt/spack/linux-rhel7-broadwell/gcc-10.2.1/python-3.8.12-mk6fh4mmk44yg56krxkvawwx2327d7jx
[+] /p/vast1/build/spack/opt/spack/linux-rhel7-broadwell/gcc-10.2.1/py-pip-21.3.1-menmuyltkndtenynqll6oem723xpo6mx
[+] /p/vast1/build/spack/opt/spack/linux-rhel7-broadwell/gcc-10.2.1/py-wheel-0.37.0-e4mt6fe7jkzuvfwhhqf4wbrcychvlmr4
[+] /p/vast1/build/spack/opt/spack/linux-rhel7-broadwell/gcc-10.2.1/py-tomli-1.2.2-llbknnyigx26sawharhph35n23vieyrg
[+] /p/vast1/build/spack/opt/spack/linux-rhel7-broadwell/gcc-10.2.1/py-setuptools-59.4.0-hsdjhjl4tss6r4karycay4bn3det7ybb
==> Installing py-tornado-5.1.1-vpkyfcji5qdex7cktimlailkq7uy4ukx
==> No binary for py-tornado-5.1.1-vpkyfcji5qdex7cktimlailkq7uy4ukx found: installing from source
==> Fetching https://mirror.spack.io/_source-cache/archive/4e/4e5158d97583502a7e2739951553cbd88a72076f152b4b11b64b9a10c4c49409.tar.gz
==> No patches needed for py-tornado
==> py-tornado: Executing phase: 'install'
==> py-tornado: Successfully installed py-tornado-5.1.1-vpkyfcji5qdex7cktimlailkq7uy4ukx
  Fetch: 1.88s.  Build: 5.31s.  Total: 7.19s.
[+] /p/vast1/build/spack/opt/spack/linux-rhel7-broadwell/gcc-10.2.1/py-tornado-5.1.1-vpkyfcji5qdex7cktimlailkq7uy4ukx
Concretizing nrm@0.1.0
[+] /p/vast1/build/spack/opt/spack/linux-rhel7-broadwell/gcc-10.2.1/libiconv-1.16-glggocpnh7m2dgmtu4fedhbfeessepbe
[+] /p/vast1/build/spack/opt/spack/linux-rhel7-broadwell/gcc-10.2.1/libmd-1.0.4-rooxnv7z75ill3knhg6bxfttmwxdag6i
[+] /p/vast1/build/spack/opt/spack/linux-rhel7-broadwell/gcc-10.2.1/pkgconf-1.8.0-gp2xp6yplvubgic6eunbnl7emqdq3dye
[+] /p/vast1/build/spack/opt/spack/linux-rhel7-broadwell/gcc-10.2.1/xz-5.2.5-d536jz4ora4tt45q72d2lklqr3dqx34m
[+] /p/vast1/build/spack/opt/spack/linux-rhel7-broadwell/gcc-10.2.1/zlib-1.2.11-su2ldy5ofm424qnly3kitbbdgwovpfk4
[+] /p/vast1/build/spack/opt/spack/linux-rhel7-broadwell/gcc-10.2.1/libffi-3.4.2-7vfnd7a5ankpytut3b4oqhktzrcbabfm
[+] /p/vast1/build/spack/opt/spack/linux-rhel7-broadwell/gcc-10.2.1/berkeley-db-18.1.40-c7okyaricn3s5wx6lqo2exspq6tuninj
[+] /p/vast1/build/spack/opt/spack/linux-rhel7-broadwell/gcc-10.2.1/libyaml-0.2.5-6i24u6vb3p5zhrlg2z2u5yuitds55263
[+] /p/vast1/build/spack/opt/spack/linux-rhel7-broadwell/gcc-10.2.1/libsodium-1.0.18-tdd6i4iwxq5mql3cuwnardlk5vjz2ehr
[+] /p/vast1/build/spack/opt/spack/linux-rhel7-broadwell/gcc-10.2.1/tar-1.34-3g4ty3srw34e6frmd2d2f523hr2pck3g
[+] /p/vast1/build/spack/opt/spack/linux-rhel7-broadwell/gcc-10.2.1/diffutils-3.8-vxb536efq575rjec2zqsyqgsebpspfvs
[+] /p/vast1/build/spack/opt/spack/linux-rhel7-broadwell/gcc-10.2.1/libbsd-0.11.5-yt5rlx2ycq24tyyohhconaxiqgzajzbo
[+] /p/vast1/build/spack/opt/spack/linux-rhel7-broadwell/gcc-10.2.1/ncurses-6.2-2xef6sx47tqatqlceqguyz3rza5okbhy
[+] /p/vast1/build/spack/opt/spack/linux-rhel7-broadwell/gcc-10.2.1/util-linux-uuid-2.37.4-26saxoixdjk3763nksg3ajmdzt5gyubu
[+] /p/vast1/build/spack/opt/spack/linux-rhel7-broadwell/gcc-10.2.1/libxml2-2.9.12-rs3llxgrrh537ywuyzjxyebuzo3gnxpt
[+] /p/vast1/build/spack/opt/spack/linux-rhel7-broadwell/gcc-10.2.1/bzip2-1.0.8-jmjklgubcyryaddwqvzuvzeiq6zfqmst
[+] /p/vast1/build/spack/opt/spack/linux-rhel7-broadwell/gcc-10.2.1/expat-2.4.6-akiducmoeufix2d6beegvgbj5skm36ul
[+] /p/vast1/build/spack/opt/spack/linux-rhel7-broadwell/gcc-10.2.1/readline-8.1-vfjorqgtmqh3rl5ollaj4n2uusx4foez
[+] /p/vast1/build/spack/opt/spack/linux-rhel7-broadwell/gcc-10.2.1/docbook-xml-4.5-2kwugpxqn27v76eaekas26tepsnb6scm
[+] /p/vast1/build/spack/opt/spack/linux-rhel7-broadwell/gcc-10.2.1/gettext-0.21-zrjvymznliicfcjx4lqkixtjo76ruzmr
[+] /p/vast1/build/spack/opt/spack/linux-rhel7-broadwell/gcc-10.2.1/sqlite-3.37.2-osxyeivy7mdmhjyjwcsm4l7tooho6s2d
[+] /p/vast1/build/spack/opt/spack/linux-rhel7-broadwell/gcc-10.2.1/gdbm-1.19-k5otkqycqsp3sya4vlvqbekdodhy2a2b
[+] /p/vast1/build/spack/opt/spack/linux-rhel7-broadwell/gcc-10.2.1/docbook-xsl-1.79.2-ow62ptowj7uqofx4rtmjv3ankoo5tupw
[+] /p/vast1/build/spack/opt/spack/linux-rhel7-broadwell/gcc-10.2.1/perl-5.34.0-wimaji5zk5vlms3psvdtvmxifnine4nh
[+] /p/vast1/build/spack/opt/spack/linux-rhel7-broadwell/gcc-10.2.1/libzmq-4.3.4-fqtryno4zlelddu3pj4cexkeorwlsxjq
[+] /p/vast1/build/spack/opt/spack/linux-rhel7-broadwell/gcc-10.2.1/openblas-0.3.19-jubz2yn2ui3jzqphbt3w2jyqt2pwvz7f
[+] /p/vast1/build/spack/opt/spack/linux-rhel7-broadwell/gcc-10.2.1/openssl-1.1.1m-momhhzpwxq3fzqnlqbabquoitiq5d6q6
[+] /p/vast1/build/spack/opt/spack/linux-rhel7-broadwell/gcc-10.2.1/python-3.8.12-mk6fh4mmk44yg56krxkvawwx2327d7jx
[+] /p/vast1/build/spack/opt/spack/linux-rhel7-broadwell/gcc-10.2.1/cmake-3.22.2-7oku4yd37mfoi65gi3alunjbl35euphw
[+] /p/vast1/build/spack/opt/spack/linux-rhel7-broadwell/gcc-10.2.1/py-pip-21.3.1-menmuyltkndtenynqll6oem723xpo6mx
[+] /p/vast1/build/spack/opt/spack/linux-rhel7-broadwell/gcc-10.2.1/py-wheel-0.37.0-e4mt6fe7jkzuvfwhhqf4wbrcychvlmr4
[+] /p/vast1/build/spack/opt/spack/linux-rhel7-broadwell/gcc-10.2.1/py-tomli-1.2.2-llbknnyigx26sawharhph35n23vieyrg
[+] /p/vast1/build/spack/opt/spack/linux-rhel7-broadwell/gcc-10.2.1/py-setuptools-59.4.0-hsdjhjl4tss6r4karycay4bn3det7ybb
==> Installing py-pycparser-2.20-wrpfklfoibzg6qvbjkluoueakbdboulm
==> No binary for py-pycparser-2.20-wrpfklfoibzg6qvbjkluoueakbdboulm found: installing from source
==> Using cached archive: /p/vast1/build/spack/var/spack/cache/_source-cache/archive/2d/2d475327684562c3a96cc71adf7dc8c4f0565175cf86b6d7a404ff4c771f15f0.tar.gz
==> No patches needed for py-pycparser
==> py-pycparser: Executing phase: 'install'
Concretizing nrm@0.1.0
[+] /p/vast1/build/spack/opt/spack/linux-rhel7-broadwell/gcc-10.2.1/libiconv-1.16-glggocpnh7m2dgmtu4fedhbfeessepbe
[+] /p/vast1/build/spack/opt/spack/linux-rhel7-broadwell/gcc-10.2.1/libmd-1.0.4-rooxnv7z75ill3knhg6bxfttmwxdag6i
[+] /p/vast1/build/spack/opt/spack/linux-rhel7-broadwell/gcc-10.2.1/pkgconf-1.8.0-gp2xp6yplvubgic6eunbnl7emqdq3dye
[+] /p/vast1/build/spack/opt/spack/linux-rhel7-broadwell/gcc-10.2.1/xz-5.2.5-d536jz4ora4tt45q72d2lklqr3dqx34m
[+] /p/vast1/build/spack/opt/spack/linux-rhel7-broadwell/gcc-10.2.1/zlib-1.2.11-su2ldy5ofm424qnly3kitbbdgwovpfk4
[+] /p/vast1/build/spack/opt/spack/linux-rhel7-broadwell/gcc-10.2.1/libffi-3.4.2-7vfnd7a5ankpytut3b4oqhktzrcbabfm
[+] /p/vast1/build/spack/opt/spack/linux-rhel7-broadwell/gcc-10.2.1/berkeley-db-18.1.40-c7okyaricn3s5wx6lqo2exspq6tuninj
[+] /p/vast1/build/spack/opt/spack/linux-rhel7-broadwell/gcc-10.2.1/libyaml-0.2.5-6i24u6vb3p5zhrlg2z2u5yuitds55263
[+] /p/vast1/build/spack/opt/spack/linux-rhel7-broadwell/gcc-10.2.1/libsodium-1.0.18-tdd6i4iwxq5mql3cuwnardlk5vjz2ehr
[+] /p/vast1/build/spack/opt/spack/linux-rhel7-broadwell/gcc-10.2.1/tar-1.34-3g4ty3srw34e6frmd2d2f523hr2pck3g
[+] /p/vast1/build/spack/opt/spack/linux-rhel7-broadwell/gcc-10.2.1/diffutils-3.8-vxb536efq575rjec2zqsyqgsebpspfvs
[+] /p/vast1/build/spack/opt/spack/linux-rhel7-broadwell/gcc-10.2.1/libbsd-0.11.5-yt5rlx2ycq24tyyohhconaxiqgzajzbo
[+] /p/vast1/build/spack/opt/spack/linux-rhel7-broadwell/gcc-10.2.1/util-linux-uuid-2.37.4-26saxoixdjk3763nksg3ajmdzt5gyubu
[+] /p/vast1/build/spack/opt/spack/linux-rhel7-broadwell/gcc-10.2.1/ncurses-6.2-2xef6sx47tqatqlceqguyz3rza5okbhy
[+] /p/vast1/build/spack/opt/spack/linux-rhel7-broadwell/gcc-10.2.1/libxml2-2.9.12-rs3llxgrrh537ywuyzjxyebuzo3gnxpt
[+] /p/vast1/build/spack/opt/spack/linux-rhel7-broadwell/gcc-10.2.1/bzip2-1.0.8-jmjklgubcyryaddwqvzuvzeiq6zfqmst
[+] /p/vast1/build/spack/opt/spack/linux-rhel7-broadwell/gcc-10.2.1/expat-2.4.6-akiducmoeufix2d6beegvgbj5skm36ul
[+] /p/vast1/build/spack/opt/spack/linux-rhel7-broadwell/gcc-10.2.1/readline-8.1-vfjorqgtmqh3rl5ollaj4n2uusx4foez
[+] /p/vast1/build/spack/opt/spack/linux-rhel7-broadwell/gcc-10.2.1/docbook-xml-4.5-2kwugpxqn27v76eaekas26tepsnb6scm
[+] /p/vast1/build/spack/opt/spack/linux-rhel7-broadwell/gcc-10.2.1/gettext-0.21-zrjvymznliicfcjx4lqkixtjo76ruzmr
[+] /p/vast1/build/spack/opt/spack/linux-rhel7-broadwell/gcc-10.2.1/gdbm-1.19-k5otkqycqsp3sya4vlvqbekdodhy2a2b
[+] /p/vast1/build/spack/opt/spack/linux-rhel7-broadwell/gcc-10.2.1/sqlite-3.37.2-osxyeivy7mdmhjyjwcsm4l7tooho6s2d
[+] /p/vast1/build/spack/opt/spack/linux-rhel7-broadwell/gcc-10.2.1/docbook-xsl-1.79.2-ow62ptowj7uqofx4rtmjv3ankoo5tupw
[+] /p/vast1/build/spack/opt/spack/linux-rhel7-broadwell/gcc-10.2.1/perl-5.34.0-wimaji5zk5vlms3psvdtvmxifnine4nh
[+] /p/vast1/build/spack/opt/spack/linux-rhel7-broadwell/gcc-10.2.1/libzmq-4.3.4-fqtryno4zlelddu3pj4cexkeorwlsxjq
[+] /p/vast1/build/spack/opt/spack/linux-rhel7-broadwell/gcc-10.2.1/openblas-0.3.19-jubz2yn2ui3jzqphbt3w2jyqt2pwvz7f
[+] /p/vast1/build/spack/opt/spack/linux-rhel7-broadwell/gcc-10.2.1/openssl-1.1.1m-momhhzpwxq3fzqnlqbabquoitiq5d6q6
[+] /p/vast1/build/spack/opt/spack/linux-rhel7-broadwell/gcc-10.2.1/cmake-3.22.2-7oku4yd37mfoi65gi3alunjbl35euphw
[+] /p/vast1/build/spack/opt/spack/linux-rhel7-broadwell/gcc-10.2.1/python-3.8.12-mk6fh4mmk44yg56krxkvawwx2327d7jx
[+] /p/vast1/build/spack/opt/spack/linux-rhel7-broadwell/gcc-10.2.1/py-pip-21.3.1-menmuyltkndtenynqll6oem723xpo6mx
[+] /p/vast1/build/spack/opt/spack/linux-rhel7-broadwell/gcc-10.2.1/py-wheel-0.37.0-e4mt6fe7jkzuvfwhhqf4wbrcychvlmr4
[+] /p/vast1/build/spack/opt/spack/linux-rhel7-broadwell/gcc-10.2.1/py-tomli-1.2.2-llbknnyigx26sawharhph35n23vieyrg
[+] /p/vast1/build/spack/opt/spack/linux-rhel7-broadwell/gcc-10.2.1/py-setuptools-59.4.0-hsdjhjl4tss6r4karycay4bn3det7ybb
[+] /p/vast1/build/spack/opt/spack/linux-rhel7-broadwell/gcc-10.2.1/py-greenlet-1.1.2-vgjn64qkz4yob67qhuxeqdanpwelsww2
[+] /p/vast1/build/spack/opt/spack/linux-rhel7-broadwell/gcc-10.2.1/py-pybind11-2.8.1-hslz64qalhnffrtqvci64l5eujhrhsdo
[+] /p/vast1/build/spack/opt/spack/linux-rhel7-broadwell/gcc-10.2.1/py-six-1.16.0-ef4sun6fegema5abei6xhpd4bdplzi7m
[+] /p/vast1/build/spack/opt/spack/linux-rhel7-broadwell/gcc-10.2.1/py-gast-0.5.3-ur2esgnm6snmydpadvdnjdb5xqzwfgrb
[+] /p/vast1/build/spack/opt/spack/linux-rhel7-broadwell/gcc-10.2.1/py-pycparser-2.20-wrpfklfoibzg6qvbjkluoueakbdboulm
[+] /p/vast1/build/spack/opt/spack/linux-rhel7-broadwell/gcc-10.2.1/py-tornado-5.1.1-vpkyfcji5qdex7cktimlailkq7uy4ukx
[+] /p/vast1/build/spack/opt/spack/linux-rhel7-broadwell/gcc-10.2.1/py-cython-0.29.24-xzdhibtfhekqepde4y5olbmvz4axqih4
[+] /p/vast1/build/spack/opt/spack/linux-rhel7-broadwell/gcc-10.2.1/py-ply-3.11-kto5wx5qp2bzqlfi2mz3fsm6ikn5uyzi
[+] /p/vast1/build/spack/opt/spack/linux-rhel7-broadwell/gcc-10.2.1/py-jsonpointer-1.9-yvma6s2dc4ny6m7zydevceuuqy66np4y
[+] /p/vast1/build/spack/opt/spack/linux-rhel7-broadwell/gcc-10.2.1/py-pyparsing-3.0.6-gd5zopl32pfw2thg23l6zlyzoickphv6
[+] /p/vast1/build/spack/opt/spack/linux-rhel7-broadwell/gcc-10.2.1/py-vcversioner-2.16.0.0-r43vhiw53ggsmjn7tfpizaxbzpltc625
[+] /p/vast1/build/spack/opt/spack/linux-rhel7-broadwell/gcc-10.2.1/py-beniget-0.4.1-sda6ggkgbob3vhw2eavguwhvpq6m72ox
[+] /p/vast1/build/spack/opt/spack/linux-rhel7-broadwell/gcc-10.2.1/py-cffi-1.15.0-hfgrku7rujvr3f3dr573jejoajbwdh6t
[+] /p/vast1/build/spack/opt/spack/linux-rhel7-broadwell/gcc-10.2.1/py-pyyaml-6.0-fhvthv4s6eblljtys5qcni4qwnbi7sos
[+] /p/vast1/build/spack/opt/spack/linux-rhel7-broadwell/gcc-10.2.1/py-numpy-1.22.2-y3jnktiiuxnzzy6svu7fvxrqyxffrf7r
[+] /p/vast1/build/spack/opt/spack/linux-rhel7-broadwell/gcc-10.2.1/py-jsonpatch-1.23-xtz5v6uchzgcemc4j2a5wa7uo4xfsz7i
[+] /p/vast1/build/spack/opt/spack/linux-rhel7-broadwell/gcc-10.2.1/py-packaging-21.3-l3fbyi57qgj344bwlpxigl22fu3l734z
[+] /p/vast1/build/spack/opt/spack/linux-rhel7-broadwell/gcc-10.2.1/py-jsonschema-2.6.0-iqchlq4q2osbgrlzzdbd2jiqlnkkfqfs
[+] /p/vast1/build/spack/opt/spack/linux-rhel7-broadwell/gcc-10.2.1/py-gevent-1.5.0-gz2ae4civuemlttmcp6ewokxnqiy3huh
[+] /p/vast1/build/spack/opt/spack/linux-rhel7-broadwell/gcc-10.2.1/py-pythran-0.10.0-ic5h5z7r3urhw3v75vffcnd4shulp5e3
[+] /p/vast1/build/spack/opt/spack/linux-rhel7-broadwell/gcc-10.2.1/py-setuptools-scm-6.3.2-y4aywojn7h4e6z77zklq54iwvejs6vhv
[+] /p/vast1/build/spack/opt/spack/linux-rhel7-broadwell/gcc-10.2.1/py-warlock-1.3.3-4xbhn3mcwjth7foebo6tggacp6ysfr5r
[+] /p/vast1/build/spack/opt/spack/linux-rhel7-broadwell/gcc-10.2.1/py-scipy-1.8.0-e66ardice6wkljpor45rrecte3kdxkpf
[+] /p/vast1/build/spack/opt/spack/linux-rhel7-broadwell/gcc-10.2.1/py-py-1.11.0-cfph5ubjzfdawyvlwymtqvbo6uyz7od6
[+] /p/vast1/build/spack/opt/spack/linux-rhel7-broadwell/gcc-10.2.1/py-pyzmq-17.1.2-noquhixafjgjlzu73giwvkv7lg3yrv3z
[+] /p/vast1/build/spack/opt/spack/linux-rhel7-broadwell/gcc-10.2.1/nrm-0.1.0-lpoyd6744fbkdxt4yznrte6jglr2226p
Testing splicing in (and out) py-scipy@master
[+] /p/vast1/build/spack/opt/spack/linux-rhel7-broadwell/gcc-10.2.1/berkeley-db-18.1.40-c7okyaricn3s5wx6lqo2exspq6tuninj
[+] /p/vast1/build/spack/opt/spack/linux-rhel7-broadwell/gcc-10.2.1/libiconv-1.16-glggocpnh7m2dgmtu4fedhbfeessepbe
[+] /p/vast1/build/spack/opt/spack/linux-rhel7-broadwell/gcc-10.2.1/pkgconf-1.8.0-gp2xp6yplvubgic6eunbnl7emqdq3dye
[+] /p/vast1/build/spack/opt/spack/linux-rhel7-broadwell/gcc-10.2.1/zlib-1.2.11-su2ldy5ofm424qnly3kitbbdgwovpfk4
[+] /p/vast1/build/spack/opt/spack/linux-rhel7-broadwell/gcc-10.2.1/libmd-1.0.4-rooxnv7z75ill3knhg6bxfttmwxdag6i
[+] /p/vast1/build/spack/opt/spack/linux-rhel7-broadwell/gcc-10.2.1/xz-5.2.5-d536jz4ora4tt45q72d2lklqr3dqx34m
[+] /p/vast1/build/spack/opt/spack/linux-rhel7-broadwell/gcc-10.2.1/libffi-3.4.2-7vfnd7a5ankpytut3b4oqhktzrcbabfm
[+] /p/vast1/build/spack/opt/spack/linux-rhel7-broadwell/gcc-10.2.1/tar-1.34-3g4ty3srw34e6frmd2d2f523hr2pck3g
[+] /p/vast1/build/spack/opt/spack/linux-rhel7-broadwell/gcc-10.2.1/diffutils-3.8-vxb536efq575rjec2zqsyqgsebpspfvs
[+] /p/vast1/build/spack/opt/spack/linux-rhel7-broadwell/gcc-10.2.1/util-linux-uuid-2.37.4-26saxoixdjk3763nksg3ajmdzt5gyubu
[+] /p/vast1/build/spack/opt/spack/linux-rhel7-broadwell/gcc-10.2.1/ncurses-6.2-2xef6sx47tqatqlceqguyz3rza5okbhy
[+] /p/vast1/build/spack/opt/spack/linux-rhel7-broadwell/gcc-10.2.1/libbsd-0.11.5-yt5rlx2ycq24tyyohhconaxiqgzajzbo
[+] /p/vast1/build/spack/opt/spack/linux-rhel7-broadwell/gcc-10.2.1/libxml2-2.9.12-rs3llxgrrh537ywuyzjxyebuzo3gnxpt
[+] /p/vast1/build/spack/opt/spack/linux-rhel7-broadwell/gcc-10.2.1/bzip2-1.0.8-jmjklgubcyryaddwqvzuvzeiq6zfqmst
[+] /p/vast1/build/spack/opt/spack/linux-rhel7-broadwell/gcc-10.2.1/readline-8.1-vfjorqgtmqh3rl5ollaj4n2uusx4foez
[+] /p/vast1/build/spack/opt/spack/linux-rhel7-broadwell/gcc-10.2.1/expat-2.4.6-akiducmoeufix2d6beegvgbj5skm36ul
[+] /p/vast1/build/spack/opt/spack/linux-rhel7-broadwell/gcc-10.2.1/gettext-0.21-zrjvymznliicfcjx4lqkixtjo76ruzmr
[+] /p/vast1/build/spack/opt/spack/linux-rhel7-broadwell/gcc-10.2.1/gdbm-1.19-k5otkqycqsp3sya4vlvqbekdodhy2a2b
[+] /p/vast1/build/spack/opt/spack/linux-rhel7-broadwell/gcc-10.2.1/sqlite-3.37.2-osxyeivy7mdmhjyjwcsm4l7tooho6s2d
[+] /p/vast1/build/spack/opt/spack/linux-rhel7-broadwell/gcc-10.2.1/perl-5.34.0-wimaji5zk5vlms3psvdtvmxifnine4nh
[+] /p/vast1/build/spack/opt/spack/linux-rhel7-broadwell/gcc-10.2.1/openblas-0.3.19-jubz2yn2ui3jzqphbt3w2jyqt2pwvz7f
[+] /p/vast1/build/spack/opt/spack/linux-rhel7-broadwell/gcc-10.2.1/openssl-1.1.1m-momhhzpwxq3fzqnlqbabquoitiq5d6q6
[+] /p/vast1/build/spack/opt/spack/linux-rhel7-broadwell/gcc-10.2.1/python-3.9.10-6fbgydg7c2bdx4ovimgsqyzucdkrd277
[+] /p/vast1/build/spack/opt/spack/linux-rhel7-broadwell/gcc-10.2.1/cmake-3.22.2-7oku4yd37mfoi65gi3alunjbl35euphw
[+] /p/vast1/build/spack/opt/spack/linux-rhel7-broadwell/gcc-10.2.1/py-pip-21.3.1-cv6d2xdn6bss7mgbbpq4uotcwzs3efwi
[+] /p/vast1/build/spack/opt/spack/linux-rhel7-broadwell/gcc-10.2.1/py-wheel-0.37.0-mqfl4ne7gqxoqybv6jomipmk4xpdjx7l
[+] /p/vast1/build/spack/opt/spack/linux-rhel7-broadwell/gcc-10.2.1/py-setuptools-59.4.0-wrzziwkuasytluj7b4xpuw27rfsk2sez
==> Installing py-cython-0.29.24-r5gdqo72zmwbjwnsgkg34cjnwxuqdo4z
==> No binary for py-cython-0.29.24-r5gdqo72zmwbjwnsgkg34cjnwxuqdo4z found: installing from source
==> Using cached archive: /p/vast1/build/spack/var/spack/cache/_source-cache/archive/cd/cdf04d07c3600860e8c2ebaad4e8f52ac3feb212453c1764a49ac08c827e8443.tar.gz
==> No patches needed for py-cython
==> py-cython: Executing phase: 'install'
==> py-cython: Successfully installed py-cython-0.29.24-r5gdqo72zmwbjwnsgkg34cjnwxuqdo4z
  Fetch: 0.02s.  Build: 1m 26.99s.  Total: 1m 27.01s.
[+] /p/vast1/build/spack/opt/spack/linux-rhel7-broadwell/gcc-10.2.1/py-cython-0.29.24-r5gdqo72zmwbjwnsgkg34cjnwxuqdo4z
==> Installing py-pybind11-2.8.1-7ffhur7q56u7medmwqdz7gixyx5kftnc
==> No binary for py-pybind11-2.8.1-7ffhur7q56u7medmwqdz7gixyx5kftnc found: installing from source
==> Using cached archive: /p/vast1/build/spack/var/spack/cache/_source-cache/archive/f1/f1bcc07caa568eb312411dde5308b1e250bd0e1bc020fae855bf9f43209940cc.tar.gz
==> No patches needed for py-pybind11
==> py-pybind11: Executing phase: 'cmake'
==> py-pybind11: Executing phase: 'build'
==> py-pybind11: Executing phase: 'install'
==> py-pybind11: Successfully installed py-pybind11-2.8.1-7ffhur7q56u7medmwqdz7gixyx5kftnc
  Fetch: 0.01s.  Build: 8.45s.  Total: 8.47s.
[+] /p/vast1/build/spack/opt/spack/linux-rhel7-broadwell/gcc-10.2.1/py-pybind11-2.8.1-7ffhur7q56u7medmwqdz7gixyx5kftnc
==> Installing py-gast-0.5.3-kz4zl626zekz5bg3f5frstk5vdtma5ct
==> No binary for py-gast-0.5.3-kz4zl626zekz5bg3f5frstk5vdtma5ct found: installing from source
==> Using cached archive: /p/vast1/build/spack/var/spack/cache/_source-cache/archive/cf/cfbea25820e653af9c7d1807f659ce0a0a9c64f2439421a7bba4f0983f532dea.tar.gz
==> No patches needed for py-gast
==> py-gast: Executing phase: 'install'
==> py-gast: Successfully installed py-gast-0.5.3-kz4zl626zekz5bg3f5frstk5vdtma5ct
  Fetch: 0.01s.  Build: 4.30s.  Total: 4.31s.
[+] /p/vast1/build/spack/opt/spack/linux-rhel7-broadwell/gcc-10.2.1/py-gast-0.5.3-kz4zl626zekz5bg3f5frstk5vdtma5ct
==> Installing py-ply-3.11-wzofydejdhy2cn5uicsv37mmwmkxrj7u
==> No binary for py-ply-3.11-wzofydejdhy2cn5uicsv37mmwmkxrj7u found: installing from source
==> Using cached archive: /p/vast1/build/spack/var/spack/cache/_source-cache/archive/00/00c7c1aaa88358b9c765b6d3000c6eec0ba42abca5351b095321aef446081da3.tar.gz
==> No patches needed for py-ply
==> py-ply: Executing phase: 'install'
==> py-ply: Successfully installed py-ply-3.11-wzofydejdhy2cn5uicsv37mmwmkxrj7u
  Fetch: 0.01s.  Build: 4.35s.  Total: 4.36s.
[+] /p/vast1/build/spack/opt/spack/linux-rhel7-broadwell/gcc-10.2.1/py-ply-3.11-wzofydejdhy2cn5uicsv37mmwmkxrj7u
==> Installing py-numpy-1.22.2-ikrpybirdd3p36wp2dbvlv4jqfluflnl
==> No binary for py-numpy-1.22.2-ikrpybirdd3p36wp2dbvlv4jqfluflnl found: installing from source
==> Using cached archive: /p/vast1/build/spack/var/spack/cache/_source-cache/archive/07/076aee5a3763d41da6bef9565fdf3cb987606f567cd8b104aded2b38b7b47abf.zip
==> Applied patch /p/vast1/build/spack/var/spack/repos/builtin/packages/py-numpy/check_executables.patch
==> py-numpy: Executing phase: 'install'
==> py-numpy: Successfully installed py-numpy-1.22.2-ikrpybirdd3p36wp2dbvlv4jqfluflnl
  Fetch: 0.05s.  Build: 4m 24.77s.  Total: 4m 24.83s.
[+] /p/vast1/build/spack/opt/spack/linux-rhel7-broadwell/gcc-10.2.1/py-numpy-1.22.2-ikrpybirdd3p36wp2dbvlv4jqfluflnl
==> Installing py-beniget-0.4.1-7v462qofo4u7sxb4zcjopx4gq6h4bbrv
==> No binary for py-beniget-0.4.1-7v462qofo4u7sxb4zcjopx4gq6h4bbrv found: installing from source
==> Using cached archive: /p/vast1/build/spack/var/spack/cache/_source-cache/archive/75/75554b3b8ad0553ce2f607627dad3d95c60c441189875b98e097528f8e23ac0c.tar.gz
==> No patches needed for py-beniget
==> py-beniget: Executing phase: 'install'
==> py-beniget: Successfully installed py-beniget-0.4.1-7v462qofo4u7sxb4zcjopx4gq6h4bbrv
  Fetch: 0.01s.  Build: 3.91s.  Total: 3.92s.
[+] /p/vast1/build/spack/opt/spack/linux-rhel7-broadwell/gcc-10.2.1/py-beniget-0.4.1-7v462qofo4u7sxb4zcjopx4gq6h4bbrv
==> Installing py-pythran-0.10.0-vn4hlul6hzorrmkau7umnhb65eivw4xc
==> No binary for py-pythran-0.10.0-vn4hlul6hzorrmkau7umnhb65eivw4xc found: installing from source
==> Using cached archive: /p/vast1/build/spack/var/spack/cache/_source-cache/archive/9d/9dac8e1d50f33d4676003e350b1f0c878ce113e6f907920e92dc103352cac5bf.tar.gz
==> Ran patch() for py-pythran
==> py-pythran: Executing phase: 'install'
==> py-pythran: Successfully installed py-pythran-0.10.0-vn4hlul6hzorrmkau7umnhb65eivw4xc
  Fetch: 0.03s.  Build: 43.97s.  Total: 43.99s.
[+] /p/vast1/build/spack/opt/spack/linux-rhel7-broadwell/gcc-10.2.1/py-pythran-0.10.0-vn4hlul6hzorrmkau7umnhb65eivw4xc
==> Installing py-scipy-master-3sjsqcwiwjprxv5n7dpspvcyt5ru6u2s
==> No binary for py-scipy-master-3sjsqcwiwjprxv5n7dpspvcyt5ru6u2s found: installing from source
==> Cannot find version master in url_list
Testing splicing in (and out) py-scipy@1.8.0
[+] /p/vast1/build/spack/opt/spack/linux-rhel7-broadwell/gcc-10.2.1/berkeley-db-18.1.40-c7okyaricn3s5wx6lqo2exspq6tuninj
[+] /p/vast1/build/spack/opt/spack/linux-rhel7-broadwell/gcc-10.2.1/libiconv-1.16-glggocpnh7m2dgmtu4fedhbfeessepbe
[+] /p/vast1/build/spack/opt/spack/linux-rhel7-broadwell/gcc-10.2.1/pkgconf-1.8.0-gp2xp6yplvubgic6eunbnl7emqdq3dye
[+] /p/vast1/build/spack/opt/spack/linux-rhel7-broadwell/gcc-10.2.1/zlib-1.2.11-su2ldy5ofm424qnly3kitbbdgwovpfk4
[+] /p/vast1/build/spack/opt/spack/linux-rhel7-broadwell/gcc-10.2.1/libmd-1.0.4-rooxnv7z75ill3knhg6bxfttmwxdag6i
[+] /p/vast1/build/spack/opt/spack/linux-rhel7-broadwell/gcc-10.2.1/xz-5.2.5-d536jz4ora4tt45q72d2lklqr3dqx34m
[+] /p/vast1/build/spack/opt/spack/linux-rhel7-broadwell/gcc-10.2.1/libffi-3.4.2-7vfnd7a5ankpytut3b4oqhktzrcbabfm
[+] /p/vast1/build/spack/opt/spack/linux-rhel7-broadwell/gcc-10.2.1/tar-1.34-3g4ty3srw34e6frmd2d2f523hr2pck3g
[+] /p/vast1/build/spack/opt/spack/linux-rhel7-broadwell/gcc-10.2.1/diffutils-3.8-vxb536efq575rjec2zqsyqgsebpspfvs
[+] /p/vast1/build/spack/opt/spack/linux-rhel7-broadwell/gcc-10.2.1/util-linux-uuid-2.37.4-26saxoixdjk3763nksg3ajmdzt5gyubu
[+] /p/vast1/build/spack/opt/spack/linux-rhel7-broadwell/gcc-10.2.1/ncurses-6.2-2xef6sx47tqatqlceqguyz3rza5okbhy
[+] /p/vast1/build/spack/opt/spack/linux-rhel7-broadwell/gcc-10.2.1/libbsd-0.11.5-yt5rlx2ycq24tyyohhconaxiqgzajzbo
[+] /p/vast1/build/spack/opt/spack/linux-rhel7-broadwell/gcc-10.2.1/libxml2-2.9.12-rs3llxgrrh537ywuyzjxyebuzo3gnxpt
[+] /p/vast1/build/spack/opt/spack/linux-rhel7-broadwell/gcc-10.2.1/bzip2-1.0.8-jmjklgubcyryaddwqvzuvzeiq6zfqmst
[+] /p/vast1/build/spack/opt/spack/linux-rhel7-broadwell/gcc-10.2.1/readline-8.1-vfjorqgtmqh3rl5ollaj4n2uusx4foez
[+] /p/vast1/build/spack/opt/spack/linux-rhel7-broadwell/gcc-10.2.1/expat-2.4.6-akiducmoeufix2d6beegvgbj5skm36ul
[+] /p/vast1/build/spack/opt/spack/linux-rhel7-broadwell/gcc-10.2.1/gettext-0.21-zrjvymznliicfcjx4lqkixtjo76ruzmr
[+] /p/vast1/build/spack/opt/spack/linux-rhel7-broadwell/gcc-10.2.1/gdbm-1.19-k5otkqycqsp3sya4vlvqbekdodhy2a2b
[+] /p/vast1/build/spack/opt/spack/linux-rhel7-broadwell/gcc-10.2.1/sqlite-3.37.2-osxyeivy7mdmhjyjwcsm4l7tooho6s2d
[+] /p/vast1/build/spack/opt/spack/linux-rhel7-broadwell/gcc-10.2.1/perl-5.34.0-wimaji5zk5vlms3psvdtvmxifnine4nh
[+] /p/vast1/build/spack/opt/spack/linux-rhel7-broadwell/gcc-10.2.1/openssl-1.1.1m-momhhzpwxq3fzqnlqbabquoitiq5d6q6
[+] /p/vast1/build/spack/opt/spack/linux-rhel7-broadwell/gcc-10.2.1/python-3.9.10-6fbgydg7c2bdx4ovimgsqyzucdkrd277
[+] /p/vast1/build/spack/opt/spack/linux-rhel7-broadwell/gcc-10.2.1/py-pip-21.3.1-cv6d2xdn6bss7mgbbpq4uotcwzs3efwi
[+] /p/vast1/build/spack/opt/spack/linux-rhel7-broadwell/gcc-10.2.1/py-wheel-0.37.0-mqfl4ne7gqxoqybv6jomipmk4xpdjx7l
[+] /p/vast1/build/spack/opt/spack/linux-rhel7-broadwell/gcc-10.2.1/py-setuptools-59.4.0-wrzziwkuasytluj7b4xpuw27rfsk2sez
Testing splicing in (and out) py-scipy@1.7.3
[+] /p/vast1/build/spack/opt/spack/linux-rhel7-broadwell/gcc-10.2.1/berkeley-db-18.1.40-c7okyaricn3s5wx6lqo2exspq6tuninj
[+] /p/vast1/build/spack/opt/spack/linux-rhel7-broadwell/gcc-10.2.1/libiconv-1.16-glggocpnh7m2dgmtu4fedhbfeessepbe
[+] /p/vast1/build/spack/opt/spack/linux-rhel7-broadwell/gcc-10.2.1/pkgconf-1.8.0-gp2xp6yplvubgic6eunbnl7emqdq3dye
[+] /p/vast1/build/spack/opt/spack/linux-rhel7-broadwell/gcc-10.2.1/zlib-1.2.11-su2ldy5ofm424qnly3kitbbdgwovpfk4
[+] /p/vast1/build/spack/opt/spack/linux-rhel7-broadwell/gcc-10.2.1/libmd-1.0.4-rooxnv7z75ill3knhg6bxfttmwxdag6i
[+] /p/vast1/build/spack/opt/spack/linux-rhel7-broadwell/gcc-10.2.1/xz-5.2.5-d536jz4ora4tt45q72d2lklqr3dqx34m
[+] /p/vast1/build/spack/opt/spack/linux-rhel7-broadwell/gcc-10.2.1/libffi-3.4.2-7vfnd7a5ankpytut3b4oqhktzrcbabfm
[+] /p/vast1/build/spack/opt/spack/linux-rhel7-broadwell/gcc-10.2.1/tar-1.34-3g4ty3srw34e6frmd2d2f523hr2pck3g
[+] /p/vast1/build/spack/opt/spack/linux-rhel7-broadwell/gcc-10.2.1/diffutils-3.8-vxb536efq575rjec2zqsyqgsebpspfvs
[+] /p/vast1/build/spack/opt/spack/linux-rhel7-broadwell/gcc-10.2.1/util-linux-uuid-2.37.4-26saxoixdjk3763nksg3ajmdzt5gyubu
[+] /p/vast1/build/spack/opt/spack/linux-rhel7-broadwell/gcc-10.2.1/ncurses-6.2-2xef6sx47tqatqlceqguyz3rza5okbhy
[+] /p/vast1/build/spack/opt/spack/linux-rhel7-broadwell/gcc-10.2.1/libbsd-0.11.5-yt5rlx2ycq24tyyohhconaxiqgzajzbo
[+] /p/vast1/build/spack/opt/spack/linux-rhel7-broadwell/gcc-10.2.1/libxml2-2.9.12-rs3llxgrrh537ywuyzjxyebuzo3gnxpt
[+] /p/vast1/build/spack/opt/spack/linux-rhel7-broadwell/gcc-10.2.1/bzip2-1.0.8-jmjklgubcyryaddwqvzuvzeiq6zfqmst
[+] /p/vast1/build/spack/opt/spack/linux-rhel7-broadwell/gcc-10.2.1/readline-8.1-vfjorqgtmqh3rl5ollaj4n2uusx4foez
[+] /p/vast1/build/spack/opt/spack/linux-rhel7-broadwell/gcc-10.2.1/expat-2.4.6-akiducmoeufix2d6beegvgbj5skm36ul
[+] /p/vast1/build/spack/opt/spack/linux-rhel7-broadwell/gcc-10.2.1/gettext-0.21-zrjvymznliicfcjx4lqkixtjo76ruzmr
[+] /p/vast1/build/spack/opt/spack/linux-rhel7-broadwell/gcc-10.2.1/gdbm-1.19-k5otkqycqsp3sya4vlvqbekdodhy2a2b
[+] /p/vast1/build/spack/opt/spack/linux-rhel7-broadwell/gcc-10.2.1/sqlite-3.37.2-osxyeivy7mdmhjyjwcsm4l7tooho6s2d
[+] /p/vast1/build/spack/opt/spack/linux-rhel7-broadwell/gcc-10.2.1/perl-5.34.0-wimaji5zk5vlms3psvdtvmxifnine4nh
[+] /p/vast1/build/spack/opt/spack/linux-rhel7-broadwell/gcc-10.2.1/openssl-1.1.1m-momhhzpwxq3fzqnlqbabquoitiq5d6q6
[+] /p/vast1/build/spack/opt/spack/linux-rhel7-broadwell/gcc-10.2.1/python-3.9.10-6fbgydg7c2bdx4ovimgsqyzucdkrd277
[+] /p/vast1/build/spack/opt/spack/linux-rhel7-broadwell/gcc-10.2.1/py-pip-21.3.1-cv6d2xdn6bss7mgbbpq4uotcwzs3efwi
[+] /p/vast1/build/spack/opt/spack/linux-rhel7-broadwell/gcc-10.2.1/py-wheel-0.37.0-mqfl4ne7gqxoqybv6jomipmk4xpdjx7l
[+] /p/vast1/build/spack/opt/spack/linux-rhel7-broadwell/gcc-10.2.1/py-setuptools-57.4.0-vug6ieot35k6ttnhxb4lkyyxd7myaoyv
[+] /p/vast1/build/spack/opt/spack/linux-rhel7-broadwell/gcc-10.2.1/py-tomli-1.2.2-wgpqf4dxgw6njsk6c5ra3qofgekb4gtp
[+] /p/vast1/build/spack/opt/spack/linux-rhel7-broadwell/gcc-10.2.1/py-pyparsing-3.0.6-7jibietgpyrxcggfkwsuq3mbwtptu7yt
==> Installing py-cython-0.29.24-eljnds3khnw6jzq2qcvnh767flxmg5ns
==> No binary for py-cython-0.29.24-eljnds3khnw6jzq2qcvnh767flxmg5ns found: installing from source
==> Using cached archive: /p/vast1/build/spack/var/spack/cache/_source-cache/archive/cd/cdf04d07c3600860e8c2ebaad4e8f52ac3feb212453c1764a49ac08c827e8443.tar.gz
==> No patches needed for py-cython
==> py-cython: Executing phase: 'install'
==> py-cython: Successfully installed py-cython-0.29.24-eljnds3khnw6jzq2qcvnh767flxmg5ns
  Fetch: 0.02s.  Build: 1m 23.94s.  Total: 1m 23.96s.
[+] /p/vast1/build/spack/opt/spack/linux-rhel7-broadwell/gcc-10.2.1/py-cython-0.29.24-eljnds3khnw6jzq2qcvnh767flxmg5ns
==> Installing py-pybind11-2.7.1-opbaea74mbsq7cojdhf37yfpbf44p5rx
==> No binary for py-pybind11-2.7.1-opbaea74mbsq7cojdhf37yfpbf44p5rx found: installing from source
==> Fetching https://mirror.spack.io/_source-cache/archive/61/616d1c42e4cf14fa27b2a4ff759d7d7b33006fdc5ad8fd603bb2c22622f27020.tar.gz
==> No patches needed for py-pybind11
==> py-pybind11: Executing phase: 'cmake'
==> py-pybind11: Executing phase: 'build'
==> py-pybind11: Executing phase: 'install'
==> py-pybind11: Successfully installed py-pybind11-2.7.1-opbaea74mbsq7cojdhf37yfpbf44p5rx
  Fetch: 0.52s.  Build: 8.59s.  Total: 9.11s.
[+] /p/vast1/build/spack/opt/spack/linux-rhel7-broadwell/gcc-10.2.1/py-pybind11-2.7.1-opbaea74mbsq7cojdhf37yfpbf44p5rx
[+] /p/vast1/build/spack/opt/spack/linux-rhel7-broadwell/gcc-10.2.1/py-packaging-21.3-7xnzohsnkjv35oxze3uhhfao7vztgbqk
==> Installing py-numpy-1.22.2-52wssrzdfpl627kdo7epqepdeeoawdhg
==> No binary for py-numpy-1.22.2-52wssrzdfpl627kdo7epqepdeeoawdhg found: installing from source
==> Using cached archive: /p/vast1/build/spack/var/spack/cache/_source-cache/archive/07/076aee5a3763d41da6bef9565fdf3cb987606f567cd8b104aded2b38b7b47abf.zip
==> Applied patch /p/vast1/build/spack/var/spack/repos/builtin/packages/py-numpy/check_executables.patch
==> py-numpy: Executing phase: 'install'
==> py-numpy: Successfully installed py-numpy-1.22.2-52wssrzdfpl627kdo7epqepdeeoawdhg
  Fetch: 0.05s.  Build: 4m 26.72s.  Total: 4m 26.77s.
[+] /p/vast1/build/spack/opt/spack/linux-rhel7-broadwell/gcc-10.2.1/py-numpy-1.22.2-52wssrzdfpl627kdo7epqepdeeoawdhg
==> Installing py-setuptools-scm-6.3.2-cyakfq44qxzetd6mv3mi2w3m7ep6a6o3
==> No binary for py-setuptools-scm-6.3.2-cyakfq44qxzetd6mv3mi2w3m7ep6a6o3 found: installing from source
==> Using cached archive: /p/vast1/build/spack/var/spack/cache/_source-cache/archive/a4/a49aa8081eeb3514eb9728fa5040f2eaa962d6c6f4ec9c32f6c1fba88f88a0f2.tar.gz
==> No patches needed for py-setuptools-scm
==> py-setuptools-scm: Executing phase: 'install'
==> py-setuptools-scm: Successfully installed py-setuptools-scm-6.3.2-cyakfq44qxzetd6mv3mi2w3m7ep6a6o3
  Fetch: 0.01s.  Build: 4.56s.  Total: 4.57s.
[+] /p/vast1/build/spack/opt/spack/linux-rhel7-broadwell/gcc-10.2.1/py-setuptools-scm-6.3.2-cyakfq44qxzetd6mv3mi2w3m7ep6a6o3
==> Installing py-pytest-runner-5.3.1-xqyyj7qjhuya4jv44tta5ok4t3lzkmxg
==> No binary for py-pytest-runner-5.3.1-xqyyj7qjhuya4jv44tta5ok4t3lzkmxg found: installing from source
==> Fetching https://mirror.spack.io/_source-cache/archive/0f/0fce5b8dc68760f353979d99fdd6b3ad46330b6b1837e2077a89ebcf204aac91.tar.gz
==> No patches needed for py-pytest-runner
==> py-pytest-runner: Executing phase: 'install'
==> py-pytest-runner: Successfully installed py-pytest-runner-5.3.1-xqyyj7qjhuya4jv44tta5ok4t3lzkmxg
  Fetch: 0.13s.  Build: 4.69s.  Total: 4.82s.
[+] /p/vast1/build/spack/opt/spack/linux-rhel7-broadwell/gcc-10.2.1/py-pytest-runner-5.3.1-xqyyj7qjhuya4jv44tta5ok4t3lzkmxg
