/var/spool/slurmd/job97796/slurm_script: line 12: 67615 Killed                  spliced splice --package openmpi@4.1.2 --splice perl --runner spack --replace perl --experiment experiment --outfile /p/vast1/build/spliced-experiment/results/openmpi/4.1.2/perl/experiment.json
==> Warning: perl-5.24.1-qomsd3cjxred2h36pby2mozfpfuwds3s failed to install
==> Warning: AssertionError exception when releasing read lock for perl-5.24.1-qomsd3cjxred2h36pby2mozfpfuwds3s: 
==> Error: perl-5.24.1-qomsd3cjxred2h36pby2mozfpfuwds3s: Package was not installed
==> Warning: perl-5.22.4-nmbmnokvvmsjv37nfhupjt2upqmvveqh failed to install
==> Warning: AssertionError exception when releasing read lock for perl-5.22.4-nmbmnokvvmsjv37nfhupjt2upqmvveqh: 
==> Error: perl-5.22.4-nmbmnokvvmsjv37nfhupjt2upqmvveqh: Package was not installed
==> Error: FileNotFoundError: [Errno 2] No such file or directory: 'lib/perlbug.t'

/p/vast1/build/spack/var/spack/repos/builtin/packages/perl/package.py:135, in patch:
        133    def patch(self):
        134        # https://github.com/Perl/perl5/issues/15544 long PATH(>1000 chars) fails a test
  >>    135        os.chmod('lib/perlbug.t', 0o644)
        136        filter_file('!/$B/', '! (/(?:$B|PATH)/)', 'lib/perlbug.t')


==> Error: FileNotFoundError: [Errno 2] No such file or directory: 'lib/perlbug.t'

/p/vast1/build/spack/var/spack/repos/builtin/packages/perl/package.py:135, in patch:
        133    def patch(self):
        134        # https://github.com/Perl/perl5/issues/15544 long PATH(>1000 chars) fails a test
  >>    135        os.chmod('lib/perlbug.t', 0o644)
        136        filter_file('!/$B/', '! (/(?:$B|PATH)/)', 'lib/perlbug.t')


==> Error: FileNotFoundError: [Errno 2] No such file or directory: 'lib/perlbug.t'

/p/vast1/build/spack/var/spack/repos/builtin/packages/perl/package.py:135, in patch:
        133    def patch(self):
        134        # https://github.com/Perl/perl5/issues/15544 long PATH(>1000 chars) fails a test
  >>    135        os.chmod('lib/perlbug.t', 0o644)
        136        filter_file('!/$B/', '! (/(?:$B|PATH)/)', 'lib/perlbug.t')


==> Error: FileNotFoundError: [Errno 2] No such file or directory: 'lib/perlbug.t'

/p/vast1/build/spack/var/spack/repos/builtin/packages/perl/package.py:135, in patch:
        133    def patch(self):
        134        # https://github.com/Perl/perl5/issues/15544 long PATH(>1000 chars) fails a test
  >>    135        os.chmod('lib/perlbug.t', 0o644)
        136        filter_file('!/$B/', '! (/(?:$B|PATH)/)', 'lib/perlbug.t')


==> Error: FileNotFoundError: [Errno 2] No such file or directory: 'lib/perlbug.t'

/p/vast1/build/spack/var/spack/repos/builtin/packages/perl/package.py:135, in patch:
        133    def patch(self):
        134        # https://github.com/Perl/perl5/issues/15544 long PATH(>1000 chars) fails a test
  >>    135        os.chmod('lib/perlbug.t', 0o644)
        136        filter_file('!/$B/', '! (/(?:$B|PATH)/)', 'lib/perlbug.t')


==> Error: FileNotFoundError: [Errno 2] No such file or directory: 'lib/perlbug.t'

/p/vast1/build/spack/var/spack/repos/builtin/packages/perl/package.py:135, in patch:
        133    def patch(self):
        134        # https://github.com/Perl/perl5/issues/15544 long PATH(>1000 chars) fails a test
  >>    135        os.chmod('lib/perlbug.t', 0o644)
        136        filter_file('!/$B/', '! (/(?:$B|PATH)/)', 'lib/perlbug.t')


==> Error: FileNotFoundError: [Errno 2] No such file or directory: 'lib/perlbug.t'

/p/vast1/build/spack/var/spack/repos/builtin/packages/perl/package.py:135, in patch:
        133    def patch(self):
        134        # https://github.com/Perl/perl5/issues/15544 long PATH(>1000 chars) fails a test
  >>    135        os.chmod('lib/perlbug.t', 0o644)
        136        filter_file('!/$B/', '! (/(?:$B|PATH)/)', 'lib/perlbug.t')


Making predictions for spack-test
Making predictions for symbolator
Making predictions for libabigail
abicompat not found on path, will look for spack instead.
Making predictions for actual
