==> Warning: Missing a source id for openpmd-api@develop
==> Error: ProcessError: Command exited with status 1:
    '/var/tmp/sochat1/spack-stage/spack-stage-libpng-1.6.37-7yfflqdzcmrvdm3tdikldjniglbcjb6s/spack-src/configure' '--prefix=/p/vast1/build/spack/opt/spack/linux-rhel7-broadwell/gcc-10.2.1/libpng-1.6.37-7yfflqdzcmrvdm3tdikldjniglbcjb6s' 'CPPFLAGS=-I/p/vast1/build/spack/opt/spack/linux-rhel7-broadwell/gcc-10.2.1/zlib-1.2.11-su2ldy5ofm424qnly3kitbbdgwovpfk4/include' 'LDFLAGS=-L/p/vast1/build/spack/opt/spack/linux-rhel7-broadwell/gcc-10.2.1/zlib-1.2.11-su2ldy5ofm424qnly3kitbbdgwovpfk4/lib'

1 error found in build log:
     4     checking for a BSD-compatible install... /usr/bin/install -c
     5     checking whether build environment is sane... yes
     6     checking for a thread-safe mkdir -p... /usr/bin/mkdir -p
     7     checking for gawk... gawk
     8     checking whether make sets $(MAKE)... yes
     9     checking whether make supports nested variables... yes
  >> 10    configure: error: source directory already configured; run "make dis
           tclean" there first
     11    ==> libpng: Executing phase: 'build'
     12    ==> [2022-02-26-08:41:26.505897] 'make' '-j2' 'V=1'
     13    rm -f pnglibconf.c pnglibconf.tf[45]
     14    gawk -f /var/tmp/sochat1/spack-stage/spack-stage-libpng-1.6.37-7yffl
           qdzcmrvdm3tdikldjniglbcjb6s/spack-src/scripts/options.awk out=pnglib
           conf.tf4 version=search\
     15        /var/tmp/sochat1/spack-stage/spack-stage-libpng-1.6.37-7yfflqdzc
           mrvdm3tdikldjniglbcjb6s/spack-src/pngconf.h /var/tmp/sochat1/spack-s
           tage/spack-stage-libpng-1.6.37-7yfflqdzcmrvdm3tdikldjniglbcjb6s/spac
           k-src/scripts/pnglibconf.dfa\
     16        /var/tmp/sochat1/spack-stage/spack-stage-libpng-1.6.37-7yfflqdzc
           mrvdm3tdikldjniglbcjb6s/spack-src/pngusr.dfa  1>&2

See build log for details:
  /var/tmp/sochat1/spack-stage/spack-stage-libpng-1.6.37-7yfflqdzcmrvdm3tdikldjniglbcjb6s/spack-build-out.txt

/var/spool/slurmd/job98110/slurm_script: line 12: 45846 Killed                  spliced splice --package openpmd-api@develop --splice openmpi --runner spack --replace openmpi --experiment experiment --outfile /p/vast1/build/spliced-experiment/results/openpmd-api/develop/openmpi/experiment.json
slurmstepd: error: *** JOB 2469746 ON borax25 CANCELLED AT 2022-03-05T14:27:11 DUE TO TIME LIMIT ***
