==> Error: ProcessError: Command exited with status 1:
    '/var/tmp/sochat1/spack-stage/spack-stage-openmpi-1.4-iqwl4t7rowyadexhmbxfwzx6ct5tqs6t/spack-src/configure' '--prefix=/p/vast1/build/spack/opt/spack/linux-rhel7-broadwell/gcc-10.2.1/openmpi-1.4-iqwl4t7rowyadexhmbxfwzx6ct5tqs6t' '--enable-shared' '--disable-silent-rules' '--disable-builtin-atomics' '--enable-static' '--without-pmi' '--without-psm2' '--without-psm' '--without-cma' '--without-xpmem' '--without-libfabric' '--without-ucx' '--without-hcoll' '--without-knem' '--without-fca' '--without-mxm' '--without-openib' '--without-loadleveler' '--without-lsf' '--without-tm' '--without-sge' '--without-slurm' '--without-alps' '--disable-memchecker' '--with-gpfs' '--without-sqlite3' '--disable-wrapper-rpath' '--disable-mpi-cxx' '--disable-cxx-exceptions'

9 errors found in build log:
     4        configure: WARNING: unrecognized options: --disable-silent-rules,
               --disable-builtin-atomics, --without-pmi, --without-psm2, --with
              out-cma, --without-xpmem, --without-libfabric, --without-ucx, --w
              ithout-hcoll, --without-knem, --without-fca, --without-mxm, --wit
              h-gpfs, --without-sqlite3, --disable-wrapper-rpath
     5        checking for a BSD-compatible install... /usr/bin/install -c
     6        checking whether build environment is sane... yes
     7        checking for a thread-safe mkdir -p... /usr/bin/mkdir -p
     8        checking for gawk... gawk
     9        checking whether make sets $(MAKE)... yes
  >> 10       configure: error: source directory already configured; run "make 
              distclean" there first
     11       ==> openmpi: Executing phase: 'build'
     12       ==> [2022-02-25-16:48:03.872050] 'make' '-j2' 'V=1'
     13       Making all in config
     14       make[1]: Entering directory `/tmp/sochat1/spack-stage/spack-stage
              -openmpi-1.4-iqwl4t7rowyadexhmbxfwzx6ct5tqs6t/spack-src/config'
     15       make[1]: Nothing to be done for `all'.
     16       make[1]: Leaving directory `/tmp/sochat1/spack-stage/spack-stage-
              openmpi-1.4-iqwl4t7rowyadexhmbxfwzx6ct5tqs6t/spack-src/config'

     ...

     10896    
     10897       16 |   call MPI_Comm_spawn_multiple(count, array_of_commands, 
              array_of_argv, &
     10898          |                                                         2
     10899    ......
     10900       36 |   call MPI_Comm_spawn_multiple(count, array_of_commands, 
              array_of_argv, &
     10901          |                                                         1
  >> 10902    Error: Type mismatch between actual argument at (1) and actual ar
              gument at (2) (REAL(8)/CHARACTER(*)).
  >> 10903    make[4]: *** [mpi_comm_spawn_multiple_f90.lo] Error 1
     10904    make[4]: *** Waiting for unfinished jobs....
     10905    libtool: compile:  /p/vast1/build/spack/lib/spack/env/gcc/gfortra
              n -I../../../ompi/include -I/var/tmp/sochat1/spack-stage/spack-st
              age-openmpi-1.4-iqwl4t7rowyadexhmbxfwzx6ct5tqs6t/spack-src/ompi/i
              nclude -I. -I/var/tmp/sochat1/spack-stage/spack-stage-openmpi-1.4
              -iqwl4t7rowyadexhmbxfwzx6ct5tqs6t/spack-src/ompi/mpi/f90 -I../../
              ../ompi/mpi/f90 -c mpi_testall_f90.f90  -fPIC -o .libs/mpi_testal
              l_f90.o
     10906    mpi_testall_f90.f90:22:51:
     10907    
     10908       10 |   call MPI_Testall(count, array_of_requests, flag, array_
              of_statuses, ierr)
     10909          |                                                   2
     10910    ......
     10911       22 |   call MPI_Testall(count, array_of_requests, flag, array_
              of_statuses, ierr)
     10912          |                                                   1
  >> 10913    Error: Type mismatch between actual argument at (1) and actual ar
              gument at (2) (REAL(8)/INTEGER(4)).
  >> 10914    make[4]: *** [mpi_testall_f90.lo] Error 1
     10915    make[4]: Leaving directory `/tmp/sochat1/spack-stage/spack-stage-
              openmpi-1.4-iqwl4t7rowyadexhmbxfwzx6ct5tqs6t/spack-src/ompi/mpi/f
              90'
  >> 10916    make[3]: *** [all-recursive] Error 1
     10917    make[3]: Leaving directory `/tmp/sochat1/spack-stage/spack-stage-
              openmpi-1.4-iqwl4t7rowyadexhmbxfwzx6ct5tqs6t/spack-src/ompi/mpi/f
              90'
  >> 10918    make[2]: *** [all] Error 2
     10919    make[2]: Leaving directory `/tmp/sochat1/spack-stage/spack-stage-
              openmpi-1.4-iqwl4t7rowyadexhmbxfwzx6ct5tqs6t/spack-src/ompi/mpi/f
              90'
  >> 10920    make[1]: *** [all-recursive] Error 1
     10921    make[1]: Leaving directory `/tmp/sochat1/spack-stage/spack-stage-
              openmpi-1.4-iqwl4t7rowyadexhmbxfwzx6ct5tqs6t/spack-src/ompi'
  >> 10922    make: *** [all-recursive] Error 1

See build log for details:
  /var/tmp/sochat1/spack-stage/spack-stage-openmpi-1.4-iqwl4t7rowyadexhmbxfwzx6ct5tqs6t/spack-build-out.txt

Making predictions for symbolator
Making predictions for libabigail
Making predictions for actual
Traceback (most recent call last):
  File "/p/vast1/build/anaconda3/bin/spliced", line 11, in <module>
    load_entry_point('spliced', 'console_scripts', 'spliced')()
  File "/p/vast1/build/spliced/spliced/client/__init__.py", line 228, in run_spliced
    main(args=args, parser=parser, extra=extra, subparser=helper)
  File "/p/vast1/build/spliced/spliced/client/splice.py", line 14, in main
    run_spack_experiment(args, command=" ".join(extra))
  File "/p/vast1/build/spliced/spliced/client/splice.py", line 40, in run_spack_experiment
    experiment.run()
  File "/p/vast1/build/spliced/spliced/experiment/spack.py", line 46, in run
    spec_main = Spec(self.package).concretized()
  File "/p/vast1/build/spack/lib/spack/spack/spec.py", line 2684, in concretized
    clone.concretize(tests=tests)
  File "/p/vast1/build/spack/lib/spack/spack/spec.py", line 2646, in concretize
    self._new_concretize(tests)
  File "/p/vast1/build/spack/lib/spack/spack/spec.py", line 2619, in _new_concretize
    result = solver.solve([self], tests=tests)
  File "/p/vast1/build/spack/lib/spack/spack/solver/asp.py", line 2114, in solve
    setup_only=setup_only,
  File "/p/vast1/build/spack/lib/spack/spack/solver/asp.py", line 639, in solve
    answers = builder.build_specs(tuples)
  File "/p/vast1/build/spack/lib/spack/spack/solver/asp.py", line 2037, in build_specs
    spack.spec.Spec.ensure_no_deprecated(s)
  File "/p/vast1/build/spack/lib/spack/spack/spec.py", line 2594, in ensure_no_deprecated
    with spack.store.db.read_transaction():
  File "/p/vast1/build/spack/lib/spack/llnl/util/lock.py", line 684, in __enter__
    if self._enter() and self._acquire_fn:
  File "/p/vast1/build/spack/lib/spack/llnl/util/lock.py", line 711, in _enter
    return self._lock.acquire_read(self._timeout)
  File "/p/vast1/build/spack/lib/spack/llnl/util/lock.py", line 423, in acquire_read
    wait_time, nattempts = self._lock(fcntl.LOCK_SH, timeout=timeout)
  File "/p/vast1/build/spack/lib/spack/spack/util/lock.py", line 32, in _lock
    return super(Lock, self)._lock(op, timeout)
  File "/p/vast1/build/spack/lib/spack/llnl/util/lock.py", line 316, in _lock
    .format(lock_type[op]))
llnl.util.lock.LockTimeoutError: Timed out waiting for a read lock.
