==> Error: ProcessError: Command exited with status 2:
    'make' '-j2' 'V=1'

18 errors found in build log:
     2168     checking whether linking with -ldl works... yes
     2169     checking whether RTLD_DEFAULT is declared... yes
     2170     checking whether RTLD_NEXT is declared... yes
     2171     checking BPatch.h usability... no
     2172     checking BPatch.h presence... no
     2173     checking for BPatch.h... no
  >> 2174     configure: error: no BPatch.h found; check path for Dyninst packa
              ge first...
     2175     checking for tau_instrumentor... no
  >> 2176     configure: error: no tau_instrumentor found; check path for PDToo
              lkit first...
     2177     configure: we are configuring inside Open MPI; presetting cache t
              o skip MPI related tests
     2178     checking for mpicc... (cached) /p/vast1/build/spack/lib/spack/env
              /gcc/gcc
     2179     checking for mpicxx... (cached) /p/vast1/build/spack/lib/spack/en
              v/gcc/g++
     2180     checking whether MPI_IN_PLACE is declared... (cached) yes
     2181     checking for MPI_Add_error_class... (cached) yes
     2182     checking for MPI_Add_error_code... (cached) yes

     ...

     2191     checking for PMPI_Win_unlock... (cached) yes
     2192     checking for MPI_Register_datarep... (cached) yes
     2193     checking for PMPI_File_read_ordered... (cached) yes
     2194     checking for PMPI_File_read_ordered_begin... (cached) yes
     2195     checking for PMPI_File_write_ordered... (cached) yes
     2196     checking for PMPI_File_write_ordered_begin... (cached) yes
  >> 2197     configure: error: MPI Correctness Checking support cannot be buil
              t inside Open MPI
     2198     checking math.h usability... yes
     2199     checking math.h presence... yes
     2200     checking for math.h... yes
     2201     checking whether we need to link -lm to get math functions... no
     2202     checking f2c.h usability... no
     2203     checking f2c.h presence... no
     2204     checking for f2c.h... no
  >> 2205     configure: error: no f2c.h found; check path for CLAPACK package 
              first...
     2206     checking for C++ runtime library... -lstdc++
     2207     checking for the pthreads library -lpthreads... no
     2208     checking whether pthreads work without any flags... yes
     2209     checking for joinable pthread attribute... PTHREAD_CREATE_JOINABL
              E
     2210     checking if more special flags are required for pthreads... no
     2211     checking for cc_r... /p/vast1/build/spack/lib/spack/env/gcc/gcc

     ...

     2221     checking omp.h presence... yes
     2222     checking for omp.h... yes
     2223     checking whether we can build shared libraries... yes
     2224     checking jvmti.h usability... no
     2225     checking jvmti.h presence... no
     2226     checking for jvmti.h... no
  >> 2227     configure: error: no jvmti.h found; check path for JVMTI package 
              first...
     2228     checking papi.h usability... yes
     2229     checking papi.h presence... yes
     2230     checking for papi.h... yes
     2231     checking whether linking with -lpapi works... yes
     2232     checking whether PAPI version >= 3... yes
     2233     checking whether long_long is declared... yes

     ...

     2251     checking for sched.h... yes
     2252     checking for sched_getcpu... yes
     2253     checking whether sched_getcpu works... yes
     2254     checking cuda.h usability... no
     2255     checking cuda.h presence... no
     2256     checking for cuda.h... no
  >> 2257     configure: error: no cuda.h found; check path for CUDA Toolkit fi
              rst...
     2258     checking cuda_runtime_api.h usability... no
     2259     checking cuda_runtime_api.h presence... no
     2260     checking for cuda_runtime_api.h... no
  >> 2261     configure: error: no cuda_runtime_api.h found; check path for CUD
              A Toolkit first...
     2262     checking cupti.h usability... no
     2263     checking cupti.h presence... no
     2264     checking for cupti.h... no
  >> 2265     configure: error: no cupti.h found; check path for CUPTI package 
              first...
     2266     checking for dlfcn.h... (cached) yes
     2267     checking whether linking with -ldl works... yes
     2268     checking whether RTLD_DEFAULT is declared... (cached) yes
     2269     checking whether RTLD_NEXT is declared... (cached) yes
     2270     checking for shared LIBC's pathname... /lib64/libc.so.6
     2271     checking whether __errno_location is declared... yes
     2272     checking ctool/ctool.h usability... no
     2273     checking ctool/ctool.h presence... no
     2274     checking for ctool/ctool.h... no
  >> 2275     configure: error: no ctool/ctool.h found; check path for CTool pa
              ckage first...
     2276     checking for fork... yes
     2277     checking for execl... yes
     2278     checking for execle... yes
     2279     checking for execlp... yes
     2280     checking for execv... yes
     2281     checking for execve... yes

     ...

     2402     checking for mpicc... /p/vast1/build/spack/lib/spack/env/gcc/gcc
     2403     checking for mpic++... /p/vast1/build/spack/lib/spack/env/gcc/g++
     2404     checking for OpenMP flag of C++ compiler... -fopenmp
     2405     checking vtf3.h usability... no
     2406     checking vtf3.h presence... no
     2407     checking for vtf3.h... no
  >> 2408     configure: error: no vtf3.h found; check path for VTF3 package fi
              rst...
     2409     checking zlib.h usability... yes
     2410     checking zlib.h presence... yes
     2411     checking for zlib.h... yes
     2412     checking whether linking with -lm works... yes
     2413     checking whether we need to link -lm to get math functions... no
     2414     checking for pdflatex... pdflatex

     ...

     14763    
     14764       16 |   call MPI_Comm_spawn_multiple(count, array_of_commands, 
              array_of_argv, &
     14765          |                                                         2
     14766    ......
     14767       36 |   call MPI_Comm_spawn_multiple(count, array_of_commands, 
              array_of_argv, &
     14768          |                                                         1
  >> 14769    Error: Type mismatch between actual argument at (1) and actual ar
              gument at (2) (REAL(8)/CHARACTER(*)).
  >> 14770    make[4]: *** [mpi_comm_spawn_multiple_f90.lo] Error 1
     14771    make[4]: *** Waiting for unfinished jobs....
     14772    mpi_testall_f90.f90:22:51:
     14773    
     14774       10 |   call MPI_Testall(count, array_of_requests, flag, array_
              of_statuses, ierr)
     14775          |                                                   2
     14776    ......
     14777       22 |   call MPI_Testall(count, array_of_requests, flag, array_
              of_statuses, ierr)
     14778          |                                                   1
  >> 14779    Error: Type mismatch between actual argument at (1) and actual ar
              gument at (2) (REAL(8)/INTEGER(4)).
  >> 14780    make[4]: *** [mpi_testall_f90.lo] Error 1
     14781    make[4]: Leaving directory `/tmp/sochat1/spack-stage/spack-stage-
              openmpi-1.6-iiykdhphdvpxme62awgttybly2myryyg/spack-src/ompi/mpi/f
              90'
  >> 14782    make[3]: *** [all-recursive] Error 1
     14783    make[3]: Leaving directory `/tmp/sochat1/spack-stage/spack-stage-
              openmpi-1.6-iiykdhphdvpxme62awgttybly2myryyg/spack-src/ompi/mpi/f
              90'
  >> 14784    make[2]: *** [all] Error 2
     14785    make[2]: Leaving directory `/tmp/sochat1/spack-stage/spack-stage-
              openmpi-1.6-iiykdhphdvpxme62awgttybly2myryyg/spack-src/ompi/mpi/f
              90'
  >> 14786    make[1]: *** [all-recursive] Error 1
     14787    make[1]: Leaving directory `/tmp/sochat1/spack-stage/spack-stage-
              openmpi-1.6-iiykdhphdvpxme62awgttybly2myryyg/spack-src/ompi'
  >> 14788    make: *** [all-recursive] Error 1

See build log for details:
  /var/tmp/sochat1/spack-stage/spack-stage-openmpi-1.6-iiykdhphdvpxme62awgttybly2myryyg/spack-build-out.txt

Making predictions for symbolator
Making predictions for libabigail
Making predictions for actual
==> Error: ProcessError: Command exited with status 2:
    'make' '-j16' 'V=1'

20 errors found in build log:
     2168     checking whether linking with -ldl works... yes
     2169     checking whether RTLD_DEFAULT is declared... yes
     2170     checking whether RTLD_NEXT is declared... yes
     2171     checking BPatch.h usability... no
     2172     checking BPatch.h presence... no
     2173     checking for BPatch.h... no
  >> 2174     configure: error: no BPatch.h found; check path for Dyninst packa
              ge first...
     2175     checking for tau_instrumentor... no
  >> 2176     configure: error: no tau_instrumentor found; check path for PDToo
              lkit first...
     2177     configure: we are configuring inside Open MPI; presetting cache t
              o skip MPI related tests
     2178     checking for mpicc... (cached) /p/vast1/build/spack/lib/spack/env
              /gcc/gcc
     2179     checking for mpicxx... (cached) /p/vast1/build/spack/lib/spack/en
              v/gcc/g++
     2180     checking whether MPI_IN_PLACE is declared... (cached) yes
     2181     checking for MPI_Add_error_class... (cached) yes
     2182     checking for MPI_Add_error_code... (cached) yes

     ...

     2191     checking for PMPI_Win_unlock... (cached) yes
     2192     checking for MPI_Register_datarep... (cached) yes
     2193     checking for PMPI_File_read_ordered... (cached) yes
     2194     checking for PMPI_File_read_ordered_begin... (cached) yes
     2195     checking for PMPI_File_write_ordered... (cached) yes
     2196     checking for PMPI_File_write_ordered_begin... (cached) yes
  >> 2197     configure: error: MPI Correctness Checking support cannot be buil
              t inside Open MPI
     2198     checking math.h usability... yes
     2199     checking math.h presence... yes
     2200     checking for math.h... yes
     2201     checking whether we need to link -lm to get math functions... no
     2202     checking f2c.h usability... no
     2203     checking f2c.h presence... no
     2204     checking for f2c.h... no
  >> 2205     configure: error: no f2c.h found; check path for CLAPACK package 
              first...
     2206     checking for C++ runtime library... -lstdc++
     2207     checking for the pthreads library -lpthreads... no
     2208     checking whether pthreads work without any flags... yes
     2209     checking for joinable pthread attribute... PTHREAD_CREATE_JOINABL
              E
     2210     checking if more special flags are required for pthreads... no
     2211     checking for cc_r... /p/vast1/build/spack/lib/spack/env/gcc/gcc

     ...

     2221     checking omp.h presence... yes
     2222     checking for omp.h... yes
     2223     checking whether we can build shared libraries... yes
     2224     checking jvmti.h usability... no
     2225     checking jvmti.h presence... no
     2226     checking for jvmti.h... no
  >> 2227     configure: error: no jvmti.h found; check path for JVMTI package 
              first...
     2228     checking papi.h usability... yes
     2229     checking papi.h presence... yes
     2230     checking for papi.h... yes
     2231     checking whether linking with -lpapi works... yes
     2232     checking whether PAPI version >= 3... yes
     2233     checking whether long_long is declared... yes

     ...

     2251     checking for sched.h... yes
     2252     checking for sched_getcpu... yes
     2253     checking whether sched_getcpu works... yes
     2254     checking cuda.h usability... no
     2255     checking cuda.h presence... no
     2256     checking for cuda.h... no
  >> 2257     configure: error: no cuda.h found; check path for CUDA Toolkit fi
              rst...
     2258     checking cuda_runtime_api.h usability... no
     2259     checking cuda_runtime_api.h presence... no
     2260     checking for cuda_runtime_api.h... no
  >> 2261     configure: error: no cuda_runtime_api.h found; check path for CUD
              A Toolkit first...
     2262     checking cupti.h usability... no
     2263     checking cupti.h presence... no
     2264     checking for cupti.h... no
  >> 2265     configure: error: no cupti.h found; check path for CUPTI package 
              first...
     2266     checking for dlfcn.h... (cached) yes
     2267     checking whether linking with -ldl works... yes
     2268     checking whether RTLD_DEFAULT is declared... (cached) yes
     2269     checking whether RTLD_NEXT is declared... (cached) yes
     2270     checking for shared LIBC's pathname... /lib64/libc.so.6
     2271     checking whether __errno_location is declared... yes
     2272     checking ctool/ctool.h usability... no
     2273     checking ctool/ctool.h presence... no
     2274     checking for ctool/ctool.h... no
  >> 2275     configure: error: no ctool/ctool.h found; check path for CTool pa
              ckage first...
     2276     checking for fork... yes
     2277     checking for execl... yes
     2278     checking for execle... yes
     2279     checking for execlp... yes
     2280     checking for execv... yes
     2281     checking for execve... yes

     ...

     2402     checking for mpicc... /p/vast1/build/spack/lib/spack/env/gcc/gcc
     2403     checking for mpic++... /p/vast1/build/spack/lib/spack/env/gcc/g++
     2404     checking for OpenMP flag of C++ compiler... -fopenmp
     2405     checking vtf3.h usability... no
     2406     checking vtf3.h presence... no
     2407     checking for vtf3.h... no
  >> 2408     configure: error: no vtf3.h found; check path for VTF3 package fi
              rst...
     2409     checking zlib.h usability... yes
     2410     checking zlib.h presence... yes
     2411     checking for zlib.h... yes
     2412     checking whether linking with -lm works... yes
     2413     checking whether we need to link -lm to get math functions... no
     2414     checking for pdflatex... pdflatex

     ...

     14765    
     14766       10 |   call MPI_Testall(count, array_of_requests, flag, array_
              of_statuses, ierr)
     14767          |                                                   2
     14768    ......
     14769       22 |   call MPI_Testall(count, array_of_requests, flag, array_
              of_statuses, ierr)
     14770          |                                                   1
  >> 14771    Error: Type mismatch between actual argument at (1) and actual ar
              gument at (2) (REAL(8)/INTEGER(4)).
     14772    mpi_testsome_f90.f90:26:76:
     14773    
     14774       12 |   call MPI_Testsome(incount, array_of_requests, outcount,
               array_of_indices, array_of_statuses, ierr)
     14775          |                                                          
                                2
     14776    ......
     14777       26 |   call MPI_Testsome(incount, array_of_requests, outcount,
               array_of_indices, array_of_statuses, ierr)
     14778          |                                                          
                                1
  >> 14779    Error: Type mismatch between actual argument at (1) and actual ar
              gument at (2) (REAL(8)/INTEGER(4)).
  >> 14780    make[4]: *** [mpi_testsome_f90.lo] Error 1
     14781    make[4]: *** Waiting for unfinished jobs....
  >> 14782    make[4]: *** [mpi_testall_f90.lo] Error 1
     14783    mpi_waitsome_f90.f90:26:76:
     14784    
     14785       12 |   call MPI_Waitsome(incount, array_of_requests, outcount,
               array_of_indices, array_of_statuses, ierr)
     14786          |                                                          
                                2
     14787    ......
     14788       26 |   call MPI_Waitsome(incount, array_of_requests, outcount,
               array_of_indices, array_of_statuses, ierr)
     14789          |                                                          
                                1
  >> 14790    Error: Type mismatch between actual argument at (1) and actual ar
              gument at (2) (REAL(8)/INTEGER(4)).
  >> 14791    make[4]: *** [mpi_waitsome_f90.lo] Error 1
     14792    libtool: compile:  /p/vast1/build/spack/lib/spack/env/gcc/gfortra
              n -I../../../ompi/include -I/var/tmp/sochat1/spack-stage/spack-st
              age-openmpi-1.6-iiykdhphdvpxme62awgttybly2myryyg/spack-src/ompi/i
              nclude -I. -I/var/tmp/sochat1/spack-stage/spack-stage-openmpi-1.6
              -iiykdhphdvpxme62awgttybly2myryyg/spack-src/ompi/mpi/f90 -I../../
              ../ompi/mpi/f90 -c mpi_wtick_f90.f90 -o mpi_wtick_f90.o >/dev/nul
              l 2>&1
     14793    libtool: compile:  /p/vast1/build/spack/lib/spack/env/gcc/gfortra
              n -I../../../ompi/include -I/var/tmp/sochat1/spack-stage/spack-st
              age-openmpi-1.6-iiykdhphdvpxme62awgttybly2myryyg/spack-src/ompi/i
              nclude -I. -I/var/tmp/sochat1/spack-stage/spack-stage-openmpi-1.6
              -iiykdhphdvpxme62awgttybly2myryyg/spack-src/ompi/mpi/f90 -I../../
              ../ompi/mpi/f90 -c mpi_wtime_f90.f90 -o mpi_wtime_f90.o >/dev/nul
              l 2>&1
     14794    libtool: compile:  /p/vast1/build/spack/lib/spack/env/gcc/gfortra
              n -I../../../ompi/include -I/var/tmp/sochat1/spack-stage/spack-st
              age-openmpi-1.6-iiykdhphdvpxme62awgttybly2myryyg/spack-src/ompi/i
              nclude -I. -I/var/tmp/sochat1/spack-stage/spack-stage-openmpi-1.6
              -iiykdhphdvpxme62awgttybly2myryyg/spack-src/ompi/mpi/f90 -I../../
              ../ompi/mpi/f90 -c mpi.f90 -o mpi.o >/dev/null 2>&1
     14795    make[4]: Leaving directory `/tmp/sochat1/spack-stage/spack-stage-
              openmpi-1.6-iiykdhphdvpxme62awgttybly2myryyg/spack-src/ompi/mpi/f
              90'
  >> 14796    make[3]: *** [all-recursive] Error 1
     14797    make[3]: Leaving directory `/tmp/sochat1/spack-stage/spack-stage-
              openmpi-1.6-iiykdhphdvpxme62awgttybly2myryyg/spack-src/ompi/mpi/f
              90'
  >> 14798    make[2]: *** [all] Error 2
     14799    make[2]: Leaving directory `/tmp/sochat1/spack-stage/spack-stage-
              openmpi-1.6-iiykdhphdvpxme62awgttybly2myryyg/spack-src/ompi/mpi/f
              90'
  >> 14800    make[1]: *** [all-recursive] Error 1
     14801    make[1]: Leaving directory `/tmp/sochat1/spack-stage/spack-stage-
              openmpi-1.6-iiykdhphdvpxme62awgttybly2myryyg/spack-src/ompi'
  >> 14802    make: *** [all-recursive] Error 1

See build log for details:
  /var/tmp/sochat1/spack-stage/spack-stage-openmpi-1.6-iiykdhphdvpxme62awgttybly2myryyg/spack-build-out.txt

Making predictions for spack-test
Making predictions for symbolator
Making predictions for libabigail
abicompat not found on path, will look for spack instead.
Making predictions for actual
