==> Error: ProcessError: Command exited with status 2:
    'make' '-j2' 'V=1'

9 errors found in build log:
     10433    
     10434       16 |   call MPI_Comm_spawn_multiple(count, array_of_commands, 
              array_of_argv, &
     10435          |                                                         2
     10436    ......
     10437       36 |   call MPI_Comm_spawn_multiple(count, array_of_commands, 
              array_of_argv, &
     10438          |                                                         1
  >> 10439    Error: Type mismatch between actual argument at (1) and actual ar
              gument at (2) (REAL(8)/CHARACTER(*)).
  >> 10440    make[5]: *** [mpi_comm_spawn_multiple_f90.lo] Error 1
     10441    make[5]: *** Waiting for unfinished jobs....
     10442    libtool: compile:  /p/vast1/build/spack/lib/spack/env/gcc/gfortra
              n -I../../../ompi/include -I/var/tmp/sochat1/spack-stage/spack-st
              age-openmpi-1.2.2-ogeswioh6hklj2z4cabpbsx5fg47kvhi/spack-src/ompi
              /include -I. -I/var/tmp/sochat1/spack-stage/spack-stage-openmpi-1
              .2.2-ogeswioh6hklj2z4cabpbsx5fg47kvhi/spack-src/ompi/mpi/f90 -I..
              /../../ompi/mpi/f90 -c mpi_testall_f90.f90  -fPIC -o .libs/mpi_te
              stall_f90.o
     10443    mpi_testall_f90.f90:22:51:
     10444    
     10445       10 |   call MPI_Testall(count, array_of_requests, flag, array_
              of_statuses, ierr)
     10446          |                                                   2
     10447    ......
     10448       22 |   call MPI_Testall(count, array_of_requests, flag, array_
              of_statuses, ierr)
     10449          |                                                   1
  >> 10450    Error: Type mismatch between actual argument at (1) and actual ar
              gument at (2) (REAL(8)/INTEGER(4)).
  >> 10451    make[5]: *** [mpi_testall_f90.lo] Error 1
     10452    make[5]: Leaving directory `/tmp/sochat1/spack-stage/spack-stage-
              openmpi-1.2.2-ogeswioh6hklj2z4cabpbsx5fg47kvhi/spack-src/ompi/mpi
              /f90'
  >> 10453    make[4]: *** [all-recursive] Error 1
     10454    make[4]: Leaving directory `/tmp/sochat1/spack-stage/spack-stage-
              openmpi-1.2.2-ogeswioh6hklj2z4cabpbsx5fg47kvhi/spack-src/ompi/mpi
              /f90'
  >> 10455    make[3]: *** [all] Error 2
     10456    make[3]: Leaving directory `/tmp/sochat1/spack-stage/spack-stage-
              openmpi-1.2.2-ogeswioh6hklj2z4cabpbsx5fg47kvhi/spack-src/ompi/mpi
              /f90'
  >> 10457    make[2]: *** [all-recursive] Error 1
     10458    make[2]: Leaving directory `/tmp/sochat1/spack-stage/spack-stage-
              openmpi-1.2.2-ogeswioh6hklj2z4cabpbsx5fg47kvhi/spack-src/ompi/mpi
              '
  >> 10459    make[1]: *** [all-recursive] Error 1
     10460    make[1]: Leaving directory `/tmp/sochat1/spack-stage/spack-stage-
              openmpi-1.2.2-ogeswioh6hklj2z4cabpbsx5fg47kvhi/spack-src/ompi'
  >> 10461    make: *** [all-recursive] Error 1

See build log for details:
  /var/tmp/sochat1/spack-stage/spack-stage-openmpi-1.2.2-ogeswioh6hklj2z4cabpbsx5fg47kvhi/spack-build-out.txt

Making predictions for symbolator
Making predictions for libabigail
Making predictions for actual
==> Error: ProcessError: Command exited with status 2:
    'make' '-j16' 'V=1'

15 errors found in build log:
     10442    
     10443       16 |   call MPI_Comm_spawn_multiple(count, array_of_commands, 
              array_of_argv, &
     10444          |                                                         2
     10445    ......
     10446       36 |   call MPI_Comm_spawn_multiple(count, array_of_commands, 
              array_of_argv, &
     10447          |                                                         1
  >> 10448    Error: Type mismatch between actual argument at (1) and actual ar
              gument at (2) (REAL(8)/CHARACTER(*)).
     10449    mpi_waitsome_f90.f90:26:76:
     10450    
     10451       12 |   call MPI_Waitsome(incount, array_of_requests, outcount,
               array_of_indices, array_of_statuses, ierr)
     10452          |                                                          
                                2
     10453    ......
     10454       26 |   call MPI_Waitsome(incount, array_of_requests, outcount,
               array_of_indices, array_of_statuses, ierr)
     10455          |                                                          
                                1
  >> 10456    Error: Type mismatch between actual argument at (1) and actual ar
              gument at (2) (REAL(8)/INTEGER(4)).
     10457    mpi_testall_f90.f90:22:51:
     10458    
     10459       10 |   call MPI_Testall(count, array_of_requests, flag, array_
              of_statuses, ierr)
     10460          |                                                   2
     10461    ......
     10462       22 |   call MPI_Testall(count, array_of_requests, flag, array_
              of_statuses, ierr)
     10463          |                                                   1
  >> 10464    Error: Type mismatch between actual argument at (1) and actual ar
              gument at (2) (REAL(8)/INTEGER(4)).
     10465    mpi_waitall_f90.f90:18:45:
     10466    
     10467        8 |   call MPI_Waitall(count, array_of_requests, array_of_sta
              tuses, ierr)
     10468          |                                             2
     10469    ......
     10470       18 |   call MPI_Waitall(count, array_of_requests, array_of_sta
              tuses, ierr)
     10471          |                                             1
  >> 10472    Error: Type mismatch between actual argument at (1) and actual ar
              gument at (2) (REAL(8)/INTEGER(4)).
  >> 10473    make[5]: *** [mpi_comm_spawn_multiple_f90.lo] Error 1
     10474    make[5]: *** Waiting for unfinished jobs....
     10475    mpi_testsome_f90.f90:26:76:
     10476    
     10477       12 |   call MPI_Testsome(incount, array_of_requests, outcount,
               array_of_indices, array_of_statuses, ierr)
     10478          |                                                          
                                2
     10479    ......
     10480       26 |   call MPI_Testsome(incount, array_of_requests, outcount,
               array_of_indices, array_of_statuses, ierr)
     10481          |                                                          
                                1
  >> 10482    Error: Type mismatch between actual argument at (1) and actual ar
              gument at (2) (REAL(8)/INTEGER(4)).
  >> 10483    make[5]: *** [mpi_testall_f90.lo] Error 1
  >> 10484    make[5]: *** [mpi_waitsome_f90.lo] Error 1
  >> 10485    make[5]: *** [mpi_waitall_f90.lo] Error 1
  >> 10486    make[5]: *** [mpi_testsome_f90.lo] Error 1
     10487    libtool: compile:  /p/vast1/build/spack/lib/spack/env/gcc/gfortra
              n -I../../../ompi/include -I/var/tmp/sochat1/spack-stage/spack-st
              age-openmpi-1.2.2-ogeswioh6hklj2z4cabpbsx5fg47kvhi/spack-src/ompi
              /include -I. -I/var/tmp/sochat1/spack-stage/spack-stage-openmpi-1
              .2.2-ogeswioh6hklj2z4cabpbsx5fg47kvhi/spack-src/ompi/mpi/f90 -I..
              /../../ompi/mpi/f90 -c mpi_wtime_f90.f90 -o mpi_wtime_f90.o >/dev
              /null 2>&1
     10488    libtool: compile:  /p/vast1/build/spack/lib/spack/env/gcc/gfortra
              n -I../../../ompi/include -I/var/tmp/sochat1/spack-stage/spack-st
              age-openmpi-1.2.2-ogeswioh6hklj2z4cabpbsx5fg47kvhi/spack-src/ompi
              /include -I. -I/var/tmp/sochat1/spack-stage/spack-stage-openmpi-1
              .2.2-ogeswioh6hklj2z4cabpbsx5fg47kvhi/spack-src/ompi/mpi/f90 -I..
              /../../ompi/mpi/f90 -c mpi_wtick_f90.f90 -o mpi_wtick_f90.o >/dev
              /null 2>&1
     10489    libtool: compile:  /p/vast1/build/spack/lib/spack/env/gcc/gfortra
              n -I../../../ompi/include -I/var/tmp/sochat1/spack-stage/spack-st
              age-openmpi-1.2.2-ogeswioh6hklj2z4cabpbsx5fg47kvhi/spack-src/ompi
              /include -I. -I/var/tmp/sochat1/spack-stage/spack-stage-openmpi-1
              .2.2-ogeswioh6hklj2z4cabpbsx5fg47kvhi/spack-src/ompi/mpi/f90 -I..
              /../../ompi/mpi/f90 -c mpi_sizeof.f90 -o mpi_sizeof.o >/dev/null 
              2>&1
     10490    libtool: compile:  /p/vast1/build/spack/lib/spack/env/gcc/gfortra
              n -I../../../ompi/include -I/var/tmp/sochat1/spack-stage/spack-st
              age-openmpi-1.2.2-ogeswioh6hklj2z4cabpbsx5fg47kvhi/spack-src/ompi
              /include -I. -I/var/tmp/sochat1/spack-stage/spack-stage-openmpi-1
              .2.2-ogeswioh6hklj2z4cabpbsx5fg47kvhi/spack-src/ompi/mpi/f90 -I..
              /../../ompi/mpi/f90 -c mpi.f90 -o mpi.o >/dev/null 2>&1
     10491    make[5]: Leaving directory `/tmp/sochat1/spack-stage/spack-stage-
              openmpi-1.2.2-ogeswioh6hklj2z4cabpbsx5fg47kvhi/spack-src/ompi/mpi
              /f90'
  >> 10492    make[4]: *** [all-recursive] Error 1
     10493    make[4]: Leaving directory `/tmp/sochat1/spack-stage/spack-stage-
              openmpi-1.2.2-ogeswioh6hklj2z4cabpbsx5fg47kvhi/spack-src/ompi/mpi
              /f90'
  >> 10494    make[3]: *** [all] Error 2
     10495    make[3]: Leaving directory `/tmp/sochat1/spack-stage/spack-stage-
              openmpi-1.2.2-ogeswioh6hklj2z4cabpbsx5fg47kvhi/spack-src/ompi/mpi
              /f90'
  >> 10496    make[2]: *** [all-recursive] Error 1
     10497    make[2]: Leaving directory `/tmp/sochat1/spack-stage/spack-stage-
              openmpi-1.2.2-ogeswioh6hklj2z4cabpbsx5fg47kvhi/spack-src/ompi/mpi
              '
  >> 10498    make[1]: *** [all-recursive] Error 1
     10499    make[1]: Leaving directory `/tmp/sochat1/spack-stage/spack-stage-
              openmpi-1.2.2-ogeswioh6hklj2z4cabpbsx5fg47kvhi/spack-src/ompi'
  >> 10500    make: *** [all-recursive] Error 1

See build log for details:
  /var/tmp/sochat1/spack-stage/spack-stage-openmpi-1.2.2-ogeswioh6hklj2z4cabpbsx5fg47kvhi/spack-build-out.txt

Making predictions for spack-test
Making predictions for symbolator
Making predictions for libabigail
abicompat not found on path, will look for spack instead.
Making predictions for actual
