/var/spool/slurmd/job97937/slurm_script: line 12: 31395 Killed                  spliced splice --package openmpi@1.6.4 --splice pkgconf --runner spack --replace pkgconf --experiment experiment --outfile /p/vast1/build/spliced-experiment/results/openmpi/1.6.4/pkgconf/experiment.json
==> Error: ProcessError: Command exited with status 2:
    'make' '-j16' 'V=1'

25 errors found in build log:
     2145     checking whether linking with -ldl works... yes
     2146     checking whether RTLD_DEFAULT is declared... yes
     2147     checking whether RTLD_NEXT is declared... yes
     2148     checking BPatch.h usability... no
     2149     checking BPatch.h presence... no
     2150     checking for BPatch.h... no
  >> 2151     configure: error: no BPatch.h found; check path for Dyninst packa
              ge first...
     2152     checking for tau_instrumentor... no
  >> 2153     configure: error: no tau_instrumentor found; check path for PDToo
              lkit first...
     2154     configure: we are configuring inside Open MPI; presetting cache t
              o skip MPI related tests
     2155     checking for mpicc... (cached) /p/vast1/build/spack/lib/spack/env
              /gcc/gcc
     2156     checking for mpicxx... (cached) /p/vast1/build/spack/lib/spack/en
              v/gcc/g++
     2157     checking whether MPI_IN_PLACE is declared... (cached) yes
     2158     checking whether MPI_ROOT is declared... (cached) yes
     2159     checking for MPI_Add_error_class... (cached) yes

     ...

     2172     checking for PMPI_Win_unlock... (cached) yes
     2173     checking for MPI_Register_datarep... (cached) yes
     2174     checking for PMPI_File_read_ordered... (cached) yes
     2175     checking for PMPI_File_read_ordered_begin... (cached) yes
     2176     checking for PMPI_File_write_ordered... (cached) yes
     2177     checking for PMPI_File_write_ordered_begin... (cached) yes
  >> 2178     configure: error: MPI Correctness Checking support cannot be buil
              t inside Open MPI
     2179     checking math.h usability... yes
     2180     checking math.h presence... yes
     2181     checking for math.h... yes
     2182     checking whether we need to link -lm to get math functions... no
     2183     checking f2c.h usability... no
     2184     checking f2c.h presence... no
     2185     checking for f2c.h... no
  >> 2186     configure: error: no f2c.h found; check path for CLAPACK package 
              first...
     2187     checking for C++ runtime library... -lstdc++
     2188     checking for the pthreads library -lpthreads... no
     2189     checking whether pthreads work without any flags... yes
     2190     checking for joinable pthread attribute... PTHREAD_CREATE_JOINABL
              E
     2191     checking if more special flags are required for pthreads... no
     2192     checking for cc_r... /p/vast1/build/spack/lib/spack/env/gcc/gcc

     ...

     2202     checking omp.h presence... yes
     2203     checking for omp.h... yes
     2204     checking whether we can build shared libraries... yes
     2205     checking jvmti.h usability... no
     2206     checking jvmti.h presence... no
     2207     checking for jvmti.h... no
  >> 2208     configure: error: no jvmti.h found; check path for JVMTI package 
              first...
     2209     checking papi.h usability... yes
     2210     checking papi.h presence... yes
     2211     checking for papi.h... yes
     2212     checking whether linking with -lpapi works... yes
     2213     checking whether PAPI version >= 3... yes
     2214     checking for long_long... yes

     ...

     2226     checking for sched.h... yes
     2227     checking for sched_getcpu... yes
     2228     checking whether sched_getcpu works... yes
     2229     checking cuda.h usability... no
     2230     checking cuda.h presence... no
     2231     checking for cuda.h... no
  >> 2232     configure: error: no cuda.h found; check path for CUDA Toolkit fi
              rst...
     2233     checking cuda_runtime_api.h usability... no
     2234     checking cuda_runtime_api.h presence... no
     2235     checking for cuda_runtime_api.h... no
  >> 2236     configure: error: no cuda_runtime_api.h found; check path for CUD
              A Toolkit first...
     2237     checking cupti.h usability... no
     2238     checking cupti.h presence... no
     2239     checking for cupti.h... no
  >> 2240     configure: error: no cupti.h found; check path for CUPTI package 
              first...
     2241     checking for dlfcn.h... (cached) yes
     2242     checking whether linking with -ldl works... yes
     2243     checking whether RTLD_DEFAULT is declared... (cached) yes
     2244     checking whether RTLD_NEXT is declared... (cached) yes
     2245     checking for shared LIBC's pathname... /lib64/libc.so.6
     2246     checking whether __errno_location is declared... yes
     2247     checking ctool/ctool.h usability... no
     2248     checking ctool/ctool.h presence... no
     2249     checking for ctool/ctool.h... no
  >> 2250     configure: error: no ctool/ctool.h found; check path for CTool pa
              ckage first...
     2251     checking for __WAIT_STATUS... yes
     2252     checking whether environ is declared... yes
     2253     checking for execvpe... yes
     2254     checking for fexecve... yes
     2255     checking for waitid... yes
     2256     checking for wait3... yes

     ...

     2283     checking zlib.h presence... yes
     2284     checking for zlib.h... yes
     2285     checking whether linking with -lz works... yes
     2286     checking bmi.h usability... no
     2287     checking bmi.h presence... no
     2288     checking for bmi.h... no
  >> 2289     configure: error: no bmi.h found; check path for BMI package firs
              t...
     2290     configure: configuring in extlib/otf (/tmp/sochat1/spack-stage/sp
              ack-stage-openmpi-1.6.4-prh3mxkg3njg6tcnhj5swolo3pmmdxf2/spack-sr
              c/ompi/contrib/vt/vt/extlib/otf)
     2291     configure: running /bin/sh /var/tmp/sochat1/spack-stage/spack-sta
              ge-openmpi-1.6.4-prh3mxkg3njg6tcnhj5swolo3pmmdxf2/spack-src/ompi/
              contrib/vt/vt/extlib/otf/configure --with-openmpi-inside=yes --en
              able-static=yes --enable-shared=yes --with-mpi --with-mpi-lib="-l
              mpi" --with-zlib-lib="-lz" --without-zoidfs --prefix="/p/vast1/bu
              ild/spack/opt/spack/linux-rhel7-broadwell/gcc-10.2.1/openmpi-1.6.
              4-prh3mxkg3njg6tcnhj5swolo3pmmdxf2" --exec-prefix="${prefix}" --b
              indir="${exec_prefix}/bin" --libdir="${exec_prefix}/lib" --includ
              edir="${prefix}/include/vampirtrace" --docdir="${datarootdir}/doc
              /otf"  --cache-file="/dev/null" --srcdir="/var/tmp/sochat1/spack-
              stage/spack-stage-openmpi-1.6.4-prh3mxkg3njg6tcnhj5swolo3pmmdxf2/
              spack-src/ompi/contrib/vt/vt/extlib/otf"
     2292     checking build system type... x86_64-unknown-linux-gnu
     2293     checking host system type... x86_64-unknown-linux-gnu
     2294     checking target system type... x86_64-unknown-linux-gnu
     2295     checking for a BSD-compatible install... /usr/bin/install -c

     ...

     2383     checking for mpicc... /p/vast1/build/spack/lib/spack/env/gcc/gcc
     2384     checking for mpic++... /p/vast1/build/spack/lib/spack/env/gcc/g++
     2385     checking for OpenMP flag of C++ compiler... -fopenmp
     2386     checking vtf3.h usability... no
     2387     checking vtf3.h presence... no
     2388     checking for vtf3.h... no
  >> 2389     configure: error: no vtf3.h found; check path for VTF3 package fi
              rst...
     2390     checking zlib.h usability... yes
     2391     checking zlib.h presence... yes
     2392     checking for zlib.h... yes
     2393     checking whether linking with -lm works... yes
     2394     checking whether we need to link -lm to get math functions... no
     2395     checking for pdflatex... pdflatex

     ...

     14678    
     14679       10 |   call MPI_Testall(count, array_of_requests, flag, array_
              of_statuses, ierr)
     14680          |                                                   2
     14681    ......
     14682       22 |   call MPI_Testall(count, array_of_requests, flag, array_
              of_statuses, ierr)
     14683          |                                                   1
  >> 14684    Error: Type mismatch between actual argument at (1) and actual ar
              gument at (2) (REAL(8)/INTEGER(4)).
     14685    mpi_comm_spawn_multiple_f90.f90:36:57:
     14686    
     14687       16 |   call MPI_Comm_spawn_multiple(count, array_of_commands, 
              array_of_argv, &
     14688          |                                                         2
     14689    ......
     14690       36 |   call MPI_Comm_spawn_multiple(count, array_of_commands, 
              array_of_argv, &
     14691          |                                                         1
  >> 14692    Error: Type mismatch between actual argument at (1) and actual ar
              gument at (2) (REAL(8)/CHARACTER(*)).
     14693    mpi_waitall_f90.f90:18:45:
     14694    
     14695        8 |   call MPI_Waitall(count, array_of_requests, array_of_sta
              tuses, ierr)
     14696          |                                             2
     14697    ......
     14698       18 |   call MPI_Waitall(count, array_of_requests, array_of_sta
              tuses, ierr)
     14699          |                                             1
  >> 14700    Error: Type mismatch between actual argument at (1) and actual ar
              gument at (2) (REAL(8)/INTEGER(4)).
     14701    mpi_testsome_f90.f90:26:76:
     14702    
     14703       12 |   call MPI_Testsome(incount, array_of_requests, outcount,
               array_of_indices, array_of_statuses, ierr)
     14704          |                                                          
                                2
     14705    ......
     14706       26 |   call MPI_Testsome(incount, array_of_requests, outcount,
               array_of_indices, array_of_statuses, ierr)
     14707          |                                                          
                                1
  >> 14708    Error: Type mismatch between actual argument at (1) and actual ar
              gument at (2) (REAL(8)/INTEGER(4)).
  >> 14709    make[4]: *** [mpi_testall_f90.lo] Error 1
     14710    make[4]: *** Waiting for unfinished jobs....
  >> 14711    make[4]: *** [mpi_comm_spawn_multiple_f90.lo] Error 1
  >> 14712    make[4]: *** [mpi_waitall_f90.lo] Error 1
     14713    mpi_waitsome_f90.f90:26:76:
     14714    
     14715       12 |   call MPI_Waitsome(incount, array_of_requests, outcount,
               array_of_indices, array_of_statuses, ierr)
     14716          |                                                          
                                2
     14717    ......
     14718       26 |   call MPI_Waitsome(incount, array_of_requests, outcount,
               array_of_indices, array_of_statuses, ierr)
     14719          |                                                          
                                1
  >> 14720    Error: Type mismatch between actual argument at (1) and actual ar
              gument at (2) (REAL(8)/INTEGER(4)).
  >> 14721    make[4]: *** [mpi_testsome_f90.lo] Error 1
  >> 14722    make[4]: *** [mpi_waitsome_f90.lo] Error 1
     14723    libtool: compile:  /p/vast1/build/spack/lib/spack/env/gcc/gfortra
              n -I../../../ompi/include -I/var/tmp/sochat1/spack-stage/spack-st
              age-openmpi-1.6.4-prh3mxkg3njg6tcnhj5swolo3pmmdxf2/spack-src/ompi
              /include -I. -I/var/tmp/sochat1/spack-stage/spack-stage-openmpi-1
              .6.4-prh3mxkg3njg6tcnhj5swolo3pmmdxf2/spack-src/ompi/mpi/f90 -I..
              /../../ompi/mpi/f90 -c mpi_wtick_f90.f90 -o mpi_wtick_f90.o >/dev
              /null 2>&1
     14724    libtool: compile:  /p/vast1/build/spack/lib/spack/env/gcc/gfortra
              n -I../../../ompi/include -I/var/tmp/sochat1/spack-stage/spack-st
              age-openmpi-1.6.4-prh3mxkg3njg6tcnhj5swolo3pmmdxf2/spack-src/ompi
              /include -I. -I/var/tmp/sochat1/spack-stage/spack-stage-openmpi-1
              .6.4-prh3mxkg3njg6tcnhj5swolo3pmmdxf2/spack-src/ompi/mpi/f90 -I..
              /../../ompi/mpi/f90 -c mpi_wtime_f90.f90 -o mpi_wtime_f90.o >/dev
              /null 2>&1
     14725    libtool: compile:  /p/vast1/build/spack/lib/spack/env/gcc/gfortra
              n -I../../../ompi/include -I/var/tmp/sochat1/spack-stage/spack-st
              age-openmpi-1.6.4-prh3mxkg3njg6tcnhj5swolo3pmmdxf2/spack-src/ompi
              /include -I. -I/var/tmp/sochat1/spack-stage/spack-stage-openmpi-1
              .6.4-prh3mxkg3njg6tcnhj5swolo3pmmdxf2/spack-src/ompi/mpi/f90 -I..
              /../../ompi/mpi/f90 -c mpi_sizeof.f90 -o mpi_sizeof.o >/dev/null 
              2>&1
     14726    libtool: compile:  /p/vast1/build/spack/lib/spack/env/gcc/gfortra
              n -I../../../ompi/include -I/var/tmp/sochat1/spack-stage/spack-st
              age-openmpi-1.6.4-prh3mxkg3njg6tcnhj5swolo3pmmdxf2/spack-src/ompi
              /include -I. -I/var/tmp/sochat1/spack-stage/spack-stage-openmpi-1
              .6.4-prh3mxkg3njg6tcnhj5swolo3pmmdxf2/spack-src/ompi/mpi/f90 -I..
              /../../ompi/mpi/f90 -c mpi.f90 -o mpi.o >/dev/null 2>&1
     14727    make[4]: Leaving directory `/tmp/sochat1/spack-stage/spack-stage-
              openmpi-1.6.4-prh3mxkg3njg6tcnhj5swolo3pmmdxf2/spack-src/ompi/mpi
              /f90'
  >> 14728    make[3]: *** [all-recursive] Error 1
     14729    make[3]: Leaving directory `/tmp/sochat1/spack-stage/spack-stage-
              openmpi-1.6.4-prh3mxkg3njg6tcnhj5swolo3pmmdxf2/spack-src/ompi/mpi
              /f90'
  >> 14730    make[2]: *** [all] Error 2
     14731    make[2]: Leaving directory `/tmp/sochat1/spack-stage/spack-stage-
              openmpi-1.6.4-prh3mxkg3njg6tcnhj5swolo3pmmdxf2/spack-src/ompi/mpi
              /f90'
  >> 14732    make[1]: *** [all-recursive] Error 1
     14733    make[1]: Leaving directory `/tmp/sochat1/spack-stage/spack-stage-
              openmpi-1.6.4-prh3mxkg3njg6tcnhj5swolo3pmmdxf2/spack-src/ompi'
  >> 14734    make: *** [all-recursive] Error 1

See build log for details:
  /var/tmp/sochat1/spack-stage/spack-stage-openmpi-1.6.4-prh3mxkg3njg6tcnhj5swolo3pmmdxf2/spack-build-out.txt

Making predictions for spack-test
Making predictions for symbolator
Making predictions for libabigail
abicompat not found on path, will look for spack instead.
Making predictions for actual
