/var/spool/slurmd/job97895/slurm_script: line 12: 58386 Killed                  spliced splice --package openmpi@master --splice pkgconf --runner spack --replace pkgconf --experiment experiment --outfile /p/vast1/build/spliced-experiment/results/openmpi/master/pkgconf/experiment.json
==> Warning: Missing a source id for openmpi@master
==> Error: ProcessError: Command exited with status 1:
    '/var/tmp/sochat1/spack-stage/spack-stage-openmpi-master-ihentoup3voecdrmavxloehqek66e446/spack-src/configure' '--prefix=/p/vast1/build/spack/opt/spack/linux-rhel7-broadwell/gcc-10.2.1/openmpi-master-ihentoup3voecdrmavxloehqek66e446' '--enable-shared' '--disable-silent-rules' '--disable-builtin-atomics' '--enable-static' '--without-pmi' '--with-zlib=/p/vast1/build/spack/opt/spack/linux-rhel7-broadwell/gcc-10.2.1/zlib-1.2.11-su2ldy5ofm424qnly3kitbbdgwovpfk4' '--enable-mpi1-compatibility' '--without-fca' '--without-verbs' '--without-xpmem' '--without-cma' '--without-psm2' '--without-hcoll' '--without-ofi' '--without-mxm' '--without-ucx' '--without-knem' '--without-psm' '--without-cray-xpmem' '--without-loadleveler' '--without-sge' '--without-alps' '--without-tm' '--without-lsf' '--without-slurm' '--disable-memchecker' '--with-libevent=/p/vast1/build/spack/opt/spack/linux-rhel7-broadwell/gcc-10.2.1/libevent-2.1.12-ojhvas6alyezjgn2r2flj4slwat4cowk' '--with-hwloc=/p/vast1/build/spack/opt/spack/linux-rhel7-broadwell/gcc-10.2.1/hwloc-2.7.0-zcvfxqfecuheq2vakvpuosok2avakr6j' '--disable-java' '--disable-mpi-java' '--with-gpfs' '--without-cuda' '--enable-wrapper-rpath' '--disable-wrapper-runpath' '--with-wrapper-ldflags=-Wl,-rpath,/usr/tce/packages/gcc/gcc-10.2.1/rh/usr/lib/gcc/x86_64-redhat-linux/10'

29 errors found in build log:
     573     libtoolize: copying file './config/ltsugar.m4'
     574     libtoolize: copying file './config/ltversion.m4'
     575     libtoolize: copying file './config/lt~obsolete.m4'
     576     autoreconf: running: /p/vast1/build/spack/opt/spack/linux-rhel7-br
             oadwell/gcc-10.2.1/autoconf-2.69-pfmcbnykmtv5mjmsmwbesqcoea22hrrx/
             bin/autoconf --include=config --force --warnings=all,no-obsolete,n
             o-override
     577     autoreconf: running: /p/vast1/build/spack/opt/spack/linux-rhel7-br
             oadwell/gcc-10.2.1/autoconf-2.69-pfmcbnykmtv5mjmsmwbesqcoea22hrrx/
             bin/autoheader --include=config --force --warnings=all,no-obsolete
             ,no-override
     578     autoreconf: running: automake --add-missing --copy --force-missing
              --warnings=all,no-obsolete,no-override
  >> 579     configure.ac:228: installing './config/ar-lib'
  >> 580     configure.ac:111: installing './config/compile'
  >> 581     configure.ac:96: installing './config/config.guess'
  >> 582     configure.ac:96: installing './config/config.sub'
  >> 583     configure.ac:99: installing './config/install-sh'
  >> 584     configure.ac:99: installing './config/missing'
     585     examples/Makefile.am: installing './config/depcomp'
     586     configure.ac: installing './config/ylwrap'
     587     parallel-tests: installing './config/test-driver'
     588     autoreconf: Leaving directory `.'
     589     === Patching PGI compiler version numbers in ltmain.sh
     590     === Patching "-pthread" option for NAG compiler in ltmain.sh

     ...

     802     libtoolize: copying file 'config/ltsugar.m4'
     803     libtoolize: copying file 'config/ltversion.m4'
     804     libtoolize: copying file 'config/lt~obsolete.m4'
     805     autoreconf: running: /p/vast1/build/spack/opt/spack/linux-rhel7-br
             oadwell/gcc-10.2.1/autoconf-2.69-pfmcbnykmtv5mjmsmwbesqcoea22hrrx/
             bin/autoconf --include=config --force --warnings=all,no-obsolete,n
             o-override
     806     autoreconf: running: /p/vast1/build/spack/opt/spack/linux-rhel7-br
             oadwell/gcc-10.2.1/autoconf-2.69-pfmcbnykmtv5mjmsmwbesqcoea22hrrx/
             bin/autoheader --include=config --force --warnings=all,no-obsolete
             ,no-override
     807     autoreconf: running: automake --add-missing --copy --force-missing
              --warnings=all,no-obsolete,no-override
  >> 808     configure.ac:110: installing 'config/compile'
  >> 809     configure.ac:97: installing 'config/config.guess'
  >> 810     configure.ac:97: installing 'config/config.sub'
  >> 811     configure.ac:124: installing 'config/install-sh'
  >> 812     configure.ac:124: installing 'config/missing'
     813     src/Makefile.am: installing 'config/depcomp'
     814     configure.ac: installing 'config/ylwrap'
     815     autoreconf: Leaving directory `.'
     816     === Patching PGI compiler version numbers in ltmain.sh
     817     === Patching "-pthread" option for NAG compiler in ltmain.sh
     818     

     ...

     854     libtoolize: copying file 'confdb/ltsugar.m4'
     855     libtoolize: copying file 'confdb/ltversion.m4'
     856     libtoolize: copying file 'confdb/lt~obsolete.m4'
     857     autoreconf: running: /p/vast1/build/spack/opt/spack/linux-rhel7-br
             oadwell/gcc-10.2.1/autoconf-2.69-pfmcbnykmtv5mjmsmwbesqcoea22hrrx/
             bin/autoconf --include=confdb --force
     858     autoreconf: running: /p/vast1/build/spack/opt/spack/linux-rhel7-br
             oadwell/gcc-10.2.1/autoconf-2.69-pfmcbnykmtv5mjmsmwbesqcoea22hrrx/
             bin/autoheader --include=confdb --force
     859     autoreconf: running: automake --add-missing --copy --force-missing
  >> 860     configure.ac:50: installing 'confdb/ar-lib'
  >> 861     configure.ac:42: installing 'confdb/compile'
  >> 862     configure.ac:52: installing 'confdb/config.guess'
  >> 863     configure.ac:52: installing 'confdb/config.sub'
  >> 864     configure.ac:38: installing 'confdb/install-sh'
  >> 865     configure.ac:38: installing 'confdb/missing'
     866     Makefile.am: installing 'confdb/depcomp'
     867     autoreconf: Leaving directory `.'
     868     === running autoreconf in 'mpl' ===
     869     autoreconf: Entering directory `.'
     870     autoreconf: configure.ac: not using Gettext
     871     autoreconf: running: aclocal --force -I confdb

     ...

     879     libtoolize: copying file 'confdb/ltsugar.m4'
     880     libtoolize: copying file 'confdb/ltversion.m4'
     881     libtoolize: copying file 'confdb/lt~obsolete.m4'
     882     autoreconf: running: /p/vast1/build/spack/opt/spack/linux-rhel7-br
             oadwell/gcc-10.2.1/autoconf-2.69-pfmcbnykmtv5mjmsmwbesqcoea22hrrx/
             bin/autoconf --force
     883     autoreconf: running: /p/vast1/build/spack/opt/spack/linux-rhel7-br
             oadwell/gcc-10.2.1/autoconf-2.69-pfmcbnykmtv5mjmsmwbesqcoea22hrrx/
             bin/autoheader --force
     884     autoreconf: running: automake --add-missing --copy --force-missing
  >> 885     configure.ac:24: installing 'confdb/ar-lib'
  >> 886     configure.ac:18: installing 'confdb/compile'
  >> 887     configure.ac:30: installing 'confdb/config.guess'
  >> 888     configure.ac:30: installing 'confdb/config.sub'
  >> 889     configure.ac:15: installing 'confdb/install-sh'
  >> 890     configure.ac:15: installing 'confdb/missing'
     891     Makefile.am: installing 'confdb/depcomp'
     892     parallel-tests: installing 'confdb/test-driver'
     893     autoreconf: Leaving directory `.'
     894         Patching configure for Libtool PGI 10 fortran compiler name
     895         Patching configure for Libtool PGI version number regexps
     896         Patching configure for flang Fortran ()

     ...

     928     libtoolize: copying file 'config/ltsugar.m4'
     929     libtoolize: copying file 'config/ltversion.m4'
     930     libtoolize: copying file 'config/lt~obsolete.m4'
     931     autoreconf: running: /p/vast1/build/spack/opt/spack/linux-rhel7-br
             oadwell/gcc-10.2.1/autoconf-2.69-pfmcbnykmtv5mjmsmwbesqcoea22hrrx/
             bin/autoconf --include=config --force --warnings=all,no-obsolete,n
             o-override
     932     autoreconf: running: /p/vast1/build/spack/opt/spack/linux-rhel7-br
             oadwell/gcc-10.2.1/autoconf-2.69-pfmcbnykmtv5mjmsmwbesqcoea22hrrx/
             bin/autoheader --include=config --force --warnings=all,no-obsolete
             ,no-override
     933     autoreconf: running: automake --add-missing --copy --force-missing
              --warnings=all,no-obsolete,no-override
  >> 934     configure.ac:373: installing 'config/compile'
  >> 935     configure.ac:89: installing 'config/config.guess'
  >> 936     configure.ac:89: installing 'config/config.sub'
  >> 937     configure.ac:101: installing 'config/install-sh'
  >> 938     configure.ac:101: installing 'config/missing'
     939     3rd-party/treematch/Makefile.am: installing 'config/depcomp'
     940     parallel-tests: installing 'config/test-driver'
     941     configure.ac: installing 'config/ylwrap'
     942     autoreconf: Leaving directory `.'
     943     === Patching PGI compiler version numbers in ltmain.sh
     944     === Patching "-pthread" option for NAG compiler in ltmain.sh

     ...

     4759    checking gpfs.h usability... no
     4760    checking gpfs.h presence... no
     4761    checking for gpfs.h... no
     4762    checking gpfs.h usability... no
     4763    checking gpfs.h presence... no
     4764    checking for gpfs.h... no
  >> 4765    configure: error: GPFS support requested but not found.  Aborting

See build log for details:
  /var/tmp/sochat1/spack-stage/spack-stage-openmpi-master-ihentoup3voecdrmavxloehqek66e446/spack-build-out.txt

Making predictions for spack-test
Making predictions for symbolator
Making predictions for libabigail
abicompat not found on path, will look for spack instead.
Making predictions for actual
