/var/spool/slurmd/job97764/slurm_script: line 12: 27175 Killed                  spliced splice --package openmpi@1.2 --splice perl --runner spack --replace perl --experiment experiment --outfile /p/vast1/build/spliced-experiment/results/openmpi/1.2/perl/experiment.json
==> Error: ProcessError: Command exited with status 2:
    'make' '-j16' 'V=1'

15 errors found in build log:
     10420    
     10421       12 |   call MPI_Waitsome(incount, array_of_requests, outcount,
               array_of_indices, array_of_statuses, ierr)
     10422          |                                                          
                                2
     10423    ......
     10424       26 |   call MPI_Waitsome(incount, array_of_requests, outcount,
               array_of_indices, array_of_statuses, ierr)
     10425          |                                                          
                                1
  >> 10426    Error: Type mismatch between actual argument at (1) and actual ar
              gument at (2) (REAL(8)/INTEGER(4)).
     10427    mpi_comm_spawn_multiple_f90.f90:36:57:
     10428    
     10429       16 |   call MPI_Comm_spawn_multiple(count, array_of_commands, 
              array_of_argv, &
     10430          |                                                         2
     10431    ......
     10432       36 |   call MPI_Comm_spawn_multiple(count, array_of_commands, 
              array_of_argv, &
     10433          |                                                         1
  >> 10434    Error: Type mismatch between actual argument at (1) and actual ar
              gument at (2) (REAL(8)/CHARACTER(*)).
     10435    mpi_testall_f90.f90:22:51:
     10436    
     10437       10 |   call MPI_Testall(count, array_of_requests, flag, array_
              of_statuses, ierr)
     10438          |                                                   2
     10439    ......
     10440       22 |   call MPI_Testall(count, array_of_requests, flag, array_
              of_statuses, ierr)
     10441          |                                                   1
  >> 10442    Error: Type mismatch between actual argument at (1) and actual ar
              gument at (2) (REAL(8)/INTEGER(4)).
  >> 10443    make[5]: *** [mpi_waitsome_f90.lo] Error 1
     10444    make[5]: *** Waiting for unfinished jobs....
  >> 10445    make[5]: *** [mpi_comm_spawn_multiple_f90.lo] Error 1
     10446    mpi_waitall_f90.f90:18:45:
     10447    
     10448        8 |   call MPI_Waitall(count, array_of_requests, array_of_sta
              tuses, ierr)
     10449          |                                             2
     10450    ......
     10451       18 |   call MPI_Waitall(count, array_of_requests, array_of_sta
              tuses, ierr)
     10452          |                                             1
  >> 10453    Error: Type mismatch between actual argument at (1) and actual ar
              gument at (2) (REAL(8)/INTEGER(4)).
     10454    mpi_testsome_f90.f90:26:76:
     10455    
     10456       12 |   call MPI_Testsome(incount, array_of_requests, outcount,
               array_of_indices, array_of_statuses, ierr)
     10457          |                                                          
                                2
     10458    ......
     10459       26 |   call MPI_Testsome(incount, array_of_requests, outcount,
               array_of_indices, array_of_statuses, ierr)
     10460          |                                                          
                                1
  >> 10461    Error: Type mismatch between actual argument at (1) and actual ar
              gument at (2) (REAL(8)/INTEGER(4)).
  >> 10462    make[5]: *** [mpi_testall_f90.lo] Error 1
  >> 10463    make[5]: *** [mpi_testsome_f90.lo] Error 1
  >> 10464    make[5]: *** [mpi_waitall_f90.lo] Error 1
     10465    libtool: compile:  /p/vast1/build/spack/lib/spack/env/gcc/gfortra
              n -I../../../ompi/include -I/var/tmp/sochat1/spack-stage/spack-st
              age-openmpi-1.2-6j3xkej42gtvvgnvboh5vcnqdrobrziz/spack-src/ompi/i
              nclude -I. -I/var/tmp/sochat1/spack-stage/spack-stage-openmpi-1.2
              -6j3xkej42gtvvgnvboh5vcnqdrobrziz/spack-src/ompi/mpi/f90 -I../../
              ../ompi/mpi/f90 -c mpi_wtick_f90.f90 -o mpi_wtick_f90.o >/dev/nul
              l 2>&1
     10466    libtool: compile:  /p/vast1/build/spack/lib/spack/env/gcc/gfortra
              n -I../../../ompi/include -I/var/tmp/sochat1/spack-stage/spack-st
              age-openmpi-1.2-6j3xkej42gtvvgnvboh5vcnqdrobrziz/spack-src/ompi/i
              nclude -I. -I/var/tmp/sochat1/spack-stage/spack-stage-openmpi-1.2
              -6j3xkej42gtvvgnvboh5vcnqdrobrziz/spack-src/ompi/mpi/f90 -I../../
              ../ompi/mpi/f90 -c mpi_wtime_f90.f90 -o mpi_wtime_f90.o >/dev/nul
              l 2>&1
     10467    libtool: compile:  /p/vast1/build/spack/lib/spack/env/gcc/gfortra
              n -I../../../ompi/include -I/var/tmp/sochat1/spack-stage/spack-st
              age-openmpi-1.2-6j3xkej42gtvvgnvboh5vcnqdrobrziz/spack-src/ompi/i
              nclude -I. -I/var/tmp/sochat1/spack-stage/spack-stage-openmpi-1.2
              -6j3xkej42gtvvgnvboh5vcnqdrobrziz/spack-src/ompi/mpi/f90 -I../../
              ../ompi/mpi/f90 -c mpi_sizeof.f90 -o mpi_sizeof.o >/dev/null 2>&1
     10468    libtool: compile:  /p/vast1/build/spack/lib/spack/env/gcc/gfortra
              n -I../../../ompi/include -I/var/tmp/sochat1/spack-stage/spack-st
              age-openmpi-1.2-6j3xkej42gtvvgnvboh5vcnqdrobrziz/spack-src/ompi/i
              nclude -I. -I/var/tmp/sochat1/spack-stage/spack-stage-openmpi-1.2
              -6j3xkej42gtvvgnvboh5vcnqdrobrziz/spack-src/ompi/mpi/f90 -I../../
              ../ompi/mpi/f90 -c mpi.f90 -o mpi.o >/dev/null 2>&1
     10469    make[5]: Leaving directory `/tmp/sochat1/spack-stage/spack-stage-
              openmpi-1.2-6j3xkej42gtvvgnvboh5vcnqdrobrziz/spack-src/ompi/mpi/f
              90'
  >> 10470    make[4]: *** [all-recursive] Error 1
     10471    make[4]: Leaving directory `/tmp/sochat1/spack-stage/spack-stage-
              openmpi-1.2-6j3xkej42gtvvgnvboh5vcnqdrobrziz/spack-src/ompi/mpi/f
              90'
  >> 10472    make[3]: *** [all] Error 2
     10473    make[3]: Leaving directory `/tmp/sochat1/spack-stage/spack-stage-
              openmpi-1.2-6j3xkej42gtvvgnvboh5vcnqdrobrziz/spack-src/ompi/mpi/f
              90'
  >> 10474    make[2]: *** [all-recursive] Error 1
     10475    make[2]: Leaving directory `/tmp/sochat1/spack-stage/spack-stage-
              openmpi-1.2-6j3xkej42gtvvgnvboh5vcnqdrobrziz/spack-src/ompi/mpi'
  >> 10476    make[1]: *** [all-recursive] Error 1
     10477    make[1]: Leaving directory `/tmp/sochat1/spack-stage/spack-stage-
              openmpi-1.2-6j3xkej42gtvvgnvboh5vcnqdrobrziz/spack-src/ompi'
  >> 10478    make: *** [all-recursive] Error 1

See build log for details:
  /var/tmp/sochat1/spack-stage/spack-stage-openmpi-1.2-6j3xkej42gtvvgnvboh5vcnqdrobrziz/spack-build-out.txt

Making predictions for spack-test
Making predictions for symbolator
Making predictions for libabigail
abicompat not found on path, will look for spack instead.
Making predictions for actual
