/var/spool/slurmd/job97904/slurm_script: line 12: 63575 Killed                  spliced splice --package openmpi@1.8.8 --splice pkgconf --runner spack --replace pkgconf --experiment experiment --outfile /p/vast1/build/spliced-experiment/results/openmpi/1.8.8/pkgconf/experiment.json
Traceback (most recent call last):
  File "/p/vast1/build/anaconda3/bin/spliced", line 11, in <module>
    load_entry_point('spliced', 'console_scripts', 'spliced')()
  File "/p/vast1/build/spliced/spliced/client/__init__.py", line 228, in run_spliced
    main(args=args, parser=parser, extra=extra, subparser=helper)
  File "/p/vast1/build/spliced/spliced/client/splice.py", line 14, in main
    run_spack_experiment(args, command=" ".join(extra))
  File "/p/vast1/build/spliced/spliced/client/splice.py", line 40, in run_spack_experiment
    experiment.run()
  File "/p/vast1/build/spliced/spliced/experiment/spack.py", line 84, in run
    self.do_splice(splice, spec_main, transitive)
  File "/p/vast1/build/spliced/spliced/experiment/spack.py", line 203, in do_splice
    self._populate_splice(splice, spliced_spec, spec_main)
  File "/p/vast1/build/spliced/spliced/experiment/spack.py", line 269, in _populate_splice
    splice.libs["spliced"] = add_libraries(spliced_spec, spliced_lib)
  File "/p/vast1/build/spliced/spliced/experiment/spack.py", line 295, in add_libraries
    libs.append({"dep": str(dep), "paths": list(add_contenders(dep, "lib"))})
  File "/p/vast1/build/spliced/spliced/experiment/spack.py", line 307, in add_contenders
    manifest = bindist.get_buildfile_manifest(spec.build_spec)
  File "/p/vast1/build/spack/lib/spack/spack/binary_distribution.py", line 618, in get_buildfile_manifest
    for root, dirs, files in os.walk(spec.prefix, topdown=True):
  File "/p/vast1/build/spack/lib/spack/spack/spec.py", line 1494, in prefix
    self.dag_hash())
  File "/p/vast1/build/spack/lib/spack/spack/database.py", line 679, in query_by_spec_hash
    with self.read_transaction():
  File "/p/vast1/build/spack/lib/spack/llnl/util/lock.py", line 684, in __enter__
    if self._enter() and self._acquire_fn:
  File "/p/vast1/build/spack/lib/spack/llnl/util/lock.py", line 711, in _enter
    return self._lock.acquire_read(self._timeout)
  File "/p/vast1/build/spack/lib/spack/llnl/util/lock.py", line 423, in acquire_read
    wait_time, nattempts = self._lock(fcntl.LOCK_SH, timeout=timeout)
  File "/p/vast1/build/spack/lib/spack/spack/util/lock.py", line 32, in _lock
    return super(Lock, self)._lock(op, timeout)
  File "/p/vast1/build/spack/lib/spack/llnl/util/lock.py", line 316, in _lock
    .format(lock_type[op]))
llnl.util.lock.LockTimeoutError: Timed out waiting for a read lock.
