Traceback (most recent call last):
  File "/p/vast1/build/anaconda3/bin/spliced", line 11, in <module>
    load_entry_point('spliced', 'console_scripts', 'spliced')()
  File "/p/vast1/build/spliced/spliced/client/__init__.py", line 237, in run_spliced
    main(args=args, parser=parser, extra=extra, subparser=helper)
  File "/p/vast1/build/spliced/spliced/client/splice.py", line 15, in main
    run_spack_experiment(args, command=" ".join(extra))
  File "/p/vast1/build/spliced/spliced/client/splice.py", line 47, in run_spack_experiment
    experiment.run()
  File "/p/vast1/build/spliced/spliced/experiment/spack.py", line 52, in run
    spec_main = Spec(self.package).concretized()
  File "/p/vast1/build/spack/lib/spack/spack/spec.py", line 2684, in concretized
    clone.concretize(tests=tests)
  File "/p/vast1/build/spack/lib/spack/spack/spec.py", line 2646, in concretize
    self._new_concretize(tests)
  File "/p/vast1/build/spack/lib/spack/spack/spec.py", line 2619, in _new_concretize
    result = solver.solve([self], tests=tests)
  File "/p/vast1/build/spack/lib/spack/spack/solver/asp.py", line 2114, in solve
    setup_only=setup_only,
  File "/p/vast1/build/spack/lib/spack/spack/solver/asp.py", line 639, in solve
    answers = builder.build_specs(tuples)
  File "/p/vast1/build/spack/lib/spack/spack/solver/asp.py", line 2037, in build_specs
    spack.spec.Spec.ensure_no_deprecated(s)
  File "/p/vast1/build/spack/lib/spack/spack/spec.py", line 2594, in ensure_no_deprecated
    with spack.store.db.read_transaction():
  File "/p/vast1/build/spack/lib/spack/llnl/util/lock.py", line 684, in __enter__
    if self._enter() and self._acquire_fn:
  File "/p/vast1/build/spack/lib/spack/llnl/util/lock.py", line 711, in _enter
    return self._lock.acquire_read(self._timeout)
  File "/p/vast1/build/spack/lib/spack/llnl/util/lock.py", line 423, in acquire_read
    wait_time, nattempts = self._lock(fcntl.LOCK_SH, timeout=timeout)
  File "/p/vast1/build/spack/lib/spack/spack/util/lock.py", line 32, in _lock
    return super(Lock, self)._lock(op, timeout)
  File "/p/vast1/build/spack/lib/spack/llnl/util/lock.py", line 316, in _lock
    .format(lock_type[op]))
llnl.util.lock.LockTimeoutError: Timed out waiting for a read lock.
==> Error: ProcessError: Command exited with status 2:
    'make' '-j16' 'V=1'

14 errors found in build log:
     10264    
     10265       10 |   call MPI_Testall(count, array_of_requests, flag, array_
              of_statuses, ierr)
     10266          |                                                   2
     10267    ......
     10268       22 |   call MPI_Testall(count, array_of_requests, flag, array_
              of_statuses, ierr)
     10269          |                                                   1
  >> 10270    Error: Type mismatch between actual argument at (1) and actual ar
              gument at (2) (REAL(8)/INTEGER(4)).
     10271    mpi_comm_spawn_multiple_f90.f90:36:57:
     10272    
     10273       16 |   call MPI_Comm_spawn_multiple(count, array_of_commands, 
              array_of_argv, &
     10274          |                                                         2
     10275    ......
     10276       36 |   call MPI_Comm_spawn_multiple(count, array_of_commands, 
              array_of_argv, &
     10277          |                                                         1
  >> 10278    Error: Type mismatch between actual argument at (1) and actual ar
              gument at (2) (REAL(8)/CHARACTER(*)).
     10279    mpi_testsome_f90.f90:26:76:
     10280    
     10281       12 |   call MPI_Testsome(incount, array_of_requests, outcount,
               array_of_indices, array_of_statuses, ierr)
     10282          |                                                          
                                2
     10283    ......
     10284       26 |   call MPI_Testsome(incount, array_of_requests, outcount,
               array_of_indices, array_of_statuses, ierr)
     10285          |                                                          
                                1
  >> 10286    Error: Type mismatch between actual argument at (1) and actual ar
              gument at (2) (REAL(8)/INTEGER(4)).
     10287    mpi_waitall_f90.f90:18:45:
     10288    
     10289        8 |   call MPI_Waitall(count, array_of_requests, array_of_sta
              tuses, ierr)
     10290          |                                             2
     10291    ......
     10292       18 |   call MPI_Waitall(count, array_of_requests, array_of_sta
              tuses, ierr)
     10293          |                                             1
  >> 10294    Error: Type mismatch between actual argument at (1) and actual ar
              gument at (2) (REAL(8)/INTEGER(4)).
  >> 10295    make[4]: *** [mpi_testall_f90.o] Error 1
     10296    make[4]: *** Waiting for unfinished jobs....
  >> 10297    make[4]: *** [mpi_comm_spawn_multiple_f90.o] Error 1
     10298    mpi_waitsome_f90.f90:26:76:
     10299    
     10300       12 |   call MPI_Waitsome(incount, array_of_requests, outcount,
               array_of_indices, array_of_statuses, ierr)
     10301          |                                                          
                                2
     10302    ......
     10303       26 |   call MPI_Waitsome(incount, array_of_requests, outcount,
               array_of_indices, array_of_statuses, ierr)
     10304          |                                                          
                                1
  >> 10305    Error: Type mismatch between actual argument at (1) and actual ar
              gument at (2) (REAL(8)/INTEGER(4)).
  >> 10306    make[4]: *** [mpi_testsome_f90.o] Error 1
  >> 10307    make[4]: *** [mpi_waitall_f90.o] Error 1
  >> 10308    make[4]: *** [mpi_waitsome_f90.o] Error 1
     10309    make[4]: Leaving directory `/tmp/sochat1/spack-stage/spack-stage-
              openmpi-1.1.5-bucvf7khf33x7urtvsbxxzb4oxshpn35/spack-src/ompi/mpi
              /f90'
  >> 10310    make[3]: *** [all-recursive] Error 1
     10311    make[3]: Leaving directory `/tmp/sochat1/spack-stage/spack-stage-
              openmpi-1.1.5-bucvf7khf33x7urtvsbxxzb4oxshpn35/spack-src/ompi/mpi
              /f90'
  >> 10312    make[2]: *** [all-recursive] Error 1
     10313    make[2]: Leaving directory `/tmp/sochat1/spack-stage/spack-stage-
              openmpi-1.1.5-bucvf7khf33x7urtvsbxxzb4oxshpn35/spack-src/ompi/mpi
              '
  >> 10314    make[1]: *** [all-recursive] Error 1
     10315    make[1]: Leaving directory `/tmp/sochat1/spack-stage/spack-stage-
              openmpi-1.1.5-bucvf7khf33x7urtvsbxxzb4oxshpn35/spack-src/ompi'
  >> 10316    make: *** [all-recursive] Error 1

See build log for details:
  /var/tmp/sochat1/spack-stage/spack-stage-openmpi-1.1.5-bucvf7khf33x7urtvsbxxzb4oxshpn35/spack-build-out.txt

Making predictions for spack-test
Making predictions for symbolator
Making predictions for libabigail
abicompat not found on path, will look for spack instead.
Making predictions for actual
