/var/spool/slurmd/job97541/slurm_script: line 12: 51716 Killed                  spliced splice --package openmpi@1.2.6 --splice numactl --runner spack --replace numactl --experiment experiment --outfile /p/vast1/build/spliced-experiment/results/openmpi/1.2.6/numactl/experiment.json
==> Error: ProcessError: Command exited with status 2:
    'make' '-j16' 'V=1'

15 errors found in build log:
     10456    
     10457       10 |   call MPI_Testall(count, array_of_requests, flag, array_
              of_statuses, ierr)
     10458          |                                                   2
     10459    ......
     10460       22 |   call MPI_Testall(count, array_of_requests, flag, array_
              of_statuses, ierr)
     10461          |                                                   1
  >> 10462    Error: Type mismatch between actual argument at (1) and actual ar
              gument at (2) (REAL(8)/INTEGER(4)).
     10463    mpi_comm_spawn_multiple_f90.f90:36:57:
     10464    
     10465       16 |   call MPI_Comm_spawn_multiple(count, array_of_commands, 
              array_of_argv, &
     10466          |                                                         2
     10467    ......
     10468       36 |   call MPI_Comm_spawn_multiple(count, array_of_commands, 
              array_of_argv, &
     10469          |                                                         1
  >> 10470    Error: Type mismatch between actual argument at (1) and actual ar
              gument at (2) (REAL(8)/CHARACTER(*)).
     10471    mpi_waitsome_f90.f90:26:76:
     10472    
     10473       12 |   call MPI_Waitsome(incount, array_of_requests, outcount,
               array_of_indices, array_of_statuses, ierr)
     10474          |                                                          
                                2
     10475    ......
     10476       26 |   call MPI_Waitsome(incount, array_of_requests, outcount,
               array_of_indices, array_of_statuses, ierr)
     10477          |                                                          
                                1
  >> 10478    Error: Type mismatch between actual argument at (1) and actual ar
              gument at (2) (REAL(8)/INTEGER(4)).
  >> 10479    make[5]: *** [mpi_testall_f90.lo] Error 1
     10480    make[5]: *** Waiting for unfinished jobs....
     10481    mpi_testsome_f90.f90:26:76:
     10482    
     10483       12 |   call MPI_Testsome(incount, array_of_requests, outcount,
               array_of_indices, array_of_statuses, ierr)
     10484          |                                                          
                                2
     10485    ......
     10486       26 |   call MPI_Testsome(incount, array_of_requests, outcount,
               array_of_indices, array_of_statuses, ierr)
     10487          |                                                          
                                1
  >> 10488    Error: Type mismatch between actual argument at (1) and actual ar
              gument at (2) (REAL(8)/INTEGER(4)).
     10489    mpi_waitall_f90.f90:18:45:
     10490    
     10491        8 |   call MPI_Waitall(count, array_of_requests, array_of_sta
              tuses, ierr)
     10492          |                                             2
     10493    ......
     10494       18 |   call MPI_Waitall(count, array_of_requests, array_of_sta
              tuses, ierr)
     10495          |                                             1
  >> 10496    Error: Type mismatch between actual argument at (1) and actual ar
              gument at (2) (REAL(8)/INTEGER(4)).
  >> 10497    make[5]: *** [mpi_comm_spawn_multiple_f90.lo] Error 1
  >> 10498    make[5]: *** [mpi_waitsome_f90.lo] Error 1
  >> 10499    make[5]: *** [mpi_testsome_f90.lo] Error 1
  >> 10500    make[5]: *** [mpi_waitall_f90.lo] Error 1
     10501    libtool: compile:  /p/vast1/build/spack/lib/spack/env/gcc/gfortra
              n -I../../../ompi/include -I/var/tmp/sochat1/spack-stage/spack-st
              age-openmpi-1.2.6-qw6lord362e7gavmnd6xugqxrnnamg4y/spack-src/ompi
              /include -I. -I/var/tmp/sochat1/spack-stage/spack-stage-openmpi-1
              .2.6-qw6lord362e7gavmnd6xugqxrnnamg4y/spack-src/ompi/mpi/f90 -I..
              /../../ompi/mpi/f90 -c mpi_wtick_f90.f90 -o mpi_wtick_f90.o >/dev
              /null 2>&1
     10502    libtool: compile:  /p/vast1/build/spack/lib/spack/env/gcc/gfortra
              n -I../../../ompi/include -I/var/tmp/sochat1/spack-stage/spack-st
              age-openmpi-1.2.6-qw6lord362e7gavmnd6xugqxrnnamg4y/spack-src/ompi
              /include -I. -I/var/tmp/sochat1/spack-stage/spack-stage-openmpi-1
              .2.6-qw6lord362e7gavmnd6xugqxrnnamg4y/spack-src/ompi/mpi/f90 -I..
              /../../ompi/mpi/f90 -c mpi_wtime_f90.f90 -o mpi_wtime_f90.o >/dev
              /null 2>&1
     10503    libtool: compile:  /p/vast1/build/spack/lib/spack/env/gcc/gfortra
              n -I../../../ompi/include -I/var/tmp/sochat1/spack-stage/spack-st
              age-openmpi-1.2.6-qw6lord362e7gavmnd6xugqxrnnamg4y/spack-src/ompi
              /include -I. -I/var/tmp/sochat1/spack-stage/spack-stage-openmpi-1
              .2.6-qw6lord362e7gavmnd6xugqxrnnamg4y/spack-src/ompi/mpi/f90 -I..
              /../../ompi/mpi/f90 -c mpi_sizeof.f90 -o mpi_sizeof.o >/dev/null 
              2>&1
     10504    libtool: compile:  /p/vast1/build/spack/lib/spack/env/gcc/gfortra
              n -I../../../ompi/include -I/var/tmp/sochat1/spack-stage/spack-st
              age-openmpi-1.2.6-qw6lord362e7gavmnd6xugqxrnnamg4y/spack-src/ompi
              /include -I. -I/var/tmp/sochat1/spack-stage/spack-stage-openmpi-1
              .2.6-qw6lord362e7gavmnd6xugqxrnnamg4y/spack-src/ompi/mpi/f90 -I..
              /../../ompi/mpi/f90 -c mpi.f90 -o mpi.o >/dev/null 2>&1
     10505    make[5]: Leaving directory `/tmp/sochat1/spack-stage/spack-stage-
              openmpi-1.2.6-qw6lord362e7gavmnd6xugqxrnnamg4y/spack-src/ompi/mpi
              /f90'
  >> 10506    make[4]: *** [all-recursive] Error 1
     10507    make[4]: Leaving directory `/tmp/sochat1/spack-stage/spack-stage-
              openmpi-1.2.6-qw6lord362e7gavmnd6xugqxrnnamg4y/spack-src/ompi/mpi
              /f90'
  >> 10508    make[3]: *** [all] Error 2
     10509    make[3]: Leaving directory `/tmp/sochat1/spack-stage/spack-stage-
              openmpi-1.2.6-qw6lord362e7gavmnd6xugqxrnnamg4y/spack-src/ompi/mpi
              /f90'
  >> 10510    make[2]: *** [all-recursive] Error 1
     10511    make[2]: Leaving directory `/tmp/sochat1/spack-stage/spack-stage-
              openmpi-1.2.6-qw6lord362e7gavmnd6xugqxrnnamg4y/spack-src/ompi/mpi
              '
  >> 10512    make[1]: *** [all-recursive] Error 1
     10513    make[1]: Leaving directory `/tmp/sochat1/spack-stage/spack-stage-
              openmpi-1.2.6-qw6lord362e7gavmnd6xugqxrnnamg4y/spack-src/ompi'
  >> 10514    make: *** [all-recursive] Error 1

See build log for details:
  /var/tmp/sochat1/spack-stage/spack-stage-openmpi-1.2.6-qw6lord362e7gavmnd6xugqxrnnamg4y/spack-build-out.txt

Making predictions for spack-test
Making predictions for symbolator
Making predictions for libabigail
abicompat not found on path, will look for spack instead.
Making predictions for actual
