/var/spool/slurmd/job98040/slurm_script: line 12: 42059 Killed                  spliced splice --package openmpi@1.0.2 --splice zlib --runner spack --replace zlib --experiment experiment --outfile /p/vast1/build/spliced-experiment/results/openmpi/1.0.2/zlib/experiment.json
==> Error: ProcessError: Command exited with status 1:
    '/var/tmp/sochat1/spack-stage/spack-stage-openmpi-1.0.2-n5hjqkzchn6psbaba72danviqppszjmj/spack-src/configure' '--prefix=/p/vast1/build/spack/opt/spack/linux-rhel7-broadwell/gcc-10.2.1/openmpi-1.0.2-n5hjqkzchn6psbaba72danviqppszjmj' '--enable-shared' '--disable-silent-rules' '--disable-builtin-atomics' '--enable-static' '--without-pmi' '--without-psm' '--without-cma' '--without-libfabric' '--without-psm2' '--without-hcoll' '--without-openib' '--without-xpmem' '--without-knem' '--without-ucx' '--without-fca' '--without-mxm' '--without-slurm' '--without-tm' '--without-sge' '--without-loadleveler' '--without-lsf' '--without-alps' '--disable-memchecker' '--with-gpfs' '--without-sqlite3' '--disable-wrapper-rpath' '--disable-mpi-cxx' '--disable-cxx-exceptions'

7 errors found in build log:
     2      ==> openmpi: Executing phase: 'configure'
     3      ==> [2022-03-04-20:15:03.335832] '/var/tmp/sochat1/spack-stage/spac
            k-stage-openmpi-1.0.2-n5hjqkzchn6psbaba72danviqppszjmj/spack-src/co
            nfigure' '--prefix=/p/vast1/build/spack/opt/spack/linux-rhel7-broad
            well/gcc-10.2.1/openmpi-1.0.2-n5hjqkzchn6psbaba72danviqppszjmj' '--
            enable-shared' '--disable-silent-rules' '--disable-builtin-atomics'
             '--enable-static' '--without-pmi' '--without-psm' '--without-cma' 
            '--without-libfabric' '--without-psm2' '--without-hcoll' '--without
            -openib' '--without-xpmem' '--without-knem' '--without-ucx' '--with
            out-fca' '--without-mxm' '--without-slurm' '--without-tm' '--withou
            t-sge' '--without-loadleveler' '--without-lsf' '--without-alps' '--
            disable-memchecker' '--with-gpfs' '--without-sqlite3' '--disable-wr
            apper-rpath' '--disable-mpi-cxx' '--disable-cxx-exceptions'
     4      checking for a BSD-compatible install... /usr/bin/install -c
     5      checking whether build environment is sane... yes
     6      checking for gawk... gawk
     7      checking whether make sets $(MAKE)... yes
  >> 8      configure: error: source directory already configured; run "make di
            stclean" there first
     9      ==> openmpi: Executing phase: 'build'
     10     ==> [2022-03-04-07:47:39.219213] 'make' '-j16' 'V=1'
     11     Making all in config
     12     make[1]: Entering directory `/tmp/sochat1/spack-stage/spack-stage-o
            penmpi-1.0.2-n5hjqkzchn6psbaba72danviqppszjmj/spack-src/config'
     13     make[1]: Nothing to be done for `all'.
     14     make[1]: Leaving directory `/tmp/sochat1/spack-stage/spack-stage-op
            enmpi-1.0.2-n5hjqkzchn6psbaba72danviqppszjmj/spack-src/config'

     ...

     408    depbase=`echo memory_malloc_hooks_component.lo | sed 's|[^/]*$|.dep
            s/&|;s|\.lo$||'`; \
     409    if /bin/sh ../../../../libtool --tag=CC --mode=compile /p/vast1/bui
            ld/spack/lib/spack/env/gcc/gcc -DHAVE_CONFIG_H -I. -I/var/tmp/socha
            t1/spack-stage/spack-stage-openmpi-1.0.2-n5hjqkzchn6psbaba72danviqp
            pszjmj/spack-src/opal/mca/memory/malloc_hooks -I../../../../include
             -I../../../../include   -I/var/tmp/sochat1/spack-stage/spack-stage
            -openmpi-1.0.2-n5hjqkzchn6psbaba72danviqppszjmj/spack-src/include -
            I/var/tmp/sochat1/spack-stage/spack-stage-openmpi-1.0.2-n5hjqkzchn6
            psbaba72danviqppszjmj/spack-src -I../../../.. -I../../../../include
             -I/var/tmp/sochat1/spack-stage/spack-stage-openmpi-1.0.2-n5hjqkzch
            n6psbaba72danviqppszjmj/spack-src/opal -I/var/tmp/sochat1/spack-sta
            ge/spack-stage-openmpi-1.0.2-n5hjqkzchn6psbaba72danviqppszjmj/spack
            -src/orte -I/var/tmp/sochat1/spack-stage/spack-stage-openmpi-1.0.2-
            n5hjqkzchn6psbaba72danviqppszjmj/spack-src/ompi    -O3 -DNDEBUG -fn
            o-strict-aliasing -pthread -MT memory_malloc_hooks_component.lo -MD
             -MP -MF "$depbase.Tpo" -c -o memory_malloc_hooks_component.lo memo
            ry_malloc_hooks_component.c; \
     410    then mv -f "$depbase.Tpo" "$depbase.Plo"; else rm -f "$depbase.Tpo"
            ; exit 1; fi
     411    mkdir .libs
     412     /p/vast1/build/spack/lib/spack/env/gcc/gcc -DHAVE_CONFIG_H -I. -I/
            var/tmp/sochat1/spack-stage/spack-stage-openmpi-1.0.2-n5hjqkzchn6ps
            baba72danviqppszjmj/spack-src/opal/mca/memory/malloc_hooks -I../../
            ../../include -I../../../../include -I/var/tmp/sochat1/spack-stage/
            spack-stage-openmpi-1.0.2-n5hjqkzchn6psbaba72danviqppszjmj/spack-sr
            c/include -I/var/tmp/sochat1/spack-stage/spack-stage-openmpi-1.0.2-
            n5hjqkzchn6psbaba72danviqppszjmj/spack-src -I../../../.. -I../../..
            /../include -I/var/tmp/sochat1/spack-stage/spack-stage-openmpi-1.0.
            2-n5hjqkzchn6psbaba72danviqppszjmj/spack-src/opal -I/var/tmp/sochat
            1/spack-stage/spack-stage-openmpi-1.0.2-n5hjqkzchn6psbaba72danviqpp
            szjmj/spack-src/orte -I/var/tmp/sochat1/spack-stage/spack-stage-ope
            nmpi-1.0.2-n5hjqkzchn6psbaba72danviqppszjmj/spack-src/ompi -O3 -DND
            EBUG -fno-strict-aliasing -pthread -MT memory_malloc_hooks.lo -MD -
            MP -MF .deps/memory_malloc_hooks.Tpo -c memory_malloc_hooks.c  -fPI
            C -DPIC -o .libs/memory_malloc_hooks.o
     413     /p/vast1/build/spack/lib/spack/env/gcc/gcc -DHAVE_CONFIG_H -I. -I/
            var/tmp/sochat1/spack-stage/spack-stage-openmpi-1.0.2-n5hjqkzchn6ps
            baba72danviqppszjmj/spack-src/opal/mca/memory/malloc_hooks -I../../
            ../../include -I../../../../include -I/var/tmp/sochat1/spack-stage/
            spack-stage-openmpi-1.0.2-n5hjqkzchn6psbaba72danviqppszjmj/spack-sr
            c/include -I/var/tmp/sochat1/spack-stage/spack-stage-openmpi-1.0.2-
            n5hjqkzchn6psbaba72danviqppszjmj/spack-src -I../../../.. -I../../..
            /../include -I/var/tmp/sochat1/spack-stage/spack-stage-openmpi-1.0.
            2-n5hjqkzchn6psbaba72danviqppszjmj/spack-src/opal -I/var/tmp/sochat
            1/spack-stage/spack-stage-openmpi-1.0.2-n5hjqkzchn6psbaba72danviqpp
            szjmj/spack-src/orte -I/var/tmp/sochat1/spack-stage/spack-stage-ope
            nmpi-1.0.2-n5hjqkzchn6psbaba72danviqppszjmj/spack-src/ompi -O3 -DND
            EBUG -fno-strict-aliasing -pthread -MT memory_malloc_hooks_componen
            t.lo -MD -MP -MF .deps/memory_malloc_hooks_component.Tpo -c memory_
            malloc_hooks_component.c  -fPIC -DPIC -o .libs/memory_malloc_hooks_
            component.o
  >> 414    memory_malloc_hooks.c:34:8: error: conflicting type qualifiers for 
            '__malloc_initialize_hook'
     415       34 | void (*__malloc_initialize_hook) (void) = opal_memory_mallo
            c_hooks_init;
     416          |        ^~~~~~~~~~~~~~~~~~~~~~~~
     417    In file included from memory_malloc_hooks.c:24:
     418    /usr/include/malloc.h:169:38: note: previous declaration of '__mall
            oc_initialize_hook' was here
     419      169 | extern void (*__MALLOC_HOOK_VOLATILE __malloc_initialize_ho
            ok) (void)
     420          |                                      ^~~~~~~~~~~~~~~~~~~~~~
            ~~

     ...

     488       98 |     __realloc_hook = opal_mem_free_realloc_hook;
     489          |     ^~~~~~~~~~~~~~
     490    In file included from memory_malloc_hooks.c:24:
     491    /usr/include/malloc.h:178:39: note: declared here
     492      178 | extern void *(*__MALLOC_HOOK_VOLATILE __realloc_hook) (void
             *__ptr,
     493          |                                       ^~~~~~~~~~~~~~
  >> 494    make[4]: *** [memory_malloc_hooks.lo] Error 1
     495    make[4]: *** Waiting for unfinished jobs....
     496     /p/vast1/build/spack/lib/spack/env/gcc/gcc -DHAVE_CONFIG_H -I. -I/
            var/tmp/sochat1/spack-stage/spack-stage-openmpi-1.0.2-n5hjqkzchn6ps
            baba72danviqppszjmj/spack-src/opal/mca/memory/malloc_hooks -I../../
            ../../include -I../../../../include -I/var/tmp/sochat1/spack-stage/
            spack-stage-openmpi-1.0.2-n5hjqkzchn6psbaba72danviqppszjmj/spack-sr
            c/include -I/var/tmp/sochat1/spack-stage/spack-stage-openmpi-1.0.2-
            n5hjqkzchn6psbaba72danviqppszjmj/spack-src -I../../../.. -I../../..
            /../include -I/var/tmp/sochat1/spack-stage/spack-stage-openmpi-1.0.
            2-n5hjqkzchn6psbaba72danviqppszjmj/spack-src/opal -I/var/tmp/sochat
            1/spack-stage/spack-stage-openmpi-1.0.2-n5hjqkzchn6psbaba72danviqpp
            szjmj/spack-src/orte -I/var/tmp/sochat1/spack-stage/spack-stage-ope
            nmpi-1.0.2-n5hjqkzchn6psbaba72danviqppszjmj/spack-src/ompi -O3 -DND
            EBUG -fno-strict-aliasing -pthread -MT memory_malloc_hooks_componen
            t.lo -MD -MP -MF .deps/memory_malloc_hooks_component.Tpo -c memory_
            malloc_hooks_component.c -o memory_malloc_hooks_component.o >/dev/n
            ull 2>&1
     497    make[4]: Leaving directory `/tmp/sochat1/spack-stage/spack-stage-op
            enmpi-1.0.2-n5hjqkzchn6psbaba72danviqppszjmj/spack-src/opal/mca/mem
            ory/malloc_hooks'
  >> 498    make[3]: *** [all-recursive] Error 1
     499    make[3]: Leaving directory `/tmp/sochat1/spack-stage/spack-stage-op
            enmpi-1.0.2-n5hjqkzchn6psbaba72danviqppszjmj/spack-src/opal/mca/mem
            ory'
  >> 500    make[2]: *** [all-recursive] Error 1
     501    make[2]: Leaving directory `/tmp/sochat1/spack-stage/spack-stage-op
            enmpi-1.0.2-n5hjqkzchn6psbaba72danviqppszjmj/spack-src/opal/mca'
  >> 502    make[1]: *** [all-recursive] Error 1
     503    make[1]: Leaving directory `/tmp/sochat1/spack-stage/spack-stage-op
            enmpi-1.0.2-n5hjqkzchn6psbaba72danviqppszjmj/spack-src/opal'
  >> 504    make: *** [all-recursive] Error 1

See build log for details:
  /var/tmp/sochat1/spack-stage/spack-stage-openmpi-1.0.2-n5hjqkzchn6psbaba72danviqppszjmj/spack-build-out.txt

Making predictions for spack-test
Making predictions for symbolator
Making predictions for libabigail
abicompat not found on path, will look for spack instead.
Making predictions for actual
