Concretizing openmpi@1.10.5
[+] /p/vast1/build/spack/opt/spack/linux-rhel7-broadwell/gcc-10.2.1/libsigsegv-2.13-7rh3iftx6wqudr26scqm7nyzm4xxgqcc
[+] /p/vast1/build/spack/opt/spack/linux-rhel7-broadwell/gcc-10.2.1/pkgconf-1.8.0-gp2xp6yplvubgic6eunbnl7emqdq3dye
[+] /p/vast1/build/spack/opt/spack/linux-rhel7-broadwell/gcc-10.2.1/util-macros-1.19.3-mxlhejedwgloprhrg6bzi2wz3cgadzp2
[+] /p/vast1/build/spack/opt/spack/linux-rhel7-broadwell/gcc-10.2.1/libiconv-1.16-glggocpnh7m2dgmtu4fedhbfeessepbe
[+] /p/vast1/build/spack/opt/spack/linux-rhel7-broadwell/gcc-10.2.1/xz-5.2.5-d536jz4ora4tt45q72d2lklqr3dqx34m
[+] /p/vast1/build/spack/opt/spack/linux-rhel7-broadwell/gcc-10.2.1/zlib-1.2.11-su2ldy5ofm424qnly3kitbbdgwovpfk4
[+] /p/vast1/build/spack/opt/spack/linux-rhel7-broadwell/gcc-10.2.1/berkeley-db-18.1.40-c7okyaricn3s5wx6lqo2exspq6tuninj
[+] /p/vast1/build/spack/opt/spack/linux-rhel7-broadwell/gcc-10.2.1/m4-1.4.19-zeen2avy7avmg5n7cd6yaqspkj3rup2t
[+] /p/vast1/build/spack/opt/spack/linux-rhel7-broadwell/gcc-10.2.1/ncurses-6.2-2xef6sx47tqatqlceqguyz3rza5okbhy
[+] /p/vast1/build/spack/opt/spack/linux-rhel7-broadwell/gcc-10.2.1/diffutils-3.8-vxb536efq575rjec2zqsyqgsebpspfvs
[+] /p/vast1/build/spack/opt/spack/linux-rhel7-broadwell/gcc-10.2.1/libxml2-2.9.12-rs3llxgrrh537ywuyzjxyebuzo3gnxpt
[+] /p/vast1/build/spack/opt/spack/linux-rhel7-broadwell/gcc-10.2.1/libtool-2.4.6-v5tvhyer33lc2hhisqrztia7bmreecdr
[+] /p/vast1/build/spack/opt/spack/linux-rhel7-broadwell/gcc-10.2.1/libedit-3.1-20210216-rhcaqt3bcnt5otgbqisvol2zjkkt3yqz
[+] /p/vast1/build/spack/opt/spack/linux-rhel7-broadwell/gcc-10.2.1/readline-8.1-vfjorqgtmqh3rl5ollaj4n2uusx4foez
[+] /p/vast1/build/spack/opt/spack/linux-rhel7-broadwell/gcc-10.2.1/bzip2-1.0.8-jmjklgubcyryaddwqvzuvzeiq6zfqmst
[+] /p/vast1/build/spack/opt/spack/linux-rhel7-broadwell/gcc-10.2.1/libpciaccess-0.16-vzg6r6gyrqyboudgxfqbdwe36epu6s7s
[+] /p/vast1/build/spack/opt/spack/linux-rhel7-broadwell/gcc-10.2.1/gdbm-1.19-k5otkqycqsp3sya4vlvqbekdodhy2a2b
[+] /p/vast1/build/spack/opt/spack/linux-rhel7-broadwell/gcc-10.2.1/hwloc-1.11.13-u34fwahc4tbd77w4csoothe3vdimspeo
[+] /p/vast1/build/spack/opt/spack/linux-rhel7-broadwell/gcc-10.2.1/perl-5.34.0-wimaji5zk5vlms3psvdtvmxifnine4nh
[+] /p/vast1/build/spack/opt/spack/linux-rhel7-broadwell/gcc-10.2.1/autoconf-2.69-pfmcbnykmtv5mjmsmwbesqcoea22hrrx
[+] /p/vast1/build/spack/opt/spack/linux-rhel7-broadwell/gcc-10.2.1/openssl-1.1.1m-momhhzpwxq3fzqnlqbabquoitiq5d6q6
[+] /p/vast1/build/spack/opt/spack/linux-rhel7-broadwell/gcc-10.2.1/automake-1.16.5-7gugpvl5tq7e3xqgw7wna3fwdlbrszqs
[+] /p/vast1/build/spack/opt/spack/linux-rhel7-broadwell/gcc-10.2.1/openssh-8.8p1-667p3p2z5r6q3h2mo5arextitlyvzye4
[+] /p/vast1/build/spack/opt/spack/linux-rhel7-broadwell/gcc-10.2.1/numactl-2.0.14-wiobx4m5fgmgis4po6hi44kpy7ad57vj
==> Installing openmpi-1.10.5-iqensmx2thlvaryltedfuykbjgwplyd6
==> No binary for openmpi-1.10.5-iqensmx2thlvaryltedfuykbjgwplyd6 found: installing from source
==> Using cached archive: /p/vast1/build/spack/var/spack/cache/_source-cache/archive/a9/a95fa355ed3a905c7c187bc452529a9578e2d6bae2559d8197544ab4227b759e.tar.bz2
==> Applied patch /p/vast1/build/spack/var/spack/repos/builtin/packages/openmpi/use_mpi_tkr_sizeof/step_1.patch
==> Applied patch /p/vast1/build/spack/var/spack/repos/builtin/packages/openmpi/use_mpi_tkr_sizeof/step_2.patch
==> openmpi: Executing phase: 'autoreconf'
==> openmpi: Executing phase: 'configure'
==> openmpi: Executing phase: 'build'
==> openmpi: Executing phase: 'install'
==> openmpi: Successfully installed openmpi-1.10.5-iqensmx2thlvaryltedfuykbjgwplyd6
  Fetch: 0.06s.  Build: 29m 53.79s.  Total: 29m 53.86s.
[+] /p/vast1/build/spack/opt/spack/linux-rhel7-broadwell/gcc-10.2.1/openmpi-1.10.5-iqensmx2thlvaryltedfuykbjgwplyd6
Testing splicing in (and out) perl@5.35.0
[+] /p/vast1/build/spack/opt/spack/linux-rhel7-broadwell/gcc-10.2.1/berkeley-db-18.1.40-c7okyaricn3s5wx6lqo2exspq6tuninj
[+] /p/vast1/build/spack/opt/spack/linux-rhel7-broadwell/gcc-10.2.1/libiconv-1.16-glggocpnh7m2dgmtu4fedhbfeessepbe
[+] /p/vast1/build/spack/opt/spack/linux-rhel7-broadwell/gcc-10.2.1/pkgconf-1.8.0-gp2xp6yplvubgic6eunbnl7emqdq3dye
[+] /p/vast1/build/spack/opt/spack/linux-rhel7-broadwell/gcc-10.2.1/zlib-1.2.11-su2ldy5ofm424qnly3kitbbdgwovpfk4
[+] /p/vast1/build/spack/opt/spack/linux-rhel7-broadwell/gcc-10.2.1/diffutils-3.8-vxb536efq575rjec2zqsyqgsebpspfvs
[+] /p/vast1/build/spack/opt/spack/linux-rhel7-broadwell/gcc-10.2.1/ncurses-6.2-2xef6sx47tqatqlceqguyz3rza5okbhy
[+] /p/vast1/build/spack/opt/spack/linux-rhel7-broadwell/gcc-10.2.1/bzip2-1.0.8-jmjklgubcyryaddwqvzuvzeiq6zfqmst
[+] /p/vast1/build/spack/opt/spack/linux-rhel7-broadwell/gcc-10.2.1/readline-8.1-vfjorqgtmqh3rl5ollaj4n2uusx4foez
[+] /p/vast1/build/spack/opt/spack/linux-rhel7-broadwell/gcc-10.2.1/gdbm-1.19-k5otkqycqsp3sya4vlvqbekdodhy2a2b
[+] /p/vast1/build/spack/opt/spack/linux-rhel7-broadwell/gcc-10.2.1/perl-5.35.0-5kze34jlzt73v5ltu6jsvmfdnw3rjh25
Testing splicing in (and out) perl@5.33.3
[+] /p/vast1/build/spack/opt/spack/linux-rhel7-broadwell/gcc-10.2.1/berkeley-db-18.1.40-c7okyaricn3s5wx6lqo2exspq6tuninj
[+] /p/vast1/build/spack/opt/spack/linux-rhel7-broadwell/gcc-10.2.1/libiconv-1.16-glggocpnh7m2dgmtu4fedhbfeessepbe
[+] /p/vast1/build/spack/opt/spack/linux-rhel7-broadwell/gcc-10.2.1/pkgconf-1.8.0-gp2xp6yplvubgic6eunbnl7emqdq3dye
[+] /p/vast1/build/spack/opt/spack/linux-rhel7-broadwell/gcc-10.2.1/zlib-1.2.11-su2ldy5ofm424qnly3kitbbdgwovpfk4
[+] /p/vast1/build/spack/opt/spack/linux-rhel7-broadwell/gcc-10.2.1/diffutils-3.8-vxb536efq575rjec2zqsyqgsebpspfvs
[+] /p/vast1/build/spack/opt/spack/linux-rhel7-broadwell/gcc-10.2.1/ncurses-6.2-2xef6sx47tqatqlceqguyz3rza5okbhy
[+] /p/vast1/build/spack/opt/spack/linux-rhel7-broadwell/gcc-10.2.1/bzip2-1.0.8-jmjklgubcyryaddwqvzuvzeiq6zfqmst
[+] /p/vast1/build/spack/opt/spack/linux-rhel7-broadwell/gcc-10.2.1/readline-8.1-vfjorqgtmqh3rl5ollaj4n2uusx4foez
[+] /p/vast1/build/spack/opt/spack/linux-rhel7-broadwell/gcc-10.2.1/gdbm-1.19-k5otkqycqsp3sya4vlvqbekdodhy2a2b
[+] /p/vast1/build/spack/opt/spack/linux-rhel7-broadwell/gcc-10.2.1/perl-5.33.3-kcnpzqdw6nae5b2tkyskkmbtp3oxcl24
Testing splicing in (and out) perl@5.31.7
[+] /p/vast1/build/spack/opt/spack/linux-rhel7-broadwell/gcc-10.2.1/berkeley-db-18.1.40-c7okyaricn3s5wx6lqo2exspq6tuninj
[+] /p/vast1/build/spack/opt/spack/linux-rhel7-broadwell/gcc-10.2.1/libiconv-1.16-glggocpnh7m2dgmtu4fedhbfeessepbe
[+] /p/vast1/build/spack/opt/spack/linux-rhel7-broadwell/gcc-10.2.1/pkgconf-1.8.0-gp2xp6yplvubgic6eunbnl7emqdq3dye
[+] /p/vast1/build/spack/opt/spack/linux-rhel7-broadwell/gcc-10.2.1/zlib-1.2.11-su2ldy5ofm424qnly3kitbbdgwovpfk4
[+] /p/vast1/build/spack/opt/spack/linux-rhel7-broadwell/gcc-10.2.1/diffutils-3.8-vxb536efq575rjec2zqsyqgsebpspfvs
[+] /p/vast1/build/spack/opt/spack/linux-rhel7-broadwell/gcc-10.2.1/ncurses-6.2-2xef6sx47tqatqlceqguyz3rza5okbhy
[+] /p/vast1/build/spack/opt/spack/linux-rhel7-broadwell/gcc-10.2.1/bzip2-1.0.8-jmjklgubcyryaddwqvzuvzeiq6zfqmst
[+] /p/vast1/build/spack/opt/spack/linux-rhel7-broadwell/gcc-10.2.1/readline-8.1-vfjorqgtmqh3rl5ollaj4n2uusx4foez
[+] /p/vast1/build/spack/opt/spack/linux-rhel7-broadwell/gcc-10.2.1/gdbm-1.19-k5otkqycqsp3sya4vlvqbekdodhy2a2b
[+] /p/vast1/build/spack/opt/spack/linux-rhel7-broadwell/gcc-10.2.1/perl-5.31.7-vh7hocboxroxi7txwujwr23vdppk46ht
Testing splicing in (and out) perl@5.31.4
[+] /p/vast1/build/spack/opt/spack/linux-rhel7-broadwell/gcc-10.2.1/berkeley-db-18.1.40-c7okyaricn3s5wx6lqo2exspq6tuninj
[+] /p/vast1/build/spack/opt/spack/linux-rhel7-broadwell/gcc-10.2.1/libiconv-1.16-glggocpnh7m2dgmtu4fedhbfeessepbe
[+] /p/vast1/build/spack/opt/spack/linux-rhel7-broadwell/gcc-10.2.1/pkgconf-1.8.0-gp2xp6yplvubgic6eunbnl7emqdq3dye
[+] /p/vast1/build/spack/opt/spack/linux-rhel7-broadwell/gcc-10.2.1/zlib-1.2.11-su2ldy5ofm424qnly3kitbbdgwovpfk4
[+] /p/vast1/build/spack/opt/spack/linux-rhel7-broadwell/gcc-10.2.1/diffutils-3.8-vxb536efq575rjec2zqsyqgsebpspfvs
[+] /p/vast1/build/spack/opt/spack/linux-rhel7-broadwell/gcc-10.2.1/ncurses-6.2-2xef6sx47tqatqlceqguyz3rza5okbhy
[+] /p/vast1/build/spack/opt/spack/linux-rhel7-broadwell/gcc-10.2.1/bzip2-1.0.8-jmjklgubcyryaddwqvzuvzeiq6zfqmst
[+] /p/vast1/build/spack/opt/spack/linux-rhel7-broadwell/gcc-10.2.1/readline-8.1-vfjorqgtmqh3rl5ollaj4n2uusx4foez
[+] /p/vast1/build/spack/opt/spack/linux-rhel7-broadwell/gcc-10.2.1/gdbm-1.19-k5otkqycqsp3sya4vlvqbekdodhy2a2b
[+] /p/vast1/build/spack/opt/spack/linux-rhel7-broadwell/gcc-10.2.1/perl-5.31.4-flxcb5kxuxwt4ilz6gxrpncf6rjgd4uy
Testing splicing in (and out) perl@5.34.0
[+] /p/vast1/build/spack/opt/spack/linux-rhel7-broadwell/gcc-10.2.1/berkeley-db-18.1.40-c7okyaricn3s5wx6lqo2exspq6tuninj
[+] /p/vast1/build/spack/opt/spack/linux-rhel7-broadwell/gcc-10.2.1/libiconv-1.16-glggocpnh7m2dgmtu4fedhbfeessepbe
[+] /p/vast1/build/spack/opt/spack/linux-rhel7-broadwell/gcc-10.2.1/pkgconf-1.8.0-gp2xp6yplvubgic6eunbnl7emqdq3dye
[+] /p/vast1/build/spack/opt/spack/linux-rhel7-broadwell/gcc-10.2.1/zlib-1.2.11-su2ldy5ofm424qnly3kitbbdgwovpfk4
[+] /p/vast1/build/spack/opt/spack/linux-rhel7-broadwell/gcc-10.2.1/diffutils-3.8-vxb536efq575rjec2zqsyqgsebpspfvs
[+] /p/vast1/build/spack/opt/spack/linux-rhel7-broadwell/gcc-10.2.1/ncurses-6.2-2xef6sx47tqatqlceqguyz3rza5okbhy
[+] /p/vast1/build/spack/opt/spack/linux-rhel7-broadwell/gcc-10.2.1/bzip2-1.0.8-jmjklgubcyryaddwqvzuvzeiq6zfqmst
[+] /p/vast1/build/spack/opt/spack/linux-rhel7-broadwell/gcc-10.2.1/readline-8.1-vfjorqgtmqh3rl5ollaj4n2uusx4foez
[+] /p/vast1/build/spack/opt/spack/linux-rhel7-broadwell/gcc-10.2.1/gdbm-1.19-k5otkqycqsp3sya4vlvqbekdodhy2a2b
[+] /p/vast1/build/spack/opt/spack/linux-rhel7-broadwell/gcc-10.2.1/perl-5.34.0-wimaji5zk5vlms3psvdtvmxifnine4nh
Testing splicing in (and out) perl@5.32.1
[+] /p/vast1/build/spack/opt/spack/linux-rhel7-broadwell/gcc-10.2.1/berkeley-db-18.1.40-c7okyaricn3s5wx6lqo2exspq6tuninj
[+] /p/vast1/build/spack/opt/spack/linux-rhel7-broadwell/gcc-10.2.1/libiconv-1.16-glggocpnh7m2dgmtu4fedhbfeessepbe
[+] /p/vast1/build/spack/opt/spack/linux-rhel7-broadwell/gcc-10.2.1/pkgconf-1.8.0-gp2xp6yplvubgic6eunbnl7emqdq3dye
[+] /p/vast1/build/spack/opt/spack/linux-rhel7-broadwell/gcc-10.2.1/zlib-1.2.11-su2ldy5ofm424qnly3kitbbdgwovpfk4
[+] /p/vast1/build/spack/opt/spack/linux-rhel7-broadwell/gcc-10.2.1/diffutils-3.8-vxb536efq575rjec2zqsyqgsebpspfvs
[+] /p/vast1/build/spack/opt/spack/linux-rhel7-broadwell/gcc-10.2.1/ncurses-6.2-2xef6sx47tqatqlceqguyz3rza5okbhy
[+] /p/vast1/build/spack/opt/spack/linux-rhel7-broadwell/gcc-10.2.1/bzip2-1.0.8-jmjklgubcyryaddwqvzuvzeiq6zfqmst
[+] /p/vast1/build/spack/opt/spack/linux-rhel7-broadwell/gcc-10.2.1/readline-8.1-vfjorqgtmqh3rl5ollaj4n2uusx4foez
[+] /p/vast1/build/spack/opt/spack/linux-rhel7-broadwell/gcc-10.2.1/gdbm-1.19-k5otkqycqsp3sya4vlvqbekdodhy2a2b
==> Installing perl-5.32.1-co2wjbhhz6xv2ofe6z4oiziplhmatga4
==> No binary for perl-5.32.1-co2wjbhhz6xv2ofe6z4oiziplhmatga4 found: installing from source
==> Using cached archive: /p/vast1/build/spack/var/spack/cache/_source-cache/archive/03/03b693901cd8ae807231b1787798cf1f2e0b8a56218d07b7da44f784a7caeb2c.tar.gz
==> Using cached archive: /p/vast1/build/spack/var/spack/cache/_source-cache/archive/9d/9da50e155df72bce55cb69f51f1dbb4b62d23740fb99f6178bb27f22ebdf8a46.tar.gz
==> Moving resource stage
	source: /var/tmp/sochat1/spack-stage/resource-cpanm-co2wjbhhz6xv2ofe6z4oiziplhmatga4/spack-src/
	destination: /var/tmp/sochat1/spack-stage/spack-stage-perl-5.32.1-co2wjbhhz6xv2ofe6z4oiziplhmatga4/spack-src/cpanm/cpanm
==> Ran patch() for perl
==> perl: Executing phase: 'configure'
Concretizing openmpi@1.10.5
[+] /p/vast1/build/spack/opt/spack/linux-rhel7-broadwell/gcc-10.2.1/libsigsegv-2.13-7rh3iftx6wqudr26scqm7nyzm4xxgqcc
[+] /p/vast1/build/spack/opt/spack/linux-rhel7-broadwell/gcc-10.2.1/pkgconf-1.8.0-gp2xp6yplvubgic6eunbnl7emqdq3dye
[+] /p/vast1/build/spack/opt/spack/linux-rhel7-broadwell/gcc-10.2.1/util-macros-1.19.3-mxlhejedwgloprhrg6bzi2wz3cgadzp2
[+] /p/vast1/build/spack/opt/spack/linux-rhel7-broadwell/gcc-10.2.1/libiconv-1.16-glggocpnh7m2dgmtu4fedhbfeessepbe
[+] /p/vast1/build/spack/opt/spack/linux-rhel7-broadwell/gcc-10.2.1/xz-5.2.5-d536jz4ora4tt45q72d2lklqr3dqx34m
[+] /p/vast1/build/spack/opt/spack/linux-rhel7-broadwell/gcc-10.2.1/zlib-1.2.11-su2ldy5ofm424qnly3kitbbdgwovpfk4
[+] /p/vast1/build/spack/opt/spack/linux-rhel7-broadwell/gcc-10.2.1/berkeley-db-18.1.40-c7okyaricn3s5wx6lqo2exspq6tuninj
[+] /p/vast1/build/spack/opt/spack/linux-rhel7-broadwell/gcc-10.2.1/m4-1.4.19-zeen2avy7avmg5n7cd6yaqspkj3rup2t
[+] /p/vast1/build/spack/opt/spack/linux-rhel7-broadwell/gcc-10.2.1/ncurses-6.2-2xef6sx47tqatqlceqguyz3rza5okbhy
[+] /p/vast1/build/spack/opt/spack/linux-rhel7-broadwell/gcc-10.2.1/diffutils-3.8-vxb536efq575rjec2zqsyqgsebpspfvs
[+] /p/vast1/build/spack/opt/spack/linux-rhel7-broadwell/gcc-10.2.1/libxml2-2.9.12-rs3llxgrrh537ywuyzjxyebuzo3gnxpt
[+] /p/vast1/build/spack/opt/spack/linux-rhel7-broadwell/gcc-10.2.1/libtool-2.4.6-v5tvhyer33lc2hhisqrztia7bmreecdr
[+] /p/vast1/build/spack/opt/spack/linux-rhel7-broadwell/gcc-10.2.1/libedit-3.1-20210216-rhcaqt3bcnt5otgbqisvol2zjkkt3yqz
[+] /p/vast1/build/spack/opt/spack/linux-rhel7-broadwell/gcc-10.2.1/readline-8.1-vfjorqgtmqh3rl5ollaj4n2uusx4foez
[+] /p/vast1/build/spack/opt/spack/linux-rhel7-broadwell/gcc-10.2.1/bzip2-1.0.8-jmjklgubcyryaddwqvzuvzeiq6zfqmst
[+] /p/vast1/build/spack/opt/spack/linux-rhel7-broadwell/gcc-10.2.1/libpciaccess-0.16-vzg6r6gyrqyboudgxfqbdwe36epu6s7s
[+] /p/vast1/build/spack/opt/spack/linux-rhel7-broadwell/gcc-10.2.1/gdbm-1.19-k5otkqycqsp3sya4vlvqbekdodhy2a2b
[+] /p/vast1/build/spack/opt/spack/linux-rhel7-broadwell/gcc-10.2.1/hwloc-1.11.13-u34fwahc4tbd77w4csoothe3vdimspeo
[+] /p/vast1/build/spack/opt/spack/linux-rhel7-broadwell/gcc-10.2.1/perl-5.34.0-wimaji5zk5vlms3psvdtvmxifnine4nh
[+] /p/vast1/build/spack/opt/spack/linux-rhel7-broadwell/gcc-10.2.1/openssl-1.1.1m-momhhzpwxq3fzqnlqbabquoitiq5d6q6
[+] /p/vast1/build/spack/opt/spack/linux-rhel7-broadwell/gcc-10.2.1/autoconf-2.69-pfmcbnykmtv5mjmsmwbesqcoea22hrrx
[+] /p/vast1/build/spack/opt/spack/linux-rhel7-broadwell/gcc-10.2.1/openssh-8.8p1-667p3p2z5r6q3h2mo5arextitlyvzye4
[+] /p/vast1/build/spack/opt/spack/linux-rhel7-broadwell/gcc-10.2.1/automake-1.16.5-7gugpvl5tq7e3xqgw7wna3fwdlbrszqs
[+] /p/vast1/build/spack/opt/spack/linux-rhel7-broadwell/gcc-10.2.1/numactl-2.0.14-wiobx4m5fgmgis4po6hi44kpy7ad57vj
[+] /p/vast1/build/spack/opt/spack/linux-rhel7-broadwell/gcc-10.2.1/openmpi-1.10.5-iqensmx2thlvaryltedfuykbjgwplyd6
Testing splicing in (and out) perl@5.35.0
[+] /p/vast1/build/spack/opt/spack/linux-rhel7-broadwell/gcc-10.2.1/berkeley-db-18.1.40-c7okyaricn3s5wx6lqo2exspq6tuninj
[+] /p/vast1/build/spack/opt/spack/linux-rhel7-broadwell/gcc-10.2.1/libiconv-1.16-glggocpnh7m2dgmtu4fedhbfeessepbe
[+] /p/vast1/build/spack/opt/spack/linux-rhel7-broadwell/gcc-10.2.1/pkgconf-1.8.0-gp2xp6yplvubgic6eunbnl7emqdq3dye
[+] /p/vast1/build/spack/opt/spack/linux-rhel7-broadwell/gcc-10.2.1/zlib-1.2.11-su2ldy5ofm424qnly3kitbbdgwovpfk4
[+] /p/vast1/build/spack/opt/spack/linux-rhel7-broadwell/gcc-10.2.1/diffutils-3.8-vxb536efq575rjec2zqsyqgsebpspfvs
[+] /p/vast1/build/spack/opt/spack/linux-rhel7-broadwell/gcc-10.2.1/ncurses-6.2-2xef6sx47tqatqlceqguyz3rza5okbhy
[+] /p/vast1/build/spack/opt/spack/linux-rhel7-broadwell/gcc-10.2.1/bzip2-1.0.8-jmjklgubcyryaddwqvzuvzeiq6zfqmst
[+] /p/vast1/build/spack/opt/spack/linux-rhel7-broadwell/gcc-10.2.1/readline-8.1-vfjorqgtmqh3rl5ollaj4n2uusx4foez
[+] /p/vast1/build/spack/opt/spack/linux-rhel7-broadwell/gcc-10.2.1/gdbm-1.19-k5otkqycqsp3sya4vlvqbekdodhy2a2b
[+] /p/vast1/build/spack/opt/spack/linux-rhel7-broadwell/gcc-10.2.1/perl-5.35.0-5kze34jlzt73v5ltu6jsvmfdnw3rjh25
Testing splicing in (and out) perl@5.33.3
[+] /p/vast1/build/spack/opt/spack/linux-rhel7-broadwell/gcc-10.2.1/berkeley-db-18.1.40-c7okyaricn3s5wx6lqo2exspq6tuninj
[+] /p/vast1/build/spack/opt/spack/linux-rhel7-broadwell/gcc-10.2.1/libiconv-1.16-glggocpnh7m2dgmtu4fedhbfeessepbe
[+] /p/vast1/build/spack/opt/spack/linux-rhel7-broadwell/gcc-10.2.1/pkgconf-1.8.0-gp2xp6yplvubgic6eunbnl7emqdq3dye
[+] /p/vast1/build/spack/opt/spack/linux-rhel7-broadwell/gcc-10.2.1/zlib-1.2.11-su2ldy5ofm424qnly3kitbbdgwovpfk4
[+] /p/vast1/build/spack/opt/spack/linux-rhel7-broadwell/gcc-10.2.1/diffutils-3.8-vxb536efq575rjec2zqsyqgsebpspfvs
[+] /p/vast1/build/spack/opt/spack/linux-rhel7-broadwell/gcc-10.2.1/ncurses-6.2-2xef6sx47tqatqlceqguyz3rza5okbhy
[+] /p/vast1/build/spack/opt/spack/linux-rhel7-broadwell/gcc-10.2.1/bzip2-1.0.8-jmjklgubcyryaddwqvzuvzeiq6zfqmst
[+] /p/vast1/build/spack/opt/spack/linux-rhel7-broadwell/gcc-10.2.1/readline-8.1-vfjorqgtmqh3rl5ollaj4n2uusx4foez
[+] /p/vast1/build/spack/opt/spack/linux-rhel7-broadwell/gcc-10.2.1/gdbm-1.19-k5otkqycqsp3sya4vlvqbekdodhy2a2b
[+] /p/vast1/build/spack/opt/spack/linux-rhel7-broadwell/gcc-10.2.1/perl-5.33.3-kcnpzqdw6nae5b2tkyskkmbtp3oxcl24
Testing splicing in (and out) perl@5.31.7
[+] /p/vast1/build/spack/opt/spack/linux-rhel7-broadwell/gcc-10.2.1/berkeley-db-18.1.40-c7okyaricn3s5wx6lqo2exspq6tuninj
[+] /p/vast1/build/spack/opt/spack/linux-rhel7-broadwell/gcc-10.2.1/libiconv-1.16-glggocpnh7m2dgmtu4fedhbfeessepbe
[+] /p/vast1/build/spack/opt/spack/linux-rhel7-broadwell/gcc-10.2.1/pkgconf-1.8.0-gp2xp6yplvubgic6eunbnl7emqdq3dye
[+] /p/vast1/build/spack/opt/spack/linux-rhel7-broadwell/gcc-10.2.1/zlib-1.2.11-su2ldy5ofm424qnly3kitbbdgwovpfk4
[+] /p/vast1/build/spack/opt/spack/linux-rhel7-broadwell/gcc-10.2.1/diffutils-3.8-vxb536efq575rjec2zqsyqgsebpspfvs
[+] /p/vast1/build/spack/opt/spack/linux-rhel7-broadwell/gcc-10.2.1/ncurses-6.2-2xef6sx47tqatqlceqguyz3rza5okbhy
[+] /p/vast1/build/spack/opt/spack/linux-rhel7-broadwell/gcc-10.2.1/bzip2-1.0.8-jmjklgubcyryaddwqvzuvzeiq6zfqmst
[+] /p/vast1/build/spack/opt/spack/linux-rhel7-broadwell/gcc-10.2.1/readline-8.1-vfjorqgtmqh3rl5ollaj4n2uusx4foez
[+] /p/vast1/build/spack/opt/spack/linux-rhel7-broadwell/gcc-10.2.1/gdbm-1.19-k5otkqycqsp3sya4vlvqbekdodhy2a2b
[+] /p/vast1/build/spack/opt/spack/linux-rhel7-broadwell/gcc-10.2.1/perl-5.31.7-vh7hocboxroxi7txwujwr23vdppk46ht
Testing splicing in (and out) perl@5.31.4
[+] /p/vast1/build/spack/opt/spack/linux-rhel7-broadwell/gcc-10.2.1/berkeley-db-18.1.40-c7okyaricn3s5wx6lqo2exspq6tuninj
[+] /p/vast1/build/spack/opt/spack/linux-rhel7-broadwell/gcc-10.2.1/libiconv-1.16-glggocpnh7m2dgmtu4fedhbfeessepbe
[+] /p/vast1/build/spack/opt/spack/linux-rhel7-broadwell/gcc-10.2.1/pkgconf-1.8.0-gp2xp6yplvubgic6eunbnl7emqdq3dye
[+] /p/vast1/build/spack/opt/spack/linux-rhel7-broadwell/gcc-10.2.1/zlib-1.2.11-su2ldy5ofm424qnly3kitbbdgwovpfk4
[+] /p/vast1/build/spack/opt/spack/linux-rhel7-broadwell/gcc-10.2.1/diffutils-3.8-vxb536efq575rjec2zqsyqgsebpspfvs
[+] /p/vast1/build/spack/opt/spack/linux-rhel7-broadwell/gcc-10.2.1/ncurses-6.2-2xef6sx47tqatqlceqguyz3rza5okbhy
[+] /p/vast1/build/spack/opt/spack/linux-rhel7-broadwell/gcc-10.2.1/bzip2-1.0.8-jmjklgubcyryaddwqvzuvzeiq6zfqmst
[+] /p/vast1/build/spack/opt/spack/linux-rhel7-broadwell/gcc-10.2.1/readline-8.1-vfjorqgtmqh3rl5ollaj4n2uusx4foez
[+] /p/vast1/build/spack/opt/spack/linux-rhel7-broadwell/gcc-10.2.1/gdbm-1.19-k5otkqycqsp3sya4vlvqbekdodhy2a2b
[+] /p/vast1/build/spack/opt/spack/linux-rhel7-broadwell/gcc-10.2.1/perl-5.31.4-flxcb5kxuxwt4ilz6gxrpncf6rjgd4uy
Testing splicing in (and out) perl@5.34.0
[+] /p/vast1/build/spack/opt/spack/linux-rhel7-broadwell/gcc-10.2.1/berkeley-db-18.1.40-c7okyaricn3s5wx6lqo2exspq6tuninj
[+] /p/vast1/build/spack/opt/spack/linux-rhel7-broadwell/gcc-10.2.1/libiconv-1.16-glggocpnh7m2dgmtu4fedhbfeessepbe
[+] /p/vast1/build/spack/opt/spack/linux-rhel7-broadwell/gcc-10.2.1/pkgconf-1.8.0-gp2xp6yplvubgic6eunbnl7emqdq3dye
[+] /p/vast1/build/spack/opt/spack/linux-rhel7-broadwell/gcc-10.2.1/zlib-1.2.11-su2ldy5ofm424qnly3kitbbdgwovpfk4
[+] /p/vast1/build/spack/opt/spack/linux-rhel7-broadwell/gcc-10.2.1/diffutils-3.8-vxb536efq575rjec2zqsyqgsebpspfvs
[+] /p/vast1/build/spack/opt/spack/linux-rhel7-broadwell/gcc-10.2.1/ncurses-6.2-2xef6sx47tqatqlceqguyz3rza5okbhy
[+] /p/vast1/build/spack/opt/spack/linux-rhel7-broadwell/gcc-10.2.1/bzip2-1.0.8-jmjklgubcyryaddwqvzuvzeiq6zfqmst
[+] /p/vast1/build/spack/opt/spack/linux-rhel7-broadwell/gcc-10.2.1/readline-8.1-vfjorqgtmqh3rl5ollaj4n2uusx4foez
[+] /p/vast1/build/spack/opt/spack/linux-rhel7-broadwell/gcc-10.2.1/gdbm-1.19-k5otkqycqsp3sya4vlvqbekdodhy2a2b
[+] /p/vast1/build/spack/opt/spack/linux-rhel7-broadwell/gcc-10.2.1/perl-5.34.0-wimaji5zk5vlms3psvdtvmxifnine4nh
Testing splicing in (and out) perl@5.32.1
[+] /p/vast1/build/spack/opt/spack/linux-rhel7-broadwell/gcc-10.2.1/berkeley-db-18.1.40-c7okyaricn3s5wx6lqo2exspq6tuninj
[+] /p/vast1/build/spack/opt/spack/linux-rhel7-broadwell/gcc-10.2.1/libiconv-1.16-glggocpnh7m2dgmtu4fedhbfeessepbe
[+] /p/vast1/build/spack/opt/spack/linux-rhel7-broadwell/gcc-10.2.1/pkgconf-1.8.0-gp2xp6yplvubgic6eunbnl7emqdq3dye
[+] /p/vast1/build/spack/opt/spack/linux-rhel7-broadwell/gcc-10.2.1/zlib-1.2.11-su2ldy5ofm424qnly3kitbbdgwovpfk4
[+] /p/vast1/build/spack/opt/spack/linux-rhel7-broadwell/gcc-10.2.1/diffutils-3.8-vxb536efq575rjec2zqsyqgsebpspfvs
[+] /p/vast1/build/spack/opt/spack/linux-rhel7-broadwell/gcc-10.2.1/ncurses-6.2-2xef6sx47tqatqlceqguyz3rza5okbhy
[+] /p/vast1/build/spack/opt/spack/linux-rhel7-broadwell/gcc-10.2.1/bzip2-1.0.8-jmjklgubcyryaddwqvzuvzeiq6zfqmst
[+] /p/vast1/build/spack/opt/spack/linux-rhel7-broadwell/gcc-10.2.1/readline-8.1-vfjorqgtmqh3rl5ollaj4n2uusx4foez
[+] /p/vast1/build/spack/opt/spack/linux-rhel7-broadwell/gcc-10.2.1/gdbm-1.19-k5otkqycqsp3sya4vlvqbekdodhy2a2b
[+] /p/vast1/build/spack/opt/spack/linux-rhel7-broadwell/gcc-10.2.1/perl-5.32.1-co2wjbhhz6xv2ofe6z4oiziplhmatga4
Testing splicing in (and out) perl@5.32.0
[+] /p/vast1/build/spack/opt/spack/linux-rhel7-broadwell/gcc-10.2.1/berkeley-db-18.1.40-c7okyaricn3s5wx6lqo2exspq6tuninj
[+] /p/vast1/build/spack/opt/spack/linux-rhel7-broadwell/gcc-10.2.1/libiconv-1.16-glggocpnh7m2dgmtu4fedhbfeessepbe
[+] /p/vast1/build/spack/opt/spack/linux-rhel7-broadwell/gcc-10.2.1/pkgconf-1.8.0-gp2xp6yplvubgic6eunbnl7emqdq3dye
[+] /p/vast1/build/spack/opt/spack/linux-rhel7-broadwell/gcc-10.2.1/zlib-1.2.11-su2ldy5ofm424qnly3kitbbdgwovpfk4
[+] /p/vast1/build/spack/opt/spack/linux-rhel7-broadwell/gcc-10.2.1/diffutils-3.8-vxb536efq575rjec2zqsyqgsebpspfvs
[+] /p/vast1/build/spack/opt/spack/linux-rhel7-broadwell/gcc-10.2.1/ncurses-6.2-2xef6sx47tqatqlceqguyz3rza5okbhy
[+] /p/vast1/build/spack/opt/spack/linux-rhel7-broadwell/gcc-10.2.1/bzip2-1.0.8-jmjklgubcyryaddwqvzuvzeiq6zfqmst
[+] /p/vast1/build/spack/opt/spack/linux-rhel7-broadwell/gcc-10.2.1/readline-8.1-vfjorqgtmqh3rl5ollaj4n2uusx4foez
[+] /p/vast1/build/spack/opt/spack/linux-rhel7-broadwell/gcc-10.2.1/gdbm-1.19-k5otkqycqsp3sya4vlvqbekdodhy2a2b
[+] /p/vast1/build/spack/opt/spack/linux-rhel7-broadwell/gcc-10.2.1/perl-5.32.0-mrhyr3bdqzqttzgp26i52gubxmdl4djo
Testing splicing in (and out) perl@5.30.3
[+] /p/vast1/build/spack/opt/spack/linux-rhel7-broadwell/gcc-10.2.1/berkeley-db-18.1.40-c7okyaricn3s5wx6lqo2exspq6tuninj
[+] /p/vast1/build/spack/opt/spack/linux-rhel7-broadwell/gcc-10.2.1/libiconv-1.16-glggocpnh7m2dgmtu4fedhbfeessepbe
[+] /p/vast1/build/spack/opt/spack/linux-rhel7-broadwell/gcc-10.2.1/pkgconf-1.8.0-gp2xp6yplvubgic6eunbnl7emqdq3dye
[+] /p/vast1/build/spack/opt/spack/linux-rhel7-broadwell/gcc-10.2.1/zlib-1.2.11-su2ldy5ofm424qnly3kitbbdgwovpfk4
[+] /p/vast1/build/spack/opt/spack/linux-rhel7-broadwell/gcc-10.2.1/diffutils-3.8-vxb536efq575rjec2zqsyqgsebpspfvs
[+] /p/vast1/build/spack/opt/spack/linux-rhel7-broadwell/gcc-10.2.1/ncurses-6.2-2xef6sx47tqatqlceqguyz3rza5okbhy
[+] /p/vast1/build/spack/opt/spack/linux-rhel7-broadwell/gcc-10.2.1/bzip2-1.0.8-jmjklgubcyryaddwqvzuvzeiq6zfqmst
[+] /p/vast1/build/spack/opt/spack/linux-rhel7-broadwell/gcc-10.2.1/readline-8.1-vfjorqgtmqh3rl5ollaj4n2uusx4foez
[+] /p/vast1/build/spack/opt/spack/linux-rhel7-broadwell/gcc-10.2.1/gdbm-1.19-k5otkqycqsp3sya4vlvqbekdodhy2a2b
[+] /p/vast1/build/spack/opt/spack/linux-rhel7-broadwell/gcc-10.2.1/perl-5.30.3-jw4z4xcuk4p4bgywntcynkgrbzpqnojz
Testing splicing in (and out) perl@5.30.2
[+] /p/vast1/build/spack/opt/spack/linux-rhel7-broadwell/gcc-10.2.1/berkeley-db-18.1.40-c7okyaricn3s5wx6lqo2exspq6tuninj
[+] /p/vast1/build/spack/opt/spack/linux-rhel7-broadwell/gcc-10.2.1/libiconv-1.16-glggocpnh7m2dgmtu4fedhbfeessepbe
[+] /p/vast1/build/spack/opt/spack/linux-rhel7-broadwell/gcc-10.2.1/pkgconf-1.8.0-gp2xp6yplvubgic6eunbnl7emqdq3dye
[+] /p/vast1/build/spack/opt/spack/linux-rhel7-broadwell/gcc-10.2.1/zlib-1.2.11-su2ldy5ofm424qnly3kitbbdgwovpfk4
[+] /p/vast1/build/spack/opt/spack/linux-rhel7-broadwell/gcc-10.2.1/diffutils-3.8-vxb536efq575rjec2zqsyqgsebpspfvs
[+] /p/vast1/build/spack/opt/spack/linux-rhel7-broadwell/gcc-10.2.1/ncurses-6.2-2xef6sx47tqatqlceqguyz3rza5okbhy
[+] /p/vast1/build/spack/opt/spack/linux-rhel7-broadwell/gcc-10.2.1/bzip2-1.0.8-jmjklgubcyryaddwqvzuvzeiq6zfqmst
[+] /p/vast1/build/spack/opt/spack/linux-rhel7-broadwell/gcc-10.2.1/readline-8.1-vfjorqgtmqh3rl5ollaj4n2uusx4foez
[+] /p/vast1/build/spack/opt/spack/linux-rhel7-broadwell/gcc-10.2.1/gdbm-1.19-k5otkqycqsp3sya4vlvqbekdodhy2a2b
[+] /p/vast1/build/spack/opt/spack/linux-rhel7-broadwell/gcc-10.2.1/perl-5.30.2-juy27hphkocsi754rdno2n3arbrc4y4h
Testing splicing in (and out) perl@5.30.1
[+] /p/vast1/build/spack/opt/spack/linux-rhel7-broadwell/gcc-10.2.1/berkeley-db-18.1.40-c7okyaricn3s5wx6lqo2exspq6tuninj
[+] /p/vast1/build/spack/opt/spack/linux-rhel7-broadwell/gcc-10.2.1/libiconv-1.16-glggocpnh7m2dgmtu4fedhbfeessepbe
[+] /p/vast1/build/spack/opt/spack/linux-rhel7-broadwell/gcc-10.2.1/pkgconf-1.8.0-gp2xp6yplvubgic6eunbnl7emqdq3dye
[+] /p/vast1/build/spack/opt/spack/linux-rhel7-broadwell/gcc-10.2.1/zlib-1.2.11-su2ldy5ofm424qnly3kitbbdgwovpfk4
[+] /p/vast1/build/spack/opt/spack/linux-rhel7-broadwell/gcc-10.2.1/diffutils-3.8-vxb536efq575rjec2zqsyqgsebpspfvs
[+] /p/vast1/build/spack/opt/spack/linux-rhel7-broadwell/gcc-10.2.1/ncurses-6.2-2xef6sx47tqatqlceqguyz3rza5okbhy
[+] /p/vast1/build/spack/opt/spack/linux-rhel7-broadwell/gcc-10.2.1/bzip2-1.0.8-jmjklgubcyryaddwqvzuvzeiq6zfqmst
[+] /p/vast1/build/spack/opt/spack/linux-rhel7-broadwell/gcc-10.2.1/readline-8.1-vfjorqgtmqh3rl5ollaj4n2uusx4foez
[+] /p/vast1/build/spack/opt/spack/linux-rhel7-broadwell/gcc-10.2.1/gdbm-1.19-k5otkqycqsp3sya4vlvqbekdodhy2a2b
[+] /p/vast1/build/spack/opt/spack/linux-rhel7-broadwell/gcc-10.2.1/perl-5.30.1-rlbxsjxhhtimgppemuynda27s4lekz3f
Testing splicing in (and out) perl@5.30.0
[+] /p/vast1/build/spack/opt/spack/linux-rhel7-broadwell/gcc-10.2.1/berkeley-db-18.1.40-c7okyaricn3s5wx6lqo2exspq6tuninj
[+] /p/vast1/build/spack/opt/spack/linux-rhel7-broadwell/gcc-10.2.1/libiconv-1.16-glggocpnh7m2dgmtu4fedhbfeessepbe
[+] /p/vast1/build/spack/opt/spack/linux-rhel7-broadwell/gcc-10.2.1/pkgconf-1.8.0-gp2xp6yplvubgic6eunbnl7emqdq3dye
[+] /p/vast1/build/spack/opt/spack/linux-rhel7-broadwell/gcc-10.2.1/zlib-1.2.11-su2ldy5ofm424qnly3kitbbdgwovpfk4
[+] /p/vast1/build/spack/opt/spack/linux-rhel7-broadwell/gcc-10.2.1/diffutils-3.8-vxb536efq575rjec2zqsyqgsebpspfvs
[+] /p/vast1/build/spack/opt/spack/linux-rhel7-broadwell/gcc-10.2.1/ncurses-6.2-2xef6sx47tqatqlceqguyz3rza5okbhy
[+] /p/vast1/build/spack/opt/spack/linux-rhel7-broadwell/gcc-10.2.1/bzip2-1.0.8-jmjklgubcyryaddwqvzuvzeiq6zfqmst
[+] /p/vast1/build/spack/opt/spack/linux-rhel7-broadwell/gcc-10.2.1/readline-8.1-vfjorqgtmqh3rl5ollaj4n2uusx4foez
[+] /p/vast1/build/spack/opt/spack/linux-rhel7-broadwell/gcc-10.2.1/gdbm-1.19-k5otkqycqsp3sya4vlvqbekdodhy2a2b
[+] /p/vast1/build/spack/opt/spack/linux-rhel7-broadwell/gcc-10.2.1/perl-5.30.0-t3444yuhw4kopggkqjlep6kfccehr3js
Testing splicing in (and out) perl@5.28.0
[+] /p/vast1/build/spack/opt/spack/linux-rhel7-broadwell/gcc-10.2.1/berkeley-db-18.1.40-c7okyaricn3s5wx6lqo2exspq6tuninj
[+] /p/vast1/build/spack/opt/spack/linux-rhel7-broadwell/gcc-10.2.1/libiconv-1.16-glggocpnh7m2dgmtu4fedhbfeessepbe
[+] /p/vast1/build/spack/opt/spack/linux-rhel7-broadwell/gcc-10.2.1/pkgconf-1.8.0-gp2xp6yplvubgic6eunbnl7emqdq3dye
[+] /p/vast1/build/spack/opt/spack/linux-rhel7-broadwell/gcc-10.2.1/zlib-1.2.11-su2ldy5ofm424qnly3kitbbdgwovpfk4
[+] /p/vast1/build/spack/opt/spack/linux-rhel7-broadwell/gcc-10.2.1/diffutils-3.8-vxb536efq575rjec2zqsyqgsebpspfvs
[+] /p/vast1/build/spack/opt/spack/linux-rhel7-broadwell/gcc-10.2.1/ncurses-6.2-2xef6sx47tqatqlceqguyz3rza5okbhy
[+] /p/vast1/build/spack/opt/spack/linux-rhel7-broadwell/gcc-10.2.1/bzip2-1.0.8-jmjklgubcyryaddwqvzuvzeiq6zfqmst
[+] /p/vast1/build/spack/opt/spack/linux-rhel7-broadwell/gcc-10.2.1/readline-8.1-vfjorqgtmqh3rl5ollaj4n2uusx4foez
[+] /p/vast1/build/spack/opt/spack/linux-rhel7-broadwell/gcc-10.2.1/gdbm-1.14.1-clzjkzd23kcx6az7yq26cmpmm2mhsncv
[+] /p/vast1/build/spack/opt/spack/linux-rhel7-broadwell/gcc-10.2.1/perl-5.28.0-jjvm4b4gtxz2t2p4fkszncsz53u3pp3c
Testing splicing in (and out) perl@5.26.2
[+] /p/vast1/build/spack/opt/spack/linux-rhel7-broadwell/gcc-10.2.1/zlib-1.2.11-su2ldy5ofm424qnly3kitbbdgwovpfk4
[+] /p/vast1/build/spack/opt/spack/linux-rhel7-broadwell/gcc-10.2.1/libiconv-1.16-glggocpnh7m2dgmtu4fedhbfeessepbe
[+] /p/vast1/build/spack/opt/spack/linux-rhel7-broadwell/gcc-10.2.1/pkgconf-1.8.0-gp2xp6yplvubgic6eunbnl7emqdq3dye
[+] /p/vast1/build/spack/opt/spack/linux-rhel7-broadwell/gcc-10.2.1/berkeley-db-18.1.40-c7okyaricn3s5wx6lqo2exspq6tuninj
[+] /p/vast1/build/spack/opt/spack/linux-rhel7-broadwell/gcc-10.2.1/diffutils-3.8-vxb536efq575rjec2zqsyqgsebpspfvs
[+] /p/vast1/build/spack/opt/spack/linux-rhel7-broadwell/gcc-10.2.1/ncurses-6.2-2xef6sx47tqatqlceqguyz3rza5okbhy
[+] /p/vast1/build/spack/opt/spack/linux-rhel7-broadwell/gcc-10.2.1/bzip2-1.0.8-jmjklgubcyryaddwqvzuvzeiq6zfqmst
[+] /p/vast1/build/spack/opt/spack/linux-rhel7-broadwell/gcc-10.2.1/readline-8.1-vfjorqgtmqh3rl5ollaj4n2uusx4foez
[+] /p/vast1/build/spack/opt/spack/linux-rhel7-broadwell/gcc-10.2.1/gdbm-1.14.1-clzjkzd23kcx6az7yq26cmpmm2mhsncv
[+] /p/vast1/build/spack/opt/spack/linux-rhel7-broadwell/gcc-10.2.1/perl-5.26.2-l23jvo2lcoqhjhy5bbdcpemexzc7y4ph
Testing splicing in (and out) perl@5.24.1
[+] /p/vast1/build/spack/opt/spack/linux-rhel7-broadwell/gcc-10.2.1/berkeley-db-18.1.40-c7okyaricn3s5wx6lqo2exspq6tuninj
[+] /p/vast1/build/spack/opt/spack/linux-rhel7-broadwell/gcc-10.2.1/libiconv-1.16-glggocpnh7m2dgmtu4fedhbfeessepbe
[+] /p/vast1/build/spack/opt/spack/linux-rhel7-broadwell/gcc-10.2.1/pkgconf-1.8.0-gp2xp6yplvubgic6eunbnl7emqdq3dye
[+] /p/vast1/build/spack/opt/spack/linux-rhel7-broadwell/gcc-10.2.1/zlib-1.2.8-dprhpfldx5xaf4xl7rp5weqsw3ilbtfz
[+] /p/vast1/build/spack/opt/spack/linux-rhel7-broadwell/gcc-10.2.1/diffutils-3.8-vxb536efq575rjec2zqsyqgsebpspfvs
[+] /p/vast1/build/spack/opt/spack/linux-rhel7-broadwell/gcc-10.2.1/ncurses-6.2-2xef6sx47tqatqlceqguyz3rza5okbhy
[+] /p/vast1/build/spack/opt/spack/linux-rhel7-broadwell/gcc-10.2.1/bzip2-1.0.8-jmjklgubcyryaddwqvzuvzeiq6zfqmst
[+] /p/vast1/build/spack/opt/spack/linux-rhel7-broadwell/gcc-10.2.1/readline-8.1-vfjorqgtmqh3rl5ollaj4n2uusx4foez
[+] /p/vast1/build/spack/opt/spack/linux-rhel7-broadwell/gcc-10.2.1/gdbm-1.14.1-clzjkzd23kcx6az7yq26cmpmm2mhsncv
Testing splicing in (and out) perl@5.22.4
[+] /p/vast1/build/spack/opt/spack/linux-rhel7-broadwell/gcc-10.2.1/berkeley-db-18.1.40-c7okyaricn3s5wx6lqo2exspq6tuninj
[+] /p/vast1/build/spack/opt/spack/linux-rhel7-broadwell/gcc-10.2.1/libiconv-1.16-glggocpnh7m2dgmtu4fedhbfeessepbe
[+] /p/vast1/build/spack/opt/spack/linux-rhel7-broadwell/gcc-10.2.1/pkgconf-1.8.0-gp2xp6yplvubgic6eunbnl7emqdq3dye
[+] /p/vast1/build/spack/opt/spack/linux-rhel7-broadwell/gcc-10.2.1/zlib-1.2.8-dprhpfldx5xaf4xl7rp5weqsw3ilbtfz
[+] /p/vast1/build/spack/opt/spack/linux-rhel7-broadwell/gcc-10.2.1/diffutils-3.8-vxb536efq575rjec2zqsyqgsebpspfvs
[+] /p/vast1/build/spack/opt/spack/linux-rhel7-broadwell/gcc-10.2.1/ncurses-6.2-2xef6sx47tqatqlceqguyz3rza5okbhy
[+] /p/vast1/build/spack/opt/spack/linux-rhel7-broadwell/gcc-10.2.1/bzip2-1.0.8-jmjklgubcyryaddwqvzuvzeiq6zfqmst
[+] /p/vast1/build/spack/opt/spack/linux-rhel7-broadwell/gcc-10.2.1/readline-8.1-vfjorqgtmqh3rl5ollaj4n2uusx4foez
[+] /p/vast1/build/spack/opt/spack/linux-rhel7-broadwell/gcc-10.2.1/gdbm-1.14.1-clzjkzd23kcx6az7yq26cmpmm2mhsncv
Testing splicing in (and out) perl@5.22.3
[+] /p/vast1/build/spack/opt/spack/linux-rhel7-broadwell/gcc-10.2.1/berkeley-db-18.1.40-c7okyaricn3s5wx6lqo2exspq6tuninj
[+] /p/vast1/build/spack/opt/spack/linux-rhel7-broadwell/gcc-10.2.1/libiconv-1.16-glggocpnh7m2dgmtu4fedhbfeessepbe
[+] /p/vast1/build/spack/opt/spack/linux-rhel7-broadwell/gcc-10.2.1/pkgconf-1.8.0-gp2xp6yplvubgic6eunbnl7emqdq3dye
[+] /p/vast1/build/spack/opt/spack/linux-rhel7-broadwell/gcc-10.2.1/zlib-1.2.8-dprhpfldx5xaf4xl7rp5weqsw3ilbtfz
[+] /p/vast1/build/spack/opt/spack/linux-rhel7-broadwell/gcc-10.2.1/diffutils-3.8-vxb536efq575rjec2zqsyqgsebpspfvs
[+] /p/vast1/build/spack/opt/spack/linux-rhel7-broadwell/gcc-10.2.1/ncurses-6.2-2xef6sx47tqatqlceqguyz3rza5okbhy
[+] /p/vast1/build/spack/opt/spack/linux-rhel7-broadwell/gcc-10.2.1/bzip2-1.0.8-jmjklgubcyryaddwqvzuvzeiq6zfqmst
[+] /p/vast1/build/spack/opt/spack/linux-rhel7-broadwell/gcc-10.2.1/readline-8.1-vfjorqgtmqh3rl5ollaj4n2uusx4foez
[+] /p/vast1/build/spack/opt/spack/linux-rhel7-broadwell/gcc-10.2.1/gdbm-1.14.1-clzjkzd23kcx6az7yq26cmpmm2mhsncv
Testing splicing in (and out) perl@5.22.2
[+] /p/vast1/build/spack/opt/spack/linux-rhel7-broadwell/gcc-10.2.1/berkeley-db-18.1.40-c7okyaricn3s5wx6lqo2exspq6tuninj
[+] /p/vast1/build/spack/opt/spack/linux-rhel7-broadwell/gcc-10.2.1/libiconv-1.16-glggocpnh7m2dgmtu4fedhbfeessepbe
[+] /p/vast1/build/spack/opt/spack/linux-rhel7-broadwell/gcc-10.2.1/pkgconf-1.8.0-gp2xp6yplvubgic6eunbnl7emqdq3dye
[+] /p/vast1/build/spack/opt/spack/linux-rhel7-broadwell/gcc-10.2.1/zlib-1.2.8-dprhpfldx5xaf4xl7rp5weqsw3ilbtfz
[+] /p/vast1/build/spack/opt/spack/linux-rhel7-broadwell/gcc-10.2.1/diffutils-3.8-vxb536efq575rjec2zqsyqgsebpspfvs
[+] /p/vast1/build/spack/opt/spack/linux-rhel7-broadwell/gcc-10.2.1/ncurses-6.2-2xef6sx47tqatqlceqguyz3rza5okbhy
[+] /p/vast1/build/spack/opt/spack/linux-rhel7-broadwell/gcc-10.2.1/bzip2-1.0.8-jmjklgubcyryaddwqvzuvzeiq6zfqmst
[+] /p/vast1/build/spack/opt/spack/linux-rhel7-broadwell/gcc-10.2.1/readline-8.1-vfjorqgtmqh3rl5ollaj4n2uusx4foez
[+] /p/vast1/build/spack/opt/spack/linux-rhel7-broadwell/gcc-10.2.1/gdbm-1.14.1-clzjkzd23kcx6az7yq26cmpmm2mhsncv
Testing splicing in (and out) perl@5.22.1
[+] /p/vast1/build/spack/opt/spack/linux-rhel7-broadwell/gcc-10.2.1/berkeley-db-18.1.40-c7okyaricn3s5wx6lqo2exspq6tuninj
[+] /p/vast1/build/spack/opt/spack/linux-rhel7-broadwell/gcc-10.2.1/libiconv-1.16-glggocpnh7m2dgmtu4fedhbfeessepbe
[+] /p/vast1/build/spack/opt/spack/linux-rhel7-broadwell/gcc-10.2.1/pkgconf-1.8.0-gp2xp6yplvubgic6eunbnl7emqdq3dye
[+] /p/vast1/build/spack/opt/spack/linux-rhel7-broadwell/gcc-10.2.1/zlib-1.2.8-dprhpfldx5xaf4xl7rp5weqsw3ilbtfz
[+] /p/vast1/build/spack/opt/spack/linux-rhel7-broadwell/gcc-10.2.1/diffutils-3.8-vxb536efq575rjec2zqsyqgsebpspfvs
[+] /p/vast1/build/spack/opt/spack/linux-rhel7-broadwell/gcc-10.2.1/ncurses-6.2-2xef6sx47tqatqlceqguyz3rza5okbhy
[+] /p/vast1/build/spack/opt/spack/linux-rhel7-broadwell/gcc-10.2.1/bzip2-1.0.8-jmjklgubcyryaddwqvzuvzeiq6zfqmst
[+] /p/vast1/build/spack/opt/spack/linux-rhel7-broadwell/gcc-10.2.1/readline-8.1-vfjorqgtmqh3rl5ollaj4n2uusx4foez
[+] /p/vast1/build/spack/opt/spack/linux-rhel7-broadwell/gcc-10.2.1/gdbm-1.14.1-clzjkzd23kcx6az7yq26cmpmm2mhsncv
Testing splicing in (and out) perl@5.22.0
[+] /p/vast1/build/spack/opt/spack/linux-rhel7-broadwell/gcc-10.2.1/berkeley-db-18.1.40-c7okyaricn3s5wx6lqo2exspq6tuninj
[+] /p/vast1/build/spack/opt/spack/linux-rhel7-broadwell/gcc-10.2.1/libiconv-1.16-glggocpnh7m2dgmtu4fedhbfeessepbe
[+] /p/vast1/build/spack/opt/spack/linux-rhel7-broadwell/gcc-10.2.1/pkgconf-1.8.0-gp2xp6yplvubgic6eunbnl7emqdq3dye
[+] /p/vast1/build/spack/opt/spack/linux-rhel7-broadwell/gcc-10.2.1/zlib-1.2.8-dprhpfldx5xaf4xl7rp5weqsw3ilbtfz
[+] /p/vast1/build/spack/opt/spack/linux-rhel7-broadwell/gcc-10.2.1/diffutils-3.8-vxb536efq575rjec2zqsyqgsebpspfvs
[+] /p/vast1/build/spack/opt/spack/linux-rhel7-broadwell/gcc-10.2.1/ncurses-6.2-2xef6sx47tqatqlceqguyz3rza5okbhy
[+] /p/vast1/build/spack/opt/spack/linux-rhel7-broadwell/gcc-10.2.1/bzip2-1.0.8-jmjklgubcyryaddwqvzuvzeiq6zfqmst
[+] /p/vast1/build/spack/opt/spack/linux-rhel7-broadwell/gcc-10.2.1/readline-8.1-vfjorqgtmqh3rl5ollaj4n2uusx4foez
[+] /p/vast1/build/spack/opt/spack/linux-rhel7-broadwell/gcc-10.2.1/gdbm-1.14.1-clzjkzd23kcx6az7yq26cmpmm2mhsncv
Testing splicing in (and out) perl@5.20.3
[+] /p/vast1/build/spack/opt/spack/linux-rhel7-broadwell/gcc-10.2.1/berkeley-db-18.1.40-c7okyaricn3s5wx6lqo2exspq6tuninj
[+] /p/vast1/build/spack/opt/spack/linux-rhel7-broadwell/gcc-10.2.1/libiconv-1.16-glggocpnh7m2dgmtu4fedhbfeessepbe
[+] /p/vast1/build/spack/opt/spack/linux-rhel7-broadwell/gcc-10.2.1/pkgconf-1.8.0-gp2xp6yplvubgic6eunbnl7emqdq3dye
[+] /p/vast1/build/spack/opt/spack/linux-rhel7-broadwell/gcc-10.2.1/zlib-1.2.8-dprhpfldx5xaf4xl7rp5weqsw3ilbtfz
[+] /p/vast1/build/spack/opt/spack/linux-rhel7-broadwell/gcc-10.2.1/diffutils-3.8-vxb536efq575rjec2zqsyqgsebpspfvs
[+] /p/vast1/build/spack/opt/spack/linux-rhel7-broadwell/gcc-10.2.1/ncurses-6.2-2xef6sx47tqatqlceqguyz3rza5okbhy
[+] /p/vast1/build/spack/opt/spack/linux-rhel7-broadwell/gcc-10.2.1/bzip2-1.0.8-jmjklgubcyryaddwqvzuvzeiq6zfqmst
[+] /p/vast1/build/spack/opt/spack/linux-rhel7-broadwell/gcc-10.2.1/readline-8.1-vfjorqgtmqh3rl5ollaj4n2uusx4foez
[+] /p/vast1/build/spack/opt/spack/linux-rhel7-broadwell/gcc-10.2.1/gdbm-1.14.1-clzjkzd23kcx6az7yq26cmpmm2mhsncv
Testing splicing in (and out) perl@5.18.4
[+] /p/vast1/build/spack/opt/spack/linux-rhel7-broadwell/gcc-10.2.1/berkeley-db-18.1.40-c7okyaricn3s5wx6lqo2exspq6tuninj
[+] /p/vast1/build/spack/opt/spack/linux-rhel7-broadwell/gcc-10.2.1/libiconv-1.16-glggocpnh7m2dgmtu4fedhbfeessepbe
[+] /p/vast1/build/spack/opt/spack/linux-rhel7-broadwell/gcc-10.2.1/pkgconf-1.8.0-gp2xp6yplvubgic6eunbnl7emqdq3dye
[+] /p/vast1/build/spack/opt/spack/linux-rhel7-broadwell/gcc-10.2.1/zlib-1.2.11-su2ldy5ofm424qnly3kitbbdgwovpfk4
[+] /p/vast1/build/spack/opt/spack/linux-rhel7-broadwell/gcc-10.2.1/diffutils-3.8-vxb536efq575rjec2zqsyqgsebpspfvs
[+] /p/vast1/build/spack/opt/spack/linux-rhel7-broadwell/gcc-10.2.1/ncurses-6.2-2xef6sx47tqatqlceqguyz3rza5okbhy
[+] /p/vast1/build/spack/opt/spack/linux-rhel7-broadwell/gcc-10.2.1/bzip2-1.0.8-jmjklgubcyryaddwqvzuvzeiq6zfqmst
[+] /p/vast1/build/spack/opt/spack/linux-rhel7-broadwell/gcc-10.2.1/readline-8.1-vfjorqgtmqh3rl5ollaj4n2uusx4foez
[+] /p/vast1/build/spack/opt/spack/linux-rhel7-broadwell/gcc-10.2.1/gdbm-1.14.1-clzjkzd23kcx6az7yq26cmpmm2mhsncv
Testing splicing in (and out) perl@5.16.3
[+] /p/vast1/build/spack/opt/spack/linux-rhel7-broadwell/gcc-10.2.1/berkeley-db-18.1.40-c7okyaricn3s5wx6lqo2exspq6tuninj
[+] /p/vast1/build/spack/opt/spack/linux-rhel7-broadwell/gcc-10.2.1/libiconv-1.16-glggocpnh7m2dgmtu4fedhbfeessepbe
[+] /p/vast1/build/spack/opt/spack/linux-rhel7-broadwell/gcc-10.2.1/pkgconf-1.8.0-gp2xp6yplvubgic6eunbnl7emqdq3dye
[+] /p/vast1/build/spack/opt/spack/linux-rhel7-broadwell/gcc-10.2.1/zlib-1.2.11-su2ldy5ofm424qnly3kitbbdgwovpfk4
[+] /p/vast1/build/spack/opt/spack/linux-rhel7-broadwell/gcc-10.2.1/diffutils-3.8-vxb536efq575rjec2zqsyqgsebpspfvs
[+] /p/vast1/build/spack/opt/spack/linux-rhel7-broadwell/gcc-10.2.1/ncurses-6.2-2xef6sx47tqatqlceqguyz3rza5okbhy
[+] /p/vast1/build/spack/opt/spack/linux-rhel7-broadwell/gcc-10.2.1/bzip2-1.0.8-jmjklgubcyryaddwqvzuvzeiq6zfqmst
[+] /p/vast1/build/spack/opt/spack/linux-rhel7-broadwell/gcc-10.2.1/readline-8.1-vfjorqgtmqh3rl5ollaj4n2uusx4foez
[+] /p/vast1/build/spack/opt/spack/linux-rhel7-broadwell/gcc-10.2.1/gdbm-1.14.1-clzjkzd23kcx6az7yq26cmpmm2mhsncv
