==> Warning: mfem-3.4.1-laghos-v2.0-eyijvgatanasaja6pznha5fnd5v5sukl failed to install
==> Warning: AssertionError exception when releasing read lock for mfem-3.4.1-laghos-v2.0-eyijvgatanasaja6pznha5fnd5v5sukl: 
==> Error: mfem-3.4.1-laghos-v2.0-eyijvgatanasaja6pznha5fnd5v5sukl: Package was not installed
Making predictions for symbolator
Making predictions for libabigail
Making predictions for actual
/var/spool/slurmd/job100585/slurm_script: line 12: 59106 Killed                  spliced splice --package mfem@3.4.1-laghos-v2.0 --splice metis --runner spack --replace metis --experiment experiment --outfile /p/vast1/build/spliced-experiment/results/mfem/3.4.1-laghos-v2.0/metis/experiment.json
==> Warning: Fetching from mirror without a checksum!
  This package is normally checked out from a version control system, but it has been archived on a spack mirror.  This means we cannot know a checksum for the tarball in advance. Be sure that your connection to this mirror is secure!
==> Error: ProcessError: Command exited with status 2:
    'make' 'config' 'PREFIX=/p/vast1/build/spack/opt/spack/linux-rhel7-broadwell/gcc-10.2.1/mfem-3.4.1-laghos-v2.0-eyijvgatanasaja6pznha5fnd5v5sukl' 'MFEM_USE_MEMALLOC=YES' 'MFEM_DEBUG=NO' 'CXX=/p/vast1/build/spack/lib/spack/env/gcc/g++' 'MFEM_USE_LIBUNWIND=NO' 'MFEM_USE_GZSTREAM=YES' 'MFEM_USE_METIS=YES' 'MFEM_USE_METIS_5=YES' 'MFEM_THREAD_SAFE=NO' 'MFEM_USE_MPI=YES' 'MFEM_USE_LAPACK=NO' 'MFEM_USE_SUPERLU=NO' 'MFEM_USE_STRUMPACK=NO' 'MFEM_USE_SUITESPARSE=NO' 'MFEM_USE_SUNDIALS=NO' 'MFEM_USE_PETSC=NO' 'MFEM_USE_SLEPC=NO' 'MFEM_USE_PUMI=NO' 'MFEM_USE_GSLIB=NO' 'MFEM_USE_NETCDF=NO' 'MFEM_USE_MPFR=NO' 'MFEM_USE_GNUTLS=NO' 'MFEM_USE_OPENMP=NO' 'MFEM_USE_CONDUIT=NO' 'MFEM_USE_CUDA=NO' 'MFEM_USE_HIP=NO' 'MFEM_USE_OCCA=NO' 'MFEM_USE_RAJA=NO' 'MFEM_USE_AMGX=NO' 'MFEM_USE_CEED=NO' 'MFEM_USE_UMPIRE=NO' 'MFEM_MPIEXEC=srun' 'MFEM_MPIEXEC_NP=-n' 'MPICXX=/p/vast1/build/spack/opt/spack/linux-rhel7-broadwell/gcc-10.2.1/openmpi-4.1.2-mtnsjnbj5kuefhd6gtupaglpuytu6vhz/bin/mpic++' 'HYPRE_OPT=-I/p/vast1/build/spack/opt/spack/linux-rhel7-broadwell/gcc-10.2.1/hypre-2.20.0-3e5qp4ig7n4kfug4e5ydxusygf6dcsgz/include' 'HYPRE_LIB=-Wl,-rpath,/p/vast1/build/spack/opt/spack/linux-rhel7-broadwell/gcc-10.2.1/hypre-2.20.0-3e5qp4ig7n4kfug4e5ydxusygf6dcsgz/lib -Wl,-rpath,/p/vast1/build/spack/opt/spack/linux-rhel7-broadwell/gcc-10.2.1/openblas-0.3.19-jubz2yn2ui3jzqphbt3w2jyqt2pwvz7f/lib -L/p/vast1/build/spack/opt/spack/linux-rhel7-broadwell/gcc-10.2.1/hypre-2.20.0-3e5qp4ig7n4kfug4e5ydxusygf6dcsgz/lib -L/p/vast1/build/spack/opt/spack/linux-rhel7-broadwell/gcc-10.2.1/openblas-0.3.19-jubz2yn2ui3jzqphbt3w2jyqt2pwvz7f/lib -lHYPRE -lopenblas' 'METIS_OPT=-I/p/vast1/build/spack/opt/spack/linux-rhel7-broadwell/gcc-10.2.1/metis-5.1.0-d4ylkf6ddvvzijmxcx4enefij3v2hjjr/include' 'METIS_LIB=-Wl,-rpath,/p/vast1/build/spack/opt/spack/linux-rhel7-broadwell/gcc-10.2.1/metis-5.1.0-d4ylkf6ddvvzijmxcx4enefij3v2hjjr/lib -L/p/vast1/build/spack/opt/spack/linux-rhel7-broadwell/gcc-10.2.1/metis-5.1.0-d4ylkf6ddvvzijmxcx4enefij3v2hjjr/lib -lmetis' 'ZLIB_OPT=-I/p/vast1/build/spack/opt/spack/linux-rhel7-broadwell/gcc-10.2.1/zlib-1.2.11-su2ldy5ofm424qnly3kitbbdgwovpfk4/include' 'ZLIB_LIB=-Wl,-rpath,/p/vast1/build/spack/opt/spack/linux-rhel7-broadwell/gcc-10.2.1/zlib-1.2.11-su2ldy5ofm424qnly3kitbbdgwovpfk4/lib -L/p/vast1/build/spack/opt/spack/linux-rhel7-broadwell/gcc-10.2.1/zlib-1.2.11-su2ldy5ofm424qnly3kitbbdgwovpfk4/lib -lz'

4 errors found in build log:
     1     ==> mfem: Executing phase: 'configure'
     2     ==> [2022-03-03-11:06:57.362271] 'make' 'config' 'PREFIX=/p/vast1/bu
           ild/spack/opt/spack/linux-rhel7-broadwell/gcc-10.2.1/mfem-3.4.1-lagh
           os-v2.0-eyijvgatanasaja6pznha5fnd5v5sukl' 'MFEM_USE_MEMALLOC=YES' 'M
           FEM_DEBUG=NO' 'CXX=/p/vast1/build/spack/lib/spack/env/gcc/g++' 'MFEM
           _USE_LIBUNWIND=NO' 'MFEM_USE_GZSTREAM=YES' 'MFEM_USE_METIS=YES' 'MFE
           M_USE_METIS_5=YES' 'MFEM_THREAD_SAFE=NO' 'MFEM_USE_MPI=YES' 'MFEM_US
           E_LAPACK=NO' 'MFEM_USE_SUPERLU=NO' 'MFEM_USE_STRUMPACK=NO' 'MFEM_USE
           _SUITESPARSE=NO' 'MFEM_USE_SUNDIALS=NO' 'MFEM_USE_PETSC=NO' 'MFEM_US
           E_SLEPC=NO' 'MFEM_USE_PUMI=NO' 'MFEM_USE_GSLIB=NO' 'MFEM_USE_NETCDF=
           NO' 'MFEM_USE_MPFR=NO' 'MFEM_USE_GNUTLS=NO' 'MFEM_USE_OPENMP=NO' 'MF
           EM_USE_CONDUIT=NO' 'MFEM_USE_CUDA=NO' 'MFEM_USE_HIP=NO' 'MFEM_USE_OC
           CA=NO' 'MFEM_USE_RAJA=NO' 'MFEM_USE_AMGX=NO' 'MFEM_USE_CEED=NO' 'MFE
           M_USE_UMPIRE=NO' 'MFEM_MPIEXEC=srun' 'MFEM_MPIEXEC_NP=-n' 'MPICXX=/p
           /vast1/build/spack/opt/spack/linux-rhel7-broadwell/gcc-10.2.1/openmp
           i-4.1.2-mtnsjnbj5kuefhd6gtupaglpuytu6vhz/bin/mpic++' 'HYPRE_OPT=-I/p
           /vast1/build/spack/opt/spack/linux-rhel7-broadwell/gcc-10.2.1/hypre-
           2.20.0-3e5qp4ig7n4kfug4e5ydxusygf6dcsgz/include' 'HYPRE_LIB=-Wl,-rpa
           th,/p/vast1/build/spack/opt/spack/linux-rhel7-broadwell/gcc-10.2.1/h
           ypre-2.20.0-3e5qp4ig7n4kfug4e5ydxusygf6dcsgz/lib -Wl,-rpath,/p/vast1
           /build/spack/opt/spack/linux-rhel7-broadwell/gcc-10.2.1/openblas-0.3
           .19-jubz2yn2ui3jzqphbt3w2jyqt2pwvz7f/lib -L/p/vast1/build/spack/opt/
           spack/linux-rhel7-broadwell/gcc-10.2.1/hypre-2.20.0-3e5qp4ig7n4kfug4
           e5ydxusygf6dcsgz/lib -L/p/vast1/build/spack/opt/spack/linux-rhel7-br
           oadwell/gcc-10.2.1/openblas-0.3.19-jubz2yn2ui3jzqphbt3w2jyqt2pwvz7f/
           lib -lHYPRE -lopenblas' 'METIS_OPT=-I/p/vast1/build/spack/opt/spack/
           linux-rhel7-broadwell/gcc-10.2.1/metis-5.1.0-d4ylkf6ddvvzijmxcx4enef
           ij3v2hjjr/include' 'METIS_LIB=-Wl,-rpath,/p/vast1/build/spack/opt/sp
           ack/linux-rhel7-broadwell/gcc-10.2.1/metis-5.1.0-d4ylkf6ddvvzijmxcx4
           enefij3v2hjjr/lib -L/p/vast1/build/spack/opt/spack/linux-rhel7-broad
           well/gcc-10.2.1/metis-5.1.0-d4ylkf6ddvvzijmxcx4enefij3v2hjjr/lib -lm
           etis' 'ZLIB_OPT=-I/p/vast1/build/spack/opt/spack/linux-rhel7-broadwe
           ll/gcc-10.2.1/zlib-1.2.11-su2ldy5ofm424qnly3kitbbdgwovpfk4/include' 
           'ZLIB_LIB=-Wl,-rpath,/p/vast1/build/spack/opt/spack/linux-rhel7-broa
           dwell/gcc-10.2.1/zlib-1.2.11-su2ldy5ofm424qnly3kitbbdgwovpfk4/lib -L
           /p/vast1/build/spack/opt/spack/linux-rhel7-broadwell/gcc-10.2.1/zlib
           -1.2.11-su2ldy5ofm424qnly3kitbbdgwovpfk4/lib -lz'
     3     make -C config all
     4     make[1]: Entering directory `/tmp/sochat1/spack-stage/spack-stage-mf
           em-3.4.1-laghos-v2.0-eyijvgatanasaja6pznha5fnd5v5sukl/spack-src/conf
           ig'
     5     /p/vast1/build/spack/opt/spack/linux-rhel7-broadwell/gcc-10.2.1/open
           mpi-4.1.2-mtnsjnbj5kuefhd6gtupaglpuytu6vhz/bin/mpic++ -I/p/vast1/bui
           ld/spack/opt/spack/linux-rhel7-broadwell/gcc-10.2.1/hypre-2.20.0-3e5
           qp4ig7n4kfug4e5ydxusygf6dcsgz/include get_hypre_version.cpp -o get_h
           ypre_version
     6     /usr/tce/packages/gcc/gcc-10.2.1/rh/usr/bin/../libexec/gcc/x86_64-re
           dhat-linux/10/ld: warning: libgpfs.so, needed by /p/vast1/build/spac
           k/opt/spack/linux-rhel7-broadwell/gcc-10.2.1/openmpi-4.1.2-mtnsjnbj5
           kuefhd6gtupaglpuytu6vhz/lib/libmpi.so, not found (try using -rpath o
           r -rpath-link)
  >> 7     /usr/tce/packages/gcc/gcc-10.2.1/rh/usr/bin/../libexec/gcc/x86_64-re
           dhat-linux/10/ld: /p/vast1/build/spack/opt/spack/linux-rhel7-broadwe
           ll/gcc-10.2.1/openmpi-4.1.2-mtnsjnbj5kuefhd6gtupaglpuytu6vhz/lib/lib
           mpi.so: undefined reference to `gpfs_fcntl'
  >> 8     collect2: error: ld returned 1 exit status
  >> 9     make[1]: *** [get_hypre_version] Error 1
     10    make[1]: Leaving directory `/tmp/sochat1/spack-stage/spack-stage-mfe
           m-3.4.1-laghos-v2.0-eyijvgatanasaja6pznha5fnd5v5sukl/spack-src/confi
           g'
  >> 11    make: *** [local-config] Error 2

See build log for details:
  /var/tmp/sochat1/spack-stage/spack-stage-mfem-3.4.1-laghos-v2.0-eyijvgatanasaja6pznha5fnd5v5sukl/spack-build-out.txt

Making predictions for spack-test
Making predictions for symbolator
Making predictions for libabigail
abicompat not found on path, will look for spack instead.
Making predictions for actual
