==> Warning: Missing a source id for mfem@develop
==> Warning: mfem-develop-ykibpl3zonjcswrbxeko4w64o27buwx7 failed to install
==> Warning: AssertionError exception when releasing read lock for mfem-develop-ykibpl3zonjcswrbxeko4w64o27buwx7: 
==> Error: mfem-develop-ykibpl3zonjcswrbxeko4w64o27buwx7: Package was not installed
Making predictions for symbolator
Making predictions for libabigail
Making predictions for actual
/var/spool/slurmd/job100613/slurm_script: line 12: 59111 Killed                  spliced splice --package mfem@develop --splice zlib --runner spack --replace zlib --experiment experiment --outfile /p/vast1/build/spliced-experiment/results/mfem/develop/zlib/experiment.json
==> Warning: Missing a source id for mfem@develop
==> Error: ProcessError: Command exited with status 2:
    'make' 'config' 'PREFIX=/p/vast1/build/spack/opt/spack/linux-rhel7-broadwell/gcc-10.2.1/mfem-develop-ykibpl3zonjcswrbxeko4w64o27buwx7' 'MFEM_USE_MEMALLOC=YES' 'MFEM_DEBUG=NO' 'CXX=/p/vast1/build/spack/lib/spack/env/gcc/g++' 'MFEM_USE_LIBUNWIND=NO' 'MFEM_USE_ZLIB=YES' 'MFEM_USE_METIS=YES' 'MFEM_USE_METIS_5=YES' 'MFEM_THREAD_SAFE=NO' 'MFEM_USE_MPI=YES' 'MFEM_USE_LAPACK=NO' 'MFEM_USE_SUPERLU=NO' 'MFEM_USE_STRUMPACK=NO' 'MFEM_USE_SUITESPARSE=NO' 'MFEM_USE_SUNDIALS=NO' 'MFEM_USE_PETSC=NO' 'MFEM_USE_SLEPC=NO' 'MFEM_USE_PUMI=NO' 'MFEM_USE_GSLIB=NO' 'MFEM_USE_NETCDF=NO' 'MFEM_USE_MPFR=NO' 'MFEM_USE_GNUTLS=NO' 'MFEM_USE_OPENMP=NO' 'MFEM_USE_CONDUIT=NO' 'MFEM_USE_CUDA=NO' 'MFEM_USE_HIP=NO' 'MFEM_USE_OCCA=NO' 'MFEM_USE_RAJA=NO' 'MFEM_USE_AMGX=NO' 'MFEM_USE_CEED=NO' 'MFEM_USE_UMPIRE=NO' 'MFEM_MPIEXEC=srun' 'MFEM_MPIEXEC_NP=-n' 'MPICXX=/p/vast1/build/spack/opt/spack/linux-rhel7-broadwell/gcc-10.2.1/openmpi-4.1.2-mtnsjnbj5kuefhd6gtupaglpuytu6vhz/bin/mpic++' 'HYPRE_OPT=-I/p/vast1/build/spack/opt/spack/linux-rhel7-broadwell/gcc-10.2.1/hypre-2.24.0-hnpfejeu7m35r272kekm2bo4dnas3z7m/include' 'HYPRE_LIB=-Wl,-rpath,/p/vast1/build/spack/opt/spack/linux-rhel7-broadwell/gcc-10.2.1/hypre-2.24.0-hnpfejeu7m35r272kekm2bo4dnas3z7m/lib -Wl,-rpath,/p/vast1/build/spack/opt/spack/linux-rhel7-broadwell/gcc-10.2.1/openblas-0.3.19-jubz2yn2ui3jzqphbt3w2jyqt2pwvz7f/lib -L/p/vast1/build/spack/opt/spack/linux-rhel7-broadwell/gcc-10.2.1/hypre-2.24.0-hnpfejeu7m35r272kekm2bo4dnas3z7m/lib -L/p/vast1/build/spack/opt/spack/linux-rhel7-broadwell/gcc-10.2.1/openblas-0.3.19-jubz2yn2ui3jzqphbt3w2jyqt2pwvz7f/lib -lHYPRE -lopenblas' 'METIS_OPT=-I/p/vast1/build/spack/opt/spack/linux-rhel7-broadwell/gcc-10.2.1/metis-5.1.0-d4ylkf6ddvvzijmxcx4enefij3v2hjjr/include' 'METIS_LIB=-Wl,-rpath,/p/vast1/build/spack/opt/spack/linux-rhel7-broadwell/gcc-10.2.1/metis-5.1.0-d4ylkf6ddvvzijmxcx4enefij3v2hjjr/lib -L/p/vast1/build/spack/opt/spack/linux-rhel7-broadwell/gcc-10.2.1/metis-5.1.0-d4ylkf6ddvvzijmxcx4enefij3v2hjjr/lib -lmetis' 'ZLIB_OPT=-I/p/vast1/build/spack/opt/spack/linux-rhel7-broadwell/gcc-10.2.1/zlib-1.2.11-su2ldy5ofm424qnly3kitbbdgwovpfk4/include' 'ZLIB_LIB=-Wl,-rpath,/p/vast1/build/spack/opt/spack/linux-rhel7-broadwell/gcc-10.2.1/zlib-1.2.11-su2ldy5ofm424qnly3kitbbdgwovpfk4/lib -L/p/vast1/build/spack/opt/spack/linux-rhel7-broadwell/gcc-10.2.1/zlib-1.2.11-su2ldy5ofm424qnly3kitbbdgwovpfk4/lib -lz'

4 errors found in build log:
     1     ==> mfem: Executing phase: 'configure'
     2     ==> [2022-03-03-11:14:24.972616] 'make' 'config' 'PREFIX=/p/vast1/bu
           ild/spack/opt/spack/linux-rhel7-broadwell/gcc-10.2.1/mfem-develop-yk
           ibpl3zonjcswrbxeko4w64o27buwx7' 'MFEM_USE_MEMALLOC=YES' 'MFEM_DEBUG=
           NO' 'CXX=/p/vast1/build/spack/lib/spack/env/gcc/g++' 'MFEM_USE_LIBUN
           WIND=NO' 'MFEM_USE_ZLIB=YES' 'MFEM_USE_METIS=YES' 'MFEM_USE_METIS_5=
           YES' 'MFEM_THREAD_SAFE=NO' 'MFEM_USE_MPI=YES' 'MFEM_USE_LAPACK=NO' '
           MFEM_USE_SUPERLU=NO' 'MFEM_USE_STRUMPACK=NO' 'MFEM_USE_SUITESPARSE=N
           O' 'MFEM_USE_SUNDIALS=NO' 'MFEM_USE_PETSC=NO' 'MFEM_USE_SLEPC=NO' 'M
           FEM_USE_PUMI=NO' 'MFEM_USE_GSLIB=NO' 'MFEM_USE_NETCDF=NO' 'MFEM_USE_
           MPFR=NO' 'MFEM_USE_GNUTLS=NO' 'MFEM_USE_OPENMP=NO' 'MFEM_USE_CONDUIT
           =NO' 'MFEM_USE_CUDA=NO' 'MFEM_USE_HIP=NO' 'MFEM_USE_OCCA=NO' 'MFEM_U
           SE_RAJA=NO' 'MFEM_USE_AMGX=NO' 'MFEM_USE_CEED=NO' 'MFEM_USE_UMPIRE=N
           O' 'MFEM_MPIEXEC=srun' 'MFEM_MPIEXEC_NP=-n' 'MPICXX=/p/vast1/build/s
           pack/opt/spack/linux-rhel7-broadwell/gcc-10.2.1/openmpi-4.1.2-mtnsjn
           bj5kuefhd6gtupaglpuytu6vhz/bin/mpic++' 'HYPRE_OPT=-I/p/vast1/build/s
           pack/opt/spack/linux-rhel7-broadwell/gcc-10.2.1/hypre-2.24.0-hnpfeje
           u7m35r272kekm2bo4dnas3z7m/include' 'HYPRE_LIB=-Wl,-rpath,/p/vast1/bu
           ild/spack/opt/spack/linux-rhel7-broadwell/gcc-10.2.1/hypre-2.24.0-hn
           pfejeu7m35r272kekm2bo4dnas3z7m/lib -Wl,-rpath,/p/vast1/build/spack/o
           pt/spack/linux-rhel7-broadwell/gcc-10.2.1/openblas-0.3.19-jubz2yn2ui
           3jzqphbt3w2jyqt2pwvz7f/lib -L/p/vast1/build/spack/opt/spack/linux-rh
           el7-broadwell/gcc-10.2.1/hypre-2.24.0-hnpfejeu7m35r272kekm2bo4dnas3z
           7m/lib -L/p/vast1/build/spack/opt/spack/linux-rhel7-broadwell/gcc-10
           .2.1/openblas-0.3.19-jubz2yn2ui3jzqphbt3w2jyqt2pwvz7f/lib -lHYPRE -l
           openblas' 'METIS_OPT=-I/p/vast1/build/spack/opt/spack/linux-rhel7-br
           oadwell/gcc-10.2.1/metis-5.1.0-d4ylkf6ddvvzijmxcx4enefij3v2hjjr/incl
           ude' 'METIS_LIB=-Wl,-rpath,/p/vast1/build/spack/opt/spack/linux-rhel
           7-broadwell/gcc-10.2.1/metis-5.1.0-d4ylkf6ddvvzijmxcx4enefij3v2hjjr/
           lib -L/p/vast1/build/spack/opt/spack/linux-rhel7-broadwell/gcc-10.2.
           1/metis-5.1.0-d4ylkf6ddvvzijmxcx4enefij3v2hjjr/lib -lmetis' 'ZLIB_OP
           T=-I/p/vast1/build/spack/opt/spack/linux-rhel7-broadwell/gcc-10.2.1/
           zlib-1.2.11-su2ldy5ofm424qnly3kitbbdgwovpfk4/include' 'ZLIB_LIB=-Wl,
           -rpath,/p/vast1/build/spack/opt/spack/linux-rhel7-broadwell/gcc-10.2
           .1/zlib-1.2.11-su2ldy5ofm424qnly3kitbbdgwovpfk4/lib -L/p/vast1/build
           /spack/opt/spack/linux-rhel7-broadwell/gcc-10.2.1/zlib-1.2.11-su2ldy
           5ofm424qnly3kitbbdgwovpfk4/lib -lz'
     3     make -C config all
     4     make[1]: Entering directory `/tmp/sochat1/spack-stage/spack-stage-mf
           em-develop-ykibpl3zonjcswrbxeko4w64o27buwx7/spack-src/config'
     5     /p/vast1/build/spack/opt/spack/linux-rhel7-broadwell/gcc-10.2.1/open
           mpi-4.1.2-mtnsjnbj5kuefhd6gtupaglpuytu6vhz/bin/mpic++ -I/p/vast1/bui
           ld/spack/opt/spack/linux-rhel7-broadwell/gcc-10.2.1/hypre-2.24.0-hnp
           fejeu7m35r272kekm2bo4dnas3z7m/include get_hypre_version.cpp -o get_h
           ypre_version
     6     /usr/tce/packages/gcc/gcc-10.2.1/rh/usr/bin/../libexec/gcc/x86_64-re
           dhat-linux/10/ld: warning: libgpfs.so, needed by /p/vast1/build/spac
           k/opt/spack/linux-rhel7-broadwell/gcc-10.2.1/openmpi-4.1.2-mtnsjnbj5
           kuefhd6gtupaglpuytu6vhz/lib/libmpi.so, not found (try using -rpath o
           r -rpath-link)
  >> 7     /usr/tce/packages/gcc/gcc-10.2.1/rh/usr/bin/../libexec/gcc/x86_64-re
           dhat-linux/10/ld: /p/vast1/build/spack/opt/spack/linux-rhel7-broadwe
           ll/gcc-10.2.1/openmpi-4.1.2-mtnsjnbj5kuefhd6gtupaglpuytu6vhz/lib/lib
           mpi.so: undefined reference to `gpfs_fcntl'
  >> 8     collect2: error: ld returned 1 exit status
  >> 9     make[1]: *** [get_hypre_version] Error 1
     10    make[1]: Leaving directory `/tmp/sochat1/spack-stage/spack-stage-mfe
           m-develop-ykibpl3zonjcswrbxeko4w64o27buwx7/spack-src/config'
  >> 11    make: *** [local-config] Error 2

See build log for details:
  /var/tmp/sochat1/spack-stage/spack-stage-mfem-develop-ykibpl3zonjcswrbxeko4w64o27buwx7/spack-build-out.txt

Making predictions for spack-test
Making predictions for symbolator
Making predictions for libabigail
abicompat not found on path, will look for spack instead.
Making predictions for actual
