==> Warning: Fetching from mirror without a checksum!
  This package is normally checked out from a version control system, but it has been archived on a spack mirror.  This means we cannot know a checksum for the tarball in advance. Be sure that your connection to this mirror is secure!
==> Error: ProcessError: Command exited with status 2:
    'make' '-C' 'examples' 'ex1p'

3 errors found in build log:
     246    ranlib libmfem.a
     247    make[1]: Entering directory `/tmp/sochat1/spack-stage/spack-stage-m
            fem-4.0.1-xsdk-nvvbuzzp2eh45sztqjpzlof3tptzbi7h/spack-src'
     248    make[1]: Leaving directory `/tmp/sochat1/spack-stage/spack-stage-mf
            em-4.0.1-xsdk-nvvbuzzp2eh45sztqjpzlof3tptzbi7h/spack-src'
     249    ==> [2022-02-25-11:48:27.914248] 'make' '-C' 'examples' 'ex1p'
     250    make: Entering directory `/tmp/sochat1/spack-stage/spack-stage-mfem
            -4.0.1-xsdk-nvvbuzzp2eh45sztqjpzlof3tptzbi7h/spack-src/examples'
     251    /p/vast1/build/spack/opt/spack/linux-rhel7-broadwell/gcc-10.2.1/ope
            nmpi-4.1.2-mtnsjnbj5kuefhd6gtupaglpuytu6vhz/bin/mpic++  -O3 -std=c+
            +11 -I.. -I/p/vast1/build/spack/opt/spack/linux-rhel7-broadwell/gcc
            -10.2.1/hypre-2.20.0-3e5qp4ig7n4kfug4e5ydxusygf6dcsgz/include -I/p/
            vast1/build/spack/opt/spack/linux-rhel7-broadwell/gcc-10.2.1/metis-
            5.1.0-d4ylkf6ddvvzijmxcx4enefij3v2hjjr/include -I/p/vast1/build/spa
            ck/opt/spack/linux-rhel7-broadwell/gcc-10.2.1/zlib-1.2.11-su2ldy5of
            m424qnly3kitbbdgwovpfk4/include ex1p.cpp -o ex1p -L.. -lmfem -Wl,-r
            path,/p/vast1/build/spack/opt/spack/linux-rhel7-broadwell/gcc-10.2.
            1/hypre-2.20.0-3e5qp4ig7n4kfug4e5ydxusygf6dcsgz/lib -Wl,-rpath,/p/v
            ast1/build/spack/opt/spack/linux-rhel7-broadwell/gcc-10.2.1/openbla
            s-0.3.19-jubz2yn2ui3jzqphbt3w2jyqt2pwvz7f/lib -L/p/vast1/build/spac
            k/opt/spack/linux-rhel7-broadwell/gcc-10.2.1/hypre-2.20.0-3e5qp4ig7
            n4kfug4e5ydxusygf6dcsgz/lib -L/p/vast1/build/spack/opt/spack/linux-
            rhel7-broadwell/gcc-10.2.1/openblas-0.3.19-jubz2yn2ui3jzqphbt3w2jyq
            t2pwvz7f/lib -lHYPRE -lopenblas -Wl,-rpath,/p/vast1/build/spack/opt
            /spack/linux-rhel7-broadwell/gcc-10.2.1/metis-5.1.0-d4ylkf6ddvvzijm
            xcx4enefij3v2hjjr/lib -L/p/vast1/build/spack/opt/spack/linux-rhel7-
            broadwell/gcc-10.2.1/metis-5.1.0-d4ylkf6ddvvzijmxcx4enefij3v2hjjr/l
            ib -lmetis -lrt -Wl,-rpath,/p/vast1/build/spack/opt/spack/linux-rhe
            l7-broadwell/gcc-10.2.1/zlib-1.2.11-su2ldy5ofm424qnly3kitbbdgwovpfk
            4/lib -L/p/vast1/build/spack/opt/spack/linux-rhel7-broadwell/gcc-10
            .2.1/zlib-1.2.11-su2ldy5ofm424qnly3kitbbdgwovpfk4/lib -lz
  >> 252    /usr/tce/packages/gcc/gcc-10.2.1/rh/usr/bin/../libexec/gcc/x86_64-r
            edhat-linux/10/ld: /p/vast1/build/spack/opt/spack/linux-rhel7-broad
            well/gcc-10.2.1/openblas-0.3.19-jubz2yn2ui3jzqphbt3w2jyqt2pwvz7f/li
            b/libopenblas.so: undefined reference to `_gfortran_concat_string'
  >> 253    collect2: error: ld returned 1 exit status
  >> 254    make: *** [ex1p] Error 1
     255    make: Leaving directory `/tmp/sochat1/spack-stage/spack-stage-mfem-
            4.0.1-xsdk-nvvbuzzp2eh45sztqjpzlof3tptzbi7h/spack-src/examples'

See build log for details:
  /var/tmp/sochat1/spack-stage/spack-stage-mfem-4.0.1-xsdk-nvvbuzzp2eh45sztqjpzlof3tptzbi7h/spack-build-out.txt

Making predictions for symbolator
Making predictions for libabigail
Making predictions for actual
/var/spool/slurmd/job100614/slurm_script: line 12: 59115 Killed                  spliced splice --package mfem@4.0.1-xsdk --splice zlib --runner spack --replace zlib --experiment experiment --outfile /p/vast1/build/spliced-experiment/results/mfem/4.0.1-xsdk/zlib/experiment.json
==> Warning: Fetching from mirror without a checksum!
  This package is normally checked out from a version control system, but it has been archived on a spack mirror.  This means we cannot know a checksum for the tarball in advance. Be sure that your connection to this mirror is secure!
==> Error: ProcessError: Command exited with status 2:
    'make' 'config' 'PREFIX=/p/vast1/build/spack/opt/spack/linux-rhel7-broadwell/gcc-10.2.1/mfem-4.0.1-xsdk-nvvbuzzp2eh45sztqjpzlof3tptzbi7h' 'MFEM_USE_MEMALLOC=YES' 'MFEM_DEBUG=NO' 'CXX=/p/vast1/build/spack/lib/spack/env/gcc/g++' 'MFEM_USE_LIBUNWIND=NO' 'MFEM_USE_GZSTREAM=YES' 'MFEM_USE_METIS=YES' 'MFEM_USE_METIS_5=YES' 'MFEM_THREAD_SAFE=NO' 'MFEM_USE_MPI=YES' 'MFEM_USE_LAPACK=NO' 'MFEM_USE_SUPERLU=NO' 'MFEM_USE_STRUMPACK=NO' 'MFEM_USE_SUITESPARSE=NO' 'MFEM_USE_SUNDIALS=NO' 'MFEM_USE_PETSC=NO' 'MFEM_USE_SLEPC=NO' 'MFEM_USE_PUMI=NO' 'MFEM_USE_GSLIB=NO' 'MFEM_USE_NETCDF=NO' 'MFEM_USE_MPFR=NO' 'MFEM_USE_GNUTLS=NO' 'MFEM_USE_OPENMP=NO' 'MFEM_USE_CONDUIT=NO' 'MFEM_USE_CUDA=NO' 'MFEM_USE_HIP=NO' 'MFEM_USE_OCCA=NO' 'MFEM_USE_RAJA=NO' 'MFEM_USE_AMGX=NO' 'MFEM_USE_CEED=NO' 'MFEM_USE_UMPIRE=NO' 'MFEM_MPIEXEC=srun' 'MFEM_MPIEXEC_NP=-n' 'MPICXX=/p/vast1/build/spack/opt/spack/linux-rhel7-broadwell/gcc-10.2.1/openmpi-4.1.2-mtnsjnbj5kuefhd6gtupaglpuytu6vhz/bin/mpic++' 'HYPRE_OPT=-I/p/vast1/build/spack/opt/spack/linux-rhel7-broadwell/gcc-10.2.1/hypre-2.20.0-3e5qp4ig7n4kfug4e5ydxusygf6dcsgz/include' 'HYPRE_LIB=-Wl,-rpath,/p/vast1/build/spack/opt/spack/linux-rhel7-broadwell/gcc-10.2.1/hypre-2.20.0-3e5qp4ig7n4kfug4e5ydxusygf6dcsgz/lib -Wl,-rpath,/p/vast1/build/spack/opt/spack/linux-rhel7-broadwell/gcc-10.2.1/openblas-0.3.19-jubz2yn2ui3jzqphbt3w2jyqt2pwvz7f/lib -L/p/vast1/build/spack/opt/spack/linux-rhel7-broadwell/gcc-10.2.1/hypre-2.20.0-3e5qp4ig7n4kfug4e5ydxusygf6dcsgz/lib -L/p/vast1/build/spack/opt/spack/linux-rhel7-broadwell/gcc-10.2.1/openblas-0.3.19-jubz2yn2ui3jzqphbt3w2jyqt2pwvz7f/lib -lHYPRE -lopenblas' 'METIS_OPT=-I/p/vast1/build/spack/opt/spack/linux-rhel7-broadwell/gcc-10.2.1/metis-5.1.0-d4ylkf6ddvvzijmxcx4enefij3v2hjjr/include' 'METIS_LIB=-Wl,-rpath,/p/vast1/build/spack/opt/spack/linux-rhel7-broadwell/gcc-10.2.1/metis-5.1.0-d4ylkf6ddvvzijmxcx4enefij3v2hjjr/lib -L/p/vast1/build/spack/opt/spack/linux-rhel7-broadwell/gcc-10.2.1/metis-5.1.0-d4ylkf6ddvvzijmxcx4enefij3v2hjjr/lib -lmetis' 'ZLIB_OPT=-I/p/vast1/build/spack/opt/spack/linux-rhel7-broadwell/gcc-10.2.1/zlib-1.2.11-su2ldy5ofm424qnly3kitbbdgwovpfk4/include' 'ZLIB_LIB=-Wl,-rpath,/p/vast1/build/spack/opt/spack/linux-rhel7-broadwell/gcc-10.2.1/zlib-1.2.11-su2ldy5ofm424qnly3kitbbdgwovpfk4/lib -L/p/vast1/build/spack/opt/spack/linux-rhel7-broadwell/gcc-10.2.1/zlib-1.2.11-su2ldy5ofm424qnly3kitbbdgwovpfk4/lib -lz'

4 errors found in build log:
     1     ==> mfem: Executing phase: 'configure'
     2     ==> [2022-03-03-11:16:38.107046] 'make' 'config' 'PREFIX=/p/vast1/bu
           ild/spack/opt/spack/linux-rhel7-broadwell/gcc-10.2.1/mfem-4.0.1-xsdk
           -nvvbuzzp2eh45sztqjpzlof3tptzbi7h' 'MFEM_USE_MEMALLOC=YES' 'MFEM_DEB
           UG=NO' 'CXX=/p/vast1/build/spack/lib/spack/env/gcc/g++' 'MFEM_USE_LI
           BUNWIND=NO' 'MFEM_USE_GZSTREAM=YES' 'MFEM_USE_METIS=YES' 'MFEM_USE_M
           ETIS_5=YES' 'MFEM_THREAD_SAFE=NO' 'MFEM_USE_MPI=YES' 'MFEM_USE_LAPAC
           K=NO' 'MFEM_USE_SUPERLU=NO' 'MFEM_USE_STRUMPACK=NO' 'MFEM_USE_SUITES
           PARSE=NO' 'MFEM_USE_SUNDIALS=NO' 'MFEM_USE_PETSC=NO' 'MFEM_USE_SLEPC
           =NO' 'MFEM_USE_PUMI=NO' 'MFEM_USE_GSLIB=NO' 'MFEM_USE_NETCDF=NO' 'MF
           EM_USE_MPFR=NO' 'MFEM_USE_GNUTLS=NO' 'MFEM_USE_OPENMP=NO' 'MFEM_USE_
           CONDUIT=NO' 'MFEM_USE_CUDA=NO' 'MFEM_USE_HIP=NO' 'MFEM_USE_OCCA=NO' 
           'MFEM_USE_RAJA=NO' 'MFEM_USE_AMGX=NO' 'MFEM_USE_CEED=NO' 'MFEM_USE_U
           MPIRE=NO' 'MFEM_MPIEXEC=srun' 'MFEM_MPIEXEC_NP=-n' 'MPICXX=/p/vast1/
           build/spack/opt/spack/linux-rhel7-broadwell/gcc-10.2.1/openmpi-4.1.2
           -mtnsjnbj5kuefhd6gtupaglpuytu6vhz/bin/mpic++' 'HYPRE_OPT=-I/p/vast1/
           build/spack/opt/spack/linux-rhel7-broadwell/gcc-10.2.1/hypre-2.20.0-
           3e5qp4ig7n4kfug4e5ydxusygf6dcsgz/include' 'HYPRE_LIB=-Wl,-rpath,/p/v
           ast1/build/spack/opt/spack/linux-rhel7-broadwell/gcc-10.2.1/hypre-2.
           20.0-3e5qp4ig7n4kfug4e5ydxusygf6dcsgz/lib -Wl,-rpath,/p/vast1/build/
           spack/opt/spack/linux-rhel7-broadwell/gcc-10.2.1/openblas-0.3.19-jub
           z2yn2ui3jzqphbt3w2jyqt2pwvz7f/lib -L/p/vast1/build/spack/opt/spack/l
           inux-rhel7-broadwell/gcc-10.2.1/hypre-2.20.0-3e5qp4ig7n4kfug4e5ydxus
           ygf6dcsgz/lib -L/p/vast1/build/spack/opt/spack/linux-rhel7-broadwell
           /gcc-10.2.1/openblas-0.3.19-jubz2yn2ui3jzqphbt3w2jyqt2pwvz7f/lib -lH
           YPRE -lopenblas' 'METIS_OPT=-I/p/vast1/build/spack/opt/spack/linux-r
           hel7-broadwell/gcc-10.2.1/metis-5.1.0-d4ylkf6ddvvzijmxcx4enefij3v2hj
           jr/include' 'METIS_LIB=-Wl,-rpath,/p/vast1/build/spack/opt/spack/lin
           ux-rhel7-broadwell/gcc-10.2.1/metis-5.1.0-d4ylkf6ddvvzijmxcx4enefij3
           v2hjjr/lib -L/p/vast1/build/spack/opt/spack/linux-rhel7-broadwell/gc
           c-10.2.1/metis-5.1.0-d4ylkf6ddvvzijmxcx4enefij3v2hjjr/lib -lmetis' '
           ZLIB_OPT=-I/p/vast1/build/spack/opt/spack/linux-rhel7-broadwell/gcc-
           10.2.1/zlib-1.2.11-su2ldy5ofm424qnly3kitbbdgwovpfk4/include' 'ZLIB_L
           IB=-Wl,-rpath,/p/vast1/build/spack/opt/spack/linux-rhel7-broadwell/g
           cc-10.2.1/zlib-1.2.11-su2ldy5ofm424qnly3kitbbdgwovpfk4/lib -L/p/vast
           1/build/spack/opt/spack/linux-rhel7-broadwell/gcc-10.2.1/zlib-1.2.11
           -su2ldy5ofm424qnly3kitbbdgwovpfk4/lib -lz'
     3     make -C config all
     4     make[1]: Entering directory `/tmp/sochat1/spack-stage/spack-stage-mf
           em-4.0.1-xsdk-nvvbuzzp2eh45sztqjpzlof3tptzbi7h/spack-src/config'
     5     /p/vast1/build/spack/opt/spack/linux-rhel7-broadwell/gcc-10.2.1/open
           mpi-4.1.2-mtnsjnbj5kuefhd6gtupaglpuytu6vhz/bin/mpic++ -I/p/vast1/bui
           ld/spack/opt/spack/linux-rhel7-broadwell/gcc-10.2.1/hypre-2.20.0-3e5
           qp4ig7n4kfug4e5ydxusygf6dcsgz/include get_hypre_version.cpp -o get_h
           ypre_version
     6     /usr/tce/packages/gcc/gcc-10.2.1/rh/usr/bin/../libexec/gcc/x86_64-re
           dhat-linux/10/ld: warning: libgpfs.so, needed by /p/vast1/build/spac
           k/opt/spack/linux-rhel7-broadwell/gcc-10.2.1/openmpi-4.1.2-mtnsjnbj5
           kuefhd6gtupaglpuytu6vhz/lib/libmpi.so, not found (try using -rpath o
           r -rpath-link)
  >> 7     /usr/tce/packages/gcc/gcc-10.2.1/rh/usr/bin/../libexec/gcc/x86_64-re
           dhat-linux/10/ld: /p/vast1/build/spack/opt/spack/linux-rhel7-broadwe
           ll/gcc-10.2.1/openmpi-4.1.2-mtnsjnbj5kuefhd6gtupaglpuytu6vhz/lib/lib
           mpi.so: undefined reference to `gpfs_fcntl'
  >> 8     collect2: error: ld returned 1 exit status
  >> 9     make[1]: *** [get_hypre_version] Error 1
     10    make[1]: Leaving directory `/tmp/sochat1/spack-stage/spack-stage-mfe
           m-4.0.1-xsdk-nvvbuzzp2eh45sztqjpzlof3tptzbi7h/spack-src/config'
  >> 11    make: *** [local-config] Error 2

See build log for details:
  /var/tmp/sochat1/spack-stage/spack-stage-mfem-4.0.1-xsdk-nvvbuzzp2eh45sztqjpzlof3tptzbi7h/spack-build-out.txt

Making predictions for spack-test
Making predictions for symbolator
Making predictions for libabigail
abicompat not found on path, will look for spack instead.
Making predictions for actual
