Concretizing archer@2.0.0
[+] /p/vast1/build/spack/opt/spack/linux-rhel7-broadwell/gcc-10.2.1/pkgconf-1.8.0-gp2xp6yplvubgic6eunbnl7emqdq3dye
[+] /p/vast1/build/spack/opt/spack/linux-rhel7-broadwell/gcc-10.2.1/berkeley-db-18.1.40-c7okyaricn3s5wx6lqo2exspq6tuninj
[+] /p/vast1/build/spack/opt/spack/linux-rhel7-broadwell/gcc-10.2.1/libiconv-1.16-glggocpnh7m2dgmtu4fedhbfeessepbe
[+] /p/vast1/build/spack/opt/spack/linux-rhel7-broadwell/gcc-10.2.1/zlib-1.2.11-su2ldy5ofm424qnly3kitbbdgwovpfk4
[+] /p/vast1/build/spack/opt/spack/linux-rhel7-broadwell/gcc-10.2.1/xz-5.2.5-d536jz4ora4tt45q72d2lklqr3dqx34m
[+] /p/vast1/build/spack/opt/spack/linux-rhel7-broadwell/gcc-10.2.1/libsigsegv-2.13-7rh3iftx6wqudr26scqm7nyzm4xxgqcc
[+] /p/vast1/build/spack/opt/spack/linux-rhel7-broadwell/gcc-10.2.1/util-macros-1.19.3-mxlhejedwgloprhrg6bzi2wz3cgadzp2
[+] /p/vast1/build/spack/opt/spack/linux-rhel7-broadwell/gcc-10.2.1/libmd-1.0.3-2ov67rcd3fulh2bvd46bb7cjgf3yckoh
[+] /p/vast1/build/spack/opt/spack/linux-rhel7-broadwell/gcc-10.2.1/libffi-3.3-zyoezbz35scxddz3sf2hsqa6dancnjru
[+] /p/vast1/build/spack/opt/spack/linux-rhel7-broadwell/gcc-10.2.1/ncurses-6.2-2xef6sx47tqatqlceqguyz3rza5okbhy
[+] /p/vast1/build/spack/opt/spack/linux-rhel7-broadwell/gcc-10.2.1/util-linux-uuid-2.36.2-6icy3q75q4f2andannpqgkcdmzoir7sd
[+] /p/vast1/build/spack/opt/spack/linux-rhel7-broadwell/gcc-10.2.1/tar-1.34-3g4ty3srw34e6frmd2d2f523hr2pck3g
[+] /p/vast1/build/spack/opt/spack/linux-rhel7-broadwell/gcc-10.2.1/diffutils-3.8-vxb536efq575rjec2zqsyqgsebpspfvs
[+] /p/vast1/build/spack/opt/spack/linux-rhel7-broadwell/gcc-10.2.1/libxml2-2.9.12-rs3llxgrrh537ywuyzjxyebuzo3gnxpt
[+] /p/vast1/build/spack/opt/spack/linux-rhel7-broadwell/gcc-10.2.1/m4-1.4.19-zeen2avy7avmg5n7cd6yaqspkj3rup2t
[+] /p/vast1/build/spack/opt/spack/linux-rhel7-broadwell/gcc-10.2.1/libbsd-0.11.3-3bk5tkx2u7x44ivhjo723eyc3kbvzj2t
[+] /p/vast1/build/spack/opt/spack/linux-rhel7-broadwell/gcc-10.2.1/libedit-3.1-20210216-rhcaqt3bcnt5otgbqisvol2zjkkt3yqz
[+] /p/vast1/build/spack/opt/spack/linux-rhel7-broadwell/gcc-10.2.1/readline-8.1-vfjorqgtmqh3rl5ollaj4n2uusx4foez
[+] /p/vast1/build/spack/opt/spack/linux-rhel7-broadwell/gcc-10.2.1/bzip2-1.0.8-jmjklgubcyryaddwqvzuvzeiq6zfqmst
[+] /p/vast1/build/spack/opt/spack/linux-rhel7-broadwell/gcc-10.2.1/libtool-2.4.6-v5tvhyer33lc2hhisqrztia7bmreecdr
[+] /p/vast1/build/spack/opt/spack/linux-rhel7-broadwell/gcc-10.2.1/expat-2.4.1-kya5u2fynwiaatzc4mfarh675cq6au2y
[+] /p/vast1/build/spack/opt/spack/linux-rhel7-broadwell/gcc-10.2.1/gdbm-1.19-k5otkqycqsp3sya4vlvqbekdodhy2a2b
[+] /p/vast1/build/spack/opt/spack/linux-rhel7-broadwell/gcc-10.2.1/sqlite-3.36.0-2hy2e3pav6gykaiuxcqrj6xwb3hikfkt
[+] /p/vast1/build/spack/opt/spack/linux-rhel7-broadwell/gcc-10.2.1/gettext-0.21-zrjvymznliicfcjx4lqkixtjo76ruzmr
[+] /p/vast1/build/spack/opt/spack/linux-rhel7-broadwell/gcc-10.2.1/libpciaccess-0.16-vzg6r6gyrqyboudgxfqbdwe36epu6s7s
[+] /p/vast1/build/spack/opt/spack/linux-rhel7-broadwell/gcc-10.2.1/perl-5.34.0-wimaji5zk5vlms3psvdtvmxifnine4nh
[+] /p/vast1/build/spack/opt/spack/linux-rhel7-broadwell/gcc-10.2.1/binutils-2.37-lthn2hmh7urwaskk2hb7trm6rfgadepe
[+] /p/vast1/build/spack/opt/spack/linux-rhel7-broadwell/gcc-10.2.1/elfutils-0.186-f77ui2tqjsngts6tjtvujr6qon2lg3kj
[+] /p/vast1/build/spack/opt/spack/linux-rhel7-broadwell/gcc-10.2.1/hwloc-2.6.0-cxn7eow3mqe2pjeaz7u4tyw4xadzqtri
[+] /p/vast1/build/spack/opt/spack/linux-rhel7-broadwell/gcc-10.2.1/perl-data-dumper-2.173-qe4a77zeiskowy4qxukhogvdbjlkhif5
[+] /p/vast1/build/spack/opt/spack/linux-rhel7-broadwell/gcc-10.2.1/openssl-1.1.1l-sozkiugfpwd75rjehlrzn3ymhrojqyp2
[+] /p/vast1/build/spack/opt/spack/linux-rhel7-broadwell/gcc-10.2.1/cmake-3.21.4-hvgwgb6duea6jzf2rywitb4a5lqdrpii
[+] /p/vast1/build/spack/opt/spack/linux-rhel7-broadwell/gcc-10.2.1/python-3.8.12-snqhx3gympk6b2bnoh367hqvsbhqo3ts
[+] /p/vast1/build/spack/opt/spack/linux-rhel7-broadwell/gcc-10.2.1/ninja-1.10.2-gz47zb62pfc2j5bxcyokbmrxfsmrwsf2
Concretizing archer@2.0.0
[+] /p/vast1/build/spack/opt/spack/linux-rhel7-broadwell/gcc-10.2.1/pkgconf-1.8.0-gp2xp6yplvubgic6eunbnl7emqdq3dye
[+] /p/vast1/build/spack/opt/spack/linux-rhel7-broadwell/gcc-10.2.1/berkeley-db-18.1.40-c7okyaricn3s5wx6lqo2exspq6tuninj
[+] /p/vast1/build/spack/opt/spack/linux-rhel7-broadwell/gcc-10.2.1/libiconv-1.16-glggocpnh7m2dgmtu4fedhbfeessepbe
[+] /p/vast1/build/spack/opt/spack/linux-rhel7-broadwell/gcc-10.2.1/zlib-1.2.11-su2ldy5ofm424qnly3kitbbdgwovpfk4
[+] /p/vast1/build/spack/opt/spack/linux-rhel7-broadwell/gcc-10.2.1/xz-5.2.5-d536jz4ora4tt45q72d2lklqr3dqx34m
[+] /p/vast1/build/spack/opt/spack/linux-rhel7-broadwell/gcc-10.2.1/libsigsegv-2.13-7rh3iftx6wqudr26scqm7nyzm4xxgqcc
[+] /p/vast1/build/spack/opt/spack/linux-rhel7-broadwell/gcc-10.2.1/util-macros-1.19.3-mxlhejedwgloprhrg6bzi2wz3cgadzp2
[+] /p/vast1/build/spack/opt/spack/linux-rhel7-broadwell/gcc-10.2.1/libmd-1.0.4-rooxnv7z75ill3knhg6bxfttmwxdag6i
[+] /p/vast1/build/spack/opt/spack/linux-rhel7-broadwell/gcc-10.2.1/libffi-3.4.2-7vfnd7a5ankpytut3b4oqhktzrcbabfm
[+] /p/vast1/build/spack/opt/spack/linux-rhel7-broadwell/gcc-10.2.1/pcre-8.45-glwmib6eqndwnobkbazxag5fm4js7em3
[+] /p/vast1/build/spack/opt/spack/linux-rhel7-broadwell/gcc-10.2.1/ncurses-6.2-2xef6sx47tqatqlceqguyz3rza5okbhy
[+] /p/vast1/build/spack/opt/spack/linux-rhel7-broadwell/gcc-10.2.1/util-linux-uuid-2.37.4-26saxoixdjk3763nksg3ajmdzt5gyubu
[+] /p/vast1/build/spack/opt/spack/linux-rhel7-broadwell/gcc-10.2.1/diffutils-3.8-vxb536efq575rjec2zqsyqgsebpspfvs
[+] /p/vast1/build/spack/opt/spack/linux-rhel7-broadwell/gcc-10.2.1/tar-1.34-3g4ty3srw34e6frmd2d2f523hr2pck3g
[+] /p/vast1/build/spack/opt/spack/linux-rhel7-broadwell/gcc-10.2.1/libxml2-2.9.12-rs3llxgrrh537ywuyzjxyebuzo3gnxpt
[+] /p/vast1/build/spack/opt/spack/linux-rhel7-broadwell/gcc-10.2.1/m4-1.4.19-zeen2avy7avmg5n7cd6yaqspkj3rup2t
[+] /p/vast1/build/spack/opt/spack/linux-rhel7-broadwell/gcc-10.2.1/libbsd-0.11.5-yt5rlx2ycq24tyyohhconaxiqgzajzbo
[+] /p/vast1/build/spack/opt/spack/linux-rhel7-broadwell/gcc-10.2.1/readline-8.1-vfjorqgtmqh3rl5ollaj4n2uusx4foez
[+] /p/vast1/build/spack/opt/spack/linux-rhel7-broadwell/gcc-10.2.1/libedit-3.1-20210216-rhcaqt3bcnt5otgbqisvol2zjkkt3yqz
[+] /p/vast1/build/spack/opt/spack/linux-rhel7-broadwell/gcc-10.2.1/bzip2-1.0.8-jmjklgubcyryaddwqvzuvzeiq6zfqmst
[+] /p/vast1/build/spack/opt/spack/linux-rhel7-broadwell/gcc-10.2.1/libtool-2.4.6-v5tvhyer33lc2hhisqrztia7bmreecdr
[+] /p/vast1/build/spack/opt/spack/linux-rhel7-broadwell/gcc-10.2.1/expat-2.4.6-akiducmoeufix2d6beegvgbj5skm36ul
[+] /p/vast1/build/spack/opt/spack/linux-rhel7-broadwell/gcc-10.2.1/gdbm-1.19-k5otkqycqsp3sya4vlvqbekdodhy2a2b
[+] /p/vast1/build/spack/opt/spack/linux-rhel7-broadwell/gcc-10.2.1/sqlite-3.37.2-osxyeivy7mdmhjyjwcsm4l7tooho6s2d
[+] /p/vast1/build/spack/opt/spack/linux-rhel7-broadwell/gcc-10.2.1/gettext-0.21-zrjvymznliicfcjx4lqkixtjo76ruzmr
[+] /p/vast1/build/spack/opt/spack/linux-rhel7-broadwell/gcc-10.2.1/libpciaccess-0.16-vzg6r6gyrqyboudgxfqbdwe36epu6s7s
[+] /p/vast1/build/spack/opt/spack/linux-rhel7-broadwell/gcc-10.2.1/perl-5.34.0-wimaji5zk5vlms3psvdtvmxifnine4nh
[+] /p/vast1/build/spack/opt/spack/linux-rhel7-broadwell/gcc-10.2.1/elfutils-0.186-f77ui2tqjsngts6tjtvujr6qon2lg3kj
[+] /p/vast1/build/spack/opt/spack/linux-rhel7-broadwell/gcc-10.2.1/hwloc-2.7.0-zcvfxqfecuheq2vakvpuosok2avakr6j
[+] /p/vast1/build/spack/opt/spack/linux-rhel7-broadwell/gcc-10.2.1/swig-4.0.2-ttwxjzjx6eorcvdhpcqhcokyqu7txqiy
[+] /p/vast1/build/spack/opt/spack/linux-rhel7-broadwell/gcc-10.2.1/perl-data-dumper-2.173-qe4a77zeiskowy4qxukhogvdbjlkhif5
[+] /p/vast1/build/spack/opt/spack/linux-rhel7-broadwell/gcc-10.2.1/openssl-1.1.1m-momhhzpwxq3fzqnlqbabquoitiq5d6q6
[+] /p/vast1/build/spack/opt/spack/linux-rhel7-broadwell/gcc-10.2.1/python-3.9.10-6fbgydg7c2bdx4ovimgsqyzucdkrd277
[+] /p/vast1/build/spack/opt/spack/linux-rhel7-broadwell/gcc-10.2.1/cmake-3.22.2-7oku4yd37mfoi65gi3alunjbl35euphw
[+] /p/vast1/build/spack/opt/spack/linux-rhel7-broadwell/gcc-10.2.1/ninja-1.10.2-gz47zb62pfc2j5bxcyokbmrxfsmrwsf2
[+] /p/vast1/build/spack/opt/spack/linux-rhel7-broadwell/gcc-10.2.1/binutils-2.38-23ko3jm5ms5xxeh5ky7ojk7ar5ry3x5i
[+] /p/vast1/build/spack/opt/spack/linux-rhel7-broadwell/gcc-10.2.1/llvm-8.0.0-z5a2veqecju7emfez2eez7nmlveccixj
[+] /p/vast1/build/spack/opt/spack/linux-rhel7-broadwell/gcc-10.2.1/llvm-openmp-ompt-tr6_forwards-yxqjzdhmqukwwwgure37beui4n34boqq
[+] /p/vast1/build/spack/opt/spack/linux-rhel7-broadwell/gcc-10.2.1/archer-2.0.0-u75skak7uoclzbcs5jdrib6mqaxztdqu
Testing splicing in (and out) ninja@kitware
[+] /p/vast1/build/spack/opt/spack/linux-rhel7-broadwell/gcc-10.2.1/libiconv-1.16-glggocpnh7m2dgmtu4fedhbfeessepbe
[+] /p/vast1/build/spack/opt/spack/linux-rhel7-broadwell/gcc-10.2.1/libmd-1.0.4-rooxnv7z75ill3knhg6bxfttmwxdag6i
[+] /p/vast1/build/spack/opt/spack/linux-rhel7-broadwell/gcc-10.2.1/pkgconf-1.8.0-gp2xp6yplvubgic6eunbnl7emqdq3dye
[+] /p/vast1/build/spack/opt/spack/linux-rhel7-broadwell/gcc-10.2.1/xz-5.2.5-d536jz4ora4tt45q72d2lklqr3dqx34m
[+] /p/vast1/build/spack/opt/spack/linux-rhel7-broadwell/gcc-10.2.1/zlib-1.2.11-su2ldy5ofm424qnly3kitbbdgwovpfk4
[+] /p/vast1/build/spack/opt/spack/linux-rhel7-broadwell/gcc-10.2.1/libffi-3.4.2-7vfnd7a5ankpytut3b4oqhktzrcbabfm
[+] /p/vast1/build/spack/opt/spack/linux-rhel7-broadwell/gcc-10.2.1/berkeley-db-18.1.40-c7okyaricn3s5wx6lqo2exspq6tuninj
[+] /p/vast1/build/spack/opt/spack/linux-rhel7-broadwell/gcc-10.2.1/diffutils-3.8-vxb536efq575rjec2zqsyqgsebpspfvs
[+] /p/vast1/build/spack/opt/spack/linux-rhel7-broadwell/gcc-10.2.1/tar-1.34-3g4ty3srw34e6frmd2d2f523hr2pck3g
[+] /p/vast1/build/spack/opt/spack/linux-rhel7-broadwell/gcc-10.2.1/libbsd-0.11.5-yt5rlx2ycq24tyyohhconaxiqgzajzbo
[+] /p/vast1/build/spack/opt/spack/linux-rhel7-broadwell/gcc-10.2.1/ncurses-6.2-2xef6sx47tqatqlceqguyz3rza5okbhy
[+] /p/vast1/build/spack/opt/spack/linux-rhel7-broadwell/gcc-10.2.1/util-linux-uuid-2.37.4-26saxoixdjk3763nksg3ajmdzt5gyubu
[+] /p/vast1/build/spack/opt/spack/linux-rhel7-broadwell/gcc-10.2.1/libxml2-2.9.12-rs3llxgrrh537ywuyzjxyebuzo3gnxpt
[+] /p/vast1/build/spack/opt/spack/linux-rhel7-broadwell/gcc-10.2.1/bzip2-1.0.8-jmjklgubcyryaddwqvzuvzeiq6zfqmst
[+] /p/vast1/build/spack/opt/spack/linux-rhel7-broadwell/gcc-10.2.1/expat-2.4.6-akiducmoeufix2d6beegvgbj5skm36ul
[+] /p/vast1/build/spack/opt/spack/linux-rhel7-broadwell/gcc-10.2.1/readline-8.1-vfjorqgtmqh3rl5ollaj4n2uusx4foez
[+] /p/vast1/build/spack/opt/spack/linux-rhel7-broadwell/gcc-10.2.1/gettext-0.21-zrjvymznliicfcjx4lqkixtjo76ruzmr
[+] /p/vast1/build/spack/opt/spack/linux-rhel7-broadwell/gcc-10.2.1/gdbm-1.19-k5otkqycqsp3sya4vlvqbekdodhy2a2b
[+] /p/vast1/build/spack/opt/spack/linux-rhel7-broadwell/gcc-10.2.1/sqlite-3.37.2-osxyeivy7mdmhjyjwcsm4l7tooho6s2d
[+] /p/vast1/build/spack/opt/spack/linux-rhel7-broadwell/gcc-10.2.1/perl-5.34.0-wimaji5zk5vlms3psvdtvmxifnine4nh
[+] /p/vast1/build/spack/opt/spack/linux-rhel7-broadwell/gcc-10.2.1/openssl-1.1.1m-momhhzpwxq3fzqnlqbabquoitiq5d6q6
[+] /p/vast1/build/spack/opt/spack/linux-rhel7-broadwell/gcc-10.2.1/python-3.9.10-6fbgydg7c2bdx4ovimgsqyzucdkrd277
==> Installing ninja-kitware-2iagt4vbljvxdpnluie4sitba2wpe334
==> No binary for ninja-kitware-2iagt4vbljvxdpnluie4sitba2wpe334 found: installing from source
==> No patches needed for ninja
==> ninja: Executing phase: 'configure'
==> ninja: Executing phase: 'install'
==> ninja: Successfully installed ninja-kitware-2iagt4vbljvxdpnluie4sitba2wpe334
  Fetch: 1.98s.  Build: 27.97s.  Total: 29.95s.
[+] /p/vast1/build/spack/opt/spack/linux-rhel7-broadwell/gcc-10.2.1/ninja-kitware-2iagt4vbljvxdpnluie4sitba2wpe334
Testing splicing in (and out) ninja@master
[+] /p/vast1/build/spack/opt/spack/linux-rhel7-broadwell/gcc-10.2.1/libiconv-1.16-glggocpnh7m2dgmtu4fedhbfeessepbe
[+] /p/vast1/build/spack/opt/spack/linux-rhel7-broadwell/gcc-10.2.1/libmd-1.0.4-rooxnv7z75ill3knhg6bxfttmwxdag6i
[+] /p/vast1/build/spack/opt/spack/linux-rhel7-broadwell/gcc-10.2.1/pkgconf-1.8.0-gp2xp6yplvubgic6eunbnl7emqdq3dye
[+] /p/vast1/build/spack/opt/spack/linux-rhel7-broadwell/gcc-10.2.1/xz-5.2.5-d536jz4ora4tt45q72d2lklqr3dqx34m
[+] /p/vast1/build/spack/opt/spack/linux-rhel7-broadwell/gcc-10.2.1/zlib-1.2.11-su2ldy5ofm424qnly3kitbbdgwovpfk4
[+] /p/vast1/build/spack/opt/spack/linux-rhel7-broadwell/gcc-10.2.1/libffi-3.4.2-7vfnd7a5ankpytut3b4oqhktzrcbabfm
[+] /p/vast1/build/spack/opt/spack/linux-rhel7-broadwell/gcc-10.2.1/berkeley-db-18.1.40-c7okyaricn3s5wx6lqo2exspq6tuninj
[+] /p/vast1/build/spack/opt/spack/linux-rhel7-broadwell/gcc-10.2.1/diffutils-3.8-vxb536efq575rjec2zqsyqgsebpspfvs
[+] /p/vast1/build/spack/opt/spack/linux-rhel7-broadwell/gcc-10.2.1/tar-1.34-3g4ty3srw34e6frmd2d2f523hr2pck3g
[+] /p/vast1/build/spack/opt/spack/linux-rhel7-broadwell/gcc-10.2.1/libbsd-0.11.5-yt5rlx2ycq24tyyohhconaxiqgzajzbo
[+] /p/vast1/build/spack/opt/spack/linux-rhel7-broadwell/gcc-10.2.1/ncurses-6.2-2xef6sx47tqatqlceqguyz3rza5okbhy
[+] /p/vast1/build/spack/opt/spack/linux-rhel7-broadwell/gcc-10.2.1/util-linux-uuid-2.37.4-26saxoixdjk3763nksg3ajmdzt5gyubu
[+] /p/vast1/build/spack/opt/spack/linux-rhel7-broadwell/gcc-10.2.1/libxml2-2.9.12-rs3llxgrrh537ywuyzjxyebuzo3gnxpt
[+] /p/vast1/build/spack/opt/spack/linux-rhel7-broadwell/gcc-10.2.1/bzip2-1.0.8-jmjklgubcyryaddwqvzuvzeiq6zfqmst
[+] /p/vast1/build/spack/opt/spack/linux-rhel7-broadwell/gcc-10.2.1/expat-2.4.6-akiducmoeufix2d6beegvgbj5skm36ul
[+] /p/vast1/build/spack/opt/spack/linux-rhel7-broadwell/gcc-10.2.1/readline-8.1-vfjorqgtmqh3rl5ollaj4n2uusx4foez
[+] /p/vast1/build/spack/opt/spack/linux-rhel7-broadwell/gcc-10.2.1/gettext-0.21-zrjvymznliicfcjx4lqkixtjo76ruzmr
[+] /p/vast1/build/spack/opt/spack/linux-rhel7-broadwell/gcc-10.2.1/gdbm-1.19-k5otkqycqsp3sya4vlvqbekdodhy2a2b
[+] /p/vast1/build/spack/opt/spack/linux-rhel7-broadwell/gcc-10.2.1/sqlite-3.37.2-osxyeivy7mdmhjyjwcsm4l7tooho6s2d
[+] /p/vast1/build/spack/opt/spack/linux-rhel7-broadwell/gcc-10.2.1/perl-5.34.0-wimaji5zk5vlms3psvdtvmxifnine4nh
[+] /p/vast1/build/spack/opt/spack/linux-rhel7-broadwell/gcc-10.2.1/openssl-1.1.1m-momhhzpwxq3fzqnlqbabquoitiq5d6q6
[+] /p/vast1/build/spack/opt/spack/linux-rhel7-broadwell/gcc-10.2.1/python-3.9.10-6fbgydg7c2bdx4ovimgsqyzucdkrd277
==> Installing ninja-master-kexl6uml7qnl5yzcyb272gazwjhu5p45
==> No binary for ninja-master-kexl6uml7qnl5yzcyb272gazwjhu5p45 found: installing from source
==> No patches needed for ninja
==> ninja: Executing phase: 'configure'
==> ninja: Executing phase: 'install'
==> ninja: Successfully installed ninja-master-kexl6uml7qnl5yzcyb272gazwjhu5p45
  Fetch: 2.00s.  Build: 32.08s.  Total: 34.08s.
[+] /p/vast1/build/spack/opt/spack/linux-rhel7-broadwell/gcc-10.2.1/ninja-master-kexl6uml7qnl5yzcyb272gazwjhu5p45
Testing splicing in (and out) ninja@1.10.2
[+] /p/vast1/build/spack/opt/spack/linux-rhel7-broadwell/gcc-10.2.1/libiconv-1.16-glggocpnh7m2dgmtu4fedhbfeessepbe
[+] /p/vast1/build/spack/opt/spack/linux-rhel7-broadwell/gcc-10.2.1/libmd-1.0.4-rooxnv7z75ill3knhg6bxfttmwxdag6i
[+] /p/vast1/build/spack/opt/spack/linux-rhel7-broadwell/gcc-10.2.1/pkgconf-1.8.0-gp2xp6yplvubgic6eunbnl7emqdq3dye
[+] /p/vast1/build/spack/opt/spack/linux-rhel7-broadwell/gcc-10.2.1/xz-5.2.5-d536jz4ora4tt45q72d2lklqr3dqx34m
[+] /p/vast1/build/spack/opt/spack/linux-rhel7-broadwell/gcc-10.2.1/zlib-1.2.11-su2ldy5ofm424qnly3kitbbdgwovpfk4
[+] /p/vast1/build/spack/opt/spack/linux-rhel7-broadwell/gcc-10.2.1/libffi-3.4.2-7vfnd7a5ankpytut3b4oqhktzrcbabfm
[+] /p/vast1/build/spack/opt/spack/linux-rhel7-broadwell/gcc-10.2.1/berkeley-db-18.1.40-c7okyaricn3s5wx6lqo2exspq6tuninj
[+] /p/vast1/build/spack/opt/spack/linux-rhel7-broadwell/gcc-10.2.1/diffutils-3.8-vxb536efq575rjec2zqsyqgsebpspfvs
[+] /p/vast1/build/spack/opt/spack/linux-rhel7-broadwell/gcc-10.2.1/tar-1.34-3g4ty3srw34e6frmd2d2f523hr2pck3g
[+] /p/vast1/build/spack/opt/spack/linux-rhel7-broadwell/gcc-10.2.1/libbsd-0.11.5-yt5rlx2ycq24tyyohhconaxiqgzajzbo
[+] /p/vast1/build/spack/opt/spack/linux-rhel7-broadwell/gcc-10.2.1/ncurses-6.2-2xef6sx47tqatqlceqguyz3rza5okbhy
[+] /p/vast1/build/spack/opt/spack/linux-rhel7-broadwell/gcc-10.2.1/util-linux-uuid-2.37.4-26saxoixdjk3763nksg3ajmdzt5gyubu
[+] /p/vast1/build/spack/opt/spack/linux-rhel7-broadwell/gcc-10.2.1/libxml2-2.9.12-rs3llxgrrh537ywuyzjxyebuzo3gnxpt
[+] /p/vast1/build/spack/opt/spack/linux-rhel7-broadwell/gcc-10.2.1/bzip2-1.0.8-jmjklgubcyryaddwqvzuvzeiq6zfqmst
[+] /p/vast1/build/spack/opt/spack/linux-rhel7-broadwell/gcc-10.2.1/expat-2.4.6-akiducmoeufix2d6beegvgbj5skm36ul
[+] /p/vast1/build/spack/opt/spack/linux-rhel7-broadwell/gcc-10.2.1/readline-8.1-vfjorqgtmqh3rl5ollaj4n2uusx4foez
[+] /p/vast1/build/spack/opt/spack/linux-rhel7-broadwell/gcc-10.2.1/gettext-0.21-zrjvymznliicfcjx4lqkixtjo76ruzmr
[+] /p/vast1/build/spack/opt/spack/linux-rhel7-broadwell/gcc-10.2.1/gdbm-1.19-k5otkqycqsp3sya4vlvqbekdodhy2a2b
[+] /p/vast1/build/spack/opt/spack/linux-rhel7-broadwell/gcc-10.2.1/sqlite-3.37.2-osxyeivy7mdmhjyjwcsm4l7tooho6s2d
[+] /p/vast1/build/spack/opt/spack/linux-rhel7-broadwell/gcc-10.2.1/perl-5.34.0-wimaji5zk5vlms3psvdtvmxifnine4nh
[+] /p/vast1/build/spack/opt/spack/linux-rhel7-broadwell/gcc-10.2.1/openssl-1.1.1m-momhhzpwxq3fzqnlqbabquoitiq5d6q6
[+] /p/vast1/build/spack/opt/spack/linux-rhel7-broadwell/gcc-10.2.1/python-3.9.10-6fbgydg7c2bdx4ovimgsqyzucdkrd277
[+] /p/vast1/build/spack/opt/spack/linux-rhel7-broadwell/gcc-10.2.1/ninja-1.10.2-gz47zb62pfc2j5bxcyokbmrxfsmrwsf2
Testing splicing in (and out) ninja@1.10.1
[+] /p/vast1/build/spack/opt/spack/linux-rhel7-broadwell/gcc-10.2.1/libiconv-1.16-glggocpnh7m2dgmtu4fedhbfeessepbe
[+] /p/vast1/build/spack/opt/spack/linux-rhel7-broadwell/gcc-10.2.1/libmd-1.0.4-rooxnv7z75ill3knhg6bxfttmwxdag6i
[+] /p/vast1/build/spack/opt/spack/linux-rhel7-broadwell/gcc-10.2.1/pkgconf-1.8.0-gp2xp6yplvubgic6eunbnl7emqdq3dye
[+] /p/vast1/build/spack/opt/spack/linux-rhel7-broadwell/gcc-10.2.1/xz-5.2.5-d536jz4ora4tt45q72d2lklqr3dqx34m
[+] /p/vast1/build/spack/opt/spack/linux-rhel7-broadwell/gcc-10.2.1/zlib-1.2.11-su2ldy5ofm424qnly3kitbbdgwovpfk4
[+] /p/vast1/build/spack/opt/spack/linux-rhel7-broadwell/gcc-10.2.1/libffi-3.4.2-7vfnd7a5ankpytut3b4oqhktzrcbabfm
[+] /p/vast1/build/spack/opt/spack/linux-rhel7-broadwell/gcc-10.2.1/berkeley-db-18.1.40-c7okyaricn3s5wx6lqo2exspq6tuninj
[+] /p/vast1/build/spack/opt/spack/linux-rhel7-broadwell/gcc-10.2.1/diffutils-3.8-vxb536efq575rjec2zqsyqgsebpspfvs
[+] /p/vast1/build/spack/opt/spack/linux-rhel7-broadwell/gcc-10.2.1/tar-1.34-3g4ty3srw34e6frmd2d2f523hr2pck3g
[+] /p/vast1/build/spack/opt/spack/linux-rhel7-broadwell/gcc-10.2.1/libbsd-0.11.5-yt5rlx2ycq24tyyohhconaxiqgzajzbo
[+] /p/vast1/build/spack/opt/spack/linux-rhel7-broadwell/gcc-10.2.1/ncurses-6.2-2xef6sx47tqatqlceqguyz3rza5okbhy
[+] /p/vast1/build/spack/opt/spack/linux-rhel7-broadwell/gcc-10.2.1/util-linux-uuid-2.37.4-26saxoixdjk3763nksg3ajmdzt5gyubu
[+] /p/vast1/build/spack/opt/spack/linux-rhel7-broadwell/gcc-10.2.1/libxml2-2.9.12-rs3llxgrrh537ywuyzjxyebuzo3gnxpt
[+] /p/vast1/build/spack/opt/spack/linux-rhel7-broadwell/gcc-10.2.1/bzip2-1.0.8-jmjklgubcyryaddwqvzuvzeiq6zfqmst
[+] /p/vast1/build/spack/opt/spack/linux-rhel7-broadwell/gcc-10.2.1/expat-2.4.6-akiducmoeufix2d6beegvgbj5skm36ul
[+] /p/vast1/build/spack/opt/spack/linux-rhel7-broadwell/gcc-10.2.1/readline-8.1-vfjorqgtmqh3rl5ollaj4n2uusx4foez
[+] /p/vast1/build/spack/opt/spack/linux-rhel7-broadwell/gcc-10.2.1/gettext-0.21-zrjvymznliicfcjx4lqkixtjo76ruzmr
[+] /p/vast1/build/spack/opt/spack/linux-rhel7-broadwell/gcc-10.2.1/gdbm-1.19-k5otkqycqsp3sya4vlvqbekdodhy2a2b
[+] /p/vast1/build/spack/opt/spack/linux-rhel7-broadwell/gcc-10.2.1/sqlite-3.37.2-osxyeivy7mdmhjyjwcsm4l7tooho6s2d
[+] /p/vast1/build/spack/opt/spack/linux-rhel7-broadwell/gcc-10.2.1/perl-5.34.0-wimaji5zk5vlms3psvdtvmxifnine4nh
[+] /p/vast1/build/spack/opt/spack/linux-rhel7-broadwell/gcc-10.2.1/openssl-1.1.1m-momhhzpwxq3fzqnlqbabquoitiq5d6q6
[+] /p/vast1/build/spack/opt/spack/linux-rhel7-broadwell/gcc-10.2.1/python-3.9.10-6fbgydg7c2bdx4ovimgsqyzucdkrd277
==> Installing ninja-1.10.1-4il2qow2zegink3f4sb534gujlsy7bxl
==> No binary for ninja-1.10.1-4il2qow2zegink3f4sb534gujlsy7bxl found: installing from source
==> Fetching https://mirror.spack.io/_source-cache/archive/a6/a6b6f7ac360d4aabd54e299cc1d8fa7b234cd81b9401693da21221c62569a23e.tar.gz
==> No patches needed for ninja
==> ninja: Executing phase: 'configure'
==> ninja: Executing phase: 'install'
==> ninja: Successfully installed ninja-1.10.1-4il2qow2zegink3f4sb534gujlsy7bxl
  Fetch: 0.62s.  Build: 29.98s.  Total: 30.60s.
[+] /p/vast1/build/spack/opt/spack/linux-rhel7-broadwell/gcc-10.2.1/ninja-1.10.1-4il2qow2zegink3f4sb534gujlsy7bxl
Testing splicing in (and out) ninja@1.10.0
[+] /p/vast1/build/spack/opt/spack/linux-rhel7-broadwell/gcc-10.2.1/libiconv-1.16-glggocpnh7m2dgmtu4fedhbfeessepbe
[+] /p/vast1/build/spack/opt/spack/linux-rhel7-broadwell/gcc-10.2.1/libmd-1.0.4-rooxnv7z75ill3knhg6bxfttmwxdag6i
[+] /p/vast1/build/spack/opt/spack/linux-rhel7-broadwell/gcc-10.2.1/pkgconf-1.8.0-gp2xp6yplvubgic6eunbnl7emqdq3dye
[+] /p/vast1/build/spack/opt/spack/linux-rhel7-broadwell/gcc-10.2.1/xz-5.2.5-d536jz4ora4tt45q72d2lklqr3dqx34m
[+] /p/vast1/build/spack/opt/spack/linux-rhel7-broadwell/gcc-10.2.1/zlib-1.2.11-su2ldy5ofm424qnly3kitbbdgwovpfk4
[+] /p/vast1/build/spack/opt/spack/linux-rhel7-broadwell/gcc-10.2.1/libffi-3.4.2-7vfnd7a5ankpytut3b4oqhktzrcbabfm
[+] /p/vast1/build/spack/opt/spack/linux-rhel7-broadwell/gcc-10.2.1/berkeley-db-18.1.40-c7okyaricn3s5wx6lqo2exspq6tuninj
[+] /p/vast1/build/spack/opt/spack/linux-rhel7-broadwell/gcc-10.2.1/diffutils-3.8-vxb536efq575rjec2zqsyqgsebpspfvs
[+] /p/vast1/build/spack/opt/spack/linux-rhel7-broadwell/gcc-10.2.1/tar-1.34-3g4ty3srw34e6frmd2d2f523hr2pck3g
[+] /p/vast1/build/spack/opt/spack/linux-rhel7-broadwell/gcc-10.2.1/libbsd-0.11.5-yt5rlx2ycq24tyyohhconaxiqgzajzbo
[+] /p/vast1/build/spack/opt/spack/linux-rhel7-broadwell/gcc-10.2.1/ncurses-6.2-2xef6sx47tqatqlceqguyz3rza5okbhy
[+] /p/vast1/build/spack/opt/spack/linux-rhel7-broadwell/gcc-10.2.1/util-linux-uuid-2.37.4-26saxoixdjk3763nksg3ajmdzt5gyubu
[+] /p/vast1/build/spack/opt/spack/linux-rhel7-broadwell/gcc-10.2.1/libxml2-2.9.12-rs3llxgrrh537ywuyzjxyebuzo3gnxpt
[+] /p/vast1/build/spack/opt/spack/linux-rhel7-broadwell/gcc-10.2.1/bzip2-1.0.8-jmjklgubcyryaddwqvzuvzeiq6zfqmst
[+] /p/vast1/build/spack/opt/spack/linux-rhel7-broadwell/gcc-10.2.1/expat-2.4.6-akiducmoeufix2d6beegvgbj5skm36ul
[+] /p/vast1/build/spack/opt/spack/linux-rhel7-broadwell/gcc-10.2.1/readline-8.1-vfjorqgtmqh3rl5ollaj4n2uusx4foez
[+] /p/vast1/build/spack/opt/spack/linux-rhel7-broadwell/gcc-10.2.1/gettext-0.21-zrjvymznliicfcjx4lqkixtjo76ruzmr
[+] /p/vast1/build/spack/opt/spack/linux-rhel7-broadwell/gcc-10.2.1/gdbm-1.19-k5otkqycqsp3sya4vlvqbekdodhy2a2b
[+] /p/vast1/build/spack/opt/spack/linux-rhel7-broadwell/gcc-10.2.1/sqlite-3.37.2-osxyeivy7mdmhjyjwcsm4l7tooho6s2d
[+] /p/vast1/build/spack/opt/spack/linux-rhel7-broadwell/gcc-10.2.1/perl-5.34.0-wimaji5zk5vlms3psvdtvmxifnine4nh
[+] /p/vast1/build/spack/opt/spack/linux-rhel7-broadwell/gcc-10.2.1/openssl-1.1.1m-momhhzpwxq3fzqnlqbabquoitiq5d6q6
[+] /p/vast1/build/spack/opt/spack/linux-rhel7-broadwell/gcc-10.2.1/python-3.9.10-6fbgydg7c2bdx4ovimgsqyzucdkrd277
==> Installing ninja-1.10.0-pib7d6juecrv4rgaqsf4t4lfp43jludj
==> No binary for ninja-1.10.0-pib7d6juecrv4rgaqsf4t4lfp43jludj found: installing from source
==> Fetching https://mirror.spack.io/_source-cache/archive/38/3810318b08489435f8efc19c05525e80a993af5a55baa0dfeae0465a9d45f99f.tar.gz
==> No patches needed for ninja
==> ninja: Executing phase: 'configure'
==> ninja: Executing phase: 'install'
==> ninja: Successfully installed ninja-1.10.0-pib7d6juecrv4rgaqsf4t4lfp43jludj
  Fetch: 0.76s.  Build: 28.83s.  Total: 29.59s.
[+] /p/vast1/build/spack/opt/spack/linux-rhel7-broadwell/gcc-10.2.1/ninja-1.10.0-pib7d6juecrv4rgaqsf4t4lfp43jludj
Testing splicing in (and out) ninja@1.9.0
[+] /p/vast1/build/spack/opt/spack/linux-rhel7-broadwell/gcc-10.2.1/libiconv-1.16-glggocpnh7m2dgmtu4fedhbfeessepbe
[+] /p/vast1/build/spack/opt/spack/linux-rhel7-broadwell/gcc-10.2.1/libmd-1.0.4-rooxnv7z75ill3knhg6bxfttmwxdag6i
[+] /p/vast1/build/spack/opt/spack/linux-rhel7-broadwell/gcc-10.2.1/pkgconf-1.8.0-gp2xp6yplvubgic6eunbnl7emqdq3dye
[+] /p/vast1/build/spack/opt/spack/linux-rhel7-broadwell/gcc-10.2.1/xz-5.2.5-d536jz4ora4tt45q72d2lklqr3dqx34m
[+] /p/vast1/build/spack/opt/spack/linux-rhel7-broadwell/gcc-10.2.1/zlib-1.2.11-su2ldy5ofm424qnly3kitbbdgwovpfk4
[+] /p/vast1/build/spack/opt/spack/linux-rhel7-broadwell/gcc-10.2.1/libffi-3.4.2-7vfnd7a5ankpytut3b4oqhktzrcbabfm
[+] /p/vast1/build/spack/opt/spack/linux-rhel7-broadwell/gcc-10.2.1/berkeley-db-18.1.40-c7okyaricn3s5wx6lqo2exspq6tuninj
[+] /p/vast1/build/spack/opt/spack/linux-rhel7-broadwell/gcc-10.2.1/diffutils-3.8-vxb536efq575rjec2zqsyqgsebpspfvs
[+] /p/vast1/build/spack/opt/spack/linux-rhel7-broadwell/gcc-10.2.1/tar-1.34-3g4ty3srw34e6frmd2d2f523hr2pck3g
[+] /p/vast1/build/spack/opt/spack/linux-rhel7-broadwell/gcc-10.2.1/libbsd-0.11.5-yt5rlx2ycq24tyyohhconaxiqgzajzbo
[+] /p/vast1/build/spack/opt/spack/linux-rhel7-broadwell/gcc-10.2.1/ncurses-6.2-2xef6sx47tqatqlceqguyz3rza5okbhy
[+] /p/vast1/build/spack/opt/spack/linux-rhel7-broadwell/gcc-10.2.1/util-linux-uuid-2.37.4-26saxoixdjk3763nksg3ajmdzt5gyubu
[+] /p/vast1/build/spack/opt/spack/linux-rhel7-broadwell/gcc-10.2.1/libxml2-2.9.12-rs3llxgrrh537ywuyzjxyebuzo3gnxpt
[+] /p/vast1/build/spack/opt/spack/linux-rhel7-broadwell/gcc-10.2.1/bzip2-1.0.8-jmjklgubcyryaddwqvzuvzeiq6zfqmst
[+] /p/vast1/build/spack/opt/spack/linux-rhel7-broadwell/gcc-10.2.1/expat-2.4.6-akiducmoeufix2d6beegvgbj5skm36ul
[+] /p/vast1/build/spack/opt/spack/linux-rhel7-broadwell/gcc-10.2.1/readline-8.1-vfjorqgtmqh3rl5ollaj4n2uusx4foez
[+] /p/vast1/build/spack/opt/spack/linux-rhel7-broadwell/gcc-10.2.1/gettext-0.21-zrjvymznliicfcjx4lqkixtjo76ruzmr
[+] /p/vast1/build/spack/opt/spack/linux-rhel7-broadwell/gcc-10.2.1/gdbm-1.19-k5otkqycqsp3sya4vlvqbekdodhy2a2b
[+] /p/vast1/build/spack/opt/spack/linux-rhel7-broadwell/gcc-10.2.1/sqlite-3.37.2-osxyeivy7mdmhjyjwcsm4l7tooho6s2d
[+] /p/vast1/build/spack/opt/spack/linux-rhel7-broadwell/gcc-10.2.1/perl-5.34.0-wimaji5zk5vlms3psvdtvmxifnine4nh
[+] /p/vast1/build/spack/opt/spack/linux-rhel7-broadwell/gcc-10.2.1/openssl-1.1.1m-momhhzpwxq3fzqnlqbabquoitiq5d6q6
[+] /p/vast1/build/spack/opt/spack/linux-rhel7-broadwell/gcc-10.2.1/python-3.9.10-6fbgydg7c2bdx4ovimgsqyzucdkrd277
==> Installing ninja-1.9.0-e4aa3tjfpwtbm2abeoewfe24ewet6itn
==> No binary for ninja-1.9.0-e4aa3tjfpwtbm2abeoewfe24ewet6itn found: installing from source
==> Fetching https://mirror.spack.io/_source-cache/archive/5d/5d7ec75828f8d3fd1a0c2f31b5b0cea780cdfe1031359228c428c1a48bfcd5b9.tar.gz
==> No patches needed for ninja
==> ninja: Executing phase: 'configure'
==> ninja: Executing phase: 'install'
==> ninja: Successfully installed ninja-1.9.0-e4aa3tjfpwtbm2abeoewfe24ewet6itn
  Fetch: 0.63s.  Build: 24.81s.  Total: 25.44s.
[+] /p/vast1/build/spack/opt/spack/linux-rhel7-broadwell/gcc-10.2.1/ninja-1.9.0-e4aa3tjfpwtbm2abeoewfe24ewet6itn
Testing splicing in (and out) ninja@1.8.2
[+] /p/vast1/build/spack/opt/spack/linux-rhel7-broadwell/gcc-10.2.1/libiconv-1.16-glggocpnh7m2dgmtu4fedhbfeessepbe
[+] /p/vast1/build/spack/opt/spack/linux-rhel7-broadwell/gcc-10.2.1/libmd-1.0.4-rooxnv7z75ill3knhg6bxfttmwxdag6i
[+] /p/vast1/build/spack/opt/spack/linux-rhel7-broadwell/gcc-10.2.1/pkgconf-1.8.0-gp2xp6yplvubgic6eunbnl7emqdq3dye
[+] /p/vast1/build/spack/opt/spack/linux-rhel7-broadwell/gcc-10.2.1/xz-5.2.5-d536jz4ora4tt45q72d2lklqr3dqx34m
[+] /p/vast1/build/spack/opt/spack/linux-rhel7-broadwell/gcc-10.2.1/zlib-1.2.11-su2ldy5ofm424qnly3kitbbdgwovpfk4
[+] /p/vast1/build/spack/opt/spack/linux-rhel7-broadwell/gcc-10.2.1/libffi-3.4.2-7vfnd7a5ankpytut3b4oqhktzrcbabfm
[+] /p/vast1/build/spack/opt/spack/linux-rhel7-broadwell/gcc-10.2.1/berkeley-db-18.1.40-c7okyaricn3s5wx6lqo2exspq6tuninj
[+] /p/vast1/build/spack/opt/spack/linux-rhel7-broadwell/gcc-10.2.1/diffutils-3.8-vxb536efq575rjec2zqsyqgsebpspfvs
[+] /p/vast1/build/spack/opt/spack/linux-rhel7-broadwell/gcc-10.2.1/tar-1.34-3g4ty3srw34e6frmd2d2f523hr2pck3g
[+] /p/vast1/build/spack/opt/spack/linux-rhel7-broadwell/gcc-10.2.1/libbsd-0.11.5-yt5rlx2ycq24tyyohhconaxiqgzajzbo
[+] /p/vast1/build/spack/opt/spack/linux-rhel7-broadwell/gcc-10.2.1/ncurses-6.2-2xef6sx47tqatqlceqguyz3rza5okbhy
[+] /p/vast1/build/spack/opt/spack/linux-rhel7-broadwell/gcc-10.2.1/util-linux-uuid-2.37.4-26saxoixdjk3763nksg3ajmdzt5gyubu
[+] /p/vast1/build/spack/opt/spack/linux-rhel7-broadwell/gcc-10.2.1/libxml2-2.9.12-rs3llxgrrh537ywuyzjxyebuzo3gnxpt
[+] /p/vast1/build/spack/opt/spack/linux-rhel7-broadwell/gcc-10.2.1/bzip2-1.0.8-jmjklgubcyryaddwqvzuvzeiq6zfqmst
[+] /p/vast1/build/spack/opt/spack/linux-rhel7-broadwell/gcc-10.2.1/expat-2.4.6-akiducmoeufix2d6beegvgbj5skm36ul
[+] /p/vast1/build/spack/opt/spack/linux-rhel7-broadwell/gcc-10.2.1/readline-8.1-vfjorqgtmqh3rl5ollaj4n2uusx4foez
[+] /p/vast1/build/spack/opt/spack/linux-rhel7-broadwell/gcc-10.2.1/gettext-0.21-zrjvymznliicfcjx4lqkixtjo76ruzmr
[+] /p/vast1/build/spack/opt/spack/linux-rhel7-broadwell/gcc-10.2.1/gdbm-1.19-k5otkqycqsp3sya4vlvqbekdodhy2a2b
[+] /p/vast1/build/spack/opt/spack/linux-rhel7-broadwell/gcc-10.2.1/sqlite-3.37.2-osxyeivy7mdmhjyjwcsm4l7tooho6s2d
[+] /p/vast1/build/spack/opt/spack/linux-rhel7-broadwell/gcc-10.2.1/perl-5.34.0-wimaji5zk5vlms3psvdtvmxifnine4nh
[+] /p/vast1/build/spack/opt/spack/linux-rhel7-broadwell/gcc-10.2.1/openssl-1.1.1m-momhhzpwxq3fzqnlqbabquoitiq5d6q6
[+] /p/vast1/build/spack/opt/spack/linux-rhel7-broadwell/gcc-10.2.1/python-3.9.10-6fbgydg7c2bdx4ovimgsqyzucdkrd277
==> Installing ninja-1.8.2-levlgopxrasstnljr4y4xdnjr36qc3xj
==> No binary for ninja-1.8.2-levlgopxrasstnljr4y4xdnjr36qc3xj found: installing from source
==> Fetching https://mirror.spack.io/_source-cache/archive/86/86b8700c3d0880c2b44c2ff67ce42774aaf8c28cbf57725cb881569288c1c6f4.tar.gz
==> No patches needed for ninja
==> ninja: Executing phase: 'configure'
==> ninja: Executing phase: 'install'
==> ninja: Successfully installed ninja-1.8.2-levlgopxrasstnljr4y4xdnjr36qc3xj
  Fetch: 0.78s.  Build: 25.90s.  Total: 26.68s.
[+] /p/vast1/build/spack/opt/spack/linux-rhel7-broadwell/gcc-10.2.1/ninja-1.8.2-levlgopxrasstnljr4y4xdnjr36qc3xj
Testing splicing in (and out) ninja@1.7.2
[+] /p/vast1/build/spack/opt/spack/linux-rhel7-broadwell/gcc-10.2.1/libiconv-1.16-glggocpnh7m2dgmtu4fedhbfeessepbe
[+] /p/vast1/build/spack/opt/spack/linux-rhel7-broadwell/gcc-10.2.1/libmd-1.0.4-rooxnv7z75ill3knhg6bxfttmwxdag6i
[+] /p/vast1/build/spack/opt/spack/linux-rhel7-broadwell/gcc-10.2.1/pkgconf-1.8.0-gp2xp6yplvubgic6eunbnl7emqdq3dye
[+] /p/vast1/build/spack/opt/spack/linux-rhel7-broadwell/gcc-10.2.1/xz-5.2.5-d536jz4ora4tt45q72d2lklqr3dqx34m
[+] /p/vast1/build/spack/opt/spack/linux-rhel7-broadwell/gcc-10.2.1/zlib-1.2.11-su2ldy5ofm424qnly3kitbbdgwovpfk4
[+] /p/vast1/build/spack/opt/spack/linux-rhel7-broadwell/gcc-10.2.1/libffi-3.4.2-7vfnd7a5ankpytut3b4oqhktzrcbabfm
[+] /p/vast1/build/spack/opt/spack/linux-rhel7-broadwell/gcc-10.2.1/berkeley-db-18.1.40-c7okyaricn3s5wx6lqo2exspq6tuninj
[+] /p/vast1/build/spack/opt/spack/linux-rhel7-broadwell/gcc-10.2.1/diffutils-3.8-vxb536efq575rjec2zqsyqgsebpspfvs
[+] /p/vast1/build/spack/opt/spack/linux-rhel7-broadwell/gcc-10.2.1/tar-1.34-3g4ty3srw34e6frmd2d2f523hr2pck3g
[+] /p/vast1/build/spack/opt/spack/linux-rhel7-broadwell/gcc-10.2.1/libbsd-0.11.5-yt5rlx2ycq24tyyohhconaxiqgzajzbo
[+] /p/vast1/build/spack/opt/spack/linux-rhel7-broadwell/gcc-10.2.1/ncurses-6.2-2xef6sx47tqatqlceqguyz3rza5okbhy
[+] /p/vast1/build/spack/opt/spack/linux-rhel7-broadwell/gcc-10.2.1/util-linux-uuid-2.37.4-26saxoixdjk3763nksg3ajmdzt5gyubu
[+] /p/vast1/build/spack/opt/spack/linux-rhel7-broadwell/gcc-10.2.1/libxml2-2.9.12-rs3llxgrrh537ywuyzjxyebuzo3gnxpt
[+] /p/vast1/build/spack/opt/spack/linux-rhel7-broadwell/gcc-10.2.1/bzip2-1.0.8-jmjklgubcyryaddwqvzuvzeiq6zfqmst
[+] /p/vast1/build/spack/opt/spack/linux-rhel7-broadwell/gcc-10.2.1/expat-2.4.6-akiducmoeufix2d6beegvgbj5skm36ul
[+] /p/vast1/build/spack/opt/spack/linux-rhel7-broadwell/gcc-10.2.1/readline-8.1-vfjorqgtmqh3rl5ollaj4n2uusx4foez
[+] /p/vast1/build/spack/opt/spack/linux-rhel7-broadwell/gcc-10.2.1/gettext-0.21-zrjvymznliicfcjx4lqkixtjo76ruzmr
[+] /p/vast1/build/spack/opt/spack/linux-rhel7-broadwell/gcc-10.2.1/gdbm-1.19-k5otkqycqsp3sya4vlvqbekdodhy2a2b
[+] /p/vast1/build/spack/opt/spack/linux-rhel7-broadwell/gcc-10.2.1/sqlite-3.37.2-osxyeivy7mdmhjyjwcsm4l7tooho6s2d
[+] /p/vast1/build/spack/opt/spack/linux-rhel7-broadwell/gcc-10.2.1/perl-5.34.0-wimaji5zk5vlms3psvdtvmxifnine4nh
[+] /p/vast1/build/spack/opt/spack/linux-rhel7-broadwell/gcc-10.2.1/openssl-1.1.1m-momhhzpwxq3fzqnlqbabquoitiq5d6q6
[+] /p/vast1/build/spack/opt/spack/linux-rhel7-broadwell/gcc-10.2.1/python-3.9.10-6fbgydg7c2bdx4ovimgsqyzucdkrd277
==> Installing ninja-1.7.2-x32icwj2uqb22epki35xt7ixocakup7n
==> No binary for ninja-1.7.2-x32icwj2uqb22epki35xt7ixocakup7n found: installing from source
==> Fetching https://mirror.spack.io/_source-cache/archive/2e/2edda0a5421ace3cf428309211270772dd35a91af60c96f93f90df6bc41b16d9.tar.gz
==> No patches needed for ninja
==> ninja: Executing phase: 'configure'
==> ninja: Executing phase: 'install'
==> ninja: Successfully installed ninja-1.7.2-x32icwj2uqb22epki35xt7ixocakup7n
  Fetch: 0.97s.  Build: 22.87s.  Total: 23.83s.
[+] /p/vast1/build/spack/opt/spack/linux-rhel7-broadwell/gcc-10.2.1/ninja-1.7.2-x32icwj2uqb22epki35xt7ixocakup7n
Testing splicing in (and out) ninja@1.6.0
[+] /p/vast1/build/spack/opt/spack/linux-rhel7-broadwell/gcc-10.2.1/libiconv-1.16-glggocpnh7m2dgmtu4fedhbfeessepbe
[+] /p/vast1/build/spack/opt/spack/linux-rhel7-broadwell/gcc-10.2.1/libmd-1.0.4-rooxnv7z75ill3knhg6bxfttmwxdag6i
[+] /p/vast1/build/spack/opt/spack/linux-rhel7-broadwell/gcc-10.2.1/pkgconf-1.8.0-gp2xp6yplvubgic6eunbnl7emqdq3dye
[+] /p/vast1/build/spack/opt/spack/linux-rhel7-broadwell/gcc-10.2.1/xz-5.2.5-d536jz4ora4tt45q72d2lklqr3dqx34m
[+] /p/vast1/build/spack/opt/spack/linux-rhel7-broadwell/gcc-10.2.1/zlib-1.2.11-su2ldy5ofm424qnly3kitbbdgwovpfk4
[+] /p/vast1/build/spack/opt/spack/linux-rhel7-broadwell/gcc-10.2.1/libffi-3.4.2-7vfnd7a5ankpytut3b4oqhktzrcbabfm
[+] /p/vast1/build/spack/opt/spack/linux-rhel7-broadwell/gcc-10.2.1/berkeley-db-18.1.40-c7okyaricn3s5wx6lqo2exspq6tuninj
[+] /p/vast1/build/spack/opt/spack/linux-rhel7-broadwell/gcc-10.2.1/diffutils-3.8-vxb536efq575rjec2zqsyqgsebpspfvs
[+] /p/vast1/build/spack/opt/spack/linux-rhel7-broadwell/gcc-10.2.1/tar-1.34-3g4ty3srw34e6frmd2d2f523hr2pck3g
[+] /p/vast1/build/spack/opt/spack/linux-rhel7-broadwell/gcc-10.2.1/libbsd-0.11.5-yt5rlx2ycq24tyyohhconaxiqgzajzbo
[+] /p/vast1/build/spack/opt/spack/linux-rhel7-broadwell/gcc-10.2.1/ncurses-6.2-2xef6sx47tqatqlceqguyz3rza5okbhy
[+] /p/vast1/build/spack/opt/spack/linux-rhel7-broadwell/gcc-10.2.1/util-linux-uuid-2.37.4-26saxoixdjk3763nksg3ajmdzt5gyubu
[+] /p/vast1/build/spack/opt/spack/linux-rhel7-broadwell/gcc-10.2.1/libxml2-2.9.12-rs3llxgrrh537ywuyzjxyebuzo3gnxpt
[+] /p/vast1/build/spack/opt/spack/linux-rhel7-broadwell/gcc-10.2.1/bzip2-1.0.8-jmjklgubcyryaddwqvzuvzeiq6zfqmst
[+] /p/vast1/build/spack/opt/spack/linux-rhel7-broadwell/gcc-10.2.1/expat-2.4.6-akiducmoeufix2d6beegvgbj5skm36ul
[+] /p/vast1/build/spack/opt/spack/linux-rhel7-broadwell/gcc-10.2.1/readline-8.1-vfjorqgtmqh3rl5ollaj4n2uusx4foez
[+] /p/vast1/build/spack/opt/spack/linux-rhel7-broadwell/gcc-10.2.1/gettext-0.21-zrjvymznliicfcjx4lqkixtjo76ruzmr
[+] /p/vast1/build/spack/opt/spack/linux-rhel7-broadwell/gcc-10.2.1/gdbm-1.19-k5otkqycqsp3sya4vlvqbekdodhy2a2b
[+] /p/vast1/build/spack/opt/spack/linux-rhel7-broadwell/gcc-10.2.1/sqlite-3.37.2-osxyeivy7mdmhjyjwcsm4l7tooho6s2d
[+] /p/vast1/build/spack/opt/spack/linux-rhel7-broadwell/gcc-10.2.1/perl-5.34.0-wimaji5zk5vlms3psvdtvmxifnine4nh
[+] /p/vast1/build/spack/opt/spack/linux-rhel7-broadwell/gcc-10.2.1/openssl-1.1.1m-momhhzpwxq3fzqnlqbabquoitiq5d6q6
[+] /p/vast1/build/spack/opt/spack/linux-rhel7-broadwell/gcc-10.2.1/python-3.9.10-6fbgydg7c2bdx4ovimgsqyzucdkrd277
==> Installing ninja-1.6.0-cfxydl4qt24tsygzoxeqv2lzp2xzvpca
==> No binary for ninja-1.6.0-cfxydl4qt24tsygzoxeqv2lzp2xzvpca found: installing from source
==> Fetching https://mirror.spack.io/_source-cache/archive/b4/b43e88fb068fe4d92a3dfd9eb4d19755dae5c33415db2e9b7b61b4659009cde7.tar.gz
==> No patches needed for ninja
==> ninja: Executing phase: 'configure'
==> ninja: Executing phase: 'install'
==> ninja: Successfully installed ninja-1.6.0-cfxydl4qt24tsygzoxeqv2lzp2xzvpca
  Fetch: 1.01s.  Build: 23.35s.  Total: 24.35s.
[+] /p/vast1/build/spack/opt/spack/linux-rhel7-broadwell/gcc-10.2.1/ninja-1.6.0-cfxydl4qt24tsygzoxeqv2lzp2xzvpca
