==> Warning: Missing a source id for llvm-openmp-ompt@tr6_forwards
==> Warning: pcre-8.44-lxo5u6idberuvszo4i25b6yd2rr4xmhh failed to install
==> Warning: Skipping build of swig-4.0.2-e6fiypiqu2ddcc4cw2j5jricvo5d3khx since pcre-8.44-lxo5u6idberuvszo4i25b6yd2rr4xmhh failed
==> Warning: Skipping build of llvm-8.0.0-os3muxuco45ceyjakvumahfvp6rocd3i since swig-4.0.2-e6fiypiqu2ddcc4cw2j5jricvo5d3khx failed
==> Warning: Skipping build of archer-1.0.0-6y3ev7vcfsqkdt3o3mult5fv6cskcne4 since llvm-8.0.0-os3muxuco45ceyjakvumahfvp6rocd3i failed
==> Warning: Skipping build of llvm-openmp-ompt-tr6_forwards-wza5txvawwihrjqi3kpnfszgdgeeaj47 since llvm-8.0.0-os3muxuco45ceyjakvumahfvp6rocd3i failed
==> Error: archer-1.0.0-6y3ev7vcfsqkdt3o3mult5fv6cskcne4: Package was not installed
Making predictions for symbolator
Making predictions for libabigail
Making predictions for actual
/var/spool/slurmd/job99966/slurm_script: line 12: 16744 Killed                  spliced splice --package archer@1.0.0 --splice ninja --runner spack --replace ninja --experiment experiment --outfile /p/vast1/build/spliced-experiment/results/archer/1.0.0/ninja/experiment.json
==> Warning: Missing a source id for llvm-openmp-ompt@tr6_forwards
==> Warning: archer-1.0.0-tfnwroz3y6wmi2pvqrek7cf2pybchcmd failed to install
==> Warning: AssertionError exception when releasing read lock for archer-1.0.0-tfnwroz3y6wmi2pvqrek7cf2pybchcmd: 
==> Error: archer-1.0.0-tfnwroz3y6wmi2pvqrek7cf2pybchcmd: Package was not installed
Making predictions for spack-test
Making predictions for symbolator
Making predictions for libabigail
abicompat not found on path, will look for spack instead.
Making predictions for actual
