Concretizing nrm@0.1.0
[+] /p/vast1/build/spack/opt/spack/linux-rhel7-broadwell/gcc-10.2.1/libiconv-1.16-glggocpnh7m2dgmtu4fedhbfeessepbe
[+] /p/vast1/build/spack/opt/spack/linux-rhel7-broadwell/gcc-10.2.1/libmd-1.0.4-rooxnv7z75ill3knhg6bxfttmwxdag6i
[+] /p/vast1/build/spack/opt/spack/linux-rhel7-broadwell/gcc-10.2.1/pkgconf-1.8.0-gp2xp6yplvubgic6eunbnl7emqdq3dye
[+] /p/vast1/build/spack/opt/spack/linux-rhel7-broadwell/gcc-10.2.1/xz-5.2.5-d536jz4ora4tt45q72d2lklqr3dqx34m
[+] /p/vast1/build/spack/opt/spack/linux-rhel7-broadwell/gcc-10.2.1/zlib-1.2.11-su2ldy5ofm424qnly3kitbbdgwovpfk4
[+] /p/vast1/build/spack/opt/spack/linux-rhel7-broadwell/gcc-10.2.1/libffi-3.4.2-7vfnd7a5ankpytut3b4oqhktzrcbabfm
[+] /p/vast1/build/spack/opt/spack/linux-rhel7-broadwell/gcc-10.2.1/berkeley-db-18.1.40-c7okyaricn3s5wx6lqo2exspq6tuninj
==> Installing libyaml-0.2.5-6i24u6vb3p5zhrlg2z2u5yuitds55263
==> No binary for libyaml-0.2.5-6i24u6vb3p5zhrlg2z2u5yuitds55263 found: installing from source
==> Fetching https://mirror.spack.io/_source-cache/archive/c6/c642ae9b75fee120b2d96c712538bd2cf283228d2337df2cf2988e3c02678ef4.tar.gz
==> No patches needed for libyaml
==> libyaml: Executing phase: 'autoreconf'
==> libyaml: Executing phase: 'configure'
==> libyaml: Executing phase: 'build'
==> libyaml: Executing phase: 'install'
==> libyaml: Successfully installed libyaml-0.2.5-6i24u6vb3p5zhrlg2z2u5yuitds55263
  Fetch: 1.89s.  Build: 15.10s.  Total: 16.99s.
[+] /p/vast1/build/spack/opt/spack/linux-rhel7-broadwell/gcc-10.2.1/libyaml-0.2.5-6i24u6vb3p5zhrlg2z2u5yuitds55263
[+] /p/vast1/build/spack/opt/spack/linux-rhel7-broadwell/gcc-10.2.1/diffutils-3.8-vxb536efq575rjec2zqsyqgsebpspfvs
[+] /p/vast1/build/spack/opt/spack/linux-rhel7-broadwell/gcc-10.2.1/tar-1.34-3g4ty3srw34e6frmd2d2f523hr2pck3g
[+] /p/vast1/build/spack/opt/spack/linux-rhel7-broadwell/gcc-10.2.1/libbsd-0.11.5-yt5rlx2ycq24tyyohhconaxiqgzajzbo
[+] /p/vast1/build/spack/opt/spack/linux-rhel7-broadwell/gcc-10.2.1/util-linux-uuid-2.37.4-26saxoixdjk3763nksg3ajmdzt5gyubu
[+] /p/vast1/build/spack/opt/spack/linux-rhel7-broadwell/gcc-10.2.1/ncurses-6.2-2xef6sx47tqatqlceqguyz3rza5okbhy
[+] /p/vast1/build/spack/opt/spack/linux-rhel7-broadwell/gcc-10.2.1/libxml2-2.9.12-rs3llxgrrh537ywuyzjxyebuzo3gnxpt
[+] /p/vast1/build/spack/opt/spack/linux-rhel7-broadwell/gcc-10.2.1/bzip2-1.0.8-jmjklgubcyryaddwqvzuvzeiq6zfqmst
[+] /p/vast1/build/spack/opt/spack/linux-rhel7-broadwell/gcc-10.2.1/expat-2.4.6-akiducmoeufix2d6beegvgbj5skm36ul
[+] /p/vast1/build/spack/opt/spack/linux-rhel7-broadwell/gcc-10.2.1/readline-8.1-vfjorqgtmqh3rl5ollaj4n2uusx4foez
[+] /p/vast1/build/spack/opt/spack/linux-rhel7-broadwell/gcc-10.2.1/docbook-xml-4.5-2kwugpxqn27v76eaekas26tepsnb6scm
[+] /p/vast1/build/spack/opt/spack/linux-rhel7-broadwell/gcc-10.2.1/gettext-0.21-zrjvymznliicfcjx4lqkixtjo76ruzmr
[+] /p/vast1/build/spack/opt/spack/linux-rhel7-broadwell/gcc-10.2.1/gdbm-1.19-k5otkqycqsp3sya4vlvqbekdodhy2a2b
[+] /p/vast1/build/spack/opt/spack/linux-rhel7-broadwell/gcc-10.2.1/sqlite-3.37.2-osxyeivy7mdmhjyjwcsm4l7tooho6s2d
[+] /p/vast1/build/spack/opt/spack/linux-rhel7-broadwell/gcc-10.2.1/perl-5.34.0-wimaji5zk5vlms3psvdtvmxifnine4nh
[+] /p/vast1/build/spack/opt/spack/linux-rhel7-broadwell/gcc-10.2.1/openssl-1.1.1m-momhhzpwxq3fzqnlqbabquoitiq5d6q6
[+] /p/vast1/build/spack/opt/spack/linux-rhel7-broadwell/gcc-10.2.1/openblas-0.3.19-jubz2yn2ui3jzqphbt3w2jyqt2pwvz7f
==> Installing python-3.8.12-mk6fh4mmk44yg56krxkvawwx2327d7jx
==> No binary for python-3.8.12-mk6fh4mmk44yg56krxkvawwx2327d7jx found: installing from source
==> Using cached archive: /p/vast1/build/spack/var/spack/cache/_source-cache/archive/31/316aa33f3b7707d041e73f246efedb297a70898c4b91f127f66dc8d80c596f1a.tgz
==> Applied patch /p/vast1/build/spack/var/spack/repos/builtin/packages/python/python-3.7.4+-distutils-C++.patch
==> Applied patch /p/vast1/build/spack/var/spack/repos/builtin/packages/python/python-3.7.4+-distutils-C++-testsuite.patch
==> Applied patch /p/vast1/build/spack/var/spack/repos/builtin/packages/python/tkinter-3.8.patch
==> Ran patch() for python
==> python: Executing phase: 'autoreconf'
==> python: Executing phase: 'configure'
==> python: Executing phase: 'build'
==> python: Executing phase: 'install'
==> python: Successfully installed python-3.8.12-mk6fh4mmk44yg56krxkvawwx2327d7jx
  Fetch: 0.10s.  Build: 5m 12.61s.  Total: 5m 12.70s.
[+] /p/vast1/build/spack/opt/spack/linux-rhel7-broadwell/gcc-10.2.1/python-3.8.12-mk6fh4mmk44yg56krxkvawwx2327d7jx
[+] /p/vast1/build/spack/opt/spack/linux-rhel7-broadwell/gcc-10.2.1/cmake-3.22.2-7oku4yd37mfoi65gi3alunjbl35euphw
[+] /p/vast1/build/spack/opt/spack/linux-rhel7-broadwell/gcc-10.2.1/docbook-xsl-1.79.2-ow62ptowj7uqofx4rtmjv3ankoo5tupw
[+] /p/vast1/build/spack/opt/spack/linux-rhel7-broadwell/gcc-10.2.1/libsodium-1.0.18-tdd6i4iwxq5mql3cuwnardlk5vjz2ehr
==> Installing py-pip-21.3.1-menmuyltkndtenynqll6oem723xpo6mx
==> No binary for py-pip-21.3.1-menmuyltkndtenynqll6oem723xpo6mx found: installing from source
==> Fetching https://mirror.spack.io/_source-cache/archive/de/deaf32dcd9ab821e359cd8330786bcd077604b5c5730c0b096eda46f95c24a2d
==> No patches needed for py-pip
==> py-pip: Executing phase: 'install'
==> py-pip: Successfully installed py-pip-21.3.1-menmuyltkndtenynqll6oem723xpo6mx
  Fetch: 2.22s.  Build: 10.42s.  Total: 12.65s.
[+] /p/vast1/build/spack/opt/spack/linux-rhel7-broadwell/gcc-10.2.1/py-pip-21.3.1-menmuyltkndtenynqll6oem723xpo6mx
[+] /p/vast1/build/spack/opt/spack/linux-rhel7-broadwell/gcc-10.2.1/libzmq-4.3.4-fqtryno4zlelddu3pj4cexkeorwlsxjq
==> Installing py-wheel-0.37.0-e4mt6fe7jkzuvfwhhqf4wbrcychvlmr4
==> No binary for py-wheel-0.37.0-e4mt6fe7jkzuvfwhhqf4wbrcychvlmr4 found: installing from source
==> Fetching https://mirror.spack.io/_source-cache/archive/21/21014b2bd93c6d0034b6ba5d35e4eb284340e09d63c59aef6fc14b0f346146fd
==> No patches needed for py-wheel
==> py-wheel: Executing phase: 'install'
==> py-wheel: Successfully installed py-wheel-0.37.0-e4mt6fe7jkzuvfwhhqf4wbrcychvlmr4
  Fetch: 1.42s.  Build: 2.35s.  Total: 3.77s.
[+] /p/vast1/build/spack/opt/spack/linux-rhel7-broadwell/gcc-10.2.1/py-wheel-0.37.0-e4mt6fe7jkzuvfwhhqf4wbrcychvlmr4
==> Installing py-setuptools-59.4.0-hsdjhjl4tss6r4karycay4bn3det7ybb
==> No binary for py-setuptools-59.4.0-hsdjhjl4tss6r4karycay4bn3det7ybb found: installing from source
==> Fetching https://mirror.spack.io/_source-cache/archive/b4/b4c634615a0cf5b02cf83c7bedffc8da0ca439f00e79452699454da6fbd4153d.tar.gz
==> No patches needed for py-setuptools
==> py-setuptools: Executing phase: 'install'
==> py-setuptools: Successfully installed py-setuptools-59.4.0-hsdjhjl4tss6r4karycay4bn3det7ybb
  Fetch: 2.45s.  Build: 6.29s.  Total: 8.73s.
[+] /p/vast1/build/spack/opt/spack/linux-rhel7-broadwell/gcc-10.2.1/py-setuptools-59.4.0-hsdjhjl4tss6r4karycay4bn3det7ybb
[+] /p/vast1/build/spack/opt/spack/linux-rhel7-broadwell/gcc-10.2.1/py-tomli-1.2.2-llbknnyigx26sawharhph35n23vieyrg
==> Installing py-six-1.16.0-ef4sun6fegema5abei6xhpd4bdplzi7m
==> No binary for py-six-1.16.0-ef4sun6fegema5abei6xhpd4bdplzi7m found: installing from source
==> Fetching https://mirror.spack.io/_source-cache/archive/1e/1e61c37477a1626458e36f7b1d82aa5c9b094fa4802892072e49de9c60c4c926.tar.gz
==> No patches needed for py-six
==> py-six: Executing phase: 'install'
==> py-six: Successfully installed py-six-1.16.0-ef4sun6fegema5abei6xhpd4bdplzi7m
  Fetch: 1.32s.  Build: 3.26s.  Total: 4.58s.
[+] /p/vast1/build/spack/opt/spack/linux-rhel7-broadwell/gcc-10.2.1/py-six-1.16.0-ef4sun6fegema5abei6xhpd4bdplzi7m
Concretizing nrm@0.1.0
[+] /p/vast1/build/spack/opt/spack/linux-rhel7-broadwell/gcc-10.2.1/libiconv-1.16-glggocpnh7m2dgmtu4fedhbfeessepbe
[+] /p/vast1/build/spack/opt/spack/linux-rhel7-broadwell/gcc-10.2.1/libmd-1.0.4-rooxnv7z75ill3knhg6bxfttmwxdag6i
[+] /p/vast1/build/spack/opt/spack/linux-rhel7-broadwell/gcc-10.2.1/pkgconf-1.8.0-gp2xp6yplvubgic6eunbnl7emqdq3dye
[+] /p/vast1/build/spack/opt/spack/linux-rhel7-broadwell/gcc-10.2.1/xz-5.2.5-d536jz4ora4tt45q72d2lklqr3dqx34m
[+] /p/vast1/build/spack/opt/spack/linux-rhel7-broadwell/gcc-10.2.1/zlib-1.2.11-su2ldy5ofm424qnly3kitbbdgwovpfk4
[+] /p/vast1/build/spack/opt/spack/linux-rhel7-broadwell/gcc-10.2.1/libffi-3.4.2-7vfnd7a5ankpytut3b4oqhktzrcbabfm
[+] /p/vast1/build/spack/opt/spack/linux-rhel7-broadwell/gcc-10.2.1/berkeley-db-18.1.40-c7okyaricn3s5wx6lqo2exspq6tuninj
[+] /p/vast1/build/spack/opt/spack/linux-rhel7-broadwell/gcc-10.2.1/libyaml-0.2.5-6i24u6vb3p5zhrlg2z2u5yuitds55263
[+] /p/vast1/build/spack/opt/spack/linux-rhel7-broadwell/gcc-10.2.1/libsodium-1.0.18-tdd6i4iwxq5mql3cuwnardlk5vjz2ehr
[+] /p/vast1/build/spack/opt/spack/linux-rhel7-broadwell/gcc-10.2.1/tar-1.34-3g4ty3srw34e6frmd2d2f523hr2pck3g
[+] /p/vast1/build/spack/opt/spack/linux-rhel7-broadwell/gcc-10.2.1/diffutils-3.8-vxb536efq575rjec2zqsyqgsebpspfvs
[+] /p/vast1/build/spack/opt/spack/linux-rhel7-broadwell/gcc-10.2.1/libbsd-0.11.5-yt5rlx2ycq24tyyohhconaxiqgzajzbo
[+] /p/vast1/build/spack/opt/spack/linux-rhel7-broadwell/gcc-10.2.1/ncurses-6.2-2xef6sx47tqatqlceqguyz3rza5okbhy
[+] /p/vast1/build/spack/opt/spack/linux-rhel7-broadwell/gcc-10.2.1/util-linux-uuid-2.37.4-26saxoixdjk3763nksg3ajmdzt5gyubu
[+] /p/vast1/build/spack/opt/spack/linux-rhel7-broadwell/gcc-10.2.1/libxml2-2.9.12-rs3llxgrrh537ywuyzjxyebuzo3gnxpt
[+] /p/vast1/build/spack/opt/spack/linux-rhel7-broadwell/gcc-10.2.1/bzip2-1.0.8-jmjklgubcyryaddwqvzuvzeiq6zfqmst
[+] /p/vast1/build/spack/opt/spack/linux-rhel7-broadwell/gcc-10.2.1/expat-2.4.6-akiducmoeufix2d6beegvgbj5skm36ul
[+] /p/vast1/build/spack/opt/spack/linux-rhel7-broadwell/gcc-10.2.1/readline-8.1-vfjorqgtmqh3rl5ollaj4n2uusx4foez
[+] /p/vast1/build/spack/opt/spack/linux-rhel7-broadwell/gcc-10.2.1/docbook-xml-4.5-2kwugpxqn27v76eaekas26tepsnb6scm
[+] /p/vast1/build/spack/opt/spack/linux-rhel7-broadwell/gcc-10.2.1/gettext-0.21-zrjvymznliicfcjx4lqkixtjo76ruzmr
[+] /p/vast1/build/spack/opt/spack/linux-rhel7-broadwell/gcc-10.2.1/sqlite-3.37.2-osxyeivy7mdmhjyjwcsm4l7tooho6s2d
[+] /p/vast1/build/spack/opt/spack/linux-rhel7-broadwell/gcc-10.2.1/gdbm-1.19-k5otkqycqsp3sya4vlvqbekdodhy2a2b
[+] /p/vast1/build/spack/opt/spack/linux-rhel7-broadwell/gcc-10.2.1/docbook-xsl-1.79.2-ow62ptowj7uqofx4rtmjv3ankoo5tupw
[+] /p/vast1/build/spack/opt/spack/linux-rhel7-broadwell/gcc-10.2.1/perl-5.34.0-wimaji5zk5vlms3psvdtvmxifnine4nh
[+] /p/vast1/build/spack/opt/spack/linux-rhel7-broadwell/gcc-10.2.1/libzmq-4.3.4-fqtryno4zlelddu3pj4cexkeorwlsxjq
[+] /p/vast1/build/spack/opt/spack/linux-rhel7-broadwell/gcc-10.2.1/openssl-1.1.1m-momhhzpwxq3fzqnlqbabquoitiq5d6q6
[+] /p/vast1/build/spack/opt/spack/linux-rhel7-broadwell/gcc-10.2.1/openblas-0.3.19-jubz2yn2ui3jzqphbt3w2jyqt2pwvz7f
[+] /p/vast1/build/spack/opt/spack/linux-rhel7-broadwell/gcc-10.2.1/python-3.8.12-mk6fh4mmk44yg56krxkvawwx2327d7jx
[+] /p/vast1/build/spack/opt/spack/linux-rhel7-broadwell/gcc-10.2.1/cmake-3.22.2-7oku4yd37mfoi65gi3alunjbl35euphw
[+] /p/vast1/build/spack/opt/spack/linux-rhel7-broadwell/gcc-10.2.1/py-pip-21.3.1-menmuyltkndtenynqll6oem723xpo6mx
[+] /p/vast1/build/spack/opt/spack/linux-rhel7-broadwell/gcc-10.2.1/py-wheel-0.37.0-e4mt6fe7jkzuvfwhhqf4wbrcychvlmr4
[+] /p/vast1/build/spack/opt/spack/linux-rhel7-broadwell/gcc-10.2.1/py-setuptools-59.4.0-hsdjhjl4tss6r4karycay4bn3det7ybb
[+] /p/vast1/build/spack/opt/spack/linux-rhel7-broadwell/gcc-10.2.1/py-tomli-1.2.2-llbknnyigx26sawharhph35n23vieyrg
==> Installing py-jsonpointer-1.9-yvma6s2dc4ny6m7zydevceuuqy66np4y
==> No binary for py-jsonpointer-1.9-yvma6s2dc4ny6m7zydevceuuqy66np4y found: installing from source
==> Using cached archive: /p/vast1/build/spack/var/spack/cache/_source-cache/archive/39/39403b47a71aa782de6d80db3b78f8a5f68ad8dfc9e674ca3bb5b32c15ec7308.tar.gz
==> No patches needed for py-jsonpointer
==> py-jsonpointer: Executing phase: 'install'
==> py-jsonpointer: Successfully installed py-jsonpointer-1.9-yvma6s2dc4ny6m7zydevceuuqy66np4y
  Fetch: 0.01s.  Build: 5.91s.  Total: 5.91s.
[+] /p/vast1/build/spack/opt/spack/linux-rhel7-broadwell/gcc-10.2.1/py-jsonpointer-1.9-yvma6s2dc4ny6m7zydevceuuqy66np4y
[+] /p/vast1/build/spack/opt/spack/linux-rhel7-broadwell/gcc-10.2.1/py-six-1.16.0-ef4sun6fegema5abei6xhpd4bdplzi7m
==> Installing py-greenlet-1.1.2-vgjn64qkz4yob67qhuxeqdanpwelsww2
==> No binary for py-greenlet-1.1.2-vgjn64qkz4yob67qhuxeqdanpwelsww2 found: installing from source
==> Using cached archive: /p/vast1/build/spack/var/spack/cache/_source-cache/archive/e3/e30f5ea4ae2346e62cedde8794a56858a67b878dd79f7df76a0767e356b1744a.tar.gz
==> No patches needed for py-greenlet
==> py-greenlet: Executing phase: 'install'
==> py-greenlet: Successfully installed py-greenlet-1.1.2-vgjn64qkz4yob67qhuxeqdanpwelsww2
  Fetch: 0.01s.  Build: 6.94s.  Total: 6.95s.
[+] /p/vast1/build/spack/opt/spack/linux-rhel7-broadwell/gcc-10.2.1/py-greenlet-1.1.2-vgjn64qkz4yob67qhuxeqdanpwelsww2
[+] /p/vast1/build/spack/opt/spack/linux-rhel7-broadwell/gcc-10.2.1/py-cython-0.29.24-xzdhibtfhekqepde4y5olbmvz4axqih4
[+] /p/vast1/build/spack/opt/spack/linux-rhel7-broadwell/gcc-10.2.1/py-ply-3.11-kto5wx5qp2bzqlfi2mz3fsm6ikn5uyzi
[+] /p/vast1/build/spack/opt/spack/linux-rhel7-broadwell/gcc-10.2.1/py-tornado-5.1.1-vpkyfcji5qdex7cktimlailkq7uy4ukx
[+] /p/vast1/build/spack/opt/spack/linux-rhel7-broadwell/gcc-10.2.1/py-vcversioner-2.16.0.0-r43vhiw53ggsmjn7tfpizaxbzpltc625
==> Installing py-pycparser-2.20-wrpfklfoibzg6qvbjkluoueakbdboulm
==> No binary for py-pycparser-2.20-wrpfklfoibzg6qvbjkluoueakbdboulm found: installing from source
==> Using cached archive: /p/vast1/build/spack/var/spack/cache/_source-cache/archive/2d/2d475327684562c3a96cc71adf7dc8c4f0565175cf86b6d7a404ff4c771f15f0.tar.gz
==> No patches needed for py-pycparser
==> py-pycparser: Executing phase: 'install'
==> py-pycparser: Successfully installed py-pycparser-2.20-wrpfklfoibzg6qvbjkluoueakbdboulm
  Fetch: 0.01s.  Build: 5.00s.  Total: 5.01s.
[+] /p/vast1/build/spack/opt/spack/linux-rhel7-broadwell/gcc-10.2.1/py-pycparser-2.20-wrpfklfoibzg6qvbjkluoueakbdboulm
[+] /p/vast1/build/spack/opt/spack/linux-rhel7-broadwell/gcc-10.2.1/py-pybind11-2.8.1-hslz64qalhnffrtqvci64l5eujhrhsdo
[+] /p/vast1/build/spack/opt/spack/linux-rhel7-broadwell/gcc-10.2.1/py-gast-0.5.3-ur2esgnm6snmydpadvdnjdb5xqzwfgrb
[+] /p/vast1/build/spack/opt/spack/linux-rhel7-broadwell/gcc-10.2.1/py-pyparsing-3.0.6-gd5zopl32pfw2thg23l6zlyzoickphv6
==> Installing py-pyyaml-6.0-fhvthv4s6eblljtys5qcni4qwnbi7sos
==> No binary for py-pyyaml-6.0-fhvthv4s6eblljtys5qcni4qwnbi7sos found: installing from source
==> Fetching https://mirror.spack.io/_source-cache/archive/68/68fb519c14306fec9720a2a5b45bc9f0c8d1b9c72adf45c37baedfcd949c35a2.tar.gz
==> No patches needed for py-pyyaml
==> py-pyyaml: Executing phase: 'install'
==> py-pyyaml: Successfully installed py-pyyaml-6.0-fhvthv4s6eblljtys5qcni4qwnbi7sos
  Fetch: 0.56s.  Build: 14.09s.  Total: 14.65s.
[+] /p/vast1/build/spack/opt/spack/linux-rhel7-broadwell/gcc-10.2.1/py-pyyaml-6.0-fhvthv4s6eblljtys5qcni4qwnbi7sos
[+] /p/vast1/build/spack/opt/spack/linux-rhel7-broadwell/gcc-10.2.1/py-cffi-1.15.0-hfgrku7rujvr3f3dr573jejoajbwdh6t
[+] /p/vast1/build/spack/opt/spack/linux-rhel7-broadwell/gcc-10.2.1/py-beniget-0.4.1-sda6ggkgbob3vhw2eavguwhvpq6m72ox
[+] /p/vast1/build/spack/opt/spack/linux-rhel7-broadwell/gcc-10.2.1/py-packaging-21.3-l3fbyi57qgj344bwlpxigl22fu3l734z
[+] /p/vast1/build/spack/opt/spack/linux-rhel7-broadwell/gcc-10.2.1/py-jsonpatch-1.23-xtz5v6uchzgcemc4j2a5wa7uo4xfsz7i
[+] /p/vast1/build/spack/opt/spack/linux-rhel7-broadwell/gcc-10.2.1/py-numpy-1.22.2-y3jnktiiuxnzzy6svu7fvxrqyxffrf7r
[+] /p/vast1/build/spack/opt/spack/linux-rhel7-broadwell/gcc-10.2.1/py-gevent-1.5.0-gz2ae4civuemlttmcp6ewokxnqiy3huh
[+] /p/vast1/build/spack/opt/spack/linux-rhel7-broadwell/gcc-10.2.1/py-setuptools-scm-6.3.2-y4aywojn7h4e6z77zklq54iwvejs6vhv
[+] /p/vast1/build/spack/opt/spack/linux-rhel7-broadwell/gcc-10.2.1/py-pythran-0.10.0-ic5h5z7r3urhw3v75vffcnd4shulp5e3
[+] /p/vast1/build/spack/opt/spack/linux-rhel7-broadwell/gcc-10.2.1/py-py-1.11.0-cfph5ubjzfdawyvlwymtqvbo6uyz7od6
[+] /p/vast1/build/spack/opt/spack/linux-rhel7-broadwell/gcc-10.2.1/py-scipy-1.8.0-e66ardice6wkljpor45rrecte3kdxkpf
[+] /p/vast1/build/spack/opt/spack/linux-rhel7-broadwell/gcc-10.2.1/py-pyzmq-17.1.2-noquhixafjgjlzu73giwvkv7lg3yrv3z
