slurmstepd: error: *** JOB 96762 ON oslic10 CANCELLED AT 2022-02-24T23:42:57 DUE TO TIME LIMIT ***
/var/spool/slurmd/job100114/slurm_script: line 12: 23499 Killed                  spliced splice --package fortrilinos@2.0.0 --splice cmake --runner spack --replace cmake --experiment experiment --outfile /p/vast1/build/spliced-experiment/results/fortrilinos/2.0.0/cmake/experiment.json
==> Warning: Fetching from mirror without a checksum!
  This package is normally checked out from a version control system, but it has been archived on a spack mirror.  This means we cannot know a checksum for the tarball in advance. Be sure that your connection to this mirror is secure!
==> Error: ProcessError: Command exited with status 1:
    'cmake' '-G' 'Unix Makefiles' '-DCMAKE_INSTALL_PREFIX:STRING=/p/vast1/build/spack/opt/spack/linux-rhel7-broadwell/gcc-10.2.1/trilinos-13.0.1-yd5syeyr3l6g66c27smiiozusebwcpsm' '-DCMAKE_BUILD_TYPE:STRING=RelWithDebInfo' '-DCMAKE_INTERPROCEDURAL_OPTIMIZATION:BOOL=OFF' '-DCMAKE_VERBOSE_MAKEFILE:BOOL=ON' '-DCMAKE_INSTALL_RPATH_USE_LINK_PATH:BOOL=OFF' '-DCMAKE_INSTALL_RPATH:STRING=/p/vast1/build/spack/opt/spack/linux-rhel7-broadwell/gcc-10.2.1/trilinos-13.0.1-yd5syeyr3l6g66c27smiiozusebwcpsm/lib;/p/vast1/build/spack/opt/spack/linux-rhel7-broadwell/gcc-10.2.1/trilinos-13.0.1-yd5syeyr3l6g66c27smiiozusebwcpsm/lib64;/p/vast1/build/spack/opt/spack/linux-rhel7-broadwell/gcc-10.2.1/hwloc-2.7.0-zcvfxqfecuheq2vakvpuosok2avakr6j/lib;/p/vast1/build/spack/opt/spack/linux-rhel7-broadwell/gcc-10.2.1/libpciaccess-0.16-vzg6r6gyrqyboudgxfqbdwe36epu6s7s/lib;/p/vast1/build/spack/opt/spack/linux-rhel7-broadwell/gcc-10.2.1/libxml2-2.9.12-rs3llxgrrh537ywuyzjxyebuzo3gnxpt/lib;/p/vast1/build/spack/opt/spack/linux-rhel7-broadwell/gcc-10.2.1/libiconv-1.16-glggocpnh7m2dgmtu4fedhbfeessepbe/lib;/p/vast1/build/spack/opt/spack/linux-rhel7-broadwell/gcc-10.2.1/xz-5.2.5-d536jz4ora4tt45q72d2lklqr3dqx34m/lib;/p/vast1/build/spack/opt/spack/linux-rhel7-broadwell/gcc-10.2.1/zlib-1.2.11-su2ldy5ofm424qnly3kitbbdgwovpfk4/lib;/p/vast1/build/spack/opt/spack/linux-rhel7-broadwell/gcc-10.2.1/ncurses-6.2-2xef6sx47tqatqlceqguyz3rza5okbhy/lib;/p/vast1/build/spack/opt/spack/linux-rhel7-broadwell/gcc-10.2.1/openblas-0.3.19-jubz2yn2ui3jzqphbt3w2jyqt2pwvz7f/lib;/p/vast1/build/spack/opt/spack/linux-rhel7-broadwell/gcc-10.2.1/openmpi-4.1.2-mtnsjnbj5kuefhd6gtupaglpuytu6vhz/lib;/p/vast1/build/spack/opt/spack/linux-rhel7-broadwell/gcc-10.2.1/libevent-2.1.12-ojhvas6alyezjgn2r2flj4slwat4cowk/lib;/p/vast1/build/spack/opt/spack/linux-rhel7-broadwell/gcc-10.2.1/openssl-1.1.1m-momhhzpwxq3fzqnlqbabquoitiq5d6q6/lib;/p/vast1/build/spack/opt/spack/linux-rhel7-broadwell/gcc-10.2.1/numactl-2.0.14-wiobx4m5fgmgis4po6hi44kpy7ad57vj/lib' '-DCMAKE_PREFIX_PATH:STRING=/p/vast1/build/spack/opt/spack/linux-rhel7-broadwell/gcc-10.2.1/openmpi-4.1.2-mtnsjnbj5kuefhd6gtupaglpuytu6vhz;/p/vast1/build/spack/opt/spack/linux-rhel7-broadwell/gcc-10.2.1/numactl-2.0.14-wiobx4m5fgmgis4po6hi44kpy7ad57vj;/p/vast1/build/spack/opt/spack/linux-rhel7-broadwell/gcc-10.2.1/libevent-2.1.12-ojhvas6alyezjgn2r2flj4slwat4cowk;/p/vast1/build/spack/opt/spack/linux-rhel7-broadwell/gcc-10.2.1/openblas-0.3.19-jubz2yn2ui3jzqphbt3w2jyqt2pwvz7f;/p/vast1/build/spack/opt/spack/linux-rhel7-broadwell/gcc-10.2.1/hwloc-2.7.0-zcvfxqfecuheq2vakvpuosok2avakr6j;/p/vast1/build/spack/opt/spack/linux-rhel7-broadwell/gcc-10.2.1/libxml2-2.9.12-rs3llxgrrh537ywuyzjxyebuzo3gnxpt;/p/vast1/build/spack/opt/spack/linux-rhel7-broadwell/gcc-10.2.1/xz-5.2.5-d536jz4ora4tt45q72d2lklqr3dqx34m;/p/vast1/build/spack/opt/spack/linux-rhel7-broadwell/gcc-10.2.1/libpciaccess-0.16-vzg6r6gyrqyboudgxfqbdwe36epu6s7s;/p/vast1/build/spack/opt/spack/linux-rhel7-broadwell/gcc-10.2.1/cmake-3.22.2-7oku4yd37mfoi65gi3alunjbl35euphw;/p/vast1/build/spack/opt/spack/linux-rhel7-broadwell/gcc-10.2.1/openssl-1.1.1m-momhhzpwxq3fzqnlqbabquoitiq5d6q6;/p/vast1/build/spack/opt/spack/linux-rhel7-broadwell/gcc-10.2.1/zlib-1.2.11-su2ldy5ofm424qnly3kitbbdgwovpfk4;/p/vast1/build/spack/opt/spack/linux-rhel7-broadwell/gcc-10.2.1/libiconv-1.16-glggocpnh7m2dgmtu4fedhbfeessepbe;/p/vast1/build/spack/opt/spack/linux-rhel7-broadwell/gcc-10.2.1/ncurses-6.2-2xef6sx47tqatqlceqguyz3rza5okbhy' '-DTrilinos_VERBOSE_CONFIGURE:BOOL=OFF' '-DBUILD_SHARED_LIBS:BOOL=ON' '-DTrilinos_ENABLE_ALL_OPTIONAL_PACKAGES:BOOL=OFF' '-DTrilinos_ENABLE_ALL_PACKAGES:BOOL=OFF' '-DTrilinos_ENABLE_CXX11:BOOL=ON' '-DTrilinos_ENABLE_DEBUG:BOOL=OFF' '-DTrilinos_ENABLE_EXAMPLES:BOOL=OFF' '-DTrilinos_ENABLE_SECONDARY_TESTED_CODE:BOOL=ON' '-DTrilinos_ENABLE_TESTS:BOOL=OFF' '-DTrilinos_ENABLE_Fortran:BOOL=ON' '-DTrilinos_ENABLE_OpenMP:BOOL=OFF' '-DTrilinos_ENABLE_EXPLICIT_INSTANTIATION:BOOL=ON' '-DCMAKE_CXX_STANDARD:STRING=14' '-DTrilinos_ENABLE_Amesos:BOOL=ON' '-DTrilinos_ENABLE_Amesos2:BOOL=ON' '-DTrilinos_ENABLE_Anasazi:BOOL=ON' '-DTrilinos_ENABLE_AztecOO:BOOL=ON' '-DTrilinos_ENABLE_Belos:BOOL=ON' '-DTrilinos_ENABLE_Epetra:BOOL=ON' '-DTrilinos_ENABLE_EpetraExt:BOOL=ON' '-DTrilinos_ENABLE_FEI:BOOL=OFF' '-DTrilinos_ENABLE_Gtest:BOOL=OFF' '-DTrilinos_ENABLE_Ifpack:BOOL=ON' '-DTrilinos_ENABLE_Ifpack2:BOOL=ON' '-DTrilinos_ENABLE_Intrepid:BOOL=OFF' '-DTrilinos_ENABLE_Intrepid2:BOOL=OFF' '-DTrilinos_ENABLE_Isorropia:BOOL=OFF' '-DTrilinos_ENABLE_Kokkos:BOOL=ON' '-DTrilinos_ENABLE_MiniTensor:BOOL=OFF' '-DTrilinos_ENABLE_Mesquite:BOOL=OFF' '-DTrilinos_ENABLE_ML:BOOL=ON' '-DTrilinos_ENABLE_MueLu:BOOL=ON' '-DTrilinos_ENABLE_NOX:BOOL=ON' '-DTrilinos_ENABLE_Pamgen:BOOL=OFF' '-DTrilinos_ENABLE_Panzer:BOOL=OFF' '-DTrilinos_ENABLE_Pike:BOOL=OFF' '-DTrilinos_ENABLE_Piro:BOOL=OFF' '-DTrilinos_ENABLE_Phalanx:BOOL=OFF' '-DTrilinos_ENABLE_PyTrilinos:BOOL=OFF' '-DTrilinos_ENABLE_ROL:BOOL=OFF' '-DTrilinos_ENABLE_Rythmos:BOOL=OFF' '-DTrilinos_ENABLE_Sacado:BOOL=ON' '-DTrilinos_ENABLE_SCOREC:BOOL=OFF' '-DTrilinos_ENABLE_Shards:BOOL=OFF' '-DTrilinos_ENABLE_ShyLU:BOOL=OFF' '-DTrilinos_ENABLE_STK:BOOL=OFF' '-DTrilinos_ENABLE_Stokhos:BOOL=OFF' '-DTrilinos_ENABLE_Stratimikos:BOOL=ON' '-DTrilinos_ENABLE_Teko:BOOL=OFF' '-DTrilinos_ENABLE_Tempus:BOOL=OFF' '-DTrilinos_ENABLE_Tpetra:BOOL=ON' '-DTrilinos_ENABLE_TrilinosCouplings:BOOL=OFF' '-DTrilinos_ENABLE_Zoltan:BOOL=OFF' '-DTrilinos_ENABLE_Zoltan2:BOOL=OFF' '-DEpetraExt_BUILD_BTF:BOOL=OFF' '-DEpetraExt_BUILD_EXPERIMENTAL:BOOL=OFF' '-DEpetraExt_BUILD_GRAPH_REORDERINGS:BOOL=OFF' '-DAmesos2_ENABLE_Basker:BOOL=OFF' '-DAmesos2_ENABLE_LAPACK:BOOL=ON' '-DTrilinos_ENABLE_SEACASExodus:BOOL=OFF' '-DTrilinos_ENABLE_SEACASIoss:BOOL=OFF' '-DTrilinos_ENABLE_SEACASChaco:BOOL=OFF' '-DTrilinos_ENABLE_SEACASNemslice:BOOL=OFF' '-DTrilinos_ENABLE_Thyra:BOOL=ON' '-DTrilinos_ENABLE_ThyraEpetraAdapters:BOOL=ON' '-DTrilinos_ENABLE_ThyraEpetraExtAdapters:BOOL=ON' '-DTrilinos_ENABLE_ThyraTpetraAdapters:BOOL=ON' '-DTPL_ENABLE_ADIOS2:BOOL=OFF' '-DTPL_ENABLE_Boost:BOOL=OFF' '-DTPL_ENABLE_CUDA:BOOL=OFF' '-DTPL_ENABLE_HDF5:BOOL=OFF' '-DTPL_ENABLE_HYPRE:BOOL=OFF' '-DTPL_ENABLE_MUMPS:BOOL=OFF' '-DTPL_ENABLE_UMFPACK:BOOL=OFF' '-DTPL_ENABLE_SuperLU:BOOL=OFF' '-DTPL_ENABLE_SuperLUDist:BOOL=OFF' '-DTPL_ENABLE_X11:BOOL=OFF' '-DTPL_ENABLE_BLAS:BOOL=ON' '-DBLAS_INCLUDE_DIRS:STRING=/p/vast1/build/spack/opt/spack/linux-rhel7-broadwell/gcc-10.2.1/openblas-0.3.19-jubz2yn2ui3jzqphbt3w2jyqt2pwvz7f/include' '-DBLAS_ROOT:STRING=/p/vast1/build/spack/opt/spack/linux-rhel7-broadwell/gcc-10.2.1/openblas-0.3.19-jubz2yn2ui3jzqphbt3w2jyqt2pwvz7f' '-DBLAS_LIBRARY_NAMES:STRING=openblas' '-DBLAS_LIBRARY_DIRS:STRING=/p/vast1/build/spack/opt/spack/linux-rhel7-broadwell/gcc-10.2.1/openblas-0.3.19-jubz2yn2ui3jzqphbt3w2jyqt2pwvz7f/lib' '-DTPL_ENABLE_CGNS:BOOL=OFF' '-DTPL_ENABLE_LAPACK:BOOL=ON' '-DLAPACK_INCLUDE_DIRS:STRING=/p/vast1/build/spack/opt/spack/linux-rhel7-broadwell/gcc-10.2.1/openblas-0.3.19-jubz2yn2ui3jzqphbt3w2jyqt2pwvz7f/include' '-DLAPACK_ROOT:STRING=/p/vast1/build/spack/opt/spack/linux-rhel7-broadwell/gcc-10.2.1/openblas-0.3.19-jubz2yn2ui3jzqphbt3w2jyqt2pwvz7f' '-DLAPACK_LIBRARY_NAMES:STRING=openblas' '-DLAPACK_LIBRARY_DIRS:STRING=/p/vast1/build/spack/opt/spack/linux-rhel7-broadwell/gcc-10.2.1/openblas-0.3.19-jubz2yn2ui3jzqphbt3w2jyqt2pwvz7f/lib' '-DTPL_ENABLE_Matio:BOOL=OFF' '-DTPL_ENABLE_METIS:BOOL=OFF' '-DTPL_ENABLE_Netcdf:BOOL=OFF' '-DTPL_ENABLE_SCALAPACK:BOOL=OFF' '-DTPL_ENABLE_Zlib:BOOL=ON' '-DZlib_INCLUDE_DIRS:STRING=/p/vast1/build/spack/opt/spack/linux-rhel7-broadwell/gcc-10.2.1/zlib-1.2.11-su2ldy5ofm424qnly3kitbbdgwovpfk4/include' '-DZlib_ROOT:STRING=/p/vast1/build/spack/opt/spack/linux-rhel7-broadwell/gcc-10.2.1/zlib-1.2.11-su2ldy5ofm424qnly3kitbbdgwovpfk4' '-DZlib_LIBRARY_NAMES:STRING=z' '-DZlib_LIBRARY_DIRS:STRING=/p/vast1/build/spack/opt/spack/linux-rhel7-broadwell/gcc-10.2.1/zlib-1.2.11-su2ldy5ofm424qnly3kitbbdgwovpfk4/lib' '-DTPL_ENABLE_Pnetcdf:BOOL=OFF' '-DTPL_ENABLE_HWLOC:BOOL=ON' '-DHWLOC_INCLUDE_DIRS:STRING=/p/vast1/build/spack/opt/spack/linux-rhel7-broadwell/gcc-10.2.1/hwloc-2.7.0-zcvfxqfecuheq2vakvpuosok2avakr6j/include' '-DHWLOC_ROOT:STRING=/p/vast1/build/spack/opt/spack/linux-rhel7-broadwell/gcc-10.2.1/hwloc-2.7.0-zcvfxqfecuheq2vakvpuosok2avakr6j' '-DHWLOC_LIBRARY_NAMES:STRING=hwloc' '-DHWLOC_LIBRARY_DIRS:STRING=/p/vast1/build/spack/opt/spack/linux-rhel7-broadwell/gcc-10.2.1/hwloc-2.7.0-zcvfxqfecuheq2vakvpuosok2avakr6j/lib' '-DTPL_ENABLE_MPI:BOOL=ON' '-DCMAKE_C_COMPILER:STRING=/p/vast1/build/spack/opt/spack/linux-rhel7-broadwell/gcc-10.2.1/openmpi-4.1.2-mtnsjnbj5kuefhd6gtupaglpuytu6vhz/bin/mpicc' '-DCMAKE_CXX_COMPILER:STRING=/p/vast1/build/spack/opt/spack/linux-rhel7-broadwell/gcc-10.2.1/openmpi-4.1.2-mtnsjnbj5kuefhd6gtupaglpuytu6vhz/bin/mpic++' '-DCMAKE_Fortran_COMPILER:STRING=/p/vast1/build/spack/opt/spack/linux-rhel7-broadwell/gcc-10.2.1/openmpi-4.1.2-mtnsjnbj5kuefhd6gtupaglpuytu6vhz/bin/mpif90' '-DMPI_BASE_DIR:STRING=/p/vast1/build/spack/opt/spack/linux-rhel7-broadwell/gcc-10.2.1/openmpi-4.1.2-mtnsjnbj5kuefhd6gtupaglpuytu6vhz' '-DTPL_ENABLE_ParMETIS:BOOL=OFF' '-DTPL_ENABLE_Cholmod:BOOL=OFF' '-DTeuchos_ENABLE_COMPLEX:BOOL=OFF' '-DTeuchos_ENABLE_FLOAT:BOOL=OFF' '-DTpetra_INST_OPENMP:BOOL=OFF' '-DTpetra_INST_DOUBLE:BOOL=ON' '-DTpetra_INST_COMPLEX_DOUBLE:BOOL=OFF' '-DTpetra_INST_COMPLEX_FLOAT:BOOL=OFF' '-DTpetra_INST_FLOAT:BOOL=OFF' '-DTpetra_INST_SERIAL:BOOL=ON' '-DTpetra_INST_INT_INT:BOOL=OFF' '-DTpetra_INST_INT_LONG:BOOL=OFF' '-DTpetra_INST_INT_LONG_LONG:BOOL=ON' '-DKokkos_ARCH_BDW:BOOL=ON' '-DKokkos_ENABLE_CUDA:BOOL=OFF' '-DKokkos_ENABLE_OPENMP:BOOL=OFF' '-DTrilinos_EXTRA_LINK_FLAGS:STRING=-L/usr/tce/packages/gcc/gcc-10.2.1/rh/usr/bin/../lib/gcc/x86_64-redhat-linux/10/ -lgfortran' '-DCMAKE_INSTALL_NAME_DIR:STRING=/p/vast1/build/spack/opt/spack/linux-rhel7-broadwell/gcc-10.2.1/trilinos-13.0.1-yd5syeyr3l6g66c27smiiozusebwcpsm/lib' '/var/tmp/sochat1/spack-stage/spack-stage-trilinos-13.0.1-yd5syeyr3l6g66c27smiiozusebwcpsm/spack-src'

5 errors found in build log:
     361    -- MPI_EXEC='/p/vast1/build/spack/opt/spack/linux-rhel7-broadwell/g
            cc-10.2.1/openmpi-4.1.2-mtnsjnbj5kuefhd6gtupaglpuytu6vhz/bin/mpiexe
            c'
     362    -- The C compiler identification is GNU 10.2.1
     363    -- Detecting C compiler ABI info
     364    -- Detecting C compiler ABI info - failed
     365    -- Check for working C compiler: /p/vast1/build/spack/opt/spack/lin
            ux-rhel7-broadwell/gcc-10.2.1/openmpi-4.1.2-mtnsjnbj5kuefhd6gtupagl
            puytu6vhz/bin/mpicc
     366    -- Check for working C compiler: /p/vast1/build/spack/opt/spack/lin
            ux-rhel7-broadwell/gcc-10.2.1/openmpi-4.1.2-mtnsjnbj5kuefhd6gtupagl
            puytu6vhz/bin/mpicc - broken
  >> 367    CMake Error at /p/vast1/build/spack/opt/spack/linux-rhel7-broadwell
            /gcc-10.2.1/cmake-3.22.2-7oku4yd37mfoi65gi3alunjbl35euphw/share/cma
            ke-3.22/Modules/CMakeTestCCompiler.cmake:69 (message):
     368      The C compiler
     369    
     370        "/p/vast1/build/spack/opt/spack/linux-rhel7-broadwell/gcc-10.2.
            1/openmpi-4.1.2-mtnsjnbj5kuefhd6gtupaglpuytu6vhz/bin/mpicc"
     371    
     372      is not able to compile a simple test program.
     373    

     ...

     380        Building C object CMakeFiles/cmTC_cae51.dir/testCCompiler.c.o
     381        /p/vast1/build/spack/opt/spack/linux-rhel7-broadwell/gcc-10.2.1
            /openmpi-4.1.2-mtnsjnbj5kuefhd6gtupaglpuytu6vhz/bin/mpicc    -o CMa
            keFiles/cmTC_cae51.dir/testCCompiler.c.o -c /tmp/sochat1/spack-stag
            e/spack-stage-trilinos-13.0.1-yd5syeyr3l6g66c27smiiozusebwcpsm/spac
            k-build-yd5syey/CMakeFiles/CMakeTmp/testCCompiler.c
     382        Linking C executable cmTC_cae51
     383        /p/vast1/build/spack/opt/spack/linux-rhel7-broadwell/gcc-10.2.1
            /cmake-3.22.2-7oku4yd37mfoi65gi3alunjbl35euphw/bin/cmake -E cmake_l
            ink_script CMakeFiles/cmTC_cae51.dir/link.txt --verbose=1
     384        /p/vast1/build/spack/opt/spack/linux-rhel7-broadwell/gcc-10.2.1
            /openmpi-4.1.2-mtnsjnbj5kuefhd6gtupaglpuytu6vhz/bin/mpicc CMakeFile
            s/cmTC_cae51.dir/testCCompiler.c.o -o cmTC_cae51
     385        /usr/tce/packages/gcc/gcc-10.2.1/rh/usr/bin/../libexec/gcc/x86_
            64-redhat-linux/10/ld: warning: libgpfs.so, needed by /p/vast1/buil
            d/spack/opt/spack/linux-rhel7-broadwell/gcc-10.2.1/openmpi-4.1.2-mt
            nsjnbj5kuefhd6gtupaglpuytu6vhz/lib/libmpi.so, not found (try using 
            -rpath or -rpath-link)
  >> 386    /usr/tce/packages/gcc/gcc-10.2.1/rh/usr/bin/../libexec/gcc/x86_64-r
            edhat-linux/10/ld: /p/vast1/build/spack/opt/spack/linux-rhel7-broad
            well/gcc-10.2.1/openmpi-4.1.2-mtnsjnbj5kuefhd6gtupaglpuytu6vhz/lib/
            libmpi.so: undefined reference to `gpfs_fcntl'
  >> 387        collect2: error: ld returned 1 exit status
  >> 388        gmake[1]: *** [cmTC_cae51] Error 1
     389        gmake[1]: Leaving directory `/tmp/sochat1/spack-stage/spack-sta
            ge-trilinos-13.0.1-yd5syeyr3l6g66c27smiiozusebwcpsm/spack-build-yd5
            syey/CMakeFiles/CMakeTmp'
  >> 390        gmake: *** [cmTC_cae51/fast] Error 2
     391    
     392    
     393    
     394    
     395    
     396      CMake will not be able to correctly generate this project.

See build log for details:
  /var/tmp/sochat1/spack-stage/spack-stage-trilinos-13.0.1-yd5syeyr3l6g66c27smiiozusebwcpsm/spack-build-out.txt

==> Warning: Skipping build of fortrilinos-2.0.0-lwgmveqn4cwliqmjrhn4sud47l6vxloa since trilinos-13.0.1-yd5syeyr3l6g66c27smiiozusebwcpsm failed
==> Error: fortrilinos-2.0.0-lwgmveqn4cwliqmjrhn4sud47l6vxloa: Package was not installed
Making predictions for spack-test
Making predictions for symbolator
Making predictions for libabigail
abicompat not found on path, will look for spack instead.
Making predictions for actual
