==> Error: OSError: No such file or directory: '/var/tmp/sochat1/spack-stage/spack-stage-darshan-util-3.3.0-pre2-qbswzsxgraisoc6b2awsnepbkjrzhqdu/spack-src/darshan-test/example-output/mpi-io-test-x86_64-3.3.0-pre2.darshan'

/p/vast1/build/spack/lib/spack/spack/package.py:1781, in cache_extra_test_sources:
       1778            if os.path.isdir(src_path):
       1779                fsys.install_tree(src_path, dest_path)
       1780            else:
  >>   1781                fsys.mkdirp(os.path.dirname(dest_path))
       1782                fsys.copy(src_path, dest_path)

See build log for details:
  /var/tmp/sochat1/spack-stage/spack-stage-darshan-util-3.3.0-pre2-qbswzsxgraisoc6b2awsnepbkjrzhqdu/spack-build-out.txt

Making predictions for symbolator
Making predictions for libabigail
Making predictions for actual
/var/spool/slurmd/job100104/slurm_script: line 12:  2364 Killed                  spliced splice --package darshan-util@3.3.0-pre2 --splice zlib --runner spack --replace zlib --experiment experiment --outfile /p/vast1/build/spliced-experiment/results/darshan-util/3.3.0-pre2/zlib/experiment.json
==> Error: OSError: No such file or directory: '/var/tmp/sochat1/spack-stage/spack-stage-darshan-util-3.3.0-pre2-qbswzsxgraisoc6b2awsnepbkjrzhqdu/spack-src/darshan-test/example-output/mpi-io-test-x86_64-3.3.0-pre2.darshan'

/p/vast1/build/spack/lib/spack/spack/package.py:1796, in cache_extra_test_sources:
       1793            if os.path.isdir(src_path):
       1794                fsys.install_tree(src_path, dest_path)
       1795            else:
  >>   1796                fsys.mkdirp(os.path.dirname(dest_path))
       1797                fsys.copy(src_path, dest_path)

See build log for details:
  /var/tmp/sochat1/spack-stage/spack-stage-darshan-util-3.3.0-pre2-qbswzsxgraisoc6b2awsnepbkjrzhqdu/spack-build-out.txt

Making predictions for spack-test
Making predictions for symbolator
Making predictions for libabigail
abicompat not found on path, will look for spack instead.
Making predictions for actual
