==> Warning: Fetching from mirror without a checksum!
  This package is normally checked out from a version control system, but it has been archived on a spack mirror.  This means we cannot know a checksum for the tarball in advance. Be sure that your connection to this mirror is secure!
==> Error: ProcessError: Command exited with status 2:
    'make' '-j2'

34 errors found in build log:
     100    cd /tmp/sochat1/spack-stage/spack-stage-omega-h-9.27.0-urmubdli4zqj
            pytnfqjmwmxaodcq56tu/spack-build-urmubdl/src && /p/vast1/build/spac
            k/opt/spack/linux-rhel7-broadwell/gcc-10.2.1/openmpi-4.1.2-mtnsjnbj
            5kuefhd6gtupaglpuytu6vhz/bin/mpic++ -Domega_h_EXPORTS -I/var/tmp/so
            chat1/spack-stage/spack-stage-omega-h-9.27.0-urmubdli4zqjpytnfqjmwm
            xaodcq56tu/spack-src/src -I/tmp/sochat1/spack-stage/spack-stage-ome
            ga-h-9.27.0-urmubdli4zqjpytnfqjmwmxaodcq56tu/spack-build-urmubdl/sr
            c -I/var/tmp/sochat1/spack-stage/spack-stage-omega-h-9.27.0-urmubdl
            i4zqjpytnfqjmwmxaodcq56tu/spack-src/tpl -isystem /p/vast1/build/spa
            ck/opt/spack/linux-rhel7-broadwell/gcc-10.2.1/zlib-1.2.11-su2ldy5of
            m424qnly3kitbbdgwovpfk4/include -O3 -g --std=c++11   -fPIC -MD -MT 
            src/CMakeFiles/omega_h.dir/Omega_h_approach.cpp.o -MF CMakeFiles/om
            ega_h.dir/Omega_h_approach.cpp.o.d -o CMakeFiles/omega_h.dir/Omega_
            h_approach.cpp.o -c /var/tmp/sochat1/spack-stage/spack-stage-omega-
            h-9.27.0-urmubdli4zqjpytnfqjmwmxaodcq56tu/spack-src/src/Omega_h_app
            roach.cpp
     101    [  7%] Building CXX object src/CMakeFiles/omega_h.dir/Omega_h_array
            .cpp.o
     102    cd /tmp/sochat1/spack-stage/spack-stage-omega-h-9.27.0-urmubdli4zqj
            pytnfqjmwmxaodcq56tu/spack-build-urmubdl/src && /p/vast1/build/spac
            k/opt/spack/linux-rhel7-broadwell/gcc-10.2.1/openmpi-4.1.2-mtnsjnbj
            5kuefhd6gtupaglpuytu6vhz/bin/mpic++ -Domega_h_EXPORTS -I/var/tmp/so
            chat1/spack-stage/spack-stage-omega-h-9.27.0-urmubdli4zqjpytnfqjmwm
            xaodcq56tu/spack-src/src -I/tmp/sochat1/spack-stage/spack-stage-ome
            ga-h-9.27.0-urmubdli4zqjpytnfqjmwmxaodcq56tu/spack-build-urmubdl/sr
            c -I/var/tmp/sochat1/spack-stage/spack-stage-omega-h-9.27.0-urmubdl
            i4zqjpytnfqjmwmxaodcq56tu/spack-src/tpl -isystem /p/vast1/build/spa
            ck/opt/spack/linux-rhel7-broadwell/gcc-10.2.1/zlib-1.2.11-su2ldy5of
            m424qnly3kitbbdgwovpfk4/include -O3 -g --std=c++11   -fPIC -MD -MT 
            src/CMakeFiles/omega_h.dir/Omega_h_array.cpp.o -MF CMakeFiles/omega
            _h.dir/Omega_h_array.cpp.o.d -o CMakeFiles/omega_h.dir/Omega_h_arra
            y.cpp.o -c /var/tmp/sochat1/spack-stage/spack-stage-omega-h-9.27.0-
            urmubdli4zqjpytnfqjmwmxaodcq56tu/spack-src/src/Omega_h_array.cpp
     103    [  7%] Building CXX object src/CMakeFiles/omega_h.dir/Omega_h_array
            _ops.cpp.o
     104    cd /tmp/sochat1/spack-stage/spack-stage-omega-h-9.27.0-urmubdli4zqj
            pytnfqjmwmxaodcq56tu/spack-build-urmubdl/src && /p/vast1/build/spac
            k/opt/spack/linux-rhel7-broadwell/gcc-10.2.1/openmpi-4.1.2-mtnsjnbj
            5kuefhd6gtupaglpuytu6vhz/bin/mpic++ -Domega_h_EXPORTS -I/var/tmp/so
            chat1/spack-stage/spack-stage-omega-h-9.27.0-urmubdli4zqjpytnfqjmwm
            xaodcq56tu/spack-src/src -I/tmp/sochat1/spack-stage/spack-stage-ome
            ga-h-9.27.0-urmubdli4zqjpytnfqjmwmxaodcq56tu/spack-build-urmubdl/sr
            c -I/var/tmp/sochat1/spack-stage/spack-stage-omega-h-9.27.0-urmubdl
            i4zqjpytnfqjmwmxaodcq56tu/spack-src/tpl -isystem /p/vast1/build/spa
            ck/opt/spack/linux-rhel7-broadwell/gcc-10.2.1/zlib-1.2.11-su2ldy5of
            m424qnly3kitbbdgwovpfk4/include -O3 -g --std=c++11   -fPIC -MD -MT 
            src/CMakeFiles/omega_h.dir/Omega_h_array_ops.cpp.o -MF CMakeFiles/o
            mega_h.dir/Omega_h_array_ops.cpp.o.d -o CMakeFiles/omega_h.dir/Omeg
            a_h_array_ops.cpp.o -c /var/tmp/sochat1/spack-stage/spack-stage-ome
            ga-h-9.27.0-urmubdli4zqjpytnfqjmwmxaodcq56tu/spack-src/src/Omega_h_
            array_ops.cpp
     105    /var/tmp/sochat1/spack-stage/spack-stage-omega-h-9.27.0-urmubdli4zq
            jpytnfqjmwmxaodcq56tu/spack-src/src/Omega_h_array_ops.cpp: In lambd
            a function:
  >> 106    /var/tmp/sochat1/spack-stage/spack-stage-omega-h-9.27.0-urmubdli4zq
            jpytnfqjmwmxaodcq56tu/spack-src/src/Omega_h_array_ops.cpp:17:40: er
            ror: expected '{' before '->' token
     107       17 |   auto transform = OMEGA_H_LAMBDA(LO i)->bool { return a[i]
             == b[i]; };
     108          |                                        ^~
     109    /var/tmp/sochat1/spack-stage/spack-stage-omega-h-9.27.0-urmubdli4zq
            jpytnfqjmwmxaodcq56tu/spack-src/src/Omega_h_array_ops.cpp: In funct
            ion 'bool Omega_h::operator==(Omega_h::Read<T>, Omega_h::Read<T>)':
  >> 110    /var/tmp/sochat1/spack-stage/spack-stage-omega-h-9.27.0-urmubdli4zq
            jpytnfqjmwmxaodcq56tu/spack-src/src/Omega_h_array_ops.cpp:17:42: er
            ror: expected unqualified-id before 'bool'
     111       17 |   auto transform = OMEGA_H_LAMBDA(LO i)->bool { return a[i]
             == b[i]; };
     112          |                                          ^~~~
     113    /var/tmp/sochat1/spack-stage/spack-stage-omega-h-9.27.0-urmubdli4zq
            jpytnfqjmwmxaodcq56tu/spack-src/src/Omega_h_array_ops.cpp: In lambd
            a function:
  >> 114    /var/tmp/sochat1/spack-stage/spack-stage-omega-h-9.27.0-urmubdli4zq
            jpytnfqjmwmxaodcq56tu/spack-src/src/Omega_h_array_ops.cpp:25:28: er
            ror: expected '{' before '->' token
     115       25 |       OMEGA_H_LAMBDA(T val)->PT { return PT(val); });
     116          |                            ^~
     117    /var/tmp/sochat1/spack-stage/spack-stage-omega-h-9.27.0-urmubdli4zq
            jpytnfqjmwmxaodcq56tu/spack-src/src/Omega_h_array_ops.cpp: In funct
            ion 'Omega_h::promoted_t<T> Omega_h::get_sum(Omega_h::Read<T>)':
  >> 118    /var/tmp/sochat1/spack-stage/spack-stage-omega-h-9.27.0-urmubdli4zq
            jpytnfqjmwmxaodcq56tu/spack-src/src/Omega_h_array_ops.cpp:25:32: er
            ror: expected ')' before '{' token
     119       25 |       OMEGA_H_LAMBDA(T val)->PT { return PT(val); });
     120          |                                ^~
     121          |                                )
     122    /var/tmp/sochat1/spack-stage/spack-stage-omega-h-9.27.0-urmubdli4zq
            jpytnfqjmwmxaodcq56tu/spack-src/src/Omega_h_array_ops.cpp:24:26: no
            te: to match this '('
     123       24 |   return transform_reduce(a.begin(), a.end(), PT(0), plus<P
            T>(),
     124          |                          ^
     125    /var/tmp/sochat1/spack-stage/spack-stage-omega-h-9.27.0-urmubdli4zq
            jpytnfqjmwmxaodcq56tu/spack-src/src/Omega_h_array_ops.cpp: In lambd
            a function:
  >> 126    /var/tmp/sochat1/spack-stage/spack-stage-omega-h-9.27.0-urmubdli4zq
            jpytnfqjmwmxaodcq56tu/spack-src/src/Omega_h_array_ops.cpp:39:40: er
            ror: expected '{' before '->' token
     127       39 |   auto transform = OMEGA_H_LAMBDA(LO i)->promoted_t<T> {
     128          |                                        ^~
     129    /var/tmp/sochat1/spack-stage/spack-stage-omega-h-9.27.0-urmubdli4zq
            jpytnfqjmwmxaodcq56tu/spack-src/src/Omega_h_array_ops.cpp: In funct
            ion 'T Omega_h::get_min(Omega_h::Read<T>)':
  >> 130    /var/tmp/sochat1/spack-stage/spack-stage-omega-h-9.27.0-urmubdli4zq
            jpytnfqjmwmxaodcq56tu/spack-src/src/Omega_h_array_ops.cpp:39:42: er
            ror: invalid use of 'using promoted_t = typename Omega_h::Promoted<
            T>::type'
     131       39 |   auto transform = OMEGA_H_LAMBDA(LO i)->promoted_t<T> {
     132          |                                          ^~~~~~~~~~~~~
     133    /var/tmp/sochat1/spack-stage/spack-stage-omega-h-9.27.0-urmubdli4zq
            jpytnfqjmwmxaodcq56tu/spack-src/src/Omega_h_array_ops.cpp: In lambd
            a function:
  >> 134    /var/tmp/sochat1/spack-stage/spack-stage-omega-h-9.27.0-urmubdli4zq
            jpytnfqjmwmxaodcq56tu/spack-src/src/Omega_h_array_ops.cpp:52:40: er
            ror: expected '{' before '->' token
     135       52 |   auto transform = OMEGA_H_LAMBDA(LO i)->promoted_t<T> {
     136          |                                        ^~
     137    /var/tmp/sochat1/spack-stage/spack-stage-omega-h-9.27.0-urmubdli4zq
            jpytnfqjmwmxaodcq56tu/spack-src/src/Omega_h_array_ops.cpp: In funct
            ion 'T Omega_h::get_max(Omega_h::Read<T>)':
  >> 138    /var/tmp/sochat1/spack-stage/spack-stage-omega-h-9.27.0-urmubdli4zq
            jpytnfqjmwmxaodcq56tu/spack-src/src/Omega_h_array_ops.cpp:52:42: er
            ror: invalid use of 'using promoted_t = typename Omega_h::Promoted<
            T>::type'
     139       52 |   auto transform = OMEGA_H_LAMBDA(LO i)->promoted_t<T> {
     140          |                                          ^~~~~~~~~~~~~
     141    /var/tmp/sochat1/spack-stage/spack-stage-omega-h-9.27.0-urmubdli4zq
            jpytnfqjmwmxaodcq56tu/spack-src/src/Omega_h_array_ops.cpp: In lambd
            a function:
  >> 142    /var/tmp/sochat1/spack-stage/spack-stage-omega-h-9.27.0-urmubdli4zq
            jpytnfqjmwmxaodcq56tu/spack-src/src/Omega_h_array_ops.cpp:80:40: er
            ror: expected '{' before '->' token
     143       80 |   auto transform = OMEGA_H_LAMBDA(LO i)->bool {
     144          |                                        ^~
     145    /var/tmp/sochat1/spack-stage/spack-stage-omega-h-9.27.0-urmubdli4zq
            jpytnfqjmwmxaodcq56tu/spack-src/src/Omega_h_array_ops.cpp: In funct
            ion 'bool Omega_h::are_close(Omega_h::Reals, Omega_h::Reals, Omega_
            h::Real, Omega_h::Real)':
  >> 146    /var/tmp/sochat1/spack-stage/spack-stage-omega-h-9.27.0-urmubdli4zq
            jpytnfqjmwmxaodcq56tu/spack-src/src/Omega_h_array_ops.cpp:80:40: er
            ror: base operand of '->' has non-pointer type 'Omega_h::are_close(
            Omega_h::Reals, Omega_h::Reals, Omega_h::Real, Omega_h::Real)::<lam
            bda(Omega_h::LO)>'
  >> 147    /var/tmp/sochat1/spack-stage/spack-stage-omega-h-9.27.0-urmubdli4zq
            jpytnfqjmwmxaodcq56tu/spack-src/src/Omega_h_array_ops.cpp:80:42: er
            ror: expected unqualified-id before 'bool'
     148       80 |   auto transform = OMEGA_H_LAMBDA(LO i)->bool {
     149          |                                          ^~~~
     150    /var/tmp/sochat1/spack-stage/spack-stage-omega-h-9.27.0-urmubdli4zq
            jpytnfqjmwmxaodcq56tu/spack-src/src/Omega_h_array_ops.cpp: In lambd
            a function:
  >> 151    /var/tmp/sochat1/spack-stage/spack-stage-omega-h-9.27.0-urmubdli4zq
            jpytnfqjmwmxaodcq56tu/spack-src/src/Omega_h_array_ops.cpp:94:40: er
            ror: expected '{' before '->' token
     152       94 |   auto transform = OMEGA_H_LAMBDA(LO i)->bool {
     153          |                                        ^~
     154    /var/tmp/sochat1/spack-stage/spack-stage-omega-h-9.27.0-urmubdli4zq
            jpytnfqjmwmxaodcq56tu/spack-src/src/Omega_h_array_ops.cpp: In funct
            ion 'bool Omega_h::are_close_abs(Omega_h::Reals, Omega_h::Reals, Om
            ega_h::Real)':
  >> 155    /var/tmp/sochat1/spack-stage/spack-stage-omega-h-9.27.0-urmubdli4zq
            jpytnfqjmwmxaodcq56tu/spack-src/src/Omega_h_array_ops.cpp:94:40: er
            ror: base operand of '->' has non-pointer type 'Omega_h::are_close_
            abs(Omega_h::Reals, Omega_h::Reals, Omega_h::Real)::<lambda(Omega_h
            ::LO)>'
  >> 156    /var/tmp/sochat1/spack-stage/spack-stage-omega-h-9.27.0-urmubdli4zq
            jpytnfqjmwmxaodcq56tu/spack-src/src/Omega_h_array_ops.cpp:94:42: er
            ror: expected unqualified-id before 'bool'
     157       94 |   auto transform = OMEGA_H_LAMBDA(LO i)->bool {
     158          |                                          ^~~~
     159    /var/tmp/sochat1/spack-stage/spack-stage-omega-h-9.27.0-urmubdli4zq
            jpytnfqjmwmxaodcq56tu/spack-src/src/Omega_h_array_ops.cpp: In lambd
            a function:
  >> 160    /var/tmp/sochat1/spack-stage/spack-stage-omega-h-9.27.0-urmubdli4zq
            jpytnfqjmwmxaodcq56tu/spack-src/src/Omega_h_array_ops.cpp:409:40: e
            rror: expected '{' before '->' token
     161      409 |   auto transform = OMEGA_H_LAMBDA(LO i)->LO {
     162          |                                        ^~
     163    /var/tmp/sochat1/spack-stage/spack-stage-omega-h-9.27.0-urmubdli4zq
            jpytnfqjmwmxaodcq56tu/spack-src/src/Omega_h_array_ops.cpp: In funct
            ion 'Omega_h::LO Omega_h::find_last(Omega_h::Read<T>, T)':
  >> 164    /var/tmp/sochat1/spack-stage/spack-stage-omega-h-9.27.0-urmubdli4zq
            jpytnfqjmwmxaodcq56tu/spack-src/src/Omega_h_array_ops.cpp:409:45: e
            rror: expected ',' or ';' before '{' token
     165      409 |   auto transform = OMEGA_H_LAMBDA(LO i)->LO {
     166          |                                             ^
     167    /var/tmp/sochat1/spack-stage/spack-stage-omega-h-9.27.0-urmubdli4zq
            jpytnfqjmwmxaodcq56tu/spack-src/src/Omega_h_array_ops.cpp: In lambd
            a function:
  >> 168    /var/tmp/sochat1/spack-stage/spack-stage-omega-h-9.27.0-urmubdli4zq
            jpytnfqjmwmxaodcq56tu/spack-src/src/Omega_h_array_ops.cpp:425:40: e
            rror: expected '{' before '->' token
     169      425 |   auto transform = OMEGA_H_LAMBDA(LO i)->bool { return a[i]
             <= a[i + 1]; };
     170          |                                        ^~
     171    /var/tmp/sochat1/spack-stage/spack-stage-omega-h-9.27.0-urmubdli4zq
            jpytnfqjmwmxaodcq56tu/spack-src/src/Omega_h_array_ops.cpp: In funct
            ion 'bool Omega_h::is_sorted(Omega_h::Read<T>)':
  >> 172    /var/tmp/sochat1/spack-stage/spack-stage-omega-h-9.27.0-urmubdli4zq
            jpytnfqjmwmxaodcq56tu/spack-src/src/Omega_h_array_ops.cpp:425:42: e
            rror: expected unqualified-id before 'bool'
     173      425 |   auto transform = OMEGA_H_LAMBDA(LO i)->bool { return a[i]
             <= a[i + 1]; };
     174          |                                          ^~~~
     175    /var/tmp/sochat1/spack-stage/spack-stage-omega-h-9.27.0-urmubdli4zq
            jpytnfqjmwmxaodcq56tu/spack-src/src/Omega_h_array_ops.cpp: In lambd
            a function:
  >> 176    /var/tmp/sochat1/spack-stage/spack-stage-omega-h-9.27.0-urmubdli4zq
            jpytnfqjmwmxaodcq56tu/spack-src/src/Omega_h_array_ops.cpp:499:40: e
            rror: expected '{' before '->' token
     177      499 |   auto transform = OMEGA_H_LAMBDA(LO i)->int {
     178          |                                        ^~
     179    /var/tmp/sochat1/spack-stage/spack-stage-omega-h-9.27.0-urmubdli4zq
            jpytnfqjmwmxaodcq56tu/spack-src/src/Omega_h_array_ops.cpp: In funct
            ion 'int Omega_h::max_exponent(Omega_h::Reals)':
  >> 180    /var/tmp/sochat1/spack-stage/spack-stage-omega-h-9.27.0-urmubdli4zq
            jpytnfqjmwmxaodcq56tu/spack-src/src/Omega_h_array_ops.cpp:499:40: e
            rror: base operand of '->' has non-pointer type 'Omega_h::max_expon
            ent(Omega_h::Reals)::<lambda(Omega_h::LO)>'
  >> 181    /var/tmp/sochat1/spack-stage/spack-stage-omega-h-9.27.0-urmubdli4zq
            jpytnfqjmwmxaodcq56tu/spack-src/src/Omega_h_array_ops.cpp:499:42: e
            rror: expected unqualified-id before 'int'
     182      499 |   auto transform = OMEGA_H_LAMBDA(LO i)->int {
     183          |                                          ^~~
     184    /var/tmp/sochat1/spack-stage/spack-stage-omega-h-9.27.0-urmubdli4zq
            jpytnfqjmwmxaodcq56tu/spack-src/src/Omega_h_array_ops.cpp: In lambd
            a function:
  >> 185    /var/tmp/sochat1/spack-stage/spack-stage-omega-h-9.27.0-urmubdli4zq
            jpytnfqjmwmxaodcq56tu/spack-src/src/Omega_h_array_ops.cpp:516:40: e
            rror: expected '{' before '->' token
     186      516 |   auto transform = OMEGA_H_LAMBDA(LO i)->Int128 {
     187          |                                        ^~
     188    /var/tmp/sochat1/spack-stage/spack-stage-omega-h-9.27.0-urmubdli4zq
            jpytnfqjmwmxaodcq56tu/spack-src/src/Omega_h_array_ops.cpp: In funct
            ion 'Omega_h::Int128 Omega_h::int128_sum(Omega_h::Reals, double)':
  >> 189    /var/tmp/sochat1/spack-stage/spack-stage-omega-h-9.27.0-urmubdli4zq
            jpytnfqjmwmxaodcq56tu/spack-src/src/Omega_h_array_ops.cpp:516:40: e
            rror: base operand of '->' has non-pointer type 'Omega_h::int128_su
            m(Omega_h::Reals, double)::<lambda(Omega_h::LO)>'
     190    In file included from /var/tmp/sochat1/spack-stage/spack-stage-omeg
            a-h-9.27.0-urmubdli4zqjpytnfqjmwmxaodcq56tu/spack-src/src/Omega_h_m
            pi.h:4,
     191                     from /var/tmp/sochat1/spack-stage/spack-stage-omeg
            a-h-9.27.0-urmubdli4zqjpytnfqjmwmxaodcq56tu/spack-src/src/Omega_h_c
            omm.hpp:6,
     192                     from /var/tmp/sochat1/spack-stage/spack-stage-omeg
            a-h-9.27.0-urmubdli4zqjpytnfqjmwmxaodcq56tu/spack-src/src/Omega_h_a
            rray_ops.hpp:6,
     193                     from /var/tmp/sochat1/spack-stage/spack-stage-omeg
            a-h-9.27.0-urmubdli4zqjpytnfqjmwmxaodcq56tu/spack-src/src/Omega_h_a
            rray_ops.cpp:1:
     194    /var/tmp/sochat1/spack-stage/spack-stage-omega-h-9.27.0-urmubdli4zq
            jpytnfqjmwmxaodcq56tu/spack-src/src/Omega_h_array_ops.cpp: In insta
            ntiation of 'Omega_h::promoted_t<T> Omega_h::get_sum(Omega_h::Read<
            T>) [with T = signed char; Omega_h::promoted_t<T> = int]':
     195    /var/tmp/sochat1/spack-stage/spack-stage-omega-h-9.27.0-urmubdli4zq
            jpytnfqjmwmxaodcq56tu/spack-src/src/Omega_h_array_ops.cpp:610:1:   
            required from here
  >> 196    /var/tmp/sochat1/spack-stage/spack-stage-omega-h-9.27.0-urmubdli4zq
            jpytnfqjmwmxaodcq56tu/spack-src/src/Omega_h_macros.h:45:29: error: 
            base operand of '->' has non-pointer type 'Omega_h::get_sum<signed 
            char>::<lambda(signed char)>'
     197       45 | #define OMEGA_H_LAMBDA(...) [=](__VA_ARGS__) __attribute__(
            (always_inline, flatten))
     198          |                             ^
     199    /var/tmp/sochat1/spack-stage/spack-stage-omega-h-9.27.0-urmubdli4zq
            jpytnfqjmwmxaodcq56tu/spack-src/src/Omega_h_array_ops.cpp:25:7: not
            e: in expansion of macro 'OMEGA_H_LAMBDA'
     200       25 |       OMEGA_H_LAMBDA(T val)->PT { return PT(val); });
     201          |       ^~~~~~~~~~~~~~
     202    /var/tmp/sochat1/spack-stage/spack-stage-omega-h-9.27.0-urmubdli4zq
            jpytnfqjmwmxaodcq56tu/spack-src/src/Omega_h_array_ops.cpp: In insta
            ntiation of 'Omega_h::LO Omega_h::find_last(Omega_h::Read<T>, T) [w
            ith T = signed char; Omega_h::LO = int]':
     203    /var/tmp/sochat1/spack-stage/spack-stage-omega-h-9.27.0-urmubdli4zq
            jpytnfqjmwmxaodcq56tu/spack-src/src/Omega_h_array_ops.cpp:610:1:   
            required from here
  >> 204    /var/tmp/sochat1/spack-stage/spack-stage-omega-h-9.27.0-urmubdli4zq
            jpytnfqjmwmxaodcq56tu/spack-src/src/Omega_h_macros.h:45:29: error: 
            base operand of '->' has non-pointer type 'Omega_h::find_last<signe
            d char>::<lambda(Omega_h::LO)>'
     205       45 | #define OMEGA_H_LAMBDA(...) [=](__VA_ARGS__) __attribute__(
            (always_inline, flatten))
     206          |                             ^
     207    /var/tmp/sochat1/spack-stage/spack-stage-omega-h-9.27.0-urmubdli4zq
            jpytnfqjmwmxaodcq56tu/spack-src/src/Omega_h_array_ops.cpp:409:20: n
            ote: in expansion of macro 'OMEGA_H_LAMBDA'
     208      409 |   auto transform = OMEGA_H_LAMBDA(LO i)->LO {
     209          |                    ^~~~~~~~~~~~~~
     210    /var/tmp/sochat1/spack-stage/spack-stage-omega-h-9.27.0-urmubdli4zq
            jpytnfqjmwmxaodcq56tu/spack-src/src/Omega_h_array_ops.cpp: In insta
            ntiation of 'Omega_h::promoted_t<T> Omega_h::get_sum(Omega_h::Read<
            T>) [with T = int; Omega_h::promoted_t<T> = int]':
     211    /var/tmp/sochat1/spack-stage/spack-stage-omega-h-9.27.0-urmubdli4zq
            jpytnfqjmwmxaodcq56tu/spack-src/src/Omega_h_array_ops.cpp:611:1:   
            required from here
  >> 212    /var/tmp/sochat1/spack-stage/spack-stage-omega-h-9.27.0-urmubdli4zq
            jpytnfqjmwmxaodcq56tu/spack-src/src/Omega_h_macros.h:45:29: error: 
            base operand of '->' has non-pointer type 'Omega_h::get_sum<int>::<
            lambda(int)>'
     213       45 | #define OMEGA_H_LAMBDA(...) [=](__VA_ARGS__) __attribute__(
            (always_inline, flatten))
     214          |                             ^
     215    /var/tmp/sochat1/spack-stage/spack-stage-omega-h-9.27.0-urmubdli4zq
            jpytnfqjmwmxaodcq56tu/spack-src/src/Omega_h_array_ops.cpp:25:7: not
            e: in expansion of macro 'OMEGA_H_LAMBDA'
     216       25 |       OMEGA_H_LAMBDA(T val)->PT { return PT(val); });
     217          |       ^~~~~~~~~~~~~~
     218    /var/tmp/sochat1/spack-stage/spack-stage-omega-h-9.27.0-urmubdli4zq
            jpytnfqjmwmxaodcq56tu/spack-src/src/Omega_h_array_ops.cpp: In insta
            ntiation of 'Omega_h::LO Omega_h::find_last(Omega_h::Read<T>, T) [w
            ith T = int; Omega_h::LO = int]':
     219    /var/tmp/sochat1/spack-stage/spack-stage-omega-h-9.27.0-urmubdli4zq
            jpytnfqjmwmxaodcq56tu/spack-src/src/Omega_h_array_ops.cpp:611:1:   
            required from here
  >> 220    /var/tmp/sochat1/spack-stage/spack-stage-omega-h-9.27.0-urmubdli4zq
            jpytnfqjmwmxaodcq56tu/spack-src/src/Omega_h_macros.h:45:29: error: 
            base operand of '->' has non-pointer type 'Omega_h::find_last<int>:
            :<lambda(Omega_h::LO)>'
     221       45 | #define OMEGA_H_LAMBDA(...) [=](__VA_ARGS__) __attribute__(
            (always_inline, flatten))
     222          |                             ^
     223    /var/tmp/sochat1/spack-stage/spack-stage-omega-h-9.27.0-urmubdli4zq
            jpytnfqjmwmxaodcq56tu/spack-src/src/Omega_h_array_ops.cpp:409:20: n
            ote: in expansion of macro 'OMEGA_H_LAMBDA'
     224      409 |   auto transform = OMEGA_H_LAMBDA(LO i)->LO {
     225          |                    ^~~~~~~~~~~~~~
     226    /var/tmp/sochat1/spack-stage/spack-stage-omega-h-9.27.0-urmubdli4zq
            jpytnfqjmwmxaodcq56tu/spack-src/src/Omega_h_array_ops.cpp: In insta
            ntiation of 'Omega_h::promoted_t<T> Omega_h::get_sum(Omega_h::Read<
            T>) [with T = long int; Omega_h::promoted_t<T> = long int]':
     227    /var/tmp/sochat1/spack-stage/spack-stage-omega-h-9.27.0-urmubdli4zq
            jpytnfqjmwmxaodcq56tu/spack-src/src/Omega_h_array_ops.cpp:612:1:   
            required from here
  >> 228    /var/tmp/sochat1/spack-stage/spack-stage-omega-h-9.27.0-urmubdli4zq
            jpytnfqjmwmxaodcq56tu/spack-src/src/Omega_h_macros.h:45:29: error: 
            base operand of '->' has non-pointer type 'Omega_h::get_sum<long in
            t>::<lambda(long int)>'
     229       45 | #define OMEGA_H_LAMBDA(...) [=](__VA_ARGS__) __attribute__(
            (always_inline, flatten))
     230          |                             ^
     231    /var/tmp/sochat1/spack-stage/spack-stage-omega-h-9.27.0-urmubdli4zq
            jpytnfqjmwmxaodcq56tu/spack-src/src/Omega_h_array_ops.cpp:25:7: not
            e: in expansion of macro 'OMEGA_H_LAMBDA'
     232       25 |       OMEGA_H_LAMBDA(T val)->PT { return PT(val); });
     233          |       ^~~~~~~~~~~~~~
     234    /var/tmp/sochat1/spack-stage/spack-stage-omega-h-9.27.0-urmubdli4zq
            jpytnfqjmwmxaodcq56tu/spack-src/src/Omega_h_array_ops.cpp: In insta
            ntiation of 'Omega_h::LO Omega_h::find_last(Omega_h::Read<T>, T) [w
            ith T = long int; Omega_h::LO = int]':
     235    /var/tmp/sochat1/spack-stage/spack-stage-omega-h-9.27.0-urmubdli4zq
            jpytnfqjmwmxaodcq56tu/spack-src/src/Omega_h_array_ops.cpp:612:1:   
            required from here
  >> 236    /var/tmp/sochat1/spack-stage/spack-stage-omega-h-9.27.0-urmubdli4zq
            jpytnfqjmwmxaodcq56tu/spack-src/src/Omega_h_macros.h:45:29: error: 
            base operand of '->' has non-pointer type 'Omega_h::find_last<long 
            int>::<lambda(Omega_h::LO)>'
     237       45 | #define OMEGA_H_LAMBDA(...) [=](__VA_ARGS__) __attribute__(
            (always_inline, flatten))
     238          |                             ^
     239    /var/tmp/sochat1/spack-stage/spack-stage-omega-h-9.27.0-urmubdli4zq
            jpytnfqjmwmxaodcq56tu/spack-src/src/Omega_h_array_ops.cpp:409:20: n
            ote: in expansion of macro 'OMEGA_H_LAMBDA'
     240      409 |   auto transform = OMEGA_H_LAMBDA(LO i)->LO {
     241          |                    ^~~~~~~~~~~~~~
     242    /var/tmp/sochat1/spack-stage/spack-stage-omega-h-9.27.0-urmubdli4zq
            jpytnfqjmwmxaodcq56tu/spack-src/src/Omega_h_array_ops.cpp: In insta
            ntiation of 'Omega_h::promoted_t<T> Omega_h::get_sum(Omega_h::Read<
            T>) [with T = double; Omega_h::promoted_t<T> = double]':
     243    /var/tmp/sochat1/spack-stage/spack-stage-omega-h-9.27.0-urmubdli4zq
            jpytnfqjmwmxaodcq56tu/spack-src/src/Omega_h_array_ops.cpp:613:1:   
            required from here
  >> 244    /var/tmp/sochat1/spack-stage/spack-stage-omega-h-9.27.0-urmubdli4zq
            jpytnfqjmwmxaodcq56tu/spack-src/src/Omega_h_macros.h:45:29: error: 
            base operand of '->' has non-pointer type 'Omega_h::get_sum<double>
            ::<lambda(double)>'
     245       45 | #define OMEGA_H_LAMBDA(...) [=](__VA_ARGS__) __attribute__(
            (always_inline, flatten))
     246          |                             ^
     247    /var/tmp/sochat1/spack-stage/spack-stage-omega-h-9.27.0-urmubdli4zq
            jpytnfqjmwmxaodcq56tu/spack-src/src/Omega_h_array_ops.cpp:25:7: not
            e: in expansion of macro 'OMEGA_H_LAMBDA'
     248       25 |       OMEGA_H_LAMBDA(T val)->PT { return PT(val); });
     249          |       ^~~~~~~~~~~~~~
     250    /var/tmp/sochat1/spack-stage/spack-stage-omega-h-9.27.0-urmubdli4zq
            jpytnfqjmwmxaodcq56tu/spack-src/src/Omega_h_array_ops.cpp: In insta
            ntiation of 'Omega_h::LO Omega_h::find_last(Omega_h::Read<T>, T) [w
            ith T = double; Omega_h::LO = int]':
     251    /var/tmp/sochat1/spack-stage/spack-stage-omega-h-9.27.0-urmubdli4zq
            jpytnfqjmwmxaodcq56tu/spack-src/src/Omega_h_array_ops.cpp:613:1:   
            required from here
  >> 252    /var/tmp/sochat1/spack-stage/spack-stage-omega-h-9.27.0-urmubdli4zq
            jpytnfqjmwmxaodcq56tu/spack-src/src/Omega_h_macros.h:45:29: error: 
            base operand of '->' has non-pointer type 'Omega_h::find_last<doubl
            e>::<lambda(Omega_h::LO)>'
     253       45 | #define OMEGA_H_LAMBDA(...) [=](__VA_ARGS__) __attribute__(
            (always_inline, flatten))
     254          |                             ^
     255    /var/tmp/sochat1/spack-stage/spack-stage-omega-h-9.27.0-urmubdli4zq
            jpytnfqjmwmxaodcq56tu/spack-src/src/Omega_h_array_ops.cpp:409:20: n
            ote: in expansion of macro 'OMEGA_H_LAMBDA'
     256      409 |   auto transform = OMEGA_H_LAMBDA(LO i)->LO {
     257          |                    ^~~~~~~~~~~~~~
     258    /var/tmp/sochat1/spack-stage/spack-stage-omega-h-9.27.0-urmubdli4zq
            jpytnfqjmwmxaodcq56tu/spack-src/src/Omega_h_array_ops.cpp: In funct
            ion 'bool Omega_h::operator==(Omega_h::Read<T>, Omega_h::Read<T>) [
            with T = signed char]':

     ...

     284       15 |   auto const init = true;
     285          |              ^~~~
     286    /var/tmp/sochat1/spack-stage/spack-stage-omega-h-9.27.0-urmubdli4zq
            jpytnfqjmwmxaodcq56tu/spack-src/src/Omega_h_array_ops.cpp: In funct
            ion 'bool Omega_h::is_sorted(Omega_h::Read<T>) [with T = double]':
     287    /var/tmp/sochat1/spack-stage/spack-stage-omega-h-9.27.0-urmubdli4zq
            jpytnfqjmwmxaodcq56tu/spack-src/src/Omega_h_array_ops.cpp:423:14: w
            arning: control reaches end of non-void function [-Wreturn-type]
     288      423 |   auto const init = true;
     289          |              ^~~~
  >> 290    make[2]: *** [src/CMakeFiles/omega_h.dir/Omega_h_array_ops.cpp.o] E
            rror 1
     291    make[2]: *** Waiting for unfinished jobs....
     292    make[2]: Leaving directory `/tmp/sochat1/spack-stage/spack-stage-om
            ega-h-9.27.0-urmubdli4zqjpytnfqjmwmxaodcq56tu/spack-build-urmubdl'
  >> 293    make[1]: *** [src/CMakeFiles/omega_h.dir/all] Error 2
     294    make[1]: Leaving directory `/tmp/sochat1/spack-stage/spack-stage-om
            ega-h-9.27.0-urmubdli4zqjpytnfqjmwmxaodcq56tu/spack-build-urmubdl'
  >> 295    make: *** [all] Error 2

See build log for details:
  /var/tmp/sochat1/spack-stage/spack-stage-omega-h-9.27.0-urmubdli4zqjpytnfqjmwmxaodcq56tu/spack-build-out.txt

Making predictions for symbolator
Making predictions for libabigail
Making predictions for actual
/var/spool/slurmd/job100644/slurm_script: line 12: 72745 Killed                  spliced splice --package omega-h@9.27.0 --splice cmake --runner spack --replace cmake --experiment experiment --outfile /p/vast1/build/spliced-experiment/results/omega-h/9.27.0/cmake/experiment.json
==> Warning: omega-h-9.27.0-urmubdli4zqjpytnfqjmwmxaodcq56tu failed to install
==> Warning: AssertionError exception when releasing read lock for omega-h-9.27.0-urmubdli4zqjpytnfqjmwmxaodcq56tu: 
==> Error: omega-h-9.27.0-urmubdli4zqjpytnfqjmwmxaodcq56tu: Package was not installed
Making predictions for spack-test
Making predictions for symbolator
Making predictions for libabigail
abicompat not found on path, will look for spack instead.
Making predictions for actual
