==> Error: ProcessError: Command exited with status 2:
    'make' '-j2'

34 errors found in build log:
     112    cd /tmp/sochat1/spack-stage/spack-stage-omega-h-9.19.1-upr5a5fldgj2
            zxfsnled36inmyjk5if7/spack-build-upr5a5f/src && /p/vast1/build/spac
            k/opt/spack/linux-rhel7-broadwell/gcc-10.2.1/openmpi-4.1.2-mtnsjnbj
            5kuefhd6gtupaglpuytu6vhz/bin/mpic++ -Domega_h_EXPORTS -I/var/tmp/so
            chat1/spack-stage/spack-stage-omega-h-9.19.1-upr5a5fldgj2zxfsnled36
            inmyjk5if7/spack-src/src -I/tmp/sochat1/spack-stage/spack-stage-ome
            ga-h-9.19.1-upr5a5fldgj2zxfsnled36inmyjk5if7/spack-build-upr5a5f/sr
            c -I/var/tmp/sochat1/spack-stage/spack-stage-omega-h-9.19.1-upr5a5f
            ldgj2zxfsnled36inmyjk5if7/spack-src/tpl -I/p/vast1/build/spack/opt/
            spack/linux-rhel7-broadwell/gcc-10.2.1/trilinos-13.0.1-ek3l55mwgojt
            jozcq4td2bstgfpxei4m/include -I/p/vast1/build/spack/opt/spack/linux
            -rhel7-broadwell/gcc-10.2.1/hwloc-2.7.0-zcvfxqfecuheq2vakvpuosok2av
            akr6j/include -isystem /p/vast1/build/spack/opt/spack/linux-rhel7-b
            roadwell/gcc-10.2.1/zlib-1.2.11-su2ldy5ofm424qnly3kitbbdgwovpfk4/in
            clude -O3 -g --std=c++11  -fno-omit-frame-pointer  -fPIC -std=gnu++
            14 -MD -MT src/CMakeFiles/omega_h.dir/Omega_h_timer.cpp.o -MF CMake
            Files/omega_h.dir/Omega_h_timer.cpp.o.d -o CMakeFiles/omega_h.dir/O
            mega_h_timer.cpp.o -c /var/tmp/sochat1/spack-stage/spack-stage-omeg
            a-h-9.19.1-upr5a5fldgj2zxfsnled36inmyjk5if7/spack-src/src/Omega_h_t
            imer.cpp
     113    [  2%] Building CXX object src/CMakeFiles/omega_h.dir/Omega_h_array
            .cpp.o
     114    cd /tmp/sochat1/spack-stage/spack-stage-omega-h-9.19.1-upr5a5fldgj2
            zxfsnled36inmyjk5if7/spack-build-upr5a5f/src && /p/vast1/build/spac
            k/opt/spack/linux-rhel7-broadwell/gcc-10.2.1/openmpi-4.1.2-mtnsjnbj
            5kuefhd6gtupaglpuytu6vhz/bin/mpic++ -Domega_h_EXPORTS -I/var/tmp/so
            chat1/spack-stage/spack-stage-omega-h-9.19.1-upr5a5fldgj2zxfsnled36
            inmyjk5if7/spack-src/src -I/tmp/sochat1/spack-stage/spack-stage-ome
            ga-h-9.19.1-upr5a5fldgj2zxfsnled36inmyjk5if7/spack-build-upr5a5f/sr
            c -I/var/tmp/sochat1/spack-stage/spack-stage-omega-h-9.19.1-upr5a5f
            ldgj2zxfsnled36inmyjk5if7/spack-src/tpl -I/p/vast1/build/spack/opt/
            spack/linux-rhel7-broadwell/gcc-10.2.1/trilinos-13.0.1-ek3l55mwgojt
            jozcq4td2bstgfpxei4m/include -I/p/vast1/build/spack/opt/spack/linux
            -rhel7-broadwell/gcc-10.2.1/hwloc-2.7.0-zcvfxqfecuheq2vakvpuosok2av
            akr6j/include -isystem /p/vast1/build/spack/opt/spack/linux-rhel7-b
            roadwell/gcc-10.2.1/zlib-1.2.11-su2ldy5ofm424qnly3kitbbdgwovpfk4/in
            clude -O3 -g --std=c++11  -fno-omit-frame-pointer  -fPIC -std=gnu++
            14 -MD -MT src/CMakeFiles/omega_h.dir/Omega_h_array.cpp.o -MF CMake
            Files/omega_h.dir/Omega_h_array.cpp.o.d -o CMakeFiles/omega_h.dir/O
            mega_h_array.cpp.o -c /var/tmp/sochat1/spack-stage/spack-stage-omeg
            a-h-9.19.1-upr5a5fldgj2zxfsnled36inmyjk5if7/spack-src/src/Omega_h_a
            rray.cpp
     115    [  3%] Building CXX object src/CMakeFiles/omega_h.dir/Omega_h_array
            _ops.cpp.o
     116    cd /tmp/sochat1/spack-stage/spack-stage-omega-h-9.19.1-upr5a5fldgj2
            zxfsnled36inmyjk5if7/spack-build-upr5a5f/src && /p/vast1/build/spac
            k/opt/spack/linux-rhel7-broadwell/gcc-10.2.1/openmpi-4.1.2-mtnsjnbj
            5kuefhd6gtupaglpuytu6vhz/bin/mpic++ -Domega_h_EXPORTS -I/var/tmp/so
            chat1/spack-stage/spack-stage-omega-h-9.19.1-upr5a5fldgj2zxfsnled36
            inmyjk5if7/spack-src/src -I/tmp/sochat1/spack-stage/spack-stage-ome
            ga-h-9.19.1-upr5a5fldgj2zxfsnled36inmyjk5if7/spack-build-upr5a5f/sr
            c -I/var/tmp/sochat1/spack-stage/spack-stage-omega-h-9.19.1-upr5a5f
            ldgj2zxfsnled36inmyjk5if7/spack-src/tpl -I/p/vast1/build/spack/opt/
            spack/linux-rhel7-broadwell/gcc-10.2.1/trilinos-13.0.1-ek3l55mwgojt
            jozcq4td2bstgfpxei4m/include -I/p/vast1/build/spack/opt/spack/linux
            -rhel7-broadwell/gcc-10.2.1/hwloc-2.7.0-zcvfxqfecuheq2vakvpuosok2av
            akr6j/include -isystem /p/vast1/build/spack/opt/spack/linux-rhel7-b
            roadwell/gcc-10.2.1/zlib-1.2.11-su2ldy5ofm424qnly3kitbbdgwovpfk4/in
            clude -O3 -g --std=c++11  -fno-omit-frame-pointer  -fPIC -std=gnu++
            14 -MD -MT src/CMakeFiles/omega_h.dir/Omega_h_array_ops.cpp.o -MF C
            MakeFiles/omega_h.dir/Omega_h_array_ops.cpp.o.d -o CMakeFiles/omega
            _h.dir/Omega_h_array_ops.cpp.o -c /var/tmp/sochat1/spack-stage/spac
            k-stage-omega-h-9.19.1-upr5a5fldgj2zxfsnled36inmyjk5if7/spack-src/s
            rc/Omega_h_array_ops.cpp
     117    /var/tmp/sochat1/spack-stage/spack-stage-omega-h-9.19.1-upr5a5fldgj
            2zxfsnled36inmyjk5if7/spack-src/src/Omega_h_array_ops.cpp: In lambd
            a function:
  >> 118    /var/tmp/sochat1/spack-stage/spack-stage-omega-h-9.19.1-upr5a5fldgj
            2zxfsnled36inmyjk5if7/spack-src/src/Omega_h_array_ops.cpp:17:41: er
            ror: expected '{' before '->' token
     119       17 |   auto transform = OMEGA_H_LAMBDA(LO i) -> bool {
     120          |                                         ^~
     121    /var/tmp/sochat1/spack-stage/spack-stage-omega-h-9.19.1-upr5a5fldgj
            2zxfsnled36inmyjk5if7/spack-src/src/Omega_h_array_ops.cpp: In funct
            ion 'bool Omega_h::operator==(Omega_h::Read<T>, Omega_h::Read<T>)':
  >> 122    /var/tmp/sochat1/spack-stage/spack-stage-omega-h-9.19.1-upr5a5fldgj
            2zxfsnled36inmyjk5if7/spack-src/src/Omega_h_array_ops.cpp:17:44: er
            ror: expected unqualified-id before 'bool'
     123       17 |   auto transform = OMEGA_H_LAMBDA(LO i) -> bool {
     124          |                                            ^~~~
     125    /var/tmp/sochat1/spack-stage/spack-stage-omega-h-9.19.1-upr5a5fldgj
            2zxfsnled36inmyjk5if7/spack-src/src/Omega_h_array_ops.cpp: In lambd
            a function:
  >> 126    /var/tmp/sochat1/spack-stage/spack-stage-omega-h-9.19.1-upr5a5fldgj
            2zxfsnled36inmyjk5if7/spack-src/src/Omega_h_array_ops.cpp:27:28: er
            ror: expected '{' before '->' token
     127       27 |       OMEGA_H_LAMBDA(T val)->PT { return PT(val); });
     128          |                            ^~
     129    /var/tmp/sochat1/spack-stage/spack-stage-omega-h-9.19.1-upr5a5fldgj
            2zxfsnled36inmyjk5if7/spack-src/src/Omega_h_array_ops.cpp: In funct
            ion 'Omega_h::promoted_t<T> Omega_h::get_sum(Omega_h::Read<T>)':
  >> 130    /var/tmp/sochat1/spack-stage/spack-stage-omega-h-9.19.1-upr5a5fldgj
            2zxfsnled36inmyjk5if7/spack-src/src/Omega_h_array_ops.cpp:27:32: er
            ror: expected ')' before '{' token
     131       27 |       OMEGA_H_LAMBDA(T val)->PT { return PT(val); });
     132          |                                ^~
     133          |                                )
     134    /var/tmp/sochat1/spack-stage/spack-stage-omega-h-9.19.1-upr5a5fldgj
            2zxfsnled36inmyjk5if7/spack-src/src/Omega_h_array_ops.cpp:26:26: no
            te: to match this '('
     135       26 |   return transform_reduce(a.begin(), a.end(), PT(0), plus<P
            T>(),
     136          |                          ^
     137    /var/tmp/sochat1/spack-stage/spack-stage-omega-h-9.19.1-upr5a5fldgj
            2zxfsnled36inmyjk5if7/spack-src/src/Omega_h_array_ops.cpp: In lambd
            a function:
  >> 138    /var/tmp/sochat1/spack-stage/spack-stage-omega-h-9.19.1-upr5a5fldgj
            2zxfsnled36inmyjk5if7/spack-src/src/Omega_h_array_ops.cpp:41:41: er
            ror: expected '{' before '->' token
     139       41 |   auto transform = OMEGA_H_LAMBDA(LO i) -> promoted_t<T> {
     140          |                                         ^~
     141    /var/tmp/sochat1/spack-stage/spack-stage-omega-h-9.19.1-upr5a5fldgj
            2zxfsnled36inmyjk5if7/spack-src/src/Omega_h_array_ops.cpp: In funct
            ion 'T Omega_h::get_min(Omega_h::Read<T>)':
  >> 142    /var/tmp/sochat1/spack-stage/spack-stage-omega-h-9.19.1-upr5a5fldgj
            2zxfsnled36inmyjk5if7/spack-src/src/Omega_h_array_ops.cpp:41:44: er
            ror: invalid use of 'using promoted_t = typename Omega_h::Promoted<
            T>::type'
     143       41 |   auto transform = OMEGA_H_LAMBDA(LO i) -> promoted_t<T> {
     144          |                                            ^~~~~~~~~~~~~
     145    /var/tmp/sochat1/spack-stage/spack-stage-omega-h-9.19.1-upr5a5fldgj
            2zxfsnled36inmyjk5if7/spack-src/src/Omega_h_array_ops.cpp: In lambd
            a function:
  >> 146    /var/tmp/sochat1/spack-stage/spack-stage-omega-h-9.19.1-upr5a5fldgj
            2zxfsnled36inmyjk5if7/spack-src/src/Omega_h_array_ops.cpp:54:41: er
            ror: expected '{' before '->' token
     147       54 |   auto transform = OMEGA_H_LAMBDA(LO i) -> promoted_t<T> {
     148          |                                         ^~
     149    /var/tmp/sochat1/spack-stage/spack-stage-omega-h-9.19.1-upr5a5fldgj
            2zxfsnled36inmyjk5if7/spack-src/src/Omega_h_array_ops.cpp: In funct
            ion 'T Omega_h::get_max(Omega_h::Read<T>)':
  >> 150    /var/tmp/sochat1/spack-stage/spack-stage-omega-h-9.19.1-upr5a5fldgj
            2zxfsnled36inmyjk5if7/spack-src/src/Omega_h_array_ops.cpp:54:44: er
            ror: invalid use of 'using promoted_t = typename Omega_h::Promoted<
            T>::type'
     151       54 |   auto transform = OMEGA_H_LAMBDA(LO i) -> promoted_t<T> {
     152          |                                            ^~~~~~~~~~~~~
     153    /var/tmp/sochat1/spack-stage/spack-stage-omega-h-9.19.1-upr5a5fldgj
            2zxfsnled36inmyjk5if7/spack-src/src/Omega_h_array_ops.cpp: In lambd
            a function:
  >> 154    /var/tmp/sochat1/spack-stage/spack-stage-omega-h-9.19.1-upr5a5fldgj
            2zxfsnled36inmyjk5if7/spack-src/src/Omega_h_array_ops.cpp:82:41: er
            ror: expected '{' before '->' token
     155       82 |   auto transform = OMEGA_H_LAMBDA(LO i) -> bool {
     156          |                                         ^~
     157    /var/tmp/sochat1/spack-stage/spack-stage-omega-h-9.19.1-upr5a5fldgj
            2zxfsnled36inmyjk5if7/spack-src/src/Omega_h_array_ops.cpp: In funct
            ion 'bool Omega_h::are_close(Omega_h::Reals, Omega_h::Reals, Omega_
            h::Real, Omega_h::Real)':
  >> 158    /var/tmp/sochat1/spack-stage/spack-stage-omega-h-9.19.1-upr5a5fldgj
            2zxfsnled36inmyjk5if7/spack-src/src/Omega_h_array_ops.cpp:82:41: er
            ror: base operand of '->' has non-pointer type 'Omega_h::are_close(
            Omega_h::Reals, Omega_h::Reals, Omega_h::Real, Omega_h::Real)::<lam
            bda(Omega_h::LO)>'
  >> 159    /var/tmp/sochat1/spack-stage/spack-stage-omega-h-9.19.1-upr5a5fldgj
            2zxfsnled36inmyjk5if7/spack-src/src/Omega_h_array_ops.cpp:82:44: er
            ror: expected unqualified-id before 'bool'
     160       82 |   auto transform = OMEGA_H_LAMBDA(LO i) -> bool {
     161          |                                            ^~~~
     162    /var/tmp/sochat1/spack-stage/spack-stage-omega-h-9.19.1-upr5a5fldgj
            2zxfsnled36inmyjk5if7/spack-src/src/Omega_h_array_ops.cpp: In lambd
            a function:
  >> 163    /var/tmp/sochat1/spack-stage/spack-stage-omega-h-9.19.1-upr5a5fldgj
            2zxfsnled36inmyjk5if7/spack-src/src/Omega_h_array_ops.cpp:95:41: er
            ror: expected '{' before '->' token
     164       95 |   auto transform = OMEGA_H_LAMBDA(LO i) -> bool {
     165          |                                         ^~
     166    /var/tmp/sochat1/spack-stage/spack-stage-omega-h-9.19.1-upr5a5fldgj
            2zxfsnled36inmyjk5if7/spack-src/src/Omega_h_array_ops.cpp: In funct
            ion 'bool Omega_h::are_close_abs(Omega_h::Reals, Omega_h::Reals, Om
            ega_h::Real)':
  >> 167    /var/tmp/sochat1/spack-stage/spack-stage-omega-h-9.19.1-upr5a5fldgj
            2zxfsnled36inmyjk5if7/spack-src/src/Omega_h_array_ops.cpp:95:41: er
            ror: base operand of '->' has non-pointer type 'Omega_h::are_close_
            abs(Omega_h::Reals, Omega_h::Reals, Omega_h::Real)::<lambda(Omega_h
            ::LO)>'
  >> 168    /var/tmp/sochat1/spack-stage/spack-stage-omega-h-9.19.1-upr5a5fldgj
            2zxfsnled36inmyjk5if7/spack-src/src/Omega_h_array_ops.cpp:95:44: er
            ror: expected unqualified-id before 'bool'
     169       95 |   auto transform = OMEGA_H_LAMBDA(LO i) -> bool {
     170          |                                            ^~~~
     171    /var/tmp/sochat1/spack-stage/spack-stage-omega-h-9.19.1-upr5a5fldgj
            2zxfsnled36inmyjk5if7/spack-src/src/Omega_h_array_ops.cpp: In lambd
            a function:
  >> 172    /var/tmp/sochat1/spack-stage/spack-stage-omega-h-9.19.1-upr5a5fldgj
            2zxfsnled36inmyjk5if7/spack-src/src/Omega_h_array_ops.cpp:409:41: e
            rror: expected '{' before '->' token
     173      409 |   auto transform = OMEGA_H_LAMBDA(LO i) -> LO {
     174          |                                         ^~
     175    /var/tmp/sochat1/spack-stage/spack-stage-omega-h-9.19.1-upr5a5fldgj
            2zxfsnled36inmyjk5if7/spack-src/src/Omega_h_array_ops.cpp: In funct
            ion 'Omega_h::LO Omega_h::find_last(Omega_h::Read<T>, T)':
  >> 176    /var/tmp/sochat1/spack-stage/spack-stage-omega-h-9.19.1-upr5a5fldgj
            2zxfsnled36inmyjk5if7/spack-src/src/Omega_h_array_ops.cpp:409:47: e
            rror: expected ',' or ';' before '{' token
     177      409 |   auto transform = OMEGA_H_LAMBDA(LO i) -> LO {
     178          |                                               ^
     179    /var/tmp/sochat1/spack-stage/spack-stage-omega-h-9.19.1-upr5a5fldgj
            2zxfsnled36inmyjk5if7/spack-src/src/Omega_h_array_ops.cpp: In lambd
            a function:
  >> 180    /var/tmp/sochat1/spack-stage/spack-stage-omega-h-9.19.1-upr5a5fldgj
            2zxfsnled36inmyjk5if7/spack-src/src/Omega_h_array_ops.cpp:423:41: e
            rror: expected '{' before '->' token
     181      423 |   auto transform = OMEGA_H_LAMBDA(LO i) -> bool {
     182          |                                         ^~
     183    /var/tmp/sochat1/spack-stage/spack-stage-omega-h-9.19.1-upr5a5fldgj
            2zxfsnled36inmyjk5if7/spack-src/src/Omega_h_array_ops.cpp: In funct
            ion 'bool Omega_h::is_sorted(Omega_h::Read<T>)':
  >> 184    /var/tmp/sochat1/spack-stage/spack-stage-omega-h-9.19.1-upr5a5fldgj
            2zxfsnled36inmyjk5if7/spack-src/src/Omega_h_array_ops.cpp:423:44: e
            rror: expected unqualified-id before 'bool'
     185      423 |   auto transform = OMEGA_H_LAMBDA(LO i) -> bool {
     186          |                                            ^~~~
     187    /var/tmp/sochat1/spack-stage/spack-stage-omega-h-9.19.1-upr5a5fldgj
            2zxfsnled36inmyjk5if7/spack-src/src/Omega_h_array_ops.cpp: In lambd
            a function:
  >> 188    /var/tmp/sochat1/spack-stage/spack-stage-omega-h-9.19.1-upr5a5fldgj
            2zxfsnled36inmyjk5if7/spack-src/src/Omega_h_array_ops.cpp:499:41: e
            rror: expected '{' before '->' token
     189      499 |   auto transform = OMEGA_H_LAMBDA(LO i) -> int {
     190          |                                         ^~
     191    /var/tmp/sochat1/spack-stage/spack-stage-omega-h-9.19.1-upr5a5fldgj
            2zxfsnled36inmyjk5if7/spack-src/src/Omega_h_array_ops.cpp: In funct
            ion 'int Omega_h::max_exponent(Omega_h::Reals)':
  >> 192    /var/tmp/sochat1/spack-stage/spack-stage-omega-h-9.19.1-upr5a5fldgj
            2zxfsnled36inmyjk5if7/spack-src/src/Omega_h_array_ops.cpp:499:41: e
            rror: base operand of '->' has non-pointer type 'Omega_h::max_expon
            ent(Omega_h::Reals)::<lambda(Omega_h::LO)>'
  >> 193    /var/tmp/sochat1/spack-stage/spack-stage-omega-h-9.19.1-upr5a5fldgj
            2zxfsnled36inmyjk5if7/spack-src/src/Omega_h_array_ops.cpp:499:44: e
            rror: expected unqualified-id before 'int'
     194      499 |   auto transform = OMEGA_H_LAMBDA(LO i) -> int {
     195          |                                            ^~~
     196    /var/tmp/sochat1/spack-stage/spack-stage-omega-h-9.19.1-upr5a5fldgj
            2zxfsnled36inmyjk5if7/spack-src/src/Omega_h_array_ops.cpp: In lambd
            a function:
  >> 197    /var/tmp/sochat1/spack-stage/spack-stage-omega-h-9.19.1-upr5a5fldgj
            2zxfsnled36inmyjk5if7/spack-src/src/Omega_h_array_ops.cpp:518:41: e
            rror: expected '{' before '->' token
     198      518 |   auto transform = OMEGA_H_LAMBDA(LO i) -> Int128 {
     199          |                                         ^~
     200    /var/tmp/sochat1/spack-stage/spack-stage-omega-h-9.19.1-upr5a5fldgj
            2zxfsnled36inmyjk5if7/spack-src/src/Omega_h_array_ops.cpp: In funct
            ion 'Omega_h::Int128 Omega_h::int128_sum(Omega_h::Reals, double)':
  >> 201    /var/tmp/sochat1/spack-stage/spack-stage-omega-h-9.19.1-upr5a5fldgj
            2zxfsnled36inmyjk5if7/spack-src/src/Omega_h_array_ops.cpp:518:41: e
            rror: base operand of '->' has non-pointer type 'Omega_h::int128_su
            m(Omega_h::Reals, double)::<lambda(Omega_h::LO)>'
     202    In file included from /var/tmp/sochat1/spack-stage/spack-stage-omeg
            a-h-9.19.1-upr5a5fldgj2zxfsnled36inmyjk5if7/spack-src/src/Omega_h_m
            pi.h:4,
     203                     from /var/tmp/sochat1/spack-stage/spack-stage-omeg
            a-h-9.19.1-upr5a5fldgj2zxfsnled36inmyjk5if7/spack-src/src/Omega_h_c
            omm.hpp:6,
     204                     from /var/tmp/sochat1/spack-stage/spack-stage-omeg
            a-h-9.19.1-upr5a5fldgj2zxfsnled36inmyjk5if7/spack-src/src/Omega_h_a
            rray_ops.hpp:6,
     205                     from /var/tmp/sochat1/spack-stage/spack-stage-omeg
            a-h-9.19.1-upr5a5fldgj2zxfsnled36inmyjk5if7/spack-src/src/Omega_h_a
            rray_ops.cpp:1:
     206    /var/tmp/sochat1/spack-stage/spack-stage-omega-h-9.19.1-upr5a5fldgj
            2zxfsnled36inmyjk5if7/spack-src/src/Omega_h_array_ops.cpp: In insta
            ntiation of 'Omega_h::promoted_t<T> Omega_h::get_sum(Omega_h::Read<
            T>) [with T = signed char; Omega_h::promoted_t<T> = int]':
     207    /var/tmp/sochat1/spack-stage/spack-stage-omega-h-9.19.1-upr5a5fldgj
            2zxfsnled36inmyjk5if7/spack-src/src/Omega_h_array_ops.cpp:612:1:   
            required from here
  >> 208    /var/tmp/sochat1/spack-stage/spack-stage-omega-h-9.19.1-upr5a5fldgj
            2zxfsnled36inmyjk5if7/spack-src/src/Omega_h_macros.h:45:29: error: 
            base operand of '->' has non-pointer type 'Omega_h::get_sum<signed 
            char>::<lambda(signed char)>'
     209       45 | #define OMEGA_H_LAMBDA(...) [=](__VA_ARGS__) __attribute__(
            (always_inline, flatten))
     210          |                             ^
     211    /var/tmp/sochat1/spack-stage/spack-stage-omega-h-9.19.1-upr5a5fldgj
            2zxfsnled36inmyjk5if7/spack-src/src/Omega_h_array_ops.cpp:27:7: not
            e: in expansion of macro 'OMEGA_H_LAMBDA'
     212       27 |       OMEGA_H_LAMBDA(T val)->PT { return PT(val); });
     213          |       ^~~~~~~~~~~~~~
     214    /var/tmp/sochat1/spack-stage/spack-stage-omega-h-9.19.1-upr5a5fldgj
            2zxfsnled36inmyjk5if7/spack-src/src/Omega_h_array_ops.cpp: In insta
            ntiation of 'Omega_h::LO Omega_h::find_last(Omega_h::Read<T>, T) [w
            ith T = signed char; Omega_h::LO = int]':
     215    /var/tmp/sochat1/spack-stage/spack-stage-omega-h-9.19.1-upr5a5fldgj
            2zxfsnled36inmyjk5if7/spack-src/src/Omega_h_array_ops.cpp:612:1:   
            required from here
  >> 216    /var/tmp/sochat1/spack-stage/spack-stage-omega-h-9.19.1-upr5a5fldgj
            2zxfsnled36inmyjk5if7/spack-src/src/Omega_h_macros.h:45:29: error: 
            base operand of '->' has non-pointer type 'Omega_h::find_last<signe
            d char>::<lambda(Omega_h::LO)>'
     217       45 | #define OMEGA_H_LAMBDA(...) [=](__VA_ARGS__) __attribute__(
            (always_inline, flatten))
     218          |                             ^
     219    /var/tmp/sochat1/spack-stage/spack-stage-omega-h-9.19.1-upr5a5fldgj
            2zxfsnled36inmyjk5if7/spack-src/src/Omega_h_array_ops.cpp:409:20: n
            ote: in expansion of macro 'OMEGA_H_LAMBDA'
     220      409 |   auto transform = OMEGA_H_LAMBDA(LO i) -> LO {
     221          |                    ^~~~~~~~~~~~~~
     222    /var/tmp/sochat1/spack-stage/spack-stage-omega-h-9.19.1-upr5a5fldgj
            2zxfsnled36inmyjk5if7/spack-src/src/Omega_h_array_ops.cpp: In insta
            ntiation of 'Omega_h::promoted_t<T> Omega_h::get_sum(Omega_h::Read<
            T>) [with T = int; Omega_h::promoted_t<T> = int]':
     223    /var/tmp/sochat1/spack-stage/spack-stage-omega-h-9.19.1-upr5a5fldgj
            2zxfsnled36inmyjk5if7/spack-src/src/Omega_h_array_ops.cpp:613:1:   
            required from here
  >> 224    /var/tmp/sochat1/spack-stage/spack-stage-omega-h-9.19.1-upr5a5fldgj
            2zxfsnled36inmyjk5if7/spack-src/src/Omega_h_macros.h:45:29: error: 
            base operand of '->' has non-pointer type 'Omega_h::get_sum<int>::<
            lambda(int)>'
     225       45 | #define OMEGA_H_LAMBDA(...) [=](__VA_ARGS__) __attribute__(
            (always_inline, flatten))
     226          |                             ^
     227    /var/tmp/sochat1/spack-stage/spack-stage-omega-h-9.19.1-upr5a5fldgj
            2zxfsnled36inmyjk5if7/spack-src/src/Omega_h_array_ops.cpp:27:7: not
            e: in expansion of macro 'OMEGA_H_LAMBDA'
     228       27 |       OMEGA_H_LAMBDA(T val)->PT { return PT(val); });
     229          |       ^~~~~~~~~~~~~~
     230    /var/tmp/sochat1/spack-stage/spack-stage-omega-h-9.19.1-upr5a5fldgj
            2zxfsnled36inmyjk5if7/spack-src/src/Omega_h_array_ops.cpp: In insta
            ntiation of 'Omega_h::LO Omega_h::find_last(Omega_h::Read<T>, T) [w
            ith T = int; Omega_h::LO = int]':
     231    /var/tmp/sochat1/spack-stage/spack-stage-omega-h-9.19.1-upr5a5fldgj
            2zxfsnled36inmyjk5if7/spack-src/src/Omega_h_array_ops.cpp:613:1:   
            required from here
  >> 232    /var/tmp/sochat1/spack-stage/spack-stage-omega-h-9.19.1-upr5a5fldgj
            2zxfsnled36inmyjk5if7/spack-src/src/Omega_h_macros.h:45:29: error: 
            base operand of '->' has non-pointer type 'Omega_h::find_last<int>:
            :<lambda(Omega_h::LO)>'
     233       45 | #define OMEGA_H_LAMBDA(...) [=](__VA_ARGS__) __attribute__(
            (always_inline, flatten))
     234          |                             ^
     235    /var/tmp/sochat1/spack-stage/spack-stage-omega-h-9.19.1-upr5a5fldgj
            2zxfsnled36inmyjk5if7/spack-src/src/Omega_h_array_ops.cpp:409:20: n
            ote: in expansion of macro 'OMEGA_H_LAMBDA'
     236      409 |   auto transform = OMEGA_H_LAMBDA(LO i) -> LO {
     237          |                    ^~~~~~~~~~~~~~
     238    /var/tmp/sochat1/spack-stage/spack-stage-omega-h-9.19.1-upr5a5fldgj
            2zxfsnled36inmyjk5if7/spack-src/src/Omega_h_array_ops.cpp: In insta
            ntiation of 'Omega_h::promoted_t<T> Omega_h::get_sum(Omega_h::Read<
            T>) [with T = long int; Omega_h::promoted_t<T> = long int]':
     239    /var/tmp/sochat1/spack-stage/spack-stage-omega-h-9.19.1-upr5a5fldgj
            2zxfsnled36inmyjk5if7/spack-src/src/Omega_h_array_ops.cpp:614:1:   
            required from here
  >> 240    /var/tmp/sochat1/spack-stage/spack-stage-omega-h-9.19.1-upr5a5fldgj
            2zxfsnled36inmyjk5if7/spack-src/src/Omega_h_macros.h:45:29: error: 
            base operand of '->' has non-pointer type 'Omega_h::get_sum<long in
            t>::<lambda(long int)>'
     241       45 | #define OMEGA_H_LAMBDA(...) [=](__VA_ARGS__) __attribute__(
            (always_inline, flatten))
     242          |                             ^
     243    /var/tmp/sochat1/spack-stage/spack-stage-omega-h-9.19.1-upr5a5fldgj
            2zxfsnled36inmyjk5if7/spack-src/src/Omega_h_array_ops.cpp:27:7: not
            e: in expansion of macro 'OMEGA_H_LAMBDA'
     244       27 |       OMEGA_H_LAMBDA(T val)->PT { return PT(val); });
     245          |       ^~~~~~~~~~~~~~
     246    /var/tmp/sochat1/spack-stage/spack-stage-omega-h-9.19.1-upr5a5fldgj
            2zxfsnled36inmyjk5if7/spack-src/src/Omega_h_array_ops.cpp: In insta
            ntiation of 'Omega_h::LO Omega_h::find_last(Omega_h::Read<T>, T) [w
            ith T = long int; Omega_h::LO = int]':
     247    /var/tmp/sochat1/spack-stage/spack-stage-omega-h-9.19.1-upr5a5fldgj
            2zxfsnled36inmyjk5if7/spack-src/src/Omega_h_array_ops.cpp:614:1:   
            required from here
  >> 248    /var/tmp/sochat1/spack-stage/spack-stage-omega-h-9.19.1-upr5a5fldgj
            2zxfsnled36inmyjk5if7/spack-src/src/Omega_h_macros.h:45:29: error: 
            base operand of '->' has non-pointer type 'Omega_h::find_last<long 
            int>::<lambda(Omega_h::LO)>'
     249       45 | #define OMEGA_H_LAMBDA(...) [=](__VA_ARGS__) __attribute__(
            (always_inline, flatten))
     250          |                             ^
     251    /var/tmp/sochat1/spack-stage/spack-stage-omega-h-9.19.1-upr5a5fldgj
            2zxfsnled36inmyjk5if7/spack-src/src/Omega_h_array_ops.cpp:409:20: n
            ote: in expansion of macro 'OMEGA_H_LAMBDA'
     252      409 |   auto transform = OMEGA_H_LAMBDA(LO i) -> LO {
     253          |                    ^~~~~~~~~~~~~~
     254    /var/tmp/sochat1/spack-stage/spack-stage-omega-h-9.19.1-upr5a5fldgj
            2zxfsnled36inmyjk5if7/spack-src/src/Omega_h_array_ops.cpp: In insta
            ntiation of 'Omega_h::promoted_t<T> Omega_h::get_sum(Omega_h::Read<
            T>) [with T = double; Omega_h::promoted_t<T> = double]':
     255    /var/tmp/sochat1/spack-stage/spack-stage-omega-h-9.19.1-upr5a5fldgj
            2zxfsnled36inmyjk5if7/spack-src/src/Omega_h_array_ops.cpp:615:1:   
            required from here
  >> 256    /var/tmp/sochat1/spack-stage/spack-stage-omega-h-9.19.1-upr5a5fldgj
            2zxfsnled36inmyjk5if7/spack-src/src/Omega_h_macros.h:45:29: error: 
            base operand of '->' has non-pointer type 'Omega_h::get_sum<double>
            ::<lambda(double)>'
     257       45 | #define OMEGA_H_LAMBDA(...) [=](__VA_ARGS__) __attribute__(
            (always_inline, flatten))
     258          |                             ^
     259    /var/tmp/sochat1/spack-stage/spack-stage-omega-h-9.19.1-upr5a5fldgj
            2zxfsnled36inmyjk5if7/spack-src/src/Omega_h_array_ops.cpp:27:7: not
            e: in expansion of macro 'OMEGA_H_LAMBDA'
     260       27 |       OMEGA_H_LAMBDA(T val)->PT { return PT(val); });
     261          |       ^~~~~~~~~~~~~~
     262    /var/tmp/sochat1/spack-stage/spack-stage-omega-h-9.19.1-upr5a5fldgj
            2zxfsnled36inmyjk5if7/spack-src/src/Omega_h_array_ops.cpp: In insta
            ntiation of 'Omega_h::LO Omega_h::find_last(Omega_h::Read<T>, T) [w
            ith T = double; Omega_h::LO = int]':
     263    /var/tmp/sochat1/spack-stage/spack-stage-omega-h-9.19.1-upr5a5fldgj
            2zxfsnled36inmyjk5if7/spack-src/src/Omega_h_array_ops.cpp:615:1:   
            required from here
  >> 264    /var/tmp/sochat1/spack-stage/spack-stage-omega-h-9.19.1-upr5a5fldgj
            2zxfsnled36inmyjk5if7/spack-src/src/Omega_h_macros.h:45:29: error: 
            base operand of '->' has non-pointer type 'Omega_h::find_last<doubl
            e>::<lambda(Omega_h::LO)>'
     265       45 | #define OMEGA_H_LAMBDA(...) [=](__VA_ARGS__) __attribute__(
            (always_inline, flatten))
     266          |                             ^
     267    /var/tmp/sochat1/spack-stage/spack-stage-omega-h-9.19.1-upr5a5fldgj
            2zxfsnled36inmyjk5if7/spack-src/src/Omega_h_array_ops.cpp:409:20: n
            ote: in expansion of macro 'OMEGA_H_LAMBDA'
     268      409 |   auto transform = OMEGA_H_LAMBDA(LO i) -> LO {
     269          |                    ^~~~~~~~~~~~~~
     270    /var/tmp/sochat1/spack-stage/spack-stage-omega-h-9.19.1-upr5a5fldgj
            2zxfsnled36inmyjk5if7/spack-src/src/Omega_h_array_ops.cpp: In funct
            ion 'bool Omega_h::operator==(Omega_h::Read<T>, Omega_h::Read<T>) [
            with T = signed char]':

     ...

     296       15 |   auto const init = true;
     297          |              ^~~~
     298    /var/tmp/sochat1/spack-stage/spack-stage-omega-h-9.19.1-upr5a5fldgj
            2zxfsnled36inmyjk5if7/spack-src/src/Omega_h_array_ops.cpp: In funct
            ion 'bool Omega_h::is_sorted(Omega_h::Read<T>) [with T = double]':
     299    /var/tmp/sochat1/spack-stage/spack-stage-omega-h-9.19.1-upr5a5fldgj
            2zxfsnled36inmyjk5if7/spack-src/src/Omega_h_array_ops.cpp:421:14: w
            arning: control reaches end of non-void function [-Wreturn-type]
     300      421 |   auto const init = true;
     301          |              ^~~~
  >> 302    make[2]: *** [src/CMakeFiles/omega_h.dir/Omega_h_array_ops.cpp.o] E
            rror 1
     303    make[2]: *** Waiting for unfinished jobs....
     304    make[2]: Leaving directory `/tmp/sochat1/spack-stage/spack-stage-om
            ega-h-9.19.1-upr5a5fldgj2zxfsnled36inmyjk5if7/spack-build-upr5a5f'
  >> 305    make[1]: *** [src/CMakeFiles/omega_h.dir/all] Error 2
     306    make[1]: Leaving directory `/tmp/sochat1/spack-stage/spack-stage-om
            ega-h-9.19.1-upr5a5fldgj2zxfsnled36inmyjk5if7/spack-build-upr5a5f'
  >> 307    make: *** [all] Error 2

See build log for details:
  /var/tmp/sochat1/spack-stage/spack-stage-omega-h-9.19.1-upr5a5fldgj2zxfsnled36inmyjk5if7/spack-build-out.txt

Making predictions for symbolator
Making predictions for libabigail
Making predictions for actual
/var/spool/slurmd/job100678/slurm_script: line 12:   553 Killed                  spliced splice --package omega-h@9.19.1 --splice zlib --runner spack --replace zlib --experiment experiment --outfile /p/vast1/build/spliced-experiment/results/omega-h/9.19.1/zlib/experiment.json
==> Error: ProcessError: Command exited with status 1:
    'cmake' '-G' 'Unix Makefiles' '-DCMAKE_INSTALL_PREFIX:STRING=/p/vast1/build/spack/opt/spack/linux-rhel7-broadwell/gcc-10.2.1/omega-h-9.19.1-upr5a5fldgj2zxfsnled36inmyjk5if7' '-DCMAKE_BUILD_TYPE:STRING=RelWithDebInfo' '-DCMAKE_INTERPROCEDURAL_OPTIMIZATION:BOOL=OFF' '-DCMAKE_VERBOSE_MAKEFILE:BOOL=ON' '-DCMAKE_INSTALL_RPATH_USE_LINK_PATH:BOOL=OFF' '-DCMAKE_INSTALL_RPATH:STRING=/p/vast1/build/spack/opt/spack/linux-rhel7-broadwell/gcc-10.2.1/omega-h-9.19.1-upr5a5fldgj2zxfsnled36inmyjk5if7/lib;/p/vast1/build/spack/opt/spack/linux-rhel7-broadwell/gcc-10.2.1/omega-h-9.19.1-upr5a5fldgj2zxfsnled36inmyjk5if7/lib64;/p/vast1/build/spack/opt/spack/linux-rhel7-broadwell/gcc-10.2.1/openmpi-4.1.2-mtnsjnbj5kuefhd6gtupaglpuytu6vhz/lib;/p/vast1/build/spack/opt/spack/linux-rhel7-broadwell/gcc-10.2.1/hwloc-2.7.0-zcvfxqfecuheq2vakvpuosok2avakr6j/lib;/p/vast1/build/spack/opt/spack/linux-rhel7-broadwell/gcc-10.2.1/libpciaccess-0.16-vzg6r6gyrqyboudgxfqbdwe36epu6s7s/lib;/p/vast1/build/spack/opt/spack/linux-rhel7-broadwell/gcc-10.2.1/libxml2-2.9.12-rs3llxgrrh537ywuyzjxyebuzo3gnxpt/lib;/p/vast1/build/spack/opt/spack/linux-rhel7-broadwell/gcc-10.2.1/libiconv-1.16-glggocpnh7m2dgmtu4fedhbfeessepbe/lib;/p/vast1/build/spack/opt/spack/linux-rhel7-broadwell/gcc-10.2.1/xz-5.2.5-d536jz4ora4tt45q72d2lklqr3dqx34m/lib;/p/vast1/build/spack/opt/spack/linux-rhel7-broadwell/gcc-10.2.1/zlib-1.2.11-su2ldy5ofm424qnly3kitbbdgwovpfk4/lib;/p/vast1/build/spack/opt/spack/linux-rhel7-broadwell/gcc-10.2.1/ncurses-6.2-2xef6sx47tqatqlceqguyz3rza5okbhy/lib;/p/vast1/build/spack/opt/spack/linux-rhel7-broadwell/gcc-10.2.1/libevent-2.1.12-ojhvas6alyezjgn2r2flj4slwat4cowk/lib;/p/vast1/build/spack/opt/spack/linux-rhel7-broadwell/gcc-10.2.1/openssl-1.1.1m-momhhzpwxq3fzqnlqbabquoitiq5d6q6/lib;/p/vast1/build/spack/opt/spack/linux-rhel7-broadwell/gcc-10.2.1/numactl-2.0.14-wiobx4m5fgmgis4po6hi44kpy7ad57vj/lib;/p/vast1/build/spack/opt/spack/linux-rhel7-broadwell/gcc-10.2.1/trilinos-13.0.1-ek3l55mwgojtjozcq4td2bstgfpxei4m/lib;/p/vast1/build/spack/opt/spack/linux-rhel7-broadwell/gcc-10.2.1/openblas-0.3.19-jubz2yn2ui3jzqphbt3w2jyqt2pwvz7f/lib' '-DCMAKE_PREFIX_PATH:STRING=/p/vast1/build/spack/opt/spack/linux-rhel7-broadwell/gcc-10.2.1/trilinos-13.0.1-ek3l55mwgojtjozcq4td2bstgfpxei4m;/p/vast1/build/spack/opt/spack/linux-rhel7-broadwell/gcc-10.2.1/openblas-0.3.19-jubz2yn2ui3jzqphbt3w2jyqt2pwvz7f;/p/vast1/build/spack/opt/spack/linux-rhel7-broadwell/gcc-10.2.1/openmpi-4.1.2-mtnsjnbj5kuefhd6gtupaglpuytu6vhz;/p/vast1/build/spack/opt/spack/linux-rhel7-broadwell/gcc-10.2.1/numactl-2.0.14-wiobx4m5fgmgis4po6hi44kpy7ad57vj;/p/vast1/build/spack/opt/spack/linux-rhel7-broadwell/gcc-10.2.1/libevent-2.1.12-ojhvas6alyezjgn2r2flj4slwat4cowk;/p/vast1/build/spack/opt/spack/linux-rhel7-broadwell/gcc-10.2.1/hwloc-2.7.0-zcvfxqfecuheq2vakvpuosok2avakr6j;/p/vast1/build/spack/opt/spack/linux-rhel7-broadwell/gcc-10.2.1/libxml2-2.9.12-rs3llxgrrh537ywuyzjxyebuzo3gnxpt;/p/vast1/build/spack/opt/spack/linux-rhel7-broadwell/gcc-10.2.1/xz-5.2.5-d536jz4ora4tt45q72d2lklqr3dqx34m;/p/vast1/build/spack/opt/spack/linux-rhel7-broadwell/gcc-10.2.1/libpciaccess-0.16-vzg6r6gyrqyboudgxfqbdwe36epu6s7s;/p/vast1/build/spack/opt/spack/linux-rhel7-broadwell/gcc-10.2.1/cmake-3.22.2-7oku4yd37mfoi65gi3alunjbl35euphw;/p/vast1/build/spack/opt/spack/linux-rhel7-broadwell/gcc-10.2.1/openssl-1.1.1m-momhhzpwxq3fzqnlqbabquoitiq5d6q6;/p/vast1/build/spack/opt/spack/linux-rhel7-broadwell/gcc-10.2.1/zlib-1.2.11-su2ldy5ofm424qnly3kitbbdgwovpfk4;/p/vast1/build/spack/opt/spack/linux-rhel7-broadwell/gcc-10.2.1/libiconv-1.16-glggocpnh7m2dgmtu4fedhbfeessepbe;/p/vast1/build/spack/opt/spack/linux-rhel7-broadwell/gcc-10.2.1/ncurses-6.2-2xef6sx47tqatqlceqguyz3rza5okbhy' '-DCMAKE_CXX_FLAGS=-std=c++11' '-DUSE_XSDK_DEFAULTS:BOOL=OFF' '-DBUILD_SHARED_LIBS:BOOL=ON' '-DOmega_h_USE_MPI:BOOL=ON' '-DCMAKE_CXX_COMPILER:FILEPATH=/p/vast1/build/spack/opt/spack/linux-rhel7-broadwell/gcc-10.2.1/openmpi-4.1.2-mtnsjnbj5kuefhd6gtupaglpuytu6vhz/bin/mpic++' '-DOmega_h_USE_Trilinos:BOOL=ON' '-DOmega_h_USE_ZLIB:BOOL=ON' '-DZLIB_ROOT:PATH=/p/vast1/build/spack/opt/spack/linux-rhel7-broadwell/gcc-10.2.1/zlib-1.2.11-su2ldy5ofm424qnly3kitbbdgwovpfk4' '-DOmega_h_EXAMPLES:BOOL=OFF' '-DOmega_h_THROW:BOOL=OFF' '-DCMAKE_BUILD_TYPE:STRING=' '-DOmega_h_CXX_OPTIMIZE:BOOL=ON' '-DOmega_h_CXX_SYMBOLS:BOOL=ON' '-DOmega_h_CXX_WARNINGS:BOOL=FALSE' '/var/tmp/sochat1/spack-stage/spack-stage-omega-h-9.19.1-upr5a5fldgj2zxfsnled36inmyjk5if7/spack-src'

5 errors found in build log:
     2     ==> [2022-03-04-01:56:19.338645] 'cmake' '-G' 'Unix Makefiles' '-DCM
           AKE_INSTALL_PREFIX:STRING=/p/vast1/build/spack/opt/spack/linux-rhel7
           -broadwell/gcc-10.2.1/omega-h-9.19.1-upr5a5fldgj2zxfsnled36inmyjk5if
           7' '-DCMAKE_BUILD_TYPE:STRING=RelWithDebInfo' '-DCMAKE_INTERPROCEDUR
           AL_OPTIMIZATION:BOOL=OFF' '-DCMAKE_VERBOSE_MAKEFILE:BOOL=ON' '-DCMAK
           E_INSTALL_RPATH_USE_LINK_PATH:BOOL=OFF' '-DCMAKE_INSTALL_RPATH:STRIN
           G=/p/vast1/build/spack/opt/spack/linux-rhel7-broadwell/gcc-10.2.1/om
           ega-h-9.19.1-upr5a5fldgj2zxfsnled36inmyjk5if7/lib;/p/vast1/build/spa
           ck/opt/spack/linux-rhel7-broadwell/gcc-10.2.1/omega-h-9.19.1-upr5a5f
           ldgj2zxfsnled36inmyjk5if7/lib64;/p/vast1/build/spack/opt/spack/linux
           -rhel7-broadwell/gcc-10.2.1/openmpi-4.1.2-mtnsjnbj5kuefhd6gtupaglpuy
           tu6vhz/lib;/p/vast1/build/spack/opt/spack/linux-rhel7-broadwell/gcc-
           10.2.1/hwloc-2.7.0-zcvfxqfecuheq2vakvpuosok2avakr6j/lib;/p/vast1/bui
           ld/spack/opt/spack/linux-rhel7-broadwell/gcc-10.2.1/libpciaccess-0.1
           6-vzg6r6gyrqyboudgxfqbdwe36epu6s7s/lib;/p/vast1/build/spack/opt/spac
           k/linux-rhel7-broadwell/gcc-10.2.1/libxml2-2.9.12-rs3llxgrrh537ywuyz
           jxyebuzo3gnxpt/lib;/p/vast1/build/spack/opt/spack/linux-rhel7-broadw
           ell/gcc-10.2.1/libiconv-1.16-glggocpnh7m2dgmtu4fedhbfeessepbe/lib;/p
           /vast1/build/spack/opt/spack/linux-rhel7-broadwell/gcc-10.2.1/xz-5.2
           .5-d536jz4ora4tt45q72d2lklqr3dqx34m/lib;/p/vast1/build/spack/opt/spa
           ck/linux-rhel7-broadwell/gcc-10.2.1/zlib-1.2.11-su2ldy5ofm424qnly3ki
           tbbdgwovpfk4/lib;/p/vast1/build/spack/opt/spack/linux-rhel7-broadwel
           l/gcc-10.2.1/ncurses-6.2-2xef6sx47tqatqlceqguyz3rza5okbhy/lib;/p/vas
           t1/build/spack/opt/spack/linux-rhel7-broadwell/gcc-10.2.1/libevent-2
           .1.12-ojhvas6alyezjgn2r2flj4slwat4cowk/lib;/p/vast1/build/spack/opt/
           spack/linux-rhel7-broadwell/gcc-10.2.1/openssl-1.1.1m-momhhzpwxq3fzq
           nlqbabquoitiq5d6q6/lib;/p/vast1/build/spack/opt/spack/linux-rhel7-br
           oadwell/gcc-10.2.1/numactl-2.0.14-wiobx4m5fgmgis4po6hi44kpy7ad57vj/l
           ib;/p/vast1/build/spack/opt/spack/linux-rhel7-broadwell/gcc-10.2.1/t
           rilinos-13.0.1-ek3l55mwgojtjozcq4td2bstgfpxei4m/lib;/p/vast1/build/s
           pack/opt/spack/linux-rhel7-broadwell/gcc-10.2.1/openblas-0.3.19-jubz
           2yn2ui3jzqphbt3w2jyqt2pwvz7f/lib' '-DCMAKE_PREFIX_PATH:STRING=/p/vas
           t1/build/spack/opt/spack/linux-rhel7-broadwell/gcc-10.2.1/trilinos-1
           3.0.1-ek3l55mwgojtjozcq4td2bstgfpxei4m;/p/vast1/build/spack/opt/spac
           k/linux-rhel7-broadwell/gcc-10.2.1/openblas-0.3.19-jubz2yn2ui3jzqphb
           t3w2jyqt2pwvz7f;/p/vast1/build/spack/opt/spack/linux-rhel7-broadwell
           /gcc-10.2.1/openmpi-4.1.2-mtnsjnbj5kuefhd6gtupaglpuytu6vhz;/p/vast1/
           build/spack/opt/spack/linux-rhel7-broadwell/gcc-10.2.1/numactl-2.0.1
           4-wiobx4m5fgmgis4po6hi44kpy7ad57vj;/p/vast1/build/spack/opt/spack/li
           nux-rhel7-broadwell/gcc-10.2.1/libevent-2.1.12-ojhvas6alyezjgn2r2flj
           4slwat4cowk;/p/vast1/build/spack/opt/spack/linux-rhel7-broadwell/gcc
           -10.2.1/hwloc-2.7.0-zcvfxqfecuheq2vakvpuosok2avakr6j;/p/vast1/build/
           spack/opt/spack/linux-rhel7-broadwell/gcc-10.2.1/libxml2-2.9.12-rs3l
           lxgrrh537ywuyzjxyebuzo3gnxpt;/p/vast1/build/spack/opt/spack/linux-rh
           el7-broadwell/gcc-10.2.1/xz-5.2.5-d536jz4ora4tt45q72d2lklqr3dqx34m;/
           p/vast1/build/spack/opt/spack/linux-rhel7-broadwell/gcc-10.2.1/libpc
           iaccess-0.16-vzg6r6gyrqyboudgxfqbdwe36epu6s7s;/p/vast1/build/spack/o
           pt/spack/linux-rhel7-broadwell/gcc-10.2.1/cmake-3.22.2-7oku4yd37mfoi
           65gi3alunjbl35euphw;/p/vast1/build/spack/opt/spack/linux-rhel7-broad
           well/gcc-10.2.1/openssl-1.1.1m-momhhzpwxq3fzqnlqbabquoitiq5d6q6;/p/v
           ast1/build/spack/opt/spack/linux-rhel7-broadwell/gcc-10.2.1/zlib-1.2
           .11-su2ldy5ofm424qnly3kitbbdgwovpfk4;/p/vast1/build/spack/opt/spack/
           linux-rhel7-broadwell/gcc-10.2.1/libiconv-1.16-glggocpnh7m2dgmtu4fed
           hbfeessepbe;/p/vast1/build/spack/opt/spack/linux-rhel7-broadwell/gcc
           -10.2.1/ncurses-6.2-2xef6sx47tqatqlceqguyz3rza5okbhy' '-DCMAKE_CXX_F
           LAGS=-std=c++11' '-DUSE_XSDK_DEFAULTS:BOOL=OFF' '-DBUILD_SHARED_LIBS
           :BOOL=ON' '-DOmega_h_USE_MPI:BOOL=ON' '-DCMAKE_CXX_COMPILER:FILEPATH
           =/p/vast1/build/spack/opt/spack/linux-rhel7-broadwell/gcc-10.2.1/ope
           nmpi-4.1.2-mtnsjnbj5kuefhd6gtupaglpuytu6vhz/bin/mpic++' '-DOmega_h_U
           SE_Trilinos:BOOL=ON' '-DOmega_h_USE_ZLIB:BOOL=ON' '-DZLIB_ROOT:PATH=
           /p/vast1/build/spack/opt/spack/linux-rhel7-broadwell/gcc-10.2.1/zlib
           -1.2.11-su2ldy5ofm424qnly3kitbbdgwovpfk4' '-DOmega_h_EXAMPLES:BOOL=O
           FF' '-DOmega_h_THROW:BOOL=OFF' '-DCMAKE_BUILD_TYPE:STRING=' '-DOmega
           _h_CXX_OPTIMIZE:BOOL=ON' '-DOmega_h_CXX_SYMBOLS:BOOL=ON' '-DOmega_h_
           CXX_WARNINGS:BOOL=FALSE' '/var/tmp/sochat1/spack-stage/spack-stage-o
           mega-h-9.19.1-upr5a5fldgj2zxfsnled36inmyjk5if7/spack-src'
     3     -- The CXX compiler identification is GNU 10.2.1
     4     -- Detecting CXX compiler ABI info
     5     -- Detecting CXX compiler ABI info - failed
     6     -- Check for working CXX compiler: /p/vast1/build/spack/opt/spack/li
           nux-rhel7-broadwell/gcc-10.2.1/openmpi-4.1.2-mtnsjnbj5kuefhd6gtupagl
           puytu6vhz/bin/mpic++
     7     -- Check for working CXX compiler: /p/vast1/build/spack/opt/spack/li
           nux-rhel7-broadwell/gcc-10.2.1/openmpi-4.1.2-mtnsjnbj5kuefhd6gtupagl
           puytu6vhz/bin/mpic++ - broken
  >> 8     CMake Error at /p/vast1/build/spack/opt/spack/linux-rhel7-broadwell/
           gcc-10.2.1/cmake-3.22.2-7oku4yd37mfoi65gi3alunjbl35euphw/share/cmake
           -3.22/Modules/CMakeTestCXXCompiler.cmake:62 (message):
     9       The C++ compiler
     10    
     11        "/p/vast1/build/spack/opt/spack/linux-rhel7-broadwell/gcc-10.2.1
           /openmpi-4.1.2-mtnsjnbj5kuefhd6gtupaglpuytu6vhz/bin/mpic++"
     12    
     13      is not able to compile a simple test program.
     14    

     ...

     21        Building CXX object CMakeFiles/cmTC_96c1c.dir/testCXXCompiler.cx
           x.o
     22        /p/vast1/build/spack/opt/spack/linux-rhel7-broadwell/gcc-10.2.1/
           openmpi-4.1.2-mtnsjnbj5kuefhd6gtupaglpuytu6vhz/bin/mpic++   -std=c++
           11  -o CMakeFiles/cmTC_96c1c.dir/testCXXCompiler.cxx.o -c /tmp/socha
           t1/spack-stage/spack-stage-omega-h-9.19.1-upr5a5fldgj2zxfsnled36inmy
           jk5if7/spack-build-upr5a5f/CMakeFiles/CMakeTmp/testCXXCompiler.cxx
     23        Linking CXX executable cmTC_96c1c
     24        /p/vast1/build/spack/opt/spack/linux-rhel7-broadwell/gcc-10.2.1/
           cmake-3.22.2-7oku4yd37mfoi65gi3alunjbl35euphw/bin/cmake -E cmake_lin
           k_script CMakeFiles/cmTC_96c1c.dir/link.txt --verbose=1
     25        /p/vast1/build/spack/opt/spack/linux-rhel7-broadwell/gcc-10.2.1/
           openmpi-4.1.2-mtnsjnbj5kuefhd6gtupaglpuytu6vhz/bin/mpic++ -std=c++11
             -rdynamic CMakeFiles/cmTC_96c1c.dir/testCXXCompiler.cxx.o -o cmTC_
           96c1c
     26        /usr/tce/packages/gcc/gcc-10.2.1/rh/usr/bin/../libexec/gcc/x86_6
           4-redhat-linux/10/ld: warning: libgpfs.so, needed by /p/vast1/build/
           spack/opt/spack/linux-rhel7-broadwell/gcc-10.2.1/openmpi-4.1.2-mtnsj
           nbj5kuefhd6gtupaglpuytu6vhz/lib/libmpi.so, not found (try using -rpa
           th or -rpath-link)
  >> 27    /usr/tce/packages/gcc/gcc-10.2.1/rh/usr/bin/../libexec/gcc/x86_64-re
           dhat-linux/10/ld: /p/vast1/build/spack/opt/spack/linux-rhel7-broadwe
           ll/gcc-10.2.1/openmpi-4.1.2-mtnsjnbj5kuefhd6gtupaglpuytu6vhz/lib/lib
           mpi.so: undefined reference to `gpfs_fcntl'
  >> 28        collect2: error: ld returned 1 exit status
  >> 29        gmake[1]: *** [cmTC_96c1c] Error 1
     30        gmake[1]: Leaving directory `/tmp/sochat1/spack-stage/spack-stag
           e-omega-h-9.19.1-upr5a5fldgj2zxfsnled36inmyjk5if7/spack-build-upr5a5
           f/CMakeFiles/CMakeTmp'
  >> 31        gmake: *** [cmTC_96c1c/fast] Error 2
     32    
     33    
     34    
     35    
     36    
     37      CMake will not be able to correctly generate this project.

See build log for details:
  /var/tmp/sochat1/spack-stage/spack-stage-omega-h-9.19.1-upr5a5fldgj2zxfsnled36inmyjk5if7/spack-build-out.txt

Making predictions for spack-test
Making predictions for symbolator
Making predictions for libabigail
abicompat not found on path, will look for spack instead.
Making predictions for actual
