==> Error: ProcessError: Command exited with status 1:
    '/var/tmp/sochat1/spack-stage/spack-stage-openmpi-1.7.4-rmn2kgg3pahaa42o4ngaif7dblv3xiyb/spack-src/configure' '--prefix=/p/vast1/build/spack/opt/spack/linux-rhel7-broadwell/gcc-10.2.1/openmpi-1.7.4-rmn2kgg3pahaa42o4ngaif7dblv3xiyb' '--enable-shared' '--disable-silent-rules' '--disable-builtin-atomics' '--enable-static' '--without-pmi' '--without-ucx' '--without-cma' '--without-hcoll' '--without-mxm' '--without-fca' '--without-psm' '--without-knem' '--without-libfabric' '--without-psm2' '--without-xpmem' '--without-verbs' '--without-lsf' '--without-slurm' '--without-alps' '--without-tm' '--without-sge' '--without-loadleveler' '--disable-memchecker' '--with-hwloc=/p/vast1/build/spack/opt/spack/linux-rhel7-broadwell/gcc-10.2.1/hwloc-1.11.13-u34fwahc4tbd77w4csoothe3vdimspeo' '--disable-java' '--disable-mpi-java' '--with-gpfs' '--without-sqlite3' '--disable-mpi-thread-multiple' '--without-cuda' '--enable-wrapper-rpath' '--disable-mpi-cxx' '--disable-cxx-exceptions' '--with-wrapper-ldflags=-Wl,-rpath,/usr/tce/packages/gcc/gcc-10.2.1/rh/usr/lib/gcc/x86_64-redhat-linux/10'

1 error found in build log:
     51    checking for a BSD-compatible install... /usr/bin/install -c
     52    checking whether build environment is sane... yes
     53    checking for a thread-safe mkdir -p... /usr/bin/mkdir -p
     54    checking for gawk... gawk
     55    checking whether make sets $(MAKE)... yes
     56    checking for style of include used by make... GNU
  >> 57    configure: error: source directory already configured; run "make dis
           tclean" there first
     58    ==> openmpi: Executing phase: 'build'
     59    ==> [2022-02-25-19:01:14.197600] 'make' '-j2' 'V=1'
     60    Making all in config
     61    make[1]: Entering directory `/tmp/sochat1/spack-stage/spack-stage-op
           enmpi-1.7.4-rmn2kgg3pahaa42o4ngaif7dblv3xiyb/spack-src/config'
     62    make[1]: Nothing to be done for `all'.
     63    make[1]: Leaving directory `/tmp/sochat1/spack-stage/spack-stage-ope
           nmpi-1.7.4-rmn2kgg3pahaa42o4ngaif7dblv3xiyb/spack-src/config'

See build log for details:
  /var/tmp/sochat1/spack-stage/spack-stage-openmpi-1.7.4-rmn2kgg3pahaa42o4ngaif7dblv3xiyb/spack-build-out.txt

Making predictions for symbolator
Making predictions for libabigail
Making predictions for actual
==> Error: ProcessError: Command exited with status 1:
    '/var/tmp/sochat1/spack-stage/spack-stage-openmpi-1.7.4-rmn2kgg3pahaa42o4ngaif7dblv3xiyb/spack-src/configure' '--prefix=/p/vast1/build/spack/opt/spack/linux-rhel7-broadwell/gcc-10.2.1/openmpi-1.7.4-rmn2kgg3pahaa42o4ngaif7dblv3xiyb' '--enable-shared' '--disable-silent-rules' '--disable-builtin-atomics' '--enable-static' '--without-pmi' '--without-libfabric' '--without-cma' '--without-mxm' '--without-xpmem' '--without-ucx' '--without-hcoll' '--without-psm' '--without-knem' '--without-psm2' '--without-verbs' '--without-fca' '--without-sge' '--without-loadleveler' '--without-slurm' '--without-tm' '--without-alps' '--without-lsf' '--disable-memchecker' '--with-hwloc=/p/vast1/build/spack/opt/spack/linux-rhel7-broadwell/gcc-10.2.1/hwloc-1.11.13-u34fwahc4tbd77w4csoothe3vdimspeo' '--disable-java' '--disable-mpi-java' '--with-gpfs' '--without-sqlite3' '--disable-mpi-thread-multiple' '--without-cuda' '--enable-wrapper-rpath' '--disable-mpi-cxx' '--disable-cxx-exceptions' '--with-wrapper-ldflags=-Wl,-rpath,/usr/tce/packages/gcc/gcc-10.2.1/rh/usr/lib/gcc/x86_64-redhat-linux/10'

9 errors found in build log:
     51       checking for a BSD-compatible install... /usr/bin/install -c
     52       checking whether build environment is sane... yes
     53       checking for a thread-safe mkdir -p... /usr/bin/mkdir -p
     54       checking for gawk... gawk
     55       checking whether make sets $(MAKE)... yes
     56       checking for style of include used by make... GNU
  >> 57       configure: error: source directory already configured; run "make 
              distclean" there first
     58       ==> openmpi: Executing phase: 'build'
     59       ==> [2022-03-01-23:49:34.304639] 'make' '-j16' 'V=1'
     60       Making all in config
     61       make[1]: Entering directory `/tmp/sochat1/spack-stage/spack-stage
              -openmpi-1.7.4-rmn2kgg3pahaa42o4ngaif7dblv3xiyb/spack-src/config'
     62       make[1]: Nothing to be done for `all'.
     63       make[1]: Leaving directory `/tmp/sochat1/spack-stage/spack-stage-
              openmpi-1.7.4-rmn2kgg3pahaa42o4ngaif7dblv3xiyb/spack-src/config'

     ...

     14154    
     14155       16 |   call MPI_Comm_spawn_multiple(count, array_of_commands, 
              array_of_argv, &
     14156          |                                                         2
     14157    ......
     14158       36 |   call MPI_Comm_spawn_multiple(count, array_of_commands, 
              array_of_argv, &
     14159          |                                                         1
  >> 14160    Error: Type mismatch between actual argument at (1) and actual ar
              gument at (2) (REAL(8)/CHARACTER(*)).
     14161    mpi_testall_f90.f90:22:51:
     14162    
     14163       10 |   call MPI_Testall(count, array_of_requests, flag, array_
              of_statuses, ierr)
     14164          |                                                   2
     14165    ......
     14166       22 |   call MPI_Testall(count, array_of_requests, flag, array_
              of_statuses, ierr)
     14167          |                                                   1
  >> 14168    Error: Type mismatch between actual argument at (1) and actual ar
              gument at (2) (REAL(8)/INTEGER(4)).
  >> 14169    make[4]: *** [mpi_comm_spawn_multiple_f90.lo] Error 1
     14170    make[4]: *** Waiting for unfinished jobs....
  >> 14171    make[4]: *** [mpi_testall_f90.lo] Error 1
     14172    libtool: compile:  /p/vast1/build/spack/lib/spack/env/gcc/gfortra
              n -I../../../../ompi/include -I/var/tmp/sochat1/spack-stage/spack
              -stage-openmpi-1.7.4-rmn2kgg3pahaa42o4ngaif7dblv3xiyb/spack-src/o
              mpi/include -I. -I/var/tmp/sochat1/spack-stage/spack-stage-openmp
              i-1.7.4-rmn2kgg3pahaa42o4ngaif7dblv3xiyb/spack-src/ompi/mpi/fortr
              an/use-mpi-tkr -I../../../../ompi/mpi/fortran/use-mpi-tkr -c mpi_
              sizeof.f90 -o mpi_sizeof.o >/dev/null 2>&1
     14173    make[4]: Leaving directory `/tmp/sochat1/spack-stage/spack-stage-
              openmpi-1.7.4-rmn2kgg3pahaa42o4ngaif7dblv3xiyb/spack-src/ompi/mpi
              /fortran/use-mpi-tkr'
  >> 14174    make[3]: *** [all-recursive] Error 1
     14175    make[3]: Leaving directory `/tmp/sochat1/spack-stage/spack-stage-
              openmpi-1.7.4-rmn2kgg3pahaa42o4ngaif7dblv3xiyb/spack-src/ompi/mpi
              /fortran/use-mpi-tkr'
  >> 14176    make[2]: *** [all] Error 2
     14177    make[2]: Leaving directory `/tmp/sochat1/spack-stage/spack-stage-
              openmpi-1.7.4-rmn2kgg3pahaa42o4ngaif7dblv3xiyb/spack-src/ompi/mpi
              /fortran/use-mpi-tkr'
  >> 14178    make[1]: *** [all-recursive] Error 1
     14179    make[1]: Leaving directory `/tmp/sochat1/spack-stage/spack-stage-
              openmpi-1.7.4-rmn2kgg3pahaa42o4ngaif7dblv3xiyb/spack-src/ompi'
  >> 14180    make: *** [all-recursive] Error 1

See build log for details:
  /var/tmp/sochat1/spack-stage/spack-stage-openmpi-1.7.4-rmn2kgg3pahaa42o4ngaif7dblv3xiyb/spack-build-out.txt

Making predictions for spack-test
Making predictions for symbolator
Making predictions for libabigail
abicompat not found on path, will look for spack instead.
Making predictions for actual
