==> Error: Failed to upgrade to a write lock for openssh-7.9p1-cehat7jbrnl2rjln3ggidredhodl7syp due to LockUpgradeError: Cannot upgrade lock from read to write on file: /p/vast1/build/spack/opt/spack/.spack-db/prefix_lock
==> Warning: AssertionError exception when releasing read lock for openssh-7.9p1-cehat7jbrnl2rjln3ggidredhodl7syp: 
==> Warning: using "openssl@1.0.2u" which is a deprecated version
==> Warning: openssl@1.0.2u is deprecated and may be removed in a future Spack release.
==> Error: FetchError: Will not fetch openssl@1.0.2u
    If you are willing to be a maintainer for this version of the package, submit a PR to remove `deprecated=False`, or use `--deprecated` to skip this check.

/p/vast1/build/spack/lib/spack/spack/package.py:1395, in do_fetch:
       1392                        dp_msg))
       1393
       1394            if not ignore_deprecation:
  >>   1395                raise FetchError("Will not fetch {0}".format(
       1396                    self.spec.format('{name}{@version}')), dp_msg)
       1397
       1398        self.stage.create()


==> Warning: Skipping build of openssh-7.6p1-w373w7jvg7bdzhokbfaohznyyuqn5vpp since openssl-1.0.2u-jg3ilhwnnge5yk5gd46f7izmlwt6izi2 failed
==> Error: openssh-7.6p1-w373w7jvg7bdzhokbfaohznyyuqn5vpp: Package was not installed
==> Warning: using "openssl@1.0.2u" which is a deprecated version
==> Warning: using "openssl@1.0.2u" which is a deprecated version
==> Warning: openssl-1.0.2u-jg3ilhwnnge5yk5gd46f7izmlwt6izi2 failed to install
==> Warning: Skipping build of openssh-7.4p1-sbgjhkkcv2u3q6uxaupvii6ca6fq6rje since openssl-1.0.2u-jg3ilhwnnge5yk5gd46f7izmlwt6izi2 failed
==> Error: openssh-7.4p1-sbgjhkkcv2u3q6uxaupvii6ca6fq6rje: Package was not installed
==> Warning: using "openssl@1.0.2u" which is a deprecated version
==> Warning: openssl@1.0.2u is deprecated and may be removed in a future Spack release.
==> Error: FetchError: Will not fetch openssl@1.0.2u
    If you are willing to be a maintainer for this version of the package, submit a PR to remove `deprecated=False`, or use `--deprecated` to skip this check.

/p/vast1/build/spack/lib/spack/spack/package.py:1395, in do_fetch:
       1392                        dp_msg))
       1393
       1394            if not ignore_deprecation:
  >>   1395                raise FetchError("Will not fetch {0}".format(
       1396                    self.spec.format('{name}{@version}')), dp_msg)
       1397
       1398        self.stage.create()


==> Warning: Skipping build of openssh-7.3p1-u5qwidvhu7lvsjbbxqyualwonw55fd7s since openssl-1.0.2u-jg3ilhwnnge5yk5gd46f7izmlwt6izi2 failed
==> Error: openssh-7.3p1-u5qwidvhu7lvsjbbxqyualwonw55fd7s: Package was not installed
==> Warning: using "openssl@1.0.2u" which is a deprecated version
==> Warning: using "openssl@1.0.2u" which is a deprecated version
==> Warning: openssl@1.0.2u is deprecated and may be removed in a future Spack release.
==> Error: FetchError: Will not fetch openssl@1.0.2u
    If you are willing to be a maintainer for this version of the package, submit a PR to remove `deprecated=False`, or use `--deprecated` to skip this check.

/p/vast1/build/spack/lib/spack/spack/package.py:1395, in do_fetch:
       1392                        dp_msg))
       1393
       1394            if not ignore_deprecation:
  >>   1395                raise FetchError("Will not fetch {0}".format(
       1396                    self.spec.format('{name}{@version}')), dp_msg)
       1397
       1398        self.stage.create()


==> Warning: Skipping build of openssh-7.1p2-3tbpvr5h7kakt3zusk5rbnp47ewy3kjx since openssl-1.0.2u-jg3ilhwnnge5yk5gd46f7izmlwt6izi2 failed
==> Error: openssh-7.1p2-3tbpvr5h7kakt3zusk5rbnp47ewy3kjx: Package was not installed
==> Warning: using "openssl@1.0.2u" which is a deprecated version
==> Warning: using "openssl@1.0.2u" which is a deprecated version
==> Warning: openssl@1.0.2u is deprecated and may be removed in a future Spack release.
==> Error: FetchError: Will not fetch openssl@1.0.2u
    If you are willing to be a maintainer for this version of the package, submit a PR to remove `deprecated=False`, or use `--deprecated` to skip this check.

/p/vast1/build/spack/lib/spack/spack/package.py:1395, in do_fetch:
       1392                        dp_msg))
       1393
       1394            if not ignore_deprecation:
  >>   1395                raise FetchError("Will not fetch {0}".format(
       1396                    self.spec.format('{name}{@version}')), dp_msg)
       1397
       1398        self.stage.create()


==> Warning: Skipping build of openssh-6.9p1-lisg7lebws7liifpvpf3vgt6c2rsf7hq since openssl-1.0.2u-jg3ilhwnnge5yk5gd46f7izmlwt6izi2 failed
==> Error: openssh-6.9p1-lisg7lebws7liifpvpf3vgt6c2rsf7hq: Package was not installed
==> Warning: using "openssl@1.0.2u" which is a deprecated version
==> Warning: using "openssl@1.0.2u" which is a deprecated version
==> Warning: openssl@1.0.2u is deprecated and may be removed in a future Spack release.
==> Error: FetchError: Will not fetch openssl@1.0.2u
    If you are willing to be a maintainer for this version of the package, submit a PR to remove `deprecated=False`, or use `--deprecated` to skip this check.

/p/vast1/build/spack/lib/spack/spack/package.py:1395, in do_fetch:
       1392                        dp_msg))
       1393
       1394            if not ignore_deprecation:
  >>   1395                raise FetchError("Will not fetch {0}".format(
       1396                    self.spec.format('{name}{@version}')), dp_msg)
       1397
       1398        self.stage.create()


==> Warning: Skipping build of openssh-6.7p1-hkynbaam3yttwm6xmaz2lkogaov66d3s since openssl-1.0.2u-jg3ilhwnnge5yk5gd46f7izmlwt6izi2 failed
==> Error: openssh-6.7p1-hkynbaam3yttwm6xmaz2lkogaov66d3s: Package was not installed
==> Warning: using "openssl@1.0.2u" which is a deprecated version
Making predictions for symbolator
Making predictions for libabigail
Making predictions for actual
Traceback (most recent call last):
  File "/p/vast1/build/anaconda3/bin/spliced", line 11, in <module>
    load_entry_point('spliced', 'console_scripts', 'spliced')()
  File "/p/vast1/build/spliced/spliced/client/__init__.py", line 228, in run_spliced
    main(args=args, parser=parser, extra=extra, subparser=helper)
  File "/p/vast1/build/spliced/spliced/client/splice.py", line 14, in main
    run_spack_experiment(args, command=" ".join(extra))
  File "/p/vast1/build/spliced/spliced/client/splice.py", line 40, in run_spack_experiment
    experiment.run()
  File "/p/vast1/build/spliced/spliced/experiment/spack.py", line 84, in run
    self.do_splice(splice, spec_main, transitive)
  File "/p/vast1/build/spliced/spliced/experiment/spack.py", line 203, in do_splice
    self._populate_splice(splice, spliced_spec, spec_main)
  File "/p/vast1/build/spliced/spliced/experiment/spack.py", line 269, in _populate_splice
    splice.libs["spliced"] = add_libraries(spliced_spec, spliced_lib)
  File "/p/vast1/build/spliced/spliced/experiment/spack.py", line 295, in add_libraries
    libs.append({"dep": str(dep), "paths": list(add_contenders(dep, "lib"))})
  File "/p/vast1/build/spliced/spliced/experiment/spack.py", line 307, in add_contenders
    manifest = bindist.get_buildfile_manifest(spec.build_spec)
  File "/p/vast1/build/spack/lib/spack/spack/binary_distribution.py", line 618, in get_buildfile_manifest
    for root, dirs, files in os.walk(spec.prefix, topdown=True):
  File "/p/vast1/build/spack/lib/spack/spack/spec.py", line 1494, in prefix
    self.dag_hash())
  File "/p/vast1/build/spack/lib/spack/spack/database.py", line 679, in query_by_spec_hash
    with self.read_transaction():
  File "/p/vast1/build/spack/lib/spack/llnl/util/lock.py", line 684, in __enter__
    if self._enter() and self._acquire_fn:
  File "/p/vast1/build/spack/lib/spack/llnl/util/lock.py", line 711, in _enter
    return self._lock.acquire_read(self._timeout)
  File "/p/vast1/build/spack/lib/spack/llnl/util/lock.py", line 423, in acquire_read
    wait_time, nattempts = self._lock(fcntl.LOCK_SH, timeout=timeout)
  File "/p/vast1/build/spack/lib/spack/spack/util/lock.py", line 32, in _lock
    return super(Lock, self)._lock(op, timeout)
  File "/p/vast1/build/spack/lib/spack/llnl/util/lock.py", line 316, in _lock
    .format(lock_type[op]))
llnl.util.lock.LockTimeoutError: Timed out waiting for a read lock.
