/var/spool/slurmd/job97766/slurm_script: line 12: 42799 Killed                  spliced splice --package openmpi@3.1.5 --splice perl --runner spack --replace perl --experiment experiment --outfile /p/vast1/build/spliced-experiment/results/openmpi/3.1.5/perl/experiment.json
==> Warning: perl-5.24.1-qomsd3cjxred2h36pby2mozfpfuwds3s failed to install
==> Warning: AssertionError exception when releasing read lock for perl-5.24.1-qomsd3cjxred2h36pby2mozfpfuwds3s: 
==> Error: perl-5.24.1-qomsd3cjxred2h36pby2mozfpfuwds3s: Package was not installed
==> Error: ProcessError: Command exited with status 1:
    '/usr/bin/patch' '-s' '-p' '1' '-i' '/var/tmp/sochat1/spack-stage/spack-stage-ytmn86xg/perl5162-timelocal-y2020.patch' '-d' '.'
==> Error: ProcessError: Command exited with status 1:
    '/usr/bin/patch' '-s' '-p' '1' '-i' '/var/tmp/sochat1/spack-stage/spack-stage-oeshe7aq/perl5162-timelocal-y2020.patch' '-d' '.'
==> Error: ProcessError: Command exited with status 1:
    '/usr/bin/patch' '-s' '-p' '1' '-i' '/var/tmp/sochat1/spack-stage/spack-stage-ddfhwvbk/perl5162-timelocal-y2020.patch' '-d' '.'
==> Error: ProcessError: Command exited with status 1:
    '/usr/bin/patch' '-s' '-p' '1' '-i' '/var/tmp/sochat1/spack-stage/spack-stage-dup38b7t/perl5162-timelocal-y2020.patch' '-d' '.'
==> Error: ProcessError: Command exited with status 1:
    '/usr/bin/patch' '-s' '-p' '1' '-i' '/p/vast1/build/spack/var/spack/repos/builtin/packages/perl/protect-quotes-in-ccflags.patch' '-d' '.'
==> Error: ProcessError: Command exited with status 1:
    '/usr/bin/patch' '-s' '-p' '1' '-i' '/var/tmp/sochat1/spack-stage/spack-stage-a7imvbxp/perl5162-timelocal-y2020.patch' '-d' '.'
==> Error: ProcessError: Command exited with status 1:
    '/usr/bin/patch' '-s' '-p' '1' '-i' '/var/tmp/sochat1/spack-stage/spack-stage-g4rq2m71/perl5162-timelocal-y2020.patch' '-d' '.'
==> Error: ProcessError: Command exited with status 1:
    '/usr/bin/patch' '-s' '-p' '1' '-i' '/var/tmp/sochat1/spack-stage/spack-stage-fqv9df5d/perl5162-timelocal-y2020.patch' '-d' '.'
Making predictions for spack-test
Making predictions for symbolator
Making predictions for libabigail
abicompat not found on path, will look for spack instead.
Making predictions for actual
