/var/spool/slurmd/job97963/slurm_script: line 12: 37593 Killed                  spliced splice --package openmpi@1.5.5 --splice zlib --runner spack --replace zlib --experiment experiment --outfile /p/vast1/build/spliced-experiment/results/openmpi/1.5.5/zlib/experiment.json
==> Error: ProcessError: Command exited with status 2:
    'make' '-j16' 'V=1'

16 errors found in build log:
     2168     checking whether linking with -ldl works... yes
     2169     checking whether RTLD_DEFAULT is declared... yes
     2170     checking whether RTLD_NEXT is declared... yes
     2171     checking BPatch.h usability... no
     2172     checking BPatch.h presence... no
     2173     checking for BPatch.h... no
  >> 2174     configure: error: no BPatch.h found; check path for Dyninst packa
              ge first...
     2175     checking for tau_instrumentor... no
  >> 2176     configure: error: no tau_instrumentor found; check path for PDToo
              lkit first...
     2177     configure: we are configuring inside Open MPI; presetting cache t
              o skip MPI related tests
     2178     checking for mpicc... (cached) /p/vast1/build/spack/lib/spack/env
              /gcc/gcc
     2179     checking for mpicxx... (cached) /p/vast1/build/spack/lib/spack/en
              v/gcc/g++
     2180     checking for MPI_Add_error_class... (cached) yes
     2181     checking for MPI_Add_error_code... (cached) yes
     2182     checking for MPI_Add_error_string... (cached) yes

     ...

     2190     checking for PMPI_Win_unlock... (cached) yes
     2191     checking for MPI_Register_datarep... (cached) yes
     2192     checking for PMPI_File_read_ordered... (cached) yes
     2193     checking for PMPI_File_read_ordered_begin... (cached) yes
     2194     checking for PMPI_File_write_ordered... (cached) yes
     2195     checking for PMPI_File_write_ordered_begin... (cached) yes
  >> 2196     configure: error: MPI Correctness Checking support cannot be buil
              t inside Open MPI
     2197     checking math.h usability... yes
     2198     checking math.h presence... yes
     2199     checking for math.h... yes
     2200     checking whether we need to link -lm to get math functions... no
     2201     checking f2c.h usability... no
     2202     checking f2c.h presence... no
     2203     checking for f2c.h... no
  >> 2204     configure: error: no f2c.h found; check path for CLAPACK package 
              first...
     2205     checking for C++ runtime library... -lstdc++
     2206     checking for the pthreads library -lpthreads... no
     2207     checking whether pthreads work without any flags... yes
     2208     checking for joinable pthread attribute... PTHREAD_CREATE_JOINABL
              E
     2209     checking if more special flags are required for pthreads... no
     2210     checking for cc_r... /p/vast1/build/spack/lib/spack/env/gcc/gcc

     ...

     2220     checking omp.h presence... yes
     2221     checking for omp.h... yes
     2222     checking whether we can build shared libraries... yes
     2223     checking jvmti.h usability... no
     2224     checking jvmti.h presence... no
     2225     checking for jvmti.h... no
  >> 2226     configure: error: no jvmti.h found; check path for JVMTI package 
              first...
     2227     checking papi.h usability... yes
     2228     checking papi.h presence... yes
     2229     checking for papi.h... yes
     2230     checking whether linking with -lpapi works... yes
     2231     checking whether PAPI version >= 3... yes
     2232     checking whether long_long is declared... yes

     ...

     2250     checking for sched.h... yes
     2251     checking for sched_getcpu... yes
     2252     checking whether sched_getcpu works... yes
     2253     checking cuda.h usability... no
     2254     checking cuda.h presence... no
     2255     checking for cuda.h... no
  >> 2256     configure: error: no cuda.h found; check path for CUDA Toolkit fi
              rst...
     2257     checking cuda_runtime_api.h usability... no
     2258     checking cuda_runtime_api.h presence... no
     2259     checking for cuda_runtime_api.h... no
  >> 2260     configure: error: no cuda_runtime_api.h found; check path for CUD
              A Toolkit first...
     2261     checking cupti.h usability... no
     2262     checking cupti.h presence... no
     2263     checking for cupti.h... no
  >> 2264     configure: error: no cupti.h found; check path for CUPTI package 
              first...
     2265     checking for dlfcn.h... (cached) yes
     2266     checking whether linking with -ldl works... yes
     2267     checking whether RTLD_DEFAULT is declared... (cached) yes
     2268     checking whether RTLD_NEXT is declared... (cached) yes
     2269     checking ctool/ctool.h usability... no
     2270     checking ctool/ctool.h presence... no
     2271     checking for ctool/ctool.h... no
  >> 2272     configure: error: no ctool/ctool.h found; check path for CTool pa
              ckage first...
     2273     checking for LIBC's pathname... /lib64/libc.so.6
     2274     checking for fork... yes
     2275     checking for execl... yes
     2276     checking for execle... yes
     2277     checking for execlp... yes
     2278     checking for execv... yes

     ...

     2400     checking for mpicc... /p/vast1/build/spack/lib/spack/env/gcc/gcc
     2401     checking for mpic++... /p/vast1/build/spack/lib/spack/env/gcc/g++
     2402     checking for OpenMP flag of C++ compiler... -fopenmp
     2403     checking vtf3.h usability... no
     2404     checking vtf3.h presence... no
     2405     checking for vtf3.h... no
  >> 2406     configure: error: no vtf3.h found; check path for VTF3 package fi
              rst...
     2407     checking zlib.h usability... yes
     2408     checking zlib.h presence... yes
     2409     checking for zlib.h... yes
     2410     checking whether linking with -lm works... yes
     2411     checking whether we need to link -lm to get math functions... no
     2412     checking for pdflatex... pdflatex

     ...

     14763    
     14764       10 |   call MPI_Testall(count, array_of_requests, flag, array_
              of_statuses, ierr)
     14765          |                                                   2
     14766    ......
     14767       22 |   call MPI_Testall(count, array_of_requests, flag, array_
              of_statuses, ierr)
     14768          |                                                   1
  >> 14769    Error: Type mismatch between actual argument at (1) and actual ar
              gument at (2) (REAL(8)/INTEGER(4)).
  >> 14770    make[4]: *** [mpi_testall_f90.lo] Error 1
     14771    make[4]: *** Waiting for unfinished jobs....
     14772    libtool: compile:  /p/vast1/build/spack/lib/spack/env/gcc/gfortra
              n -I../../../ompi/include -I/var/tmp/sochat1/spack-stage/spack-st
              age-openmpi-1.5.5-vcx4d53vydb2dw6uhdmjl2el3lg3yzhw/spack-src/ompi
              /include -I. -I/var/tmp/sochat1/spack-stage/spack-stage-openmpi-1
              .5.5-vcx4d53vydb2dw6uhdmjl2el3lg3yzhw/spack-src/ompi/mpi/f90 -I..
              /../../ompi/mpi/f90 -c mpi_wtick_f90.f90 -o mpi_wtick_f90.o >/dev
              /null 2>&1
     14773    libtool: compile:  /p/vast1/build/spack/lib/spack/env/gcc/gfortra
              n -I../../../ompi/include -I/var/tmp/sochat1/spack-stage/spack-st
              age-openmpi-1.5.5-vcx4d53vydb2dw6uhdmjl2el3lg3yzhw/spack-src/ompi
              /include -I. -I/var/tmp/sochat1/spack-stage/spack-stage-openmpi-1
              .5.5-vcx4d53vydb2dw6uhdmjl2el3lg3yzhw/spack-src/ompi/mpi/f90 -I..
              /../../ompi/mpi/f90 -c mpi_wtime_f90.f90 -o mpi_wtime_f90.o >/dev
              /null 2>&1
     14774    libtool: compile:  /p/vast1/build/spack/lib/spack/env/gcc/gfortra
              n -I../../../ompi/include -I/var/tmp/sochat1/spack-stage/spack-st
              age-openmpi-1.5.5-vcx4d53vydb2dw6uhdmjl2el3lg3yzhw/spack-src/ompi
              /include -I. -I/var/tmp/sochat1/spack-stage/spack-stage-openmpi-1
              .5.5-vcx4d53vydb2dw6uhdmjl2el3lg3yzhw/spack-src/ompi/mpi/f90 -I..
              /../../ompi/mpi/f90 -c mpi.f90 -o mpi.o >/dev/null 2>&1
     14775    make[4]: Leaving directory `/tmp/sochat1/spack-stage/spack-stage-
              openmpi-1.5.5-vcx4d53vydb2dw6uhdmjl2el3lg3yzhw/spack-src/ompi/mpi
              /f90'
  >> 14776    make[3]: *** [all-recursive] Error 1
     14777    make[3]: Leaving directory `/tmp/sochat1/spack-stage/spack-stage-
              openmpi-1.5.5-vcx4d53vydb2dw6uhdmjl2el3lg3yzhw/spack-src/ompi/mpi
              /f90'
  >> 14778    make[2]: *** [all] Error 2
     14779    make[2]: Leaving directory `/tmp/sochat1/spack-stage/spack-stage-
              openmpi-1.5.5-vcx4d53vydb2dw6uhdmjl2el3lg3yzhw/spack-src/ompi/mpi
              /f90'
  >> 14780    make[1]: *** [all-recursive] Error 1
     14781    make[1]: Leaving directory `/tmp/sochat1/spack-stage/spack-stage-
              openmpi-1.5.5-vcx4d53vydb2dw6uhdmjl2el3lg3yzhw/spack-src/ompi'
  >> 14782    make: *** [all-recursive] Error 1

See build log for details:
  /var/tmp/sochat1/spack-stage/spack-stage-openmpi-1.5.5-vcx4d53vydb2dw6uhdmjl2el3lg3yzhw/spack-build-out.txt

Making predictions for spack-test
Making predictions for symbolator
Making predictions for libabigail
abicompat not found on path, will look for spack instead.
Making predictions for actual
