/var/spool/slurmd/job97770/slurm_script: line 12: 37391 Killed                  spliced splice --package openmpi@2.0.3 --splice perl --runner spack --replace perl --experiment experiment --outfile /p/vast1/build/spliced-experiment/results/openmpi/2.0.3/perl/experiment.json
==> Warning: perl-5.24.1-qomsd3cjxred2h36pby2mozfpfuwds3s failed to install
==> Warning: AssertionError exception when releasing read lock for perl-5.24.1-qomsd3cjxred2h36pby2mozfpfuwds3s: 
==> Error: perl-5.24.1-qomsd3cjxred2h36pby2mozfpfuwds3s: Package was not installed
==> Warning: perl-5.22.4-nmbmnokvvmsjv37nfhupjt2upqmvveqh failed to install
==> Warning: AssertionError exception when releasing read lock for perl-5.22.4-nmbmnokvvmsjv37nfhupjt2upqmvveqh: 
==> Error: perl-5.22.4-nmbmnokvvmsjv37nfhupjt2upqmvveqh: Package was not installed
==> Error: Failed to upgrade to a write lock for perl-5.22.3-5f4pgummlrva2d3on5eiqsewg4wfd3mf due to LockUpgradeError: Cannot upgrade lock from read to write on file: /p/vast1/build/spack/opt/spack/.spack-db/prefix_lock
==> Warning: AssertionError exception when releasing read lock for perl-5.22.3-5f4pgummlrva2d3on5eiqsewg4wfd3mf: 
==> Warning: perl-5.22.2-mnsbrrcxg6r5edw63byrwn6e2t332ett failed to install
==> Warning: AssertionError exception when releasing read lock for perl-5.22.2-mnsbrrcxg6r5edw63byrwn6e2t332ett: 
==> Error: perl-5.22.2-mnsbrrcxg6r5edw63byrwn6e2t332ett: Package was not installed
==> Warning: perl-5.22.1-zsiv4op6nklvmyeqw4hi3cjl27j5maa4 failed to install
==> Warning: AssertionError exception when releasing read lock for perl-5.22.1-zsiv4op6nklvmyeqw4hi3cjl27j5maa4: 
==> Error: perl-5.22.1-zsiv4op6nklvmyeqw4hi3cjl27j5maa4: Package was not installed
==> Error: ProcessError: Command exited with status 1:
    '/usr/bin/patch' '-s' '-p' '1' '-i' '/p/vast1/build/spack/var/spack/repos/builtin/packages/perl/protect-quotes-in-ccflags.patch' '-d' '.'
==> Error: ProcessError: Command exited with status 1:
    '/usr/bin/patch' '-s' '-p' '1' '-i' '/var/tmp/sochat1/spack-stage/spack-stage-9j91axir/perl5162-timelocal-y2020.patch' '-d' '.'
==> Error: ProcessError: Command exited with status 1:
    '/usr/bin/patch' '-s' '-p' '1' '-i' '/var/tmp/sochat1/spack-stage/spack-stage-1o4h65yu/perl5162-timelocal-y2020.patch' '-d' '.'
==> Error: ProcessError: Command exited with status 1:
    '/usr/bin/patch' '-s' '-p' '1' '-i' '/var/tmp/sochat1/spack-stage/spack-stage-or94x_53/perl5162-timelocal-y2020.patch' '-d' '.'
Making predictions for spack-test
Making predictions for symbolator
Making predictions for libabigail
abicompat not found on path, will look for spack instead.
Making predictions for actual
