/var/spool/slurmd/job97828/slurm_script: line 12:  7047 Killed                  spliced splice --package openmpi@master --splice perl --runner spack --replace perl --experiment experiment --outfile /p/vast1/build/spliced-experiment/results/openmpi/master/perl/experiment.json
==> Warning: Missing a source id for openmpi@master
==> Error: ProcessError: Command exited with status 1:
    '/var/tmp/sochat1/spack-stage/spack-stage-openmpi-master-ihentoup3voecdrmavxloehqek66e446/spack-src/configure' '--prefix=/p/vast1/build/spack/opt/spack/linux-rhel7-broadwell/gcc-10.2.1/openmpi-master-ihentoup3voecdrmavxloehqek66e446' '--enable-shared' '--disable-silent-rules' '--disable-builtin-atomics' '--enable-static' '--without-pmi' '--with-zlib=/p/vast1/build/spack/opt/spack/linux-rhel7-broadwell/gcc-10.2.1/zlib-1.2.11-su2ldy5ofm424qnly3kitbbdgwovpfk4' '--enable-mpi1-compatibility' '--without-psm2' '--without-ucx' '--without-xpmem' '--without-cma' '--without-psm' '--without-ofi' '--without-mxm' '--without-knem' '--without-hcoll' '--without-verbs' '--without-fca' '--without-cray-xpmem' '--without-sge' '--without-lsf' '--without-alps' '--without-tm' '--without-loadleveler' '--without-slurm' '--disable-memchecker' '--with-libevent=/p/vast1/build/spack/opt/spack/linux-rhel7-broadwell/gcc-10.2.1/libevent-2.1.12-ojhvas6alyezjgn2r2flj4slwat4cowk' '--with-hwloc=/p/vast1/build/spack/opt/spack/linux-rhel7-broadwell/gcc-10.2.1/hwloc-2.7.0-zcvfxqfecuheq2vakvpuosok2avakr6j' '--disable-java' '--disable-mpi-java' '--with-gpfs' '--without-cuda' '--enable-wrapper-rpath' '--disable-wrapper-runpath' '--with-wrapper-ldflags=-Wl,-rpath,/usr/tce/packages/gcc/gcc-10.2.1/rh/usr/lib/gcc/x86_64-redhat-linux/10'

20 errors found in build log:
     573     libtoolize: copying file './config/ltsugar.m4'
     574     libtoolize: copying file './config/ltversion.m4'
     575     libtoolize: copying file './config/lt~obsolete.m4'
     576     autoreconf: running: /p/vast1/build/spack/opt/spack/linux-rhel7-br
             oadwell/gcc-10.2.1/autoconf-2.69-pfmcbnykmtv5mjmsmwbesqcoea22hrrx/
             bin/autoconf --include=config --force --warnings=all,no-obsolete,n
             o-override
     577     autoreconf: running: /p/vast1/build/spack/opt/spack/linux-rhel7-br
             oadwell/gcc-10.2.1/autoconf-2.69-pfmcbnykmtv5mjmsmwbesqcoea22hrrx/
             bin/autoheader --include=config --force --warnings=all,no-obsolete
             ,no-override
     578     autoreconf: running: automake --add-missing --copy --force-missing
              --warnings=all,no-obsolete,no-override
  >> 579     configure.ac:111: installing './config/compile'
  >> 580     configure.ac:96: installing './config/config.guess'
  >> 581     configure.ac:96: installing './config/config.sub'
  >> 582     configure.ac:99: installing './config/install-sh'
  >> 583     configure.ac:99: installing './config/missing'
     584     examples/Makefile.am: installing './config/depcomp'
     585     autoreconf: Leaving directory `.'
     586     === Patching PGI compiler version numbers in ltmain.sh
     587     === Patching "-pthread" option for NAG compiler in ltmain.sh
     588     
     589     ================================================

     ...

     799     libtoolize: copying file 'config/ltsugar.m4'
     800     libtoolize: copying file 'config/ltversion.m4'
     801     libtoolize: copying file 'config/lt~obsolete.m4'
     802     autoreconf: running: /p/vast1/build/spack/opt/spack/linux-rhel7-br
             oadwell/gcc-10.2.1/autoconf-2.69-pfmcbnykmtv5mjmsmwbesqcoea22hrrx/
             bin/autoconf --include=config --force --warnings=all,no-obsolete,n
             o-override
     803     autoreconf: running: /p/vast1/build/spack/opt/spack/linux-rhel7-br
             oadwell/gcc-10.2.1/autoconf-2.69-pfmcbnykmtv5mjmsmwbesqcoea22hrrx/
             bin/autoheader --include=config --force --warnings=all,no-obsolete
             ,no-override
     804     autoreconf: running: automake --add-missing --copy --force-missing
              --warnings=all,no-obsolete,no-override
  >> 805     configure.ac:110: installing 'config/compile'
  >> 806     configure.ac:97: installing 'config/config.guess'
  >> 807     configure.ac:97: installing 'config/config.sub'
  >> 808     configure.ac:124: installing 'config/install-sh'
  >> 809     configure.ac:124: installing 'config/missing'
     810     src/Makefile.am: installing 'config/depcomp'
     811     autoreconf: Leaving directory `.'
     812     === Patching PGI compiler version numbers in ltmain.sh
     813     === Patching "-pthread" option for NAG compiler in ltmain.sh
     814     
     815     ================================================

     ...

     850     libtoolize: copying file 'confdb/ltsugar.m4'
     851     libtoolize: copying file 'confdb/ltversion.m4'
     852     libtoolize: copying file 'confdb/lt~obsolete.m4'
     853     autoreconf: running: /p/vast1/build/spack/opt/spack/linux-rhel7-br
             oadwell/gcc-10.2.1/autoconf-2.69-pfmcbnykmtv5mjmsmwbesqcoea22hrrx/
             bin/autoconf --include=confdb --force
     854     autoreconf: running: /p/vast1/build/spack/opt/spack/linux-rhel7-br
             oadwell/gcc-10.2.1/autoconf-2.69-pfmcbnykmtv5mjmsmwbesqcoea22hrrx/
             bin/autoheader --include=confdb --force
     855     autoreconf: running: automake --add-missing --copy --force-missing
  >> 856     configure.ac:42: installing 'confdb/compile'
  >> 857     configure.ac:38: installing 'confdb/missing'
     858     Makefile.am: installing 'confdb/depcomp'
     859     autoreconf: Leaving directory `.'
     860     === running autoreconf in 'mpl' ===
     861     autoreconf: Entering directory `.'
     862     autoreconf: configure.ac: not using Gettext
     863     autoreconf: running: aclocal --force -I confdb

     ...

     871     libtoolize: copying file 'confdb/ltsugar.m4'
     872     libtoolize: copying file 'confdb/ltversion.m4'
     873     libtoolize: copying file 'confdb/lt~obsolete.m4'
     874     autoreconf: running: /p/vast1/build/spack/opt/spack/linux-rhel7-br
             oadwell/gcc-10.2.1/autoconf-2.69-pfmcbnykmtv5mjmsmwbesqcoea22hrrx/
             bin/autoconf --force
     875     autoreconf: running: /p/vast1/build/spack/opt/spack/linux-rhel7-br
             oadwell/gcc-10.2.1/autoconf-2.69-pfmcbnykmtv5mjmsmwbesqcoea22hrrx/
             bin/autoheader --force
     876     autoreconf: running: automake --add-missing --copy --force-missing
  >> 877     configure.ac:18: installing 'confdb/compile'
  >> 878     configure.ac:15: installing 'confdb/missing'
     879     Makefile.am: installing 'confdb/depcomp'
     880     autoreconf: Leaving directory `.'
     881         Patching configure for Libtool PGI 10 fortran compiler name
     882         Patching configure for Libtool PGI version number regexps
     883         Patching configure for flang Fortran ()
     884         Patching configure for flang Fortran (_FC)

     ...

     915     libtoolize: copying file 'config/ltsugar.m4'
     916     libtoolize: copying file 'config/ltversion.m4'
     917     libtoolize: copying file 'config/lt~obsolete.m4'
     918     autoreconf: running: /p/vast1/build/spack/opt/spack/linux-rhel7-br
             oadwell/gcc-10.2.1/autoconf-2.69-pfmcbnykmtv5mjmsmwbesqcoea22hrrx/
             bin/autoconf --include=config --force --warnings=all,no-obsolete,n
             o-override
     919     autoreconf: running: /p/vast1/build/spack/opt/spack/linux-rhel7-br
             oadwell/gcc-10.2.1/autoconf-2.69-pfmcbnykmtv5mjmsmwbesqcoea22hrrx/
             bin/autoheader --include=config --force --warnings=all,no-obsolete
             ,no-override
     920     autoreconf: running: automake --add-missing --copy --force-missing
              --warnings=all,no-obsolete,no-override
  >> 921     configure.ac:373: installing 'config/compile'
  >> 922     configure.ac:89: installing 'config/config.guess'
  >> 923     configure.ac:89: installing 'config/config.sub'
  >> 924     configure.ac:101: installing 'config/install-sh'
  >> 925     configure.ac:101: installing 'config/missing'
     926     3rd-party/treematch/Makefile.am: installing 'config/depcomp'
     927     autoreconf: Leaving directory `.'
     928     === Patching PGI compiler version numbers in ltmain.sh
     929     === Patching "-pthread" option for NAG compiler in ltmain.sh
     930     === Patching configure for Libtool PGI 10 fortran compiler name
     931     === Patching configure for Libtool PGI version number regexps

     ...

     1866    checking whether make supports nested variables... yes
     1867    : error: source directory already configured; run "make distclean"
              there first
     1868    configure: ===== done with 3rd-party/openpmix configure =====
     1869    checking pmix.h usability... no
     1870    checking pmix.h presence... no
     1871    checking for pmix.h... no
  >> 1872    configure: error: Could not find viable pmix build.

See build log for details:
  /var/tmp/sochat1/spack-stage/spack-stage-openmpi-master-ihentoup3voecdrmavxloehqek66e446/spack-build-out.txt

Making predictions for spack-test
Making predictions for symbolator
Making predictions for libabigail
abicompat not found on path, will look for spack instead.
Making predictions for actual
