==> Error: ProcessError: Command exited with status 1:
    '/var/tmp/sochat1/spack-stage/spack-stage-openmpi-1.1.5-bucvf7khf33x7urtvsbxxzb4oxshpn35/spack-src/configure' '--prefix=/p/vast1/build/spack/opt/spack/linux-rhel7-broadwell/gcc-10.2.1/openmpi-1.1.5-bucvf7khf33x7urtvsbxxzb4oxshpn35' '--enable-shared' '--disable-silent-rules' '--disable-builtin-atomics' '--enable-static' '--without-pmi' '--without-mxm' '--without-hcoll' '--without-psm' '--without-libfabric' '--without-xpmem' '--without-knem' '--without-openib' '--without-fca' '--without-ucx' '--without-cma' '--without-psm2' '--without-lsf' '--without-sge' '--without-loadleveler' '--without-alps' '--without-tm' '--without-slurm' '--disable-memchecker' '--with-gpfs' '--without-sqlite3' '--disable-wrapper-rpath' '--disable-mpi-cxx' '--disable-cxx-exceptions'

7 errors found in build log:
     2       ==> openmpi: Executing phase: 'configure'
     3       ==> [2022-02-26-02:03:14.572962] '/var/tmp/sochat1/spack-stage/spa
             ck-stage-openmpi-1.1.5-bucvf7khf33x7urtvsbxxzb4oxshpn35/spack-src/
             configure' '--prefix=/p/vast1/build/spack/opt/spack/linux-rhel7-br
             oadwell/gcc-10.2.1/openmpi-1.1.5-bucvf7khf33x7urtvsbxxzb4oxshpn35'
              '--enable-shared' '--disable-silent-rules' '--disable-builtin-ato
             mics' '--enable-static' '--without-pmi' '--without-mxm' '--without
             -hcoll' '--without-psm' '--without-libfabric' '--without-xpmem' '-
             -without-knem' '--without-openib' '--without-fca' '--without-ucx' 
             '--without-cma' '--without-psm2' '--without-lsf' '--without-sge' '
             --without-loadleveler' '--without-alps' '--without-tm' '--without-
             slurm' '--disable-memchecker' '--with-gpfs' '--without-sqlite3' '-
             -disable-wrapper-rpath' '--disable-mpi-cxx' '--disable-cxx-excepti
             ons'
     4       checking for a BSD-compatible install... /usr/bin/install -c
     5       checking whether build environment is sane... yes
     6       checking for gawk... gawk
     7       checking whether make sets $(MAKE)... yes
  >> 8       configure: error: source directory already configured; run "make d
             istclean" there first
     9       ==> openmpi: Executing phase: 'build'
     10      ==> [2022-02-25-21:12:51.619771] 'make' '-j2' 'V=1'
     11      Making all in config
     12      make[1]: Entering directory `/tmp/sochat1/spack-stage/spack-stage-
             openmpi-1.1.5-bucvf7khf33x7urtvsbxxzb4oxshpn35/spack-src/config'
     13      make[1]: Nothing to be done for `all'.
     14      make[1]: Leaving directory `/tmp/sochat1/spack-stage/spack-stage-o
             penmpi-1.1.5-bucvf7khf33x7urtvsbxxzb4oxshpn35/spack-src/config'

     ...

     8309    
     8310       16 |   call MPI_Comm_spawn_multiple(count, array_of_commands, a
             rray_of_argv, &
     8311          |                                                         2
     8312    ......
     8313       36 |   call MPI_Comm_spawn_multiple(count, array_of_commands, a
             rray_of_argv, &
     8314          |                                                         1
  >> 8315    Error: Type mismatch between actual argument at (1) and actual arg
             ument at (2) (REAL(8)/CHARACTER(*)).
  >> 8316    make[4]: *** [mpi_comm_spawn_multiple_f90.o] Error 1
     8317    make[4]: *** Waiting for unfinished jobs....
     8318    make[4]: Leaving directory `/tmp/sochat1/spack-stage/spack-stage-o
             penmpi-1.1.5-bucvf7khf33x7urtvsbxxzb4oxshpn35/spack-src/ompi/mpi/f
             90'
  >> 8319    make[3]: *** [all-recursive] Error 1
     8320    make[3]: Leaving directory `/tmp/sochat1/spack-stage/spack-stage-o
             penmpi-1.1.5-bucvf7khf33x7urtvsbxxzb4oxshpn35/spack-src/ompi/mpi/f
             90'
  >> 8321    make[2]: *** [all-recursive] Error 1
     8322    make[2]: Leaving directory `/tmp/sochat1/spack-stage/spack-stage-o
             penmpi-1.1.5-bucvf7khf33x7urtvsbxxzb4oxshpn35/spack-src/ompi/mpi'
  >> 8323    make[1]: *** [all-recursive] Error 1
     8324    make[1]: Leaving directory `/tmp/sochat1/spack-stage/spack-stage-o
             penmpi-1.1.5-bucvf7khf33x7urtvsbxxzb4oxshpn35/spack-src/ompi'
  >> 8325    make: *** [all-recursive] Error 1

See build log for details:
  /var/tmp/sochat1/spack-stage/spack-stage-openmpi-1.1.5-bucvf7khf33x7urtvsbxxzb4oxshpn35/spack-build-out.txt

Making predictions for symbolator
Making predictions for libabigail
Making predictions for actual
==> Error: ProcessError: Command exited with status 2:
    'make' '-j16' 'V=1'

14 errors found in build log:
     10326    
     10327        8 |   call MPI_Waitall(count, array_of_requests, array_of_sta
              tuses, ierr)
     10328          |                                             2
     10329    ......
     10330       18 |   call MPI_Waitall(count, array_of_requests, array_of_sta
              tuses, ierr)
     10331          |                                             1
  >> 10332    Error: Type mismatch between actual argument at (1) and actual ar
              gument at (2) (REAL(8)/INTEGER(4)).
     10333    mpi_testsome_f90.f90:26:76:
     10334    
     10335       12 |   call MPI_Testsome(incount, array_of_requests, outcount,
               array_of_indices, array_of_statuses, ierr)
     10336          |                                                          
                                2
     10337    ......
     10338       26 |   call MPI_Testsome(incount, array_of_requests, outcount,
               array_of_indices, array_of_statuses, ierr)
     10339          |                                                          
                                1
  >> 10340    Error: Type mismatch between actual argument at (1) and actual ar
              gument at (2) (REAL(8)/INTEGER(4)).
     10341    mpi_testall_f90.f90:22:51:
     10342    
     10343       10 |   call MPI_Testall(count, array_of_requests, flag, array_
              of_statuses, ierr)
     10344          |                                                   2
     10345    ......
     10346       22 |   call MPI_Testall(count, array_of_requests, flag, array_
              of_statuses, ierr)
     10347          |                                                   1
  >> 10348    Error: Type mismatch between actual argument at (1) and actual ar
              gument at (2) (REAL(8)/INTEGER(4)).
     10349    mpi_comm_spawn_multiple_f90.f90:36:57:
     10350    
     10351       16 |   call MPI_Comm_spawn_multiple(count, array_of_commands, 
              array_of_argv, &
     10352          |                                                         2
     10353    ......
     10354       36 |   call MPI_Comm_spawn_multiple(count, array_of_commands, 
              array_of_argv, &
     10355          |                                                         1
  >> 10356    Error: Type mismatch between actual argument at (1) and actual ar
              gument at (2) (REAL(8)/CHARACTER(*)).
  >> 10357    make[4]: *** [mpi_testsome_f90.o] Error 1
     10358    make[4]: *** Waiting for unfinished jobs....
  >> 10359    make[4]: *** [mpi_waitall_f90.o] Error 1
  >> 10360    make[4]: *** [mpi_testall_f90.o] Error 1
  >> 10361    make[4]: *** [mpi_comm_spawn_multiple_f90.o] Error 1
     10362    mpi_waitsome_f90.f90:26:76:
     10363    
     10364       12 |   call MPI_Waitsome(incount, array_of_requests, outcount,
               array_of_indices, array_of_statuses, ierr)
     10365          |                                                          
                                2
     10366    ......
     10367       26 |   call MPI_Waitsome(incount, array_of_requests, outcount,
               array_of_indices, array_of_statuses, ierr)
     10368          |                                                          
                                1
  >> 10369    Error: Type mismatch between actual argument at (1) and actual ar
              gument at (2) (REAL(8)/INTEGER(4)).
  >> 10370    make[4]: *** [mpi_waitsome_f90.o] Error 1
     10371    make[4]: Leaving directory `/tmp/sochat1/spack-stage/spack-stage-
              openmpi-1.1.5-bucvf7khf33x7urtvsbxxzb4oxshpn35/spack-src/ompi/mpi
              /f90'
  >> 10372    make[3]: *** [all-recursive] Error 1
     10373    make[3]: Leaving directory `/tmp/sochat1/spack-stage/spack-stage-
              openmpi-1.1.5-bucvf7khf33x7urtvsbxxzb4oxshpn35/spack-src/ompi/mpi
              /f90'
  >> 10374    make[2]: *** [all-recursive] Error 1
     10375    make[2]: Leaving directory `/tmp/sochat1/spack-stage/spack-stage-
              openmpi-1.1.5-bucvf7khf33x7urtvsbxxzb4oxshpn35/spack-src/ompi/mpi
              '
  >> 10376    make[1]: *** [all-recursive] Error 1
     10377    make[1]: Leaving directory `/tmp/sochat1/spack-stage/spack-stage-
              openmpi-1.1.5-bucvf7khf33x7urtvsbxxzb4oxshpn35/spack-src/ompi'
  >> 10378    make: *** [all-recursive] Error 1

See build log for details:
  /var/tmp/sochat1/spack-stage/spack-stage-openmpi-1.1.5-bucvf7khf33x7urtvsbxxzb4oxshpn35/spack-build-out.txt

Making predictions for spack-test
Making predictions for symbolator
Making predictions for libabigail
abicompat not found on path, will look for spack instead.
Making predictions for actual
