==> Error: Failed to upgrade to a write lock for openmpi-1.10.0-vwj7awsatqquk33mzwvagrf7agojlrf6 due to LockUpgradeError: Cannot upgrade lock from read to write on file: /p/vast1/build/spack/opt/spack/.spack-db/prefix_lock
==> Warning: AssertionError exception when releasing read lock for openmpi-1.10.0-vwj7awsatqquk33mzwvagrf7agojlrf6: 
Making predictions for symbolator
Making predictions for libabigail
Making predictions for actual
==> Warning: openssh-7.9p1-cehat7jbrnl2rjln3ggidredhodl7syp failed to install
==> Warning: AssertionError exception when releasing read lock for openssh-7.9p1-cehat7jbrnl2rjln3ggidredhodl7syp: 
==> Error: openssh-7.9p1-cehat7jbrnl2rjln3ggidredhodl7syp: Package was not installed
==> Warning: using "openssl@1.0.2u" which is a deprecated version
==> Error: Failed to upgrade to a write lock for openssl-1.0.2u-jg3ilhwnnge5yk5gd46f7izmlwt6izi2 due to LockUpgradeError: Cannot upgrade lock from read to write on file: /p/vast1/build/spack/opt/spack/.spack-db/prefix_lock
==> Warning: AssertionError exception when releasing read lock for openssl-1.0.2u-jg3ilhwnnge5yk5gd46f7izmlwt6izi2: 
==> Warning: using "openssl@1.0.2u" which is a deprecated version
==> Error: Failed to upgrade to a write lock for openssl-1.0.2u-jg3ilhwnnge5yk5gd46f7izmlwt6izi2 due to LockUpgradeError: Cannot upgrade lock from read to write on file: /p/vast1/build/spack/opt/spack/.spack-db/prefix_lock
==> Warning: AssertionError exception when releasing read lock for openssl-1.0.2u-jg3ilhwnnge5yk5gd46f7izmlwt6izi2: 
==> Warning: using "openssl@1.0.2u" which is a deprecated version
==> Warning: openssl-1.0.2u-jg3ilhwnnge5yk5gd46f7izmlwt6izi2 failed to install
==> Warning: Skipping build of openssh-7.4p1-sbgjhkkcv2u3q6uxaupvii6ca6fq6rje since openssl-1.0.2u-jg3ilhwnnge5yk5gd46f7izmlwt6izi2 failed
==> Warning: AssertionError exception when releasing read lock for openssl-1.0.2u-jg3ilhwnnge5yk5gd46f7izmlwt6izi2: 
==> Error: openssh-7.4p1-sbgjhkkcv2u3q6uxaupvii6ca6fq6rje: Package was not installed
==> Warning: using "openssl@1.0.2u" which is a deprecated version
==> Error: Failed to upgrade to a write lock for openssl-1.0.2u-jg3ilhwnnge5yk5gd46f7izmlwt6izi2 due to LockUpgradeError: Cannot upgrade lock from read to write on file: /p/vast1/build/spack/opt/spack/.spack-db/prefix_lock
==> Warning: AssertionError exception when releasing read lock for openssl-1.0.2u-jg3ilhwnnge5yk5gd46f7izmlwt6izi2: 
==> Warning: using "openssl@1.0.2u" which is a deprecated version
==> Warning: openssl-1.0.2u-jg3ilhwnnge5yk5gd46f7izmlwt6izi2 failed to install
==> Warning: Skipping build of openssh-7.2p2-b6hitlsbslvsiaea4lygrprl4anfjlyu since openssl-1.0.2u-jg3ilhwnnge5yk5gd46f7izmlwt6izi2 failed
==> Warning: AssertionError exception when releasing read lock for openssl-1.0.2u-jg3ilhwnnge5yk5gd46f7izmlwt6izi2: 
==> Error: openssh-7.2p2-b6hitlsbslvsiaea4lygrprl4anfjlyu: Package was not installed
==> Warning: using "openssl@1.0.2u" which is a deprecated version
==> Error: Failed to upgrade to a write lock for openssl-1.0.2u-jg3ilhwnnge5yk5gd46f7izmlwt6izi2 due to LockUpgradeError: Cannot upgrade lock from read to write on file: /p/vast1/build/spack/opt/spack/.spack-db/prefix_lock
==> Warning: AssertionError exception when releasing read lock for openssl-1.0.2u-jg3ilhwnnge5yk5gd46f7izmlwt6izi2: 
==> Warning: using "openssl@1.0.2u" which is a deprecated version
==> Error: Failed to upgrade to a write lock for openssl-1.0.2u-jg3ilhwnnge5yk5gd46f7izmlwt6izi2 due to LockUpgradeError: Cannot upgrade lock from read to write on file: /p/vast1/build/spack/opt/spack/.spack-db/prefix_lock
==> Warning: AssertionError exception when releasing read lock for openssl-1.0.2u-jg3ilhwnnge5yk5gd46f7izmlwt6izi2: 
==> Warning: using "openssl@1.0.2u" which is a deprecated version
==> Warning: openssl-1.0.2u-jg3ilhwnnge5yk5gd46f7izmlwt6izi2 failed to install
==> Warning: Skipping build of openssh-6.9p1-lisg7lebws7liifpvpf3vgt6c2rsf7hq since openssl-1.0.2u-jg3ilhwnnge5yk5gd46f7izmlwt6izi2 failed
==> Warning: AssertionError exception when releasing read lock for openssl-1.0.2u-jg3ilhwnnge5yk5gd46f7izmlwt6izi2: 
==> Error: openssh-6.9p1-lisg7lebws7liifpvpf3vgt6c2rsf7hq: Package was not installed
==> Warning: using "openssl@1.0.2u" which is a deprecated version
==> Error: Failed to upgrade to a write lock for openssl-1.0.2u-jg3ilhwnnge5yk5gd46f7izmlwt6izi2 due to LockUpgradeError: Cannot upgrade lock from read to write on file: /p/vast1/build/spack/opt/spack/.spack-db/prefix_lock
==> Warning: AssertionError exception when releasing read lock for openssl-1.0.2u-jg3ilhwnnge5yk5gd46f7izmlwt6izi2: 
==> Warning: using "openssl@1.0.2u" which is a deprecated version
==> Warning: openssl-1.0.2u-jg3ilhwnnge5yk5gd46f7izmlwt6izi2 failed to install
==> Warning: Skipping build of openssh-6.7p1-hkynbaam3yttwm6xmaz2lkogaov66d3s since openssl-1.0.2u-jg3ilhwnnge5yk5gd46f7izmlwt6izi2 failed
==> Warning: AssertionError exception when releasing read lock for openssl-1.0.2u-jg3ilhwnnge5yk5gd46f7izmlwt6izi2: 
==> Error: openssh-6.7p1-hkynbaam3yttwm6xmaz2lkogaov66d3s: Package was not installed
==> Warning: using "openssl@1.0.2u" which is a deprecated version
==> Error: Failed to upgrade to a write lock for openssl-1.0.2u-jg3ilhwnnge5yk5gd46f7izmlwt6izi2 due to LockUpgradeError: Cannot upgrade lock from read to write on file: /p/vast1/build/spack/opt/spack/.spack-db/prefix_lock
==> Warning: AssertionError exception when releasing read lock for openssl-1.0.2u-jg3ilhwnnge5yk5gd46f7izmlwt6izi2: 
Making predictions for spack-test
Making predictions for symbolator
Making predictions for libabigail
abicompat not found on path, will look for spack instead.
Making predictions for actual
