==> Warning: Missing a source id for openmpi@master
==> Error: ProcessError: Command exited with status 1:
    '/var/tmp/sochat1/spack-stage/spack-stage-openmpi-master-ihentoup3voecdrmavxloehqek66e446/spack-src/configure' '--prefix=/p/vast1/build/spack/opt/spack/linux-rhel7-broadwell/gcc-10.2.1/openmpi-master-ihentoup3voecdrmavxloehqek66e446' '--enable-shared' '--disable-silent-rules' '--disable-builtin-atomics' '--enable-static' '--without-pmi' '--with-zlib=/p/vast1/build/spack/opt/spack/linux-rhel7-broadwell/gcc-10.2.1/zlib-1.2.11-su2ldy5ofm424qnly3kitbbdgwovpfk4' '--enable-mpi1-compatibility' '--without-cma' '--without-ucx' '--without-mxm' '--without-ofi' '--without-hcoll' '--without-fca' '--without-verbs' '--without-psm2' '--without-xpmem' '--without-knem' '--without-psm' '--without-cray-xpmem' '--without-alps' '--without-loadleveler' '--without-lsf' '--without-sge' '--without-tm' '--without-slurm' '--disable-memchecker' '--with-libevent=/p/vast1/build/spack/opt/spack/linux-rhel7-broadwell/gcc-10.2.1/libevent-2.1.12-ojhvas6alyezjgn2r2flj4slwat4cowk' '--with-hwloc=/p/vast1/build/spack/opt/spack/linux-rhel7-broadwell/gcc-10.2.1/hwloc-2.7.0-zcvfxqfecuheq2vakvpuosok2avakr6j' '--disable-java' '--disable-mpi-java' '--with-gpfs' '--without-cuda' '--enable-wrapper-rpath' '--disable-wrapper-runpath' '--with-wrapper-ldflags=-Wl,-rpath,/usr/tce/packages/gcc/gcc-10.2.1/rh/usr/lib/gcc/x86_64-redhat-linux/10'

24 errors found in build log:
     577      libtoolize: copying file './config/ltsugar.m4'
     578      libtoolize: copying file './config/ltversion.m4'
     579      libtoolize: copying file './config/lt~obsolete.m4'
     580      autoreconf: running: /p/vast1/build/spack/opt/spack/linux-rhel7-b
              roadwell/gcc-10.2.1/autoconf-2.69-pfmcbnykmtv5mjmsmwbesqcoea22hrr
              x/bin/autoconf --include=config --force --warnings=all,no-obsolet
              e,no-override
     581      autoreconf: running: /p/vast1/build/spack/opt/spack/linux-rhel7-b
              roadwell/gcc-10.2.1/autoconf-2.69-pfmcbnykmtv5mjmsmwbesqcoea22hrr
              x/bin/autoheader --include=config --force --warnings=all,no-obsol
              ete,no-override
     582      autoreconf: running: automake --add-missing --copy --force-missin
              g --warnings=all,no-obsolete,no-override
  >> 583      configure.ac:111: installing './config/compile'
  >> 584      configure.ac:96: installing './config/config.guess'
  >> 585      configure.ac:96: installing './config/config.sub'
  >> 586      configure.ac:99: installing './config/install-sh'
  >> 587      configure.ac:99: installing './config/missing'
     588      examples/Makefile.am: installing './config/depcomp'
     589      autoreconf: Leaving directory `.'
     590      === Patching PGI compiler version numbers in ltmain.sh
     591      === Patching "-pthread" option for NAG compiler in ltmain.sh
     592      
     593      ================================================

     ...

     803      libtoolize: copying file 'config/ltsugar.m4'
     804      libtoolize: copying file 'config/ltversion.m4'
     805      libtoolize: copying file 'config/lt~obsolete.m4'
     806      autoreconf: running: /p/vast1/build/spack/opt/spack/linux-rhel7-b
              roadwell/gcc-10.2.1/autoconf-2.69-pfmcbnykmtv5mjmsmwbesqcoea22hrr
              x/bin/autoconf --include=config --force --warnings=all,no-obsolet
              e,no-override
     807      autoreconf: running: /p/vast1/build/spack/opt/spack/linux-rhel7-b
              roadwell/gcc-10.2.1/autoconf-2.69-pfmcbnykmtv5mjmsmwbesqcoea22hrr
              x/bin/autoheader --include=config --force --warnings=all,no-obsol
              ete,no-override
     808      autoreconf: running: automake --add-missing --copy --force-missin
              g --warnings=all,no-obsolete,no-override
  >> 809      configure.ac:110: installing 'config/compile'
  >> 810      configure.ac:97: installing 'config/config.guess'
  >> 811      configure.ac:97: installing 'config/config.sub'
  >> 812      configure.ac:124: installing 'config/install-sh'
  >> 813      configure.ac:124: installing 'config/missing'
     814      src/Makefile.am: installing 'config/depcomp'
     815      autoreconf: Leaving directory `.'
     816      === Patching PGI compiler version numbers in ltmain.sh
     817      === Patching "-pthread" option for NAG compiler in ltmain.sh
     818      
     819      ================================================

     ...

     854      libtoolize: copying file 'confdb/ltsugar.m4'
     855      libtoolize: copying file 'confdb/ltversion.m4'
     856      libtoolize: copying file 'confdb/lt~obsolete.m4'
     857      autoreconf: running: /p/vast1/build/spack/opt/spack/linux-rhel7-b
              roadwell/gcc-10.2.1/autoconf-2.69-pfmcbnykmtv5mjmsmwbesqcoea22hrr
              x/bin/autoconf --include=confdb --force
     858      autoreconf: running: /p/vast1/build/spack/opt/spack/linux-rhel7-b
              roadwell/gcc-10.2.1/autoconf-2.69-pfmcbnykmtv5mjmsmwbesqcoea22hrr
              x/bin/autoheader --include=confdb --force
     859      autoreconf: running: automake --add-missing --copy --force-missin
              g
  >> 860      configure.ac:42: installing 'confdb/compile'
  >> 861      configure.ac:38: installing 'confdb/missing'
     862      Makefile.am: installing 'confdb/depcomp'
     863      autoreconf: Leaving directory `.'
     864      === running autoreconf in 'mpl' ===
     865      autoreconf: Entering directory `.'
     866      autoreconf: configure.ac: not using Gettext
     867      autoreconf: running: aclocal --force -I confdb

     ...

     875      libtoolize: copying file 'confdb/ltsugar.m4'
     876      libtoolize: copying file 'confdb/ltversion.m4'
     877      libtoolize: copying file 'confdb/lt~obsolete.m4'
     878      autoreconf: running: /p/vast1/build/spack/opt/spack/linux-rhel7-b
              roadwell/gcc-10.2.1/autoconf-2.69-pfmcbnykmtv5mjmsmwbesqcoea22hrr
              x/bin/autoconf --force
     879      autoreconf: running: /p/vast1/build/spack/opt/spack/linux-rhel7-b
              roadwell/gcc-10.2.1/autoconf-2.69-pfmcbnykmtv5mjmsmwbesqcoea22hrr
              x/bin/autoheader --force
     880      autoreconf: running: automake --add-missing --copy --force-missin
              g
  >> 881      configure.ac:18: installing 'confdb/compile'
  >> 882      configure.ac:15: installing 'confdb/missing'
     883      Makefile.am: installing 'confdb/depcomp'
     884      autoreconf: Leaving directory `.'
     885          Patching configure for Libtool PGI 10 fortran compiler name
     886          Patching configure for Libtool PGI version number regexps
     887          Patching configure for flang Fortran ()
     888          Patching configure for flang Fortran (_FC)

     ...

     919      libtoolize: copying file 'config/ltsugar.m4'
     920      libtoolize: copying file 'config/ltversion.m4'
     921      libtoolize: copying file 'config/lt~obsolete.m4'
     922      autoreconf: running: /p/vast1/build/spack/opt/spack/linux-rhel7-b
              roadwell/gcc-10.2.1/autoconf-2.69-pfmcbnykmtv5mjmsmwbesqcoea22hrr
              x/bin/autoconf --include=config --force --warnings=all,no-obsolet
              e,no-override
     923      autoreconf: running: /p/vast1/build/spack/opt/spack/linux-rhel7-b
              roadwell/gcc-10.2.1/autoconf-2.69-pfmcbnykmtv5mjmsmwbesqcoea22hrr
              x/bin/autoheader --include=config --force --warnings=all,no-obsol
              ete,no-override
     924      autoreconf: running: automake --add-missing --copy --force-missin
              g --warnings=all,no-obsolete,no-override
  >> 925      configure.ac:373: installing 'config/compile'
  >> 926      configure.ac:89: installing 'config/config.guess'
  >> 927      configure.ac:89: installing 'config/config.sub'
  >> 928      configure.ac:101: installing 'config/install-sh'
  >> 929      configure.ac:101: installing 'config/missing'
     930      3rd-party/treematch/Makefile.am: installing 'config/depcomp'
     931      autoreconf: Leaving directory `.'
     932      === Patching PGI compiler version numbers in ltmain.sh
     933      === Patching "-pthread" option for NAG compiler in ltmain.sh
     934      === Patching configure for Libtool PGI 10 fortran compiler name
     935      === Patching configure for Libtool PGI version number regexps

     ...

     980      checking for a BSD-compatible install... /usr/bin/install -c
     981      checking whether build environment is sane... yes
     982      checking for a thread-safe mkdir -p... /usr/bin/mkdir -p
     983      checking for gawk... gawk
     984      checking whether make sets $(MAKE)... yes
     985      checking whether make supports nested variables... yes
  >> 986      configure: error: source directory already configured; run "make 
              distclean" there first
     987      ==> openmpi: Executing phase: 'build'
     988      ==> [2022-02-25-11:45:43.283032] 'make' '-j2' 'V=1'
     989      Making all in config
     990      make[1]: Entering directory `/tmp/sochat1/spack-stage/spack-stage
              -openmpi-master-ihentoup3voecdrmavxloehqek66e446/spack-src/config
              '
     991      make[1]: Nothing to be done for `all'.
     992      make[1]: Leaving directory `/tmp/sochat1/spack-stage/spack-stage-
              openmpi-master-ihentoup3voecdrmavxloehqek66e446/spack-src/config'

     ...

     12046    /usr/tce/packages/gcc/gcc-10.2.1/rh/usr/bin/../libexec/gcc/x86_64
              -redhat-linux/10/ld: mca/topo/treematch/.libs/libmca_topo_treemat
              ch.a(tm_thread_pool.o): relocation R_X86_64_32 against `.rodata.s
              tr1.1' can not be used when making a shared object; recompile wit
              h -fPIC
     12047    /usr/tce/packages/gcc/gcc-10.2.1/rh/usr/bin/../libexec/gcc/x86_64
              -redhat-linux/10/ld: mca/topo/treematch/.libs/libmca_topo_treemat
              ch.a(tm_timings.o): relocation R_X86_64_32S against `.bss' can no
              t be used when making a shared object; recompile with -fPIC
     12048    /usr/tce/packages/gcc/gcc-10.2.1/rh/usr/bin/../libexec/gcc/x86_64
              -redhat-linux/10/ld: mca/topo/treematch/.libs/libmca_topo_treemat
              ch.a(tm_topology.o): relocation R_X86_64_32 against `.rodata.str1
              .8' can not be used when making a shared object; recompile with -
              fPIC
     12049    /usr/tce/packages/gcc/gcc-10.2.1/rh/usr/bin/../libexec/gcc/x86_64
              -redhat-linux/10/ld: mca/topo/treematch/.libs/libmca_topo_treemat
              ch.a(tm_tree.o): relocation R_X86_64_32 against `.rodata.str1.8' 
              can not be used when making a shared object; recompile with -fPIC
     12050    /usr/tce/packages/gcc/gcc-10.2.1/rh/usr/bin/../libexec/gcc/x86_64
              -redhat-linux/10/ld: mca/topo/treematch/.libs/libmca_topo_treemat
              ch.a(tm_verbose.o): relocation R_X86_64_32 against `.rodata.str1.
              1' can not be used when making a shared object; recompile with -f
              PIC
     12051    /usr/tce/packages/gcc/gcc-10.2.1/rh/usr/bin/../libexec/gcc/x86_64
              -redhat-linux/10/ld: mca/topo/treematch/.libs/libmca_topo_treemat
              ch.a(tm_bucket.o): warning: relocation against `stderr@@GLIBC_2.2
              .5' in read-only section `.text'
  >> 12052    collect2: error: ld returned 1 exit status
  >> 12053    make[2]: *** [libmpi.la] Error 1
     12054    make[2]: Leaving directory `/tmp/sochat1/spack-stage/spack-stage-
              openmpi-master-ihentoup3voecdrmavxloehqek66e446/spack-src/ompi'
  >> 12055    make[1]: *** [all-recursive] Error 1
     12056    make[1]: Leaving directory `/tmp/sochat1/spack-stage/spack-stage-
              openmpi-master-ihentoup3voecdrmavxloehqek66e446/spack-src/ompi'
  >> 12057    make: *** [all-recursive] Error 1

See build log for details:
  /var/tmp/sochat1/spack-stage/spack-stage-openmpi-master-ihentoup3voecdrmavxloehqek66e446/spack-build-out.txt

Making predictions for symbolator
Making predictions for libabigail
Making predictions for actual
==> Warning: Missing a source id for openmpi@master
Making predictions for spack-test
Making predictions for symbolator
Making predictions for libabigail
abicompat not found on path, will look for spack instead.
Making predictions for actual
