==> Error: ProcessError: Command exited with status 1:
    '/var/tmp/sochat1/spack-stage/spack-stage-openmpi-1.5.1-zatch4jiugo2pm2zc4dnmi2ocvnkjxup/spack-src/configure' '--prefix=/p/vast1/build/spack/opt/spack/linux-rhel7-broadwell/gcc-10.2.1/openmpi-1.5.1-zatch4jiugo2pm2zc4dnmi2ocvnkjxup' '--enable-shared' '--disable-silent-rules' '--disable-builtin-atomics' '--enable-static' '--without-pmi' '--without-openib' '--without-cma' '--without-xpmem' '--without-fca' '--without-ucx' '--without-psm' '--without-psm2' '--without-hcoll' '--without-knem' '--without-mxm' '--without-libfabric' '--without-slurm' '--without-alps' '--without-tm' '--without-loadleveler' '--without-lsf' '--without-sge' '--disable-memchecker' '--with-gpfs' '--without-sqlite3' '--disable-wrapper-rpath' '--disable-mpi-cxx' '--disable-cxx-exceptions'

9 errors found in build log:
     4        configure: WARNING: unrecognized options: --disable-builtin-atomi
              cs, --without-pmi, --without-cma, --without-xpmem, --without-ucx,
               --without-psm2, --without-hcoll, --without-mxm, --without-libfab
              ric, --with-gpfs, --without-sqlite3, --disable-wrapper-rpath
     5        checking for a BSD-compatible install... /usr/bin/install -c
     6        checking whether build environment is sane... yes
     7        checking for a thread-safe mkdir -p... /usr/bin/mkdir -p
     8        checking for gawk... gawk
     9        checking whether make sets $(MAKE)... yes
  >> 10       configure: error: source directory already configured; run "make 
              distclean" there first
     11       ==> openmpi: Executing phase: 'build'
     12       ==> [2022-02-25-16:29:11.523616] 'make' '-j2' 'V=1'
     13       Making all in config
     14       make[1]: Entering directory `/tmp/sochat1/spack-stage/spack-stage
              -openmpi-1.5.1-zatch4jiugo2pm2zc4dnmi2ocvnkjxup/spack-src/config'
     15       make[1]: Nothing to be done for `all'.
     16       make[1]: Leaving directory `/tmp/sochat1/spack-stage/spack-stage-
              openmpi-1.5.1-zatch4jiugo2pm2zc4dnmi2ocvnkjxup/spack-src/config'

     ...

     11496    
     11497       16 |   call MPI_Comm_spawn_multiple(count, array_of_commands, 
              array_of_argv, &
     11498          |                                                         2
     11499    ......
     11500       36 |   call MPI_Comm_spawn_multiple(count, array_of_commands, 
              array_of_argv, &
     11501          |                                                         1
  >> 11502    Error: Type mismatch between actual argument at (1) and actual ar
              gument at (2) (REAL(8)/CHARACTER(*)).
  >> 11503    make[4]: *** [mpi_comm_spawn_multiple_f90.lo] Error 1
     11504    make[4]: *** Waiting for unfinished jobs....
     11505    mpi_testall_f90.f90:22:51:
     11506    
     11507       10 |   call MPI_Testall(count, array_of_requests, flag, array_
              of_statuses, ierr)
     11508          |                                                   2
     11509    ......
     11510       22 |   call MPI_Testall(count, array_of_requests, flag, array_
              of_statuses, ierr)
     11511          |                                                   1
  >> 11512    Error: Type mismatch between actual argument at (1) and actual ar
              gument at (2) (REAL(8)/INTEGER(4)).
  >> 11513    make[4]: *** [mpi_testall_f90.lo] Error 1
     11514    make[4]: Leaving directory `/tmp/sochat1/spack-stage/spack-stage-
              openmpi-1.5.1-zatch4jiugo2pm2zc4dnmi2ocvnkjxup/spack-src/ompi/mpi
              /f90'
  >> 11515    make[3]: *** [all-recursive] Error 1
     11516    make[3]: Leaving directory `/tmp/sochat1/spack-stage/spack-stage-
              openmpi-1.5.1-zatch4jiugo2pm2zc4dnmi2ocvnkjxup/spack-src/ompi/mpi
              /f90'
  >> 11517    make[2]: *** [all] Error 2
     11518    make[2]: Leaving directory `/tmp/sochat1/spack-stage/spack-stage-
              openmpi-1.5.1-zatch4jiugo2pm2zc4dnmi2ocvnkjxup/spack-src/ompi/mpi
              /f90'
  >> 11519    make[1]: *** [all-recursive] Error 1
     11520    make[1]: Leaving directory `/tmp/sochat1/spack-stage/spack-stage-
              openmpi-1.5.1-zatch4jiugo2pm2zc4dnmi2ocvnkjxup/spack-src/ompi'
  >> 11521    make: *** [all-recursive] Error 1

See build log for details:
  /var/tmp/sochat1/spack-stage/spack-stage-openmpi-1.5.1-zatch4jiugo2pm2zc4dnmi2ocvnkjxup/spack-build-out.txt

Making predictions for symbolator
Making predictions for libabigail
Making predictions for actual
==> Warning: openmpi-1.5.1-zatch4jiugo2pm2zc4dnmi2ocvnkjxup failed to install
==> Error: openmpi-1.5.1-zatch4jiugo2pm2zc4dnmi2ocvnkjxup: Package was not installed
Making predictions for spack-test
Making predictions for symbolator
Making predictions for libabigail
abicompat not found on path, will look for spack instead.
Making predictions for actual
