==> Error: ProcessError: Command exited with status 1:
    '/var/tmp/sochat1/spack-stage/spack-stage-openmpi-1.5.3-ebbqck5knmrci4326dmgtiw3rhu6eywd/spack-src/configure' '--prefix=/p/vast1/build/spack/opt/spack/linux-rhel7-broadwell/gcc-10.2.1/openmpi-1.5.3-ebbqck5knmrci4326dmgtiw3rhu6eywd' '--enable-shared' '--disable-silent-rules' '--disable-builtin-atomics' '--enable-static' '--without-pmi' '--without-xpmem' '--without-hcoll' '--without-openib' '--without-mxm' '--without-psm' '--without-libfabric' '--without-fca' '--without-cma' '--without-knem' '--without-ucx' '--without-psm2' '--without-tm' '--without-lsf' '--without-alps' '--without-loadleveler' '--without-slurm' '--without-sge' '--disable-memchecker' '--with-hwloc=/p/vast1/build/spack/opt/spack/linux-rhel7-broadwell/gcc-10.2.1/hwloc-1.11.13-u34fwahc4tbd77w4csoothe3vdimspeo' '--with-gpfs' '--without-sqlite3' '--disable-wrapper-rpath' '--disable-mpi-cxx' '--disable-cxx-exceptions'

9 errors found in build log:
     40       checking for a BSD-compatible install... /usr/bin/install -c
     41       checking whether build environment is sane... yes
     42       checking for a thread-safe mkdir -p... /usr/bin/mkdir -p
     43       checking for gawk... gawk
     44       checking whether make sets $(MAKE)... yes
     45       checking for style of include used by make... GNU
  >> 46       configure: error: source directory already configured; run "make 
              distclean" there first
     47       ==> openmpi: Executing phase: 'build'
     48       ==> [2022-02-25-17:53:27.938740] 'make' '-j2' 'V=1'
     49       Making all in config
     50       make[1]: Entering directory `/tmp/sochat1/spack-stage/spack-stage
              -openmpi-1.5.3-ebbqck5knmrci4326dmgtiw3rhu6eywd/spack-src/config'
     51       make[1]: Nothing to be done for `all'.
     52       make[1]: Leaving directory `/tmp/sochat1/spack-stage/spack-stage-
              openmpi-1.5.3-ebbqck5knmrci4326dmgtiw3rhu6eywd/spack-src/config'

     ...

     11593    
     11594       16 |   call MPI_Comm_spawn_multiple(count, array_of_commands, 
              array_of_argv, &
     11595          |                                                         2
     11596    ......
     11597       36 |   call MPI_Comm_spawn_multiple(count, array_of_commands, 
              array_of_argv, &
     11598          |                                                         1
  >> 11599    Error: Type mismatch between actual argument at (1) and actual ar
              gument at (2) (REAL(8)/CHARACTER(*)).
  >> 11600    make[4]: *** [mpi_comm_spawn_multiple_f90.lo] Error 1
     11601    make[4]: *** Waiting for unfinished jobs....
     11602    mpi_testall_f90.f90:22:51:
     11603    
     11604       10 |   call MPI_Testall(count, array_of_requests, flag, array_
              of_statuses, ierr)
     11605          |                                                   2
     11606    ......
     11607       22 |   call MPI_Testall(count, array_of_requests, flag, array_
              of_statuses, ierr)
     11608          |                                                   1
  >> 11609    Error: Type mismatch between actual argument at (1) and actual ar
              gument at (2) (REAL(8)/INTEGER(4)).
  >> 11610    make[4]: *** [mpi_testall_f90.lo] Error 1
     11611    make[4]: Leaving directory `/tmp/sochat1/spack-stage/spack-stage-
              openmpi-1.5.3-ebbqck5knmrci4326dmgtiw3rhu6eywd/spack-src/ompi/mpi
              /f90'
  >> 11612    make[3]: *** [all-recursive] Error 1
     11613    make[3]: Leaving directory `/tmp/sochat1/spack-stage/spack-stage-
              openmpi-1.5.3-ebbqck5knmrci4326dmgtiw3rhu6eywd/spack-src/ompi/mpi
              /f90'
  >> 11614    make[2]: *** [all] Error 2
     11615    make[2]: Leaving directory `/tmp/sochat1/spack-stage/spack-stage-
              openmpi-1.5.3-ebbqck5knmrci4326dmgtiw3rhu6eywd/spack-src/ompi/mpi
              /f90'
  >> 11616    make[1]: *** [all-recursive] Error 1
     11617    make[1]: Leaving directory `/tmp/sochat1/spack-stage/spack-stage-
              openmpi-1.5.3-ebbqck5knmrci4326dmgtiw3rhu6eywd/spack-src/ompi'
  >> 11618    make: *** [all-recursive] Error 1

See build log for details:
  /var/tmp/sochat1/spack-stage/spack-stage-openmpi-1.5.3-ebbqck5knmrci4326dmgtiw3rhu6eywd/spack-build-out.txt

Making predictions for symbolator
Making predictions for libabigail
Making predictions for actual
==> Error: ProcessError: Command exited with status 2:
    'make' '-j16' 'V=1'

16 errors found in build log:
     2146     checking dynamic linker characteristics... GNU/Linux ld.so
     2147     checking how to hardcode library paths into programs... immediate
     2148     checking for OpenMP flag of C++ compiler... -fopenmp
     2149     checking vtf3.h usability... no
     2150     checking vtf3.h presence... no
     2151     checking for vtf3.h... no
  >> 2152     configure: error: no vtf3.h found; check path for VTF3 package fi
              rst...
     2153     checking zlib.h usability... yes
     2154     checking zlib.h presence... yes
     2155     checking for zlib.h... yes
     2156     checking whether linking with -lm works... yes
     2157     checking whether we need to link -lm to get math functions... no
     2158     checking for ANSI C header files... (cached) yes

     ...

     2210     checking whether linking with -ldl works... yes
     2211     checking whether RTLD_DEFAULT is declared... yes
     2212     checking whether RTLD_NEXT is declared... yes
     2213     checking BPatch.h usability... no
     2214     checking BPatch.h presence... no
     2215     checking for BPatch.h... no
  >> 2216     configure: error: no BPatch.h found; check path for Dyninst packa
              ge first...
     2217     configure: we are configuring inside Open MPI; presetting cache t
              o skip MPI related tests
     2218     checking for mpicc... (cached) /p/vast1/build/spack/lib/spack/env
              /gcc/gcc
     2219     checking for mpicxx... (cached) /p/vast1/build/spack/lib/spack/en
              v/gcc/g++
     2220     checking for PMPI_Win_test... (cached) yes
     2221     checking for PMPI_Win_lock... (cached) yes
     2222     checking for PMPI_Win_unlock... (cached) yes

     ...

     2225     checking math.h presence... yes
     2226     checking for math.h... yes
     2227     checking whether we need to link -lm to get math functions... no
     2228     checking f2c.h usability... no
     2229     checking f2c.h presence... no
     2230     checking for f2c.h... no
  >> 2231     configure: error: no f2c.h found; check path for CLAPACK package 
              first...
  >> 2232     configure: error: MPI Correctness Checking support cannot be buil
              t inside Open MPI
     2233     checking for the pthreads library -lpthreads... no
     2234     checking whether pthreads work without any flags... yes
     2235     checking for joinable pthread attribute... PTHREAD_CREATE_JOINABL
              E
     2236     checking if more special flags are required for pthreads... no
     2237     checking for cc_r... /p/vast1/build/spack/lib/spack/env/gcc/gcc
     2238     checking pthread.h usability... yes

     ...

     2247     checking omp.h presence... yes
     2248     checking for omp.h... yes
     2249     checking whether we can build shared libraries... yes
     2250     checking jvmti.h usability... no
     2251     checking jvmti.h presence... no
     2252     checking for jvmti.h... no
  >> 2253     configure: error: no jvmti.h found; check path for JVMTI package 
              first...
     2254     configure: selected timer: TIMER_CYCLE_COUNTER
     2255     configure: global timer: no
     2256     checking papi.h usability... yes
     2257     checking papi.h presence... yes
     2258     checking for papi.h... yes
     2259     checking whether linking with -lpapi works... yes

     ...

     2278     checking whether linking with -ldl works... yes
     2279     checking whether RTLD_DEFAULT is declared... (cached) yes
     2280     checking whether RTLD_NEXT is declared... (cached) yes
     2281     checking ctool/ctool.h usability... no
     2282     checking ctool/ctool.h presence... no
     2283     checking for ctool/ctool.h... no
  >> 2284     configure: error: no ctool/ctool.h found; check path for CTool pa
              ckage first...
     2285     checking for LIBC's pathname... /lib64/libc.so.6
     2286     checking for fork... yes
     2287     checking for execl... yes
     2288     checking for execle... yes
     2289     checking for execlp... yes
     2290     checking for execv... yes

     ...

     14445    
     14446       16 |   call MPI_Comm_spawn_multiple(count, array_of_commands, 
              array_of_argv, &
     14447          |                                                         2
     14448    ......
     14449       36 |   call MPI_Comm_spawn_multiple(count, array_of_commands, 
              array_of_argv, &
     14450          |                                                         1
  >> 14451    Error: Type mismatch between actual argument at (1) and actual ar
              gument at (2) (REAL(8)/CHARACTER(*)).
     14452    mpi_waitall_f90.f90:18:45:
     14453    
     14454        8 |   call MPI_Waitall(count, array_of_requests, array_of_sta
              tuses, ierr)
     14455          |                                             2
     14456    ......
     14457       18 |   call MPI_Waitall(count, array_of_requests, array_of_sta
              tuses, ierr)
     14458          |                                             1
  >> 14459    Error: Type mismatch between actual argument at (1) and actual ar
              gument at (2) (REAL(8)/INTEGER(4)).
  >> 14460    make[4]: *** [mpi_comm_spawn_multiple_f90.lo] Error 1
     14461    make[4]: *** Waiting for unfinished jobs....
     14462    mpi_testall_f90.f90:22:51:
     14463    
     14464       10 |   call MPI_Testall(count, array_of_requests, flag, array_
              of_statuses, ierr)
     14465          |                                                   2
     14466    ......
     14467       22 |   call MPI_Testall(count, array_of_requests, flag, array_
              of_statuses, ierr)
     14468          |                                                   1
  >> 14469    Error: Type mismatch between actual argument at (1) and actual ar
              gument at (2) (REAL(8)/INTEGER(4)).
  >> 14470    make[4]: *** [mpi_waitall_f90.lo] Error 1
  >> 14471    make[4]: *** [mpi_testall_f90.lo] Error 1
     14472    libtool: compile:  /p/vast1/build/spack/lib/spack/env/gcc/gfortra
              n -I../../../ompi/include -I/var/tmp/sochat1/spack-stage/spack-st
              age-openmpi-1.5.3-ebbqck5knmrci4326dmgtiw3rhu6eywd/spack-src/ompi
              /include -I. -I/var/tmp/sochat1/spack-stage/spack-stage-openmpi-1
              .5.3-ebbqck5knmrci4326dmgtiw3rhu6eywd/spack-src/ompi/mpi/f90 -I..
              /../../ompi/mpi/f90 -c mpi_wtick_f90.f90 -o mpi_wtick_f90.o >/dev
              /null 2>&1
     14473    libtool: compile:  /p/vast1/build/spack/lib/spack/env/gcc/gfortra
              n -I../../../ompi/include -I/var/tmp/sochat1/spack-stage/spack-st
              age-openmpi-1.5.3-ebbqck5knmrci4326dmgtiw3rhu6eywd/spack-src/ompi
              /include -I. -I/var/tmp/sochat1/spack-stage/spack-stage-openmpi-1
              .5.3-ebbqck5knmrci4326dmgtiw3rhu6eywd/spack-src/ompi/mpi/f90 -I..
              /../../ompi/mpi/f90 -c mpi_wtime_f90.f90 -o mpi_wtime_f90.o >/dev
              /null 2>&1
     14474    libtool: compile:  /p/vast1/build/spack/lib/spack/env/gcc/gfortra
              n -I../../../ompi/include -I/var/tmp/sochat1/spack-stage/spack-st
              age-openmpi-1.5.3-ebbqck5knmrci4326dmgtiw3rhu6eywd/spack-src/ompi
              /include -I. -I/var/tmp/sochat1/spack-stage/spack-stage-openmpi-1
              .5.3-ebbqck5knmrci4326dmgtiw3rhu6eywd/spack-src/ompi/mpi/f90 -I..
              /../../ompi/mpi/f90 -c mpi_sizeof.f90 -o mpi_sizeof.o >/dev/null 
              2>&1
     14475    libtool: compile:  /p/vast1/build/spack/lib/spack/env/gcc/gfortra
              n -I../../../ompi/include -I/var/tmp/sochat1/spack-stage/spack-st
              age-openmpi-1.5.3-ebbqck5knmrci4326dmgtiw3rhu6eywd/spack-src/ompi
              /include -I. -I/var/tmp/sochat1/spack-stage/spack-stage-openmpi-1
              .5.3-ebbqck5knmrci4326dmgtiw3rhu6eywd/spack-src/ompi/mpi/f90 -I..
              /../../ompi/mpi/f90 -c mpi.f90 -o mpi.o >/dev/null 2>&1
     14476    make[4]: Leaving directory `/tmp/sochat1/spack-stage/spack-stage-
              openmpi-1.5.3-ebbqck5knmrci4326dmgtiw3rhu6eywd/spack-src/ompi/mpi
              /f90'
  >> 14477    make[3]: *** [all-recursive] Error 1
     14478    make[3]: Leaving directory `/tmp/sochat1/spack-stage/spack-stage-
              openmpi-1.5.3-ebbqck5knmrci4326dmgtiw3rhu6eywd/spack-src/ompi/mpi
              /f90'
  >> 14479    make[2]: *** [all] Error 2
     14480    make[2]: Leaving directory `/tmp/sochat1/spack-stage/spack-stage-
              openmpi-1.5.3-ebbqck5knmrci4326dmgtiw3rhu6eywd/spack-src/ompi/mpi
              /f90'
  >> 14481    make[1]: *** [all-recursive] Error 1
     14482    make[1]: Leaving directory `/tmp/sochat1/spack-stage/spack-stage-
              openmpi-1.5.3-ebbqck5knmrci4326dmgtiw3rhu6eywd/spack-src/ompi'
  >> 14483    make: *** [all-recursive] Error 1

See build log for details:
  /var/tmp/sochat1/spack-stage/spack-stage-openmpi-1.5.3-ebbqck5knmrci4326dmgtiw3rhu6eywd/spack-build-out.txt

Making predictions for spack-test
Making predictions for symbolator
Making predictions for libabigail
abicompat not found on path, will look for spack instead.
Making predictions for actual
