==> Warning: Missing a source id for hpctoolkit@develop
==> Warning: Missing a source id for hpctoolkit@develop
==> Warning: dyninst-12.0.1-ks7vkbvepgnyst3exgr5mptibzs2bcg2 failed to install
==> Error: dyninst-12.0.1-ks7vkbvepgnyst3exgr5mptibzs2bcg2: Package was not installed
==> Warning: Missing a source id for hpctoolkit@develop
==> Warning: dyninst-12.0.1-jd5fbx64to45skh24jbjmeceh7ephaza failed to install
==> Error: dyninst-12.0.1-jd5fbx64to45skh24jbjmeceh7ephaza: Package was not installed
==> Warning: Missing a source id for hpctoolkit@develop
==> Warning: Fetching from mirror without a checksum!
  This package is normally checked out from a version control system, but it has been archived on a spack mirror.  This means we cannot know a checksum for the tarball in advance. Be sure that your connection to this mirror is secure!
==> Error: ProcessError: Command exited with status 1:
    'cmake' '-G' 'Unix Makefiles' '-DCMAKE_INSTALL_PREFIX:STRING=/p/vast1/build/spack/opt/spack/linux-rhel7-broadwell/gcc-10.2.1/dyninst-12.0.1-lx5wugauxnhbeamo5fextpvzvvgh24zv' '-DCMAKE_BUILD_TYPE:STRING=RelWithDebInfo' '-DCMAKE_INTERPROCEDURAL_OPTIMIZATION:BOOL=OFF' '-DCMAKE_VERBOSE_MAKEFILE:BOOL=ON' '-DCMAKE_INSTALL_RPATH_USE_LINK_PATH:BOOL=OFF' '-DCMAKE_INSTALL_RPATH:STRING=/p/vast1/build/spack/opt/spack/linux-rhel7-broadwell/gcc-10.2.1/dyninst-12.0.1-lx5wugauxnhbeamo5fextpvzvvgh24zv/lib;/p/vast1/build/spack/opt/spack/linux-rhel7-broadwell/gcc-10.2.1/dyninst-12.0.1-lx5wugauxnhbeamo5fextpvzvvgh24zv/lib64;/p/vast1/build/spack/opt/spack/linux-rhel7-broadwell/gcc-10.2.1/boost-1.77.0-ibmkwycdgsmzfnmckyaes3u3mqhadyv3/lib;/p/vast1/build/spack/opt/spack/linux-rhel7-broadwell/gcc-10.2.1/bzip2-1.0.6-vfvt3sj6bnryetpdimusnnksiu4jsbjc/lib;/p/vast1/build/spack/opt/spack/linux-rhel7-broadwell/gcc-10.2.1/zlib-1.2.11-su2ldy5ofm424qnly3kitbbdgwovpfk4/lib;/p/vast1/build/spack/opt/spack/linux-rhel7-broadwell/gcc-10.2.1/elfutils-0.186-mdyil2ne6hvyrcvllqk6kiy2wwf2ridc/lib;/p/vast1/build/spack/opt/spack/linux-rhel7-broadwell/gcc-10.2.1/xz-5.2.5-4oczqziqzfh2ij3va5gbc7waz4rf2bkj/lib;/p/vast1/build/spack/opt/spack/linux-rhel7-broadwell/gcc-10.2.1/intel-tbb-2020.3-ssbpnrc5drf2pk7bx53asgnpwsqmigs6/lib;/p/vast1/build/spack/opt/spack/linux-rhel7-broadwell/gcc-10.2.1/libiberty-2.33.1-2zvihvo2nzmx5fg75kwtuaf2ysirqfqh/lib;/p/vast1/build/spack/opt/spack/linux-rhel7-broadwell/gcc-10.2.1/libiberty-2.33.1-2zvihvo2nzmx5fg75kwtuaf2ysirqfqh/lib64' '-DCMAKE_PREFIX_PATH:STRING=/p/vast1/build/spack/opt/spack/linux-rhel7-broadwell/gcc-10.2.1/libiberty-2.33.1-2zvihvo2nzmx5fg75kwtuaf2ysirqfqh;/p/vast1/build/spack/opt/spack/linux-rhel7-broadwell/gcc-10.2.1/intel-tbb-2020.3-ssbpnrc5drf2pk7bx53asgnpwsqmigs6;/p/vast1/build/spack/opt/spack/linux-rhel7-broadwell/gcc-10.2.1/elfutils-0.186-mdyil2ne6hvyrcvllqk6kiy2wwf2ridc;/p/vast1/build/spack/opt/spack/linux-rhel7-broadwell/gcc-10.2.1/xz-5.2.5-4oczqziqzfh2ij3va5gbc7waz4rf2bkj;/p/vast1/build/spack/opt/spack/linux-rhel7-broadwell/gcc-10.2.1/cmake-3.21.4-hvgwgb6duea6jzf2rywitb4a5lqdrpii;/p/vast1/build/spack/opt/spack/linux-rhel7-broadwell/gcc-10.2.1/boost-1.77.0-ibmkwycdgsmzfnmckyaes3u3mqhadyv3;/p/vast1/build/spack/opt/spack/linux-rhel7-broadwell/gcc-10.2.1/zlib-1.2.11-su2ldy5ofm424qnly3kitbbdgwovpfk4;/p/vast1/build/spack/opt/spack/linux-rhel7-broadwell/gcc-10.2.1/bzip2-1.0.6-vfvt3sj6bnryetpdimusnnksiu4jsbjc' '-DBoost_ROOT_DIR=/p/vast1/build/spack/opt/spack/linux-rhel7-broadwell/gcc-10.2.1/boost-1.77.0-ibmkwycdgsmzfnmckyaes3u3mqhadyv3' '-DElfUtils_ROOT_DIR=/p/vast1/build/spack/opt/spack/linux-rhel7-broadwell/gcc-10.2.1/elfutils-0.186-mdyil2ne6hvyrcvllqk6kiy2wwf2ridc' '-DLibIberty_ROOT_DIR=/p/vast1/build/spack/opt/spack/linux-rhel7-broadwell/gcc-10.2.1/libiberty-2.33.1-2zvihvo2nzmx5fg75kwtuaf2ysirqfqh' '-DTBB_ROOT_DIR=/p/vast1/build/spack/opt/spack/linux-rhel7-broadwell/gcc-10.2.1/intel-tbb-2020.3-ssbpnrc5drf2pk7bx53asgnpwsqmigs6' '-DLibIberty_LIBRARIES:STRING=/p/vast1/build/spack/opt/spack/linux-rhel7-broadwell/gcc-10.2.1/libiberty-2.33.1-2zvihvo2nzmx5fg75kwtuaf2ysirqfqh/lib64/libiberty.a' '-DUSE_OpenMP=ON' '-DENABLE_STATIC_LIBS=NO' '-DSTERILE_BUILD=ON' '/var/tmp/sochat1/spack-stage/spack-stage-dyninst-12.0.1-lx5wugauxnhbeamo5fextpvzvvgh24zv/spack-src'

1 error found in build log:
     108    -- Found /p/vast1/build/spack/opt/spack/linux-rhel7-broadwell/gcc-1
            0.2.1/intel-tbb-2020.3-ssbpnrc5drf2pk7bx53asgnpwsqmigs6/lib/libtbb_
            debug.so
     109    -- Found /p/vast1/build/spack/opt/spack/linux-rhel7-broadwell/gcc-1
            0.2.1/intel-tbb-2020.3-ssbpnrc5drf2pk7bx53asgnpwsqmigs6/lib/libtbb.
            so
     110    -- TBB include directory: /p/vast1/build/spack/opt/spack/linux-rhel
            7-broadwell/gcc-10.2.1/intel-tbb-2020.3-ssbpnrc5drf2pk7bx53asgnpwsq
            migs6/include
     111    -- TBB library directory: /p/vast1/build/spack/opt/spack/linux-rhel
            7-broadwell/gcc-10.2.1/intel-tbb-2020.3-ssbpnrc5drf2pk7bx53asgnpwsq
            migs6/lib;/p/vast1/build/spack/opt/spack/linux-rhel7-broadwell/gcc-
            10.2.1/intel-tbb-2020.3-ssbpnrc5drf2pk7bx53asgnpwsqmigs6/lib;/p/vas
            t1/build/spack/opt/spack/linux-rhel7-broadwell/gcc-10.2.1/intel-tbb
            -2020.3-ssbpnrc5drf2pk7bx53asgnpwsqmigs6/lib;/p/vast1/build/spack/o
            pt/spack/linux-rhel7-broadwell/gcc-10.2.1/intel-tbb-2020.3-ssbpnrc5
            drf2pk7bx53asgnpwsqmigs6/lib;/p/vast1/build/spack/opt/spack/linux-r
            hel7-broadwell/gcc-10.2.1/intel-tbb-2020.3-ssbpnrc5drf2pk7bx53asgnp
            wsqmigs6/lib;/p/vast1/build/spack/opt/spack/linux-rhel7-broadwell/g
            cc-10.2.1/intel-tbb-2020.3-ssbpnrc5drf2pk7bx53asgnpwsqmigs6/lib;/p/
            vast1/build/spack/opt/spack/linux-rhel7-broadwell/gcc-10.2.1/intel-
            tbb-2020.3-ssbpnrc5drf2pk7bx53asgnpwsqmigs6/lib;/p/vast1/build/spac
            k/opt/spack/linux-rhel7-broadwell/gcc-10.2.1/intel-tbb-2020.3-ssbpn
            rc5drf2pk7bx53asgnpwsqmigs6/lib;/p/vast1/build/spack/opt/spack/linu
            x-rhel7-broadwell/gcc-10.2.1/intel-tbb-2020.3-ssbpnrc5drf2pk7bx53as
            gnpwsqmigs6/lib;/p/vast1/build/spack/opt/spack/linux-rhel7-broadwel
            l/gcc-10.2.1/intel-tbb-2020.3-ssbpnrc5drf2pk7bx53asgnpwsqmigs6/lib;
            /p/vast1/build/spack/opt/spack/linux-rhel7-broadwell/gcc-10.2.1/int
            el-tbb-2020.3-ssbpnrc5drf2pk7bx53asgnpwsqmigs6/lib;/p/vast1/build/s
            pack/opt/spack/linux-rhel7-broadwell/gcc-10.2.1/intel-tbb-2020.3-ss
            bpnrc5drf2pk7bx53asgnpwsqmigs6/lib;/p/vast1/build/spack/opt/spack/l
            inux-rhel7-broadwell/gcc-10.2.1/intel-tbb-2020.3-ssbpnrc5drf2pk7bx5
            3asgnpwsqmigs6/lib;/p/vast1/build/spack/opt/spack/linux-rhel7-broad
            well/gcc-10.2.1/intel-tbb-2020.3-ssbpnrc5drf2pk7bx53asgnpwsqmigs6/l
            ib;/p/vast1/build/spack/opt/spack/linux-rhel7-broadwell/gcc-10.2.1/
            intel-tbb-2020.3-ssbpnrc5drf2pk7bx53asgnpwsqmigs6/lib;/p/vast1/buil
            d/spack/opt/spack/linux-rhel7-broadwell/gcc-10.2.1/intel-tbb-2020.3
            -ssbpnrc5drf2pk7bx53asgnpwsqmigs6/lib;/p/vast1/build/spack/opt/spac
            k/linux-rhel7-broadwell/gcc-10.2.1/intel-tbb-2020.3-ssbpnrc5drf2pk7
            bx53asgnpwsqmigs6/lib;/p/vast1/build/spack/opt/spack/linux-rhel7-br
            oadwell/gcc-10.2.1/intel-tbb-2020.3-ssbpnrc5drf2pk7bx53asgnpwsqmigs
            6/lib;/p/vast1/build/spack/opt/spack/linux-rhel7-broadwell/gcc-10.2
            .1/intel-tbb-2020.3-ssbpnrc5drf2pk7bx53asgnpwsqmigs6/lib;/p/vast1/b
            uild/spack/opt/spack/linux-rhel7-broadwell/gcc-10.2.1/intel-tbb-202
            0.3-ssbpnrc5drf2pk7bx53asgnpwsqmigs6/lib;/p/vast1/build/spack/opt/s
            pack/linux-rhel7-broadwell/gcc-10.2.1/intel-tbb-2020.3-ssbpnrc5drf2
            pk7bx53asgnpwsqmigs6/lib;/p/vast1/build/spack/opt/spack/linux-rhel7
            -broadwell/gcc-10.2.1/intel-tbb-2020.3-ssbpnrc5drf2pk7bx53asgnpwsqm
            igs6/lib;/p/vast1/build/spack/opt/spack/linux-rhel7-broadwell/gcc-1
            0.2.1/intel-tbb-2020.3-ssbpnrc5drf2pk7bx53asgnpwsqmigs6/lib;/p/vast
            1/build/spack/opt/spack/linux-rhel7-broadwell/gcc-10.2.1/intel-tbb-
            2020.3-ssbpnrc5drf2pk7bx53asgnpwsqmigs6/lib;/p/vast1/build/spack/op
            t/spack/linux-rhel7-broadwell/gcc-10.2.1/intel-tbb-2020.3-ssbpnrc5d
            rf2pk7bx53asgnpwsqmigs6/lib;/p/vast1/build/spack/opt/spack/linux-rh
            el7-broadwell/gcc-10.2.1/intel-tbb-2020.3-ssbpnrc5drf2pk7bx53asgnpw
            sqmigs6/lib;/p/vast1/build/spack/opt/spack/linux-rhel7-broadwell/gc
            c-10.2.1/intel-tbb-2020.3-ssbpnrc5drf2pk7bx53asgnpwsqmigs6/lib
     112    -- TBB libraries: /p/vast1/build/spack/opt/spack/linux-rhel7-broadw
            ell/gcc-10.2.1/intel-tbb-2020.3-ssbpnrc5drf2pk7bx53asgnpwsqmigs6/li
            b/libtbbmalloc_proxy.so;/p/vast1/build/spack/opt/spack/linux-rhel7-
            broadwell/gcc-10.2.1/intel-tbb-2020.3-ssbpnrc5drf2pk7bx53asgnpwsqmi
            gs6/lib/libtbbmalloc.so;/p/vast1/build/spack/opt/spack/linux-rhel7-
            broadwell/gcc-10.2.1/intel-tbb-2020.3-ssbpnrc5drf2pk7bx53asgnpwsqmi
            gs6/lib/libtbb.so
     113    -- TBB definitions:
  >> 114    CMake Error at cmake/Modules/FindLibElf.cmake:64 (if):
     115      if given arguments:
     116    
     117        "VERSION_GREATER" "0.0"
     118    
     119      Unknown arguments specified
     120    Call Stack (most recent call first):

See build log for details:
  /var/tmp/sochat1/spack-stage/spack-stage-dyninst-12.0.1-lx5wugauxnhbeamo5fextpvzvvgh24zv/spack-build-out.txt

Making predictions for symbolator
Making predictions for libabigail
Making predictions for actual
/var/spool/slurmd/job100294/slurm_script: line 12: 28407 Killed                  spliced splice --package hpctoolkit@develop --splice bzip2 --runner spack --replace bzip2 --experiment experiment --outfile /p/vast1/build/spliced-experiment/results/hpctoolkit/develop/bzip2/experiment.json
slurmstepd: error: *** JOB 2468566 ON borax10 CANCELLED AT 2022-03-02T10:12:46 DUE TO TIME LIMIT ***
