Concretizing hpctoolkit@2019.08.14
[+] /p/vast1/build/spack/opt/spack/linux-rhel7-broadwell/gcc-10.2.1/libiconv-1.16-glggocpnh7m2dgmtu4fedhbfeessepbe
[+] /p/vast1/build/spack/opt/spack/linux-rhel7-broadwell/gcc-10.2.1/zlib-1.2.11-su2ldy5ofm424qnly3kitbbdgwovpfk4
[+] /p/vast1/build/spack/opt/spack/linux-rhel7-broadwell/gcc-10.2.1/pkgconf-1.8.0-gp2xp6yplvubgic6eunbnl7emqdq3dye
[+] /p/vast1/build/spack/opt/spack/linux-rhel7-broadwell/gcc-10.2.1/berkeley-db-18.1.40-c7okyaricn3s5wx6lqo2exspq6tuninj
[+] /p/vast1/build/spack/opt/spack/linux-rhel7-broadwell/gcc-10.2.1/libsigsegv-2.13-7rh3iftx6wqudr26scqm7nyzm4xxgqcc
[+] /p/vast1/build/spack/opt/spack/linux-rhel7-broadwell/gcc-10.2.1/xz-5.2.5-4oczqziqzfh2ij3va5gbc7waz4rf2bkj
==> Installing libiberty-2.37-wmise6wvsewx5ga55rvcr3wcng5oq2mk
==> No binary for libiberty-2.37-wmise6wvsewx5ga55rvcr3wcng5oq2mk found: installing from source
==> Fetching https://mirror.spack.io/_source-cache/archive/82/820d9724f020a3e69cb337893a0b63c2db161dadcb0e06fc11dc29eb1e84a32c.tar.xz
==> No patches needed for libiberty
==> libiberty: Executing phase: 'autoreconf'
==> libiberty: Executing phase: 'configure'
==> libiberty: Executing phase: 'build'
==> libiberty: Executing phase: 'install'
==> libiberty: Successfully installed libiberty-2.37-wmise6wvsewx5ga55rvcr3wcng5oq2mk
  Fetch: 3.89s.  Build: 29.65s.  Total: 33.54s.
[+] /p/vast1/build/spack/opt/spack/linux-rhel7-broadwell/gcc-10.2.1/libiberty-2.37-wmise6wvsewx5ga55rvcr3wcng5oq2mk
[+] /p/vast1/build/spack/opt/spack/linux-rhel7-broadwell/gcc-10.2.1/openjdk-11.0.12_7-cppyyeztualrvcfu567lgrjlsa2rxjab
==> Installing libmd-1.0.4-rooxnv7z75ill3knhg6bxfttmwxdag6i
==> No binary for libmd-1.0.4-rooxnv7z75ill3knhg6bxfttmwxdag6i found: installing from source
==> Fetching https://mirror.spack.io/_source-cache/archive/f5/f51c921042e34beddeded4b75557656559cf5b1f2448033b4c1eec11c07e530f.tar.xz
==> No patches needed for libmd
==> libmd: Executing phase: 'autoreconf'
==> libmd: Executing phase: 'configure'
==> libmd: Executing phase: 'build'
==> libmd: Executing phase: 'install'
==> libmd: Successfully installed libmd-1.0.4-rooxnv7z75ill3knhg6bxfttmwxdag6i
  Fetch: 0.14s.  Build: 12.17s.  Total: 12.31s.
[+] /p/vast1/build/spack/opt/spack/linux-rhel7-broadwell/gcc-10.2.1/libmd-1.0.4-rooxnv7z75ill3knhg6bxfttmwxdag6i
[+] /p/vast1/build/spack/opt/spack/linux-rhel7-broadwell/gcc-10.2.1/libmonitor-2021.11.08-j6qfc4a3bajesmbkr35e6bq7kw2bczoj
==> Installing mbedtls-3.1.0-xte5pm7kbt7zd3f5zs7yvy3wvsv6eqtx
==> No binary for mbedtls-3.1.0-xte5pm7kbt7zd3f5zs7yvy3wvsv6eqtx found: installing from source
==> Fetching https://mirror.spack.io/_source-cache/archive/64/64d01a3b22b91cf3a25630257f268f11bc7bfa37981ae6d397802dd4ccec4690.tar.gz
==> No patches needed for mbedtls
==> mbedtls: Executing phase: 'edit'
==> mbedtls: Executing phase: 'build'
==> mbedtls: Executing phase: 'install'
==> mbedtls: Successfully installed mbedtls-3.1.0-xte5pm7kbt7zd3f5zs7yvy3wvsv6eqtx
  Fetch: 0.14s.  Build: 38.95s.  Total: 39.09s.
[+] /p/vast1/build/spack/opt/spack/linux-rhel7-broadwell/gcc-10.2.1/mbedtls-3.1.0-xte5pm7kbt7zd3f5zs7yvy3wvsv6eqtx
[+] /p/vast1/build/spack/opt/spack/linux-rhel7-broadwell/gcc-10.2.1/papi-6.0.0.1-62emwcxfgw35opywe25sgxwuvoikrxlc
[+] /p/vast1/build/spack/opt/spack/linux-rhel7-broadwell/gcc-10.2.1/tar-1.34-3g4ty3srw34e6frmd2d2f523hr2pck3g
[+] /p/vast1/build/spack/opt/spack/linux-rhel7-broadwell/gcc-10.2.1/diffutils-3.8-vxb536efq575rjec2zqsyqgsebpspfvs
[+] /p/vast1/build/spack/opt/spack/linux-rhel7-broadwell/gcc-10.2.1/ncurses-6.2-2xef6sx47tqatqlceqguyz3rza5okbhy
[+] /p/vast1/build/spack/opt/spack/linux-rhel7-broadwell/gcc-10.2.1/m4-1.4.19-zeen2avy7avmg5n7cd6yaqspkj3rup2t
[+] /p/vast1/build/spack/opt/spack/linux-rhel7-broadwell/gcc-10.2.1/libxml2-2.9.12-fmynvtgtom5wcv4ew7otv5kjd4tnvd4u
[+] /p/vast1/build/spack/opt/spack/linux-rhel7-broadwell/gcc-10.2.1/libunwind-1.5.0-4h7lxx74fqhdfwkwpuycaqae3cgea2he
==> Installing hpcviewer-2022.01-nr36xerfw4ef4hj3l22kuuxr5e4vzn4j
==> No binary for hpcviewer-2022.01-nr36xerfw4ef4hj3l22kuuxr5e4vzn4j found: installing from source
==> Fetching https://mirror.spack.io/_source-cache/archive/a8/a8e3090d8029afa5f853aa047d1a9bd792679c83b60374daeafdd45209d4e182.tgz
==> No patches needed for hpcviewer
==> hpcviewer: Executing phase: 'install'
==> hpcviewer: Successfully installed hpcviewer-2022.01-nr36xerfw4ef4hj3l22kuuxr5e4vzn4j
  Fetch: 0.51s.  Build: 2.99s.  Total: 3.50s.
[+] /p/vast1/build/spack/opt/spack/linux-rhel7-broadwell/gcc-10.2.1/hpcviewer-2022.01-nr36xerfw4ef4hj3l22kuuxr5e4vzn4j
==> Installing libbsd-0.11.5-yt5rlx2ycq24tyyohhconaxiqgzajzbo
==> No binary for libbsd-0.11.5-yt5rlx2ycq24tyyohhconaxiqgzajzbo found: installing from source
==> Fetching https://mirror.spack.io/_source-cache/archive/1a/1a9c952525635c1bb6770cb22e969b938d8e6a9d7912362b98ee8370599b0efd.tar.xz
==> Ran patch() for libbsd
==> libbsd: Executing phase: 'autoreconf'
==> libbsd: Executing phase: 'configure'
==> libbsd: Executing phase: 'build'
==> libbsd: Executing phase: 'install'
==> libbsd: Successfully installed libbsd-0.11.5-yt5rlx2ycq24tyyohhconaxiqgzajzbo
  Fetch: 0.12s.  Build: 26.06s.  Total: 26.19s.
[+] /p/vast1/build/spack/opt/spack/linux-rhel7-broadwell/gcc-10.2.1/libbsd-0.11.5-yt5rlx2ycq24tyyohhconaxiqgzajzbo
[+] /p/vast1/build/spack/opt/spack/linux-rhel7-broadwell/gcc-10.2.1/libffi-3.4.2-7vfnd7a5ankpytut3b4oqhktzrcbabfm
[+] /p/vast1/build/spack/opt/spack/linux-rhel7-broadwell/gcc-10.2.1/bzip2-1.0.8-jmjklgubcyryaddwqvzuvzeiq6zfqmst
[+] /p/vast1/build/spack/opt/spack/linux-rhel7-broadwell/gcc-10.2.1/binutils-2.33.1-qbpqsfyswg7rbqdvh7odtxufiwixj4l5
[+] /p/vast1/build/spack/opt/spack/linux-rhel7-broadwell/gcc-10.2.1/readline-8.1-vfjorqgtmqh3rl5ollaj4n2uusx4foez
[+] /p/vast1/build/spack/opt/spack/linux-rhel7-broadwell/gcc-10.2.1/util-linux-uuid-2.37.4-26saxoixdjk3763nksg3ajmdzt5gyubu
==> Installing expat-2.4.6-akiducmoeufix2d6beegvgbj5skm36ul
==> No binary for expat-2.4.6-akiducmoeufix2d6beegvgbj5skm36ul found: installing from source
==> Fetching https://mirror.spack.io/_source-cache/archive/ce/ce317706b07cae150f90cddd4253f5b4fba929607488af5ac47bf2bc08e31f09.tar.bz2
==> No patches needed for expat
==> expat: Executing phase: 'autoreconf'
==> expat: Executing phase: 'configure'
==> expat: Executing phase: 'build'
==> expat: Executing phase: 'install'
==> expat: Successfully installed expat-2.4.6-akiducmoeufix2d6beegvgbj5skm36ul
  Fetch: 0.12s.  Build: 19.87s.  Total: 19.99s.
[+] /p/vast1/build/spack/opt/spack/linux-rhel7-broadwell/gcc-10.2.1/expat-2.4.6-akiducmoeufix2d6beegvgbj5skm36ul
[+] /p/vast1/build/spack/opt/spack/linux-rhel7-broadwell/gcc-10.2.1/elfutils-0.186-yvs6nbvtlphakv7wmfjjpmgxv7anx7fa
[+] /p/vast1/build/spack/opt/spack/linux-rhel7-broadwell/gcc-10.2.1/gettext-0.21-msjxpubasgys7qduz2bzm5qs3uqabsfr
[+] /p/vast1/build/spack/opt/spack/linux-rhel7-broadwell/gcc-10.2.1/gdbm-1.19-k5otkqycqsp3sya4vlvqbekdodhy2a2b
==> Installing sqlite-3.37.2-osxyeivy7mdmhjyjwcsm4l7tooho6s2d
==> No binary for sqlite-3.37.2-osxyeivy7mdmhjyjwcsm4l7tooho6s2d found: installing from source
==> Fetching https://mirror.spack.io/_source-cache/archive/40/4089a8d9b467537b3f246f217b84cd76e00b1d1a971fe5aca1e30e230e46b2d8.tar.gz
==> No patches needed for sqlite
==> sqlite: Executing phase: 'autoreconf'
==> sqlite: Executing phase: 'configure'
==> sqlite: Executing phase: 'build'
==> sqlite: Executing phase: 'install'
==> sqlite: Successfully installed sqlite-3.37.2-osxyeivy7mdmhjyjwcsm4l7tooho6s2d
  Fetch: 0.16s.  Build: 2m 33.66s.  Total: 2m 33.82s.
[+] /p/vast1/build/spack/opt/spack/linux-rhel7-broadwell/gcc-10.2.1/sqlite-3.37.2-osxyeivy7mdmhjyjwcsm4l7tooho6s2d
[+] /p/vast1/build/spack/opt/spack/linux-rhel7-broadwell/gcc-10.2.1/libdwarf-20180129-ddtrhodjxt62q6a2qvotia2poj7mqkfk
[+] /p/vast1/build/spack/opt/spack/linux-rhel7-broadwell/gcc-10.2.1/perl-5.34.0-wimaji5zk5vlms3psvdtvmxifnine4nh
[+] /p/vast1/build/spack/opt/spack/linux-rhel7-broadwell/gcc-10.2.1/openssl-1.1.1m-momhhzpwxq3fzqnlqbabquoitiq5d6q6
==> Installing python-3.9.10-2245x3bkzy2abonw3swqyjrihtzqn6qw
==> No binary for python-3.9.10-2245x3bkzy2abonw3swqyjrihtzqn6qw found: installing from source
==> Fetching https://mirror.spack.io/_source-cache/archive/1a/1aa9c0702edbae8f6a2c95f70a49da8420aaa76b7889d3419c186bfc8c0e571e.tgz
==> Applied patch /p/vast1/build/spack/var/spack/repos/builtin/packages/python/python-3.7.4+-distutils-C++.patch
==> Applied patch /p/vast1/build/spack/var/spack/repos/builtin/packages/python/python-3.7.4+-distutils-C++-testsuite.patch
==> Applied patch /p/vast1/build/spack/var/spack/repos/builtin/packages/python/tkinter-3.8.patch
==> Ran patch() for python
==> python: Executing phase: 'autoreconf'
==> python: Executing phase: 'configure'
==> python: Executing phase: 'build'
==> python: Executing phase: 'install'
==> python: Successfully installed python-3.9.10-2245x3bkzy2abonw3swqyjrihtzqn6qw
  Fetch: 0.25s.  Build: 5m 45.02s.  Total: 5m 45.27s.
[+] /p/vast1/build/spack/opt/spack/linux-rhel7-broadwell/gcc-10.2.1/python-3.9.10-2245x3bkzy2abonw3swqyjrihtzqn6qw
==> Installing cmake-3.22.2-7oku4yd37mfoi65gi3alunjbl35euphw
==> No binary for cmake-3.22.2-7oku4yd37mfoi65gi3alunjbl35euphw found: installing from source
==> Fetching https://mirror.spack.io/_source-cache/archive/3c/3c1c478b9650b107d452c5bd545c72e2fad4e37c09b89a1984b9a2f46df6aced.tar.gz
==> No patches needed for cmake
==> cmake: Executing phase: 'bootstrap'
==> cmake: Executing phase: 'build'
==> cmake: Executing phase: 'install'
==> cmake: Successfully installed cmake-3.22.2-7oku4yd37mfoi65gi3alunjbl35euphw
  Fetch: 0.34s.  Build: 30m 40.08s.  Total: 30m 40.42s.
[+] /p/vast1/build/spack/opt/spack/linux-rhel7-broadwell/gcc-10.2.1/cmake-3.22.2-7oku4yd37mfoi65gi3alunjbl35euphw
[+] /p/vast1/build/spack/opt/spack/linux-rhel7-broadwell/gcc-10.2.1/curl-7.81.0-lxbn2izuufrj42abaiyxrya5ac7pjlg7
[+] /p/vast1/build/spack/opt/spack/linux-rhel7-broadwell/gcc-10.2.1/boost-1.78.0-6rxpepkzqc5z2forjduz3edcjxjjxvtr
[+] /p/vast1/build/spack/opt/spack/linux-rhel7-broadwell/gcc-10.2.1/intel-xed-12.0.1-ydo7v5a6xzui6dlnn56mplr5yl7l5ew7
[+] /p/vast1/build/spack/opt/spack/linux-rhel7-broadwell/gcc-10.2.1/intel-tbb-2020.3-ssbpnrc5drf2pk7bx53asgnpwsqmigs6
[+] /p/vast1/build/spack/opt/spack/linux-rhel7-broadwell/gcc-10.2.1/gotcha-1.0.3-3bsralz76zqs44oiykiqjfc25mdhch7k
[+] /p/vast1/build/spack/opt/spack/linux-rhel7-broadwell/gcc-10.2.1/xerces-c-3.2.3-nq66gamwbt7nbjj7v6kn4wyttelecevg
==> Installing dyninst-12.0.1-5wruqupnbyhnea3m4kforivhaw4mns2u
==> No binary for dyninst-12.0.1-5wruqupnbyhnea3m4kforivhaw4mns2u found: installing from source
==> Using cached archive: /p/vast1/build/spack/var/spack/cache/_source-cache/git//dyninst/dyninst.git/v12.0.1.tar.gz
==> No patches needed for dyninst
==> dyninst: Executing phase: 'cmake'
==> dyninst: Executing phase: 'build'
==> dyninst: Executing phase: 'install'
==> dyninst: Successfully installed dyninst-12.0.1-5wruqupnbyhnea3m4kforivhaw4mns2u
  Fetch: 0.00s.  Build: 32m 59.09s.  Total: 32m 59.09s.
[+] /p/vast1/build/spack/opt/spack/linux-rhel7-broadwell/gcc-10.2.1/dyninst-12.0.1-5wruqupnbyhnea3m4kforivhaw4mns2u
==> Installing hpctoolkit-2019.08.14-qeawzshngp6oyvck4kbdpsczg5t6rvbx
==> No binary for hpctoolkit-2019.08.14-qeawzshngp6oyvck4kbdpsczg5t6rvbx found: installing from source
==> Using cached archive: /p/vast1/build/spack/var/spack/cache/_source-cache/git//HPCToolkit/hpctoolkit.git/6ea44ed3f93ede2d0a48937f288a2d41188a277c.tar.gz
==> No patches needed for hpctoolkit
==> hpctoolkit: Executing phase: 'autoreconf'
==> hpctoolkit: Executing phase: 'configure'
==> hpctoolkit: Executing phase: 'build'
==> hpctoolkit: Executing phase: 'install'
==> hpctoolkit: Successfully installed hpctoolkit-2019.08.14-qeawzshngp6oyvck4kbdpsczg5t6rvbx
  Fetch: 0.00s.  Build: 5m 41.85s.  Total: 5m 41.86s.
[+] /p/vast1/build/spack/opt/spack/linux-rhel7-broadwell/gcc-10.2.1/hpctoolkit-2019.08.14-qeawzshngp6oyvck4kbdpsczg5t6rvbx
Testing splicing in (and out) zlib@1.2.11
[+] /p/vast1/build/spack/opt/spack/linux-rhel7-broadwell/gcc-10.2.1/zlib-1.2.11-su2ldy5ofm424qnly3kitbbdgwovpfk4
Testing splicing in (and out) zlib@1.2.8
[+] /p/vast1/build/spack/opt/spack/linux-rhel7-broadwell/gcc-10.2.1/zlib-1.2.8-dprhpfldx5xaf4xl7rp5weqsw3ilbtfz
Testing splicing in (and out) zlib@1.2.3
[+] /p/vast1/build/spack/opt/spack/linux-rhel7-broadwell/gcc-10.2.1/zlib-1.2.3-qaetmxqootfbr4mxyzqxtpje6s2n7gub
Concretizing hpctoolkit@2019.08.14
[+] /p/vast1/build/spack/opt/spack/linux-rhel7-broadwell/gcc-10.2.1/libiconv-1.16-glggocpnh7m2dgmtu4fedhbfeessepbe
[+] /p/vast1/build/spack/opt/spack/linux-rhel7-broadwell/gcc-10.2.1/zlib-1.2.11-su2ldy5ofm424qnly3kitbbdgwovpfk4
[+] /p/vast1/build/spack/opt/spack/linux-rhel7-broadwell/gcc-10.2.1/pkgconf-1.8.0-gp2xp6yplvubgic6eunbnl7emqdq3dye
[+] /p/vast1/build/spack/opt/spack/linux-rhel7-broadwell/gcc-10.2.1/berkeley-db-18.1.40-c7okyaricn3s5wx6lqo2exspq6tuninj
[+] /p/vast1/build/spack/opt/spack/linux-rhel7-broadwell/gcc-10.2.1/libsigsegv-2.13-7rh3iftx6wqudr26scqm7nyzm4xxgqcc
[+] /p/vast1/build/spack/opt/spack/linux-rhel7-broadwell/gcc-10.2.1/xz-5.2.5-4oczqziqzfh2ij3va5gbc7waz4rf2bkj
[+] /p/vast1/build/spack/opt/spack/linux-rhel7-broadwell/gcc-10.2.1/libiberty-2.37-wmise6wvsewx5ga55rvcr3wcng5oq2mk
[+] /p/vast1/build/spack/opt/spack/linux-rhel7-broadwell/gcc-10.2.1/openjdk-11.0.12_7-cppyyeztualrvcfu567lgrjlsa2rxjab
[+] /p/vast1/build/spack/opt/spack/linux-rhel7-broadwell/gcc-10.2.1/libmd-1.0.4-rooxnv7z75ill3knhg6bxfttmwxdag6i
[+] /p/vast1/build/spack/opt/spack/linux-rhel7-broadwell/gcc-10.2.1/libffi-3.4.2-7vfnd7a5ankpytut3b4oqhktzrcbabfm
[+] /p/vast1/build/spack/opt/spack/linux-rhel7-broadwell/gcc-10.2.1/libmonitor-2021.11.08-j6qfc4a3bajesmbkr35e6bq7kw2bczoj
[+] /p/vast1/build/spack/opt/spack/linux-rhel7-broadwell/gcc-10.2.1/mbedtls-3.1.0-xte5pm7kbt7zd3f5zs7yvy3wvsv6eqtx
[+] /p/vast1/build/spack/opt/spack/linux-rhel7-broadwell/gcc-10.2.1/papi-6.0.0.1-62emwcxfgw35opywe25sgxwuvoikrxlc
[+] /p/vast1/build/spack/opt/spack/linux-rhel7-broadwell/gcc-10.2.1/diffutils-3.8-vxb536efq575rjec2zqsyqgsebpspfvs
[+] /p/vast1/build/spack/opt/spack/linux-rhel7-broadwell/gcc-10.2.1/tar-1.34-3g4ty3srw34e6frmd2d2f523hr2pck3g
[+] /p/vast1/build/spack/opt/spack/linux-rhel7-broadwell/gcc-10.2.1/util-linux-uuid-2.37.4-26saxoixdjk3763nksg3ajmdzt5gyubu
[+] /p/vast1/build/spack/opt/spack/linux-rhel7-broadwell/gcc-10.2.1/ncurses-6.2-2xef6sx47tqatqlceqguyz3rza5okbhy
[+] /p/vast1/build/spack/opt/spack/linux-rhel7-broadwell/gcc-10.2.1/m4-1.4.19-zeen2avy7avmg5n7cd6yaqspkj3rup2t
[+] /p/vast1/build/spack/opt/spack/linux-rhel7-broadwell/gcc-10.2.1/libunwind-1.5.0-4h7lxx74fqhdfwkwpuycaqae3cgea2he
[+] /p/vast1/build/spack/opt/spack/linux-rhel7-broadwell/gcc-10.2.1/libxml2-2.9.12-fmynvtgtom5wcv4ew7otv5kjd4tnvd4u
[+] /p/vast1/build/spack/opt/spack/linux-rhel7-broadwell/gcc-10.2.1/hpcviewer-2022.01-nr36xerfw4ef4hj3l22kuuxr5e4vzn4j
[+] /p/vast1/build/spack/opt/spack/linux-rhel7-broadwell/gcc-10.2.1/libbsd-0.11.5-yt5rlx2ycq24tyyohhconaxiqgzajzbo
[+] /p/vast1/build/spack/opt/spack/linux-rhel7-broadwell/gcc-10.2.1/bzip2-1.0.8-jmjklgubcyryaddwqvzuvzeiq6zfqmst
[+] /p/vast1/build/spack/opt/spack/linux-rhel7-broadwell/gcc-10.2.1/binutils-2.33.1-qbpqsfyswg7rbqdvh7odtxufiwixj4l5
[+] /p/vast1/build/spack/opt/spack/linux-rhel7-broadwell/gcc-10.2.1/readline-8.1-vfjorqgtmqh3rl5ollaj4n2uusx4foez
[+] /p/vast1/build/spack/opt/spack/linux-rhel7-broadwell/gcc-10.2.1/expat-2.4.6-akiducmoeufix2d6beegvgbj5skm36ul
[+] /p/vast1/build/spack/opt/spack/linux-rhel7-broadwell/gcc-10.2.1/gettext-0.21-msjxpubasgys7qduz2bzm5qs3uqabsfr
[+] /p/vast1/build/spack/opt/spack/linux-rhel7-broadwell/gcc-10.2.1/elfutils-0.186-yvs6nbvtlphakv7wmfjjpmgxv7anx7fa
[+] /p/vast1/build/spack/opt/spack/linux-rhel7-broadwell/gcc-10.2.1/boost-1.78.0-6rxpepkzqc5z2forjduz3edcjxjjxvtr
[+] /p/vast1/build/spack/opt/spack/linux-rhel7-broadwell/gcc-10.2.1/gdbm-1.19-k5otkqycqsp3sya4vlvqbekdodhy2a2b
[+] /p/vast1/build/spack/opt/spack/linux-rhel7-broadwell/gcc-10.2.1/sqlite-3.37.2-osxyeivy7mdmhjyjwcsm4l7tooho6s2d
[+] /p/vast1/build/spack/opt/spack/linux-rhel7-broadwell/gcc-10.2.1/libdwarf-20180129-ddtrhodjxt62q6a2qvotia2poj7mqkfk
[+] /p/vast1/build/spack/opt/spack/linux-rhel7-broadwell/gcc-10.2.1/perl-5.34.0-wimaji5zk5vlms3psvdtvmxifnine4nh
[+] /p/vast1/build/spack/opt/spack/linux-rhel7-broadwell/gcc-10.2.1/openssl-1.1.1m-momhhzpwxq3fzqnlqbabquoitiq5d6q6
[+] /p/vast1/build/spack/opt/spack/linux-rhel7-broadwell/gcc-10.2.1/cmake-3.22.2-7oku4yd37mfoi65gi3alunjbl35euphw
[+] /p/vast1/build/spack/opt/spack/linux-rhel7-broadwell/gcc-10.2.1/python-3.9.10-2245x3bkzy2abonw3swqyjrihtzqn6qw
[+] /p/vast1/build/spack/opt/spack/linux-rhel7-broadwell/gcc-10.2.1/intel-tbb-2020.3-ssbpnrc5drf2pk7bx53asgnpwsqmigs6
[+] /p/vast1/build/spack/opt/spack/linux-rhel7-broadwell/gcc-10.2.1/gotcha-1.0.3-3bsralz76zqs44oiykiqjfc25mdhch7k
[+] /p/vast1/build/spack/opt/spack/linux-rhel7-broadwell/gcc-10.2.1/intel-xed-12.0.1-ydo7v5a6xzui6dlnn56mplr5yl7l5ew7
[+] /p/vast1/build/spack/opt/spack/linux-rhel7-broadwell/gcc-10.2.1/dyninst-12.0.1-5wruqupnbyhnea3m4kforivhaw4mns2u
[+] /p/vast1/build/spack/opt/spack/linux-rhel7-broadwell/gcc-10.2.1/curl-7.81.0-lxbn2izuufrj42abaiyxrya5ac7pjlg7
[+] /p/vast1/build/spack/opt/spack/linux-rhel7-broadwell/gcc-10.2.1/xerces-c-3.2.3-nq66gamwbt7nbjj7v6kn4wyttelecevg
[+] /p/vast1/build/spack/opt/spack/linux-rhel7-broadwell/gcc-10.2.1/hpctoolkit-2019.08.14-qeawzshngp6oyvck4kbdpsczg5t6rvbx
Testing splicing in (and out) zlib@1.2.11
[+] /p/vast1/build/spack/opt/spack/linux-rhel7-broadwell/gcc-10.2.1/zlib-1.2.11-su2ldy5ofm424qnly3kitbbdgwovpfk4
Testing splicing in (and out) zlib@1.2.8
[+] /p/vast1/build/spack/opt/spack/linux-rhel7-broadwell/gcc-10.2.1/zlib-1.2.8-dprhpfldx5xaf4xl7rp5weqsw3ilbtfz
Testing splicing in (and out) zlib@1.2.3
[+] /p/vast1/build/spack/opt/spack/linux-rhel7-broadwell/gcc-10.2.1/zlib-1.2.3-qaetmxqootfbr4mxyzqxtpje6s2n7gub
