Concretizing hpctoolkit@2018.11.05
[+] /p/vast1/build/spack/opt/spack/linux-rhel7-broadwell/gcc-10.2.1/libiconv-1.16-glggocpnh7m2dgmtu4fedhbfeessepbe
[+] /p/vast1/build/spack/opt/spack/linux-rhel7-broadwell/gcc-10.2.1/zlib-1.2.11-su2ldy5ofm424qnly3kitbbdgwovpfk4
[+] /p/vast1/build/spack/opt/spack/linux-rhel7-broadwell/gcc-10.2.1/pkgconf-1.8.0-gp2xp6yplvubgic6eunbnl7emqdq3dye
[+] /p/vast1/build/spack/opt/spack/linux-rhel7-broadwell/gcc-10.2.1/berkeley-db-18.1.40-c7okyaricn3s5wx6lqo2exspq6tuninj
[+] /p/vast1/build/spack/opt/spack/linux-rhel7-broadwell/gcc-10.2.1/libsigsegv-2.13-7rh3iftx6wqudr26scqm7nyzm4xxgqcc
[+] /p/vast1/build/spack/opt/spack/linux-rhel7-broadwell/gcc-10.2.1/xz-5.2.5-4oczqziqzfh2ij3va5gbc7waz4rf2bkj
[+] /p/vast1/build/spack/opt/spack/linux-rhel7-broadwell/gcc-10.2.1/libiberty-2.33.1-2zvihvo2nzmx5fg75kwtuaf2ysirqfqh
[+] /p/vast1/build/spack/opt/spack/linux-rhel7-broadwell/gcc-10.2.1/openjdk-11.0.12_7-cppyyeztualrvcfu567lgrjlsa2rxjab
[+] /p/vast1/build/spack/opt/spack/linux-rhel7-broadwell/gcc-10.2.1/libmd-1.0.3-2ov67rcd3fulh2bvd46bb7cjgf3yckoh
[+] /p/vast1/build/spack/opt/spack/linux-rhel7-broadwell/gcc-10.2.1/libffi-3.3-zyoezbz35scxddz3sf2hsqa6dancnjru
[+] /p/vast1/build/spack/opt/spack/linux-rhel7-broadwell/gcc-10.2.1/libmonitor-2021.11.08-j6qfc4a3bajesmbkr35e6bq7kw2bczoj
[+] /p/vast1/build/spack/opt/spack/linux-rhel7-broadwell/gcc-10.2.1/mbedtls-3.0.0-h6eqnbcsdrnrn54rkx4zmtd2cx6oaojk
[+] /p/vast1/build/spack/opt/spack/linux-rhel7-broadwell/gcc-10.2.1/papi-6.0.0.1-62emwcxfgw35opywe25sgxwuvoikrxlc
[+] /p/vast1/build/spack/opt/spack/linux-rhel7-broadwell/gcc-10.2.1/tar-1.34-3g4ty3srw34e6frmd2d2f523hr2pck3g
[+] /p/vast1/build/spack/opt/spack/linux-rhel7-broadwell/gcc-10.2.1/diffutils-3.8-vxb536efq575rjec2zqsyqgsebpspfvs
[+] /p/vast1/build/spack/opt/spack/linux-rhel7-broadwell/gcc-10.2.1/ncurses-6.2-2xef6sx47tqatqlceqguyz3rza5okbhy
[+] /p/vast1/build/spack/opt/spack/linux-rhel7-broadwell/gcc-10.2.1/util-linux-uuid-2.36.2-6icy3q75q4f2andannpqgkcdmzoir7sd
[+] /p/vast1/build/spack/opt/spack/linux-rhel7-broadwell/gcc-10.2.1/m4-1.4.19-zeen2avy7avmg5n7cd6yaqspkj3rup2t
[+] /p/vast1/build/spack/opt/spack/linux-rhel7-broadwell/gcc-10.2.1/libunwind-1.5.0-4h7lxx74fqhdfwkwpuycaqae3cgea2he
[+] /p/vast1/build/spack/opt/spack/linux-rhel7-broadwell/gcc-10.2.1/libxml2-2.9.12-fmynvtgtom5wcv4ew7otv5kjd4tnvd4u
[+] /p/vast1/build/spack/opt/spack/linux-rhel7-broadwell/gcc-10.2.1/hpcviewer-2021.10-ivtpllowkysp6ojat5sabpwf3gxd7u3g
[+] /p/vast1/build/spack/opt/spack/linux-rhel7-broadwell/gcc-10.2.1/libbsd-0.11.3-3bk5tkx2u7x44ivhjo723eyc3kbvzj2t
[+] /p/vast1/build/spack/opt/spack/linux-rhel7-broadwell/gcc-10.2.1/binutils-2.33.1-qbpqsfyswg7rbqdvh7odtxufiwixj4l5
[+] /p/vast1/build/spack/opt/spack/linux-rhel7-broadwell/gcc-10.2.1/bzip2-1.0.8-jmjklgubcyryaddwqvzuvzeiq6zfqmst
[+] /p/vast1/build/spack/opt/spack/linux-rhel7-broadwell/gcc-10.2.1/readline-8.1-vfjorqgtmqh3rl5ollaj4n2uusx4foez
[+] /p/vast1/build/spack/opt/spack/linux-rhel7-broadwell/gcc-10.2.1/expat-2.4.1-kya5u2fynwiaatzc4mfarh675cq6au2y
[+] /p/vast1/build/spack/opt/spack/linux-rhel7-broadwell/gcc-10.2.1/boost-1.77.0-z3j3mp3tbwl34way2jezwt7tu433vtb7
[+] /p/vast1/build/spack/opt/spack/linux-rhel7-broadwell/gcc-10.2.1/elfutils-0.186-yvs6nbvtlphakv7wmfjjpmgxv7anx7fa
[+] /p/vast1/build/spack/opt/spack/linux-rhel7-broadwell/gcc-10.2.1/gettext-0.21-msjxpubasgys7qduz2bzm5qs3uqabsfr
[+] /p/vast1/build/spack/opt/spack/linux-rhel7-broadwell/gcc-10.2.1/sqlite-3.36.0-2hy2e3pav6gykaiuxcqrj6xwb3hikfkt
[+] /p/vast1/build/spack/opt/spack/linux-rhel7-broadwell/gcc-10.2.1/gdbm-1.19-k5otkqycqsp3sya4vlvqbekdodhy2a2b
[+] /p/vast1/build/spack/opt/spack/linux-rhel7-broadwell/gcc-10.2.1/libdwarf-20180129-ddtrhodjxt62q6a2qvotia2poj7mqkfk
[+] /p/vast1/build/spack/opt/spack/linux-rhel7-broadwell/gcc-10.2.1/perl-5.34.0-wimaji5zk5vlms3psvdtvmxifnine4nh
[+] /p/vast1/build/spack/opt/spack/linux-rhel7-broadwell/gcc-10.2.1/openssl-1.1.1l-sozkiugfpwd75rjehlrzn3ymhrojqyp2
[+] /p/vast1/build/spack/opt/spack/linux-rhel7-broadwell/gcc-10.2.1/python-3.8.12-uc2wxswlfdkojcpf6rfjxlvhcofxln3h
[+] /p/vast1/build/spack/opt/spack/linux-rhel7-broadwell/gcc-10.2.1/cmake-3.21.4-hvgwgb6duea6jzf2rywitb4a5lqdrpii
[+] /p/vast1/build/spack/opt/spack/linux-rhel7-broadwell/gcc-10.2.1/curl-7.80.0-jbyvp3ou4px6qhzwjrprjapx3hapjtox
[+] /p/vast1/build/spack/opt/spack/linux-rhel7-broadwell/gcc-10.2.1/intel-xed-12.0.1-ydo7v5a6xzui6dlnn56mplr5yl7l5ew7
[+] /p/vast1/build/spack/opt/spack/linux-rhel7-broadwell/gcc-10.2.1/gotcha-1.0.3-3bsralz76zqs44oiykiqjfc25mdhch7k
[+] /p/vast1/build/spack/opt/spack/linux-rhel7-broadwell/gcc-10.2.1/intel-tbb-2020.3-ssbpnrc5drf2pk7bx53asgnpwsqmigs6
[+] /p/vast1/build/spack/opt/spack/linux-rhel7-broadwell/gcc-10.2.1/xerces-c-3.2.3-j2lbvq3kg5nujzaifr7v474n544vs7qj
[+] /p/vast1/build/spack/opt/spack/linux-rhel7-broadwell/gcc-10.2.1/dyninst-12.0.1-fxflrn2xeqesw3uthru3wu6pyb7ci6pc
[+] /p/vast1/build/spack/opt/spack/linux-rhel7-broadwell/gcc-10.2.1/hpctoolkit-2018.11.05-y37hje3ou6reryvrucijdrvdyxxyhwtm
Testing splicing in (and out) hpcviewer@2021.10
[+] /p/vast1/build/spack/opt/spack/linux-rhel7-broadwell/gcc-10.2.1/openjdk-11.0.12_7-cppyyeztualrvcfu567lgrjlsa2rxjab
[+] /p/vast1/build/spack/opt/spack/linux-rhel7-broadwell/gcc-10.2.1/hpcviewer-2021.10-ivtpllowkysp6ojat5sabpwf3gxd7u3g
Testing splicing in (and out) hpcviewer@2021.05
[+] /p/vast1/build/spack/opt/spack/linux-rhel7-broadwell/gcc-10.2.1/openjdk-11.0.12_7-cppyyeztualrvcfu567lgrjlsa2rxjab
==> Installing hpcviewer-2021.05-gftkawx6xvelkbdwirns6vhhuhozplwe
==> No binary for hpcviewer-2021.05-gftkawx6xvelkbdwirns6vhhuhozplwe found: installing from source
==> Fetching https://mirror.spack.io/_source-cache/archive/f3/f316c1fd0b134c96392cd4eb5e5aa2bffa36bd449f401d8fe950ab4f761c34ab.tgz
==> No patches needed for hpcviewer
==> hpcviewer: Executing phase: 'install'
==> hpcviewer: Successfully installed hpcviewer-2021.05-gftkawx6xvelkbdwirns6vhhuhozplwe
  Fetch: 3.74s.  Build: 2.47s.  Total: 6.20s.
[+] /p/vast1/build/spack/opt/spack/linux-rhel7-broadwell/gcc-10.2.1/hpcviewer-2021.05-gftkawx6xvelkbdwirns6vhhuhozplwe
Testing splicing in (and out) hpcviewer@2021.03
[+] /p/vast1/build/spack/opt/spack/linux-rhel7-broadwell/gcc-10.2.1/openjdk-11.0.12_7-cppyyeztualrvcfu567lgrjlsa2rxjab
==> Installing hpcviewer-2021.03-w76gtjqq6qk7lev4mm4o7pipoywrg7gz
==> No binary for hpcviewer-2021.03-w76gtjqq6qk7lev4mm4o7pipoywrg7gz found: installing from source
==> Fetching https://mirror.spack.io/_source-cache/archive/40/40b4453fe662b896a853d869486b481ded0d29abdf5e50aab2d8f3bdf8940b04.tgz
==> No patches needed for hpcviewer
==> hpcviewer: Executing phase: 'install'
==> hpcviewer: Successfully installed hpcviewer-2021.03-w76gtjqq6qk7lev4mm4o7pipoywrg7gz
  Fetch: 4.58s.  Build: 2.28s.  Total: 6.86s.
[+] /p/vast1/build/spack/opt/spack/linux-rhel7-broadwell/gcc-10.2.1/hpcviewer-2021.03-w76gtjqq6qk7lev4mm4o7pipoywrg7gz
Testing splicing in (and out) hpcviewer@2021.01
[+] /p/vast1/build/spack/opt/spack/linux-rhel7-broadwell/gcc-10.2.1/openjdk-11.0.12_7-cppyyeztualrvcfu567lgrjlsa2rxjab
==> Installing hpcviewer-2021.01-d2wju2kawtt6j53nczcwx33f77oki57n
==> No binary for hpcviewer-2021.01-d2wju2kawtt6j53nczcwx33f77oki57n found: installing from source
==> Fetching https://mirror.spack.io/_source-cache/archive/99/99eba4e1c613203c4658f2874d0e79e1620db7a22ac7dcb810801886ba9f8a79.tgz
==> No patches needed for hpcviewer
==> hpcviewer: Executing phase: 'install'
==> hpcviewer: Successfully installed hpcviewer-2021.01-d2wju2kawtt6j53nczcwx33f77oki57n
  Fetch: 3.64s.  Build: 2.56s.  Total: 6.20s.
[+] /p/vast1/build/spack/opt/spack/linux-rhel7-broadwell/gcc-10.2.1/hpcviewer-2021.01-d2wju2kawtt6j53nczcwx33f77oki57n
Testing splicing in (and out) hpcviewer@2020.12
==> Installing openjdk-1.8.0_265-b01-o76f3xgj5ajrmxbmeld6hl6wk7gxlfat
==> No binary for openjdk-1.8.0_265-b01-o76f3xgj5ajrmxbmeld6hl6wk7gxlfat found: installing from source
==> Fetching https://mirror.spack.io/_source-cache/archive/12/1285da6278f2d38a790a21148d7e683f20de0799c44b937043830ef6b57f58c4.tar.gz
==> No patches needed for openjdk
==> openjdk: Executing phase: 'install'
==> openjdk: Successfully installed openjdk-1.8.0_265-b01-o76f3xgj5ajrmxbmeld6hl6wk7gxlfat
  Fetch: 11.07s.  Build: 6.61s.  Total: 17.69s.
[+] /p/vast1/build/spack/opt/spack/linux-rhel7-broadwell/gcc-10.2.1/openjdk-1.8.0_265-b01-o76f3xgj5ajrmxbmeld6hl6wk7gxlfat
==> Installing hpcviewer-2020.12-xmuoarsmotqgo4i4w3faofsirjrlo7in
==> No binary for hpcviewer-2020.12-xmuoarsmotqgo4i4w3faofsirjrlo7in found: installing from source
==> Fetching https://mirror.spack.io/_source-cache/archive/29/29c5e1427893f0652e863fd6d54a8585077662597e5073532ec9f3b116626498.tgz
==> No patches needed for hpcviewer
==> hpcviewer: Executing phase: 'install'
==> hpcviewer: Successfully installed hpcviewer-2020.12-xmuoarsmotqgo4i4w3faofsirjrlo7in
  Fetch: 4.61s.  Build: 2.21s.  Total: 6.82s.
[+] /p/vast1/build/spack/opt/spack/linux-rhel7-broadwell/gcc-10.2.1/hpcviewer-2020.12-xmuoarsmotqgo4i4w3faofsirjrlo7in
Testing splicing in (and out) hpcviewer@2020.07
[+] /p/vast1/build/spack/opt/spack/linux-rhel7-broadwell/gcc-10.2.1/openjdk-1.8.0_265-b01-o76f3xgj5ajrmxbmeld6hl6wk7gxlfat
==> Installing hpcviewer-2020.07-cducfo6j6cgdudw522qze4q5qnvjnqjx
==> No binary for hpcviewer-2020.07-cducfo6j6cgdudw522qze4q5qnvjnqjx found: installing from source
==> Fetching https://mirror.spack.io/_source-cache/archive/19/19951662626c7c9817c4a75269c85810352dc48ae9a62dfb6ce4a5b502de2118.tgz
==> Fetching https://mirror.spack.io/_source-cache/archive/52/52aea55b1d40b9453c106ac5a83020a08839b9be1e71dbd1a9f471e5f3a55d43.tgz
==> Moving resource stage
	source : /var/tmp/sochat1/spack-stage/resource-hpctraceviewer-cducfo6j6cgdudw522qze4q5qnvjnqjx/spack-src/
	destination : /var/tmp/sochat1/spack-stage/spack-stage-hpcviewer-2020.07-cducfo6j6cgdudw522qze4q5qnvjnqjx/spack-src/TRACE
==> No patches needed for hpcviewer
==> hpcviewer: Executing phase: 'install'
==> hpcviewer: Successfully installed hpcviewer-2020.07-cducfo6j6cgdudw522qze4q5qnvjnqjx
  Fetch: 7.48s.  Build: 4.73s.  Total: 12.21s.
[+] /p/vast1/build/spack/opt/spack/linux-rhel7-broadwell/gcc-10.2.1/hpcviewer-2020.07-cducfo6j6cgdudw522qze4q5qnvjnqjx
Testing splicing in (and out) hpcviewer@2020.05
[+] /p/vast1/build/spack/opt/spack/linux-rhel7-broadwell/gcc-10.2.1/openjdk-1.8.0_265-b01-o76f3xgj5ajrmxbmeld6hl6wk7gxlfat
==> Installing hpcviewer-2020.05-w6gvzwnnpn43spyb7hipz5qeqwiiffsc
==> No binary for hpcviewer-2020.05-w6gvzwnnpn43spyb7hipz5qeqwiiffsc found: installing from source
==> Fetching https://mirror.spack.io/_source-cache/archive/27/27f99c94a69abd005303fb58360b0d1b3eb7d223cab81c38ae6ccdd83ec15106.tgz
==> Fetching https://mirror.spack.io/_source-cache/archive/a0/a0b925099a00c10fcb38e937068e50937175fd46dc086121525e546a63a7fd83.tgz
==> Moving resource stage
	source : /var/tmp/sochat1/spack-stage/resource-hpctraceviewer-w6gvzwnnpn43spyb7hipz5qeqwiiffsc/spack-src/
	destination : /var/tmp/sochat1/spack-stage/spack-stage-hpcviewer-2020.05-w6gvzwnnpn43spyb7hipz5qeqwiiffsc/spack-src/TRACE
==> No patches needed for hpcviewer
==> hpcviewer: Executing phase: 'install'
==> hpcviewer: Successfully installed hpcviewer-2020.05-w6gvzwnnpn43spyb7hipz5qeqwiiffsc
  Fetch: 2.17s.  Build: 5.45s.  Total: 7.62s.
[+] /p/vast1/build/spack/opt/spack/linux-rhel7-broadwell/gcc-10.2.1/hpcviewer-2020.05-w6gvzwnnpn43spyb7hipz5qeqwiiffsc
Testing splicing in (and out) hpcviewer@2020.04
[+] /p/vast1/build/spack/opt/spack/linux-rhel7-broadwell/gcc-10.2.1/openjdk-1.8.0_265-b01-o76f3xgj5ajrmxbmeld6hl6wk7gxlfat
==> Installing hpcviewer-2020.04-kobp4wh6ngtcyqlsmiymxlllepuem6l6
==> No binary for hpcviewer-2020.04-kobp4wh6ngtcyqlsmiymxlllepuem6l6 found: installing from source
==> Fetching https://mirror.spack.io/_source-cache/archive/59/5944c7b1e518b25d143df72b06a69cffb0bfc92186eb5efee2178fc2814a0b8b.tgz
==> Fetching https://mirror.spack.io/_source-cache/archive/69/695f7a06479c2b6958a6ebc3985b7ed777e7e126c04424ce980b224690f769f3.tgz
==> Moving resource stage
	source : /var/tmp/sochat1/spack-stage/resource-hpctraceviewer-kobp4wh6ngtcyqlsmiymxlllepuem6l6/spack-src/
	destination : /var/tmp/sochat1/spack-stage/spack-stage-hpcviewer-2020.04-kobp4wh6ngtcyqlsmiymxlllepuem6l6/spack-src/TRACE
==> No patches needed for hpcviewer
==> hpcviewer: Executing phase: 'install'
==> hpcviewer: Successfully installed hpcviewer-2020.04-kobp4wh6ngtcyqlsmiymxlllepuem6l6
  Fetch: 1.89s.  Build: 4.13s.  Total: 6.02s.
[+] /p/vast1/build/spack/opt/spack/linux-rhel7-broadwell/gcc-10.2.1/hpcviewer-2020.04-kobp4wh6ngtcyqlsmiymxlllepuem6l6
Testing splicing in (and out) hpcviewer@2020.02
[+] /p/vast1/build/spack/opt/spack/linux-rhel7-broadwell/gcc-10.2.1/openjdk-1.8.0_265-b01-o76f3xgj5ajrmxbmeld6hl6wk7gxlfat
==> Installing hpcviewer-2020.02-n5k7z5eov7kac4bbwuqacifodnub54w4
==> No binary for hpcviewer-2020.02-n5k7z5eov7kac4bbwuqacifodnub54w4 found: installing from source
==> Fetching https://mirror.spack.io/_source-cache/archive/af/af1f514547a9325aee30eb891b31e38c7ea3f33d2d1978b44f83e7daa3d5de6b.tgz
==> Fetching https://mirror.spack.io/_source-cache/archive/b7/b7b634e91108aa50a2e8647ac6bac87df775ae38aff078545efaa84735e0a666.tgz
==> Moving resource stage
	source : /var/tmp/sochat1/spack-stage/resource-hpctraceviewer-n5k7z5eov7kac4bbwuqacifodnub54w4/spack-src/
	destination : /var/tmp/sochat1/spack-stage/spack-stage-hpcviewer-2020.02-n5k7z5eov7kac4bbwuqacifodnub54w4/spack-src/TRACE
==> No patches needed for hpcviewer
==> hpcviewer: Executing phase: 'install'
==> hpcviewer: Successfully installed hpcviewer-2020.02-n5k7z5eov7kac4bbwuqacifodnub54w4
  Fetch: 1.94s.  Build: 3.88s.  Total: 5.81s.
[+] /p/vast1/build/spack/opt/spack/linux-rhel7-broadwell/gcc-10.2.1/hpcviewer-2020.02-n5k7z5eov7kac4bbwuqacifodnub54w4
Testing splicing in (and out) hpcviewer@2020.01
[+] /p/vast1/build/spack/opt/spack/linux-rhel7-broadwell/gcc-10.2.1/openjdk-1.8.0_265-b01-o76f3xgj5ajrmxbmeld6hl6wk7gxlfat
==> Installing hpcviewer-2020.01-ofwflgi4la4pmojkla3dnpvgmqo457ut
==> No binary for hpcviewer-2020.01-ofwflgi4la4pmojkla3dnpvgmqo457ut found: installing from source
Testing splicing in (and out) hpcviewer@2019.12
==> Installing hpcviewer-2019.12-se3iqotkvfyvnvmsgugdgfrn2w2x2de4
==> No binary for hpcviewer-2019.12-se3iqotkvfyvnvmsgugdgfrn2w2x2de4 found: installing from source
Testing splicing in (and out) hpcviewer@2019.09
==> Installing hpcviewer-2019.09-t5hobunaab5izjynckir2nz2qy4gs4hy
==> No binary for hpcviewer-2019.09-t5hobunaab5izjynckir2nz2qy4gs4hy found: installing from source
Testing splicing in (and out) hpcviewer@2019.08
==> Installing hpcviewer-2019.08-b4rxjckiw35imbadn2ijbibqzekrsico
==> No binary for hpcviewer-2019.08-b4rxjckiw35imbadn2ijbibqzekrsico found: installing from source
Testing splicing in (and out) hpcviewer@2019.07
==> Installing hpcviewer-2019.07-5cs43quk54tpav374xfu34akvyyhajdh
==> No binary for hpcviewer-2019.07-5cs43quk54tpav374xfu34akvyyhajdh found: installing from source
Testing splicing in (and out) hpcviewer@2019.04
==> Installing hpcviewer-2019.04-wcsx62s7xuc7thub7bpdgpsibsq6nk53
==> No binary for hpcviewer-2019.04-wcsx62s7xuc7thub7bpdgpsibsq6nk53 found: installing from source
Testing splicing in (and out) hpcviewer@2019.02
==> Installing hpcviewer-2019.02-fbepjhflg73bf5trgqq4nib7tyrdvkre
==> No binary for hpcviewer-2019.02-fbepjhflg73bf5trgqq4nib7tyrdvkre found: installing from source
Warning - this splice was not successful or not possible, predictions will use original binaries installed of spliced.
Warning - this splice was not successful or not possible, predictions will use original binaries installed of spliced.
Warning - this splice was not successful or not possible, predictions will use original binaries installed of spliced.
Warning - this splice was not successful or not possible, predictions will use original binaries installed of spliced.
Warning - this splice was not successful or not possible, predictions will use original binaries installed of spliced.
Warning - this splice was not successful or not possible, predictions will use original binaries installed of spliced.
Warning - this splice was not successful or not possible, predictions will use original binaries installed of spliced.
Warning - this splice was not successful or not possible, predictions will use original binaries installed of spliced.
Warning - this splice was not successful or not possible, predictions will use original binaries installed of spliced.
Concretizing hpctoolkit@2018.11.05
[+] /p/vast1/build/spack/opt/spack/linux-rhel7-broadwell/gcc-10.2.1/libiconv-1.16-glggocpnh7m2dgmtu4fedhbfeessepbe
[+] /p/vast1/build/spack/opt/spack/linux-rhel7-broadwell/gcc-10.2.1/zlib-1.2.11-su2ldy5ofm424qnly3kitbbdgwovpfk4
[+] /p/vast1/build/spack/opt/spack/linux-rhel7-broadwell/gcc-10.2.1/pkgconf-1.8.0-gp2xp6yplvubgic6eunbnl7emqdq3dye
[+] /p/vast1/build/spack/opt/spack/linux-rhel7-broadwell/gcc-10.2.1/berkeley-db-18.1.40-c7okyaricn3s5wx6lqo2exspq6tuninj
[+] /p/vast1/build/spack/opt/spack/linux-rhel7-broadwell/gcc-10.2.1/libsigsegv-2.13-7rh3iftx6wqudr26scqm7nyzm4xxgqcc
[+] /p/vast1/build/spack/opt/spack/linux-rhel7-broadwell/gcc-10.2.1/xz-5.2.5-4oczqziqzfh2ij3va5gbc7waz4rf2bkj
[+] /p/vast1/build/spack/opt/spack/linux-rhel7-broadwell/gcc-10.2.1/libiberty-2.37-wmise6wvsewx5ga55rvcr3wcng5oq2mk
[+] /p/vast1/build/spack/opt/spack/linux-rhel7-broadwell/gcc-10.2.1/openjdk-11.0.12_7-cppyyeztualrvcfu567lgrjlsa2rxjab
[+] /p/vast1/build/spack/opt/spack/linux-rhel7-broadwell/gcc-10.2.1/libmd-1.0.4-rooxnv7z75ill3knhg6bxfttmwxdag6i
[+] /p/vast1/build/spack/opt/spack/linux-rhel7-broadwell/gcc-10.2.1/libffi-3.4.2-7vfnd7a5ankpytut3b4oqhktzrcbabfm
[+] /p/vast1/build/spack/opt/spack/linux-rhel7-broadwell/gcc-10.2.1/libmonitor-2021.11.08-j6qfc4a3bajesmbkr35e6bq7kw2bczoj
[+] /p/vast1/build/spack/opt/spack/linux-rhel7-broadwell/gcc-10.2.1/mbedtls-3.1.0-xte5pm7kbt7zd3f5zs7yvy3wvsv6eqtx
[+] /p/vast1/build/spack/opt/spack/linux-rhel7-broadwell/gcc-10.2.1/papi-6.0.0.1-62emwcxfgw35opywe25sgxwuvoikrxlc
[+] /p/vast1/build/spack/opt/spack/linux-rhel7-broadwell/gcc-10.2.1/tar-1.34-3g4ty3srw34e6frmd2d2f523hr2pck3g
[+] /p/vast1/build/spack/opt/spack/linux-rhel7-broadwell/gcc-10.2.1/diffutils-3.8-vxb536efq575rjec2zqsyqgsebpspfvs
[+] /p/vast1/build/spack/opt/spack/linux-rhel7-broadwell/gcc-10.2.1/util-linux-uuid-2.37.4-26saxoixdjk3763nksg3ajmdzt5gyubu
[+] /p/vast1/build/spack/opt/spack/linux-rhel7-broadwell/gcc-10.2.1/ncurses-6.2-2xef6sx47tqatqlceqguyz3rza5okbhy
[+] /p/vast1/build/spack/opt/spack/linux-rhel7-broadwell/gcc-10.2.1/m4-1.4.19-zeen2avy7avmg5n7cd6yaqspkj3rup2t
[+] /p/vast1/build/spack/opt/spack/linux-rhel7-broadwell/gcc-10.2.1/libunwind-1.5.0-4h7lxx74fqhdfwkwpuycaqae3cgea2he
[+] /p/vast1/build/spack/opt/spack/linux-rhel7-broadwell/gcc-10.2.1/libxml2-2.9.12-fmynvtgtom5wcv4ew7otv5kjd4tnvd4u
[+] /p/vast1/build/spack/opt/spack/linux-rhel7-broadwell/gcc-10.2.1/hpcviewer-2022.01-nr36xerfw4ef4hj3l22kuuxr5e4vzn4j
[+] /p/vast1/build/spack/opt/spack/linux-rhel7-broadwell/gcc-10.2.1/libbsd-0.11.5-yt5rlx2ycq24tyyohhconaxiqgzajzbo
[+] /p/vast1/build/spack/opt/spack/linux-rhel7-broadwell/gcc-10.2.1/binutils-2.33.1-qbpqsfyswg7rbqdvh7odtxufiwixj4l5
[+] /p/vast1/build/spack/opt/spack/linux-rhel7-broadwell/gcc-10.2.1/bzip2-1.0.8-jmjklgubcyryaddwqvzuvzeiq6zfqmst
[+] /p/vast1/build/spack/opt/spack/linux-rhel7-broadwell/gcc-10.2.1/readline-8.1-vfjorqgtmqh3rl5ollaj4n2uusx4foez
[+] /p/vast1/build/spack/opt/spack/linux-rhel7-broadwell/gcc-10.2.1/expat-2.4.6-akiducmoeufix2d6beegvgbj5skm36ul
[+] /p/vast1/build/spack/opt/spack/linux-rhel7-broadwell/gcc-10.2.1/elfutils-0.186-yvs6nbvtlphakv7wmfjjpmgxv7anx7fa
[+] /p/vast1/build/spack/opt/spack/linux-rhel7-broadwell/gcc-10.2.1/boost-1.78.0-6rxpepkzqc5z2forjduz3edcjxjjxvtr
[+] /p/vast1/build/spack/opt/spack/linux-rhel7-broadwell/gcc-10.2.1/gettext-0.21-msjxpubasgys7qduz2bzm5qs3uqabsfr
[+] /p/vast1/build/spack/opt/spack/linux-rhel7-broadwell/gcc-10.2.1/sqlite-3.37.2-osxyeivy7mdmhjyjwcsm4l7tooho6s2d
[+] /p/vast1/build/spack/opt/spack/linux-rhel7-broadwell/gcc-10.2.1/gdbm-1.19-k5otkqycqsp3sya4vlvqbekdodhy2a2b
[+] /p/vast1/build/spack/opt/spack/linux-rhel7-broadwell/gcc-10.2.1/libdwarf-20180129-ddtrhodjxt62q6a2qvotia2poj7mqkfk
[+] /p/vast1/build/spack/opt/spack/linux-rhel7-broadwell/gcc-10.2.1/perl-5.34.0-wimaji5zk5vlms3psvdtvmxifnine4nh
[+] /p/vast1/build/spack/opt/spack/linux-rhel7-broadwell/gcc-10.2.1/openssl-1.1.1m-momhhzpwxq3fzqnlqbabquoitiq5d6q6
[+] /p/vast1/build/spack/opt/spack/linux-rhel7-broadwell/gcc-10.2.1/curl-7.81.0-lxbn2izuufrj42abaiyxrya5ac7pjlg7
[+] /p/vast1/build/spack/opt/spack/linux-rhel7-broadwell/gcc-10.2.1/python-3.9.10-2245x3bkzy2abonw3swqyjrihtzqn6qw
[+] /p/vast1/build/spack/opt/spack/linux-rhel7-broadwell/gcc-10.2.1/cmake-3.22.2-7oku4yd37mfoi65gi3alunjbl35euphw
[+] /p/vast1/build/spack/opt/spack/linux-rhel7-broadwell/gcc-10.2.1/xerces-c-3.2.3-nq66gamwbt7nbjj7v6kn4wyttelecevg
[+] /p/vast1/build/spack/opt/spack/linux-rhel7-broadwell/gcc-10.2.1/intel-xed-12.0.1-ydo7v5a6xzui6dlnn56mplr5yl7l5ew7
[+] /p/vast1/build/spack/opt/spack/linux-rhel7-broadwell/gcc-10.2.1/gotcha-1.0.3-3bsralz76zqs44oiykiqjfc25mdhch7k
[+] /p/vast1/build/spack/opt/spack/linux-rhel7-broadwell/gcc-10.2.1/intel-tbb-2020.3-ssbpnrc5drf2pk7bx53asgnpwsqmigs6
[+] /p/vast1/build/spack/opt/spack/linux-rhel7-broadwell/gcc-10.2.1/dyninst-12.0.1-5wruqupnbyhnea3m4kforivhaw4mns2u
[+] /p/vast1/build/spack/opt/spack/linux-rhel7-broadwell/gcc-10.2.1/hpctoolkit-2018.11.05-pmefnmjsokc6qx4ujkcek3usq7dne6e6
Testing splicing in (and out) hpcviewer@2022.01
[+] /p/vast1/build/spack/opt/spack/linux-rhel7-broadwell/gcc-10.2.1/openjdk-11.0.12_7-cppyyeztualrvcfu567lgrjlsa2rxjab
[+] /p/vast1/build/spack/opt/spack/linux-rhel7-broadwell/gcc-10.2.1/hpcviewer-2022.01-nr36xerfw4ef4hj3l22kuuxr5e4vzn4j
Testing splicing in (and out) hpcviewer@2021.10
[+] /p/vast1/build/spack/opt/spack/linux-rhel7-broadwell/gcc-10.2.1/openjdk-11.0.12_7-cppyyeztualrvcfu567lgrjlsa2rxjab
[+] /p/vast1/build/spack/opt/spack/linux-rhel7-broadwell/gcc-10.2.1/hpcviewer-2021.10-ivtpllowkysp6ojat5sabpwf3gxd7u3g
Testing splicing in (and out) hpcviewer@2021.05
[+] /p/vast1/build/spack/opt/spack/linux-rhel7-broadwell/gcc-10.2.1/openjdk-11.0.12_7-cppyyeztualrvcfu567lgrjlsa2rxjab
[+] /p/vast1/build/spack/opt/spack/linux-rhel7-broadwell/gcc-10.2.1/hpcviewer-2021.05-gftkawx6xvelkbdwirns6vhhuhozplwe
Testing splicing in (and out) hpcviewer@2021.03
[+] /p/vast1/build/spack/opt/spack/linux-rhel7-broadwell/gcc-10.2.1/openjdk-11.0.12_7-cppyyeztualrvcfu567lgrjlsa2rxjab
[+] /p/vast1/build/spack/opt/spack/linux-rhel7-broadwell/gcc-10.2.1/hpcviewer-2021.03-w76gtjqq6qk7lev4mm4o7pipoywrg7gz
Testing splicing in (and out) hpcviewer@2021.01
[+] /p/vast1/build/spack/opt/spack/linux-rhel7-broadwell/gcc-10.2.1/openjdk-11.0.12_7-cppyyeztualrvcfu567lgrjlsa2rxjab
[+] /p/vast1/build/spack/opt/spack/linux-rhel7-broadwell/gcc-10.2.1/hpcviewer-2021.01-d2wju2kawtt6j53nczcwx33f77oki57n
Testing splicing in (and out) hpcviewer@2020.12
[+] /p/vast1/build/spack/opt/spack/linux-rhel7-broadwell/gcc-10.2.1/openjdk-1.8.0_265-b01-o76f3xgj5ajrmxbmeld6hl6wk7gxlfat
[+] /p/vast1/build/spack/opt/spack/linux-rhel7-broadwell/gcc-10.2.1/hpcviewer-2020.12-xmuoarsmotqgo4i4w3faofsirjrlo7in
Testing splicing in (and out) hpcviewer@2020.07
[+] /p/vast1/build/spack/opt/spack/linux-rhel7-broadwell/gcc-10.2.1/openjdk-1.8.0_265-b01-o76f3xgj5ajrmxbmeld6hl6wk7gxlfat
[+] /p/vast1/build/spack/opt/spack/linux-rhel7-broadwell/gcc-10.2.1/hpcviewer-2020.07-cducfo6j6cgdudw522qze4q5qnvjnqjx
Testing splicing in (and out) hpcviewer@2020.05
[+] /p/vast1/build/spack/opt/spack/linux-rhel7-broadwell/gcc-10.2.1/openjdk-1.8.0_265-b01-o76f3xgj5ajrmxbmeld6hl6wk7gxlfat
[+] /p/vast1/build/spack/opt/spack/linux-rhel7-broadwell/gcc-10.2.1/hpcviewer-2020.05-w6gvzwnnpn43spyb7hipz5qeqwiiffsc
Testing splicing in (and out) hpcviewer@2020.04
[+] /p/vast1/build/spack/opt/spack/linux-rhel7-broadwell/gcc-10.2.1/openjdk-1.8.0_265-b01-o76f3xgj5ajrmxbmeld6hl6wk7gxlfat
[+] /p/vast1/build/spack/opt/spack/linux-rhel7-broadwell/gcc-10.2.1/hpcviewer-2020.04-kobp4wh6ngtcyqlsmiymxlllepuem6l6
Testing splicing in (and out) hpcviewer@2020.02
[+] /p/vast1/build/spack/opt/spack/linux-rhel7-broadwell/gcc-10.2.1/openjdk-1.8.0_265-b01-o76f3xgj5ajrmxbmeld6hl6wk7gxlfat
[+] /p/vast1/build/spack/opt/spack/linux-rhel7-broadwell/gcc-10.2.1/hpcviewer-2020.02-n5k7z5eov7kac4bbwuqacifodnub54w4
Testing splicing in (and out) hpcviewer@2020.01
[+] /p/vast1/build/spack/opt/spack/linux-rhel7-broadwell/gcc-10.2.1/openjdk-1.8.0_265-b01-o76f3xgj5ajrmxbmeld6hl6wk7gxlfat
Testing splicing in (and out) hpcviewer@2019.12
[+] /p/vast1/build/spack/opt/spack/linux-rhel7-broadwell/gcc-10.2.1/openjdk-1.8.0_265-b01-o76f3xgj5ajrmxbmeld6hl6wk7gxlfat
==> Installing hpcviewer-2019.12-se3iqotkvfyvnvmsgugdgfrn2w2x2de4
==> No binary for hpcviewer-2019.12-se3iqotkvfyvnvmsgugdgfrn2w2x2de4 found: installing from source
Testing splicing in (and out) hpcviewer@2019.09
[+] /p/vast1/build/spack/opt/spack/linux-rhel7-broadwell/gcc-10.2.1/openjdk-1.8.0_265-b01-o76f3xgj5ajrmxbmeld6hl6wk7gxlfat
==> Installing hpcviewer-2019.09-t5hobunaab5izjynckir2nz2qy4gs4hy
==> No binary for hpcviewer-2019.09-t5hobunaab5izjynckir2nz2qy4gs4hy found: installing from source
Testing splicing in (and out) hpcviewer@2019.08
[+] /p/vast1/build/spack/opt/spack/linux-rhel7-broadwell/gcc-10.2.1/openjdk-1.8.0_265-b01-o76f3xgj5ajrmxbmeld6hl6wk7gxlfat
==> Installing hpcviewer-2019.08-b4rxjckiw35imbadn2ijbibqzekrsico
==> No binary for hpcviewer-2019.08-b4rxjckiw35imbadn2ijbibqzekrsico found: installing from source
Testing splicing in (and out) hpcviewer@2019.07
[+] /p/vast1/build/spack/opt/spack/linux-rhel7-broadwell/gcc-10.2.1/openjdk-1.8.0_265-b01-o76f3xgj5ajrmxbmeld6hl6wk7gxlfat
==> Installing hpcviewer-2019.07-5cs43quk54tpav374xfu34akvyyhajdh
==> No binary for hpcviewer-2019.07-5cs43quk54tpav374xfu34akvyyhajdh found: installing from source
Testing splicing in (and out) hpcviewer@2019.04
[+] /p/vast1/build/spack/opt/spack/linux-rhel7-broadwell/gcc-10.2.1/openjdk-1.8.0_265-b01-o76f3xgj5ajrmxbmeld6hl6wk7gxlfat
==> Installing hpcviewer-2019.04-wcsx62s7xuc7thub7bpdgpsibsq6nk53
==> No binary for hpcviewer-2019.04-wcsx62s7xuc7thub7bpdgpsibsq6nk53 found: installing from source
Testing splicing in (and out) hpcviewer@2019.02
[+] /p/vast1/build/spack/opt/spack/linux-rhel7-broadwell/gcc-10.2.1/openjdk-1.8.0_265-b01-o76f3xgj5ajrmxbmeld6hl6wk7gxlfat
==> Installing hpcviewer-2019.02-fbepjhflg73bf5trgqq4nib7tyrdvkre
==> No binary for hpcviewer-2019.02-fbepjhflg73bf5trgqq4nib7tyrdvkre found: installing from source
Warning - this splice was not successful or not possible, predictions will use original binaries installed of spliced.
Warning - this splice was not successful or not possible, predictions will use original binaries installed of spliced.
Warning - this splice was not successful or not possible, predictions will use original binaries installed of spliced.
Warning - this splice was not successful or not possible, predictions will use original binaries installed of spliced.
Warning - this splice was not successful or not possible, predictions will use original binaries installed of spliced.
Warning - this splice was not successful or not possible, predictions will use original binaries installed of spliced.
Warning - this splice was not successful or not possible, predictions will use original binaries installed of spliced.
Warning - this splice was not successful or not possible, predictions will use original binaries installed of spliced.
Warning - this splice was not successful or not possible, predictions will use original binaries installed of spliced.
Warning - this splice was not successful or not possible, predictions will use original binaries installed of spliced.
Warning - this splice was not successful or not possible, predictions will use original binaries installed of spliced.
Warning - this splice was not successful or not possible, predictions will use original binaries installed of spliced.
Warning - this splice was not successful or not possible, predictions will use original binaries installed of spliced.
Warning - this splice was not successful or not possible, predictions will use original binaries installed of spliced.
Warning - this splice was not successful or not possible, predictions will use original binaries installed of spliced.
Warning - this splice was not successful or not possible, predictions will use original binaries installed of spliced.
Warning - this splice was not successful or not possible, predictions will use original binaries installed of spliced.
Warning - this splice was not successful or not possible, predictions will use original binaries installed of spliced.
