==> Warning: binutils-2.23.2-22xr5q4wtfdsmqx5e6rsfnxdylaejjtg failed to install
==> Error: binutils-2.23.2-22xr5q4wtfdsmqx5e6rsfnxdylaejjtg: Package was not installed
==> Warning: binutils-2.20.1-ikqgx6wtmivwcidsop6rtdp56gtnemgu failed to install
==> Error: binutils-2.20.1-ikqgx6wtmivwcidsop6rtdp56gtnemgu: Package was not installed
Making predictions for symbolator
Making predictions for libabigail
Making predictions for actual
/var/spool/slurmd/job100265/slurm_script: line 12: 28314 Killed                  spliced splice --package hpctoolkit@2021.10.15 --splice binutils --runner spack --replace binutils --experiment experiment --outfile /p/vast1/build/spliced-experiment/results/hpctoolkit/2021.10.15/binutils/experiment.json
==> Warning: Fetching from mirror without a checksum!
  This package is normally checked out from a version control system, but it has been archived on a spack mirror.  This means we cannot know a checksum for the tarball in advance. Be sure that your connection to this mirror is secure!
==> Error: ProcessError: Command exited with status 2:
    'make' '-j16' 'V=1'

26 errors found in build log:
     32831    libtool: compile:  /p/vast1/build/spack/lib/spack/env/gcc/gcc -DH
              AVE_CONFIG_H -I. -I/var/tmp/sochat1/spack-stage/spack-stage-binut
              ils-2.23.2-22xr5q4wtfdsmqx5e6rsfnxdylaejjtg/spack-src/opcodes -I.
               -I/var/tmp/sochat1/spack-stage/spack-stage-binutils-2.23.2-22xr5
              q4wtfdsmqx5e6rsfnxdylaejjtg/spack-src/opcodes -I../bfd -I/var/tmp
              /sochat1/spack-stage/spack-stage-binutils-2.23.2-22xr5q4wtfdsmqx5
              e6rsfnxdylaejjtg/spack-src/opcodes/../include -I/var/tmp/sochat1/
              spack-stage/spack-stage-binutils-2.23.2-22xr5q4wtfdsmqx5e6rsfnxdy
              laejjtg/spack-src/opcodes/../bfd -W -Wall -Wstrict-prototypes -Wm
              issing-prototypes -Wshadow -g -O2 -c z8k-dis.c -o z8k-dis.o >/dev
              /null 2>&1
     32832    libtool: compile:  /p/vast1/build/spack/lib/spack/env/gcc/gcc -DH
              AVE_CONFIG_H -I. -I/var/tmp/sochat1/spack-stage/spack-stage-binut
              ils-2.23.2-22xr5q4wtfdsmqx5e6rsfnxdylaejjtg/spack-src/opcodes -I.
               -I/var/tmp/sochat1/spack-stage/spack-stage-binutils-2.23.2-22xr5
              q4wtfdsmqx5e6rsfnxdylaejjtg/spack-src/opcodes -I../bfd -I/var/tmp
              /sochat1/spack-stage/spack-stage-binutils-2.23.2-22xr5q4wtfdsmqx5
              e6rsfnxdylaejjtg/spack-src/opcodes/../include -I/var/tmp/sochat1/
              spack-stage/spack-stage-binutils-2.23.2-22xr5q4wtfdsmqx5e6rsfnxdy
              laejjtg/spack-src/opcodes/../bfd -W -Wall -Wstrict-prototypes -Wm
              issing-prototypes -Wshadow -g -O2 -c rx-decode.c -o rx-decode.o >
              /dev/null 2>&1
     32833    libtool: compile:  /p/vast1/build/spack/lib/spack/env/gcc/gcc -DH
              AVE_CONFIG_H -I. -I/var/tmp/sochat1/spack-stage/spack-stage-binut
              ils-2.23.2-22xr5q4wtfdsmqx5e6rsfnxdylaejjtg/spack-src/opcodes -I.
               -I/var/tmp/sochat1/spack-stage/spack-stage-binutils-2.23.2-22xr5
              q4wtfdsmqx5e6rsfnxdylaejjtg/spack-src/opcodes -I../bfd -I/var/tmp
              /sochat1/spack-stage/spack-stage-binutils-2.23.2-22xr5q4wtfdsmqx5
              e6rsfnxdylaejjtg/spack-src/opcodes/../include -I/var/tmp/sochat1/
              spack-stage/spack-stage-binutils-2.23.2-22xr5q4wtfdsmqx5e6rsfnxdy
              laejjtg/spack-src/opcodes/../bfd -W -Wall -Wstrict-prototypes -Wm
              issing-prototypes -Wshadow -g -O2 -c ppc-opc.c -o ppc-opc.o >/dev
              /null 2>&1
     32834    /bin/sh ./libtool --tag=CC   --mode=link /p/vast1/build/spack/lib
              /spack/env/gcc/gcc -W -Wall -Wstrict-prototypes -Wmissing-prototy
              pes -Wshadow -g -O2  -release `cat ../bfd/libtool-soversion`  -li
              ntl -o libopcodes.la -rpath /p/vast1/build/spack/opt/spack/linux-
              rhel7-broadwell/gcc-10.2.1/binutils-2.23.2-22xr5q4wtfdsmqx5e6rsfn
              xdylaejjtg/lib dis-buf.lo disassemble.lo dis-init.lo aarch64-asm.
              lo aarch64-asm-2.lo aarch64-dis.lo aarch64-dis-2.lo aarch64-opc.l
              o aarch64-opc-2.lo alpha-dis.lo alpha-opc.lo arc-dis.lo arc-ext.l
              o arc-opc.lo arm-dis.lo avr-dis.lo bfin-dis.lo cgen-asm.lo cgen-b
              itset.lo cgen-dis.lo cgen-opc.lo cr16-dis.lo cr16-opc.lo cris-dis
              .lo cris-opc.lo crx-dis.lo crx-opc.lo d10v-dis.lo d10v-opc.lo d30
              v-dis.lo d30v-opc.lo dlx-dis.lo epiphany-asm.lo epiphany-desc.lo 
              epiphany-dis.lo epiphany-ibld.lo epiphany-opc.lo fr30-asm.lo fr30
              -desc.lo fr30-dis.lo fr30-ibld.lo fr30-opc.lo frv-asm.lo frv-desc
              .lo frv-dis.lo frv-ibld.lo frv-opc.lo h8300-dis.lo h8500-dis.lo h
              ppa-dis.lo i370-dis.lo i370-opc.lo i386-dis.lo i386-opc.lo i860-d
              is.lo i960-dis.lo ia64-dis.lo ia64-opc.lo ip2k-asm.lo ip2k-desc.l
              o ip2k-dis.lo ip2k-ibld.lo ip2k-opc.lo iq2000-asm.lo iq2000-desc.
              lo iq2000-dis.lo iq2000-ibld.lo iq2000-opc.lo lm32-asm.lo lm32-de
              sc.lo lm32-dis.lo lm32-ibld.lo lm32-opc.lo lm32-opinst.lo m10200-
              dis.lo m10200-opc.lo m10300-dis.lo m10300-opc.lo m32c-asm.lo m32c
              -desc.lo m32c-dis.lo m32c-ibld.lo m32c-opc.lo m32r-asm.lo m32r-de
              sc.lo m32r-dis.lo m32r-ibld.lo m32r-opc.lo m32r-opinst.lo m68hc11
              -dis.lo m68hc11-opc.lo m68k-dis.lo m68k-opc.lo m88k-dis.lo mcore-
              dis.lo mep-asm.lo mep-desc.lo mep-dis.lo mep-ibld.lo mep-opc.lo m
              icroblaze-dis.lo micromips-opc.lo mips-dis.lo mips-opc.lo mips16-
              opc.lo mmix-dis.lo mmix-opc.lo moxie-dis.lo moxie-opc.lo msp430-d
              is.lo mt-asm.lo mt-desc.lo mt-dis.lo mt-ibld.lo mt-opc.lo ns32k-d
              is.lo openrisc-asm.lo openrisc-desc.lo openrisc-dis.lo openrisc-i
              bld.lo openrisc-opc.lo or32-dis.lo or32-opc.lo pdp11-dis.lo pdp11
              -opc.lo pj-dis.lo pj-opc.lo ppc-dis.lo ppc-opc.lo rl78-decode.lo 
              rl78-dis.lo rx-decode.lo rx-dis.lo s390-dis.lo s390-opc.lo score-
              dis.lo score7-dis.lo sh-dis.lo sh64-dis.lo sh64-opc.lo sparc-dis.
              lo sparc-opc.lo spu-dis.lo spu-opc.lo tic30-dis.lo tic4x-dis.lo t
              ic54x-dis.lo tic54x-opc.lo tic6x-dis.lo tic80-dis.lo tic80-opc.lo
               tilegx-dis.lo tilegx-opc.lo tilepro-dis.lo tilepro-opc.lo v850-d
              is.lo v850-opc.lo vax-dis.lo w65-dis.lo xc16x-asm.lo xc16x-desc.l
              o xc16x-dis.lo xc16x-ibld.lo xc16x-opc.lo xstormy16-asm.lo xstorm
              y16-desc.lo xstormy16-dis.lo xstormy16-ibld.lo xstormy16-opc.lo x
              tensa-dis.lo xgate-dis.lo xgate-opc.lo z80-dis.lo z8k-dis.lo -Wl,
              /tmp/sochat1/spack-stage/spack-stage-binutils-2.23.2-22xr5q4wtfds
              mqx5e6rsfnxdylaejjtg/spack-src/opcodes/../bfd/.libs/libbfd.so -L/
              tmp/sochat1/spack-stage/spack-stage-binutils-2.23.2-22xr5q4wtfdsm
              qx5e6rsfnxdylaejjtg/spack-src/opcodes/../libiberty/pic -liberty -
              Wl,-lc,--as-needed,-lm,--no-as-needed
     32835    libtool: link: /p/vast1/build/spack/lib/spack/env/gcc/gcc -shared
                .libs/dis-buf.o .libs/disassemble.o .libs/dis-init.o .libs/aarc
              h64-asm.o .libs/aarch64-asm-2.o .libs/aarch64-dis.o .libs/aarch64
              -dis-2.o .libs/aarch64-opc.o .libs/aarch64-opc-2.o .libs/alpha-di
              s.o .libs/alpha-opc.o .libs/arc-dis.o .libs/arc-ext.o .libs/arc-o
              pc.o .libs/arm-dis.o .libs/avr-dis.o .libs/bfin-dis.o .libs/cgen-
              asm.o .libs/cgen-bitset.o .libs/cgen-dis.o .libs/cgen-opc.o .libs
              /cr16-dis.o .libs/cr16-opc.o .libs/cris-dis.o .libs/cris-opc.o .l
              ibs/crx-dis.o .libs/crx-opc.o .libs/d10v-dis.o .libs/d10v-opc.o .
              libs/d30v-dis.o .libs/d30v-opc.o .libs/dlx-dis.o .libs/epiphany-a
              sm.o .libs/epiphany-desc.o .libs/epiphany-dis.o .libs/epiphany-ib
              ld.o .libs/epiphany-opc.o .libs/fr30-asm.o .libs/fr30-desc.o .lib
              s/fr30-dis.o .libs/fr30-ibld.o .libs/fr30-opc.o .libs/frv-asm.o .
              libs/frv-desc.o .libs/frv-dis.o .libs/frv-ibld.o .libs/frv-opc.o 
              .libs/h8300-dis.o .libs/h8500-dis.o .libs/hppa-dis.o .libs/i370-d
              is.o .libs/i370-opc.o .libs/i386-dis.o .libs/i386-opc.o .libs/i86
              0-dis.o .libs/i960-dis.o .libs/ia64-dis.o .libs/ia64-opc.o .libs/
              ip2k-asm.o .libs/ip2k-desc.o .libs/ip2k-dis.o .libs/ip2k-ibld.o .
              libs/ip2k-opc.o .libs/iq2000-asm.o .libs/iq2000-desc.o .libs/iq20
              00-dis.o .libs/iq2000-ibld.o .libs/iq2000-opc.o .libs/lm32-asm.o 
              .libs/lm32-desc.o .libs/lm32-dis.o .libs/lm32-ibld.o .libs/lm32-o
              pc.o .libs/lm32-opinst.o .libs/m10200-dis.o .libs/m10200-opc.o .l
              ibs/m10300-dis.o .libs/m10300-opc.o .libs/m32c-asm.o .libs/m32c-d
              esc.o .libs/m32c-dis.o .libs/m32c-ibld.o .libs/m32c-opc.o .libs/m
              32r-asm.o .libs/m32r-desc.o .libs/m32r-dis.o .libs/m32r-ibld.o .l
              ibs/m32r-opc.o .libs/m32r-opinst.o .libs/m68hc11-dis.o .libs/m68h
              c11-opc.o .libs/m68k-dis.o .libs/m68k-opc.o .libs/m88k-dis.o .lib
              s/mcore-dis.o .libs/mep-asm.o .libs/mep-desc.o .libs/mep-dis.o .l
              ibs/mep-ibld.o .libs/mep-opc.o .libs/microblaze-dis.o .libs/micro
              mips-opc.o .libs/mips-dis.o .libs/mips-opc.o .libs/mips16-opc.o .
              libs/mmix-dis.o .libs/mmix-opc.o .libs/moxie-dis.o .libs/moxie-op
              c.o .libs/msp430-dis.o .libs/mt-asm.o .libs/mt-desc.o .libs/mt-di
              s.o .libs/mt-ibld.o .libs/mt-opc.o .libs/ns32k-dis.o .libs/openri
              sc-asm.o .libs/openrisc-desc.o .libs/openrisc-dis.o .libs/openris
              c-ibld.o .libs/openrisc-opc.o .libs/or32-dis.o .libs/or32-opc.o .
              libs/pdp11-dis.o .libs/pdp11-opc.o .libs/pj-dis.o .libs/pj-opc.o 
              .libs/ppc-dis.o .libs/ppc-opc.o .libs/rl78-decode.o .libs/rl78-di
              s.o .libs/rx-decode.o .libs/rx-dis.o .libs/s390-dis.o .libs/s390-
              opc.o .libs/score-dis.o .libs/score7-dis.o .libs/sh-dis.o .libs/s
              h64-dis.o .libs/sh64-opc.o .libs/sparc-dis.o .libs/sparc-opc.o .l
              ibs/spu-dis.o .libs/spu-opc.o .libs/tic30-dis.o .libs/tic4x-dis.o
               .libs/tic54x-dis.o .libs/tic54x-opc.o .libs/tic6x-dis.o .libs/ti
              c80-dis.o .libs/tic80-opc.o .libs/tilegx-dis.o .libs/tilegx-opc.o
               .libs/tilepro-dis.o .libs/tilepro-opc.o .libs/v850-dis.o .libs/v
              850-opc.o .libs/vax-dis.o .libs/w65-dis.o .libs/xc16x-asm.o .libs
              /xc16x-desc.o .libs/xc16x-dis.o .libs/xc16x-ibld.o .libs/xc16x-op
              c.o .libs/xstormy16-asm.o .libs/xstormy16-desc.o .libs/xstormy16-
              dis.o .libs/xstormy16-ibld.o .libs/xstormy16-opc.o .libs/xtensa-d
              is.o .libs/xgate-dis.o .libs/xgate-opc.o .libs/z80-dis.o .libs/z8
              k-dis.o   -lintl -L/tmp/sochat1/spack-stage/spack-stage-binutils-
              2.23.2-22xr5q4wtfdsmqx5e6rsfnxdylaejjtg/spack-src/opcodes/../libi
              berty/pic -liberty  -Wl,/tmp/sochat1/spack-stage/spack-stage-binu
              tils-2.23.2-22xr5q4wtfdsmqx5e6rsfnxdylaejjtg/spack-src/opcodes/..
              /bfd/.libs/libbfd.so -Wl,-lc -Wl,--as-needed -Wl,-lm -Wl,--no-as-
              needed   -Wl,-soname -Wl,libopcodes-2.23.2.so -o .libs/libopcodes
              -2.23.2.so
     32836    /usr/tce/packages/gcc/gcc-10.2.1/rh/usr/bin/../libexec/gcc/x86_64
              -redhat-linux/10/ld: .libs/m32c-desc.o: in function `SUBWORDSIQI'
              :
  >> 32837    /var/tmp/sochat1/spack-stage/spack-stage-binutils-2.23.2-22xr5q4w
              tfdsmqx5e6rsfnxdylaejjtg/spack-src/opcodes/../include/cgen/basic-
              ops.h:309: multiple definition of `SUBWORDSIQI'; .libs/m32c-asm.o
              :/var/tmp/sochat1/spack-stage/spack-stage-binutils-2.23.2-22xr5q4
              wtfdsmqx5e6rsfnxdylaejjtg/spack-src/opcodes/../include/cgen/basic
              -ops.h:309: first defined here
     32838    /usr/tce/packages/gcc/gcc-10.2.1/rh/usr/bin/../libexec/gcc/x86_64
              -redhat-linux/10/ld: .libs/m32c-desc.o: in function `SUBWORDSIHI'
              :
  >> 32839    /var/tmp/sochat1/spack-stage/spack-stage-binutils-2.23.2-22xr5q4w
              tfdsmqx5e6rsfnxdylaejjtg/spack-src/opcodes/../include/cgen/basic-
              ops.h:317: multiple definition of `SUBWORDSIHI'; .libs/m32c-asm.o
              :/var/tmp/sochat1/spack-stage/spack-stage-binutils-2.23.2-22xr5q4
              wtfdsmqx5e6rsfnxdylaejjtg/spack-src/opcodes/../include/cgen/basic
              -ops.h:317: first defined here
     32840    /usr/tce/packages/gcc/gcc-10.2.1/rh/usr/bin/../libexec/gcc/x86_64
              -redhat-linux/10/ld: .libs/m32c-desc.o: in function `SUBWORDDIQI'
              :
  >> 32841    /var/tmp/sochat1/spack-stage/spack-stage-binutils-2.23.2-22xr5q4w
              tfdsmqx5e6rsfnxdylaejjtg/spack-src/opcodes/../include/cgen/basic-
              ops.h:325: multiple definition of `SUBWORDDIQI'; .libs/m32c-asm.o
              :/var/tmp/sochat1/spack-stage/spack-stage-binutils-2.23.2-22xr5q4
              wtfdsmqx5e6rsfnxdylaejjtg/spack-src/opcodes/../include/cgen/basic
              -ops.h:325: first defined here
     32842    /usr/tce/packages/gcc/gcc-10.2.1/rh/usr/bin/../libexec/gcc/x86_64
              -redhat-linux/10/ld: .libs/m32c-desc.o: in function `SUBWORDDIHI'
              :
  >> 32843    /var/tmp/sochat1/spack-stage/spack-stage-binutils-2.23.2-22xr5q4w
              tfdsmqx5e6rsfnxdylaejjtg/spack-src/opcodes/../include/cgen/basic-
              ops.h:332: multiple definition of `SUBWORDDIHI'; .libs/m32c-asm.o
              :/var/tmp/sochat1/spack-stage/spack-stage-binutils-2.23.2-22xr5q4
              wtfdsmqx5e6rsfnxdylaejjtg/spack-src/opcodes/../include/cgen/basic
              -ops.h:332: first defined here
     32844    /usr/tce/packages/gcc/gcc-10.2.1/rh/usr/bin/../libexec/gcc/x86_64
              -redhat-linux/10/ld: .libs/m32c-desc.o: in function `SUBWORDDISI'
              :
  >> 32845    /var/tmp/sochat1/spack-stage/spack-stage-binutils-2.23.2-22xr5q4w
              tfdsmqx5e6rsfnxdylaejjtg/spack-src/opcodes/../include/cgen/basic-
              ops.h:340: multiple definition of `SUBWORDDISI'; .libs/m32c-asm.o
              :/var/tmp/sochat1/spack-stage/spack-stage-binutils-2.23.2-22xr5q4
              wtfdsmqx5e6rsfnxdylaejjtg/spack-src/opcodes/../include/cgen/basic
              -ops.h:340: first defined here
     32846    /usr/tce/packages/gcc/gcc-10.2.1/rh/usr/bin/../libexec/gcc/x86_64
              -redhat-linux/10/ld: .libs/m32c-dis.o: in function `SUBWORDSIQI':
  >> 32847    /var/tmp/sochat1/spack-stage/spack-stage-binutils-2.23.2-22xr5q4w
              tfdsmqx5e6rsfnxdylaejjtg/spack-src/opcodes/../include/cgen/basic-
              ops.h:309: multiple definition of `SUBWORDSIQI'; .libs/m32c-asm.o
              :/var/tmp/sochat1/spack-stage/spack-stage-binutils-2.23.2-22xr5q4
              wtfdsmqx5e6rsfnxdylaejjtg/spack-src/opcodes/../include/cgen/basic
              -ops.h:309: first defined here
     32848    /usr/tce/packages/gcc/gcc-10.2.1/rh/usr/bin/../libexec/gcc/x86_64
              -redhat-linux/10/ld: .libs/m32c-dis.o: in function `SUBWORDSIHI':
  >> 32849    /var/tmp/sochat1/spack-stage/spack-stage-binutils-2.23.2-22xr5q4w
              tfdsmqx5e6rsfnxdylaejjtg/spack-src/opcodes/../include/cgen/basic-
              ops.h:317: multiple definition of `SUBWORDSIHI'; .libs/m32c-asm.o
              :/var/tmp/sochat1/spack-stage/spack-stage-binutils-2.23.2-22xr5q4
              wtfdsmqx5e6rsfnxdylaejjtg/spack-src/opcodes/../include/cgen/basic
              -ops.h:317: first defined here
     32850    /usr/tce/packages/gcc/gcc-10.2.1/rh/usr/bin/../libexec/gcc/x86_64
              -redhat-linux/10/ld: .libs/m32c-dis.o: in function `SUBWORDDIQI':
  >> 32851    /var/tmp/sochat1/spack-stage/spack-stage-binutils-2.23.2-22xr5q4w
              tfdsmqx5e6rsfnxdylaejjtg/spack-src/opcodes/../include/cgen/basic-
              ops.h:325: multiple definition of `SUBWORDDIQI'; .libs/m32c-asm.o
              :/var/tmp/sochat1/spack-stage/spack-stage-binutils-2.23.2-22xr5q4
              wtfdsmqx5e6rsfnxdylaejjtg/spack-src/opcodes/../include/cgen/basic
              -ops.h:325: first defined here
     32852    /usr/tce/packages/gcc/gcc-10.2.1/rh/usr/bin/../libexec/gcc/x86_64
              -redhat-linux/10/ld: .libs/m32c-dis.o: in function `SUBWORDDIHI':
  >> 32853    /var/tmp/sochat1/spack-stage/spack-stage-binutils-2.23.2-22xr5q4w
              tfdsmqx5e6rsfnxdylaejjtg/spack-src/opcodes/../include/cgen/basic-
              ops.h:332: multiple definition of `SUBWORDDIHI'; .libs/m32c-asm.o
              :/var/tmp/sochat1/spack-stage/spack-stage-binutils-2.23.2-22xr5q4
              wtfdsmqx5e6rsfnxdylaejjtg/spack-src/opcodes/../include/cgen/basic
              -ops.h:332: first defined here
     32854    /usr/tce/packages/gcc/gcc-10.2.1/rh/usr/bin/../libexec/gcc/x86_64
              -redhat-linux/10/ld: .libs/m32c-dis.o: in function `SUBWORDDISI':
  >> 32855    /var/tmp/sochat1/spack-stage/spack-stage-binutils-2.23.2-22xr5q4w
              tfdsmqx5e6rsfnxdylaejjtg/spack-src/opcodes/../include/cgen/basic-
              ops.h:340: multiple definition of `SUBWORDDISI'; .libs/m32c-asm.o
              :/var/tmp/sochat1/spack-stage/spack-stage-binutils-2.23.2-22xr5q4
              wtfdsmqx5e6rsfnxdylaejjtg/spack-src/opcodes/../include/cgen/basic
              -ops.h:340: first defined here
     32856    /usr/tce/packages/gcc/gcc-10.2.1/rh/usr/bin/../libexec/gcc/x86_64
              -redhat-linux/10/ld: .libs/m32c-ibld.o: in function `SUBWORDSIQI'
              :
  >> 32857    /var/tmp/sochat1/spack-stage/spack-stage-binutils-2.23.2-22xr5q4w
              tfdsmqx5e6rsfnxdylaejjtg/spack-src/opcodes/../include/cgen/basic-
              ops.h:309: multiple definition of `SUBWORDSIQI'; .libs/m32c-asm.o
              :/var/tmp/sochat1/spack-stage/spack-stage-binutils-2.23.2-22xr5q4
              wtfdsmqx5e6rsfnxdylaejjtg/spack-src/opcodes/../include/cgen/basic
              -ops.h:309: first defined here
     32858    /usr/tce/packages/gcc/gcc-10.2.1/rh/usr/bin/../libexec/gcc/x86_64
              -redhat-linux/10/ld: .libs/m32c-ibld.o: in function `SUBWORDSIHI'
              :
  >> 32859    /var/tmp/sochat1/spack-stage/spack-stage-binutils-2.23.2-22xr5q4w
              tfdsmqx5e6rsfnxdylaejjtg/spack-src/opcodes/../include/cgen/basic-
              ops.h:317: multiple definition of `SUBWORDSIHI'; .libs/m32c-asm.o
              :/var/tmp/sochat1/spack-stage/spack-stage-binutils-2.23.2-22xr5q4
              wtfdsmqx5e6rsfnxdylaejjtg/spack-src/opcodes/../include/cgen/basic
              -ops.h:317: first defined here
     32860    /usr/tce/packages/gcc/gcc-10.2.1/rh/usr/bin/../libexec/gcc/x86_64
              -redhat-linux/10/ld: .libs/m32c-ibld.o: in function `SUBWORDDIQI'
              :
  >> 32861    /var/tmp/sochat1/spack-stage/spack-stage-binutils-2.23.2-22xr5q4w
              tfdsmqx5e6rsfnxdylaejjtg/spack-src/opcodes/../include/cgen/basic-
              ops.h:325: multiple definition of `SUBWORDDIQI'; .libs/m32c-asm.o
              :/var/tmp/sochat1/spack-stage/spack-stage-binutils-2.23.2-22xr5q4
              wtfdsmqx5e6rsfnxdylaejjtg/spack-src/opcodes/../include/cgen/basic
              -ops.h:325: first defined here
     32862    /usr/tce/packages/gcc/gcc-10.2.1/rh/usr/bin/../libexec/gcc/x86_64
              -redhat-linux/10/ld: .libs/m32c-ibld.o: in function `SUBWORDDIHI'
              :
  >> 32863    /var/tmp/sochat1/spack-stage/spack-stage-binutils-2.23.2-22xr5q4w
              tfdsmqx5e6rsfnxdylaejjtg/spack-src/opcodes/../include/cgen/basic-
              ops.h:332: multiple definition of `SUBWORDDIHI'; .libs/m32c-asm.o
              :/var/tmp/sochat1/spack-stage/spack-stage-binutils-2.23.2-22xr5q4
              wtfdsmqx5e6rsfnxdylaejjtg/spack-src/opcodes/../include/cgen/basic
              -ops.h:332: first defined here
     32864    /usr/tce/packages/gcc/gcc-10.2.1/rh/usr/bin/../libexec/gcc/x86_64
              -redhat-linux/10/ld: .libs/m32c-ibld.o: in function `SUBWORDDISI'
              :
  >> 32865    /var/tmp/sochat1/spack-stage/spack-stage-binutils-2.23.2-22xr5q4w
              tfdsmqx5e6rsfnxdylaejjtg/spack-src/opcodes/../include/cgen/basic-
              ops.h:340: multiple definition of `SUBWORDDISI'; .libs/m32c-asm.o
              :/var/tmp/sochat1/spack-stage/spack-stage-binutils-2.23.2-22xr5q4
              wtfdsmqx5e6rsfnxdylaejjtg/spack-src/opcodes/../include/cgen/basic
              -ops.h:340: first defined here
     32866    /usr/tce/packages/gcc/gcc-10.2.1/rh/usr/bin/../libexec/gcc/x86_64
              -redhat-linux/10/ld: .libs/m32c-opc.o: in function `SUBWORDSIQI':
  >> 32867    /var/tmp/sochat1/spack-stage/spack-stage-binutils-2.23.2-22xr5q4w
              tfdsmqx5e6rsfnxdylaejjtg/spack-src/opcodes/../include/cgen/basic-
              ops.h:309: multiple definition of `SUBWORDSIQI'; .libs/m32c-asm.o
              :/var/tmp/sochat1/spack-stage/spack-stage-binutils-2.23.2-22xr5q4
              wtfdsmqx5e6rsfnxdylaejjtg/spack-src/opcodes/../include/cgen/basic
              -ops.h:309: first defined here
     32868    /usr/tce/packages/gcc/gcc-10.2.1/rh/usr/bin/../libexec/gcc/x86_64
              -redhat-linux/10/ld: .libs/m32c-opc.o: in function `SUBWORDSIHI':
  >> 32869    /var/tmp/sochat1/spack-stage/spack-stage-binutils-2.23.2-22xr5q4w
              tfdsmqx5e6rsfnxdylaejjtg/spack-src/opcodes/../include/cgen/basic-
              ops.h:317: multiple definition of `SUBWORDSIHI'; .libs/m32c-asm.o
              :/var/tmp/sochat1/spack-stage/spack-stage-binutils-2.23.2-22xr5q4
              wtfdsmqx5e6rsfnxdylaejjtg/spack-src/opcodes/../include/cgen/basic
              -ops.h:317: first defined here
     32870    /usr/tce/packages/gcc/gcc-10.2.1/rh/usr/bin/../libexec/gcc/x86_64
              -redhat-linux/10/ld: .libs/m32c-opc.o: in function `SUBWORDDIQI':
  >> 32871    /var/tmp/sochat1/spack-stage/spack-stage-binutils-2.23.2-22xr5q4w
              tfdsmqx5e6rsfnxdylaejjtg/spack-src/opcodes/../include/cgen/basic-
              ops.h:325: multiple definition of `SUBWORDDIQI'; .libs/m32c-asm.o
              :/var/tmp/sochat1/spack-stage/spack-stage-binutils-2.23.2-22xr5q4
              wtfdsmqx5e6rsfnxdylaejjtg/spack-src/opcodes/../include/cgen/basic
              -ops.h:325: first defined here
     32872    /usr/tce/packages/gcc/gcc-10.2.1/rh/usr/bin/../libexec/gcc/x86_64
              -redhat-linux/10/ld: .libs/m32c-opc.o: in function `SUBWORDDIHI':
  >> 32873    /var/tmp/sochat1/spack-stage/spack-stage-binutils-2.23.2-22xr5q4w
              tfdsmqx5e6rsfnxdylaejjtg/spack-src/opcodes/../include/cgen/basic-
              ops.h:332: multiple definition of `SUBWORDDIHI'; .libs/m32c-asm.o
              :/var/tmp/sochat1/spack-stage/spack-stage-binutils-2.23.2-22xr5q4
              wtfdsmqx5e6rsfnxdylaejjtg/spack-src/opcodes/../include/cgen/basic
              -ops.h:332: first defined here
     32874    /usr/tce/packages/gcc/gcc-10.2.1/rh/usr/bin/../libexec/gcc/x86_64
              -redhat-linux/10/ld: .libs/m32c-opc.o: in function `SUBWORDDISI':
  >> 32875    /var/tmp/sochat1/spack-stage/spack-stage-binutils-2.23.2-22xr5q4w
              tfdsmqx5e6rsfnxdylaejjtg/spack-src/opcodes/../include/cgen/basic-
              ops.h:340: multiple definition of `SUBWORDDISI'; .libs/m32c-asm.o
              :/var/tmp/sochat1/spack-stage/spack-stage-binutils-2.23.2-22xr5q4
              wtfdsmqx5e6rsfnxdylaejjtg/spack-src/opcodes/../include/cgen/basic
              -ops.h:340: first defined here
  >> 32876    collect2: error: ld returned 1 exit status
  >> 32877    make[4]: *** [libopcodes.la] Error 1
     32878    make[4]: Leaving directory `/tmp/sochat1/spack-stage/spack-stage-
              binutils-2.23.2-22xr5q4wtfdsmqx5e6rsfnxdylaejjtg/spack-src/opcode
              s'
     32879    Making all in po
     32880    make[4]: Entering directory `/tmp/sochat1/spack-stage/spack-stage
              -binutils-2.23.2-22xr5q4wtfdsmqx5e6rsfnxdylaejjtg/spack-src/opcod
              es/po'
     32881    make[4]: Nothing to be done for `all'.
     32882    make[4]: Leaving directory `/tmp/sochat1/spack-stage/spack-stage-
              binutils-2.23.2-22xr5q4wtfdsmqx5e6rsfnxdylaejjtg/spack-src/opcode
              s/po'
  >> 32883    make[3]: *** [all-recursive] Error 1
     32884    make[3]: Leaving directory `/tmp/sochat1/spack-stage/spack-stage-
              binutils-2.23.2-22xr5q4wtfdsmqx5e6rsfnxdylaejjtg/spack-src/opcode
              s'
  >> 32885    make[2]: *** [all] Error 2
     32886    make[2]: Leaving directory `/tmp/sochat1/spack-stage/spack-stage-
              binutils-2.23.2-22xr5q4wtfdsmqx5e6rsfnxdylaejjtg/spack-src/opcode
              s'
  >> 32887    make[1]: *** [all-opcodes] Error 2
     32888    make[1]: Leaving directory `/tmp/sochat1/spack-stage/spack-stage-
              binutils-2.23.2-22xr5q4wtfdsmqx5e6rsfnxdylaejjtg/spack-src'
  >> 32889    make: *** [all] Error 2

See build log for details:
  /var/tmp/sochat1/spack-stage/spack-stage-binutils-2.23.2-22xr5q4wtfdsmqx5e6rsfnxdylaejjtg/spack-build-out.txt

==> Error: ProcessError: Command exited with status 2:
    'make' '-j16' 'V=1'

62 errors found in build log:
     32143    libtool: compile:  /p/vast1/build/spack/lib/spack/env/gcc/gcc -DH
              AVE_CONFIG_H -I. -I/var/tmp/sochat1/spack-stage/spack-stage-binut
              ils-2.20.1-ikqgx6wtmivwcidsop6rtdp56gtnemgu/spack-src/opcodes -I.
               -I/var/tmp/sochat1/spack-stage/spack-stage-binutils-2.20.1-ikqgx
              6wtmivwcidsop6rtdp56gtnemgu/spack-src/opcodes -I../bfd -I/var/tmp
              /sochat1/spack-stage/spack-stage-binutils-2.20.1-ikqgx6wtmivwcids
              op6rtdp56gtnemgu/spack-src/opcodes/../include -I/var/tmp/sochat1/
              spack-stage/spack-stage-binutils-2.20.1-ikqgx6wtmivwcidsop6rtdp56
              gtnemgu/spack-src/opcodes/../bfd -W -Wall -Wstrict-prototypes -Wm
              issing-prototypes -g -O2 -c xc16x-ibld.c -o xc16x-ibld.o >/dev/nu
              ll 2>&1
     32144    libtool: compile:  /p/vast1/build/spack/lib/spack/env/gcc/gcc -DH
              AVE_CONFIG_H -I. -I/var/tmp/sochat1/spack-stage/spack-stage-binut
              ils-2.20.1-ikqgx6wtmivwcidsop6rtdp56gtnemgu/spack-src/opcodes -I.
               -I/var/tmp/sochat1/spack-stage/spack-stage-binutils-2.20.1-ikqgx
              6wtmivwcidsop6rtdp56gtnemgu/spack-src/opcodes -I../bfd -I/var/tmp
              /sochat1/spack-stage/spack-stage-binutils-2.20.1-ikqgx6wtmivwcids
              op6rtdp56gtnemgu/spack-src/opcodes/../include -I/var/tmp/sochat1/
              spack-stage/spack-stage-binutils-2.20.1-ikqgx6wtmivwcidsop6rtdp56
              gtnemgu/spack-src/opcodes/../bfd -W -Wall -Wstrict-prototypes -Wm
              issing-prototypes -g -O2 -c z8k-dis.c -o z8k-dis.o >/dev/null 2>&
              1
     32145    libtool: compile:  /p/vast1/build/spack/lib/spack/env/gcc/gcc -DH
              AVE_CONFIG_H -I. -I/var/tmp/sochat1/spack-stage/spack-stage-binut
              ils-2.20.1-ikqgx6wtmivwcidsop6rtdp56gtnemgu/spack-src/opcodes -I.
               -I/var/tmp/sochat1/spack-stage/spack-stage-binutils-2.20.1-ikqgx
              6wtmivwcidsop6rtdp56gtnemgu/spack-src/opcodes -I../bfd -I/var/tmp
              /sochat1/spack-stage/spack-stage-binutils-2.20.1-ikqgx6wtmivwcids
              op6rtdp56gtnemgu/spack-src/opcodes/../include -I/var/tmp/sochat1/
              spack-stage/spack-stage-binutils-2.20.1-ikqgx6wtmivwcidsop6rtdp56
              gtnemgu/spack-src/opcodes/../bfd -W -Wall -Wstrict-prototypes -Wm
              issing-prototypes -g -O2 -c ppc-opc.c -o ppc-opc.o >/dev/null 2>&
              1
     32146    /bin/sh ./libtool --tag=CC   --mode=link /p/vast1/build/spack/lib
              /spack/env/gcc/gcc -W -Wall -Wstrict-prototypes -Wmissing-prototy
              pes -g -O2  -release `cat ../bfd/libtool-soversion`  -lintl -o li
              bopcodes.la -rpath /p/vast1/build/spack/opt/spack/linux-rhel7-bro
              adwell/gcc-10.2.1/binutils-2.20.1-ikqgx6wtmivwcidsop6rtdp56gtnemg
              u/lib dis-buf.lo disassemble.lo dis-init.lo alpha-dis.lo alpha-op
              c.lo arc-dis.lo arc-ext.lo arc-opc.lo arm-dis.lo avr-dis.lo bfin-
              dis.lo cgen-asm.lo cgen-bitset.lo cgen-dis.lo cgen-opc.lo cr16-di
              s.lo cr16-opc.lo cris-dis.lo cris-opc.lo crx-dis.lo crx-opc.lo d1
              0v-dis.lo d10v-opc.lo d30v-dis.lo d30v-opc.lo dlx-dis.lo fr30-asm
              .lo fr30-desc.lo fr30-dis.lo fr30-ibld.lo fr30-opc.lo frv-asm.lo 
              frv-desc.lo frv-dis.lo frv-ibld.lo frv-opc.lo h8300-dis.lo h8500-
              dis.lo hppa-dis.lo i370-dis.lo i370-opc.lo i386-dis.lo i386-opc.l
              o i860-dis.lo i960-dis.lo ia64-dis.lo ia64-opc.lo ip2k-asm.lo ip2
              k-desc.lo ip2k-dis.lo ip2k-ibld.lo ip2k-opc.lo iq2000-asm.lo iq20
              00-desc.lo iq2000-dis.lo iq2000-ibld.lo iq2000-opc.lo lm32-asm.lo
               lm32-desc.lo lm32-dis.lo lm32-ibld.lo lm32-opc.lo lm32-opinst.lo
               m10200-dis.lo m10200-opc.lo m10300-dis.lo m10300-opc.lo m32c-asm
              .lo m32c-desc.lo m32c-dis.lo m32c-ibld.lo m32c-opc.lo m32r-asm.lo
               m32r-desc.lo m32r-dis.lo m32r-ibld.lo m32r-opc.lo m32r-opinst.lo
               m68hc11-dis.lo m68hc11-opc.lo m68k-dis.lo m68k-opc.lo m88k-dis.l
              o maxq-dis.lo mcore-dis.lo mep-asm.lo mep-desc.lo mep-dis.lo mep-
              ibld.lo mep-opc.lo microblaze-dis.lo mips-dis.lo mips-opc.lo mips
              16-opc.lo mmix-dis.lo mmix-opc.lo moxie-dis.lo moxie-opc.lo msp43
              0-dis.lo mt-asm.lo mt-desc.lo mt-dis.lo mt-ibld.lo mt-opc.lo ns32
              k-dis.lo openrisc-asm.lo openrisc-desc.lo openrisc-dis.lo openris
              c-ibld.lo openrisc-opc.lo or32-dis.lo or32-opc.lo pdp11-dis.lo pd
              p11-opc.lo pj-dis.lo pj-opc.lo ppc-dis.lo ppc-opc.lo s390-dis.lo 
              s390-opc.lo score-dis.lo score7-dis.lo sh-dis.lo sh64-dis.lo sh64
              -opc.lo sparc-dis.lo sparc-opc.lo spu-dis.lo spu-opc.lo tic30-dis
              .lo tic4x-dis.lo tic54x-dis.lo tic54x-opc.lo tic80-dis.lo tic80-o
              pc.lo v850-dis.lo v850-opc.lo vax-dis.lo w65-dis.lo xc16x-asm.lo 
              xc16x-desc.lo xc16x-dis.lo xc16x-ibld.lo xc16x-opc.lo xstormy16-a
              sm.lo xstormy16-desc.lo xstormy16-dis.lo xstormy16-ibld.lo xstorm
              y16-opc.lo xtensa-dis.lo z80-dis.lo z8k-dis.lo -Wl,/tmp/sochat1/s
              pack-stage/spack-stage-binutils-2.20.1-ikqgx6wtmivwcidsop6rtdp56g
              tnemgu/spack-src/opcodes/../bfd/.libs/libbfd.so -L/tmp/sochat1/sp
              ack-stage/spack-stage-binutils-2.20.1-ikqgx6wtmivwcidsop6rtdp56gt
              nemgu/spack-src/opcodes/../libiberty/pic -liberty -Wl,-lc,--as-ne
              eded,-lm,--no-as-needed
     32147    libtool: link: /p/vast1/build/spack/lib/spack/env/gcc/gcc -shared
                .libs/dis-buf.o .libs/disassemble.o .libs/dis-init.o .libs/alph
              a-dis.o .libs/alpha-opc.o .libs/arc-dis.o .libs/arc-ext.o .libs/a
              rc-opc.o .libs/arm-dis.o .libs/avr-dis.o .libs/bfin-dis.o .libs/c
              gen-asm.o .libs/cgen-bitset.o .libs/cgen-dis.o .libs/cgen-opc.o .
              libs/cr16-dis.o .libs/cr16-opc.o .libs/cris-dis.o .libs/cris-opc.
              o .libs/crx-dis.o .libs/crx-opc.o .libs/d10v-dis.o .libs/d10v-opc
              .o .libs/d30v-dis.o .libs/d30v-opc.o .libs/dlx-dis.o .libs/fr30-a
              sm.o .libs/fr30-desc.o .libs/fr30-dis.o .libs/fr30-ibld.o .libs/f
              r30-opc.o .libs/frv-asm.o .libs/frv-desc.o .libs/frv-dis.o .libs/
              frv-ibld.o .libs/frv-opc.o .libs/h8300-dis.o .libs/h8500-dis.o .l
              ibs/hppa-dis.o .libs/i370-dis.o .libs/i370-opc.o .libs/i386-dis.o
               .libs/i386-opc.o .libs/i860-dis.o .libs/i960-dis.o .libs/ia64-di
              s.o .libs/ia64-opc.o .libs/ip2k-asm.o .libs/ip2k-desc.o .libs/ip2
              k-dis.o .libs/ip2k-ibld.o .libs/ip2k-opc.o .libs/iq2000-asm.o .li
              bs/iq2000-desc.o .libs/iq2000-dis.o .libs/iq2000-ibld.o .libs/iq2
              000-opc.o .libs/lm32-asm.o .libs/lm32-desc.o .libs/lm32-dis.o .li
              bs/lm32-ibld.o .libs/lm32-opc.o .libs/lm32-opinst.o .libs/m10200-
              dis.o .libs/m10200-opc.o .libs/m10300-dis.o .libs/m10300-opc.o .l
              ibs/m32c-asm.o .libs/m32c-desc.o .libs/m32c-dis.o .libs/m32c-ibld
              .o .libs/m32c-opc.o .libs/m32r-asm.o .libs/m32r-desc.o .libs/m32r
              -dis.o .libs/m32r-ibld.o .libs/m32r-opc.o .libs/m32r-opinst.o .li
              bs/m68hc11-dis.o .libs/m68hc11-opc.o .libs/m68k-dis.o .libs/m68k-
              opc.o .libs/m88k-dis.o .libs/maxq-dis.o .libs/mcore-dis.o .libs/m
              ep-asm.o .libs/mep-desc.o .libs/mep-dis.o .libs/mep-ibld.o .libs/
              mep-opc.o .libs/microblaze-dis.o .libs/mips-dis.o .libs/mips-opc.
              o .libs/mips16-opc.o .libs/mmix-dis.o .libs/mmix-opc.o .libs/moxi
              e-dis.o .libs/moxie-opc.o .libs/msp430-dis.o .libs/mt-asm.o .libs
              /mt-desc.o .libs/mt-dis.o .libs/mt-ibld.o .libs/mt-opc.o .libs/ns
              32k-dis.o .libs/openrisc-asm.o .libs/openrisc-desc.o .libs/openri
              sc-dis.o .libs/openrisc-ibld.o .libs/openrisc-opc.o .libs/or32-di
              s.o .libs/or32-opc.o .libs/pdp11-dis.o .libs/pdp11-opc.o .libs/pj
              -dis.o .libs/pj-opc.o .libs/ppc-dis.o .libs/ppc-opc.o .libs/s390-
              dis.o .libs/s390-opc.o .libs/score-dis.o .libs/score7-dis.o .libs
              /sh-dis.o .libs/sh64-dis.o .libs/sh64-opc.o .libs/sparc-dis.o .li
              bs/sparc-opc.o .libs/spu-dis.o .libs/spu-opc.o .libs/tic30-dis.o 
              .libs/tic4x-dis.o .libs/tic54x-dis.o .libs/tic54x-opc.o .libs/tic
              80-dis.o .libs/tic80-opc.o .libs/v850-dis.o .libs/v850-opc.o .lib
              s/vax-dis.o .libs/w65-dis.o .libs/xc16x-asm.o .libs/xc16x-desc.o 
              .libs/xc16x-dis.o .libs/xc16x-ibld.o .libs/xc16x-opc.o .libs/xsto
              rmy16-asm.o .libs/xstormy16-desc.o .libs/xstormy16-dis.o .libs/xs
              tormy16-ibld.o .libs/xstormy16-opc.o .libs/xtensa-dis.o .libs/z80
              -dis.o .libs/z8k-dis.o   -lintl -L/tmp/sochat1/spack-stage/spack-
              stage-binutils-2.20.1-ikqgx6wtmivwcidsop6rtdp56gtnemgu/spack-src/
              opcodes/../libiberty/pic -liberty  -Wl,/tmp/sochat1/spack-stage/s
              pack-stage-binutils-2.20.1-ikqgx6wtmivwcidsop6rtdp56gtnemgu/spack
              -src/opcodes/../bfd/.libs/libbfd.so -Wl,-lc -Wl,--as-needed -Wl,-
              lm -Wl,--no-as-needed   -Wl,-soname -Wl,libopcodes-2.20.1.2010030
              3.so -o .libs/libopcodes-2.20.1.20100303.so
     32148    /usr/tce/packages/gcc/gcc-10.2.1/rh/usr/bin/../libexec/gcc/x86_64
              -redhat-linux/10/ld: .libs/m32c-desc.o: in function `SUBWORDSISF'
              :
  >> 32149    /tmp/sochat1/spack-stage/spack-stage-binutils-2.20.1-ikqgx6wtmivw
              cidsop6rtdp56gtnemgu/spack-src/opcodes/cgen-ops.h:322: multiple d
              efinition of `SUBWORDSISF'; .libs/m32c-asm.o:/tmp/sochat1/spack-s
              tage/spack-stage-binutils-2.20.1-ikqgx6wtmivwcidsop6rtdp56gtnemgu
              /spack-src/opcodes/cgen-ops.h:322: first defined here
     32150    /usr/tce/packages/gcc/gcc-10.2.1/rh/usr/bin/../libexec/gcc/x86_64
              -redhat-linux/10/ld: .libs/m32c-desc.o: in function `SUBWORDDIDF'
              :
  >> 32151    /tmp/sochat1/spack-stage/spack-stage-binutils-2.20.1-ikqgx6wtmivw
              cidsop6rtdp56gtnemgu/spack-src/opcodes/cgen-ops.h:330: multiple d
              efinition of `SUBWORDDIDF'; .libs/m32c-asm.o:/tmp/sochat1/spack-s
              tage/spack-stage-binutils-2.20.1-ikqgx6wtmivwcidsop6rtdp56gtnemgu
              /spack-src/opcodes/cgen-ops.h:330: first defined here
     32152    /usr/tce/packages/gcc/gcc-10.2.1/rh/usr/bin/../libexec/gcc/x86_64
              -redhat-linux/10/ld: .libs/m32c-desc.o: in function `SUBWORDSIQI'
              :
  >> 32153    /tmp/sochat1/spack-stage/spack-stage-binutils-2.20.1-ikqgx6wtmivw
              cidsop6rtdp56gtnemgu/spack-src/opcodes/cgen-ops.h:336: multiple d
              efinition of `SUBWORDSIQI'; .libs/m32c-asm.o:/tmp/sochat1/spack-s
              tage/spack-stage-binutils-2.20.1-ikqgx6wtmivwcidsop6rtdp56gtnemgu
              /spack-src/opcodes/cgen-ops.h:336: first defined here
     32154    /usr/tce/packages/gcc/gcc-10.2.1/rh/usr/bin/../libexec/gcc/x86_64
              -redhat-linux/10/ld: .libs/m32c-desc.o: in function `SUBWORDSIUQI
              ':
  >> 32155    /tmp/sochat1/spack-stage/spack-stage-binutils-2.20.1-ikqgx6wtmivw
              cidsop6rtdp56gtnemgu/spack-src/opcodes/cgen-ops.h:343: multiple d
              efinition of `SUBWORDSIUQI'; .libs/m32c-asm.o:/tmp/sochat1/spack-
              stage/spack-stage-binutils-2.20.1-ikqgx6wtmivwcidsop6rtdp56gtnemg
              u/spack-src/opcodes/cgen-ops.h:343: first defined here
     32156    /usr/tce/packages/gcc/gcc-10.2.1/rh/usr/bin/../libexec/gcc/x86_64
              -redhat-linux/10/ld: .libs/m32c-desc.o: in function `SUBWORDDIQI'
              :
  >> 32157    /tmp/sochat1/spack-stage/spack-stage-binutils-2.20.1-ikqgx6wtmivw
              cidsop6rtdp56gtnemgu/spack-src/opcodes/cgen-ops.h:350: multiple d
              efinition of `SUBWORDDIQI'; .libs/m32c-asm.o:/tmp/sochat1/spack-s
              tage/spack-stage-binutils-2.20.1-ikqgx6wtmivwcidsop6rtdp56gtnemgu
              /spack-src/opcodes/cgen-ops.h:350: first defined here
     32158    /usr/tce/packages/gcc/gcc-10.2.1/rh/usr/bin/../libexec/gcc/x86_64
              -redhat-linux/10/ld: .libs/m32c-desc.o: in function `SUBWORDDIHI'
              :
  >> 32159    /tmp/sochat1/spack-stage/spack-stage-binutils-2.20.1-ikqgx6wtmivw
              cidsop6rtdp56gtnemgu/spack-src/opcodes/cgen-ops.h:357: multiple d
              efinition of `SUBWORDDIHI'; .libs/m32c-asm.o:/tmp/sochat1/spack-s
              tage/spack-stage-binutils-2.20.1-ikqgx6wtmivwcidsop6rtdp56gtnemgu
              /spack-src/opcodes/cgen-ops.h:357: first defined here
     32160    /usr/tce/packages/gcc/gcc-10.2.1/rh/usr/bin/../libexec/gcc/x86_64
              -redhat-linux/10/ld: .libs/m32c-desc.o: in function `SUBWORDSIHI'
              :
  >> 32161    /tmp/sochat1/spack-stage/spack-stage-binutils-2.20.1-ikqgx6wtmivw
              cidsop6rtdp56gtnemgu/spack-src/opcodes/cgen-ops.h:365: multiple d
              efinition of `SUBWORDSIHI'; .libs/m32c-asm.o:/tmp/sochat1/spack-s
              tage/spack-stage-binutils-2.20.1-ikqgx6wtmivwcidsop6rtdp56gtnemgu
              /spack-src/opcodes/cgen-ops.h:365: first defined here
     32162    /usr/tce/packages/gcc/gcc-10.2.1/rh/usr/bin/../libexec/gcc/x86_64
              -redhat-linux/10/ld: .libs/m32c-desc.o: in function `SUBWORDSFSI'
              :
  >> 32163    /tmp/sochat1/spack-stage/spack-stage-binutils-2.20.1-ikqgx6wtmivw
              cidsop6rtdp56gtnemgu/spack-src/opcodes/cgen-ops.h:375: multiple d
              efinition of `SUBWORDSFSI'; .libs/m32c-asm.o:/tmp/sochat1/spack-s
              tage/spack-stage-binutils-2.20.1-ikqgx6wtmivwcidsop6rtdp56gtnemgu
              /spack-src/opcodes/cgen-ops.h:375: first defined here
     32164    /usr/tce/packages/gcc/gcc-10.2.1/rh/usr/bin/../libexec/gcc/x86_64
              -redhat-linux/10/ld: .libs/m32c-desc.o: in function `SUBWORDDFDI'
              :
  >> 32165    /tmp/sochat1/spack-stage/spack-stage-binutils-2.20.1-ikqgx6wtmivw
              cidsop6rtdp56gtnemgu/spack-src/opcodes/cgen-ops.h:383: multiple d
              efinition of `SUBWORDDFDI'; .libs/m32c-asm.o:/tmp/sochat1/spack-s
              tage/spack-stage-binutils-2.20.1-ikqgx6wtmivwcidsop6rtdp56gtnemgu
              /spack-src/opcodes/cgen-ops.h:383: first defined here
     32166    /usr/tce/packages/gcc/gcc-10.2.1/rh/usr/bin/../libexec/gcc/x86_64
              -redhat-linux/10/ld: .libs/m32c-desc.o: in function `SUBWORDDIUQI
              ':
  >> 32167    /tmp/sochat1/spack-stage/spack-stage-binutils-2.20.1-ikqgx6wtmivw
              cidsop6rtdp56gtnemgu/spack-src/opcodes/cgen-ops.h:389: multiple d
              efinition of `SUBWORDDIUQI'; .libs/m32c-asm.o:/tmp/sochat1/spack-
              stage/spack-stage-binutils-2.20.1-ikqgx6wtmivwcidsop6rtdp56gtnemg
              u/spack-src/opcodes/cgen-ops.h:389: first defined here
     32168    /usr/tce/packages/gcc/gcc-10.2.1/rh/usr/bin/../libexec/gcc/x86_64
              -redhat-linux/10/ld: .libs/m32c-desc.o: in function `SUBWORDDISI'
              :
  >> 32169    /tmp/sochat1/spack-stage/spack-stage-binutils-2.20.1-ikqgx6wtmivw
              cidsop6rtdp56gtnemgu/spack-src/opcodes/cgen-ops.h:397: multiple d
              efinition of `SUBWORDDISI'; .libs/m32c-asm.o:/tmp/sochat1/spack-s
              tage/spack-stage-binutils-2.20.1-ikqgx6wtmivwcidsop6rtdp56gtnemgu
              /spack-src/opcodes/cgen-ops.h:397: first defined here
     32170    /usr/tce/packages/gcc/gcc-10.2.1/rh/usr/bin/../libexec/gcc/x86_64
              -redhat-linux/10/ld: .libs/m32c-desc.o: in function `SUBWORDDFSI'
              :
  >> 32171    /tmp/sochat1/spack-stage/spack-stage-binutils-2.20.1-ikqgx6wtmivw
              cidsop6rtdp56gtnemgu/spack-src/opcodes/cgen-ops.h:406: multiple d
              efinition of `SUBWORDDFSI'; .libs/m32c-asm.o:/tmp/sochat1/spack-s
              tage/spack-stage-binutils-2.20.1-ikqgx6wtmivwcidsop6rtdp56gtnemgu
              /spack-src/opcodes/cgen-ops.h:406: first defined here
     32172    /usr/tce/packages/gcc/gcc-10.2.1/rh/usr/bin/../libexec/gcc/x86_64
              -redhat-linux/10/ld: .libs/m32c-desc.o: in function `SUBWORDXFSI'
              :
  >> 32173    /tmp/sochat1/spack-stage/spack-stage-binutils-2.20.1-ikqgx6wtmivw
              cidsop6rtdp56gtnemgu/spack-src/opcodes/cgen-ops.h:417: multiple d
              efinition of `SUBWORDXFSI'; .libs/m32c-asm.o:/tmp/sochat1/spack-s
              tage/spack-stage-binutils-2.20.1-ikqgx6wtmivwcidsop6rtdp56gtnemgu
              /spack-src/opcodes/cgen-ops.h:417: first defined here
     32174    /usr/tce/packages/gcc/gcc-10.2.1/rh/usr/bin/../libexec/gcc/x86_64
              -redhat-linux/10/ld: .libs/m32c-desc.o: in function `SUBWORDTFSI'
              :
  >> 32175    /tmp/sochat1/spack-stage/spack-stage-binutils-2.20.1-ikqgx6wtmivw
              cidsop6rtdp56gtnemgu/spack-src/opcodes/cgen-ops.h:426: multiple d
              efinition of `SUBWORDTFSI'; .libs/m32c-asm.o:/tmp/sochat1/spack-s
              tage/spack-stage-binutils-2.20.1-ikqgx6wtmivwcidsop6rtdp56gtnemgu
              /spack-src/opcodes/cgen-ops.h:426: first defined here
     32176    /usr/tce/packages/gcc/gcc-10.2.1/rh/usr/bin/../libexec/gcc/x86_64
              -redhat-linux/10/ld: .libs/m32c-dis.o: in function `SUBWORDSISF':
  >> 32177    /tmp/sochat1/spack-stage/spack-stage-binutils-2.20.1-ikqgx6wtmivw
              cidsop6rtdp56gtnemgu/spack-src/opcodes/cgen-ops.h:322: multiple d
              efinition of `SUBWORDSISF'; .libs/m32c-asm.o:/tmp/sochat1/spack-s
              tage/spack-stage-binutils-2.20.1-ikqgx6wtmivwcidsop6rtdp56gtnemgu
              /spack-src/opcodes/cgen-ops.h:322: first defined here
     32178    /usr/tce/packages/gcc/gcc-10.2.1/rh/usr/bin/../libexec/gcc/x86_64
              -redhat-linux/10/ld: .libs/m32c-dis.o: in function `SUBWORDDIDF':
  >> 32179    /tmp/sochat1/spack-stage/spack-stage-binutils-2.20.1-ikqgx6wtmivw
              cidsop6rtdp56gtnemgu/spack-src/opcodes/cgen-ops.h:330: multiple d
              efinition of `SUBWORDDIDF'; .libs/m32c-asm.o:/tmp/sochat1/spack-s
              tage/spack-stage-binutils-2.20.1-ikqgx6wtmivwcidsop6rtdp56gtnemgu
              /spack-src/opcodes/cgen-ops.h:330: first defined here
     32180    /usr/tce/packages/gcc/gcc-10.2.1/rh/usr/bin/../libexec/gcc/x86_64
              -redhat-linux/10/ld: .libs/m32c-dis.o: in function `SUBWORDSIQI':
  >> 32181    /tmp/sochat1/spack-stage/spack-stage-binutils-2.20.1-ikqgx6wtmivw
              cidsop6rtdp56gtnemgu/spack-src/opcodes/cgen-ops.h:336: multiple d
              efinition of `SUBWORDSIQI'; .libs/m32c-asm.o:/tmp/sochat1/spack-s
              tage/spack-stage-binutils-2.20.1-ikqgx6wtmivwcidsop6rtdp56gtnemgu
              /spack-src/opcodes/cgen-ops.h:336: first defined here
     32182    /usr/tce/packages/gcc/gcc-10.2.1/rh/usr/bin/../libexec/gcc/x86_64
              -redhat-linux/10/ld: .libs/m32c-dis.o: in function `SUBWORDSIUQI'
              :
  >> 32183    /tmp/sochat1/spack-stage/spack-stage-binutils-2.20.1-ikqgx6wtmivw
              cidsop6rtdp56gtnemgu/spack-src/opcodes/cgen-ops.h:343: multiple d
              efinition of `SUBWORDSIUQI'; .libs/m32c-asm.o:/tmp/sochat1/spack-
              stage/spack-stage-binutils-2.20.1-ikqgx6wtmivwcidsop6rtdp56gtnemg
              u/spack-src/opcodes/cgen-ops.h:343: first defined here
     32184    /usr/tce/packages/gcc/gcc-10.2.1/rh/usr/bin/../libexec/gcc/x86_64
              -redhat-linux/10/ld: .libs/m32c-dis.o: in function `SUBWORDDIQI':
  >> 32185    /tmp/sochat1/spack-stage/spack-stage-binutils-2.20.1-ikqgx6wtmivw
              cidsop6rtdp56gtnemgu/spack-src/opcodes/cgen-ops.h:350: multiple d
              efinition of `SUBWORDDIQI'; .libs/m32c-asm.o:/tmp/sochat1/spack-s
              tage/spack-stage-binutils-2.20.1-ikqgx6wtmivwcidsop6rtdp56gtnemgu
              /spack-src/opcodes/cgen-ops.h:350: first defined here
     32186    /usr/tce/packages/gcc/gcc-10.2.1/rh/usr/bin/../libexec/gcc/x86_64
              -redhat-linux/10/ld: .libs/m32c-dis.o: in function `SUBWORDDIHI':
  >> 32187    /tmp/sochat1/spack-stage/spack-stage-binutils-2.20.1-ikqgx6wtmivw
              cidsop6rtdp56gtnemgu/spack-src/opcodes/cgen-ops.h:357: multiple d
              efinition of `SUBWORDDIHI'; .libs/m32c-asm.o:/tmp/sochat1/spack-s
              tage/spack-stage-binutils-2.20.1-ikqgx6wtmivwcidsop6rtdp56gtnemgu
              /spack-src/opcodes/cgen-ops.h:357: first defined here
     32188    /usr/tce/packages/gcc/gcc-10.2.1/rh/usr/bin/../libexec/gcc/x86_64
              -redhat-linux/10/ld: .libs/m32c-dis.o: in function `SUBWORDSIHI':
  >> 32189    /tmp/sochat1/spack-stage/spack-stage-binutils-2.20.1-ikqgx6wtmivw
              cidsop6rtdp56gtnemgu/spack-src/opcodes/cgen-ops.h:365: multiple d
              efinition of `SUBWORDSIHI'; .libs/m32c-asm.o:/tmp/sochat1/spack-s
              tage/spack-stage-binutils-2.20.1-ikqgx6wtmivwcidsop6rtdp56gtnemgu
              /spack-src/opcodes/cgen-ops.h:365: first defined here
     32190    /usr/tce/packages/gcc/gcc-10.2.1/rh/usr/bin/../libexec/gcc/x86_64
              -redhat-linux/10/ld: .libs/m32c-dis.o: in function `SUBWORDSFSI':
  >> 32191    /tmp/sochat1/spack-stage/spack-stage-binutils-2.20.1-ikqgx6wtmivw
              cidsop6rtdp56gtnemgu/spack-src/opcodes/cgen-ops.h:375: multiple d
              efinition of `SUBWORDSFSI'; .libs/m32c-asm.o:/tmp/sochat1/spack-s
              tage/spack-stage-binutils-2.20.1-ikqgx6wtmivwcidsop6rtdp56gtnemgu
              /spack-src/opcodes/cgen-ops.h:375: first defined here
     32192    /usr/tce/packages/gcc/gcc-10.2.1/rh/usr/bin/../libexec/gcc/x86_64
              -redhat-linux/10/ld: .libs/m32c-dis.o: in function `SUBWORDDFDI':
  >> 32193    /tmp/sochat1/spack-stage/spack-stage-binutils-2.20.1-ikqgx6wtmivw
              cidsop6rtdp56gtnemgu/spack-src/opcodes/cgen-ops.h:383: multiple d
              efinition of `SUBWORDDFDI'; .libs/m32c-asm.o:/tmp/sochat1/spack-s
              tage/spack-stage-binutils-2.20.1-ikqgx6wtmivwcidsop6rtdp56gtnemgu
              /spack-src/opcodes/cgen-ops.h:383: first defined here
     32194    /usr/tce/packages/gcc/gcc-10.2.1/rh/usr/bin/../libexec/gcc/x86_64
              -redhat-linux/10/ld: .libs/m32c-dis.o: in function `SUBWORDDIUQI'
              :
  >> 32195    /tmp/sochat1/spack-stage/spack-stage-binutils-2.20.1-ikqgx6wtmivw
              cidsop6rtdp56gtnemgu/spack-src/opcodes/cgen-ops.h:389: multiple d
              efinition of `SUBWORDDIUQI'; .libs/m32c-asm.o:/tmp/sochat1/spack-
              stage/spack-stage-binutils-2.20.1-ikqgx6wtmivwcidsop6rtdp56gtnemg
              u/spack-src/opcodes/cgen-ops.h:389: first defined here
     32196    /usr/tce/packages/gcc/gcc-10.2.1/rh/usr/bin/../libexec/gcc/x86_64
              -redhat-linux/10/ld: .libs/m32c-dis.o: in function `SUBWORDDISI':
  >> 32197    /tmp/sochat1/spack-stage/spack-stage-binutils-2.20.1-ikqgx6wtmivw
              cidsop6rtdp56gtnemgu/spack-src/opcodes/cgen-ops.h:397: multiple d
              efinition of `SUBWORDDISI'; .libs/m32c-asm.o:/tmp/sochat1/spack-s
              tage/spack-stage-binutils-2.20.1-ikqgx6wtmivwcidsop6rtdp56gtnemgu
              /spack-src/opcodes/cgen-ops.h:397: first defined here
     32198    /usr/tce/packages/gcc/gcc-10.2.1/rh/usr/bin/../libexec/gcc/x86_64
              -redhat-linux/10/ld: .libs/m32c-dis.o: in function `SUBWORDDFSI':
  >> 32199    /tmp/sochat1/spack-stage/spack-stage-binutils-2.20.1-ikqgx6wtmivw
              cidsop6rtdp56gtnemgu/spack-src/opcodes/cgen-ops.h:406: multiple d
              efinition of `SUBWORDDFSI'; .libs/m32c-asm.o:/tmp/sochat1/spack-s
              tage/spack-stage-binutils-2.20.1-ikqgx6wtmivwcidsop6rtdp56gtnemgu
              /spack-src/opcodes/cgen-ops.h:406: first defined here
     32200    /usr/tce/packages/gcc/gcc-10.2.1/rh/usr/bin/../libexec/gcc/x86_64
              -redhat-linux/10/ld: .libs/m32c-dis.o: in function `SUBWORDXFSI':
  >> 32201    /tmp/sochat1/spack-stage/spack-stage-binutils-2.20.1-ikqgx6wtmivw
              cidsop6rtdp56gtnemgu/spack-src/opcodes/cgen-ops.h:417: multiple d
              efinition of `SUBWORDXFSI'; .libs/m32c-asm.o:/tmp/sochat1/spack-s
              tage/spack-stage-binutils-2.20.1-ikqgx6wtmivwcidsop6rtdp56gtnemgu
              /spack-src/opcodes/cgen-ops.h:417: first defined here
     32202    /usr/tce/packages/gcc/gcc-10.2.1/rh/usr/bin/../libexec/gcc/x86_64
              -redhat-linux/10/ld: .libs/m32c-dis.o: in function `SUBWORDTFSI':
  >> 32203    /tmp/sochat1/spack-stage/spack-stage-binutils-2.20.1-ikqgx6wtmivw
              cidsop6rtdp56gtnemgu/spack-src/opcodes/cgen-ops.h:426: multiple d
              efinition of `SUBWORDTFSI'; .libs/m32c-asm.o:/tmp/sochat1/spack-s
              tage/spack-stage-binutils-2.20.1-ikqgx6wtmivwcidsop6rtdp56gtnemgu
              /spack-src/opcodes/cgen-ops.h:426: first defined here
     32204    /usr/tce/packages/gcc/gcc-10.2.1/rh/usr/bin/../libexec/gcc/x86_64
              -redhat-linux/10/ld: .libs/m32c-ibld.o: in function `SUBWORDSISF'
              :
  >> 32205    /tmp/sochat1/spack-stage/spack-stage-binutils-2.20.1-ikqgx6wtmivw
              cidsop6rtdp56gtnemgu/spack-src/opcodes/cgen-ops.h:322: multiple d
              efinition of `SUBWORDSISF'; .libs/m32c-asm.o:/tmp/sochat1/spack-s
              tage/spack-stage-binutils-2.20.1-ikqgx6wtmivwcidsop6rtdp56gtnemgu
              /spack-src/opcodes/cgen-ops.h:322: first defined here
     32206    /usr/tce/packages/gcc/gcc-10.2.1/rh/usr/bin/../libexec/gcc/x86_64
              -redhat-linux/10/ld: .libs/m32c-ibld.o: in function `SUBWORDDIDF'
              :
  >> 32207    /tmp/sochat1/spack-stage/spack-stage-binutils-2.20.1-ikqgx6wtmivw
              cidsop6rtdp56gtnemgu/spack-src/opcodes/cgen-ops.h:330: multiple d
              efinition of `SUBWORDDIDF'; .libs/m32c-asm.o:/tmp/sochat1/spack-s
              tage/spack-stage-binutils-2.20.1-ikqgx6wtmivwcidsop6rtdp56gtnemgu
              /spack-src/opcodes/cgen-ops.h:330: first defined here
     32208    /usr/tce/packages/gcc/gcc-10.2.1/rh/usr/bin/../libexec/gcc/x86_64
              -redhat-linux/10/ld: .libs/m32c-ibld.o: in function `SUBWORDSIQI'
              :
  >> 32209    /tmp/sochat1/spack-stage/spack-stage-binutils-2.20.1-ikqgx6wtmivw
              cidsop6rtdp56gtnemgu/spack-src/opcodes/cgen-ops.h:336: multiple d
              efinition of `SUBWORDSIQI'; .libs/m32c-asm.o:/tmp/sochat1/spack-s
              tage/spack-stage-binutils-2.20.1-ikqgx6wtmivwcidsop6rtdp56gtnemgu
              /spack-src/opcodes/cgen-ops.h:336: first defined here
     32210    /usr/tce/packages/gcc/gcc-10.2.1/rh/usr/bin/../libexec/gcc/x86_64
              -redhat-linux/10/ld: .libs/m32c-ibld.o: in function `SUBWORDSIUQI
              ':
  >> 32211    /tmp/sochat1/spack-stage/spack-stage-binutils-2.20.1-ikqgx6wtmivw
              cidsop6rtdp56gtnemgu/spack-src/opcodes/cgen-ops.h:343: multiple d
              efinition of `SUBWORDSIUQI'; .libs/m32c-asm.o:/tmp/sochat1/spack-
              stage/spack-stage-binutils-2.20.1-ikqgx6wtmivwcidsop6rtdp56gtnemg
              u/spack-src/opcodes/cgen-ops.h:343: first defined here
     32212    /usr/tce/packages/gcc/gcc-10.2.1/rh/usr/bin/../libexec/gcc/x86_64
              -redhat-linux/10/ld: .libs/m32c-ibld.o: in function `SUBWORDDIQI'
              :
  >> 32213    /tmp/sochat1/spack-stage/spack-stage-binutils-2.20.1-ikqgx6wtmivw
              cidsop6rtdp56gtnemgu/spack-src/opcodes/cgen-ops.h:350: multiple d
              efinition of `SUBWORDDIQI'; .libs/m32c-asm.o:/tmp/sochat1/spack-s
              tage/spack-stage-binutils-2.20.1-ikqgx6wtmivwcidsop6rtdp56gtnemgu
              /spack-src/opcodes/cgen-ops.h:350: first defined here
     32214    /usr/tce/packages/gcc/gcc-10.2.1/rh/usr/bin/../libexec/gcc/x86_64
              -redhat-linux/10/ld: .libs/m32c-ibld.o: in function `SUBWORDDIHI'
              :
  >> 32215    /tmp/sochat1/spack-stage/spack-stage-binutils-2.20.1-ikqgx6wtmivw
              cidsop6rtdp56gtnemgu/spack-src/opcodes/cgen-ops.h:357: multiple d
              efinition of `SUBWORDDIHI'; .libs/m32c-asm.o:/tmp/sochat1/spack-s
              tage/spack-stage-binutils-2.20.1-ikqgx6wtmivwcidsop6rtdp56gtnemgu
              /spack-src/opcodes/cgen-ops.h:357: first defined here
     32216    /usr/tce/packages/gcc/gcc-10.2.1/rh/usr/bin/../libexec/gcc/x86_64
              -redhat-linux/10/ld: .libs/m32c-ibld.o: in function `SUBWORDSIHI'
              :
  >> 32217    /tmp/sochat1/spack-stage/spack-stage-binutils-2.20.1-ikqgx6wtmivw
              cidsop6rtdp56gtnemgu/spack-src/opcodes/cgen-ops.h:365: multiple d
              efinition of `SUBWORDSIHI'; .libs/m32c-asm.o:/tmp/sochat1/spack-s
              tage/spack-stage-binutils-2.20.1-ikqgx6wtmivwcidsop6rtdp56gtnemgu
              /spack-src/opcodes/cgen-ops.h:365: first defined here
     32218    /usr/tce/packages/gcc/gcc-10.2.1/rh/usr/bin/../libexec/gcc/x86_64
              -redhat-linux/10/ld: .libs/m32c-ibld.o: in function `SUBWORDSFSI'
              :
  >> 32219    /tmp/sochat1/spack-stage/spack-stage-binutils-2.20.1-ikqgx6wtmivw
              cidsop6rtdp56gtnemgu/spack-src/opcodes/cgen-ops.h:375: multiple d
              efinition of `SUBWORDSFSI'; .libs/m32c-asm.o:/tmp/sochat1/spack-s
              tage/spack-stage-binutils-2.20.1-ikqgx6wtmivwcidsop6rtdp56gtnemgu
              /spack-src/opcodes/cgen-ops.h:375: first defined here
     32220    /usr/tce/packages/gcc/gcc-10.2.1/rh/usr/bin/../libexec/gcc/x86_64
              -redhat-linux/10/ld: .libs/m32c-ibld.o: in function `SUBWORDDFDI'
              :
  >> 32221    /tmp/sochat1/spack-stage/spack-stage-binutils-2.20.1-ikqgx6wtmivw
              cidsop6rtdp56gtnemgu/spack-src/opcodes/cgen-ops.h:383: multiple d
              efinition of `SUBWORDDFDI'; .libs/m32c-asm.o:/tmp/sochat1/spack-s
              tage/spack-stage-binutils-2.20.1-ikqgx6wtmivwcidsop6rtdp56gtnemgu
              /spack-src/opcodes/cgen-ops.h:383: first defined here
     32222    /usr/tce/packages/gcc/gcc-10.2.1/rh/usr/bin/../libexec/gcc/x86_64
              -redhat-linux/10/ld: .libs/m32c-ibld.o: in function `SUBWORDDIUQI
              ':
  >> 32223    /tmp/sochat1/spack-stage/spack-stage-binutils-2.20.1-ikqgx6wtmivw
              cidsop6rtdp56gtnemgu/spack-src/opcodes/cgen-ops.h:389: multiple d
              efinition of `SUBWORDDIUQI'; .libs/m32c-asm.o:/tmp/sochat1/spack-
              stage/spack-stage-binutils-2.20.1-ikqgx6wtmivwcidsop6rtdp56gtnemg
              u/spack-src/opcodes/cgen-ops.h:389: first defined here
     32224    /usr/tce/packages/gcc/gcc-10.2.1/rh/usr/bin/../libexec/gcc/x86_64
              -redhat-linux/10/ld: .libs/m32c-ibld.o: in function `SUBWORDDISI'
              :
  >> 32225    /tmp/sochat1/spack-stage/spack-stage-binutils-2.20.1-ikqgx6wtmivw
              cidsop6rtdp56gtnemgu/spack-src/opcodes/cgen-ops.h:397: multiple d
              efinition of `SUBWORDDISI'; .libs/m32c-asm.o:/tmp/sochat1/spack-s
              tage/spack-stage-binutils-2.20.1-ikqgx6wtmivwcidsop6rtdp56gtnemgu
              /spack-src/opcodes/cgen-ops.h:397: first defined here
     32226    /usr/tce/packages/gcc/gcc-10.2.1/rh/usr/bin/../libexec/gcc/x86_64
              -redhat-linux/10/ld: .libs/m32c-ibld.o: in function `SUBWORDDFSI'
              :
  >> 32227    /tmp/sochat1/spack-stage/spack-stage-binutils-2.20.1-ikqgx6wtmivw
              cidsop6rtdp56gtnemgu/spack-src/opcodes/cgen-ops.h:406: multiple d
              efinition of `SUBWORDDFSI'; .libs/m32c-asm.o:/tmp/sochat1/spack-s
              tage/spack-stage-binutils-2.20.1-ikqgx6wtmivwcidsop6rtdp56gtnemgu
              /spack-src/opcodes/cgen-ops.h:406: first defined here
     32228    /usr/tce/packages/gcc/gcc-10.2.1/rh/usr/bin/../libexec/gcc/x86_64
              -redhat-linux/10/ld: .libs/m32c-ibld.o: in function `SUBWORDXFSI'
              :
  >> 32229    /tmp/sochat1/spack-stage/spack-stage-binutils-2.20.1-ikqgx6wtmivw
              cidsop6rtdp56gtnemgu/spack-src/opcodes/cgen-ops.h:417: multiple d
              efinition of `SUBWORDXFSI'; .libs/m32c-asm.o:/tmp/sochat1/spack-s
              tage/spack-stage-binutils-2.20.1-ikqgx6wtmivwcidsop6rtdp56gtnemgu
              /spack-src/opcodes/cgen-ops.h:417: first defined here
     32230    /usr/tce/packages/gcc/gcc-10.2.1/rh/usr/bin/../libexec/gcc/x86_64
              -redhat-linux/10/ld: .libs/m32c-ibld.o: in function `SUBWORDTFSI'
              :
  >> 32231    /tmp/sochat1/spack-stage/spack-stage-binutils-2.20.1-ikqgx6wtmivw
              cidsop6rtdp56gtnemgu/spack-src/opcodes/cgen-ops.h:426: multiple d
              efinition of `SUBWORDTFSI'; .libs/m32c-asm.o:/tmp/sochat1/spack-s
              tage/spack-stage-binutils-2.20.1-ikqgx6wtmivwcidsop6rtdp56gtnemgu
              /spack-src/opcodes/cgen-ops.h:426: first defined here
     32232    /usr/tce/packages/gcc/gcc-10.2.1/rh/usr/bin/../libexec/gcc/x86_64
              -redhat-linux/10/ld: .libs/m32c-opc.o: in function `SUBWORDSISF':
  >> 32233    /tmp/sochat1/spack-stage/spack-stage-binutils-2.20.1-ikqgx6wtmivw
              cidsop6rtdp56gtnemgu/spack-src/opcodes/cgen-ops.h:322: multiple d
              efinition of `SUBWORDSISF'; .libs/m32c-asm.o:/tmp/sochat1/spack-s
              tage/spack-stage-binutils-2.20.1-ikqgx6wtmivwcidsop6rtdp56gtnemgu
              /spack-src/opcodes/cgen-ops.h:322: first defined here
     32234    /usr/tce/packages/gcc/gcc-10.2.1/rh/usr/bin/../libexec/gcc/x86_64
              -redhat-linux/10/ld: .libs/m32c-opc.o: in function `SUBWORDDIDF':
  >> 32235    /tmp/sochat1/spack-stage/spack-stage-binutils-2.20.1-ikqgx6wtmivw
              cidsop6rtdp56gtnemgu/spack-src/opcodes/cgen-ops.h:330: multiple d
              efinition of `SUBWORDDIDF'; .libs/m32c-asm.o:/tmp/sochat1/spack-s
              tage/spack-stage-binutils-2.20.1-ikqgx6wtmivwcidsop6rtdp56gtnemgu
              /spack-src/opcodes/cgen-ops.h:330: first defined here
     32236    /usr/tce/packages/gcc/gcc-10.2.1/rh/usr/bin/../libexec/gcc/x86_64
              -redhat-linux/10/ld: .libs/m32c-opc.o: in function `SUBWORDSIQI':
  >> 32237    /tmp/sochat1/spack-stage/spack-stage-binutils-2.20.1-ikqgx6wtmivw
              cidsop6rtdp56gtnemgu/spack-src/opcodes/cgen-ops.h:336: multiple d
              efinition of `SUBWORDSIQI'; .libs/m32c-asm.o:/tmp/sochat1/spack-s
              tage/spack-stage-binutils-2.20.1-ikqgx6wtmivwcidsop6rtdp56gtnemgu
              /spack-src/opcodes/cgen-ops.h:336: first defined here
     32238    /usr/tce/packages/gcc/gcc-10.2.1/rh/usr/bin/../libexec/gcc/x86_64
              -redhat-linux/10/ld: .libs/m32c-opc.o: in function `SUBWORDSIUQI'
              :
  >> 32239    /tmp/sochat1/spack-stage/spack-stage-binutils-2.20.1-ikqgx6wtmivw
              cidsop6rtdp56gtnemgu/spack-src/opcodes/cgen-ops.h:343: multiple d
              efinition of `SUBWORDSIUQI'; .libs/m32c-asm.o:/tmp/sochat1/spack-
              stage/spack-stage-binutils-2.20.1-ikqgx6wtmivwcidsop6rtdp56gtnemg
              u/spack-src/opcodes/cgen-ops.h:343: first defined here
     32240    /usr/tce/packages/gcc/gcc-10.2.1/rh/usr/bin/../libexec/gcc/x86_64
              -redhat-linux/10/ld: .libs/m32c-opc.o: in function `SUBWORDDIQI':
  >> 32241    /tmp/sochat1/spack-stage/spack-stage-binutils-2.20.1-ikqgx6wtmivw
              cidsop6rtdp56gtnemgu/spack-src/opcodes/cgen-ops.h:350: multiple d
              efinition of `SUBWORDDIQI'; .libs/m32c-asm.o:/tmp/sochat1/spack-s
              tage/spack-stage-binutils-2.20.1-ikqgx6wtmivwcidsop6rtdp56gtnemgu
              /spack-src/opcodes/cgen-ops.h:350: first defined here
     32242    /usr/tce/packages/gcc/gcc-10.2.1/rh/usr/bin/../libexec/gcc/x86_64
              -redhat-linux/10/ld: .libs/m32c-opc.o: in function `SUBWORDDIHI':
  >> 32243    /tmp/sochat1/spack-stage/spack-stage-binutils-2.20.1-ikqgx6wtmivw
              cidsop6rtdp56gtnemgu/spack-src/opcodes/cgen-ops.h:357: multiple d
              efinition of `SUBWORDDIHI'; .libs/m32c-asm.o:/tmp/sochat1/spack-s
              tage/spack-stage-binutils-2.20.1-ikqgx6wtmivwcidsop6rtdp56gtnemgu
              /spack-src/opcodes/cgen-ops.h:357: first defined here
     32244    /usr/tce/packages/gcc/gcc-10.2.1/rh/usr/bin/../libexec/gcc/x86_64
              -redhat-linux/10/ld: .libs/m32c-opc.o: in function `SUBWORDSIHI':
  >> 32245    /tmp/sochat1/spack-stage/spack-stage-binutils-2.20.1-ikqgx6wtmivw
              cidsop6rtdp56gtnemgu/spack-src/opcodes/cgen-ops.h:365: multiple d
              efinition of `SUBWORDSIHI'; .libs/m32c-asm.o:/tmp/sochat1/spack-s
              tage/spack-stage-binutils-2.20.1-ikqgx6wtmivwcidsop6rtdp56gtnemgu
              /spack-src/opcodes/cgen-ops.h:365: first defined here
     32246    /usr/tce/packages/gcc/gcc-10.2.1/rh/usr/bin/../libexec/gcc/x86_64
              -redhat-linux/10/ld: .libs/m32c-opc.o: in function `SUBWORDSFSI':
  >> 32247    /tmp/sochat1/spack-stage/spack-stage-binutils-2.20.1-ikqgx6wtmivw
              cidsop6rtdp56gtnemgu/spack-src/opcodes/cgen-ops.h:375: multiple d
              efinition of `SUBWORDSFSI'; .libs/m32c-asm.o:/tmp/sochat1/spack-s
              tage/spack-stage-binutils-2.20.1-ikqgx6wtmivwcidsop6rtdp56gtnemgu
              /spack-src/opcodes/cgen-ops.h:375: first defined here
     32248    /usr/tce/packages/gcc/gcc-10.2.1/rh/usr/bin/../libexec/gcc/x86_64
              -redhat-linux/10/ld: .libs/m32c-opc.o: in function `SUBWORDDFDI':
  >> 32249    /tmp/sochat1/spack-stage/spack-stage-binutils-2.20.1-ikqgx6wtmivw
              cidsop6rtdp56gtnemgu/spack-src/opcodes/cgen-ops.h:383: multiple d
              efinition of `SUBWORDDFDI'; .libs/m32c-asm.o:/tmp/sochat1/spack-s
              tage/spack-stage-binutils-2.20.1-ikqgx6wtmivwcidsop6rtdp56gtnemgu
              /spack-src/opcodes/cgen-ops.h:383: first defined here
     32250    /usr/tce/packages/gcc/gcc-10.2.1/rh/usr/bin/../libexec/gcc/x86_64
              -redhat-linux/10/ld: .libs/m32c-opc.o: in function `SUBWORDDIUQI'
              :
  >> 32251    /tmp/sochat1/spack-stage/spack-stage-binutils-2.20.1-ikqgx6wtmivw
              cidsop6rtdp56gtnemgu/spack-src/opcodes/cgen-ops.h:389: multiple d
              efinition of `SUBWORDDIUQI'; .libs/m32c-asm.o:/tmp/sochat1/spack-
              stage/spack-stage-binutils-2.20.1-ikqgx6wtmivwcidsop6rtdp56gtnemg
              u/spack-src/opcodes/cgen-ops.h:389: first defined here
     32252    /usr/tce/packages/gcc/gcc-10.2.1/rh/usr/bin/../libexec/gcc/x86_64
              -redhat-linux/10/ld: .libs/m32c-opc.o: in function `SUBWORDDISI':
  >> 32253    /tmp/sochat1/spack-stage/spack-stage-binutils-2.20.1-ikqgx6wtmivw
              cidsop6rtdp56gtnemgu/spack-src/opcodes/cgen-ops.h:397: multiple d
              efinition of `SUBWORDDISI'; .libs/m32c-asm.o:/tmp/sochat1/spack-s
              tage/spack-stage-binutils-2.20.1-ikqgx6wtmivwcidsop6rtdp56gtnemgu
              /spack-src/opcodes/cgen-ops.h:397: first defined here
     32254    /usr/tce/packages/gcc/gcc-10.2.1/rh/usr/bin/../libexec/gcc/x86_64
              -redhat-linux/10/ld: .libs/m32c-opc.o: in function `SUBWORDDFSI':
  >> 32255    /tmp/sochat1/spack-stage/spack-stage-binutils-2.20.1-ikqgx6wtmivw
              cidsop6rtdp56gtnemgu/spack-src/opcodes/cgen-ops.h:406: multiple d
              efinition of `SUBWORDDFSI'; .libs/m32c-asm.o:/tmp/sochat1/spack-s
              tage/spack-stage-binutils-2.20.1-ikqgx6wtmivwcidsop6rtdp56gtnemgu
              /spack-src/opcodes/cgen-ops.h:406: first defined here
     32256    /usr/tce/packages/gcc/gcc-10.2.1/rh/usr/bin/../libexec/gcc/x86_64
              -redhat-linux/10/ld: .libs/m32c-opc.o: in function `SUBWORDXFSI':
  >> 32257    /tmp/sochat1/spack-stage/spack-stage-binutils-2.20.1-ikqgx6wtmivw
              cidsop6rtdp56gtnemgu/spack-src/opcodes/cgen-ops.h:417: multiple d
              efinition of `SUBWORDXFSI'; .libs/m32c-asm.o:/tmp/sochat1/spack-s
              tage/spack-stage-binutils-2.20.1-ikqgx6wtmivwcidsop6rtdp56gtnemgu
              /spack-src/opcodes/cgen-ops.h:417: first defined here
     32258    /usr/tce/packages/gcc/gcc-10.2.1/rh/usr/bin/../libexec/gcc/x86_64
              -redhat-linux/10/ld: .libs/m32c-opc.o: in function `SUBWORDTFSI':
  >> 32259    /tmp/sochat1/spack-stage/spack-stage-binutils-2.20.1-ikqgx6wtmivw
              cidsop6rtdp56gtnemgu/spack-src/opcodes/cgen-ops.h:426: multiple d
              efinition of `SUBWORDTFSI'; .libs/m32c-asm.o:/tmp/sochat1/spack-s
              tage/spack-stage-binutils-2.20.1-ikqgx6wtmivwcidsop6rtdp56gtnemgu
              /spack-src/opcodes/cgen-ops.h:426: first defined here
  >> 32260    collect2: error: ld returned 1 exit status
  >> 32261    make[4]: *** [libopcodes.la] Error 1
     32262    make[4]: Leaving directory `/tmp/sochat1/spack-stage/spack-stage-
              binutils-2.20.1-ikqgx6wtmivwcidsop6rtdp56gtnemgu/spack-src/opcode
              s'
     32263    Making all in po
     32264    make[4]: Entering directory `/tmp/sochat1/spack-stage/spack-stage
              -binutils-2.20.1-ikqgx6wtmivwcidsop6rtdp56gtnemgu/spack-src/opcod
              es/po'
     32265    make[4]: Nothing to be done for `all'.
     32266    make[4]: Leaving directory `/tmp/sochat1/spack-stage/spack-stage-
              binutils-2.20.1-ikqgx6wtmivwcidsop6rtdp56gtnemgu/spack-src/opcode
              s/po'
  >> 32267    make[3]: *** [all-recursive] Error 1
     32268    make[3]: Leaving directory `/tmp/sochat1/spack-stage/spack-stage-
              binutils-2.20.1-ikqgx6wtmivwcidsop6rtdp56gtnemgu/spack-src/opcode
              s'
  >> 32269    make[2]: *** [all] Error 2
     32270    make[2]: Leaving directory `/tmp/sochat1/spack-stage/spack-stage-
              binutils-2.20.1-ikqgx6wtmivwcidsop6rtdp56gtnemgu/spack-src/opcode
              s'
  >> 32271    make[1]: *** [all-opcodes] Error 2
     32272    make[1]: Leaving directory `/tmp/sochat1/spack-stage/spack-stage-
              binutils-2.20.1-ikqgx6wtmivwcidsop6rtdp56gtnemgu/spack-src'
  >> 32273    make: *** [all] Error 2

See build log for details:
  /var/tmp/sochat1/spack-stage/spack-stage-binutils-2.20.1-ikqgx6wtmivwcidsop6rtdp56gtnemgu/spack-build-out.txt

Making predictions for spack-test
Making predictions for symbolator
Making predictions for libabigail
abicompat not found on path, will look for spack instead.
Making predictions for actual
