==> Warning: Missing a source id for hpctoolkit@develop
==> Warning: Missing a source id for gotcha@develop
==> Warning: Missing a source id for hpctoolkit@develop
==> Warning: Missing a source id for gotcha@master
==> Warning: Missing a source id for hpctoolkit@develop
==> Warning: Missing a source id for hpctoolkit@develop
==> Warning: Missing a source id for hpctoolkit@develop
==> Warning: Missing a source id for hpctoolkit@develop
Making predictions for symbolator
Making predictions for libabigail
Making predictions for actual
/var/spool/slurmd/job100336/slurm_script: line 12:  8845 Killed                  spliced splice --package hpctoolkit@develop --splice gotcha --runner spack --replace gotcha --experiment experiment --outfile /p/vast1/build/spliced-experiment/results/hpctoolkit/develop/gotcha/experiment.json
==> Warning: Missing a source id for hpctoolkit@develop
==> Warning: Missing a source id for gotcha@develop
==> Warning: Missing a source id for hpctoolkit@develop
==> Warning: Missing a source id for gotcha@master
==> Warning: Missing a source id for hpctoolkit@develop
==> Warning: Missing a source id for hpctoolkit@develop
==> Warning: Missing a source id for hpctoolkit@develop
==> Warning: Missing a source id for hpctoolkit@develop
Making predictions for spack-test
Making predictions for symbolator
Making predictions for libabigail
abicompat not found on path, will look for spack instead.
Making predictions for actual
