==> Warning: Missing a source id for hpctoolkit@master
==> Warning: Missing a source id for gotcha@develop
==> Warning: Missing a source id for hpctoolkit@master
==> Warning: Missing a source id for gotcha@master
==> Warning: Missing a source id for hpctoolkit@master
==> Warning: Missing a source id for hpctoolkit@master
==> Warning: Missing a source id for hpctoolkit@master
==> Warning: Missing a source id for hpctoolkit@master
Making predictions for symbolator
Making predictions for libabigail
Making predictions for actual
/var/spool/slurmd/job100332/slurm_script: line 12:  7661 Killed                  spliced splice --package hpctoolkit@master --splice gotcha --runner spack --replace gotcha --experiment experiment --outfile /p/vast1/build/spliced-experiment/results/hpctoolkit/master/gotcha/experiment.json
==> Warning: Missing a source id for hpctoolkit@master
==> Warning: Missing a source id for gotcha@develop
==> Warning: Missing a source id for hpctoolkit@master
==> Warning: Missing a source id for gotcha@master
==> Warning: Missing a source id for hpctoolkit@master
==> Warning: Missing a source id for hpctoolkit@master
==> Warning: Missing a source id for hpctoolkit@master
==> Warning: Missing a source id for hpctoolkit@master
Making predictions for spack-test
Making predictions for symbolator
Making predictions for libabigail
abicompat not found on path, will look for spack instead.
Making predictions for actual
