Concretizing heffte@2.1.0
[+] /p/vast1/build/spack/opt/spack/linux-rhel7-broadwell/gcc-10.2.1/pkgconf-1.8.0-gp2xp6yplvubgic6eunbnl7emqdq3dye
[+] /p/vast1/build/spack/opt/spack/linux-rhel7-broadwell/gcc-10.2.1/berkeley-db-18.1.40-c7okyaricn3s5wx6lqo2exspq6tuninj
[+] /p/vast1/build/spack/opt/spack/linux-rhel7-broadwell/gcc-10.2.1/libiconv-1.16-glggocpnh7m2dgmtu4fedhbfeessepbe
[+] /p/vast1/build/spack/opt/spack/linux-rhel7-broadwell/gcc-10.2.1/zlib-1.2.11-su2ldy5ofm424qnly3kitbbdgwovpfk4
[+] /p/vast1/build/spack/opt/spack/linux-rhel7-broadwell/gcc-10.2.1/xz-5.2.5-d536jz4ora4tt45q72d2lklqr3dqx34m
[+] /p/vast1/build/spack/opt/spack/linux-rhel7-broadwell/gcc-10.2.1/libsigsegv-2.13-7rh3iftx6wqudr26scqm7nyzm4xxgqcc
[+] /p/vast1/build/spack/opt/spack/linux-rhel7-broadwell/gcc-10.2.1/util-macros-1.19.3-mxlhejedwgloprhrg6bzi2wz3cgadzp2
==> Installing libfabric-1.14.0-62mzbobyncrorgaybsuwo2il6t4qvwnf
==> No binary for libfabric-1.14.0-62mzbobyncrorgaybsuwo2il6t4qvwnf found: installing from source
==> Fetching https://mirror.spack.io/_source-cache/archive/fc/fc261388848f3cff555bd653f5cb901f6b9485ad285e5c53328b13f0e69f749a.tar.bz2
==> No patches needed for libfabric
==> libfabric: Executing phase: 'autoreconf'
==> libfabric: Executing phase: 'configure'
==> libfabric: Executing phase: 'build'
==> libfabric: Executing phase: 'install'
==> libfabric: Successfully installed libfabric-1.14.0-62mzbobyncrorgaybsuwo2il6t4qvwnf
  Fetch: 2.45s.  Build: 1m 23.28s.  Total: 1m 25.73s.
[+] /p/vast1/build/spack/opt/spack/linux-rhel7-broadwell/gcc-10.2.1/libfabric-1.14.0-62mzbobyncrorgaybsuwo2il6t4qvwnf
[+] /p/vast1/build/spack/opt/spack/linux-rhel7-broadwell/gcc-10.2.1/ncurses-6.2-2xef6sx47tqatqlceqguyz3rza5okbhy
[+] /p/vast1/build/spack/opt/spack/linux-rhel7-broadwell/gcc-10.2.1/diffutils-3.8-vxb536efq575rjec2zqsyqgsebpspfvs
[+] /p/vast1/build/spack/opt/spack/linux-rhel7-broadwell/gcc-10.2.1/libxml2-2.9.12-rs3llxgrrh537ywuyzjxyebuzo3gnxpt
[+] /p/vast1/build/spack/opt/spack/linux-rhel7-broadwell/gcc-10.2.1/findutils-4.8.0-nvtrajnkfmhxgyvfpi5j5utlmrejjjhp
[+] /p/vast1/build/spack/opt/spack/linux-rhel7-broadwell/gcc-10.2.1/m4-1.4.19-zeen2avy7avmg5n7cd6yaqspkj3rup2t
[+] /p/vast1/build/spack/opt/spack/linux-rhel7-broadwell/gcc-10.2.1/readline-8.1-vfjorqgtmqh3rl5ollaj4n2uusx4foez
[+] /p/vast1/build/spack/opt/spack/linux-rhel7-broadwell/gcc-10.2.1/bzip2-1.0.8-jmjklgubcyryaddwqvzuvzeiq6zfqmst
[+] /p/vast1/build/spack/opt/spack/linux-rhel7-broadwell/gcc-10.2.1/libtool-2.4.6-v5tvhyer33lc2hhisqrztia7bmreecdr
[+] /p/vast1/build/spack/opt/spack/linux-rhel7-broadwell/gcc-10.2.1/gdbm-1.19-k5otkqycqsp3sya4vlvqbekdodhy2a2b
[+] /p/vast1/build/spack/opt/spack/linux-rhel7-broadwell/gcc-10.2.1/libpciaccess-0.16-vzg6r6gyrqyboudgxfqbdwe36epu6s7s
[+] /p/vast1/build/spack/opt/spack/linux-rhel7-broadwell/gcc-10.2.1/perl-5.34.0-wimaji5zk5vlms3psvdtvmxifnine4nh
[+] /p/vast1/build/spack/opt/spack/linux-rhel7-broadwell/gcc-10.2.1/hwloc-2.6.0-cxn7eow3mqe2pjeaz7u4tyw4xadzqtri
[+] /p/vast1/build/spack/opt/spack/linux-rhel7-broadwell/gcc-10.2.1/openssl-1.1.1l-sozkiugfpwd75rjehlrzn3ymhrojqyp2
[+] /p/vast1/build/spack/opt/spack/linux-rhel7-broadwell/gcc-10.2.1/cmake-3.21.4-hvgwgb6duea6jzf2rywitb4a5lqdrpii
[+] /p/vast1/build/spack/opt/spack/linux-rhel7-broadwell/gcc-10.2.1/cuda-11.5.1-qmldae2ji6fe3pjaau3ubcmnor2fc2lm
[+] /p/vast1/build/spack/opt/spack/linux-rhel7-broadwell/gcc-10.2.1/mpich-3.4.2-y5jp7zdd3xgbpzopqsopo5vonns6s6a2
==> Installing heffte-2.1.0-r3qpaxx74nv7ivw4jpzrimmflti6xcxi
==> No binary for heffte-2.1.0-r3qpaxx74nv7ivw4jpzrimmflti6xcxi found: installing from source
==> Fetching https://mirror.spack.io/_source-cache/archive/52/527a3e21115231715a0342afdfaf6a8878d2dd0f02f03c92b53692340fd940b9.tar.gz
==> No patches needed for heffte
==> heffte: Executing phase: 'cmake'
==> heffte: Executing phase: 'build'
Concretizing heffte@2.1.0
[+] /p/vast1/build/spack/opt/spack/linux-rhel7-broadwell/gcc-10.2.1/pkgconf-1.8.0-gp2xp6yplvubgic6eunbnl7emqdq3dye
[+] /p/vast1/build/spack/opt/spack/linux-rhel7-broadwell/gcc-10.2.1/berkeley-db-18.1.40-c7okyaricn3s5wx6lqo2exspq6tuninj
[+] /p/vast1/build/spack/opt/spack/linux-rhel7-broadwell/gcc-10.2.1/libiconv-1.16-glggocpnh7m2dgmtu4fedhbfeessepbe
[+] /p/vast1/build/spack/opt/spack/linux-rhel7-broadwell/gcc-10.2.1/zlib-1.2.11-su2ldy5ofm424qnly3kitbbdgwovpfk4
[+] /p/vast1/build/spack/opt/spack/linux-rhel7-broadwell/gcc-10.2.1/xz-5.2.5-d536jz4ora4tt45q72d2lklqr3dqx34m
==> Installing findutils-4.8.0-6hb2bzy3wib5rcu45yzrs6pdvdgcoz2v
==> No binary for findutils-4.8.0-6hb2bzy3wib5rcu45yzrs6pdvdgcoz2v found: installing from source
==> Using cached archive: /p/vast1/build/spack/var/spack/cache/_source-cache/archive/57/57127b7e97d91282c6ace556378d5455a9509898297e46e10443016ea1387164.tar.xz
==> Applied patch /p/vast1/build/spack/var/spack/repos/builtin/packages/findutils/nonnull.patch
==> findutils: Executing phase: 'autoreconf'
==> findutils: Executing phase: 'configure'
==> findutils: Executing phase: 'build'
==> findutils: Executing phase: 'install'
==> findutils: Successfully installed findutils-4.8.0-6hb2bzy3wib5rcu45yzrs6pdvdgcoz2v
  Fetch: 0.02s.  Build: 1m 10.49s.  Total: 1m 10.51s.
[+] /p/vast1/build/spack/opt/spack/linux-rhel7-broadwell/gcc-10.2.1/findutils-4.8.0-6hb2bzy3wib5rcu45yzrs6pdvdgcoz2v
[+] /p/vast1/build/spack/opt/spack/linux-rhel7-broadwell/gcc-10.2.1/libsigsegv-2.13-7rh3iftx6wqudr26scqm7nyzm4xxgqcc
[+] /p/vast1/build/spack/opt/spack/linux-rhel7-broadwell/gcc-10.2.1/util-macros-1.19.3-mxlhejedwgloprhrg6bzi2wz3cgadzp2
[+] /p/vast1/build/spack/opt/spack/linux-rhel7-broadwell/gcc-10.2.1/libfabric-1.14.0-62mzbobyncrorgaybsuwo2il6t4qvwnf
[+] /p/vast1/build/spack/opt/spack/linux-rhel7-broadwell/gcc-10.2.1/ncurses-6.2-2xef6sx47tqatqlceqguyz3rza5okbhy
[+] /p/vast1/build/spack/opt/spack/linux-rhel7-broadwell/gcc-10.2.1/diffutils-3.8-vxb536efq575rjec2zqsyqgsebpspfvs
[+] /p/vast1/build/spack/opt/spack/linux-rhel7-broadwell/gcc-10.2.1/libxml2-2.9.12-rs3llxgrrh537ywuyzjxyebuzo3gnxpt
[+] /p/vast1/build/spack/opt/spack/linux-rhel7-broadwell/gcc-10.2.1/m4-1.4.19-zeen2avy7avmg5n7cd6yaqspkj3rup2t
[+] /p/vast1/build/spack/opt/spack/linux-rhel7-broadwell/gcc-10.2.1/readline-8.1-vfjorqgtmqh3rl5ollaj4n2uusx4foez
[+] /p/vast1/build/spack/opt/spack/linux-rhel7-broadwell/gcc-10.2.1/bzip2-1.0.8-jmjklgubcyryaddwqvzuvzeiq6zfqmst
[+] /p/vast1/build/spack/opt/spack/linux-rhel7-broadwell/gcc-10.2.1/libtool-2.4.6-v5tvhyer33lc2hhisqrztia7bmreecdr
[+] /p/vast1/build/spack/opt/spack/linux-rhel7-broadwell/gcc-10.2.1/gdbm-1.19-k5otkqycqsp3sya4vlvqbekdodhy2a2b
[+] /p/vast1/build/spack/opt/spack/linux-rhel7-broadwell/gcc-10.2.1/libpciaccess-0.16-vzg6r6gyrqyboudgxfqbdwe36epu6s7s
[+] /p/vast1/build/spack/opt/spack/linux-rhel7-broadwell/gcc-10.2.1/perl-5.34.0-wimaji5zk5vlms3psvdtvmxifnine4nh
[+] /p/vast1/build/spack/opt/spack/linux-rhel7-broadwell/gcc-10.2.1/hwloc-2.7.0-zcvfxqfecuheq2vakvpuosok2avakr6j
[+] /p/vast1/build/spack/opt/spack/linux-rhel7-broadwell/gcc-10.2.1/openssl-1.1.1m-momhhzpwxq3fzqnlqbabquoitiq5d6q6
[+] /p/vast1/build/spack/opt/spack/linux-rhel7-broadwell/gcc-10.2.1/cmake-3.22.2-7oku4yd37mfoi65gi3alunjbl35euphw
[+] /p/vast1/build/spack/opt/spack/linux-rhel7-broadwell/gcc-10.2.1/cuda-11.6.1-lljcghp23bbgayfkhmfks7o26q6s45in
[+] /p/vast1/build/spack/opt/spack/linux-rhel7-broadwell/gcc-10.2.1/mpich-3.4.2-b5ciezi5ojdl5dodked5a2svlfxng2fr
==> Installing heffte-2.1.0-2tndu5q4y5veeybeelh42md6fc7uljyy
==> No binary for heffte-2.1.0-2tndu5q4y5veeybeelh42md6fc7uljyy found: installing from source
==> Using cached archive: /p/vast1/build/spack/var/spack/cache/_source-cache/archive/52/527a3e21115231715a0342afdfaf6a8878d2dd0f02f03c92b53692340fd940b9.tar.gz
==> No patches needed for heffte
==> heffte: Executing phase: 'cmake'
==> heffte: Executing phase: 'build'
