==> Warning: using "hpcviewer@2020.01" which is a deprecated version
==> Error: Failed to upgrade to a write lock for hpcviewer-2020.01-ofwflgi4la4pmojkla3dnpvgmqo457ut due to LockUpgradeError: Cannot upgrade lock from read to write on file: /p/vast1/build/spack/opt/spack/.spack-db/prefix_lock
==> Warning: using "hpcviewer@2019.12" which is a deprecated version
==> Error: Failed to upgrade to a write lock for hpcviewer-2019.12-se3iqotkvfyvnvmsgugdgfrn2w2x2de4 due to LockUpgradeError: Cannot upgrade lock from read to write on file: /p/vast1/build/spack/opt/spack/.spack-db/prefix_lock
==> Warning: using "hpcviewer@2019.09" which is a deprecated version
==> Warning: hpcviewer@2019.09 is deprecated and may be removed in a future Spack release.
==> Error: FetchError: Will not fetch hpcviewer@2019.09
    If you are willing to be a maintainer for this version of the package, submit a PR to remove `deprecated=False`, or use `--deprecated` to skip this check.

/p/vast1/build/spack/lib/spack/spack/package.py:1381, in do_fetch:
       1378                        dp_msg))
       1379
       1380            if not ignore_deprecation:
  >>   1381                raise FetchError("Will not fetch {0}".format(
       1382                    self.spec.format('{name}{@version}')), dp_msg)
       1383
       1384        self.stage.create()


==> Warning: using "hpcviewer@2019.08" which is a deprecated version
==> Error: Failed to upgrade to a write lock for hpcviewer-2019.08-b4rxjckiw35imbadn2ijbibqzekrsico due to LockUpgradeError: Cannot upgrade lock from read to write on file: /p/vast1/build/spack/opt/spack/.spack-db/prefix_lock
==> Warning: using "hpcviewer@2019.07" which is a deprecated version
==> Warning: hpcviewer@2019.07 is deprecated and may be removed in a future Spack release.
==> Error: FetchError: Will not fetch hpcviewer@2019.07
    If you are willing to be a maintainer for this version of the package, submit a PR to remove `deprecated=False`, or use `--deprecated` to skip this check.

/p/vast1/build/spack/lib/spack/spack/package.py:1381, in do_fetch:
       1378                        dp_msg))
       1379
       1380            if not ignore_deprecation:
  >>   1381                raise FetchError("Will not fetch {0}".format(
       1382                    self.spec.format('{name}{@version}')), dp_msg)
       1383
       1384        self.stage.create()


==> Warning: using "hpcviewer@2019.04" which is a deprecated version
==> Warning: hpcviewer@2019.04 is deprecated and may be removed in a future Spack release.
==> Error: FetchError: Will not fetch hpcviewer@2019.04
    If you are willing to be a maintainer for this version of the package, submit a PR to remove `deprecated=False`, or use `--deprecated` to skip this check.

/p/vast1/build/spack/lib/spack/spack/package.py:1381, in do_fetch:
       1378                        dp_msg))
       1379
       1380            if not ignore_deprecation:
  >>   1381                raise FetchError("Will not fetch {0}".format(
       1382                    self.spec.format('{name}{@version}')), dp_msg)
       1383
       1384        self.stage.create()


==> Warning: using "hpcviewer@2019.02" which is a deprecated version
==> Warning: hpcviewer@2019.02 is deprecated and may be removed in a future Spack release.
==> Error: FetchError: Will not fetch hpcviewer@2019.02
    If you are willing to be a maintainer for this version of the package, submit a PR to remove `deprecated=False`, or use `--deprecated` to skip this check.

/p/vast1/build/spack/lib/spack/spack/package.py:1381, in do_fetch:
       1378                        dp_msg))
       1379
       1380            if not ignore_deprecation:
  >>   1381                raise FetchError("Will not fetch {0}".format(
       1382                    self.spec.format('{name}{@version}')), dp_msg)
       1383
       1384        self.stage.create()


Making predictions for symbolator
Making predictions for libabigail
Making predictions for actual
/var/spool/slurmd/job100343/slurm_script: line 12:  8843 Killed                  spliced splice --package hpctoolkit@2020.08.03 --splice hpcviewer --runner spack --replace hpcviewer --experiment experiment --outfile /p/vast1/build/spliced-experiment/results/hpctoolkit/2020.08.03/hpcviewer/experiment.json
==> Warning: using "hpcviewer@2020.01" which is a deprecated version
==> Warning: hpcviewer-2020.01-ofwflgi4la4pmojkla3dnpvgmqo457ut failed to install
==> Warning: AssertionError exception when releasing read lock for hpcviewer-2020.01-ofwflgi4la4pmojkla3dnpvgmqo457ut: 
==> Error: hpcviewer-2020.01-ofwflgi4la4pmojkla3dnpvgmqo457ut: Package was not installed
==> Warning: using "hpcviewer@2019.12" which is a deprecated version
==> Warning: hpcviewer-2019.12-se3iqotkvfyvnvmsgugdgfrn2w2x2de4 failed to install
==> Warning: AssertionError exception when releasing read lock for hpcviewer-2019.12-se3iqotkvfyvnvmsgugdgfrn2w2x2de4: 
==> Error: hpcviewer-2019.12-se3iqotkvfyvnvmsgugdgfrn2w2x2de4: Package was not installed
==> Warning: using "hpcviewer@2019.09" which is a deprecated version
==> Warning: hpcviewer-2019.09-t5hobunaab5izjynckir2nz2qy4gs4hy failed to install
==> Warning: AssertionError exception when releasing read lock for hpcviewer-2019.09-t5hobunaab5izjynckir2nz2qy4gs4hy: 
==> Error: hpcviewer-2019.09-t5hobunaab5izjynckir2nz2qy4gs4hy: Package was not installed
==> Warning: using "hpcviewer@2019.08" which is a deprecated version
==> Warning: hpcviewer-2019.08-b4rxjckiw35imbadn2ijbibqzekrsico failed to install
==> Warning: AssertionError exception when releasing read lock for hpcviewer-2019.08-b4rxjckiw35imbadn2ijbibqzekrsico: 
==> Error: hpcviewer-2019.08-b4rxjckiw35imbadn2ijbibqzekrsico: Package was not installed
==> Warning: using "hpcviewer@2019.07" which is a deprecated version
==> Warning: hpcviewer-2019.07-5cs43quk54tpav374xfu34akvyyhajdh failed to install
==> Error: hpcviewer-2019.07-5cs43quk54tpav374xfu34akvyyhajdh: Package was not installed
==> Warning: using "hpcviewer@2019.04" which is a deprecated version
==> Warning: hpcviewer@2019.04 is deprecated and may be removed in a future Spack release.
==> Error: FetchError: Will not fetch hpcviewer@2019.04
    If you are willing to be a maintainer for this version of the package, submit a PR to remove `deprecated=False`, or use `--deprecated` to skip this check.

/p/vast1/build/spack/lib/spack/spack/package.py:1395, in do_fetch:
       1392                        dp_msg))
       1393
       1394            if not ignore_deprecation:
  >>   1395                raise FetchError("Will not fetch {0}".format(
       1396                    self.spec.format('{name}{@version}')), dp_msg)
       1397
       1398        self.stage.create()


==> Warning: using "hpcviewer@2019.02" which is a deprecated version
==> Warning: hpcviewer@2019.02 is deprecated and may be removed in a future Spack release.
==> Error: FetchError: Will not fetch hpcviewer@2019.02
    If you are willing to be a maintainer for this version of the package, submit a PR to remove `deprecated=False`, or use `--deprecated` to skip this check.

/p/vast1/build/spack/lib/spack/spack/package.py:1395, in do_fetch:
       1392                        dp_msg))
       1393
       1394            if not ignore_deprecation:
  >>   1395                raise FetchError("Will not fetch {0}".format(
       1396                    self.spec.format('{name}{@version}')), dp_msg)
       1397
       1398        self.stage.create()


Making predictions for spack-test
Making predictions for symbolator
Making predictions for libabigail
abicompat not found on path, will look for spack instead.
Making predictions for actual
