==> Warning: binutils-2.23.2-22xr5q4wtfdsmqx5e6rsfnxdylaejjtg failed to install
==> Error: binutils-2.23.2-22xr5q4wtfdsmqx5e6rsfnxdylaejjtg: Package was not installed
==> Warning: binutils-2.20.1-ikqgx6wtmivwcidsop6rtdp56gtnemgu failed to install
==> Error: binutils-2.20.1-ikqgx6wtmivwcidsop6rtdp56gtnemgu: Package was not installed
Making predictions for symbolator
Making predictions for libabigail
Making predictions for actual
==> Error: Failed to upgrade to a write lock for binutils-2.38-sp7hnmid3dxgfomqpcpt4y37gpclruxt due to LockUpgradeError: Cannot upgrade lock from read to write on file: /p/vast1/build/spack/opt/spack/.spack-db/prefix_lock
==> Warning: AssertionError exception when releasing read lock for binutils-2.38-sp7hnmid3dxgfomqpcpt4y37gpclruxt: 
Making predictions for spack-test
Making predictions for symbolator
Making predictions for libabigail
/var/spool/slurmd/job100263/slurm_script: line 12: 28323 Killed                  spliced splice --package hpctoolkit@2020.08.03 --splice binutils --runner spack --replace binutils --experiment experiment --outfile /p/vast1/build/spliced-experiment/results/hpctoolkit/2020.08.03/binutils/experiment.json
==> Warning: Fetching from mirror without a checksum!
  This package is normally checked out from a version control system, but it has been archived on a spack mirror.  This means we cannot know a checksum for the tarball in advance. Be sure that your connection to this mirror is secure!
==> Error: ProcessError: Command exited with status 2:
    'make' '-j16' 'V=1'

9 errors found in build log:
     510    checking whether make sets $(MAKE)... checking for a thread-safe mk
            dir -p... (cached) /usr/bin/mkdir -p
     511    checking for gawk... (cached) gawk
     512    checking whether make sets $(MAKE)... (cached) yes
     513    (cached) yes
     514    checking for style of include used by make... checking for style of
             include used by make... GNU
     515    GNU
  >> 516    configure: error: source directory already configured; run "make di
            stclean" there first
  >> 517    configure: error: source directory already configured; run "make di
            stclean" there first
  >> 518    make[1]: *** [configure-gprof] Error 1
     519    make[1]: *** Waiting for unfinished jobs....
  >> 520    make[1]: *** [configure-binutils] Error 1
     521    yes
     522    yes
     523    checking for a thread-safe mkdir -p... (cached) /usr/bin/mkdir -p
     524    checking for gawk... (cached) gawk
     525    checking whether make sets $(MAKE)... checking for a thread-safe mk
            dir -p... (cached) /usr/bin/mkdir -p
     526    checking for gawk... (cached) gawk
     527    checking whether make sets $(MAKE)... (cached) yes
     528    (cached) yes
     529    checking for style of include used by make... checking for style of
             include used by make... GNU
     530    GNU
  >> 531    configure: error: source directory already configured; run "make di
            stclean" there first
  >> 532    configure: error: source directory already configured; run "make di
            stclean" there first
  >> 533    make[1]: *** [configure-opcodes] Error 1
  >> 534    make[1]: *** [configure-bfd] Error 1
     535    make[1]: Leaving directory `/tmp/sochat1/spack-stage/spack-stage-bi
            nutils-2.23.2-22xr5q4wtfdsmqx5e6rsfnxdylaejjtg/spack-src'
  >> 536    make: *** [all] Error 2

See build log for details:
  /var/tmp/sochat1/spack-stage/spack-stage-binutils-2.23.2-22xr5q4wtfdsmqx5e6rsfnxdylaejjtg/spack-build-out.txt

==> Error: ProcessError: Command exited with status 2:
    'make' '-j16' 'V=1'

9 errors found in build log:
     493    checking whether make sets $(MAKE)... checking for a thread-safe mk
            dir -p... (cached) /usr/bin/mkdir -p
     494    checking for gawk... (cached) gawk
     495    checking whether make sets $(MAKE)... (cached) yes
     496    (cached) yes
     497    checking for style of include used by make... checking for style of
             include used by make... GNU
     498    GNU
  >> 499    configure: error: source directory already configured; run "make di
            stclean" there first
  >> 500    configure: error: source directory already configured; run "make di
            stclean" there first
  >> 501    make[1]: *** [configure-gprof] Error 1
     502    make[1]: *** Waiting for unfinished jobs....
  >> 503    make[1]: *** [configure-binutils] Error 1
     504    yes
     505    yes
     506    checking for a thread-safe mkdir -p... (cached) /usr/bin/mkdir -p
     507    checking for gawk... (cached) gawk
     508    checking whether make sets $(MAKE)... checking for a thread-safe mk
            dir -p... (cached) /usr/bin/mkdir -p
     509    checking for gawk... (cached) gawk
     510    checking whether make sets $(MAKE)... (cached) yes
     511    (cached) yes
     512    checking for style of include used by make... checking for style of
             include used by make... GNU
     513    GNU
  >> 514    configure: error: source directory already configured; run "make di
            stclean" there first
  >> 515    configure: error: source directory already configured; run "make di
            stclean" there first
  >> 516    make[1]: *** [configure-opcodes] Error 1
  >> 517    make[1]: *** [configure-bfd] Error 1
     518    make[1]: Leaving directory `/tmp/sochat1/spack-stage/spack-stage-bi
            nutils-2.20.1-ikqgx6wtmivwcidsop6rtdp56gtnemgu/spack-src'
  >> 519    make: *** [all] Error 2

See build log for details:
  /var/tmp/sochat1/spack-stage/spack-stage-binutils-2.20.1-ikqgx6wtmivwcidsop6rtdp56gtnemgu/spack-build-out.txt

Making predictions for spack-test
Making predictions for symbolator
Making predictions for libabigail
abicompat not found on path, will look for spack instead.
Making predictions for actual
