==> Error: Failed to upgrade to a write lock for dyninst-12.0.1-ks7vkbvepgnyst3exgr5mptibzs2bcg2 due to LockUpgradeError: Cannot upgrade lock from read to write on file: /p/vast1/build/spack/opt/spack/.spack-db/prefix_lock
==> Error: Failed to upgrade to a write lock for dyninst-12.0.1-ks7vkbvepgnyst3exgr5mptibzs2bcg2 due to LockUpgradeError: Cannot upgrade lock from read to write on file: /p/vast1/build/spack/opt/spack/.spack-db/prefix_lock
==> Error: Failed to upgrade to a write lock for dyninst-12.0.1-ks7vkbvepgnyst3exgr5mptibzs2bcg2 due to LockUpgradeError: Cannot upgrade lock from read to write on file: /p/vast1/build/spack/opt/spack/.spack-db/prefix_lock
==> Error: Failed to upgrade to a write lock for dyninst-12.0.1-ks7vkbvepgnyst3exgr5mptibzs2bcg2 due to LockUpgradeError: Cannot upgrade lock from read to write on file: /p/vast1/build/spack/opt/spack/.spack-db/prefix_lock
==> Error: Failed to upgrade to a write lock for dyninst-12.0.1-ks7vkbvepgnyst3exgr5mptibzs2bcg2 due to LockUpgradeError: Cannot upgrade lock from read to write on file: /p/vast1/build/spack/opt/spack/.spack-db/prefix_lock
Making predictions for symbolator
Making predictions for libabigail
Making predictions for actual
/var/spool/slurmd/job100478/slurm_script: line 12:  4891 Killed                  spliced splice --package hpctoolkit@2021.10.15 --splice xerces-c --runner spack --replace xerces-c --experiment experiment --outfile /p/vast1/build/spliced-experiment/results/hpctoolkit/2021.10.15/xerces-c/experiment.json
==> Error: LockTimeoutError: Timed out waiting for a read lock.

/p/vast1/build/spack/lib/spack/spack/build_environment.py:1061, in _setup_pkg_and_run:
       1058        tb_string = traceback.format_exc()
       1059
       1060        # build up some context from the offending package so we can
  >>   1061        # show that, too.
       1062        package_context = get_package_context(tb)
       1063
       1064        logfile = None

See build log for details:
  /var/tmp/sochat1/spack-stage/spack-stage-xerces-c-3.2.2-33h264c5vchh2netgyo726xsre6knr5q/spack-build-out.txt

Making predictions for spack-test
Making predictions for symbolator
Making predictions for libabigail
abicompat not found on path, will look for spack instead.
Making predictions for actual
