==> Warning: using "hpcviewer@2020.01" which is a deprecated version
==> Warning: hpcviewer@2020.01 is deprecated and may be removed in a future Spack release.
==> Error: FetchError: Will not fetch hpcviewer@2020.01
    If you are willing to be a maintainer for this version of the package, submit a PR to remove `deprecated=False`, or use `--deprecated` to skip this check.

/p/vast1/build/spack/lib/spack/spack/package.py:1381, in do_fetch:
       1378                        dp_msg))
       1379
       1380            if not ignore_deprecation:
  >>   1381                raise FetchError("Will not fetch {0}".format(
       1382                    self.spec.format('{name}{@version}')), dp_msg)
       1383
       1384        self.stage.create()


==> Warning: using "hpcviewer@2019.12" which is a deprecated version
==> Warning: hpcviewer@2019.12 is deprecated and may be removed in a future Spack release.
==> Error: FetchError: Will not fetch hpcviewer@2019.12
    If you are willing to be a maintainer for this version of the package, submit a PR to remove `deprecated=False`, or use `--deprecated` to skip this check.

/p/vast1/build/spack/lib/spack/spack/package.py:1381, in do_fetch:
       1378                        dp_msg))
       1379
       1380            if not ignore_deprecation:
  >>   1381                raise FetchError("Will not fetch {0}".format(
       1382                    self.spec.format('{name}{@version}')), dp_msg)
       1383
       1384        self.stage.create()


==> Warning: using "hpcviewer@2019.09" which is a deprecated version
==> Warning: hpcviewer@2019.09 is deprecated and may be removed in a future Spack release.
==> Error: FetchError: Will not fetch hpcviewer@2019.09
    If you are willing to be a maintainer for this version of the package, submit a PR to remove `deprecated=False`, or use `--deprecated` to skip this check.

/p/vast1/build/spack/lib/spack/spack/package.py:1381, in do_fetch:
       1378                        dp_msg))
       1379
       1380            if not ignore_deprecation:
  >>   1381                raise FetchError("Will not fetch {0}".format(
       1382                    self.spec.format('{name}{@version}')), dp_msg)
       1383
       1384        self.stage.create()


==> Warning: using "hpcviewer@2019.08" which is a deprecated version
==> Warning: hpcviewer@2019.08 is deprecated and may be removed in a future Spack release.
==> Error: FetchError: Will not fetch hpcviewer@2019.08
    If you are willing to be a maintainer for this version of the package, submit a PR to remove `deprecated=False`, or use `--deprecated` to skip this check.

/p/vast1/build/spack/lib/spack/spack/package.py:1381, in do_fetch:
       1378                        dp_msg))
       1379
       1380            if not ignore_deprecation:
  >>   1381                raise FetchError("Will not fetch {0}".format(
       1382                    self.spec.format('{name}{@version}')), dp_msg)
       1383
       1384        self.stage.create()


==> Warning: using "hpcviewer@2019.07" which is a deprecated version
==> Warning: hpcviewer@2019.07 is deprecated and may be removed in a future Spack release.
==> Error: FetchError: Will not fetch hpcviewer@2019.07
    If you are willing to be a maintainer for this version of the package, submit a PR to remove `deprecated=False`, or use `--deprecated` to skip this check.

/p/vast1/build/spack/lib/spack/spack/package.py:1381, in do_fetch:
       1378                        dp_msg))
       1379
       1380            if not ignore_deprecation:
  >>   1381                raise FetchError("Will not fetch {0}".format(
       1382                    self.spec.format('{name}{@version}')), dp_msg)
       1383
       1384        self.stage.create()


==> Warning: using "hpcviewer@2019.04" which is a deprecated version
==> Warning: hpcviewer@2019.04 is deprecated and may be removed in a future Spack release.
==> Error: FetchError: Will not fetch hpcviewer@2019.04
    If you are willing to be a maintainer for this version of the package, submit a PR to remove `deprecated=False`, or use `--deprecated` to skip this check.

/p/vast1/build/spack/lib/spack/spack/package.py:1381, in do_fetch:
       1378                        dp_msg))
       1379
       1380            if not ignore_deprecation:
  >>   1381                raise FetchError("Will not fetch {0}".format(
       1382                    self.spec.format('{name}{@version}')), dp_msg)
       1383
       1384        self.stage.create()


==> Warning: using "hpcviewer@2019.02" which is a deprecated version
==> Warning: hpcviewer@2019.02 is deprecated and may be removed in a future Spack release.
==> Error: FetchError: Will not fetch hpcviewer@2019.02
    If you are willing to be a maintainer for this version of the package, submit a PR to remove `deprecated=False`, or use `--deprecated` to skip this check.

/p/vast1/build/spack/lib/spack/spack/package.py:1381, in do_fetch:
       1378                        dp_msg))
       1379
       1380            if not ignore_deprecation:
  >>   1381                raise FetchError("Will not fetch {0}".format(
       1382                    self.spec.format('{name}{@version}')), dp_msg)
       1383
       1384        self.stage.create()


Making predictions for symbolator
Making predictions for libabigail
Making predictions for actual
/var/spool/slurmd/job100345/slurm_script: line 12:  8856 Killed                  spliced splice --package hpctoolkit@2021.03.01 --splice hpcviewer --runner spack --replace hpcviewer --experiment experiment --outfile /p/vast1/build/spliced-experiment/results/hpctoolkit/2021.03.01/hpcviewer/experiment.json
==> Warning: using "hpcviewer@2020.01" which is a deprecated version
==> Warning: hpcviewer@2020.01 is deprecated and may be removed in a future Spack release.
==> Error: FetchError: Will not fetch hpcviewer@2020.01
    If you are willing to be a maintainer for this version of the package, submit a PR to remove `deprecated=False`, or use `--deprecated` to skip this check.

/p/vast1/build/spack/lib/spack/spack/package.py:1395, in do_fetch:
       1392                        dp_msg))
       1393
       1394            if not ignore_deprecation:
  >>   1395                raise FetchError("Will not fetch {0}".format(
       1396                    self.spec.format('{name}{@version}')), dp_msg)
       1397
       1398        self.stage.create()


==> Warning: using "hpcviewer@2019.12" which is a deprecated version
==> Warning: hpcviewer@2019.12 is deprecated and may be removed in a future Spack release.
==> Error: FetchError: Will not fetch hpcviewer@2019.12
    If you are willing to be a maintainer for this version of the package, submit a PR to remove `deprecated=False`, or use `--deprecated` to skip this check.

/p/vast1/build/spack/lib/spack/spack/package.py:1395, in do_fetch:
       1392                        dp_msg))
       1393
       1394            if not ignore_deprecation:
  >>   1395                raise FetchError("Will not fetch {0}".format(
       1396                    self.spec.format('{name}{@version}')), dp_msg)
       1397
       1398        self.stage.create()


==> Warning: using "hpcviewer@2019.09" which is a deprecated version
==> Warning: hpcviewer@2019.09 is deprecated and may be removed in a future Spack release.
==> Error: FetchError: Will not fetch hpcviewer@2019.09
    If you are willing to be a maintainer for this version of the package, submit a PR to remove `deprecated=False`, or use `--deprecated` to skip this check.

/p/vast1/build/spack/lib/spack/spack/package.py:1395, in do_fetch:
       1392                        dp_msg))
       1393
       1394            if not ignore_deprecation:
  >>   1395                raise FetchError("Will not fetch {0}".format(
       1396                    self.spec.format('{name}{@version}')), dp_msg)
       1397
       1398        self.stage.create()


==> Warning: using "hpcviewer@2019.08" which is a deprecated version
==> Warning: hpcviewer@2019.08 is deprecated and may be removed in a future Spack release.
==> Error: FetchError: Will not fetch hpcviewer@2019.08
    If you are willing to be a maintainer for this version of the package, submit a PR to remove `deprecated=False`, or use `--deprecated` to skip this check.

/p/vast1/build/spack/lib/spack/spack/package.py:1395, in do_fetch:
       1392                        dp_msg))
       1393
       1394            if not ignore_deprecation:
  >>   1395                raise FetchError("Will not fetch {0}".format(
       1396                    self.spec.format('{name}{@version}')), dp_msg)
       1397
       1398        self.stage.create()


==> Warning: using "hpcviewer@2019.07" which is a deprecated version
==> Warning: hpcviewer@2019.07 is deprecated and may be removed in a future Spack release.
==> Error: FetchError: Will not fetch hpcviewer@2019.07
    If you are willing to be a maintainer for this version of the package, submit a PR to remove `deprecated=False`, or use `--deprecated` to skip this check.

/p/vast1/build/spack/lib/spack/spack/package.py:1395, in do_fetch:
       1392                        dp_msg))
       1393
       1394            if not ignore_deprecation:
  >>   1395                raise FetchError("Will not fetch {0}".format(
       1396                    self.spec.format('{name}{@version}')), dp_msg)
       1397
       1398        self.stage.create()


==> Warning: using "hpcviewer@2019.04" which is a deprecated version
==> Warning: hpcviewer@2019.04 is deprecated and may be removed in a future Spack release.
==> Error: FetchError: Will not fetch hpcviewer@2019.04
    If you are willing to be a maintainer for this version of the package, submit a PR to remove `deprecated=False`, or use `--deprecated` to skip this check.

/p/vast1/build/spack/lib/spack/spack/package.py:1395, in do_fetch:
       1392                        dp_msg))
       1393
       1394            if not ignore_deprecation:
  >>   1395                raise FetchError("Will not fetch {0}".format(
       1396                    self.spec.format('{name}{@version}')), dp_msg)
       1397
       1398        self.stage.create()


==> Warning: using "hpcviewer@2019.02" which is a deprecated version
==> Warning: hpcviewer@2019.02 is deprecated and may be removed in a future Spack release.
==> Error: FetchError: Will not fetch hpcviewer@2019.02
    If you are willing to be a maintainer for this version of the package, submit a PR to remove `deprecated=False`, or use `--deprecated` to skip this check.

/p/vast1/build/spack/lib/spack/spack/package.py:1395, in do_fetch:
       1392                        dp_msg))
       1393
       1394            if not ignore_deprecation:
  >>   1395                raise FetchError("Will not fetch {0}".format(
       1396                    self.spec.format('{name}{@version}')), dp_msg)
       1397
       1398        self.stage.create()


Making predictions for spack-test
Making predictions for symbolator
Making predictions for libabigail
abicompat not found on path, will look for spack instead.
Making predictions for actual
