==> Warning: Missing a source id for hpctoolkit@master
==> Warning: Missing a source id for hpctoolkit@master
==> Warning: Missing a source id for hpctoolkit@master
==> Warning: Missing a source id for hpctoolkit@master
==> Warning: Missing a source id for hpctoolkit@master
==> Warning: Missing a source id for hpctoolkit@master
==> Warning: Missing a source id for hpctoolkit@master
==> Warning: Missing a source id for hpctoolkit@master
==> Warning: Missing a source id for hpctoolkit@master
==> Warning: Missing a source id for hpctoolkit@master
==> Warning: Missing a source id for hpctoolkit@master
==> Warning: Missing a source id for hpctoolkit@master
==> Warning: Missing a source id for hpctoolkit@master
==> Warning: Missing a source id for hpctoolkit@master
==> Warning: Missing a source id for hpctoolkit@master
==> Warning: Missing a source id for hpctoolkit@master
==> Warning: Missing a source id for hpctoolkit@master
==> Warning: Missing a source id for hpctoolkit@master
Making predictions for symbolator
Making predictions for libabigail
Making predictions for actual
/var/spool/slurmd/job100325/slurm_script: line 12: 38002 Killed                  spliced splice --package hpctoolkit@master --splice elfutils --runner spack --replace elfutils --experiment experiment --outfile /p/vast1/build/spliced-experiment/results/hpctoolkit/master/elfutils/experiment.json
==> Warning: Missing a source id for hpctoolkit@master
==> Warning: Missing a source id for hpctoolkit@master
==> Warning: Missing a source id for hpctoolkit@master
==> Warning: Missing a source id for hpctoolkit@master
==> Warning: Missing a source id for hpctoolkit@master
==> Warning: Missing a source id for hpctoolkit@master
==> Warning: Missing a source id for hpctoolkit@master
==> Warning: Missing a source id for hpctoolkit@master
==> Warning: Missing a source id for hpctoolkit@master
==> Warning: Missing a source id for hpctoolkit@master
==> Warning: Missing a source id for hpctoolkit@master
==> Warning: Missing a source id for hpctoolkit@master
==> Warning: Missing a source id for hpctoolkit@master
==> Warning: Missing a source id for hpctoolkit@master
==> Warning: Missing a source id for hpctoolkit@master
==> Warning: Missing a source id for hpctoolkit@master
==> Warning: Missing a source id for hpctoolkit@master
==> Warning: Missing a source id for hpctoolkit@master
Making predictions for spack-test
Making predictions for symbolator
Making predictions for libabigail
abicompat not found on path, will look for spack instead.
Making predictions for actual
