Concretizing hpctoolkit@develop
[+] /p/vast1/build/spack/opt/spack/linux-rhel7-broadwell/gcc-10.2.1/libiconv-1.16-glggocpnh7m2dgmtu4fedhbfeessepbe
[+] /p/vast1/build/spack/opt/spack/linux-rhel7-broadwell/gcc-10.2.1/pkgconf-1.8.0-gp2xp6yplvubgic6eunbnl7emqdq3dye
[+] /p/vast1/build/spack/opt/spack/linux-rhel7-broadwell/gcc-10.2.1/xz-5.2.5-4oczqziqzfh2ij3va5gbc7waz4rf2bkj
[+] /p/vast1/build/spack/opt/spack/linux-rhel7-broadwell/gcc-10.2.1/zlib-1.2.11-su2ldy5ofm424qnly3kitbbdgwovpfk4
[+] /p/vast1/build/spack/opt/spack/linux-rhel7-broadwell/gcc-10.2.1/berkeley-db-18.1.40-c7okyaricn3s5wx6lqo2exspq6tuninj
[+] /p/vast1/build/spack/opt/spack/linux-rhel7-broadwell/gcc-10.2.1/libsigsegv-2.13-7rh3iftx6wqudr26scqm7nyzm4xxgqcc
[+] /p/vast1/build/spack/opt/spack/linux-rhel7-broadwell/gcc-10.2.1/libiberty-2.33.1-2zvihvo2nzmx5fg75kwtuaf2ysirqfqh
[+] /p/vast1/build/spack/opt/spack/linux-rhel7-broadwell/gcc-10.2.1/openjdk-11.0.12_7-cppyyeztualrvcfu567lgrjlsa2rxjab
[+] /p/vast1/build/spack/opt/spack/linux-rhel7-broadwell/gcc-10.2.1/libmd-1.0.3-2ov67rcd3fulh2bvd46bb7cjgf3yckoh
[+] /p/vast1/build/spack/opt/spack/linux-rhel7-broadwell/gcc-10.2.1/libffi-3.3-zyoezbz35scxddz3sf2hsqa6dancnjru
[+] /p/vast1/build/spack/opt/spack/linux-rhel7-broadwell/gcc-10.2.1/libmonitor-2021.11.08-2hpaabftqh77mlo27htyfo23llmvk4rr
[+] /p/vast1/build/spack/opt/spack/linux-rhel7-broadwell/gcc-10.2.1/mbedtls-3.0.0-h6eqnbcsdrnrn54rkx4zmtd2cx6oaojk
[+] /p/vast1/build/spack/opt/spack/linux-rhel7-broadwell/gcc-10.2.1/papi-6.0.0.1-62emwcxfgw35opywe25sgxwuvoikrxlc
[+] /p/vast1/build/spack/opt/spack/linux-rhel7-broadwell/gcc-10.2.1/tar-1.34-3g4ty3srw34e6frmd2d2f523hr2pck3g
[+] /p/vast1/build/spack/opt/spack/linux-rhel7-broadwell/gcc-10.2.1/diffutils-3.8-vxb536efq575rjec2zqsyqgsebpspfvs
[+] /p/vast1/build/spack/opt/spack/linux-rhel7-broadwell/gcc-10.2.1/ncurses-6.2-2xef6sx47tqatqlceqguyz3rza5okbhy
[+] /p/vast1/build/spack/opt/spack/linux-rhel7-broadwell/gcc-10.2.1/util-linux-uuid-2.36.2-6icy3q75q4f2andannpqgkcdmzoir7sd
[+] /p/vast1/build/spack/opt/spack/linux-rhel7-broadwell/gcc-10.2.1/libunwind-1.5.0-4h7lxx74fqhdfwkwpuycaqae3cgea2he
[+] /p/vast1/build/spack/opt/spack/linux-rhel7-broadwell/gcc-10.2.1/libxml2-2.9.12-fmynvtgtom5wcv4ew7otv5kjd4tnvd4u
[+] /p/vast1/build/spack/opt/spack/linux-rhel7-broadwell/gcc-10.2.1/m4-1.4.19-zeen2avy7avmg5n7cd6yaqspkj3rup2t
[+] /p/vast1/build/spack/opt/spack/linux-rhel7-broadwell/gcc-10.2.1/hpcviewer-2021.10-ivtpllowkysp6ojat5sabpwf3gxd7u3g
[+] /p/vast1/build/spack/opt/spack/linux-rhel7-broadwell/gcc-10.2.1/libbsd-0.11.3-3bk5tkx2u7x44ivhjo723eyc3kbvzj2t
[+] /p/vast1/build/spack/opt/spack/linux-rhel7-broadwell/gcc-10.2.1/bzip2-1.0.8-jmjklgubcyryaddwqvzuvzeiq6zfqmst
[+] /p/vast1/build/spack/opt/spack/linux-rhel7-broadwell/gcc-10.2.1/readline-8.1-vfjorqgtmqh3rl5ollaj4n2uusx4foez
[+] /p/vast1/build/spack/opt/spack/linux-rhel7-broadwell/gcc-10.2.1/libtool-2.4.6-v5tvhyer33lc2hhisqrztia7bmreecdr
[+] /p/vast1/build/spack/opt/spack/linux-rhel7-broadwell/gcc-10.2.1/expat-2.4.1-kya5u2fynwiaatzc4mfarh675cq6au2y
[+] /p/vast1/build/spack/opt/spack/linux-rhel7-broadwell/gcc-10.2.1/elfutils-0.186-yvs6nbvtlphakv7wmfjjpmgxv7anx7fa
[+] /p/vast1/build/spack/opt/spack/linux-rhel7-broadwell/gcc-10.2.1/gettext-0.21-msjxpubasgys7qduz2bzm5qs3uqabsfr
[+] /p/vast1/build/spack/opt/spack/linux-rhel7-broadwell/gcc-10.2.1/boost-1.77.0-z3j3mp3tbwl34way2jezwt7tu433vtb7
[+] /p/vast1/build/spack/opt/spack/linux-rhel7-broadwell/gcc-10.2.1/sqlite-3.36.0-2hy2e3pav6gykaiuxcqrj6xwb3hikfkt
[+] /p/vast1/build/spack/opt/spack/linux-rhel7-broadwell/gcc-10.2.1/gdbm-1.19-k5otkqycqsp3sya4vlvqbekdodhy2a2b
[+] /p/vast1/build/spack/opt/spack/linux-rhel7-broadwell/gcc-10.2.1/libdwarf-20180129-ddtrhodjxt62q6a2qvotia2poj7mqkfk
[+] /p/vast1/build/spack/opt/spack/linux-rhel7-broadwell/gcc-10.2.1/binutils-2.37-grrkdh6rlxerhgeqy4by6cbd4enwbzed
[+] /p/vast1/build/spack/opt/spack/linux-rhel7-broadwell/gcc-10.2.1/perl-5.34.0-wimaji5zk5vlms3psvdtvmxifnine4nh
[+] /p/vast1/build/spack/opt/spack/linux-rhel7-broadwell/gcc-10.2.1/openssl-1.1.1l-sozkiugfpwd75rjehlrzn3ymhrojqyp2
[+] /p/vast1/build/spack/opt/spack/linux-rhel7-broadwell/gcc-10.2.1/autoconf-2.69-pfmcbnykmtv5mjmsmwbesqcoea22hrrx
[+] /p/vast1/build/spack/opt/spack/linux-rhel7-broadwell/gcc-10.2.1/python-3.8.12-uc2wxswlfdkojcpf6rfjxlvhcofxln3h
[+] /p/vast1/build/spack/opt/spack/linux-rhel7-broadwell/gcc-10.2.1/curl-7.80.0-jbyvp3ou4px6qhzwjrprjapx3hapjtox
[+] /p/vast1/build/spack/opt/spack/linux-rhel7-broadwell/gcc-10.2.1/cmake-3.21.4-hvgwgb6duea6jzf2rywitb4a5lqdrpii
[+] /p/vast1/build/spack/opt/spack/linux-rhel7-broadwell/gcc-10.2.1/automake-1.16.3-rxeto3fcfyywhhza4jadwlacwh3doghz
[+] /p/vast1/build/spack/opt/spack/linux-rhel7-broadwell/gcc-10.2.1/intel-xed-12.0.1-ydo7v5a6xzui6dlnn56mplr5yl7l5ew7
[+] /p/vast1/build/spack/opt/spack/linux-rhel7-broadwell/gcc-10.2.1/xerces-c-3.2.3-j2lbvq3kg5nujzaifr7v474n544vs7qj
[+] /p/vast1/build/spack/opt/spack/linux-rhel7-broadwell/gcc-10.2.1/intel-tbb-2020.3-ssbpnrc5drf2pk7bx53asgnpwsqmigs6
[+] /p/vast1/build/spack/opt/spack/linux-rhel7-broadwell/gcc-10.2.1/gotcha-1.0.3-3bsralz76zqs44oiykiqjfc25mdhch7k
[+] /p/vast1/build/spack/opt/spack/linux-rhel7-broadwell/gcc-10.2.1/numactl-2.0.14-wiobx4m5fgmgis4po6hi44kpy7ad57vj
[+] /p/vast1/build/spack/opt/spack/linux-rhel7-broadwell/gcc-10.2.1/dyninst-12.0.1-fxflrn2xeqesw3uthru3wu6pyb7ci6pc
[+] /p/vast1/build/spack/opt/spack/linux-rhel7-broadwell/gcc-10.2.1/memkind-1.10.1-wtkmyzhiqlttscm6irksk2f6uf27xs6w
[+] /p/vast1/build/spack/opt/spack/linux-rhel7-broadwell/gcc-10.2.1/hpctoolkit-develop-lqpk7s7w2ghqulhwrhymmb7nqq4dkulc
Testing splicing in (and out) hpcviewer@2021.10
[+] /p/vast1/build/spack/opt/spack/linux-rhel7-broadwell/gcc-10.2.1/openjdk-11.0.12_7-cppyyeztualrvcfu567lgrjlsa2rxjab
[+] /p/vast1/build/spack/opt/spack/linux-rhel7-broadwell/gcc-10.2.1/hpcviewer-2021.10-ivtpllowkysp6ojat5sabpwf3gxd7u3g
Testing splicing in (and out) hpcviewer@2021.05
[+] /p/vast1/build/spack/opt/spack/linux-rhel7-broadwell/gcc-10.2.1/openjdk-11.0.12_7-cppyyeztualrvcfu567lgrjlsa2rxjab
[+] /p/vast1/build/spack/opt/spack/linux-rhel7-broadwell/gcc-10.2.1/hpcviewer-2021.05-gftkawx6xvelkbdwirns6vhhuhozplwe
Testing splicing in (and out) hpcviewer@2021.03
[+] /p/vast1/build/spack/opt/spack/linux-rhel7-broadwell/gcc-10.2.1/openjdk-11.0.12_7-cppyyeztualrvcfu567lgrjlsa2rxjab
[+] /p/vast1/build/spack/opt/spack/linux-rhel7-broadwell/gcc-10.2.1/hpcviewer-2021.03-w76gtjqq6qk7lev4mm4o7pipoywrg7gz
Testing splicing in (and out) hpcviewer@2021.01
[+] /p/vast1/build/spack/opt/spack/linux-rhel7-broadwell/gcc-10.2.1/openjdk-11.0.12_7-cppyyeztualrvcfu567lgrjlsa2rxjab
[+] /p/vast1/build/spack/opt/spack/linux-rhel7-broadwell/gcc-10.2.1/hpcviewer-2021.01-d2wju2kawtt6j53nczcwx33f77oki57n
Testing splicing in (and out) hpcviewer@2020.12
[+] /p/vast1/build/spack/opt/spack/linux-rhel7-broadwell/gcc-10.2.1/openjdk-1.8.0_265-b01-o76f3xgj5ajrmxbmeld6hl6wk7gxlfat
[+] /p/vast1/build/spack/opt/spack/linux-rhel7-broadwell/gcc-10.2.1/hpcviewer-2020.12-xmuoarsmotqgo4i4w3faofsirjrlo7in
Testing splicing in (and out) hpcviewer@2020.07
[+] /p/vast1/build/spack/opt/spack/linux-rhel7-broadwell/gcc-10.2.1/openjdk-1.8.0_265-b01-o76f3xgj5ajrmxbmeld6hl6wk7gxlfat
[+] /p/vast1/build/spack/opt/spack/linux-rhel7-broadwell/gcc-10.2.1/hpcviewer-2020.07-cducfo6j6cgdudw522qze4q5qnvjnqjx
Testing splicing in (and out) hpcviewer@2020.05
[+] /p/vast1/build/spack/opt/spack/linux-rhel7-broadwell/gcc-10.2.1/openjdk-1.8.0_265-b01-o76f3xgj5ajrmxbmeld6hl6wk7gxlfat
[+] /p/vast1/build/spack/opt/spack/linux-rhel7-broadwell/gcc-10.2.1/hpcviewer-2020.05-w6gvzwnnpn43spyb7hipz5qeqwiiffsc
Testing splicing in (and out) hpcviewer@2020.04
[+] /p/vast1/build/spack/opt/spack/linux-rhel7-broadwell/gcc-10.2.1/openjdk-1.8.0_265-b01-o76f3xgj5ajrmxbmeld6hl6wk7gxlfat
[+] /p/vast1/build/spack/opt/spack/linux-rhel7-broadwell/gcc-10.2.1/hpcviewer-2020.04-kobp4wh6ngtcyqlsmiymxlllepuem6l6
Testing splicing in (and out) hpcviewer@2020.02
[+] /p/vast1/build/spack/opt/spack/linux-rhel7-broadwell/gcc-10.2.1/openjdk-1.8.0_265-b01-o76f3xgj5ajrmxbmeld6hl6wk7gxlfat
[+] /p/vast1/build/spack/opt/spack/linux-rhel7-broadwell/gcc-10.2.1/hpcviewer-2020.02-n5k7z5eov7kac4bbwuqacifodnub54w4
Testing splicing in (and out) hpcviewer@2020.01
[+] /p/vast1/build/spack/opt/spack/linux-rhel7-broadwell/gcc-10.2.1/openjdk-1.8.0_265-b01-o76f3xgj5ajrmxbmeld6hl6wk7gxlfat
Testing splicing in (and out) hpcviewer@2019.12
[+] /p/vast1/build/spack/opt/spack/linux-rhel7-broadwell/gcc-10.2.1/openjdk-1.8.0_265-b01-o76f3xgj5ajrmxbmeld6hl6wk7gxlfat
==> Installing hpcviewer-2019.12-se3iqotkvfyvnvmsgugdgfrn2w2x2de4
==> No binary for hpcviewer-2019.12-se3iqotkvfyvnvmsgugdgfrn2w2x2de4 found: installing from source
Testing splicing in (and out) hpcviewer@2019.09
[+] /p/vast1/build/spack/opt/spack/linux-rhel7-broadwell/gcc-10.2.1/openjdk-1.8.0_265-b01-o76f3xgj5ajrmxbmeld6hl6wk7gxlfat
==> Installing hpcviewer-2019.09-t5hobunaab5izjynckir2nz2qy4gs4hy
==> No binary for hpcviewer-2019.09-t5hobunaab5izjynckir2nz2qy4gs4hy found: installing from source
Testing splicing in (and out) hpcviewer@2019.08
[+] /p/vast1/build/spack/opt/spack/linux-rhel7-broadwell/gcc-10.2.1/openjdk-1.8.0_265-b01-o76f3xgj5ajrmxbmeld6hl6wk7gxlfat
==> Installing hpcviewer-2019.08-b4rxjckiw35imbadn2ijbibqzekrsico
==> No binary for hpcviewer-2019.08-b4rxjckiw35imbadn2ijbibqzekrsico found: installing from source
Testing splicing in (and out) hpcviewer@2019.07
[+] /p/vast1/build/spack/opt/spack/linux-rhel7-broadwell/gcc-10.2.1/openjdk-1.8.0_265-b01-o76f3xgj5ajrmxbmeld6hl6wk7gxlfat
==> Installing hpcviewer-2019.07-5cs43quk54tpav374xfu34akvyyhajdh
==> No binary for hpcviewer-2019.07-5cs43quk54tpav374xfu34akvyyhajdh found: installing from source
Testing splicing in (and out) hpcviewer@2019.04
[+] /p/vast1/build/spack/opt/spack/linux-rhel7-broadwell/gcc-10.2.1/openjdk-1.8.0_265-b01-o76f3xgj5ajrmxbmeld6hl6wk7gxlfat
==> Installing hpcviewer-2019.04-wcsx62s7xuc7thub7bpdgpsibsq6nk53
==> No binary for hpcviewer-2019.04-wcsx62s7xuc7thub7bpdgpsibsq6nk53 found: installing from source
Testing splicing in (and out) hpcviewer@2019.02
[+] /p/vast1/build/spack/opt/spack/linux-rhel7-broadwell/gcc-10.2.1/openjdk-1.8.0_265-b01-o76f3xgj5ajrmxbmeld6hl6wk7gxlfat
==> Installing hpcviewer-2019.02-fbepjhflg73bf5trgqq4nib7tyrdvkre
==> No binary for hpcviewer-2019.02-fbepjhflg73bf5trgqq4nib7tyrdvkre found: installing from source
Concretizing hpctoolkit@develop
[+] /p/vast1/build/spack/opt/spack/linux-rhel7-broadwell/gcc-10.2.1/libiconv-1.16-glggocpnh7m2dgmtu4fedhbfeessepbe
[+] /p/vast1/build/spack/opt/spack/linux-rhel7-broadwell/gcc-10.2.1/pkgconf-1.8.0-gp2xp6yplvubgic6eunbnl7emqdq3dye
[+] /p/vast1/build/spack/opt/spack/linux-rhel7-broadwell/gcc-10.2.1/xz-5.2.5-4oczqziqzfh2ij3va5gbc7waz4rf2bkj
[+] /p/vast1/build/spack/opt/spack/linux-rhel7-broadwell/gcc-10.2.1/zlib-1.2.11-su2ldy5ofm424qnly3kitbbdgwovpfk4
[+] /p/vast1/build/spack/opt/spack/linux-rhel7-broadwell/gcc-10.2.1/berkeley-db-18.1.40-c7okyaricn3s5wx6lqo2exspq6tuninj
[+] /p/vast1/build/spack/opt/spack/linux-rhel7-broadwell/gcc-10.2.1/libsigsegv-2.13-7rh3iftx6wqudr26scqm7nyzm4xxgqcc
[+] /p/vast1/build/spack/opt/spack/linux-rhel7-broadwell/gcc-10.2.1/libiberty-2.37-wmise6wvsewx5ga55rvcr3wcng5oq2mk
[+] /p/vast1/build/spack/opt/spack/linux-rhel7-broadwell/gcc-10.2.1/openjdk-11.0.12_7-cppyyeztualrvcfu567lgrjlsa2rxjab
[+] /p/vast1/build/spack/opt/spack/linux-rhel7-broadwell/gcc-10.2.1/libmd-1.0.4-rooxnv7z75ill3knhg6bxfttmwxdag6i
[+] /p/vast1/build/spack/opt/spack/linux-rhel7-broadwell/gcc-10.2.1/libffi-3.4.2-7vfnd7a5ankpytut3b4oqhktzrcbabfm
[+] /p/vast1/build/spack/opt/spack/linux-rhel7-broadwell/gcc-10.2.1/libmonitor-2021.11.08-2hpaabftqh77mlo27htyfo23llmvk4rr
[+] /p/vast1/build/spack/opt/spack/linux-rhel7-broadwell/gcc-10.2.1/mbedtls-3.1.0-xte5pm7kbt7zd3f5zs7yvy3wvsv6eqtx
[+] /p/vast1/build/spack/opt/spack/linux-rhel7-broadwell/gcc-10.2.1/papi-6.0.0.1-62emwcxfgw35opywe25sgxwuvoikrxlc
[+] /p/vast1/build/spack/opt/spack/linux-rhel7-broadwell/gcc-10.2.1/tar-1.34-3g4ty3srw34e6frmd2d2f523hr2pck3g
[+] /p/vast1/build/spack/opt/spack/linux-rhel7-broadwell/gcc-10.2.1/diffutils-3.8-vxb536efq575rjec2zqsyqgsebpspfvs
[+] /p/vast1/build/spack/opt/spack/linux-rhel7-broadwell/gcc-10.2.1/util-linux-uuid-2.37.4-26saxoixdjk3763nksg3ajmdzt5gyubu
[+] /p/vast1/build/spack/opt/spack/linux-rhel7-broadwell/gcc-10.2.1/ncurses-6.2-2xef6sx47tqatqlceqguyz3rza5okbhy
[+] /p/vast1/build/spack/opt/spack/linux-rhel7-broadwell/gcc-10.2.1/libunwind-1.5.0-4h7lxx74fqhdfwkwpuycaqae3cgea2he
[+] /p/vast1/build/spack/opt/spack/linux-rhel7-broadwell/gcc-10.2.1/libxml2-2.9.12-fmynvtgtom5wcv4ew7otv5kjd4tnvd4u
[+] /p/vast1/build/spack/opt/spack/linux-rhel7-broadwell/gcc-10.2.1/m4-1.4.19-zeen2avy7avmg5n7cd6yaqspkj3rup2t
[+] /p/vast1/build/spack/opt/spack/linux-rhel7-broadwell/gcc-10.2.1/hpcviewer-2022.01-nr36xerfw4ef4hj3l22kuuxr5e4vzn4j
[+] /p/vast1/build/spack/opt/spack/linux-rhel7-broadwell/gcc-10.2.1/libbsd-0.11.5-yt5rlx2ycq24tyyohhconaxiqgzajzbo
[+] /p/vast1/build/spack/opt/spack/linux-rhel7-broadwell/gcc-10.2.1/bzip2-1.0.8-jmjklgubcyryaddwqvzuvzeiq6zfqmst
[+] /p/vast1/build/spack/opt/spack/linux-rhel7-broadwell/gcc-10.2.1/readline-8.1-vfjorqgtmqh3rl5ollaj4n2uusx4foez
[+] /p/vast1/build/spack/opt/spack/linux-rhel7-broadwell/gcc-10.2.1/libtool-2.4.6-v5tvhyer33lc2hhisqrztia7bmreecdr
[+] /p/vast1/build/spack/opt/spack/linux-rhel7-broadwell/gcc-10.2.1/expat-2.4.6-akiducmoeufix2d6beegvgbj5skm36ul
[+] /p/vast1/build/spack/opt/spack/linux-rhel7-broadwell/gcc-10.2.1/gettext-0.21-msjxpubasgys7qduz2bzm5qs3uqabsfr
[+] /p/vast1/build/spack/opt/spack/linux-rhel7-broadwell/gcc-10.2.1/elfutils-0.186-yvs6nbvtlphakv7wmfjjpmgxv7anx7fa
[+] /p/vast1/build/spack/opt/spack/linux-rhel7-broadwell/gcc-10.2.1/boost-1.78.0-6rxpepkzqc5z2forjduz3edcjxjjxvtr
[+] /p/vast1/build/spack/opt/spack/linux-rhel7-broadwell/gcc-10.2.1/sqlite-3.37.2-osxyeivy7mdmhjyjwcsm4l7tooho6s2d
[+] /p/vast1/build/spack/opt/spack/linux-rhel7-broadwell/gcc-10.2.1/gdbm-1.19-k5otkqycqsp3sya4vlvqbekdodhy2a2b
[+] /p/vast1/build/spack/opt/spack/linux-rhel7-broadwell/gcc-10.2.1/binutils-2.38-grdjwfqilvemqbxxqxb5mf5w4cvgvt6c
[+] /p/vast1/build/spack/opt/spack/linux-rhel7-broadwell/gcc-10.2.1/libdwarf-20180129-ddtrhodjxt62q6a2qvotia2poj7mqkfk
[+] /p/vast1/build/spack/opt/spack/linux-rhel7-broadwell/gcc-10.2.1/perl-5.34.0-wimaji5zk5vlms3psvdtvmxifnine4nh
[+] /p/vast1/build/spack/opt/spack/linux-rhel7-broadwell/gcc-10.2.1/autoconf-2.69-pfmcbnykmtv5mjmsmwbesqcoea22hrrx
[+] /p/vast1/build/spack/opt/spack/linux-rhel7-broadwell/gcc-10.2.1/openssl-1.1.1m-momhhzpwxq3fzqnlqbabquoitiq5d6q6
[+] /p/vast1/build/spack/opt/spack/linux-rhel7-broadwell/gcc-10.2.1/automake-1.16.5-7gugpvl5tq7e3xqgw7wna3fwdlbrszqs
[+] /p/vast1/build/spack/opt/spack/linux-rhel7-broadwell/gcc-10.2.1/cmake-3.22.2-7oku4yd37mfoi65gi3alunjbl35euphw
[+] /p/vast1/build/spack/opt/spack/linux-rhel7-broadwell/gcc-10.2.1/python-3.9.10-2245x3bkzy2abonw3swqyjrihtzqn6qw
[+] /p/vast1/build/spack/opt/spack/linux-rhel7-broadwell/gcc-10.2.1/curl-7.81.0-lxbn2izuufrj42abaiyxrya5ac7pjlg7
[+] /p/vast1/build/spack/opt/spack/linux-rhel7-broadwell/gcc-10.2.1/numactl-2.0.14-wiobx4m5fgmgis4po6hi44kpy7ad57vj
[+] /p/vast1/build/spack/opt/spack/linux-rhel7-broadwell/gcc-10.2.1/intel-tbb-2020.3-ssbpnrc5drf2pk7bx53asgnpwsqmigs6
[+] /p/vast1/build/spack/opt/spack/linux-rhel7-broadwell/gcc-10.2.1/gotcha-1.0.3-3bsralz76zqs44oiykiqjfc25mdhch7k
[+] /p/vast1/build/spack/opt/spack/linux-rhel7-broadwell/gcc-10.2.1/intel-xed-12.0.1-ydo7v5a6xzui6dlnn56mplr5yl7l5ew7
[+] /p/vast1/build/spack/opt/spack/linux-rhel7-broadwell/gcc-10.2.1/xerces-c-3.2.3-nq66gamwbt7nbjj7v6kn4wyttelecevg
[+] /p/vast1/build/spack/opt/spack/linux-rhel7-broadwell/gcc-10.2.1/memkind-1.12.0-helspm2wamlycnv3iqlegx4vvktmml2e
[+] /p/vast1/build/spack/opt/spack/linux-rhel7-broadwell/gcc-10.2.1/dyninst-12.0.1-5wruqupnbyhnea3m4kforivhaw4mns2u
[+] /p/vast1/build/spack/opt/spack/linux-rhel7-broadwell/gcc-10.2.1/hpctoolkit-develop-wvjtzn2cenk2gofr3dcukgbz72n65oo6
Testing splicing in (and out) hpcviewer@2022.01
[+] /p/vast1/build/spack/opt/spack/linux-rhel7-broadwell/gcc-10.2.1/openjdk-11.0.12_7-cppyyeztualrvcfu567lgrjlsa2rxjab
[+] /p/vast1/build/spack/opt/spack/linux-rhel7-broadwell/gcc-10.2.1/hpcviewer-2022.01-nr36xerfw4ef4hj3l22kuuxr5e4vzn4j
Testing splicing in (and out) hpcviewer@2021.10
[+] /p/vast1/build/spack/opt/spack/linux-rhel7-broadwell/gcc-10.2.1/openjdk-11.0.12_7-cppyyeztualrvcfu567lgrjlsa2rxjab
[+] /p/vast1/build/spack/opt/spack/linux-rhel7-broadwell/gcc-10.2.1/hpcviewer-2021.10-ivtpllowkysp6ojat5sabpwf3gxd7u3g
Testing splicing in (and out) hpcviewer@2021.05
[+] /p/vast1/build/spack/opt/spack/linux-rhel7-broadwell/gcc-10.2.1/openjdk-11.0.12_7-cppyyeztualrvcfu567lgrjlsa2rxjab
[+] /p/vast1/build/spack/opt/spack/linux-rhel7-broadwell/gcc-10.2.1/hpcviewer-2021.05-gftkawx6xvelkbdwirns6vhhuhozplwe
Testing splicing in (and out) hpcviewer@2021.03
[+] /p/vast1/build/spack/opt/spack/linux-rhel7-broadwell/gcc-10.2.1/openjdk-11.0.12_7-cppyyeztualrvcfu567lgrjlsa2rxjab
[+] /p/vast1/build/spack/opt/spack/linux-rhel7-broadwell/gcc-10.2.1/hpcviewer-2021.03-w76gtjqq6qk7lev4mm4o7pipoywrg7gz
Testing splicing in (and out) hpcviewer@2021.01
[+] /p/vast1/build/spack/opt/spack/linux-rhel7-broadwell/gcc-10.2.1/openjdk-11.0.12_7-cppyyeztualrvcfu567lgrjlsa2rxjab
[+] /p/vast1/build/spack/opt/spack/linux-rhel7-broadwell/gcc-10.2.1/hpcviewer-2021.01-d2wju2kawtt6j53nczcwx33f77oki57n
Testing splicing in (and out) hpcviewer@2020.12
[+] /p/vast1/build/spack/opt/spack/linux-rhel7-broadwell/gcc-10.2.1/openjdk-1.8.0_265-b01-o76f3xgj5ajrmxbmeld6hl6wk7gxlfat
[+] /p/vast1/build/spack/opt/spack/linux-rhel7-broadwell/gcc-10.2.1/hpcviewer-2020.12-xmuoarsmotqgo4i4w3faofsirjrlo7in
Testing splicing in (and out) hpcviewer@2020.07
[+] /p/vast1/build/spack/opt/spack/linux-rhel7-broadwell/gcc-10.2.1/openjdk-1.8.0_265-b01-o76f3xgj5ajrmxbmeld6hl6wk7gxlfat
[+] /p/vast1/build/spack/opt/spack/linux-rhel7-broadwell/gcc-10.2.1/hpcviewer-2020.07-cducfo6j6cgdudw522qze4q5qnvjnqjx
Testing splicing in (and out) hpcviewer@2020.05
[+] /p/vast1/build/spack/opt/spack/linux-rhel7-broadwell/gcc-10.2.1/openjdk-1.8.0_265-b01-o76f3xgj5ajrmxbmeld6hl6wk7gxlfat
[+] /p/vast1/build/spack/opt/spack/linux-rhel7-broadwell/gcc-10.2.1/hpcviewer-2020.05-w6gvzwnnpn43spyb7hipz5qeqwiiffsc
Testing splicing in (and out) hpcviewer@2020.04
[+] /p/vast1/build/spack/opt/spack/linux-rhel7-broadwell/gcc-10.2.1/openjdk-1.8.0_265-b01-o76f3xgj5ajrmxbmeld6hl6wk7gxlfat
[+] /p/vast1/build/spack/opt/spack/linux-rhel7-broadwell/gcc-10.2.1/hpcviewer-2020.04-kobp4wh6ngtcyqlsmiymxlllepuem6l6
Testing splicing in (and out) hpcviewer@2020.02
[+] /p/vast1/build/spack/opt/spack/linux-rhel7-broadwell/gcc-10.2.1/openjdk-1.8.0_265-b01-o76f3xgj5ajrmxbmeld6hl6wk7gxlfat
[+] /p/vast1/build/spack/opt/spack/linux-rhel7-broadwell/gcc-10.2.1/hpcviewer-2020.02-n5k7z5eov7kac4bbwuqacifodnub54w4
Testing splicing in (and out) hpcviewer@2020.01
[+] /p/vast1/build/spack/opt/spack/linux-rhel7-broadwell/gcc-10.2.1/openjdk-1.8.0_265-b01-o76f3xgj5ajrmxbmeld6hl6wk7gxlfat
==> Installing hpcviewer-2020.01-ofwflgi4la4pmojkla3dnpvgmqo457ut
==> No binary for hpcviewer-2020.01-ofwflgi4la4pmojkla3dnpvgmqo457ut found: installing from source
Testing splicing in (and out) hpcviewer@2019.12
[+] /p/vast1/build/spack/opt/spack/linux-rhel7-broadwell/gcc-10.2.1/openjdk-1.8.0_265-b01-o76f3xgj5ajrmxbmeld6hl6wk7gxlfat
==> Installing hpcviewer-2019.12-se3iqotkvfyvnvmsgugdgfrn2w2x2de4
==> No binary for hpcviewer-2019.12-se3iqotkvfyvnvmsgugdgfrn2w2x2de4 found: installing from source
Testing splicing in (and out) hpcviewer@2019.09
[+] /p/vast1/build/spack/opt/spack/linux-rhel7-broadwell/gcc-10.2.1/openjdk-1.8.0_265-b01-o76f3xgj5ajrmxbmeld6hl6wk7gxlfat
==> Installing hpcviewer-2019.09-t5hobunaab5izjynckir2nz2qy4gs4hy
==> No binary for hpcviewer-2019.09-t5hobunaab5izjynckir2nz2qy4gs4hy found: installing from source
Testing splicing in (and out) hpcviewer@2019.08
[+] /p/vast1/build/spack/opt/spack/linux-rhel7-broadwell/gcc-10.2.1/openjdk-1.8.0_265-b01-o76f3xgj5ajrmxbmeld6hl6wk7gxlfat
==> Installing hpcviewer-2019.08-b4rxjckiw35imbadn2ijbibqzekrsico
==> No binary for hpcviewer-2019.08-b4rxjckiw35imbadn2ijbibqzekrsico found: installing from source
Testing splicing in (and out) hpcviewer@2019.07
[+] /p/vast1/build/spack/opt/spack/linux-rhel7-broadwell/gcc-10.2.1/openjdk-1.8.0_265-b01-o76f3xgj5ajrmxbmeld6hl6wk7gxlfat
==> Installing hpcviewer-2019.07-5cs43quk54tpav374xfu34akvyyhajdh
==> No binary for hpcviewer-2019.07-5cs43quk54tpav374xfu34akvyyhajdh found: installing from source
Testing splicing in (and out) hpcviewer@2019.04
[+] /p/vast1/build/spack/opt/spack/linux-rhel7-broadwell/gcc-10.2.1/openjdk-1.8.0_265-b01-o76f3xgj5ajrmxbmeld6hl6wk7gxlfat
==> Installing hpcviewer-2019.04-wcsx62s7xuc7thub7bpdgpsibsq6nk53
==> No binary for hpcviewer-2019.04-wcsx62s7xuc7thub7bpdgpsibsq6nk53 found: installing from source
Testing splicing in (and out) hpcviewer@2019.02
[+] /p/vast1/build/spack/opt/spack/linux-rhel7-broadwell/gcc-10.2.1/openjdk-1.8.0_265-b01-o76f3xgj5ajrmxbmeld6hl6wk7gxlfat
==> Installing hpcviewer-2019.02-fbepjhflg73bf5trgqq4nib7tyrdvkre
==> No binary for hpcviewer-2019.02-fbepjhflg73bf5trgqq4nib7tyrdvkre found: installing from source
{'spack-test': [{'message': '==> Spack test bvtaprpr7t7irsqw63thpqrzcrxf7gux\n==> Testing package hpctoolkit-develop-wohemmu\n==> Error: TestFailure: 1 tests failed.\n\n\nCommand exited with status 1:\n    \'/g/g0/sochat1/.spack/test/bvtaprpr7t7irsqw63thpqrzcrxf7gux/hpctoolkit-develop-wohemmu/cache/hpctoolkit/tests/run-sort\'\nBegin smoke test of selection sort, hpcrun, hpcstruct, hpcprof.\n\nhpcrun -e REALTIME@5000 -t -o hpctoolkit-sort-measurements ./sort\norig list:  80000  3200040000\nnew list:   80000  3200040000\n\nhpcstruct -j 4 --time -o sort.hpcstruct sort\nfile:  /g/g0/sochat1/.spack/test/bvtaprpr7t7irsqw63thpqrzcrxf7gux/hpctoolkit-develop-wohemmu/cache/hpctoolkit/tests/sort\nsymtab threads: 4  parse: 4  struct: 4\n\ninit:         0.0 sec         0 meg         7 meg\nsymtab:       0.0 sec         2 meg         9 meg\nparse:        0.0 sec         1 meg        11 meg\nstruct:       0.0 sec         0 meg        11 meg\ntotal:        0.0 sec         3 meg        11 meg\n\nnum funcs: 26\n\n\nhpcprof -S sort.hpcstruct -o hpctoolkit-sort-database hpctoolkit-sort-measurements\nFAIL: hpcprof failed\n/g/g0/sochat1/.spack/test/bvtaprpr7t7irsqw63thpqrzcrxf7gux/hpctoolkit-develop-wohemmu/cache/hpctoolkit/tests/run-sort: line 66: 65084 Segmentation fault      "${bindir}/hpcprof" "$@"\n\n\n\n1 error found in test log:\n     45    total:        0.0 sec         3 meg        11 meg\n     46    \n     47    num funcs: 26\n     48    \n     49    \n     50    hpcprof -S sort.hpcstruct -o hpctoolkit-sort-database hpctoolkit-sor\n           t-measurements\n  >> 51    FAIL: hpcprof failed\n     52    /g/g0/sochat1/.spack/test/bvtaprpr7t7irsqw63thpqrzcrxf7gux/hpctoolki\n           t-develop-wohemmu/cache/hpctoolkit/tests/run-sort: line 66: 65084 Se\n           gmentation fault      "${bindir}/hpcprof" "$@"\n     53    \n     54      File "/p/vast1/build/spack/bin/spack", line 98, in <module>\n\n\n\n/p/vast1/build/spack/lib/spack/spack/build_environment.py:1061, in _setup_pkg_and_run:\n       1058        tb_string = traceback.format_exc()\n       1059\n       1060        # build up some context from the offending package so we can\n  >>   1061        # show that, too.\n       1062        package_context = get_package_context(tb)\n       1063\n       1064        logfile = None\n\nSee test log for details:\n  /g/g0/sochat1/.spack/test/bvtaprpr7t7irsqw63thpqrzcrxf7gux/hpctoolkit-develop-wohemmu-test-out.txt\n\n==> Error: 1 test(s) in the suite failed.\n\n======================== 1 failed, 0 passed of 1 specs =========================\n', 'return_code': 1, 'prediction': False, 'command': '/p/vast1/build/spack/bin/spack test run /wohemm'}], 'symbolator': [{'missing': [], 'selected': [['libpthread.so.0', 'libpthread.so.0'], ['libdl.so.2', 'libdl.so.2'], ['libc.so.6', 'libc.so.6']], 'binary': '/p/vast1/build/spack/opt/spack/linux-rhel7-broadwell/gcc-10.2.1/hpctoolkit-develop-wohemmuplrletu2oqiwg3fkqwtk5mr6y/bin/hpcprof2', 'splice_type': 'same_lib', 'lib': '/p/vast1/build/spack/opt/spack/linux-rhel7-broadwell/gcc-10.2.1/hpcviewer-2022.01-nr36xerfw4ef4hj3l22kuuxr5e4vzn4j/libexec/hpcviewer/hpcviewer', 'prediction': True}, {'missing': [], 'selected': [['libpthread.so.0', 'libpthread.so.0'], ['libdl.so.2', 'libdl.so.2'], ['libc.so.6', 'libc.so.6']], 'binary': '/p/vast1/build/spack/opt/spack/linux-rhel7-broadwell/gcc-10.2.1/hpctoolkit-develop-wohemmuplrletu2oqiwg3fkqwtk5mr6y/bin/hpcprof2', 'splice_type': 'same_lib', 'lib': '/p/vast1/build/spack/opt/spack/linux-rhel7-broadwell/gcc-10.2.1/hpcviewer-2022.01-nr36xerfw4ef4hj3l22kuuxr5e4vzn4j/libexec/hpcviewer/plugins/org.eclipse.equinox.launcher.gtk.linux.x86_64_1.2.200.v20210429-1609/eclipse_11401.so', 'prediction': True}], 'libabigail': [{'message': '', 'return_code': 0, 'binary': '/p/vast1/build/spack/opt/spack/linux-rhel7-broadwell/gcc-10.2.1/hpctoolkit-develop-wohemmuplrletu2oqiwg3fkqwtk5mr6y/bin/hpcprof2', 'splice_type': 'same_lib', 'lib': '/p/vast1/build/spack/opt/spack/linux-rhel7-broadwell/gcc-10.2.1/hpcviewer-2022.01-nr36xerfw4ef4hj3l22kuuxr5e4vzn4j/libexec/hpcviewer/hpcviewer', 'original_lib': '/p/vast1/build/spack/opt/spack/linux-rhel7-broadwell/gcc-10.2.1/hpcviewer-2022.01-nr36xerfw4ef4hj3l22kuuxr5e4vzn4j/libexec/hpcviewer/hpcviewer', 'prediction': True}, {'message': '', 'return_code': 0, 'binary': '/p/vast1/build/spack/opt/spack/linux-rhel7-broadwell/gcc-10.2.1/hpctoolkit-develop-wohemmuplrletu2oqiwg3fkqwtk5mr6y/bin/hpcprof2', 'splice_type': 'same_lib', 'lib': '/p/vast1/build/spack/opt/spack/linux-rhel7-broadwell/gcc-10.2.1/hpcviewer-2022.01-nr36xerfw4ef4hj3l22kuuxr5e4vzn4j/libexec/hpcviewer/plugins/org.eclipse.equinox.launcher.gtk.linux.x86_64_1.2.200.v20210429-1609/eclipse_11401.so', 'original_lib': '/p/vast1/build/spack/opt/spack/linux-rhel7-broadwell/gcc-10.2.1/hpcviewer-2022.01-nr36xerfw4ef4hj3l22kuuxr5e4vzn4j/libexec/hpcviewer/plugins/org.eclipse.equinox.launcher.gtk.linux.x86_64_1.2.200.v20210429-1609/eclipse_11401.so', 'prediction': True}]}
{'spack-test': [{'message': '==> Spack test ariwv24dxhh7pe4fz7lolsatnnjnfudm\n==> Error: LockTimeoutError: Timed out waiting for a read lock.\n\n/p/vast1/build/spack/lib/spack/spack/build_environment.py:1061, in _setup_pkg_and_run:\n       1058        tb_string = traceback.format_exc()\n       1059\n       1060        # build up some context from the offending package so we can\n  >>   1061        # show that, too.\n       1062        package_context = get_package_context(tb)\n       1063\n       1064        logfile = None\n\nSee test log for details:\n  /g/g0/sochat1/.spack/test/ariwv24dxhh7pe4fz7lolsatnnjnfudm/hpctoolkit-develop-hf4wh56-test-out.txt\n\n==> Error: 1 test(s) in the suite failed.\n\n======================== 1 failed, 0 passed of 1 specs =========================\n', 'return_code': 1, 'prediction': False, 'command': '/p/vast1/build/spack/bin/spack test run /hf4wh5'}], 'symbolator': [{'missing': [], 'selected': [['libpthread.so.0', 'libpthread.so.0'], ['libdl.so.2', 'libdl.so.2'], ['libc.so.6', 'libc.so.6']], 'binary': '/p/vast1/build/spack/opt/spack/linux-rhel7-broadwell/gcc-10.2.1/hpctoolkit-develop-hf4wh56lzftcyqkkpifjbh4gfwgog5qh/bin/hpcprof2', 'splice_type': 'same_lib', 'lib': '/p/vast1/build/spack/opt/spack/linux-rhel7-broadwell/gcc-10.2.1/hpcviewer-2021.10-ivtpllowkysp6ojat5sabpwf3gxd7u3g/libexec/hpcviewer/plugins/org.eclipse.equinox.launcher.gtk.linux.x86_64_1.2.200.v20210429-1609/eclipse_11401.so', 'prediction': True}, {'missing': [], 'selected': [['libpthread.so.0', 'libpthread.so.0'], ['libdl.so.2', 'libdl.so.2'], ['libc.so.6', 'libc.so.6']], 'binary': '/p/vast1/build/spack/opt/spack/linux-rhel7-broadwell/gcc-10.2.1/hpctoolkit-develop-hf4wh56lzftcyqkkpifjbh4gfwgog5qh/bin/hpcprof2', 'splice_type': 'same_lib', 'lib': '/p/vast1/build/spack/opt/spack/linux-rhel7-broadwell/gcc-10.2.1/hpcviewer-2021.10-ivtpllowkysp6ojat5sabpwf3gxd7u3g/libexec/hpcviewer/hpcviewer', 'prediction': True}], 'libabigail': [{'message': '', 'return_code': 0, 'binary': '/p/vast1/build/spack/opt/spack/linux-rhel7-broadwell/gcc-10.2.1/hpctoolkit-develop-hf4wh56lzftcyqkkpifjbh4gfwgog5qh/bin/hpcprof2', 'splice_type': 'same_lib', 'lib': '/p/vast1/build/spack/opt/spack/linux-rhel7-broadwell/gcc-10.2.1/hpcviewer-2021.10-ivtpllowkysp6ojat5sabpwf3gxd7u3g/libexec/hpcviewer/plugins/org.eclipse.equinox.launcher.gtk.linux.x86_64_1.2.200.v20210429-1609/eclipse_11401.so', 'original_lib': '/p/vast1/build/spack/opt/spack/linux-rhel7-broadwell/gcc-10.2.1/hpcviewer-2021.10-ivtpllowkysp6ojat5sabpwf3gxd7u3g/libexec/hpcviewer/plugins/org.eclipse.equinox.launcher.gtk.linux.x86_64_1.2.200.v20210429-1609/eclipse_11401.so', 'prediction': True}, {'message': '', 'return_code': 0, 'binary': '/p/vast1/build/spack/opt/spack/linux-rhel7-broadwell/gcc-10.2.1/hpctoolkit-develop-hf4wh56lzftcyqkkpifjbh4gfwgog5qh/bin/hpcprof2', 'splice_type': 'same_lib', 'lib': '/p/vast1/build/spack/opt/spack/linux-rhel7-broadwell/gcc-10.2.1/hpcviewer-2021.10-ivtpllowkysp6ojat5sabpwf3gxd7u3g/libexec/hpcviewer/hpcviewer', 'original_lib': '/p/vast1/build/spack/opt/spack/linux-rhel7-broadwell/gcc-10.2.1/hpcviewer-2021.10-ivtpllowkysp6ojat5sabpwf3gxd7u3g/libexec/hpcviewer/hpcviewer', 'prediction': True}]}
{'spack-test': [{'message': '==> Spack test 6cz4v5he5veovhe6qtxds5s55c43oku7\n==> Testing package hpctoolkit-develop-nwoftfd\n==> Error: TestFailure: 1 tests failed.\n\n\nCommand exited with status 1:\n    \'/g/g0/sochat1/.spack/test/6cz4v5he5veovhe6qtxds5s55c43oku7/hpctoolkit-develop-nwoftfd/cache/hpctoolkit/tests/run-sort\'\nBegin smoke test of selection sort, hpcrun, hpcstruct, hpcprof.\n\nhpcrun -e REALTIME@5000 -t -o hpctoolkit-sort-measurements ./sort\norig list:  80000  3200040000\nnew list:   80000  3200040000\n\nhpcstruct -j 4 --time -o sort.hpcstruct sort\nfile:  /g/g0/sochat1/.spack/test/6cz4v5he5veovhe6qtxds5s55c43oku7/hpctoolkit-develop-nwoftfd/cache/hpctoolkit/tests/sort\nsymtab threads: 4  parse: 4  struct: 4\n\ninit:         0.0 sec         0 meg         7 meg\nsymtab:       0.0 sec         2 meg         9 meg\nparse:        0.0 sec         1 meg        11 meg\nstruct:       0.0 sec         0 meg        11 meg\ntotal:        0.0 sec         3 meg        11 meg\n\nnum funcs: 26\n\n\nhpcprof -S sort.hpcstruct -o hpctoolkit-sort-database hpctoolkit-sort-measurements\nFAIL: hpcprof failed\n/g/g0/sochat1/.spack/test/6cz4v5he5veovhe6qtxds5s55c43oku7/hpctoolkit-develop-nwoftfd/cache/hpctoolkit/tests/run-sort: line 66: 65247 Segmentation fault      "${bindir}/hpcprof" "$@"\n\n\n\n1 error found in test log:\n     45    total:        0.0 sec         3 meg        11 meg\n     46    \n     47    num funcs: 26\n     48    \n     49    \n     50    hpcprof -S sort.hpcstruct -o hpctoolkit-sort-database hpctoolkit-sor\n           t-measurements\n  >> 51    FAIL: hpcprof failed\n     52    /g/g0/sochat1/.spack/test/6cz4v5he5veovhe6qtxds5s55c43oku7/hpctoolki\n           t-develop-nwoftfd/cache/hpctoolkit/tests/run-sort: line 66: 65247 Se\n           gmentation fault      "${bindir}/hpcprof" "$@"\n     53    \n     54      File "/p/vast1/build/spack/bin/spack", line 98, in <module>\n\n\n\n/p/vast1/build/spack/lib/spack/spack/build_environment.py:1061, in _setup_pkg_and_run:\n       1058        tb_string = traceback.format_exc()\n       1059\n       1060        # build up some context from the offending package so we can\n  >>   1061        # show that, too.\n       1062        package_context = get_package_context(tb)\n       1063\n       1064        logfile = None\n\nSee test log for details:\n  /g/g0/sochat1/.spack/test/6cz4v5he5veovhe6qtxds5s55c43oku7/hpctoolkit-develop-nwoftfd-test-out.txt\n\n==> Error: 1 test(s) in the suite failed.\n\n======================== 1 failed, 0 passed of 1 specs =========================\n', 'return_code': 1, 'prediction': False, 'command': '/p/vast1/build/spack/bin/spack test run /nwoftf'}], 'symbolator': [{'missing': [], 'selected': [['libpthread.so.0', 'libpthread.so.0'], ['libdl.so.2', 'libdl.so.2'], ['libc.so.6', 'libc.so.6']], 'binary': '/p/vast1/build/spack/opt/spack/linux-rhel7-broadwell/gcc-10.2.1/hpctoolkit-develop-nwoftfd7m6aapjulmxnpmw2vkbe66nsu/bin/hpcprof2', 'splice_type': 'same_lib', 'lib': '/p/vast1/build/spack/opt/spack/linux-rhel7-broadwell/gcc-10.2.1/hpcviewer-2021.03-w76gtjqq6qk7lev4mm4o7pipoywrg7gz/libexec/hpcviewer/hpcviewer', 'prediction': True}, {'missing': [], 'selected': [['libpthread.so.0', 'libpthread.so.0'], ['libdl.so.2', 'libdl.so.2'], ['libc.so.6', 'libc.so.6']], 'binary': '/p/vast1/build/spack/opt/spack/linux-rhel7-broadwell/gcc-10.2.1/hpctoolkit-develop-nwoftfd7m6aapjulmxnpmw2vkbe66nsu/bin/hpcprof2', 'splice_type': 'same_lib', 'lib': '/p/vast1/build/spack/opt/spack/linux-rhel7-broadwell/gcc-10.2.1/hpcviewer-2021.03-w76gtjqq6qk7lev4mm4o7pipoywrg7gz/libexec/hpcviewer/plugins/org.eclipse.equinox.launcher.gtk.linux.x86_64_1.1.1200.v20200508-1552/eclipse_1801.so', 'prediction': True}], 'libabigail': [{'message': '', 'return_code': 0, 'binary': '/p/vast1/build/spack/opt/spack/linux-rhel7-broadwell/gcc-10.2.1/hpctoolkit-develop-nwoftfd7m6aapjulmxnpmw2vkbe66nsu/bin/hpcprof2', 'splice_type': 'same_lib', 'lib': '/p/vast1/build/spack/opt/spack/linux-rhel7-broadwell/gcc-10.2.1/hpcviewer-2021.03-w76gtjqq6qk7lev4mm4o7pipoywrg7gz/libexec/hpcviewer/hpcviewer', 'original_lib': '/p/vast1/build/spack/opt/spack/linux-rhel7-broadwell/gcc-10.2.1/hpcviewer-2021.03-w76gtjqq6qk7lev4mm4o7pipoywrg7gz/libexec/hpcviewer/hpcviewer', 'prediction': True}]}
{'spack-test': [{'message': '==> Spack test ijxqxa6ral6y423z75ibmqfnvhw4oxtz\n==> Testing package hpctoolkit-develop-gr7o27u\n==> Error: TestFailure: 1 tests failed.\n\n\nCommand exited with status 1:\n    \'/g/g0/sochat1/.spack/test/ijxqxa6ral6y423z75ibmqfnvhw4oxtz/hpctoolkit-develop-gr7o27u/cache/hpctoolkit/tests/run-sort\'\nBegin smoke test of selection sort, hpcrun, hpcstruct, hpcprof.\n\nhpcrun -e REALTIME@5000 -t -o hpctoolkit-sort-measurements ./sort\norig list:  80000  3200040000\nnew list:   80000  3200040000\n\nhpcstruct -j 4 --time -o sort.hpcstruct sort\nfile:  /g/g0/sochat1/.spack/test/ijxqxa6ral6y423z75ibmqfnvhw4oxtz/hpctoolkit-develop-gr7o27u/cache/hpctoolkit/tests/sort\nsymtab threads: 4  parse: 4  struct: 4\n\ninit:         0.0 sec         0 meg         7 meg\nsymtab:       0.0 sec         2 meg         9 meg\nparse:        0.0 sec         1 meg        11 meg\nstruct:       0.0 sec         0 meg        11 meg\ntotal:        0.0 sec         3 meg        11 meg\n\nnum funcs: 26\n\n\nhpcprof -S sort.hpcstruct -o hpctoolkit-sort-database hpctoolkit-sort-measurements\nFAIL: hpcprof failed\n/g/g0/sochat1/.spack/test/ijxqxa6ral6y423z75ibmqfnvhw4oxtz/hpctoolkit-develop-gr7o27u/cache/hpctoolkit/tests/run-sort: line 66: 65361 Segmentation fault      "${bindir}/hpcprof" "$@"\n\n\n\n1 error found in test log:\n     45    total:        0.0 sec         3 meg        11 meg\n     46    \n     47    num funcs: 26\n     48    \n     49    \n     50    hpcprof -S sort.hpcstruct -o hpctoolkit-sort-database hpctoolkit-sor\n           t-measurements\n  >> 51    FAIL: hpcprof failed\n     52    /g/g0/sochat1/.spack/test/ijxqxa6ral6y423z75ibmqfnvhw4oxtz/hpctoolki\n           t-develop-gr7o27u/cache/hpctoolkit/tests/run-sort: line 66: 65361 Se\n           gmentation fault      "${bindir}/hpcprof" "$@"\n     53    \n     54      File "/p/vast1/build/spack/bin/spack", line 98, in <module>\n\n\n\n/p/vast1/build/spack/lib/spack/spack/build_environment.py:1061, in _setup_pkg_and_run:\n       1058        tb_string = traceback.format_exc()\n       1059\n       1060        # build up some context from the offending package so we can\n  >>   1061        # show that, too.\n       1062        package_context = get_package_context(tb)\n       1063\n       1064        logfile = None\n\nSee test log for details:\n  /g/g0/sochat1/.spack/test/ijxqxa6ral6y423z75ibmqfnvhw4oxtz/hpctoolkit-develop-gr7o27u-test-out.txt\n\n==> Error: 1 test(s) in the suite failed.\n\n======================== 1 failed, 0 passed of 1 specs =========================\n', 'return_code': 1, 'prediction': False, 'command': '/p/vast1/build/spack/bin/spack test run /gr7o27'}], 'symbolator': [{'missing': [], 'selected': [['libpthread.so.0', 'libpthread.so.0'], ['libdl.so.2', 'libdl.so.2'], ['libc.so.6', 'libc.so.6']], 'binary': '/p/vast1/build/spack/opt/spack/linux-rhel7-broadwell/gcc-10.2.1/hpctoolkit-develop-gr7o27uscfacxr6j74sgycxt35v3wdhn/bin/hpcprof2', 'splice_type': 'same_lib', 'lib': '/p/vast1/build/spack/opt/spack/linux-rhel7-broadwell/gcc-10.2.1/hpcviewer-2020.12-xmuoarsmotqgo4i4w3faofsirjrlo7in/libexec/hpcviewer/hpcviewer', 'prediction': True}, {'missing': [], 'selected': [['libpthread.so.0', 'libpthread.so.0'], ['libdl.so.2', 'libdl.so.2'], ['libc.so.6', 'libc.so.6']], 'binary': '/p/vast1/build/spack/opt/spack/linux-rhel7-broadwell/gcc-10.2.1/hpctoolkit-develop-gr7o27uscfacxr6j74sgycxt35v3wdhn/bin/hpcprof2', 'splice_type': 'same_lib', 'lib': '/p/vast1/build/spack/opt/spack/linux-rhel7-broadwell/gcc-10.2.1/hpcviewer-2020.12-xmuoarsmotqgo4i4w3faofsirjrlo7in/libexec/hpcviewer/plugins/org.eclipse.equinox.launcher.gtk.linux.x86_64_1.1.1200.v20200508-1552/eclipse_1801.so', 'prediction': True}], 'libabigail': [{'message': '', 'return_code': 0, 'binary': '/p/vast1/build/spack/opt/spack/linux-rhel7-broadwell/gcc-10.2.1/hpctoolkit-develop-gr7o27uscfacxr6j74sgycxt35v3wdhn/bin/hpcprof2', 'splice_type': 'same_lib', 'lib': '/p/vast1/build/spack/opt/spack/linux-rhel7-broadwell/gcc-10.2.1/hpcviewer-2020.12-xmuoarsmotqgo4i4w3faofsirjrlo7in/libexec/hpcviewer/hpcviewer', 'original_lib': '/p/vast1/build/spack/opt/spack/linux-rhel7-broadwell/gcc-10.2.1/hpcviewer-2020.12-xmuoarsmotqgo4i4w3faofsirjrlo7in/libexec/hpcviewer/hpcviewer', 'prediction': True}]}
{'spack-test': [{'message': '==> Spack test wo7jv62bnhhhc3znuk4bisrzmdqgdlcg\n==> Testing package hpctoolkit-develop-cwnp4ny\n==> Error: TestFailure: 1 tests failed.\n\n\nCommand exited with status 1:\n    \'/g/g0/sochat1/.spack/test/wo7jv62bnhhhc3znuk4bisrzmdqgdlcg/hpctoolkit-develop-cwnp4ny/cache/hpctoolkit/tests/run-sort\'\nBegin smoke test of selection sort, hpcrun, hpcstruct, hpcprof.\n\nhpcrun -e REALTIME@5000 -t -o hpctoolkit-sort-measurements ./sort\norig list:  80000  3200040000\nnew list:   80000  3200040000\n\nhpcstruct -j 4 --time -o sort.hpcstruct sort\nfile:  /g/g0/sochat1/.spack/test/wo7jv62bnhhhc3znuk4bisrzmdqgdlcg/hpctoolkit-develop-cwnp4ny/cache/hpctoolkit/tests/sort\nsymtab threads: 4  parse: 4  struct: 4\n\ninit:         0.0 sec         0 meg         7 meg\nsymtab:       0.0 sec         2 meg         9 meg\nparse:        0.0 sec         1 meg        10 meg\nstruct:       0.0 sec         0 meg        11 meg\ntotal:        0.0 sec         3 meg        11 meg\n\nnum funcs: 26\n\n\nhpcprof -S sort.hpcstruct -o hpctoolkit-sort-database hpctoolkit-sort-measurements\nFAIL: hpcprof failed\n/g/g0/sochat1/.spack/test/wo7jv62bnhhhc3znuk4bisrzmdqgdlcg/hpctoolkit-develop-cwnp4ny/cache/hpctoolkit/tests/run-sort: line 66: 65484 Segmentation fault      "${bindir}/hpcprof" "$@"\n\n\n\n1 error found in test log:\n     45    total:        0.0 sec         3 meg        11 meg\n     46    \n     47    num funcs: 26\n     48    \n     49    \n     50    hpcprof -S sort.hpcstruct -o hpctoolkit-sort-database hpctoolkit-sor\n           t-measurements\n  >> 51    FAIL: hpcprof failed\n     52    /g/g0/sochat1/.spack/test/wo7jv62bnhhhc3znuk4bisrzmdqgdlcg/hpctoolki\n           t-develop-cwnp4ny/cache/hpctoolkit/tests/run-sort: line 66: 65484 Se\n           gmentation fault      "${bindir}/hpcprof" "$@"\n     53    \n     54      File "/p/vast1/build/spack/bin/spack", line 98, in <module>\n\n\n\n/p/vast1/build/spack/lib/spack/spack/build_environment.py:1061, in _setup_pkg_and_run:\n       1058        tb_string = traceback.format_exc()\n       1059\n       1060        # build up some context from the offending package so we can\n  >>   1061        # show that, too.\n       1062        package_context = get_package_context(tb)\n       1063\n       1064        logfile = None\n\nSee test log for details:\n  /g/g0/sochat1/.spack/test/wo7jv62bnhhhc3znuk4bisrzmdqgdlcg/hpctoolkit-develop-cwnp4ny-test-out.txt\n\n==> Error: 1 test(s) in the suite failed.\n\n======================== 1 failed, 0 passed of 1 specs =========================\n', 'return_code': 1, 'prediction': False, 'command': '/p/vast1/build/spack/bin/spack test run /cwnp4n'}], 'symbolator': [{'missing': [], 'selected': [['libpthread.so.0', 'libpthread.so.0'], ['libdl.so.2', 'libdl.so.2'], ['libc.so.6', 'libc.so.6']], 'binary': '/p/vast1/build/spack/opt/spack/linux-rhel7-broadwell/gcc-10.2.1/hpctoolkit-develop-cwnp4nymq3hkdon27z4fhn5ditqri7vj/bin/hpcprof2', 'splice_type': 'same_lib', 'lib': '/p/vast1/build/spack/opt/spack/linux-rhel7-broadwell/gcc-10.2.1/hpcviewer-2020.07-cducfo6j6cgdudw522qze4q5qnvjnqjx/libexec/hpctraceviewer/plugins/org.eclipse.equinox.launcher.gtk.linux.x86_64_1.1.100.v20110505/eclipse_1407.so', 'prediction': True}, {'missing': [], 'selected': [['libpthread.so.0', 'libpthread.so.0'], ['libdl.so.2', 'libdl.so.2'], ['libc.so.6', 'libc.so.6']], 'binary': '/p/vast1/build/spack/opt/spack/linux-rhel7-broadwell/gcc-10.2.1/hpctoolkit-develop-cwnp4nymq3hkdon27z4fhn5ditqri7vj/bin/hpcprof2', 'splice_type': 'same_lib', 'lib': '/p/vast1/build/spack/opt/spack/linux-rhel7-broadwell/gcc-10.2.1/hpcviewer-2020.07-cducfo6j6cgdudw522qze4q5qnvjnqjx/libexec/hpcviewer/hpcviewer', 'prediction': True}, {'missing': [], 'selected': [['libpthread.so.0', 'libpthread.so.0'], ['libdl.so.2', 'libdl.so.2'], ['libc.so.6', 'libc.so.6']], 'binary': '/p/vast1/build/spack/opt/spack/linux-rhel7-broadwell/gcc-10.2.1/hpctoolkit-develop-cwnp4nymq3hkdon27z4fhn5ditqri7vj/bin/hpcprof2', 'splice_type': 'same_lib', 'lib': '/p/vast1/build/spack/opt/spack/linux-rhel7-broadwell/gcc-10.2.1/hpcviewer-2020.07-cducfo6j6cgdudw522qze4q5qnvjnqjx/libexec/hpcviewer/plugins/org.eclipse.equinox.launcher.gtk.linux.x86_64_1.1.100.v20110505/eclipse_1407.so', 'prediction': True}, {'missing': [], 'selected': [['libpthread.so.0', 'libpthread.so.0'], ['libdl.so.2', 'libdl.so.2'], ['libc.so.6', 'libc.so.6']], 'binary': '/p/vast1/build/spack/opt/spack/linux-rhel7-broadwell/gcc-10.2.1/hpctoolkit-develop-cwnp4nymq3hkdon27z4fhn5ditqri7vj/bin/hpcprof2', 'splice_type': 'same_lib', 'lib': '/p/vast1/build/spack/opt/spack/linux-rhel7-broadwell/gcc-10.2.1/hpcviewer-2020.07-cducfo6j6cgdudw522qze4q5qnvjnqjx/libexec/hpctraceviewer/hpctraceviewer', 'prediction': True}], 'libabigail': [{'message': '', 'return_code': 0, 'binary': '/p/vast1/build/spack/opt/spack/linux-rhel7-broadwell/gcc-10.2.1/hpctoolkit-develop-cwnp4nymq3hkdon27z4fhn5ditqri7vj/bin/hpcprof2', 'splice_type': 'same_lib', 'lib': '/p/vast1/build/spack/opt/spack/linux-rhel7-broadwell/gcc-10.2.1/hpcviewer-2020.07-cducfo6j6cgdudw522qze4q5qnvjnqjx/libexec/hpcviewer/hpcviewer', 'original_lib': '/p/vast1/build/spack/opt/spack/linux-rhel7-broadwell/gcc-10.2.1/hpcviewer-2020.07-cducfo6j6cgdudw522qze4q5qnvjnqjx/libexec/hpcviewer/hpcviewer', 'prediction': True}]}
{'spack-test': [{'message': '==> Spack test 5snutjhioymuaq7vce7j5urcdroeah5y\n==> Testing package hpctoolkit-develop-4ogrnx6\n==> Error: TestFailure: 1 tests failed.\n\n\nCommand exited with status 1:\n    \'/g/g0/sochat1/.spack/test/5snutjhioymuaq7vce7j5urcdroeah5y/hpctoolkit-develop-4ogrnx6/cache/hpctoolkit/tests/run-sort\'\nBegin smoke test of selection sort, hpcrun, hpcstruct, hpcprof.\n\nhpcrun -e REALTIME@5000 -t -o hpctoolkit-sort-measurements ./sort\norig list:  80000  3200040000\nnew list:   80000  3200040000\n\nhpcstruct -j 4 --time -o sort.hpcstruct sort\nfile:  /g/g0/sochat1/.spack/test/5snutjhioymuaq7vce7j5urcdroeah5y/hpctoolkit-develop-4ogrnx6/cache/hpctoolkit/tests/sort\nsymtab threads: 4  parse: 4  struct: 4\n\ninit:         0.0 sec         0 meg         7 meg\nsymtab:       0.0 sec         2 meg         9 meg\nparse:        0.0 sec         1 meg        11 meg\nstruct:       0.0 sec         0 meg        11 meg\ntotal:        0.0 sec         3 meg        11 meg\n\nnum funcs: 26\n\n\nhpcprof -S sort.hpcstruct -o hpctoolkit-sort-database hpctoolkit-sort-measurements\nFAIL: hpcprof failed\n/g/g0/sochat1/.spack/test/5snutjhioymuaq7vce7j5urcdroeah5y/hpctoolkit-develop-4ogrnx6/cache/hpctoolkit/tests/run-sort: line 66: 65605 Segmentation fault      "${bindir}/hpcprof" "$@"\n\n\n\n1 error found in test log:\n     45    total:        0.0 sec         3 meg        11 meg\n     46    \n     47    num funcs: 26\n     48    \n     49    \n     50    hpcprof -S sort.hpcstruct -o hpctoolkit-sort-database hpctoolkit-sor\n           t-measurements\n  >> 51    FAIL: hpcprof failed\n     52    /g/g0/sochat1/.spack/test/5snutjhioymuaq7vce7j5urcdroeah5y/hpctoolki\n           t-develop-4ogrnx6/cache/hpctoolkit/tests/run-sort: line 66: 65605 Se\n           gmentation fault      "${bindir}/hpcprof" "$@"\n     53    \n     54      File "/p/vast1/build/spack/bin/spack", line 98, in <module>\n\n\n\n/p/vast1/build/spack/lib/spack/spack/build_environment.py:1061, in _setup_pkg_and_run:\n       1058        tb_string = traceback.format_exc()\n       1059\n       1060        # build up some context from the offending package so we can\n  >>   1061        # show that, too.\n       1062        package_context = get_package_context(tb)\n       1063\n       1064        logfile = None\n\nSee test log for details:\n  /g/g0/sochat1/.spack/test/5snutjhioymuaq7vce7j5urcdroeah5y/hpctoolkit-develop-4ogrnx6-test-out.txt\n\n==> Error: 1 test(s) in the suite failed.\n\n======================== 1 failed, 0 passed of 1 specs =========================\n', 'return_code': 1, 'prediction': False, 'command': '/p/vast1/build/spack/bin/spack test run /4ogrnx'}], 'symbolator': [{'missing': [], 'selected': [['libpthread.so.0', 'libpthread.so.0'], ['libdl.so.2', 'libdl.so.2'], ['libc.so.6', 'libc.so.6']], 'binary': '/p/vast1/build/spack/opt/spack/linux-rhel7-broadwell/gcc-10.2.1/hpctoolkit-develop-4ogrnx6idhjnc6cdpavgt7ehqzmekubd/bin/hpcprof2', 'splice_type': 'same_lib', 'lib': '/p/vast1/build/spack/opt/spack/linux-rhel7-broadwell/gcc-10.2.1/hpcviewer-2020.02-n5k7z5eov7kac4bbwuqacifodnub54w4/libexec/hpctraceviewer/plugins/org.eclipse.equinox.launcher.gtk.linux.x86_64_1.1.100.v20110505/eclipse_1407.so', 'prediction': True}, {'missing': [], 'selected': [['libpthread.so.0', 'libpthread.so.0'], ['libdl.so.2', 'libdl.so.2'], ['libc.so.6', 'libc.so.6']], 'binary': '/p/vast1/build/spack/opt/spack/linux-rhel7-broadwell/gcc-10.2.1/hpctoolkit-develop-4ogrnx6idhjnc6cdpavgt7ehqzmekubd/bin/hpcprof2', 'splice_type': 'same_lib', 'lib': '/p/vast1/build/spack/opt/spack/linux-rhel7-broadwell/gcc-10.2.1/hpcviewer-2020.02-n5k7z5eov7kac4bbwuqacifodnub54w4/libexec/hpcviewer/plugins/org.eclipse.equinox.launcher.gtk.linux.x86_64_1.1.100.v20110505/eclipse_1407.so', 'prediction': True}, {'missing': [], 'selected': [['libpthread.so.0', 'libpthread.so.0'], ['libdl.so.2', 'libdl.so.2'], ['libc.so.6', 'libc.so.6']], 'binary': '/p/vast1/build/spack/opt/spack/linux-rhel7-broadwell/gcc-10.2.1/hpctoolkit-develop-4ogrnx6idhjnc6cdpavgt7ehqzmekubd/bin/hpcprof2', 'splice_type': 'same_lib', 'lib': '/p/vast1/build/spack/opt/spack/linux-rhel7-broadwell/gcc-10.2.1/hpcviewer-2020.02-n5k7z5eov7kac4bbwuqacifodnub54w4/libexec/hpcviewer/hpcviewer', 'prediction': True}, {'missing': [], 'selected': [['libpthread.so.0', 'libpthread.so.0'], ['libdl.so.2', 'libdl.so.2'], ['libc.so.6', 'libc.so.6']], 'binary': '/p/vast1/build/spack/opt/spack/linux-rhel7-broadwell/gcc-10.2.1/hpctoolkit-develop-4ogrnx6idhjnc6cdpavgt7ehqzmekubd/bin/hpcprof2', 'splice_type': 'same_lib', 'lib': '/p/vast1/build/spack/opt/spack/linux-rhel7-broadwell/gcc-10.2.1/hpcviewer-2020.02-n5k7z5eov7kac4bbwuqacifodnub54w4/libexec/hpctraceviewer/hpctraceviewer', 'prediction': True}], 'libabigail': [{'message': '', 'return_code': 0, 'binary': '/p/vast1/build/spack/opt/spack/linux-rhel7-broadwell/gcc-10.2.1/hpctoolkit-develop-4ogrnx6idhjnc6cdpavgt7ehqzmekubd/bin/hpcprof2', 'splice_type': 'same_lib', 'lib': '/p/vast1/build/spack/opt/spack/linux-rhel7-broadwell/gcc-10.2.1/hpcviewer-2020.02-n5k7z5eov7kac4bbwuqacifodnub54w4/libexec/hpcviewer/hpcviewer', 'original_lib': '/p/vast1/build/spack/opt/spack/linux-rhel7-broadwell/gcc-10.2.1/hpcviewer-2020.02-n5k7z5eov7kac4bbwuqacifodnub54w4/libexec/hpcviewer/hpcviewer', 'prediction': True}]}
