==> Warning: dyninst-12.0.1-ks7vkbvepgnyst3exgr5mptibzs2bcg2 failed to install
==> Error: dyninst-12.0.1-ks7vkbvepgnyst3exgr5mptibzs2bcg2: Package was not installed
==> Warning: dyninst-12.0.1-jd5fbx64to45skh24jbjmeceh7ephaza failed to install
==> Error: dyninst-12.0.1-jd5fbx64to45skh24jbjmeceh7ephaza: Package was not installed
==> Warning: dyninst-12.0.1-lx5wugauxnhbeamo5fextpvzvvgh24zv failed to install
==> Error: dyninst-12.0.1-lx5wugauxnhbeamo5fextpvzvvgh24zv: Package was not installed
Making predictions for symbolator
Making predictions for libabigail
Making predictions for actual
/var/spool/slurmd/job100289/slurm_script: line 12: 34280 Killed                  spliced splice --package hpctoolkit@2021.10.15 --splice bzip2 --runner spack --replace bzip2 --experiment experiment --outfile /p/vast1/build/spliced-experiment/results/hpctoolkit/2021.10.15/bzip2/experiment.json
==> Warning: Fetching from mirror without a checksum!
  This package is normally checked out from a version control system, but it has been archived on a spack mirror.  This means we cannot know a checksum for the tarball in advance. Be sure that your connection to this mirror is secure!
==> Error: ProcessError: Command exited with status 1:
    'cmake' '-G' 'Unix Makefiles' '-DCMAKE_INSTALL_PREFIX:STRING=/p/vast1/build/spack/opt/spack/linux-rhel7-broadwell/gcc-10.2.1/dyninst-12.0.1-glyv4stl7bbag2s5smon3f7pttkszfpe' '-DCMAKE_BUILD_TYPE:STRING=RelWithDebInfo' '-DCMAKE_INTERPROCEDURAL_OPTIMIZATION:BOOL=OFF' '-DCMAKE_VERBOSE_MAKEFILE:BOOL=ON' '-DCMAKE_INSTALL_RPATH_USE_LINK_PATH:BOOL=OFF' '-DCMAKE_INSTALL_RPATH:STRING=/p/vast1/build/spack/opt/spack/linux-rhel7-broadwell/gcc-10.2.1/dyninst-12.0.1-glyv4stl7bbag2s5smon3f7pttkszfpe/lib;/p/vast1/build/spack/opt/spack/linux-rhel7-broadwell/gcc-10.2.1/dyninst-12.0.1-glyv4stl7bbag2s5smon3f7pttkszfpe/lib64;/p/vast1/build/spack/opt/spack/linux-rhel7-broadwell/gcc-10.2.1/boost-1.78.0-wglbfd4kwxxse5j3hag4dqhmvdsfcjlv/lib;/p/vast1/build/spack/opt/spack/linux-rhel7-broadwell/gcc-10.2.1/bzip2-1.0.8-jmjklgubcyryaddwqvzuvzeiq6zfqmst/lib;/p/vast1/build/spack/opt/spack/linux-rhel7-broadwell/gcc-10.2.1/zlib-1.2.11-su2ldy5ofm424qnly3kitbbdgwovpfk4/lib;/p/vast1/build/spack/opt/spack/linux-rhel7-broadwell/gcc-10.2.1/elfutils-0.186-ucblwfcdpzij5nzfiyn4y33q5wuzevar/lib;/p/vast1/build/spack/opt/spack/linux-rhel7-broadwell/gcc-10.2.1/xz-5.2.5-4oczqziqzfh2ij3va5gbc7waz4rf2bkj/lib;/p/vast1/build/spack/opt/spack/linux-rhel7-broadwell/gcc-10.2.1/intel-tbb-2020.3-ssbpnrc5drf2pk7bx53asgnpwsqmigs6/lib;/p/vast1/build/spack/opt/spack/linux-rhel7-broadwell/gcc-10.2.1/libiberty-2.37-wmise6wvsewx5ga55rvcr3wcng5oq2mk/lib;/p/vast1/build/spack/opt/spack/linux-rhel7-broadwell/gcc-10.2.1/libiberty-2.37-wmise6wvsewx5ga55rvcr3wcng5oq2mk/lib64' '-DCMAKE_PREFIX_PATH:STRING=/p/vast1/build/spack/opt/spack/linux-rhel7-broadwell/gcc-10.2.1/libiberty-2.37-wmise6wvsewx5ga55rvcr3wcng5oq2mk;/p/vast1/build/spack/opt/spack/linux-rhel7-broadwell/gcc-10.2.1/intel-tbb-2020.3-ssbpnrc5drf2pk7bx53asgnpwsqmigs6;/p/vast1/build/spack/opt/spack/linux-rhel7-broadwell/gcc-10.2.1/elfutils-0.186-ucblwfcdpzij5nzfiyn4y33q5wuzevar;/p/vast1/build/spack/opt/spack/linux-rhel7-broadwell/gcc-10.2.1/xz-5.2.5-4oczqziqzfh2ij3va5gbc7waz4rf2bkj;/p/vast1/build/spack/opt/spack/linux-rhel7-broadwell/gcc-10.2.1/cmake-3.22.2-7oku4yd37mfoi65gi3alunjbl35euphw;/p/vast1/build/spack/opt/spack/linux-rhel7-broadwell/gcc-10.2.1/boost-1.78.0-wglbfd4kwxxse5j3hag4dqhmvdsfcjlv;/p/vast1/build/spack/opt/spack/linux-rhel7-broadwell/gcc-10.2.1/zlib-1.2.11-su2ldy5ofm424qnly3kitbbdgwovpfk4;/p/vast1/build/spack/opt/spack/linux-rhel7-broadwell/gcc-10.2.1/bzip2-1.0.8-jmjklgubcyryaddwqvzuvzeiq6zfqmst' '-DBoost_ROOT_DIR=/p/vast1/build/spack/opt/spack/linux-rhel7-broadwell/gcc-10.2.1/boost-1.78.0-wglbfd4kwxxse5j3hag4dqhmvdsfcjlv' '-DElfUtils_ROOT_DIR=/p/vast1/build/spack/opt/spack/linux-rhel7-broadwell/gcc-10.2.1/elfutils-0.186-ucblwfcdpzij5nzfiyn4y33q5wuzevar' '-DLibIberty_ROOT_DIR=/p/vast1/build/spack/opt/spack/linux-rhel7-broadwell/gcc-10.2.1/libiberty-2.37-wmise6wvsewx5ga55rvcr3wcng5oq2mk' '-DTBB_ROOT_DIR=/p/vast1/build/spack/opt/spack/linux-rhel7-broadwell/gcc-10.2.1/intel-tbb-2020.3-ssbpnrc5drf2pk7bx53asgnpwsqmigs6' '-DLibIberty_LIBRARIES:STRING=/p/vast1/build/spack/opt/spack/linux-rhel7-broadwell/gcc-10.2.1/libiberty-2.37-wmise6wvsewx5ga55rvcr3wcng5oq2mk/lib64/libiberty.a' '-DUSE_OpenMP=ON' '-DENABLE_STATIC_LIBS=NO' '-DSTERILE_BUILD=ON' '/var/tmp/sochat1/spack-stage/spack-stage-dyninst-12.0.1-glyv4stl7bbag2s5smon3f7pttkszfpe/spack-src'

1 error found in build log:
     131    -- Found /p/vast1/build/spack/opt/spack/linux-rhel7-broadwell/gcc-1
            0.2.1/intel-tbb-2020.3-ssbpnrc5drf2pk7bx53asgnpwsqmigs6/lib/libtbb.
            so
     132    -- Found TBB: /p/vast1/build/spack/opt/spack/linux-rhel7-broadwell/
            gcc-10.2.1/intel-tbb-2020.3-ssbpnrc5drf2pk7bx53asgnpwsqmigs6/includ
            e (found suitable version "2020.3", minimum required is "2018.6") f
            ound components: tbb tbbmalloc tbbmalloc_proxy
     133    -- TBB include directory: /p/vast1/build/spack/opt/spack/linux-rhel
            7-broadwell/gcc-10.2.1/intel-tbb-2020.3-ssbpnrc5drf2pk7bx53asgnpwsq
            migs6/include
     134    -- TBB library directory: /p/vast1/build/spack/opt/spack/linux-rhel
            7-broadwell/gcc-10.2.1/intel-tbb-2020.3-ssbpnrc5drf2pk7bx53asgnpwsq
            migs6/lib;/p/vast1/build/spack/opt/spack/linux-rhel7-broadwell/gcc-
            10.2.1/intel-tbb-2020.3-ssbpnrc5drf2pk7bx53asgnpwsqmigs6/lib;/p/vas
            t1/build/spack/opt/spack/linux-rhel7-broadwell/gcc-10.2.1/intel-tbb
            -2020.3-ssbpnrc5drf2pk7bx53asgnpwsqmigs6/lib
     135    -- TBB libraries: /p/vast1/build/spack/opt/spack/linux-rhel7-broadw
            ell/gcc-10.2.1/intel-tbb-2020.3-ssbpnrc5drf2pk7bx53asgnpwsqmigs6/li
            b/libtbbmalloc_proxy.so;/p/vast1/build/spack/opt/spack/linux-rhel7-
            broadwell/gcc-10.2.1/intel-tbb-2020.3-ssbpnrc5drf2pk7bx53asgnpwsqmi
            gs6/lib/libtbbmalloc.so;/p/vast1/build/spack/opt/spack/linux-rhel7-
            broadwell/gcc-10.2.1/intel-tbb-2020.3-ssbpnrc5drf2pk7bx53asgnpwsqmi
            gs6/lib/libtbb.so
     136    -- TBB definitions:
  >> 137    CMake Error at cmake/Modules/FindLibElf.cmake:64 (if):
     138      if given arguments:
     139    
     140        "VERSION_GREATER" "0.0"
     141    
     142      Unknown arguments specified
     143    Call Stack (most recent call first):

See build log for details:
  /var/tmp/sochat1/spack-stage/spack-stage-dyninst-12.0.1-glyv4stl7bbag2s5smon3f7pttkszfpe/spack-build-out.txt

slurmstepd: error: *** JOB 2468559 ON borax35 CANCELLED AT 2022-03-02T09:59:10 DUE TO TIME LIMIT ***
