==> Warning: Missing a source id for hdf5@develop-1.10
==> Warning: Missing a source id for hdf5@develop-1.10
==> Warning: Missing a source id for hdf5@develop-1.10
==> Warning: Missing a source id for hdf5@develop-1.10
Making predictions for symbolator
Making predictions for libabigail
Making predictions for actual
/var/spool/slurmd/job100233/slurm_script: line 12: 18707 Killed                  spliced splice --package hdf5@develop-1.10 --splice zlib --runner spack --replace zlib --experiment experiment --outfile /p/vast1/build/spliced-experiment/results/hdf5/develop-1.10/zlib/experiment.json
==> Warning: Missing a source id for hdf5@develop-1.10
==> Error: ProcessError: Command exited with status 1:
    'cmake' '-G' 'Unix Makefiles' '-DCMAKE_INSTALL_PREFIX:STRING=/p/vast1/build/spack/opt/spack/linux-rhel7-broadwell/gcc-10.2.1/hdf5-develop-1.10-p3whgjwjwc7nsjmfuat37m2qysfdiwdc' '-DCMAKE_BUILD_TYPE:STRING=RelWithDebInfo' '-DCMAKE_INTERPROCEDURAL_OPTIMIZATION:BOOL=OFF' '-DCMAKE_VERBOSE_MAKEFILE:BOOL=ON' '-DCMAKE_INSTALL_RPATH_USE_LINK_PATH:BOOL=OFF' '-DCMAKE_INSTALL_RPATH:STRING=/p/vast1/build/spack/opt/spack/linux-rhel7-broadwell/gcc-10.2.1/hdf5-develop-1.10-p3whgjwjwc7nsjmfuat37m2qysfdiwdc/lib;/p/vast1/build/spack/opt/spack/linux-rhel7-broadwell/gcc-10.2.1/hdf5-develop-1.10-p3whgjwjwc7nsjmfuat37m2qysfdiwdc/lib64;/p/vast1/build/spack/opt/spack/linux-rhel7-broadwell/gcc-10.2.1/openmpi-4.1.2-mtnsjnbj5kuefhd6gtupaglpuytu6vhz/lib;/p/vast1/build/spack/opt/spack/linux-rhel7-broadwell/gcc-10.2.1/hwloc-2.7.0-zcvfxqfecuheq2vakvpuosok2avakr6j/lib;/p/vast1/build/spack/opt/spack/linux-rhel7-broadwell/gcc-10.2.1/libpciaccess-0.16-vzg6r6gyrqyboudgxfqbdwe36epu6s7s/lib;/p/vast1/build/spack/opt/spack/linux-rhel7-broadwell/gcc-10.2.1/libxml2-2.9.12-rs3llxgrrh537ywuyzjxyebuzo3gnxpt/lib;/p/vast1/build/spack/opt/spack/linux-rhel7-broadwell/gcc-10.2.1/libiconv-1.16-glggocpnh7m2dgmtu4fedhbfeessepbe/lib;/p/vast1/build/spack/opt/spack/linux-rhel7-broadwell/gcc-10.2.1/xz-5.2.5-d536jz4ora4tt45q72d2lklqr3dqx34m/lib;/p/vast1/build/spack/opt/spack/linux-rhel7-broadwell/gcc-10.2.1/zlib-1.2.11-su2ldy5ofm424qnly3kitbbdgwovpfk4/lib;/p/vast1/build/spack/opt/spack/linux-rhel7-broadwell/gcc-10.2.1/ncurses-6.2-2xef6sx47tqatqlceqguyz3rza5okbhy/lib;/p/vast1/build/spack/opt/spack/linux-rhel7-broadwell/gcc-10.2.1/libevent-2.1.12-ojhvas6alyezjgn2r2flj4slwat4cowk/lib;/p/vast1/build/spack/opt/spack/linux-rhel7-broadwell/gcc-10.2.1/openssl-1.1.1m-momhhzpwxq3fzqnlqbabquoitiq5d6q6/lib;/p/vast1/build/spack/opt/spack/linux-rhel7-broadwell/gcc-10.2.1/numactl-2.0.14-wiobx4m5fgmgis4po6hi44kpy7ad57vj/lib' '-DCMAKE_PREFIX_PATH:STRING=/p/vast1/build/spack/opt/spack/linux-rhel7-broadwell/gcc-10.2.1/openmpi-4.1.2-mtnsjnbj5kuefhd6gtupaglpuytu6vhz;/p/vast1/build/spack/opt/spack/linux-rhel7-broadwell/gcc-10.2.1/numactl-2.0.14-wiobx4m5fgmgis4po6hi44kpy7ad57vj;/p/vast1/build/spack/opt/spack/linux-rhel7-broadwell/gcc-10.2.1/libevent-2.1.12-ojhvas6alyezjgn2r2flj4slwat4cowk;/p/vast1/build/spack/opt/spack/linux-rhel7-broadwell/gcc-10.2.1/hwloc-2.7.0-zcvfxqfecuheq2vakvpuosok2avakr6j;/p/vast1/build/spack/opt/spack/linux-rhel7-broadwell/gcc-10.2.1/libxml2-2.9.12-rs3llxgrrh537ywuyzjxyebuzo3gnxpt;/p/vast1/build/spack/opt/spack/linux-rhel7-broadwell/gcc-10.2.1/xz-5.2.5-d536jz4ora4tt45q72d2lklqr3dqx34m;/p/vast1/build/spack/opt/spack/linux-rhel7-broadwell/gcc-10.2.1/libpciaccess-0.16-vzg6r6gyrqyboudgxfqbdwe36epu6s7s;/p/vast1/build/spack/opt/spack/linux-rhel7-broadwell/gcc-10.2.1/cmake-3.22.2-7oku4yd37mfoi65gi3alunjbl35euphw;/p/vast1/build/spack/opt/spack/linux-rhel7-broadwell/gcc-10.2.1/openssl-1.1.1m-momhhzpwxq3fzqnlqbabquoitiq5d6q6;/p/vast1/build/spack/opt/spack/linux-rhel7-broadwell/gcc-10.2.1/zlib-1.2.11-su2ldy5ofm424qnly3kitbbdgwovpfk4;/p/vast1/build/spack/opt/spack/linux-rhel7-broadwell/gcc-10.2.1/libiconv-1.16-glggocpnh7m2dgmtu4fedhbfeessepbe;/p/vast1/build/spack/opt/spack/linux-rhel7-broadwell/gcc-10.2.1/ncurses-6.2-2xef6sx47tqatqlceqguyz3rza5okbhy' '-DCMAKE_C_FLAGS=-Wno-implicit-function-declaration' '-DALLOW_UNSUPPORTED:BOOL=ON' '-DHDF5_BUILD_EXAMPLES:BOOL=OFF' '-DBUILD_TESTING:BOOL=OFF' '-DHDF5_ENABLE_Z_LIB_SUPPORT:BOOL=ON' '-DHDF5_ENABLE_SZIP_SUPPORT:BOOL=OFF' '-DHDF5_ENABLE_SZIP_ENCODING:BOOL=OFF' '-DBUILD_SHARED_LIBS:BOOL=ON' '-DONLY_SHARED_LIBS:BOOL=OFF' '-DHDF5_ENABLE_PARALLEL:BOOL=ON' '-DHDF5_ENABLE_THREADSAFE:BOOL=OFF' '-DHDF5_BUILD_HL_LIB:BOOL=OFF' '-DHDF5_BUILD_CPP_LIB:BOOL=OFF' '-DHDF5_BUILD_FORTRAN:BOOL=OFF' '-DHDF5_BUILD_JAVA:BOOL=OFF' '-DHDF5_BUILD_TOOLS:BOOL=ON' '-DCMAKE_C_COMPILER:STRING=/p/vast1/build/spack/opt/spack/linux-rhel7-broadwell/gcc-10.2.1/openmpi-4.1.2-mtnsjnbj5kuefhd6gtupaglpuytu6vhz/bin/mpicc' '/var/tmp/sochat1/spack-stage/spack-stage-hdf5-develop-1.10-p3whgjwjwc7nsjmfuat37m2qysfdiwdc/spack-src'

5 errors found in build log:
     2     ==> [2022-03-02-01:42:10.198257] 'cmake' '-G' 'Unix Makefiles' '-DCM
           AKE_INSTALL_PREFIX:STRING=/p/vast1/build/spack/opt/spack/linux-rhel7
           -broadwell/gcc-10.2.1/hdf5-develop-1.10-p3whgjwjwc7nsjmfuat37m2qysfd
           iwdc' '-DCMAKE_BUILD_TYPE:STRING=RelWithDebInfo' '-DCMAKE_INTERPROCE
           DURAL_OPTIMIZATION:BOOL=OFF' '-DCMAKE_VERBOSE_MAKEFILE:BOOL=ON' '-DC
           MAKE_INSTALL_RPATH_USE_LINK_PATH:BOOL=OFF' '-DCMAKE_INSTALL_RPATH:ST
           RING=/p/vast1/build/spack/opt/spack/linux-rhel7-broadwell/gcc-10.2.1
           /hdf5-develop-1.10-p3whgjwjwc7nsjmfuat37m2qysfdiwdc/lib;/p/vast1/bui
           ld/spack/opt/spack/linux-rhel7-broadwell/gcc-10.2.1/hdf5-develop-1.1
           0-p3whgjwjwc7nsjmfuat37m2qysfdiwdc/lib64;/p/vast1/build/spack/opt/sp
           ack/linux-rhel7-broadwell/gcc-10.2.1/openmpi-4.1.2-mtnsjnbj5kuefhd6g
           tupaglpuytu6vhz/lib;/p/vast1/build/spack/opt/spack/linux-rhel7-broad
           well/gcc-10.2.1/hwloc-2.7.0-zcvfxqfecuheq2vakvpuosok2avakr6j/lib;/p/
           vast1/build/spack/opt/spack/linux-rhel7-broadwell/gcc-10.2.1/libpcia
           ccess-0.16-vzg6r6gyrqyboudgxfqbdwe36epu6s7s/lib;/p/vast1/build/spack
           /opt/spack/linux-rhel7-broadwell/gcc-10.2.1/libxml2-2.9.12-rs3llxgrr
           h537ywuyzjxyebuzo3gnxpt/lib;/p/vast1/build/spack/opt/spack/linux-rhe
           l7-broadwell/gcc-10.2.1/libiconv-1.16-glggocpnh7m2dgmtu4fedhbfeessep
           be/lib;/p/vast1/build/spack/opt/spack/linux-rhel7-broadwell/gcc-10.2
           .1/xz-5.2.5-d536jz4ora4tt45q72d2lklqr3dqx34m/lib;/p/vast1/build/spac
           k/opt/spack/linux-rhel7-broadwell/gcc-10.2.1/zlib-1.2.11-su2ldy5ofm4
           24qnly3kitbbdgwovpfk4/lib;/p/vast1/build/spack/opt/spack/linux-rhel7
           -broadwell/gcc-10.2.1/ncurses-6.2-2xef6sx47tqatqlceqguyz3rza5okbhy/l
           ib;/p/vast1/build/spack/opt/spack/linux-rhel7-broadwell/gcc-10.2.1/l
           ibevent-2.1.12-ojhvas6alyezjgn2r2flj4slwat4cowk/lib;/p/vast1/build/s
           pack/opt/spack/linux-rhel7-broadwell/gcc-10.2.1/openssl-1.1.1m-momhh
           zpwxq3fzqnlqbabquoitiq5d6q6/lib;/p/vast1/build/spack/opt/spack/linux
           -rhel7-broadwell/gcc-10.2.1/numactl-2.0.14-wiobx4m5fgmgis4po6hi44kpy
           7ad57vj/lib' '-DCMAKE_PREFIX_PATH:STRING=/p/vast1/build/spack/opt/sp
           ack/linux-rhel7-broadwell/gcc-10.2.1/openmpi-4.1.2-mtnsjnbj5kuefhd6g
           tupaglpuytu6vhz;/p/vast1/build/spack/opt/spack/linux-rhel7-broadwell
           /gcc-10.2.1/numactl-2.0.14-wiobx4m5fgmgis4po6hi44kpy7ad57vj;/p/vast1
           /build/spack/opt/spack/linux-rhel7-broadwell/gcc-10.2.1/libevent-2.1
           .12-ojhvas6alyezjgn2r2flj4slwat4cowk;/p/vast1/build/spack/opt/spack/
           linux-rhel7-broadwell/gcc-10.2.1/hwloc-2.7.0-zcvfxqfecuheq2vakvpuoso
           k2avakr6j;/p/vast1/build/spack/opt/spack/linux-rhel7-broadwell/gcc-1
           0.2.1/libxml2-2.9.12-rs3llxgrrh537ywuyzjxyebuzo3gnxpt;/p/vast1/build
           /spack/opt/spack/linux-rhel7-broadwell/gcc-10.2.1/xz-5.2.5-d536jz4or
           a4tt45q72d2lklqr3dqx34m;/p/vast1/build/spack/opt/spack/linux-rhel7-b
           roadwell/gcc-10.2.1/libpciaccess-0.16-vzg6r6gyrqyboudgxfqbdwe36epu6s
           7s;/p/vast1/build/spack/opt/spack/linux-rhel7-broadwell/gcc-10.2.1/c
           make-3.22.2-7oku4yd37mfoi65gi3alunjbl35euphw;/p/vast1/build/spack/op
           t/spack/linux-rhel7-broadwell/gcc-10.2.1/openssl-1.1.1m-momhhzpwxq3f
           zqnlqbabquoitiq5d6q6;/p/vast1/build/spack/opt/spack/linux-rhel7-broa
           dwell/gcc-10.2.1/zlib-1.2.11-su2ldy5ofm424qnly3kitbbdgwovpfk4;/p/vas
           t1/build/spack/opt/spack/linux-rhel7-broadwell/gcc-10.2.1/libiconv-1
           .16-glggocpnh7m2dgmtu4fedhbfeessepbe;/p/vast1/build/spack/opt/spack/
           linux-rhel7-broadwell/gcc-10.2.1/ncurses-6.2-2xef6sx47tqatqlceqguyz3
           rza5okbhy' '-DCMAKE_C_FLAGS=-Wno-implicit-function-declaration' '-DA
           LLOW_UNSUPPORTED:BOOL=ON' '-DHDF5_BUILD_EXAMPLES:BOOL=OFF' '-DBUILD_
           TESTING:BOOL=OFF' '-DHDF5_ENABLE_Z_LIB_SUPPORT:BOOL=ON' '-DHDF5_ENAB
           LE_SZIP_SUPPORT:BOOL=OFF' '-DHDF5_ENABLE_SZIP_ENCODING:BOOL=OFF' '-D
           BUILD_SHARED_LIBS:BOOL=ON' '-DONLY_SHARED_LIBS:BOOL=OFF' '-DHDF5_ENA
           BLE_PARALLEL:BOOL=ON' '-DHDF5_ENABLE_THREADSAFE:BOOL=OFF' '-DHDF5_BU
           ILD_HL_LIB:BOOL=OFF' '-DHDF5_BUILD_CPP_LIB:BOOL=OFF' '-DHDF5_BUILD_F
           ORTRAN:BOOL=OFF' '-DHDF5_BUILD_JAVA:BOOL=OFF' '-DHDF5_BUILD_TOOLS:BO
           OL=ON' '-DCMAKE_C_COMPILER:STRING=/p/vast1/build/spack/opt/spack/lin
           ux-rhel7-broadwell/gcc-10.2.1/openmpi-4.1.2-mtnsjnbj5kuefhd6gtupaglp
           uytu6vhz/bin/mpicc' '/var/tmp/sochat1/spack-stage/spack-stage-hdf5-d
           evelop-1.10-p3whgjwjwc7nsjmfuat37m2qysfdiwdc/spack-src'
     3     -- The C compiler identification is GNU 10.2.1
     4     -- Detecting C compiler ABI info
     5     -- Detecting C compiler ABI info - failed
     6     -- Check for working C compiler: /p/vast1/build/spack/opt/spack/linu
           x-rhel7-broadwell/gcc-10.2.1/openmpi-4.1.2-mtnsjnbj5kuefhd6gtupaglpu
           ytu6vhz/bin/mpicc
     7     -- Check for working C compiler: /p/vast1/build/spack/opt/spack/linu
           x-rhel7-broadwell/gcc-10.2.1/openmpi-4.1.2-mtnsjnbj5kuefhd6gtupaglpu
           ytu6vhz/bin/mpicc - broken
  >> 8     CMake Error at /p/vast1/build/spack/opt/spack/linux-rhel7-broadwell/
           gcc-10.2.1/cmake-3.22.2-7oku4yd37mfoi65gi3alunjbl35euphw/share/cmake
           -3.22/Modules/CMakeTestCCompiler.cmake:69 (message):
     9       The C compiler
     10    
     11        "/p/vast1/build/spack/opt/spack/linux-rhel7-broadwell/gcc-10.2.1
           /openmpi-4.1.2-mtnsjnbj5kuefhd6gtupaglpuytu6vhz/bin/mpicc"
     12    
     13      is not able to compile a simple test program.
     14    

     ...

     21        Building C object CMakeFiles/cmTC_57077.dir/testCCompiler.c.o
     22        /p/vast1/build/spack/opt/spack/linux-rhel7-broadwell/gcc-10.2.1/
           openmpi-4.1.2-mtnsjnbj5kuefhd6gtupaglpuytu6vhz/bin/mpicc   -Wno-impl
           icit-function-declaration  -o CMakeFiles/cmTC_57077.dir/testCCompile
           r.c.o -c /tmp/sochat1/spack-stage/spack-stage-hdf5-develop-1.10-p3wh
           gjwjwc7nsjmfuat37m2qysfdiwdc/spack-build-p3whgjw/CMakeFiles/CMakeTmp
           /testCCompiler.c
     23        Linking C executable cmTC_57077
     24        /p/vast1/build/spack/opt/spack/linux-rhel7-broadwell/gcc-10.2.1/
           cmake-3.22.2-7oku4yd37mfoi65gi3alunjbl35euphw/bin/cmake -E cmake_lin
           k_script CMakeFiles/cmTC_57077.dir/link.txt --verbose=1
     25        /p/vast1/build/spack/opt/spack/linux-rhel7-broadwell/gcc-10.2.1/
           openmpi-4.1.2-mtnsjnbj5kuefhd6gtupaglpuytu6vhz/bin/mpicc -Wno-implic
           it-function-declaration  CMakeFiles/cmTC_57077.dir/testCCompiler.c.o
            -o cmTC_57077
     26        /usr/tce/packages/gcc/gcc-10.2.1/rh/usr/bin/../libexec/gcc/x86_6
           4-redhat-linux/10/ld: warning: libgpfs.so, needed by /p/vast1/build/
           spack/opt/spack/linux-rhel7-broadwell/gcc-10.2.1/openmpi-4.1.2-mtnsj
           nbj5kuefhd6gtupaglpuytu6vhz/lib/libmpi.so, not found (try using -rpa
           th or -rpath-link)
  >> 27    /usr/tce/packages/gcc/gcc-10.2.1/rh/usr/bin/../libexec/gcc/x86_64-re
           dhat-linux/10/ld: /p/vast1/build/spack/opt/spack/linux-rhel7-broadwe
           ll/gcc-10.2.1/openmpi-4.1.2-mtnsjnbj5kuefhd6gtupaglpuytu6vhz/lib/lib
           mpi.so: undefined reference to `gpfs_fcntl'
  >> 28        collect2: error: ld returned 1 exit status
  >> 29        gmake[1]: *** [cmTC_57077] Error 1
     30        gmake[1]: Leaving directory `/tmp/sochat1/spack-stage/spack-stag
           e-hdf5-develop-1.10-p3whgjwjwc7nsjmfuat37m2qysfdiwdc/spack-build-p3w
           hgjw/CMakeFiles/CMakeTmp'
  >> 31        gmake: *** [cmTC_57077/fast] Error 2
     32    
     33    
     34    
     35    
     36    
     37      CMake will not be able to correctly generate this project.

See build log for details:
  /var/tmp/sochat1/spack-stage/spack-stage-hdf5-develop-1.10-p3whgjwjwc7nsjmfuat37m2qysfdiwdc/spack-build-out.txt

Making predictions for spack-test
Making predictions for symbolator
Making predictions for libabigail
abicompat not found on path, will look for spack instead.
Making predictions for actual
