Concretizing hdf5@1.8.15
[+] /p/vast1/build/spack/opt/spack/linux-rhel7-broadwell/gcc-10.2.1/pkgconf-1.8.0-gp2xp6yplvubgic6eunbnl7emqdq3dye
[+] /p/vast1/build/spack/opt/spack/linux-rhel7-broadwell/gcc-10.2.1/berkeley-db-18.1.40-c7okyaricn3s5wx6lqo2exspq6tuninj
[+] /p/vast1/build/spack/opt/spack/linux-rhel7-broadwell/gcc-10.2.1/libiconv-1.16-glggocpnh7m2dgmtu4fedhbfeessepbe
[+] /p/vast1/build/spack/opt/spack/linux-rhel7-broadwell/gcc-10.2.1/zlib-1.2.11-su2ldy5ofm424qnly3kitbbdgwovpfk4
[+] /p/vast1/build/spack/opt/spack/linux-rhel7-broadwell/gcc-10.2.1/libsigsegv-2.13-7rh3iftx6wqudr26scqm7nyzm4xxgqcc
[+] /p/vast1/build/spack/opt/spack/linux-rhel7-broadwell/gcc-10.2.1/util-macros-1.19.3-mxlhejedwgloprhrg6bzi2wz3cgadzp2
[+] /p/vast1/build/spack/opt/spack/linux-rhel7-broadwell/gcc-10.2.1/xz-5.2.5-d536jz4ora4tt45q72d2lklqr3dqx34m
[+] /p/vast1/build/spack/opt/spack/linux-rhel7-broadwell/gcc-10.2.1/ncurses-6.2-2xef6sx47tqatqlceqguyz3rza5okbhy
[+] /p/vast1/build/spack/opt/spack/linux-rhel7-broadwell/gcc-10.2.1/diffutils-3.8-vxb536efq575rjec2zqsyqgsebpspfvs
[+] /p/vast1/build/spack/opt/spack/linux-rhel7-broadwell/gcc-10.2.1/m4-1.4.19-zeen2avy7avmg5n7cd6yaqspkj3rup2t
[+] /p/vast1/build/spack/opt/spack/linux-rhel7-broadwell/gcc-10.2.1/libxml2-2.9.12-rs3llxgrrh537ywuyzjxyebuzo3gnxpt
[+] /p/vast1/build/spack/opt/spack/linux-rhel7-broadwell/gcc-10.2.1/libedit-3.1-20210216-rhcaqt3bcnt5otgbqisvol2zjkkt3yqz
[+] /p/vast1/build/spack/opt/spack/linux-rhel7-broadwell/gcc-10.2.1/readline-8.1-vfjorqgtmqh3rl5ollaj4n2uusx4foez
[+] /p/vast1/build/spack/opt/spack/linux-rhel7-broadwell/gcc-10.2.1/bzip2-1.0.8-jmjklgubcyryaddwqvzuvzeiq6zfqmst
[+] /p/vast1/build/spack/opt/spack/linux-rhel7-broadwell/gcc-10.2.1/libtool-2.4.6-v5tvhyer33lc2hhisqrztia7bmreecdr
[+] /p/vast1/build/spack/opt/spack/linux-rhel7-broadwell/gcc-10.2.1/gdbm-1.19-k5otkqycqsp3sya4vlvqbekdodhy2a2b
[+] /p/vast1/build/spack/opt/spack/linux-rhel7-broadwell/gcc-10.2.1/libpciaccess-0.16-vzg6r6gyrqyboudgxfqbdwe36epu6s7s
[+] /p/vast1/build/spack/opt/spack/linux-rhel7-broadwell/gcc-10.2.1/perl-5.34.0-wimaji5zk5vlms3psvdtvmxifnine4nh
[+] /p/vast1/build/spack/opt/spack/linux-rhel7-broadwell/gcc-10.2.1/hwloc-2.6.0-cxn7eow3mqe2pjeaz7u4tyw4xadzqtri
[+] /p/vast1/build/spack/opt/spack/linux-rhel7-broadwell/gcc-10.2.1/openssl-1.1.1l-sozkiugfpwd75rjehlrzn3ymhrojqyp2
[+] /p/vast1/build/spack/opt/spack/linux-rhel7-broadwell/gcc-10.2.1/autoconf-2.69-pfmcbnykmtv5mjmsmwbesqcoea22hrrx
[+] /p/vast1/build/spack/opt/spack/linux-rhel7-broadwell/gcc-10.2.1/cmake-3.21.4-hvgwgb6duea6jzf2rywitb4a5lqdrpii
[+] /p/vast1/build/spack/opt/spack/linux-rhel7-broadwell/gcc-10.2.1/openssh-8.7p1-yfzytuo77m3idlyoubuj2rn2val7hypz
[+] /p/vast1/build/spack/opt/spack/linux-rhel7-broadwell/gcc-10.2.1/libevent-2.1.12-4rrpxdjg6q2tcghfclohesjtvuwd6kdv
[+] /p/vast1/build/spack/opt/spack/linux-rhel7-broadwell/gcc-10.2.1/automake-1.16.3-rxeto3fcfyywhhza4jadwlacwh3doghz
[+] /p/vast1/build/spack/opt/spack/linux-rhel7-broadwell/gcc-10.2.1/numactl-2.0.14-wiobx4m5fgmgis4po6hi44kpy7ad57vj
[+] /p/vast1/build/spack/opt/spack/linux-rhel7-broadwell/gcc-10.2.1/openmpi-4.1.2-z5hk7hdx3dkvk7ytodf4xiqqg3nfo4dh
[+] /p/vast1/build/spack/opt/spack/linux-rhel7-broadwell/gcc-10.2.1/hdf5-1.8.15-lsguett2l5tydwthtocuhe5btvybbqvi
Testing splicing in (and out) pkgconf@1.8.0
[+] /p/vast1/build/spack/opt/spack/linux-rhel7-broadwell/gcc-10.2.1/pkgconf-1.8.0-gp2xp6yplvubgic6eunbnl7emqdq3dye
[+] /p/vast1/build/spack/opt/spack/linux-rhel7-broadwell/gcc-10.2.1/berkeley-db-18.1.40-c7okyaricn3s5wx6lqo2exspq6tuninj
[+] /p/vast1/build/spack/opt/spack/linux-rhel7-broadwell/gcc-10.2.1/libiconv-1.16-glggocpnh7m2dgmtu4fedhbfeessepbe
[+] /p/vast1/build/spack/opt/spack/linux-rhel7-broadwell/gcc-10.2.1/pkgconf-1.8.0-gp2xp6yplvubgic6eunbnl7emqdq3dye
[+] /p/vast1/build/spack/opt/spack/linux-rhel7-broadwell/gcc-10.2.1/zlib-1.2.11-su2ldy5ofm424qnly3kitbbdgwovpfk4
[+] /p/vast1/build/spack/opt/spack/linux-rhel7-broadwell/gcc-10.2.1/diffutils-3.8-vxb536efq575rjec2zqsyqgsebpspfvs
[+] /p/vast1/build/spack/opt/spack/linux-rhel7-broadwell/gcc-10.2.1/ncurses-6.2-n4hgl6o7qth2nwjtpsvhg3apku7xf7xa
[+] /p/vast1/build/spack/opt/spack/linux-rhel7-broadwell/gcc-10.2.1/bzip2-1.0.8-jmjklgubcyryaddwqvzuvzeiq6zfqmst
[+] /p/vast1/build/spack/opt/spack/linux-rhel7-broadwell/gcc-10.2.1/readline-8.1-glmbiqzuvpe4wzffinjuunpox2uiracj
[+] /p/vast1/build/spack/opt/spack/linux-rhel7-broadwell/gcc-10.2.1/gdbm-1.19-iwky654jeetoskzm7k7p7ylizibr36lb
[+] /p/vast1/build/spack/opt/spack/linux-rhel7-broadwell/gcc-10.2.1/perl-5.34.0-7rjnqlaiqqffzspb7cmohlmcvuwqna6n
[+] /p/vast1/build/spack/opt/spack/linux-rhel7-broadwell/gcc-10.2.1/pkgconf-1.8.0-gp2xp6yplvubgic6eunbnl7emqdq3dye
[+] /p/vast1/build/spack/opt/spack/linux-rhel7-broadwell/gcc-10.2.1/berkeley-db-18.1.40-c7okyaricn3s5wx6lqo2exspq6tuninj
[+] /p/vast1/build/spack/opt/spack/linux-rhel7-broadwell/gcc-10.2.1/libiconv-1.16-glggocpnh7m2dgmtu4fedhbfeessepbe
[+] /p/vast1/build/spack/opt/spack/linux-rhel7-broadwell/gcc-10.2.1/zlib-1.2.11-su2ldy5ofm424qnly3kitbbdgwovpfk4
[+] /p/vast1/build/spack/opt/spack/linux-rhel7-broadwell/gcc-10.2.1/ncurses-6.2-n4hgl6o7qth2nwjtpsvhg3apku7xf7xa
[+] /p/vast1/build/spack/opt/spack/linux-rhel7-broadwell/gcc-10.2.1/diffutils-3.8-vxb536efq575rjec2zqsyqgsebpspfvs
[+] /p/vast1/build/spack/opt/spack/linux-rhel7-broadwell/gcc-10.2.1/readline-8.1-glmbiqzuvpe4wzffinjuunpox2uiracj
[+] /p/vast1/build/spack/opt/spack/linux-rhel7-broadwell/gcc-10.2.1/bzip2-1.0.8-jmjklgubcyryaddwqvzuvzeiq6zfqmst
[+] /p/vast1/build/spack/opt/spack/linux-rhel7-broadwell/gcc-10.2.1/gdbm-1.19-iwky654jeetoskzm7k7p7ylizibr36lb
[+] /p/vast1/build/spack/opt/spack/linux-rhel7-broadwell/gcc-10.2.1/perl-5.34.0-7rjnqlaiqqffzspb7cmohlmcvuwqna6n
[+] /p/vast1/build/spack/opt/spack/linux-rhel7-broadwell/gcc-10.2.1/openssl-1.1.1l-sozkiugfpwd75rjehlrzn3ymhrojqyp2
[+] /p/vast1/build/spack/opt/spack/linux-rhel7-broadwell/gcc-10.2.1/cmake-3.21.4-q5ya7audzplzx7e3ylv7mswakkxbzlkz
Testing splicing in (and out) pkgconf@1.7.4
[+] /p/vast1/build/spack/opt/spack/linux-rhel7-broadwell/gcc-10.2.1/pkgconf-1.7.4-undwekwfnoadmtca2gklapyszqo6fbqc
[+] /p/vast1/build/spack/opt/spack/linux-rhel7-broadwell/gcc-10.2.1/pkgconf-1.7.4-undwekwfnoadmtca2gklapyszqo6fbqc
[+] /p/vast1/build/spack/opt/spack/linux-rhel7-broadwell/gcc-10.2.1/berkeley-db-18.1.40-c7okyaricn3s5wx6lqo2exspq6tuninj
[+] /p/vast1/build/spack/opt/spack/linux-rhel7-broadwell/gcc-10.2.1/libiconv-1.16-glggocpnh7m2dgmtu4fedhbfeessepbe
[+] /p/vast1/build/spack/opt/spack/linux-rhel7-broadwell/gcc-10.2.1/zlib-1.2.11-su2ldy5ofm424qnly3kitbbdgwovpfk4
[+] /p/vast1/build/spack/opt/spack/linux-rhel7-broadwell/gcc-10.2.1/ncurses-6.2-n4hgl6o7qth2nwjtpsvhg3apku7xf7xa
[+] /p/vast1/build/spack/opt/spack/linux-rhel7-broadwell/gcc-10.2.1/diffutils-3.8-vxb536efq575rjec2zqsyqgsebpspfvs
[+] /p/vast1/build/spack/opt/spack/linux-rhel7-broadwell/gcc-10.2.1/readline-8.1-glmbiqzuvpe4wzffinjuunpox2uiracj
[+] /p/vast1/build/spack/opt/spack/linux-rhel7-broadwell/gcc-10.2.1/libedit-3.1-20210216-35jspqbvvkwj4lyty7xg4dzczkp7wu6l
[+] /p/vast1/build/spack/opt/spack/linux-rhel7-broadwell/gcc-10.2.1/bzip2-1.0.8-jmjklgubcyryaddwqvzuvzeiq6zfqmst
[+] /p/vast1/build/spack/opt/spack/linux-rhel7-broadwell/gcc-10.2.1/gdbm-1.19-iwky654jeetoskzm7k7p7ylizibr36lb
[+] /p/vast1/build/spack/opt/spack/linux-rhel7-broadwell/gcc-10.2.1/perl-5.34.0-7rjnqlaiqqffzspb7cmohlmcvuwqna6n
[+] /p/vast1/build/spack/opt/spack/linux-rhel7-broadwell/gcc-10.2.1/openssl-1.1.1l-sozkiugfpwd75rjehlrzn3ymhrojqyp2
[+] /p/vast1/build/spack/opt/spack/linux-rhel7-broadwell/gcc-10.2.1/openssh-8.7p1-fzcuieitimd7n4ajqsern6awhnow5lwj
Testing splicing in (and out) pkgconf@1.7.3
[+] /p/vast1/build/spack/opt/spack/linux-rhel7-broadwell/gcc-10.2.1/pkgconf-1.7.3-7hgm7il7fkby77dpxqp72np3ihfyc2tn
Testing splicing in (and out) pkgconf@1.6.3
[+] /p/vast1/build/spack/opt/spack/linux-rhel7-broadwell/gcc-10.2.1/pkgconf-1.6.3-wx7wxute6htyt7arhoksznfq56yoelvh
Testing splicing in (and out) pkgconf@1.6.1
[+] /p/vast1/build/spack/opt/spack/linux-rhel7-broadwell/gcc-10.2.1/pkgconf-1.6.1-i2ayheogpfexopiqqg3qz7t4upgsmtba
Testing splicing in (and out) pkgconf@1.6.0
==> Installing pkgconf-1.6.0-euka5rjqvhk7nehbjmm22b3fnf4n3brf
==> No binary for pkgconf-1.6.0-euka5rjqvhk7nehbjmm22b3fnf4n3brf found: installing from source
==> Fetching https://mirror.spack.io/_source-cache/archive/61/6135a3abb576672ba54a899860442ba185063f0f90dae5892f64f7bae8e1ece5.tar.xz
==> No patches needed for pkgconf
==> pkgconf: Executing phase: 'autoreconf'
==> pkgconf: Executing phase: 'configure'
==> pkgconf: Executing phase: 'build'
==> pkgconf: Executing phase: 'install'
==> pkgconf: Successfully installed pkgconf-1.6.0-euka5rjqvhk7nehbjmm22b3fnf4n3brf
  Fetch: 0.51s.  Build: 9.81s.  Total: 10.32s.
[+] /p/vast1/build/spack/opt/spack/linux-rhel7-broadwell/gcc-10.2.1/pkgconf-1.6.0-euka5rjqvhk7nehbjmm22b3fnf4n3brf
Testing splicing in (and out) pkgconf@1.5.4
==> Installing pkgconf-1.5.4-5bz4ozzvn3jbawxtzq6hvkfckuo2szic
==> No binary for pkgconf-1.5.4-5bz4ozzvn3jbawxtzq6hvkfckuo2szic found: installing from source
==> Fetching https://mirror.spack.io/_source-cache/archive/9c/9c5864a4e08428ef52f05a41c948529555458dec6d283b50f8b7d32463c54664.tar.xz
==> No patches needed for pkgconf
==> pkgconf: Executing phase: 'autoreconf'
==> pkgconf: Executing phase: 'configure'
==> pkgconf: Executing phase: 'build'
==> pkgconf: Executing phase: 'install'
==> pkgconf: Successfully installed pkgconf-1.5.4-5bz4ozzvn3jbawxtzq6hvkfckuo2szic
  Fetch: 0.51s.  Build: 9.92s.  Total: 10.43s.
[+] /p/vast1/build/spack/opt/spack/linux-rhel7-broadwell/gcc-10.2.1/pkgconf-1.5.4-5bz4ozzvn3jbawxtzq6hvkfckuo2szic
Testing splicing in (and out) pkgconf@1.4.2
==> Installing pkgconf-1.4.2-jpd7blzfco2pa72yl2jvfxu5xs3vucqf
==> No binary for pkgconf-1.4.2-jpd7blzfco2pa72yl2jvfxu5xs3vucqf found: installing from source
==> Fetching https://mirror.spack.io/_source-cache/archive/ba/bab39371d4ab972be1d539a8b10b6cc21f8eafc97f617102e667e82bd32eb234.tar.xz
==> No patches needed for pkgconf
==> pkgconf: Executing phase: 'autoreconf'
==> pkgconf: Executing phase: 'configure'
==> pkgconf: Executing phase: 'build'
==> pkgconf: Executing phase: 'install'
==> pkgconf: Successfully installed pkgconf-1.4.2-jpd7blzfco2pa72yl2jvfxu5xs3vucqf
  Fetch: 0.44s.  Build: 9.12s.  Total: 9.57s.
[+] /p/vast1/build/spack/opt/spack/linux-rhel7-broadwell/gcc-10.2.1/pkgconf-1.4.2-jpd7blzfco2pa72yl2jvfxu5xs3vucqf
Testing splicing in (and out) pkgconf@1.4.0
==> Installing pkgconf-1.4.0-e3inpigv7qvo7xyvjfpg6j2yfvggdhfa
==> No binary for pkgconf-1.4.0-e3inpigv7qvo7xyvjfpg6j2yfvggdhfa found: installing from source
==> Fetching https://mirror.spack.io/_source-cache/archive/1d/1d112ff35dad516ffbfbdb013df3a035140618fe7632ec44ffa894a9c713301b.tar.xz
==> No patches needed for pkgconf
==> pkgconf: Executing phase: 'autoreconf'
==> pkgconf: Executing phase: 'configure'
==> pkgconf: Executing phase: 'build'
==> pkgconf: Executing phase: 'install'
==> pkgconf: Successfully installed pkgconf-1.4.0-e3inpigv7qvo7xyvjfpg6j2yfvggdhfa
  Fetch: 2.65s.  Build: 8.90s.  Total: 11.55s.
[+] /p/vast1/build/spack/opt/spack/linux-rhel7-broadwell/gcc-10.2.1/pkgconf-1.4.0-e3inpigv7qvo7xyvjfpg6j2yfvggdhfa
Testing splicing in (and out) pkgconf@1.3.10
==> Installing pkgconf-1.3.10-jtx7kucfxrepgtxdyx5nrgfammidiou6
==> No binary for pkgconf-1.3.10-jtx7kucfxrepgtxdyx5nrgfammidiou6 found: installing from source
==> Fetching https://mirror.spack.io/_source-cache/archive/62/62577d265fa9415a57a77a59dede5526b7ece3ef59a750434b281b262f0c1da9.tar.xz
==> No patches needed for pkgconf
==> pkgconf: Executing phase: 'autoreconf'
==> pkgconf: Executing phase: 'configure'
==> pkgconf: Executing phase: 'build'
==> pkgconf: Executing phase: 'install'
==> pkgconf: Successfully installed pkgconf-1.3.10-jtx7kucfxrepgtxdyx5nrgfammidiou6
  Fetch: 2.64s.  Build: 8.54s.  Total: 11.18s.
[+] /p/vast1/build/spack/opt/spack/linux-rhel7-broadwell/gcc-10.2.1/pkgconf-1.3.10-jtx7kucfxrepgtxdyx5nrgfammidiou6
Testing splicing in (and out) pkgconf@1.3.8
==> Installing pkgconf-1.3.8-umai66ztule5uqv26ykigysqrhsgoiyd
==> No binary for pkgconf-1.3.8-umai66ztule5uqv26ykigysqrhsgoiyd found: installing from source
==> Fetching https://mirror.spack.io/_source-cache/archive/fc/fc06f058e6905435481f649865ca51000192c91808f307b1053ca5e859cb1488.tar.xz
==> No patches needed for pkgconf
==> pkgconf: Executing phase: 'autoreconf'
==> pkgconf: Executing phase: 'configure'
==> pkgconf: Executing phase: 'build'
==> pkgconf: Executing phase: 'install'
==> pkgconf: Successfully installed pkgconf-1.3.8-umai66ztule5uqv26ykigysqrhsgoiyd
  Fetch: 2.55s.  Build: 8.59s.  Total: 11.15s.
[+] /p/vast1/build/spack/opt/spack/linux-rhel7-broadwell/gcc-10.2.1/pkgconf-1.3.8-umai66ztule5uqv26ykigysqrhsgoiyd
Concretizing hdf5@1.8.15
[+] /p/vast1/build/spack/opt/spack/linux-rhel7-broadwell/gcc-10.2.1/pkgconf-1.8.0-gp2xp6yplvubgic6eunbnl7emqdq3dye
[+] /p/vast1/build/spack/opt/spack/linux-rhel7-broadwell/gcc-10.2.1/berkeley-db-18.1.40-c7okyaricn3s5wx6lqo2exspq6tuninj
[+] /p/vast1/build/spack/opt/spack/linux-rhel7-broadwell/gcc-10.2.1/libiconv-1.16-glggocpnh7m2dgmtu4fedhbfeessepbe
[+] /p/vast1/build/spack/opt/spack/linux-rhel7-broadwell/gcc-10.2.1/zlib-1.2.11-su2ldy5ofm424qnly3kitbbdgwovpfk4
[+] /p/vast1/build/spack/opt/spack/linux-rhel7-broadwell/gcc-10.2.1/libsigsegv-2.13-7rh3iftx6wqudr26scqm7nyzm4xxgqcc
[+] /p/vast1/build/spack/opt/spack/linux-rhel7-broadwell/gcc-10.2.1/util-macros-1.19.3-mxlhejedwgloprhrg6bzi2wz3cgadzp2
[+] /p/vast1/build/spack/opt/spack/linux-rhel7-broadwell/gcc-10.2.1/xz-5.2.5-d536jz4ora4tt45q72d2lklqr3dqx34m
[+] /p/vast1/build/spack/opt/spack/linux-rhel7-broadwell/gcc-10.2.1/ncurses-6.2-2xef6sx47tqatqlceqguyz3rza5okbhy
[+] /p/vast1/build/spack/opt/spack/linux-rhel7-broadwell/gcc-10.2.1/diffutils-3.8-vxb536efq575rjec2zqsyqgsebpspfvs
[+] /p/vast1/build/spack/opt/spack/linux-rhel7-broadwell/gcc-10.2.1/m4-1.4.19-zeen2avy7avmg5n7cd6yaqspkj3rup2t
[+] /p/vast1/build/spack/opt/spack/linux-rhel7-broadwell/gcc-10.2.1/libxml2-2.9.12-rs3llxgrrh537ywuyzjxyebuzo3gnxpt
[+] /p/vast1/build/spack/opt/spack/linux-rhel7-broadwell/gcc-10.2.1/libedit-3.1-20210216-rhcaqt3bcnt5otgbqisvol2zjkkt3yqz
[+] /p/vast1/build/spack/opt/spack/linux-rhel7-broadwell/gcc-10.2.1/readline-8.1-vfjorqgtmqh3rl5ollaj4n2uusx4foez
[+] /p/vast1/build/spack/opt/spack/linux-rhel7-broadwell/gcc-10.2.1/bzip2-1.0.8-jmjklgubcyryaddwqvzuvzeiq6zfqmst
[+] /p/vast1/build/spack/opt/spack/linux-rhel7-broadwell/gcc-10.2.1/libtool-2.4.6-v5tvhyer33lc2hhisqrztia7bmreecdr
[+] /p/vast1/build/spack/opt/spack/linux-rhel7-broadwell/gcc-10.2.1/gdbm-1.19-k5otkqycqsp3sya4vlvqbekdodhy2a2b
[+] /p/vast1/build/spack/opt/spack/linux-rhel7-broadwell/gcc-10.2.1/libpciaccess-0.16-vzg6r6gyrqyboudgxfqbdwe36epu6s7s
[+] /p/vast1/build/spack/opt/spack/linux-rhel7-broadwell/gcc-10.2.1/perl-5.34.0-wimaji5zk5vlms3psvdtvmxifnine4nh
[+] /p/vast1/build/spack/opt/spack/linux-rhel7-broadwell/gcc-10.2.1/hwloc-2.7.0-zcvfxqfecuheq2vakvpuosok2avakr6j
[+] /p/vast1/build/spack/opt/spack/linux-rhel7-broadwell/gcc-10.2.1/openssl-1.1.1m-momhhzpwxq3fzqnlqbabquoitiq5d6q6
[+] /p/vast1/build/spack/opt/spack/linux-rhel7-broadwell/gcc-10.2.1/autoconf-2.69-pfmcbnykmtv5mjmsmwbesqcoea22hrrx
[+] /p/vast1/build/spack/opt/spack/linux-rhel7-broadwell/gcc-10.2.1/cmake-3.22.2-7oku4yd37mfoi65gi3alunjbl35euphw
[+] /p/vast1/build/spack/opt/spack/linux-rhel7-broadwell/gcc-10.2.1/openssh-8.8p1-667p3p2z5r6q3h2mo5arextitlyvzye4
[+] /p/vast1/build/spack/opt/spack/linux-rhel7-broadwell/gcc-10.2.1/libevent-2.1.12-ojhvas6alyezjgn2r2flj4slwat4cowk
[+] /p/vast1/build/spack/opt/spack/linux-rhel7-broadwell/gcc-10.2.1/automake-1.16.5-7gugpvl5tq7e3xqgw7wna3fwdlbrszqs
[+] /p/vast1/build/spack/opt/spack/linux-rhel7-broadwell/gcc-10.2.1/numactl-2.0.14-wiobx4m5fgmgis4po6hi44kpy7ad57vj
[+] /p/vast1/build/spack/opt/spack/linux-rhel7-broadwell/gcc-10.2.1/openmpi-4.1.2-mtnsjnbj5kuefhd6gtupaglpuytu6vhz
==> Installing hdf5-1.8.15-dpno63mtjyhms42atgr5nysohqhmn5ms
==> No binary for hdf5-1.8.15-dpno63mtjyhms42atgr5nysohqhmn5ms found: installing from source
==> Using cached archive: /p/vast1/build/spack/var/spack/cache/_source-cache/archive/4e/4e963216b7d32469596bc1321a8c3f6e0c278dcbbdb7be6414c63c081b34c275.tar.gz
==> Applied patch /p/vast1/build/spack/var/spack/repos/builtin/packages/hdf5/h5public-skip-mpicxx.patch
==> Applied patch /p/vast1/build/spack/var/spack/repos/builtin/packages/hdf5/hdf5_1.8_gcc10.patch
==> Ran patch() for hdf5
==> hdf5: Executing phase: 'cmake'
