/var/spool/slurmd/job97934/slurm_script: line 12: 57250 Killed                  spliced splice --package openmpi@1.1 --splice pkgconf --runner spack --replace pkgconf --experiment experiment --outfile /p/vast1/build/spliced-experiment/results/openmpi/1.1/pkgconf/experiment.json
==> Error: ProcessError: Command exited with status 2:
    'make' '-j16' 'V=1'

12 errors found in build log:
     10285    
     10286       11 |   call MPI_Testsome(incount, array_of_requests, outcount,
               array_of_indices, array_of_statuses, ierr)
     10287          |                                                          
                                2
     10288    ......
     10289       25 |   call MPI_Testsome(incount, array_of_requests, outcount,
               array_of_indices, MPI_STATUSES_IGNORE, ierr)
     10290          |                                                          
                                1
  >> 10291    Error: Type mismatch between actual argument at (1) and actual ar
              gument at (2) (COMPLEX(8)/INTEGER(4)).
     10292    mpi_waitall_f90.f90:19:45:
     10293    
     10294        8 |   call MPI_Waitall(count, array_of_requests, array_of_sta
              tuses, ierr)
     10295          |                                             2
     10296    ......
     10297       19 |   call MPI_Waitall(count, array_of_requests, MPI_STATUSES
              _IGNORE, ierr)
     10298          |                                             1
  >> 10299    Error: Type mismatch between actual argument at (1) and actual ar
              gument at (2) (COMPLEX(8)/INTEGER(4)).
     10300    mpi_waitsome_f90.f90:25:76:
     10301    
     10302       11 |   call MPI_Waitsome(incount, array_of_requests, outcount,
               array_of_indices, array_of_statuses, ierr)
     10303          |                                                          
                                2
     10304    ......
     10305       25 |   call MPI_Waitsome(incount, array_of_requests, outcount,
               array_of_indices, MPI_STATUSES_IGNORE, ierr)
     10306          |                                                          
                                1
  >> 10307    Error: Type mismatch between actual argument at (1) and actual ar
              gument at (2) (COMPLEX(8)/INTEGER(4)).
     10308    mpi_testall_f90.f90:21:51:
     10309    
     10310        9 |   call MPI_TESTALL(count, array_of_requests, flag, array_
              of_statuses, ierr)
     10311          |                                                   2
     10312    ......
     10313       21 |   call MPI_TESTALL(count, array_of_requests, flag, MPI_ST
              ATUSES_IGNORE, ierr)
     10314          |                                                   1
  >> 10315    Error: Type mismatch between actual argument at (1) and actual ar
              gument at (2) (COMPLEX(8)/INTEGER(4)).
  >> 10316    make[4]: *** [mpi_testsome_f90.o] Error 1
     10317    make[4]: *** Waiting for unfinished jobs....
  >> 10318    make[4]: *** [mpi_waitall_f90.o] Error 1
  >> 10319    make[4]: *** [mpi_waitsome_f90.o] Error 1
  >> 10320    make[4]: *** [mpi_testall_f90.o] Error 1
     10321    make[4]: Leaving directory `/tmp/sochat1/spack-stage/spack-stage-
              openmpi-1.1-qkjjuz2fhw2xphutfk4drfgld7a33d2o/spack-src/ompi/mpi/f
              90'
  >> 10322    make[3]: *** [all-recursive] Error 1
     10323    make[3]: Leaving directory `/tmp/sochat1/spack-stage/spack-stage-
              openmpi-1.1-qkjjuz2fhw2xphutfk4drfgld7a33d2o/spack-src/ompi/mpi/f
              90'
  >> 10324    make[2]: *** [all-recursive] Error 1
     10325    make[2]: Leaving directory `/tmp/sochat1/spack-stage/spack-stage-
              openmpi-1.1-qkjjuz2fhw2xphutfk4drfgld7a33d2o/spack-src/ompi/mpi'
  >> 10326    make[1]: *** [all-recursive] Error 1
     10327    make[1]: Leaving directory `/tmp/sochat1/spack-stage/spack-stage-
              openmpi-1.1-qkjjuz2fhw2xphutfk4drfgld7a33d2o/spack-src/ompi'
  >> 10328    make: *** [all-recursive] Error 1

See build log for details:
  /var/tmp/sochat1/spack-stage/spack-stage-openmpi-1.1-qkjjuz2fhw2xphutfk4drfgld7a33d2o/spack-build-out.txt

Making predictions for spack-test
Making predictions for symbolator
Making predictions for libabigail
abicompat not found on path, will look for spack instead.
Making predictions for actual
