/var/spool/slurmd/job97745/slurm_script: line 12: 66788 Killed                  spliced splice --package openmpi@1.10.6 --splice perl --runner spack --replace perl --experiment experiment --outfile /p/vast1/build/spliced-experiment/results/openmpi/1.10.6/perl/experiment.json
==> Error: FileNotFoundError: [Errno 2] No such file or directory: 'lib/perlbug.t'

/p/vast1/build/spack/var/spack/repos/builtin/packages/perl/package.py:135, in patch:
        133    def patch(self):
        134        # https://github.com/Perl/perl5/issues/15544 long PATH(>1000 chars) fails a test
  >>    135        os.chmod('lib/perlbug.t', 0o644)
        136        filter_file('!/$B/', '! (/(?:$B|PATH)/)', 'lib/perlbug.t')


==> Error: FileNotFoundError: [Errno 2] No such file or directory: 'lib/perlbug.t'

/p/vast1/build/spack/var/spack/repos/builtin/packages/perl/package.py:135, in patch:
        133    def patch(self):
        134        # https://github.com/Perl/perl5/issues/15544 long PATH(>1000 chars) fails a test
  >>    135        os.chmod('lib/perlbug.t', 0o644)
        136        filter_file('!/$B/', '! (/(?:$B|PATH)/)', 'lib/perlbug.t')


==> Error: FileNotFoundError: [Errno 2] No such file or directory: 'lib/perlbug.t'

/p/vast1/build/spack/var/spack/repos/builtin/packages/perl/package.py:135, in patch:
        133    def patch(self):
        134        # https://github.com/Perl/perl5/issues/15544 long PATH(>1000 chars) fails a test
  >>    135        os.chmod('lib/perlbug.t', 0o644)
        136        filter_file('!/$B/', '! (/(?:$B|PATH)/)', 'lib/perlbug.t')


==> Error: FileNotFoundError: [Errno 2] No such file or directory: 'lib/perlbug.t'

/p/vast1/build/spack/var/spack/repos/builtin/packages/perl/package.py:135, in patch:
        133    def patch(self):
        134        # https://github.com/Perl/perl5/issues/15544 long PATH(>1000 chars) fails a test
  >>    135        os.chmod('lib/perlbug.t', 0o644)
        136        filter_file('!/$B/', '! (/(?:$B|PATH)/)', 'lib/perlbug.t')


==> Error: FileNotFoundError: [Errno 2] No such file or directory: 'lib/perlbug.t'

/p/vast1/build/spack/var/spack/repos/builtin/packages/perl/package.py:135, in patch:
        133    def patch(self):
        134        # https://github.com/Perl/perl5/issues/15544 long PATH(>1000 chars) fails a test
  >>    135        os.chmod('lib/perlbug.t', 0o644)
        136        filter_file('!/$B/', '! (/(?:$B|PATH)/)', 'lib/perlbug.t')


==> Error: FileNotFoundError: [Errno 2] No such file or directory: 'lib/perlbug.t'

/p/vast1/build/spack/var/spack/repos/builtin/packages/perl/package.py:135, in patch:
        133    def patch(self):
        134        # https://github.com/Perl/perl5/issues/15544 long PATH(>1000 chars) fails a test
  >>    135        os.chmod('lib/perlbug.t', 0o644)
        136        filter_file('!/$B/', '! (/(?:$B|PATH)/)', 'lib/perlbug.t')


==> Error: FileNotFoundError: [Errno 2] No such file or directory: 'lib/perlbug.t'

/p/vast1/build/spack/var/spack/repos/builtin/packages/perl/package.py:135, in patch:
        133    def patch(self):
        134        # https://github.com/Perl/perl5/issues/15544 long PATH(>1000 chars) fails a test
  >>    135        os.chmod('lib/perlbug.t', 0o644)
        136        filter_file('!/$B/', '! (/(?:$B|PATH)/)', 'lib/perlbug.t')


==> Error: FileNotFoundError: [Errno 2] No such file or directory: 'lib/perlbug.t'

/p/vast1/build/spack/var/spack/repos/builtin/packages/perl/package.py:135, in patch:
        133    def patch(self):
        134        # https://github.com/Perl/perl5/issues/15544 long PATH(>1000 chars) fails a test
  >>    135        os.chmod('lib/perlbug.t', 0o644)
        136        filter_file('!/$B/', '! (/(?:$B|PATH)/)', 'lib/perlbug.t')


==> Error: FileNotFoundError: [Errno 2] No such file or directory: 'lib/perlbug.t'

/p/vast1/build/spack/var/spack/repos/builtin/packages/perl/package.py:135, in patch:
        133    def patch(self):
        134        # https://github.com/Perl/perl5/issues/15544 long PATH(>1000 chars) fails a test
  >>    135        os.chmod('lib/perlbug.t', 0o644)
        136        filter_file('!/$B/', '! (/(?:$B|PATH)/)', 'lib/perlbug.t')


Making predictions for spack-test
Making predictions for symbolator
Making predictions for libabigail
abicompat not found on path, will look for spack instead.
Making predictions for actual
