Concretizing openmpi@2.1.2
[+] /p/vast1/build/spack/opt/spack/linux-rhel7-broadwell/gcc-10.2.1/libsigsegv-2.13-7rh3iftx6wqudr26scqm7nyzm4xxgqcc
[+] /p/vast1/build/spack/opt/spack/linux-rhel7-broadwell/gcc-10.2.1/pkgconf-1.8.0-gp2xp6yplvubgic6eunbnl7emqdq3dye
[+] /p/vast1/build/spack/opt/spack/linux-rhel7-broadwell/gcc-10.2.1/util-macros-1.19.3-mxlhejedwgloprhrg6bzi2wz3cgadzp2
[+] /p/vast1/build/spack/opt/spack/linux-rhel7-broadwell/gcc-10.2.1/libiconv-1.16-glggocpnh7m2dgmtu4fedhbfeessepbe
[+] /p/vast1/build/spack/opt/spack/linux-rhel7-broadwell/gcc-10.2.1/xz-5.2.5-d536jz4ora4tt45q72d2lklqr3dqx34m
[+] /p/vast1/build/spack/opt/spack/linux-rhel7-broadwell/gcc-10.2.1/zlib-1.2.11-su2ldy5ofm424qnly3kitbbdgwovpfk4
[+] /p/vast1/build/spack/opt/spack/linux-rhel7-broadwell/gcc-10.2.1/berkeley-db-18.1.40-c7okyaricn3s5wx6lqo2exspq6tuninj
[+] /p/vast1/build/spack/opt/spack/linux-rhel7-broadwell/gcc-10.2.1/m4-1.4.19-zeen2avy7avmg5n7cd6yaqspkj3rup2t
[+] /p/vast1/build/spack/opt/spack/linux-rhel7-broadwell/gcc-10.2.1/ncurses-6.2-2xef6sx47tqatqlceqguyz3rza5okbhy
[+] /p/vast1/build/spack/opt/spack/linux-rhel7-broadwell/gcc-10.2.1/diffutils-3.8-vxb536efq575rjec2zqsyqgsebpspfvs
[+] /p/vast1/build/spack/opt/spack/linux-rhel7-broadwell/gcc-10.2.1/libxml2-2.9.12-rs3llxgrrh537ywuyzjxyebuzo3gnxpt
[+] /p/vast1/build/spack/opt/spack/linux-rhel7-broadwell/gcc-10.2.1/libtool-2.4.6-v5tvhyer33lc2hhisqrztia7bmreecdr
[+] /p/vast1/build/spack/opt/spack/linux-rhel7-broadwell/gcc-10.2.1/libedit-3.1-20210216-rhcaqt3bcnt5otgbqisvol2zjkkt3yqz
[+] /p/vast1/build/spack/opt/spack/linux-rhel7-broadwell/gcc-10.2.1/readline-8.1-vfjorqgtmqh3rl5ollaj4n2uusx4foez
[+] /p/vast1/build/spack/opt/spack/linux-rhel7-broadwell/gcc-10.2.1/bzip2-1.0.8-jmjklgubcyryaddwqvzuvzeiq6zfqmst
[+] /p/vast1/build/spack/opt/spack/linux-rhel7-broadwell/gcc-10.2.1/libpciaccess-0.16-vzg6r6gyrqyboudgxfqbdwe36epu6s7s
[+] /p/vast1/build/spack/opt/spack/linux-rhel7-broadwell/gcc-10.2.1/gdbm-1.19-k5otkqycqsp3sya4vlvqbekdodhy2a2b
[+] /p/vast1/build/spack/opt/spack/linux-rhel7-broadwell/gcc-10.2.1/hwloc-1.11.13-u34fwahc4tbd77w4csoothe3vdimspeo
[+] /p/vast1/build/spack/opt/spack/linux-rhel7-broadwell/gcc-10.2.1/perl-5.34.0-wimaji5zk5vlms3psvdtvmxifnine4nh
[+] /p/vast1/build/spack/opt/spack/linux-rhel7-broadwell/gcc-10.2.1/openssl-1.1.1m-momhhzpwxq3fzqnlqbabquoitiq5d6q6
[+] /p/vast1/build/spack/opt/spack/linux-rhel7-broadwell/gcc-10.2.1/autoconf-2.69-pfmcbnykmtv5mjmsmwbesqcoea22hrrx
[+] /p/vast1/build/spack/opt/spack/linux-rhel7-broadwell/gcc-10.2.1/openssh-8.8p1-667p3p2z5r6q3h2mo5arextitlyvzye4
[+] /p/vast1/build/spack/opt/spack/linux-rhel7-broadwell/gcc-10.2.1/automake-1.16.5-7gugpvl5tq7e3xqgw7wna3fwdlbrszqs
[+] /p/vast1/build/spack/opt/spack/linux-rhel7-broadwell/gcc-10.2.1/numactl-2.0.14-wiobx4m5fgmgis4po6hi44kpy7ad57vj
[+] /p/vast1/build/spack/opt/spack/linux-rhel7-broadwell/gcc-10.2.1/openmpi-2.1.2-ageqxibhftrhb35a6etnmuyzxxhwq7q2
Testing splicing in (and out) libevent@2.1.12
[+] /p/vast1/build/spack/opt/spack/linux-rhel7-broadwell/gcc-10.2.1/berkeley-db-18.1.40-c7okyaricn3s5wx6lqo2exspq6tuninj
[+] /p/vast1/build/spack/opt/spack/linux-rhel7-broadwell/gcc-10.2.1/libiconv-1.16-glggocpnh7m2dgmtu4fedhbfeessepbe
[+] /p/vast1/build/spack/opt/spack/linux-rhel7-broadwell/gcc-10.2.1/pkgconf-1.8.0-gp2xp6yplvubgic6eunbnl7emqdq3dye
[+] /p/vast1/build/spack/opt/spack/linux-rhel7-broadwell/gcc-10.2.1/zlib-1.2.11-su2ldy5ofm424qnly3kitbbdgwovpfk4
[+] /p/vast1/build/spack/opt/spack/linux-rhel7-broadwell/gcc-10.2.1/diffutils-3.8-vxb536efq575rjec2zqsyqgsebpspfvs
[+] /p/vast1/build/spack/opt/spack/linux-rhel7-broadwell/gcc-10.2.1/ncurses-6.2-2xef6sx47tqatqlceqguyz3rza5okbhy
[+] /p/vast1/build/spack/opt/spack/linux-rhel7-broadwell/gcc-10.2.1/bzip2-1.0.8-jmjklgubcyryaddwqvzuvzeiq6zfqmst
[+] /p/vast1/build/spack/opt/spack/linux-rhel7-broadwell/gcc-10.2.1/readline-8.1-vfjorqgtmqh3rl5ollaj4n2uusx4foez
[+] /p/vast1/build/spack/opt/spack/linux-rhel7-broadwell/gcc-10.2.1/gdbm-1.19-k5otkqycqsp3sya4vlvqbekdodhy2a2b
[+] /p/vast1/build/spack/opt/spack/linux-rhel7-broadwell/gcc-10.2.1/perl-5.34.0-wimaji5zk5vlms3psvdtvmxifnine4nh
[+] /p/vast1/build/spack/opt/spack/linux-rhel7-broadwell/gcc-10.2.1/openssl-1.1.1m-momhhzpwxq3fzqnlqbabquoitiq5d6q6
[+] /p/vast1/build/spack/opt/spack/linux-rhel7-broadwell/gcc-10.2.1/libevent-2.1.12-ojhvas6alyezjgn2r2flj4slwat4cowk
Testing splicing in (and out) libevent@2.1.11
[+] /p/vast1/build/spack/opt/spack/linux-rhel7-broadwell/gcc-10.2.1/berkeley-db-18.1.40-c7okyaricn3s5wx6lqo2exspq6tuninj
[+] /p/vast1/build/spack/opt/spack/linux-rhel7-broadwell/gcc-10.2.1/libiconv-1.16-glggocpnh7m2dgmtu4fedhbfeessepbe
[+] /p/vast1/build/spack/opt/spack/linux-rhel7-broadwell/gcc-10.2.1/pkgconf-1.8.0-gp2xp6yplvubgic6eunbnl7emqdq3dye
[+] /p/vast1/build/spack/opt/spack/linux-rhel7-broadwell/gcc-10.2.1/zlib-1.2.11-su2ldy5ofm424qnly3kitbbdgwovpfk4
[+] /p/vast1/build/spack/opt/spack/linux-rhel7-broadwell/gcc-10.2.1/diffutils-3.8-vxb536efq575rjec2zqsyqgsebpspfvs
[+] /p/vast1/build/spack/opt/spack/linux-rhel7-broadwell/gcc-10.2.1/ncurses-6.2-2xef6sx47tqatqlceqguyz3rza5okbhy
[+] /p/vast1/build/spack/opt/spack/linux-rhel7-broadwell/gcc-10.2.1/bzip2-1.0.8-jmjklgubcyryaddwqvzuvzeiq6zfqmst
[+] /p/vast1/build/spack/opt/spack/linux-rhel7-broadwell/gcc-10.2.1/readline-8.1-vfjorqgtmqh3rl5ollaj4n2uusx4foez
[+] /p/vast1/build/spack/opt/spack/linux-rhel7-broadwell/gcc-10.2.1/gdbm-1.19-k5otkqycqsp3sya4vlvqbekdodhy2a2b
[+] /p/vast1/build/spack/opt/spack/linux-rhel7-broadwell/gcc-10.2.1/perl-5.34.0-wimaji5zk5vlms3psvdtvmxifnine4nh
[+] /p/vast1/build/spack/opt/spack/linux-rhel7-broadwell/gcc-10.2.1/openssl-1.1.1m-momhhzpwxq3fzqnlqbabquoitiq5d6q6
[+] /p/vast1/build/spack/opt/spack/linux-rhel7-broadwell/gcc-10.2.1/libevent-2.1.11-qmewv7vws5vpfyoeviomc3rbuyxy6axm
Testing splicing in (and out) libevent@2.1.10
[+] /p/vast1/build/spack/opt/spack/linux-rhel7-broadwell/gcc-10.2.1/berkeley-db-18.1.40-c7okyaricn3s5wx6lqo2exspq6tuninj
[+] /p/vast1/build/spack/opt/spack/linux-rhel7-broadwell/gcc-10.2.1/libiconv-1.16-glggocpnh7m2dgmtu4fedhbfeessepbe
[+] /p/vast1/build/spack/opt/spack/linux-rhel7-broadwell/gcc-10.2.1/pkgconf-1.8.0-gp2xp6yplvubgic6eunbnl7emqdq3dye
[+] /p/vast1/build/spack/opt/spack/linux-rhel7-broadwell/gcc-10.2.1/zlib-1.2.11-su2ldy5ofm424qnly3kitbbdgwovpfk4
[+] /p/vast1/build/spack/opt/spack/linux-rhel7-broadwell/gcc-10.2.1/diffutils-3.8-vxb536efq575rjec2zqsyqgsebpspfvs
[+] /p/vast1/build/spack/opt/spack/linux-rhel7-broadwell/gcc-10.2.1/ncurses-6.2-2xef6sx47tqatqlceqguyz3rza5okbhy
[+] /p/vast1/build/spack/opt/spack/linux-rhel7-broadwell/gcc-10.2.1/bzip2-1.0.8-jmjklgubcyryaddwqvzuvzeiq6zfqmst
[+] /p/vast1/build/spack/opt/spack/linux-rhel7-broadwell/gcc-10.2.1/readline-8.1-vfjorqgtmqh3rl5ollaj4n2uusx4foez
[+] /p/vast1/build/spack/opt/spack/linux-rhel7-broadwell/gcc-10.2.1/gdbm-1.19-k5otkqycqsp3sya4vlvqbekdodhy2a2b
[+] /p/vast1/build/spack/opt/spack/linux-rhel7-broadwell/gcc-10.2.1/perl-5.34.0-wimaji5zk5vlms3psvdtvmxifnine4nh
[+] /p/vast1/build/spack/opt/spack/linux-rhel7-broadwell/gcc-10.2.1/openssl-1.1.1m-momhhzpwxq3fzqnlqbabquoitiq5d6q6
[+] /p/vast1/build/spack/opt/spack/linux-rhel7-broadwell/gcc-10.2.1/libevent-2.1.10-zap7kxudl63jckzs6rmqdydmefgju4yb
Testing splicing in (and out) libevent@2.1.8
[+] /p/vast1/build/spack/opt/spack/linux-rhel7-broadwell/gcc-10.2.1/berkeley-db-18.1.40-c7okyaricn3s5wx6lqo2exspq6tuninj
[+] /p/vast1/build/spack/opt/spack/linux-rhel7-broadwell/gcc-10.2.1/libiconv-1.16-glggocpnh7m2dgmtu4fedhbfeessepbe
[+] /p/vast1/build/spack/opt/spack/linux-rhel7-broadwell/gcc-10.2.1/pkgconf-1.8.0-gp2xp6yplvubgic6eunbnl7emqdq3dye
[+] /p/vast1/build/spack/opt/spack/linux-rhel7-broadwell/gcc-10.2.1/zlib-1.2.11-su2ldy5ofm424qnly3kitbbdgwovpfk4
[+] /p/vast1/build/spack/opt/spack/linux-rhel7-broadwell/gcc-10.2.1/diffutils-3.8-vxb536efq575rjec2zqsyqgsebpspfvs
[+] /p/vast1/build/spack/opt/spack/linux-rhel7-broadwell/gcc-10.2.1/ncurses-6.2-2xef6sx47tqatqlceqguyz3rza5okbhy
[+] /p/vast1/build/spack/opt/spack/linux-rhel7-broadwell/gcc-10.2.1/bzip2-1.0.8-jmjklgubcyryaddwqvzuvzeiq6zfqmst
[+] /p/vast1/build/spack/opt/spack/linux-rhel7-broadwell/gcc-10.2.1/readline-8.1-vfjorqgtmqh3rl5ollaj4n2uusx4foez
[+] /p/vast1/build/spack/opt/spack/linux-rhel7-broadwell/gcc-10.2.1/gdbm-1.19-k5otkqycqsp3sya4vlvqbekdodhy2a2b
[+] /p/vast1/build/spack/opt/spack/linux-rhel7-broadwell/gcc-10.2.1/perl-5.34.0-wimaji5zk5vlms3psvdtvmxifnine4nh
[+] /p/vast1/build/spack/opt/spack/linux-rhel7-broadwell/gcc-10.2.1/openssl-1.1.1m-momhhzpwxq3fzqnlqbabquoitiq5d6q6
==> Installing libevent-2.1.8-qazjqria6yckk5coviwddne3xrouvj35
==> No binary for libevent-2.1.8-qazjqria6yckk5coviwddne3xrouvj35 found: installing from source
==> Fetching https://mirror.spack.io/_source-cache/archive/96/965cc5a8bb46ce4199a47e9b2c9e1cae3b137e8356ffdad6d94d3b9069b71dc2.tar.gz
==> Ran patch() for libevent
==> libevent: Executing phase: 'autoreconf'
==> libevent: Executing phase: 'configure'
==> libevent: Executing phase: 'build'
==> libevent: Executing phase: 'install'
==> libevent: Successfully installed libevent-2.1.8-qazjqria6yckk5coviwddne3xrouvj35
  Fetch: 2.80s.  Build: 58.88s.  Total: 1m 1.68s.
[+] /p/vast1/build/spack/opt/spack/linux-rhel7-broadwell/gcc-10.2.1/libevent-2.1.8-qazjqria6yckk5coviwddne3xrouvj35
Testing splicing in (and out) libevent@2.0.22
==> Installing libevent-2.0.22-dls2pcu2ft4qipppxnhb7lsstjudhwir
==> No binary for libevent-2.0.22-dls2pcu2ft4qipppxnhb7lsstjudhwir found: installing from source
==> Fetching https://mirror.spack.io/_source-cache/archive/71/71c2c49f0adadacfdbe6332a372c38cf9c8b7895bb73dabeaa53cdcc1d4e1fa3.tar.gz
==> Ran patch() for libevent
==> libevent: Executing phase: 'autoreconf'
==> libevent: Executing phase: 'configure'
==> libevent: Executing phase: 'build'
==> libevent: Executing phase: 'install'
==> libevent: Successfully installed libevent-2.0.22-dls2pcu2ft4qipppxnhb7lsstjudhwir
  Fetch: 0.65s.  Build: 41.18s.  Total: 41.84s.
[+] /p/vast1/build/spack/opt/spack/linux-rhel7-broadwell/gcc-10.2.1/libevent-2.0.22-dls2pcu2ft4qipppxnhb7lsstjudhwir
Testing splicing in (and out) libevent@2.0.21
==> Installing libevent-2.0.21-jjpydmebszt2owdjqpeyjwx72uts6vwj
==> No binary for libevent-2.0.21-jjpydmebszt2owdjqpeyjwx72uts6vwj found: installing from source
==> Fetching https://mirror.spack.io/_source-cache/archive/22/22a530a8a5ba1cb9c080cba033206b17dacd21437762155c6d30ee6469f574f5.tar.gz
==> Ran patch() for libevent
==> libevent: Executing phase: 'autoreconf'
==> libevent: Executing phase: 'configure'
==> libevent: Executing phase: 'build'
==> libevent: Executing phase: 'install'
==> libevent: Successfully installed libevent-2.0.21-jjpydmebszt2owdjqpeyjwx72uts6vwj
  Fetch: 0.47s.  Build: 42.17s.  Total: 42.64s.
[+] /p/vast1/build/spack/opt/spack/linux-rhel7-broadwell/gcc-10.2.1/libevent-2.0.21-jjpydmebszt2owdjqpeyjwx72uts6vwj
Testing splicing in (and out) libevent@2.0.20
==> Installing libevent-2.0.20-f7qceswq7ofiflfoudbnxmm7tcgaixdf
==> No binary for libevent-2.0.20-f7qceswq7ofiflfoudbnxmm7tcgaixdf found: installing from source
==> Fetching https://mirror.spack.io/_source-cache/archive/10/10698a0e6abb3ca00b1c9e8cfddc66933bcc4c9c78b5600a7064c4c3ef9c6a24.tar.gz
==> Ran patch() for libevent
==> libevent: Executing phase: 'autoreconf'
==> libevent: Executing phase: 'configure'
==> libevent: Executing phase: 'build'
==> libevent: Executing phase: 'install'
==> libevent: Successfully installed libevent-2.0.20-f7qceswq7ofiflfoudbnxmm7tcgaixdf
  Fetch: 0.58s.  Build: 42.39s.  Total: 42.97s.
[+] /p/vast1/build/spack/opt/spack/linux-rhel7-broadwell/gcc-10.2.1/libevent-2.0.20-f7qceswq7ofiflfoudbnxmm7tcgaixdf
Testing splicing in (and out) libevent@2.0.19
==> Installing libevent-2.0.19-xeffpupbzhffloadph7tq2avoz7g4r25
==> No binary for libevent-2.0.19-xeffpupbzhffloadph7tq2avoz7g4r25 found: installing from source
==> Fetching https://mirror.spack.io/_source-cache/archive/15/1591fb411a67876a514a33df54b85417b31e01800284bcc6894fc410c3eaea21.tar.gz
==> Ran patch() for libevent
==> libevent: Executing phase: 'autoreconf'
==> libevent: Executing phase: 'configure'
==> libevent: Executing phase: 'build'
==> libevent: Executing phase: 'install'
==> libevent: Successfully installed libevent-2.0.19-xeffpupbzhffloadph7tq2avoz7g4r25
  Fetch: 0.54s.  Build: 42.73s.  Total: 43.27s.
[+] /p/vast1/build/spack/opt/spack/linux-rhel7-broadwell/gcc-10.2.1/libevent-2.0.19-xeffpupbzhffloadph7tq2avoz7g4r25
Testing splicing in (and out) libevent@2.0.18
==> Installing libevent-2.0.18-7jpmnxuut5cwyekaft3xqlwedhnrff77
==> No binary for libevent-2.0.18-7jpmnxuut5cwyekaft3xqlwedhnrff77 found: installing from source
==> Fetching https://mirror.spack.io/_source-cache/archive/44/44ed97277715b24ef3b36e93d8c1d39ae80c29c7723793911e22dc6e0c3c4acb.tar.gz
==> Ran patch() for libevent
==> libevent: Executing phase: 'autoreconf'
==> libevent: Executing phase: 'configure'
==> libevent: Executing phase: 'build'
==> libevent: Executing phase: 'install'
==> libevent: Successfully installed libevent-2.0.18-7jpmnxuut5cwyekaft3xqlwedhnrff77
  Fetch: 2.78s.  Build: 42.53s.  Total: 45.31s.
[+] /p/vast1/build/spack/opt/spack/linux-rhel7-broadwell/gcc-10.2.1/libevent-2.0.18-7jpmnxuut5cwyekaft3xqlwedhnrff77
Testing splicing in (and out) libevent@2.0.17
==> Installing libevent-2.0.17-z6j7aotsgeldc5qeobd5xcbxy2mse5bo
==> No binary for libevent-2.0.17-z6j7aotsgeldc5qeobd5xcbxy2mse5bo found: installing from source
==> Fetching https://mirror.spack.io/_source-cache/archive/51/51735d1241f9f6d2d6465d8abc76f7511764f6de7d81026120c629612296faa6.tar.gz
==> Ran patch() for libevent
==> libevent: Executing phase: 'autoreconf'
==> libevent: Executing phase: 'configure'
==> libevent: Executing phase: 'build'
==> libevent: Executing phase: 'install'
==> libevent: Successfully installed libevent-2.0.17-z6j7aotsgeldc5qeobd5xcbxy2mse5bo
  Fetch: 2.62s.  Build: 42.51s.  Total: 45.14s.
[+] /p/vast1/build/spack/opt/spack/linux-rhel7-broadwell/gcc-10.2.1/libevent-2.0.17-z6j7aotsgeldc5qeobd5xcbxy2mse5bo
Testing splicing in (and out) libevent@2.0.16
==> Installing libevent-2.0.16-5r6r7yuzrk6qxrxflb5k5gjogy7xfmz4
==> No binary for libevent-2.0.16-5r6r7yuzrk6qxrxflb5k5gjogy7xfmz4 found: installing from source
==> Fetching https://mirror.spack.io/_source-cache/archive/a5/a578c7bcaf3bab1cc7924bd4d219f2ea621ab8c51dfc4f886e234b6ef4d38295.tar.gz
==> Ran patch() for libevent
==> libevent: Executing phase: 'autoreconf'
==> libevent: Executing phase: 'configure'
==> libevent: Executing phase: 'build'
==> libevent: Executing phase: 'install'
==> libevent: Successfully installed libevent-2.0.16-5r6r7yuzrk6qxrxflb5k5gjogy7xfmz4
  Fetch: 2.63s.  Build: 42.08s.  Total: 44.70s.
[+] /p/vast1/build/spack/opt/spack/linux-rhel7-broadwell/gcc-10.2.1/libevent-2.0.16-5r6r7yuzrk6qxrxflb5k5gjogy7xfmz4
Testing splicing in (and out) libevent@2.0.15
==> Installing libevent-2.0.15-5jsqwzhwcg4xntv2g25yjubamjo24ob2
==> No binary for libevent-2.0.15-5jsqwzhwcg4xntv2g25yjubamjo24ob2 found: installing from source
==> Fetching https://mirror.spack.io/_source-cache/archive/ab/ab535bae9af788c8711a8d138c4cae0722f22a1a4ac4d8084abc7b0e0468bc5c.tar.gz
==> Ran patch() for libevent
==> libevent: Executing phase: 'autoreconf'
==> libevent: Executing phase: 'configure'
==> libevent: Executing phase: 'build'
==> libevent: Executing phase: 'install'
==> libevent: Successfully installed libevent-2.0.15-5jsqwzhwcg4xntv2g25yjubamjo24ob2
  Fetch: 2.48s.  Build: 41.59s.  Total: 44.07s.
[+] /p/vast1/build/spack/opt/spack/linux-rhel7-broadwell/gcc-10.2.1/libevent-2.0.15-5jsqwzhwcg4xntv2g25yjubamjo24ob2
Testing splicing in (and out) libevent@2.0.14
[+] /p/vast1/build/spack/opt/spack/linux-rhel7-broadwell/gcc-10.2.1/libevent-2.0.14-55myfuxnfzgv5ykqni57kqhi2oxi3k3i
Testing splicing in (and out) libevent@2.0.13
[+] /p/vast1/build/spack/opt/spack/linux-rhel7-broadwell/gcc-10.2.1/libevent-2.0.13-upunut3g7lhhndhr5entenkyaq63acet
Testing splicing in (and out) libevent@2.0.12
==> Installing libevent-2.0.12-u2qntaszu5wwkuhgl7fxymdxw6psfmcb
==> No binary for libevent-2.0.12-u2qntaszu5wwkuhgl7fxymdxw6psfmcb found: installing from source
==> Fetching https://mirror.spack.io/_source-cache/archive/ac/ac0283f72e0f881e93ac3ae9497a20c78bd075c6c12506ad10e821aa1c29e5ab.tar.gz
==> Ran patch() for libevent
==> libevent: Executing phase: 'autoreconf'
==> libevent: Executing phase: 'configure'
==> libevent: Executing phase: 'build'
==> libevent: Executing phase: 'install'
==> libevent: Successfully installed libevent-2.0.12-u2qntaszu5wwkuhgl7fxymdxw6psfmcb
  Fetch: 2.73s.  Build: 41.24s.  Total: 43.97s.
[+] /p/vast1/build/spack/opt/spack/linux-rhel7-broadwell/gcc-10.2.1/libevent-2.0.12-u2qntaszu5wwkuhgl7fxymdxw6psfmcb
Concretizing openmpi@2.1.2
[+] /p/vast1/build/spack/opt/spack/linux-rhel7-broadwell/gcc-10.2.1/libsigsegv-2.13-7rh3iftx6wqudr26scqm7nyzm4xxgqcc
[+] /p/vast1/build/spack/opt/spack/linux-rhel7-broadwell/gcc-10.2.1/pkgconf-1.8.0-gp2xp6yplvubgic6eunbnl7emqdq3dye
[+] /p/vast1/build/spack/opt/spack/linux-rhel7-broadwell/gcc-10.2.1/util-macros-1.19.3-mxlhejedwgloprhrg6bzi2wz3cgadzp2
[+] /p/vast1/build/spack/opt/spack/linux-rhel7-broadwell/gcc-10.2.1/libiconv-1.16-glggocpnh7m2dgmtu4fedhbfeessepbe
[+] /p/vast1/build/spack/opt/spack/linux-rhel7-broadwell/gcc-10.2.1/xz-5.2.5-d536jz4ora4tt45q72d2lklqr3dqx34m
[+] /p/vast1/build/spack/opt/spack/linux-rhel7-broadwell/gcc-10.2.1/zlib-1.2.11-su2ldy5ofm424qnly3kitbbdgwovpfk4
[+] /p/vast1/build/spack/opt/spack/linux-rhel7-broadwell/gcc-10.2.1/berkeley-db-18.1.40-c7okyaricn3s5wx6lqo2exspq6tuninj
[+] /p/vast1/build/spack/opt/spack/linux-rhel7-broadwell/gcc-10.2.1/m4-1.4.19-zeen2avy7avmg5n7cd6yaqspkj3rup2t
[+] /p/vast1/build/spack/opt/spack/linux-rhel7-broadwell/gcc-10.2.1/ncurses-6.2-2xef6sx47tqatqlceqguyz3rza5okbhy
[+] /p/vast1/build/spack/opt/spack/linux-rhel7-broadwell/gcc-10.2.1/diffutils-3.8-vxb536efq575rjec2zqsyqgsebpspfvs
[+] /p/vast1/build/spack/opt/spack/linux-rhel7-broadwell/gcc-10.2.1/libxml2-2.9.12-rs3llxgrrh537ywuyzjxyebuzo3gnxpt
[+] /p/vast1/build/spack/opt/spack/linux-rhel7-broadwell/gcc-10.2.1/libtool-2.4.6-v5tvhyer33lc2hhisqrztia7bmreecdr
[+] /p/vast1/build/spack/opt/spack/linux-rhel7-broadwell/gcc-10.2.1/readline-8.1-vfjorqgtmqh3rl5ollaj4n2uusx4foez
[+] /p/vast1/build/spack/opt/spack/linux-rhel7-broadwell/gcc-10.2.1/libedit-3.1-20210216-rhcaqt3bcnt5otgbqisvol2zjkkt3yqz
[+] /p/vast1/build/spack/opt/spack/linux-rhel7-broadwell/gcc-10.2.1/bzip2-1.0.8-jmjklgubcyryaddwqvzuvzeiq6zfqmst
[+] /p/vast1/build/spack/opt/spack/linux-rhel7-broadwell/gcc-10.2.1/libpciaccess-0.16-vzg6r6gyrqyboudgxfqbdwe36epu6s7s
[+] /p/vast1/build/spack/opt/spack/linux-rhel7-broadwell/gcc-10.2.1/gdbm-1.19-k5otkqycqsp3sya4vlvqbekdodhy2a2b
[+] /p/vast1/build/spack/opt/spack/linux-rhel7-broadwell/gcc-10.2.1/hwloc-1.11.13-u34fwahc4tbd77w4csoothe3vdimspeo
[+] /p/vast1/build/spack/opt/spack/linux-rhel7-broadwell/gcc-10.2.1/perl-5.34.0-wimaji5zk5vlms3psvdtvmxifnine4nh
[+] /p/vast1/build/spack/opt/spack/linux-rhel7-broadwell/gcc-10.2.1/autoconf-2.69-pfmcbnykmtv5mjmsmwbesqcoea22hrrx
[+] /p/vast1/build/spack/opt/spack/linux-rhel7-broadwell/gcc-10.2.1/openssl-1.1.1m-momhhzpwxq3fzqnlqbabquoitiq5d6q6
[+] /p/vast1/build/spack/opt/spack/linux-rhel7-broadwell/gcc-10.2.1/automake-1.16.5-7gugpvl5tq7e3xqgw7wna3fwdlbrszqs
[+] /p/vast1/build/spack/opt/spack/linux-rhel7-broadwell/gcc-10.2.1/openssh-8.8p1-667p3p2z5r6q3h2mo5arextitlyvzye4
[+] /p/vast1/build/spack/opt/spack/linux-rhel7-broadwell/gcc-10.2.1/numactl-2.0.14-wiobx4m5fgmgis4po6hi44kpy7ad57vj
[+] /p/vast1/build/spack/opt/spack/linux-rhel7-broadwell/gcc-10.2.1/openmpi-2.1.2-ageqxibhftrhb35a6etnmuyzxxhwq7q2
Testing splicing in (and out) libevent@2.1.12
[+] /p/vast1/build/spack/opt/spack/linux-rhel7-broadwell/gcc-10.2.1/berkeley-db-18.1.40-c7okyaricn3s5wx6lqo2exspq6tuninj
[+] /p/vast1/build/spack/opt/spack/linux-rhel7-broadwell/gcc-10.2.1/libiconv-1.16-glggocpnh7m2dgmtu4fedhbfeessepbe
[+] /p/vast1/build/spack/opt/spack/linux-rhel7-broadwell/gcc-10.2.1/pkgconf-1.8.0-gp2xp6yplvubgic6eunbnl7emqdq3dye
[+] /p/vast1/build/spack/opt/spack/linux-rhel7-broadwell/gcc-10.2.1/zlib-1.2.11-su2ldy5ofm424qnly3kitbbdgwovpfk4
[+] /p/vast1/build/spack/opt/spack/linux-rhel7-broadwell/gcc-10.2.1/diffutils-3.8-vxb536efq575rjec2zqsyqgsebpspfvs
[+] /p/vast1/build/spack/opt/spack/linux-rhel7-broadwell/gcc-10.2.1/ncurses-6.2-2xef6sx47tqatqlceqguyz3rza5okbhy
[+] /p/vast1/build/spack/opt/spack/linux-rhel7-broadwell/gcc-10.2.1/bzip2-1.0.8-jmjklgubcyryaddwqvzuvzeiq6zfqmst
[+] /p/vast1/build/spack/opt/spack/linux-rhel7-broadwell/gcc-10.2.1/readline-8.1-vfjorqgtmqh3rl5ollaj4n2uusx4foez
[+] /p/vast1/build/spack/opt/spack/linux-rhel7-broadwell/gcc-10.2.1/gdbm-1.19-k5otkqycqsp3sya4vlvqbekdodhy2a2b
[+] /p/vast1/build/spack/opt/spack/linux-rhel7-broadwell/gcc-10.2.1/perl-5.34.0-wimaji5zk5vlms3psvdtvmxifnine4nh
[+] /p/vast1/build/spack/opt/spack/linux-rhel7-broadwell/gcc-10.2.1/openssl-1.1.1m-momhhzpwxq3fzqnlqbabquoitiq5d6q6
[+] /p/vast1/build/spack/opt/spack/linux-rhel7-broadwell/gcc-10.2.1/libevent-2.1.12-ojhvas6alyezjgn2r2flj4slwat4cowk
Testing splicing in (and out) libevent@2.1.11
[+] /p/vast1/build/spack/opt/spack/linux-rhel7-broadwell/gcc-10.2.1/berkeley-db-18.1.40-c7okyaricn3s5wx6lqo2exspq6tuninj
[+] /p/vast1/build/spack/opt/spack/linux-rhel7-broadwell/gcc-10.2.1/libiconv-1.16-glggocpnh7m2dgmtu4fedhbfeessepbe
[+] /p/vast1/build/spack/opt/spack/linux-rhel7-broadwell/gcc-10.2.1/pkgconf-1.8.0-gp2xp6yplvubgic6eunbnl7emqdq3dye
[+] /p/vast1/build/spack/opt/spack/linux-rhel7-broadwell/gcc-10.2.1/zlib-1.2.11-su2ldy5ofm424qnly3kitbbdgwovpfk4
[+] /p/vast1/build/spack/opt/spack/linux-rhel7-broadwell/gcc-10.2.1/diffutils-3.8-vxb536efq575rjec2zqsyqgsebpspfvs
[+] /p/vast1/build/spack/opt/spack/linux-rhel7-broadwell/gcc-10.2.1/ncurses-6.2-2xef6sx47tqatqlceqguyz3rza5okbhy
[+] /p/vast1/build/spack/opt/spack/linux-rhel7-broadwell/gcc-10.2.1/bzip2-1.0.8-jmjklgubcyryaddwqvzuvzeiq6zfqmst
[+] /p/vast1/build/spack/opt/spack/linux-rhel7-broadwell/gcc-10.2.1/readline-8.1-vfjorqgtmqh3rl5ollaj4n2uusx4foez
[+] /p/vast1/build/spack/opt/spack/linux-rhel7-broadwell/gcc-10.2.1/gdbm-1.19-k5otkqycqsp3sya4vlvqbekdodhy2a2b
[+] /p/vast1/build/spack/opt/spack/linux-rhel7-broadwell/gcc-10.2.1/perl-5.34.0-wimaji5zk5vlms3psvdtvmxifnine4nh
[+] /p/vast1/build/spack/opt/spack/linux-rhel7-broadwell/gcc-10.2.1/openssl-1.1.1m-momhhzpwxq3fzqnlqbabquoitiq5d6q6
[+] /p/vast1/build/spack/opt/spack/linux-rhel7-broadwell/gcc-10.2.1/libevent-2.1.11-qmewv7vws5vpfyoeviomc3rbuyxy6axm
Testing splicing in (and out) libevent@2.1.10
[+] /p/vast1/build/spack/opt/spack/linux-rhel7-broadwell/gcc-10.2.1/berkeley-db-18.1.40-c7okyaricn3s5wx6lqo2exspq6tuninj
[+] /p/vast1/build/spack/opt/spack/linux-rhel7-broadwell/gcc-10.2.1/libiconv-1.16-glggocpnh7m2dgmtu4fedhbfeessepbe
[+] /p/vast1/build/spack/opt/spack/linux-rhel7-broadwell/gcc-10.2.1/pkgconf-1.8.0-gp2xp6yplvubgic6eunbnl7emqdq3dye
[+] /p/vast1/build/spack/opt/spack/linux-rhel7-broadwell/gcc-10.2.1/zlib-1.2.11-su2ldy5ofm424qnly3kitbbdgwovpfk4
[+] /p/vast1/build/spack/opt/spack/linux-rhel7-broadwell/gcc-10.2.1/diffutils-3.8-vxb536efq575rjec2zqsyqgsebpspfvs
[+] /p/vast1/build/spack/opt/spack/linux-rhel7-broadwell/gcc-10.2.1/ncurses-6.2-2xef6sx47tqatqlceqguyz3rza5okbhy
[+] /p/vast1/build/spack/opt/spack/linux-rhel7-broadwell/gcc-10.2.1/bzip2-1.0.8-jmjklgubcyryaddwqvzuvzeiq6zfqmst
[+] /p/vast1/build/spack/opt/spack/linux-rhel7-broadwell/gcc-10.2.1/readline-8.1-vfjorqgtmqh3rl5ollaj4n2uusx4foez
[+] /p/vast1/build/spack/opt/spack/linux-rhel7-broadwell/gcc-10.2.1/gdbm-1.19-k5otkqycqsp3sya4vlvqbekdodhy2a2b
[+] /p/vast1/build/spack/opt/spack/linux-rhel7-broadwell/gcc-10.2.1/perl-5.34.0-wimaji5zk5vlms3psvdtvmxifnine4nh
[+] /p/vast1/build/spack/opt/spack/linux-rhel7-broadwell/gcc-10.2.1/openssl-1.1.1m-momhhzpwxq3fzqnlqbabquoitiq5d6q6
[+] /p/vast1/build/spack/opt/spack/linux-rhel7-broadwell/gcc-10.2.1/libevent-2.1.10-zap7kxudl63jckzs6rmqdydmefgju4yb
Testing splicing in (and out) libevent@2.1.8
[+] /p/vast1/build/spack/opt/spack/linux-rhel7-broadwell/gcc-10.2.1/berkeley-db-18.1.40-c7okyaricn3s5wx6lqo2exspq6tuninj
[+] /p/vast1/build/spack/opt/spack/linux-rhel7-broadwell/gcc-10.2.1/libiconv-1.16-glggocpnh7m2dgmtu4fedhbfeessepbe
[+] /p/vast1/build/spack/opt/spack/linux-rhel7-broadwell/gcc-10.2.1/pkgconf-1.8.0-gp2xp6yplvubgic6eunbnl7emqdq3dye
[+] /p/vast1/build/spack/opt/spack/linux-rhel7-broadwell/gcc-10.2.1/zlib-1.2.11-su2ldy5ofm424qnly3kitbbdgwovpfk4
[+] /p/vast1/build/spack/opt/spack/linux-rhel7-broadwell/gcc-10.2.1/diffutils-3.8-vxb536efq575rjec2zqsyqgsebpspfvs
[+] /p/vast1/build/spack/opt/spack/linux-rhel7-broadwell/gcc-10.2.1/ncurses-6.2-2xef6sx47tqatqlceqguyz3rza5okbhy
[+] /p/vast1/build/spack/opt/spack/linux-rhel7-broadwell/gcc-10.2.1/bzip2-1.0.8-jmjklgubcyryaddwqvzuvzeiq6zfqmst
[+] /p/vast1/build/spack/opt/spack/linux-rhel7-broadwell/gcc-10.2.1/readline-8.1-vfjorqgtmqh3rl5ollaj4n2uusx4foez
[+] /p/vast1/build/spack/opt/spack/linux-rhel7-broadwell/gcc-10.2.1/gdbm-1.19-k5otkqycqsp3sya4vlvqbekdodhy2a2b
[+] /p/vast1/build/spack/opt/spack/linux-rhel7-broadwell/gcc-10.2.1/perl-5.34.0-wimaji5zk5vlms3psvdtvmxifnine4nh
[+] /p/vast1/build/spack/opt/spack/linux-rhel7-broadwell/gcc-10.2.1/openssl-1.1.1m-momhhzpwxq3fzqnlqbabquoitiq5d6q6
[+] /p/vast1/build/spack/opt/spack/linux-rhel7-broadwell/gcc-10.2.1/libevent-2.1.8-qazjqria6yckk5coviwddne3xrouvj35
Testing splicing in (and out) libevent@2.0.22
[+] /p/vast1/build/spack/opt/spack/linux-rhel7-broadwell/gcc-10.2.1/libevent-2.0.22-dls2pcu2ft4qipppxnhb7lsstjudhwir
Testing splicing in (and out) libevent@2.0.21
[+] /p/vast1/build/spack/opt/spack/linux-rhel7-broadwell/gcc-10.2.1/libevent-2.0.21-jjpydmebszt2owdjqpeyjwx72uts6vwj
Testing splicing in (and out) libevent@2.0.20
[+] /p/vast1/build/spack/opt/spack/linux-rhel7-broadwell/gcc-10.2.1/libevent-2.0.20-f7qceswq7ofiflfoudbnxmm7tcgaixdf
Testing splicing in (and out) libevent@2.0.19
[+] /p/vast1/build/spack/opt/spack/linux-rhel7-broadwell/gcc-10.2.1/libevent-2.0.19-xeffpupbzhffloadph7tq2avoz7g4r25
Testing splicing in (and out) libevent@2.0.18
[+] /p/vast1/build/spack/opt/spack/linux-rhel7-broadwell/gcc-10.2.1/libevent-2.0.18-7jpmnxuut5cwyekaft3xqlwedhnrff77
Testing splicing in (and out) libevent@2.0.17
[+] /p/vast1/build/spack/opt/spack/linux-rhel7-broadwell/gcc-10.2.1/libevent-2.0.17-z6j7aotsgeldc5qeobd5xcbxy2mse5bo
Testing splicing in (and out) libevent@2.0.16
[+] /p/vast1/build/spack/opt/spack/linux-rhel7-broadwell/gcc-10.2.1/libevent-2.0.16-5r6r7yuzrk6qxrxflb5k5gjogy7xfmz4
Testing splicing in (and out) libevent@2.0.15
[+] /p/vast1/build/spack/opt/spack/linux-rhel7-broadwell/gcc-10.2.1/libevent-2.0.15-5jsqwzhwcg4xntv2g25yjubamjo24ob2
Testing splicing in (and out) libevent@2.0.14
[+] /p/vast1/build/spack/opt/spack/linux-rhel7-broadwell/gcc-10.2.1/libevent-2.0.14-55myfuxnfzgv5ykqni57kqhi2oxi3k3i
Testing splicing in (and out) libevent@2.0.13
[+] /p/vast1/build/spack/opt/spack/linux-rhel7-broadwell/gcc-10.2.1/libevent-2.0.13-upunut3g7lhhndhr5entenkyaq63acet
Testing splicing in (and out) libevent@2.0.12
[+] /p/vast1/build/spack/opt/spack/linux-rhel7-broadwell/gcc-10.2.1/libevent-2.0.12-u2qntaszu5wwkuhgl7fxymdxw6psfmcb
