/var/spool/slurmd/job97664/slurm_script: line 12: 36818 Killed                  spliced splice --package openmpi@4.1.2 --splice openssh --runner spack --replace openssh --experiment experiment --outfile /p/vast1/build/spliced-experiment/results/openmpi/4.1.2/openssh/experiment.json
==> Warning: using "openssl@1.0.2u" which is a deprecated version
==> Warning: openssl@1.0.2u is deprecated and may be removed in a future Spack release.
==> Error: FetchError: Will not fetch openssl@1.0.2u
    If you are willing to be a maintainer for this version of the package, submit a PR to remove `deprecated=False`, or use `--deprecated` to skip this check.

/p/vast1/build/spack/lib/spack/spack/package.py:1395, in do_fetch:
       1392                        dp_msg))
       1393
       1394            if not ignore_deprecation:
  >>   1395                raise FetchError("Will not fetch {0}".format(
       1396                    self.spec.format('{name}{@version}')), dp_msg)
       1397
       1398        self.stage.create()


==> Warning: Skipping build of openssh-7.6p1-w373w7jvg7bdzhokbfaohznyyuqn5vpp since openssl-1.0.2u-jg3ilhwnnge5yk5gd46f7izmlwt6izi2 failed
==> Error: openssh-7.6p1-w373w7jvg7bdzhokbfaohznyyuqn5vpp: Package was not installed
==> Warning: using "openssl@1.0.2u" which is a deprecated version
==> Warning: using "openssl@1.0.2u" which is a deprecated version
==> Warning: openssl@1.0.2u is deprecated and may be removed in a future Spack release.
==> Error: FetchError: Will not fetch openssl@1.0.2u
    If you are willing to be a maintainer for this version of the package, submit a PR to remove `deprecated=False`, or use `--deprecated` to skip this check.

/p/vast1/build/spack/lib/spack/spack/package.py:1395, in do_fetch:
       1392                        dp_msg))
       1393
       1394            if not ignore_deprecation:
  >>   1395                raise FetchError("Will not fetch {0}".format(
       1396                    self.spec.format('{name}{@version}')), dp_msg)
       1397
       1398        self.stage.create()


==> Warning: Skipping build of openssh-7.4p1-sbgjhkkcv2u3q6uxaupvii6ca6fq6rje since openssl-1.0.2u-jg3ilhwnnge5yk5gd46f7izmlwt6izi2 failed
==> Error: openssh-7.4p1-sbgjhkkcv2u3q6uxaupvii6ca6fq6rje: Package was not installed
==> Warning: using "openssl@1.0.2u" which is a deprecated version
==> Warning: using "openssl@1.0.2u" which is a deprecated version
==> Warning: openssl@1.0.2u is deprecated and may be removed in a future Spack release.
==> Error: FetchError: Will not fetch openssl@1.0.2u
    If you are willing to be a maintainer for this version of the package, submit a PR to remove `deprecated=False`, or use `--deprecated` to skip this check.

/p/vast1/build/spack/lib/spack/spack/package.py:1395, in do_fetch:
       1392                        dp_msg))
       1393
       1394            if not ignore_deprecation:
  >>   1395                raise FetchError("Will not fetch {0}".format(
       1396                    self.spec.format('{name}{@version}')), dp_msg)
       1397
       1398        self.stage.create()


==> Warning: Skipping build of openssh-7.2p2-b6hitlsbslvsiaea4lygrprl4anfjlyu since openssl-1.0.2u-jg3ilhwnnge5yk5gd46f7izmlwt6izi2 failed
==> Error: openssh-7.2p2-b6hitlsbslvsiaea4lygrprl4anfjlyu: Package was not installed
==> Warning: using "openssl@1.0.2u" which is a deprecated version
==> Warning: using "openssl@1.0.2u" which is a deprecated version
==> Warning: openssl@1.0.2u is deprecated and may be removed in a future Spack release.
==> Error: FetchError: Will not fetch openssl@1.0.2u
    If you are willing to be a maintainer for this version of the package, submit a PR to remove `deprecated=False`, or use `--deprecated` to skip this check.

/p/vast1/build/spack/lib/spack/spack/package.py:1395, in do_fetch:
       1392                        dp_msg))
       1393
       1394            if not ignore_deprecation:
  >>   1395                raise FetchError("Will not fetch {0}".format(
       1396                    self.spec.format('{name}{@version}')), dp_msg)
       1397
       1398        self.stage.create()


==> Warning: Skipping build of openssh-7.0p1-4rhq7lhltizwaunc4exmkpzttjkogwsx since openssl-1.0.2u-jg3ilhwnnge5yk5gd46f7izmlwt6izi2 failed
==> Error: openssh-7.0p1-4rhq7lhltizwaunc4exmkpzttjkogwsx: Package was not installed
==> Warning: using "openssl@1.0.2u" which is a deprecated version
==> Warning: using "openssl@1.0.2u" which is a deprecated version
==> Warning: openssl@1.0.2u is deprecated and may be removed in a future Spack release.
==> Error: FetchError: Will not fetch openssl@1.0.2u
    If you are willing to be a maintainer for this version of the package, submit a PR to remove `deprecated=False`, or use `--deprecated` to skip this check.

/p/vast1/build/spack/lib/spack/spack/package.py:1395, in do_fetch:
       1392                        dp_msg))
       1393
       1394            if not ignore_deprecation:
  >>   1395                raise FetchError("Will not fetch {0}".format(
       1396                    self.spec.format('{name}{@version}')), dp_msg)
       1397
       1398        self.stage.create()


==> Warning: Skipping build of openssh-6.8p1-se5qvnkblcigfxk2hbhhv42elsvn75c5 since openssl-1.0.2u-jg3ilhwnnge5yk5gd46f7izmlwt6izi2 failed
==> Error: openssh-6.8p1-se5qvnkblcigfxk2hbhhv42elsvn75c5: Package was not installed
==> Warning: using "openssl@1.0.2u" which is a deprecated version
==> Warning: using "openssl@1.0.2u" which is a deprecated version
Making predictions for spack-test
Making predictions for symbolator
Making predictions for libabigail
abicompat not found on path, will look for spack instead.
Making predictions for actual
