==> Error: Failed to upgrade to a write lock for openmpi-1.5.4-ecozbketfx5zbg6py3l5luvf3rgp2ir3 due to LockUpgradeError: Cannot upgrade lock from read to write on file: /p/vast1/build/spack/opt/spack/.spack-db/prefix_lock
==> Warning: AssertionError exception when releasing read lock for openmpi-1.5.4-ecozbketfx5zbg6py3l5luvf3rgp2ir3: 
Making predictions for symbolator
Making predictions for libabigail
Making predictions for actual
==> Error: ProcessError: Command exited with status 1:
    '/var/tmp/sochat1/spack-stage/spack-stage-openmpi-1.5.4-ecozbketfx5zbg6py3l5luvf3rgp2ir3/spack-src/configure' '--prefix=/p/vast1/build/spack/opt/spack/linux-rhel7-broadwell/gcc-10.2.1/openmpi-1.5.4-ecozbketfx5zbg6py3l5luvf3rgp2ir3' '--enable-shared' '--disable-silent-rules' '--disable-builtin-atomics' '--enable-static' '--without-pmi' '--without-xpmem' '--without-psm2' '--without-ucx' '--without-mxm' '--without-cma' '--without-knem' '--without-openib' '--without-psm' '--without-hcoll' '--without-libfabric' '--without-fca' '--without-lsf' '--without-alps' '--without-tm' '--without-loadleveler' '--without-sge' '--without-slurm' '--disable-memchecker' '--with-hwloc=/p/vast1/build/spack/opt/spack/linux-rhel7-broadwell/gcc-10.2.1/hwloc-1.11.13-u34fwahc4tbd77w4csoothe3vdimspeo' '--with-gpfs' '--without-sqlite3' '--disable-mpi-thread-multiple' '--disable-wrapper-rpath' '--disable-mpi-cxx' '--disable-cxx-exceptions'

15 errors found in build log:
     40       checking for a BSD-compatible install... /usr/bin/install -c
     41       checking whether build environment is sane... yes
     42       checking for a thread-safe mkdir -p... /usr/bin/mkdir -p
     43       checking for gawk... gawk
     44       checking whether make sets $(MAKE)... yes
     45       checking for style of include used by make... GNU
  >> 46       configure: error: source directory already configured; run "make 
              distclean" there first
     47       ==> openmpi: Executing phase: 'build'
     48       ==> [2022-03-04-02:04:52.964957] 'make' '-j16' 'V=1'
     49       Making all in config
     50       make[1]: Entering directory `/tmp/sochat1/spack-stage/spack-stage
              -openmpi-1.5.4-ecozbketfx5zbg6py3l5luvf3rgp2ir3/spack-src/config'
     51       make[1]: Nothing to be done for `all'.
     52       make[1]: Leaving directory `/tmp/sochat1/spack-stage/spack-stage-
              openmpi-1.5.4-ecozbketfx5zbg6py3l5luvf3rgp2ir3/spack-src/config'

     ...

     11669    
     11670       12 |   call MPI_Testsome(incount, array_of_requests, outcount,
               array_of_indices, array_of_statuses, ierr)
     11671          |                                                          
                                2
     11672    ......
     11673       26 |   call MPI_Testsome(incount, array_of_requests, outcount,
               array_of_indices, array_of_statuses, ierr)
     11674          |                                                          
                                1
  >> 11675    Error: Type mismatch between actual argument at (1) and actual ar
              gument at (2) (REAL(8)/INTEGER(4)).
     11676    mpi_comm_spawn_multiple_f90.f90:36:57:
     11677    
     11678       16 |   call MPI_Comm_spawn_multiple(count, array_of_commands, 
              array_of_argv, &
     11679          |                                                         2
     11680    ......
     11681       36 |   call MPI_Comm_spawn_multiple(count, array_of_commands, 
              array_of_argv, &
     11682          |                                                         1
  >> 11683    Error: Type mismatch between actual argument at (1) and actual ar
              gument at (2) (REAL(8)/CHARACTER(*)).
     11684    mpi_waitall_f90.f90:18:45:
     11685    
     11686        8 |   call MPI_Waitall(count, array_of_requests, array_of_sta
              tuses, ierr)
     11687          |                                             2
     11688    ......
     11689       18 |   call MPI_Waitall(count, array_of_requests, array_of_sta
              tuses, ierr)
     11690          |                                             1
  >> 11691    Error: Type mismatch between actual argument at (1) and actual ar
              gument at (2) (REAL(8)/INTEGER(4)).
     11692    mpi_testall_f90.f90:22:51:
     11693    
     11694       10 |   call MPI_Testall(count, array_of_requests, flag, array_
              of_statuses, ierr)
     11695          |                                                   2
     11696    ......
     11697       22 |   call MPI_Testall(count, array_of_requests, flag, array_
              of_statuses, ierr)
     11698          |                                                   1
  >> 11699    Error: Type mismatch between actual argument at (1) and actual ar
              gument at (2) (REAL(8)/INTEGER(4)).
     11700    mpi_waitsome_f90.f90:26:76:
     11701    
     11702       12 |   call MPI_Waitsome(incount, array_of_requests, outcount,
               array_of_indices, array_of_statuses, ierr)
     11703          |                                                          
                                2
     11704    ......
     11705       26 |   call MPI_Waitsome(incount, array_of_requests, outcount,
               array_of_indices, array_of_statuses, ierr)
     11706          |                                                          
                                1
  >> 11707    Error: Type mismatch between actual argument at (1) and actual ar
              gument at (2) (REAL(8)/INTEGER(4)).
  >> 11708    make[4]: *** [mpi_testsome_f90.lo] Error 1
     11709    make[4]: *** Waiting for unfinished jobs....
  >> 11710    make[4]: *** [mpi_comm_spawn_multiple_f90.lo] Error 1
  >> 11711    make[4]: *** [mpi_waitall_f90.lo] Error 1
  >> 11712    make[4]: *** [mpi_testall_f90.lo] Error 1
  >> 11713    make[4]: *** [mpi_waitsome_f90.lo] Error 1
     11714    libtool: compile:  /p/vast1/build/spack/lib/spack/env/gcc/gfortra
              n -I../../../ompi/include -I/var/tmp/sochat1/spack-stage/spack-st
              age-openmpi-1.5.4-ecozbketfx5zbg6py3l5luvf3rgp2ir3/spack-src/ompi
              /include -I. -I/var/tmp/sochat1/spack-stage/spack-stage-openmpi-1
              .5.4-ecozbketfx5zbg6py3l5luvf3rgp2ir3/spack-src/ompi/mpi/f90 -I..
              /../../ompi/mpi/f90 -c mpi_wtick_f90.f90 -o mpi_wtick_f90.o >/dev
              /null 2>&1
     11715    libtool: compile:  /p/vast1/build/spack/lib/spack/env/gcc/gfortra
              n -I../../../ompi/include -I/var/tmp/sochat1/spack-stage/spack-st
              age-openmpi-1.5.4-ecozbketfx5zbg6py3l5luvf3rgp2ir3/spack-src/ompi
              /include -I. -I/var/tmp/sochat1/spack-stage/spack-stage-openmpi-1
              .5.4-ecozbketfx5zbg6py3l5luvf3rgp2ir3/spack-src/ompi/mpi/f90 -I..
              /../../ompi/mpi/f90 -c mpi_wtime_f90.f90 -o mpi_wtime_f90.o >/dev
              /null 2>&1
     11716    libtool: compile:  /p/vast1/build/spack/lib/spack/env/gcc/gfortra
              n -I../../../ompi/include -I/var/tmp/sochat1/spack-stage/spack-st
              age-openmpi-1.5.4-ecozbketfx5zbg6py3l5luvf3rgp2ir3/spack-src/ompi
              /include -I. -I/var/tmp/sochat1/spack-stage/spack-stage-openmpi-1
              .5.4-ecozbketfx5zbg6py3l5luvf3rgp2ir3/spack-src/ompi/mpi/f90 -I..
              /../../ompi/mpi/f90 -c mpi_sizeof.f90 -o mpi_sizeof.o >/dev/null 
              2>&1
     11717    libtool: compile:  /p/vast1/build/spack/lib/spack/env/gcc/gfortra
              n -I../../../ompi/include -I/var/tmp/sochat1/spack-stage/spack-st
              age-openmpi-1.5.4-ecozbketfx5zbg6py3l5luvf3rgp2ir3/spack-src/ompi
              /include -I. -I/var/tmp/sochat1/spack-stage/spack-stage-openmpi-1
              .5.4-ecozbketfx5zbg6py3l5luvf3rgp2ir3/spack-src/ompi/mpi/f90 -I..
              /../../ompi/mpi/f90 -c mpi.f90 -o mpi.o >/dev/null 2>&1
     11718    make[4]: Leaving directory `/tmp/sochat1/spack-stage/spack-stage-
              openmpi-1.5.4-ecozbketfx5zbg6py3l5luvf3rgp2ir3/spack-src/ompi/mpi
              /f90'
  >> 11719    make[3]: *** [all-recursive] Error 1
     11720    make[3]: Leaving directory `/tmp/sochat1/spack-stage/spack-stage-
              openmpi-1.5.4-ecozbketfx5zbg6py3l5luvf3rgp2ir3/spack-src/ompi/mpi
              /f90'
  >> 11721    make[2]: *** [all] Error 2
     11722    make[2]: Leaving directory `/tmp/sochat1/spack-stage/spack-stage-
              openmpi-1.5.4-ecozbketfx5zbg6py3l5luvf3rgp2ir3/spack-src/ompi/mpi
              /f90'
  >> 11723    make[1]: *** [all-recursive] Error 1
     11724    make[1]: Leaving directory `/tmp/sochat1/spack-stage/spack-stage-
              openmpi-1.5.4-ecozbketfx5zbg6py3l5luvf3rgp2ir3/spack-src/ompi'
  >> 11725    make: *** [all-recursive] Error 1

See build log for details:
  /var/tmp/sochat1/spack-stage/spack-stage-openmpi-1.5.4-ecozbketfx5zbg6py3l5luvf3rgp2ir3/spack-build-out.txt

Making predictions for spack-test
Making predictions for symbolator
Making predictions for libabigail
abicompat not found on path, will look for spack instead.
Making predictions for actual
