==> Error: ProcessError: Command exited with status 1:
    '/var/tmp/sochat1/spack-stage/spack-stage-openmpi-1.3-36gwqwjma4g5wjo7tk4c7rpipeg6twj3/spack-src/configure' '--prefix=/p/vast1/build/spack/opt/spack/linux-rhel7-broadwell/gcc-10.2.1/openmpi-1.3-36gwqwjma4g5wjo7tk4c7rpipeg6twj3' '--enable-shared' '--disable-silent-rules' '--disable-builtin-atomics' '--enable-static' '--without-pmi' '--without-knem' '--without-hcoll' '--without-mxm' '--without-fca' '--without-ucx' '--without-cma' '--without-psm2' '--without-libfabric' '--without-xpmem' '--without-openib' '--without-psm' '--without-alps' '--without-sge' '--without-loadleveler' '--without-slurm' '--without-lsf' '--without-tm' '--disable-memchecker' '--with-gpfs' '--without-sqlite3' '--disable-wrapper-rpath' '--disable-mpi-cxx' '--disable-cxx-exceptions'

9 errors found in build log:
     4        configure: WARNING: unrecognized options: --disable-silent-rules,
               --disable-builtin-atomics, --without-pmi, --without-knem, --with
              out-hcoll, --without-mxm, --without-fca, --without-ucx, --without
              -cma, --without-psm2, --without-libfabric, --without-xpmem, --wit
              h-gpfs, --without-sqlite3, --disable-wrapper-rpath
     5        checking for a BSD-compatible install... /usr/bin/install -c
     6        checking whether build environment is sane... yes
     7        checking for a thread-safe mkdir -p... /usr/bin/mkdir -p
     8        checking for gawk... gawk
     9        checking whether make sets $(MAKE)... yes
  >> 10       configure: error: source directory already configured; run "make 
              distclean" there first
     11       ==> openmpi: Executing phase: 'build'
     12       ==> [2022-02-25-17:08:36.934621] 'make' '-j2' 'V=1'
     13       Making all in config
     14       make[1]: Entering directory `/tmp/sochat1/spack-stage/spack-stage
              -openmpi-1.3-36gwqwjma4g5wjo7tk4c7rpipeg6twj3/spack-src/config'
     15       make[1]: Nothing to be done for `all'.
     16       make[1]: Leaving directory `/tmp/sochat1/spack-stage/spack-stage-
              openmpi-1.3-36gwqwjma4g5wjo7tk4c7rpipeg6twj3/spack-src/config'

     ...

     10730    
     10731       16 |   call MPI_Comm_spawn_multiple(count, array_of_commands, 
              array_of_argv, &
     10732          |                                                         2
     10733    ......
     10734       36 |   call MPI_Comm_spawn_multiple(count, array_of_commands, 
              array_of_argv, &
     10735          |                                                         1
  >> 10736    Error: Type mismatch between actual argument at (1) and actual ar
              gument at (2) (REAL(8)/CHARACTER(*)).
  >> 10737    make[4]: *** [mpi_comm_spawn_multiple_f90.lo] Error 1
     10738    make[4]: *** Waiting for unfinished jobs....
     10739    libtool: compile:  /p/vast1/build/spack/lib/spack/env/gcc/gfortra
              n -I../../../ompi/include -I/var/tmp/sochat1/spack-stage/spack-st
              age-openmpi-1.3-36gwqwjma4g5wjo7tk4c7rpipeg6twj3/spack-src/ompi/i
              nclude -I. -I/var/tmp/sochat1/spack-stage/spack-stage-openmpi-1.3
              -36gwqwjma4g5wjo7tk4c7rpipeg6twj3/spack-src/ompi/mpi/f90 -I../../
              ../ompi/mpi/f90 -c mpi_testall_f90.f90  -fPIC -o .libs/mpi_testal
              l_f90.o
     10740    mpi_testall_f90.f90:22:51:
     10741    
     10742       10 |   call MPI_Testall(count, array_of_requests, flag, array_
              of_statuses, ierr)
     10743          |                                                   2
     10744    ......
     10745       22 |   call MPI_Testall(count, array_of_requests, flag, array_
              of_statuses, ierr)
     10746          |                                                   1
  >> 10747    Error: Type mismatch between actual argument at (1) and actual ar
              gument at (2) (REAL(8)/INTEGER(4)).
  >> 10748    make[4]: *** [mpi_testall_f90.lo] Error 1
     10749    make[4]: Leaving directory `/tmp/sochat1/spack-stage/spack-stage-
              openmpi-1.3-36gwqwjma4g5wjo7tk4c7rpipeg6twj3/spack-src/ompi/mpi/f
              90'
  >> 10750    make[3]: *** [all-recursive] Error 1
     10751    make[3]: Leaving directory `/tmp/sochat1/spack-stage/spack-stage-
              openmpi-1.3-36gwqwjma4g5wjo7tk4c7rpipeg6twj3/spack-src/ompi/mpi/f
              90'
  >> 10752    make[2]: *** [all] Error 2
     10753    make[2]: Leaving directory `/tmp/sochat1/spack-stage/spack-stage-
              openmpi-1.3-36gwqwjma4g5wjo7tk4c7rpipeg6twj3/spack-src/ompi/mpi/f
              90'
  >> 10754    make[1]: *** [all-recursive] Error 1
     10755    make[1]: Leaving directory `/tmp/sochat1/spack-stage/spack-stage-
              openmpi-1.3-36gwqwjma4g5wjo7tk4c7rpipeg6twj3/spack-src/ompi'
  >> 10756    make: *** [all-recursive] Error 1

See build log for details:
  /var/tmp/sochat1/spack-stage/spack-stage-openmpi-1.3-36gwqwjma4g5wjo7tk4c7rpipeg6twj3/spack-build-out.txt

Making predictions for symbolator
Making predictions for libabigail
Making predictions for actual
==> Warning: openmpi-1.3-36gwqwjma4g5wjo7tk4c7rpipeg6twj3 failed to install
==> Error: openmpi-1.3-36gwqwjma4g5wjo7tk4c7rpipeg6twj3: Package was not installed
Making predictions for spack-test
Making predictions for symbolator
Making predictions for libabigail
abicompat not found on path, will look for spack instead.
Making predictions for actual
