Making predictions for symbolator
Making predictions for libabigail
Making predictions for actual
/var/spool/slurmd/job100023/slurm_script: line 12: 37260 Killed                  spliced splice --package caliper@2.6.0 --splice elfutils --runner spack --replace elfutils --experiment experiment --outfile /p/vast1/build/spliced-experiment/results/caliper/2.6.0/elfutils/experiment.json
==> Error: ProcessError: Command exited with status 2:
    'make' '-j16'

9 errors found in build log:
     539    cd /tmp/sochat1/spack-stage/spack-stage-caliper-2.6.0-7tqqvzetklyhu
            h265fi5fvzg7zvt26iv/spack-build-7tqqvze/src/tools/cali-query && /p/
            vast1/build/spack/lib/spack/env/gcc/g++  -I/tmp/sochat1/spack-stage
            /spack-stage-caliper-2.6.0-7tqqvzetklyhuh265fi5fvzg7zvt26iv/spack-b
            uild-7tqqvze/include -I/var/tmp/sochat1/spack-stage/spack-stage-cal
            iper-2.6.0-7tqqvzetklyhuh265fi5fvzg7zvt26iv/spack-src/include -I/tm
            p/sochat1/spack-stage/spack-stage-caliper-2.6.0-7tqqvzetklyhuh265fi
            5fvzg7zvt26iv/spack-build-7tqqvze -I/var/tmp/sochat1/spack-stage/sp
            ack-stage-caliper-2.6.0-7tqqvzetklyhuh265fi5fvzg7zvt26iv/spack-src/
            src -I/var/tmp/sochat1/spack-stage/spack-stage-caliper-2.6.0-7tqqvz
            etklyhuh265fi5fvzg7zvt26iv/spack-src/src/interface/c_fortran -I/var
            /tmp/sochat1/spack-stage/spack-stage-caliper-2.6.0-7tqqvzetklyhuh26
            5fi5fvzg7zvt26iv/spack-src/src/tools/cali-query/../../common -I/var
            /tmp/sochat1/spack-stage/spack-stage-caliper-2.6.0-7tqqvzetklyhuh26
            5fi5fvzg7zvt26iv/spack-src/src/tools/cali-query/../../reader -I/var
            /tmp/sochat1/spack-stage/spack-stage-caliper-2.6.0-7tqqvzetklyhuh26
            5fi5fvzg7zvt26iv/spack-src/src/tools/cali-query/../util -I/var/tmp/
            sochat1/spack-stage/spack-stage-caliper-2.6.0-7tqqvzetklyhuh265fi5f
            vzg7zvt26iv/spack-src/src/tools/cali-query/../../caliper -O2 -g -DN
            DEBUG -fvisibility=default -pthread -std=gnu++11 -MD -MT src/tools/
            cali-query/CMakeFiles/cali-query.dir/AttributeExtract.cpp.o -MF CMa
            keFiles/cali-query.dir/AttributeExtract.cpp.o.d -o CMakeFiles/cali-
            query.dir/AttributeExtract.cpp.o -c /var/tmp/sochat1/spack-stage/sp
            ack-stage-caliper-2.6.0-7tqqvzetklyhuh265fi5fvzg7zvt26iv/spack-src/
            src/tools/cali-query/AttributeExtract.cpp
     540    cd /tmp/sochat1/spack-stage/spack-stage-caliper-2.6.0-7tqqvzetklyhu
            h265fi5fvzg7zvt26iv/spack-build-7tqqvze/src/tools/cali-stat && /p/v
            ast1/build/spack/lib/spack/env/gcc/g++  -I/tmp/sochat1/spack-stage/
            spack-stage-caliper-2.6.0-7tqqvzetklyhuh265fi5fvzg7zvt26iv/spack-bu
            ild-7tqqvze/include -I/var/tmp/sochat1/spack-stage/spack-stage-cali
            per-2.6.0-7tqqvzetklyhuh265fi5fvzg7zvt26iv/spack-src/include -I/tmp
            /sochat1/spack-stage/spack-stage-caliper-2.6.0-7tqqvzetklyhuh265fi5
            fvzg7zvt26iv/spack-build-7tqqvze -I/var/tmp/sochat1/spack-stage/spa
            ck-stage-caliper-2.6.0-7tqqvzetklyhuh265fi5fvzg7zvt26iv/spack-src/s
            rc -I/var/tmp/sochat1/spack-stage/spack-stage-caliper-2.6.0-7tqqvze
            tklyhuh265fi5fvzg7zvt26iv/spack-src/src/interface/c_fortran -O2 -g 
            -DNDEBUG -fvisibility=default -std=gnu++11 -MD -MT src/tools/cali-s
            tat/CMakeFiles/cali-stat.dir/cali-stat.cpp.o -MF CMakeFiles/cali-st
            at.dir/cali-stat.cpp.o.d -o CMakeFiles/cali-stat.dir/cali-stat.cpp.
            o -c /var/tmp/sochat1/spack-stage/spack-stage-caliper-2.6.0-7tqqvze
            tklyhuh265fi5fvzg7zvt26iv/spack-src/src/tools/cali-stat/cali-stat.c
            pp
     541    [100%] Linking CXX executable cali-stat
     542    cd /tmp/sochat1/spack-stage/spack-stage-caliper-2.6.0-7tqqvzetklyhu
            h265fi5fvzg7zvt26iv/spack-build-7tqqvze/src/tools/cali-stat && /p/v
            ast1/build/spack/opt/spack/linux-rhel7-broadwell/gcc-10.2.1/cmake-3
            .22.2-7oku4yd37mfoi65gi3alunjbl35euphw/bin/cmake -E cmake_link_scri
            pt CMakeFiles/cali-stat.dir/link.txt --verbose=1
     543    /p/vast1/build/spack/lib/spack/env/gcc/g++ -O2 -g -DNDEBUG -rdynami
            c CMakeFiles/cali-stat.dir/cali-stat.cpp.o -o cali-stat  -Wl,-rpath
            ,/tmp/sochat1/spack-stage/spack-stage-caliper-2.6.0-7tqqvzetklyhuh2
            65fi5fvzg7zvt26iv/spack-build-7tqqvze/src/tools/util:/tmp/sochat1/s
            pack-stage/spack-stage-caliper-2.6.0-7tqqvzetklyhuh265fi5fvzg7zvt26
            iv/spack-build-7tqqvze/src:/p/vast1/build/spack/opt/spack/linux-rhe
            l7-broadwell/gcc-10.2.1/adiak-0.2.1-wo554abjcjhbmxe75vsn5cnmzuk67z5
            s/lib:/p/vast1/build/spack/opt/spack/linux-rhel7-broadwell/gcc-10.2
            .1/openmpi-4.1.2-mtnsjnbj5kuefhd6gtupaglpuytu6vhz/lib::::::::::::::
            :::::::::::::::::::::::::::::::::::::::::::::::::::::::::::::::::::
            :::::::::::::::::::::::::::::::::::::::::::::::::::::::::::::::::::
            :::::::::::::::::::::::::::::::::::::::::::::::::::::::::::::::::::
            :::::::::::::::::::::::::::::::::::::::::::::::::::::::::::::::::::
            :::::::::::::::::::::::::::::::::::::::::::::::::::::::::::::::::::
            :::::::::::::::::::::::::::::::::::::::::::::::::::::::::::::::::::
            :::::::::::::::::::::::::::::::::::::::::::::::::::::::::::::::::::
            :::::::::::::::::::::::::::::::::::::::::::::::::::::::::::::::::::
            :::::::::::::::::::::::::::::::::::::::::::::::::::::::::::::::::::
            :::::::::::::::::::::::::::::::::::::::::::::::::::::::::::::::::::
            :::::::::::::::::::::::::::::::::::::::::::::::::::::::::::::::::::
            :::::::::::::::::::::::::::::::::::::::::::::::::::::::::::::::::::
            :::::::::::::::::::::::::::::::::::::::::::::::::::::::::::::::::::
            :::::::::::::::::::::::::::::::::::::::::::::::::::::::::::::::::::
            :::::::::::::::::::::::::::::::::::::::::::::::::::::::::::::::::::
            :::::::::::::::::::::::::::::::::::::::::::::::::::::::::::::::::::
            :::::::::::::::::::::::::::::::::::::::::::::::::::::::::::::::::::
            :::::::::::::::::::::::::::::::::::::::::::::::::::::::::::::::::::
            :::::::::::::::::::::::::::::::::::::::::::::::::::::::::::::::::::
            :::::::::::::::::::::::::::::::::::::::::::::::::::::::::::::::::::
            :::::::::::::::::::::::::::::::::::::::::::::::::::::::::::::::::::
            :::::::::::::::::::::::::::::::::::::::::::::::::::::::::::::::::::
            :::::::::::::::::::::::::::::::::::::::::::::::::::::::::::::::::::
            :::::::::::::::::::::::::::::::::::::::::::::::::::::::::::::::::::
            :::::::::::::::::::::::::::::::::::::::::::::::::::::::::::::::::::
            :::::::::::::::::::::::::::::::::::::: ../util/libcaliper-tools-uti
            l.so.2.6.0 ../../libcaliper-serial.so.2.6.0 -Wl,-rpath-link,/p/vast
            1/build/spack/opt/spack/linux-rhel7-broadwell/gcc-10.2.1/adiak-0.2.
            1-wo554abjcjhbmxe75vsn5cnmzuk67z5s/lib:/p/vast1/build/spack/opt/spa
            ck/linux-rhel7-broadwell/gcc-10.2.1/openmpi-4.1.2-mtnsjnbj5kuefhd6g
            tupaglpuytu6vhz/lib
     544    /usr/tce/packages/gcc/gcc-10.2.1/rh/usr/bin/../libexec/gcc/x86_64-r
            edhat-linux/10/ld: warning: libgpfs.so, needed by /p/vast1/build/sp
            ack/opt/spack/linux-rhel7-broadwell/gcc-10.2.1/openmpi-4.1.2-mtnsjn
            bj5kuefhd6gtupaglpuytu6vhz/lib/libmpi.so.40, not found (try using -
            rpath or -rpath-link)
  >> 545    /usr/tce/packages/gcc/gcc-10.2.1/rh/usr/bin/../libexec/gcc/x86_64-r
            edhat-linux/10/ld: /p/vast1/build/spack/opt/spack/linux-rhel7-broad
            well/gcc-10.2.1/openmpi-4.1.2-mtnsjnbj5kuefhd6gtupaglpuytu6vhz/lib/
            libmpi.so.40: undefined reference to `gpfs_fcntl'
  >> 546    collect2: error: ld returned 1 exit status
  >> 547    make[2]: *** [src/tools/cali-stat/cali-stat] Error 1
     548    make[2]: Leaving directory `/tmp/sochat1/spack-stage/spack-stage-ca
            liper-2.6.0-7tqqvzetklyhuh265fi5fvzg7zvt26iv/spack-build-7tqqvze'
  >> 549    make[1]: *** [src/tools/cali-stat/CMakeFiles/cali-stat.dir/all] Err
            or 2
     550    make[1]: *** Waiting for unfinished jobs....
     551    [100%] Linking CXX executable cali-query
     552    cd /tmp/sochat1/spack-stage/spack-stage-caliper-2.6.0-7tqqvzetklyhu
            h265fi5fvzg7zvt26iv/spack-build-7tqqvze/src/tools/cali-query && /p/
            vast1/build/spack/opt/spack/linux-rhel7-broadwell/gcc-10.2.1/cmake-
            3.22.2-7oku4yd37mfoi65gi3alunjbl35euphw/bin/cmake -E cmake_link_scr
            ipt CMakeFiles/cali-query.dir/link.txt --verbose=1
     553    /p/vast1/build/spack/lib/spack/env/gcc/g++ -O2 -g -DNDEBUG -rdynami
            c CMakeFiles/cali-query.dir/AttributeExtract.cpp.o CMakeFiles/cali-
            query.dir/cali-query.cpp.o CMakeFiles/query-common.dir/query_common
            .cpp.o -o cali-query  -Wl,-rpath,/tmp/sochat1/spack-stage/spack-sta
            ge-caliper-2.6.0-7tqqvzetklyhuh265fi5fvzg7zvt26iv/spack-build-7tqqv
            ze/src/tools/util:/tmp/sochat1/spack-stage/spack-stage-caliper-2.6.
            0-7tqqvzetklyhuh265fi5fvzg7zvt26iv/spack-build-7tqqvze/src:/p/vast1
            /build/spack/opt/spack/linux-rhel7-broadwell/gcc-10.2.1/adiak-0.2.1
            -wo554abjcjhbmxe75vsn5cnmzuk67z5s/lib:/p/vast1/build/spack/opt/spac
            k/linux-rhel7-broadwell/gcc-10.2.1/openmpi-4.1.2-mtnsjnbj5kuefhd6gt
            upaglpuytu6vhz/lib:::::::::::::::::::::::::::::::::::::::::::::::::
            :::::::::::::::::::::::::::::::::::::::::::::::::::::::::::::::::::
            :::::::::::::::::::::::::::::::::::::::::::::::::::::::::::::::::::
            :::::::::::::::::::::::::::::::::::::::::::::::::::::::::::::::::::
            :::::::::::::::::::::::::::::::::::::::::::::::::::::::::::::::::::
            :::::::::::::::::::::::::::::::::::::::::::::::::::::::::::::::::::
            :::::::::::::::::::::::::::::::::::::::::::::::::::::::::::::::::::
            :::::::::::::::::::::::::::::::::::::::::::::::::::::::::::::::::::
            :::::::::::::::::::::::::::::::::::::::::::::::::::::::::::::::::::
            :::::::::::::::::::::::::::::::::::::::::::::::::::::::::::::::::::
            :::::::::::::::::::::::::::::::::::::::::::::::::::::::::::::::::::
            :::::::::::::::::::::::::::::::::::::::::::::::::::::::::::::::::::
            :::::::::::::::::::::::::::::::::::::::::::::::::::::::::::::::::::
            :::::::::::::::::::::::::::::::::::::::::::::::::::::::::::::::::::
            :::::::::::::::::::::::::::::::::::::::::::::::::::::::::::::::::::
            :::::::::::::::::::::::::::::::::::::::::::::::::::::::::::::::::::
            :::::::::::::::::::::::::::::::::::::::::::::::::::::::::::::::::::
            :::::::::::::::::::::::::::::::::::::::::::::::::::::::::::::::::::
            :::::::::::::::::::::::::::::::::::::::::::::::::::::::::::::::::::
            :::::::::::::::::::::::::::::::::::::::::::::::::::::::::::::::::::
            :::::::::::::::::::::::::::::::::::::::::::::::::::::::::::::::::::
            :::::::::::::::::::::::::::::::::::::::::::::::::::::::::::::::::::
            :::::::::::::::::::::::::::::::::::::::::::::::::::::::::::::::::::
            :::::::::::::::::::::::::::::::::::::::::::::::::::::::::::::::::::
            :::::::::::::::::::::::::::::::::::::::::::::::::::::::::::::::::::
            :::::::::::::::::::::::::::::::::::::::::::::::::::::::::::::::::::
            ::: ../util/libcaliper-tools-util.so.2.6.0 ../../libcaliper-serial.
            so.2.6.0 -pthread -Wl,-rpath-link,/p/vast1/build/spack/opt/spack/li
            nux-rhel7-broadwell/gcc-10.2.1/adiak-0.2.1-wo554abjcjhbmxe75vsn5cnm
            zuk67z5s/lib:/p/vast1/build/spack/opt/spack/linux-rhel7-broadwell/g
            cc-10.2.1/openmpi-4.1.2-mtnsjnbj5kuefhd6gtupaglpuytu6vhz/lib
     554    /usr/tce/packages/gcc/gcc-10.2.1/rh/usr/bin/../libexec/gcc/x86_64-r
            edhat-linux/10/ld: warning: libgpfs.so, needed by /p/vast1/build/sp
            ack/opt/spack/linux-rhel7-broadwell/gcc-10.2.1/openmpi-4.1.2-mtnsjn
            bj5kuefhd6gtupaglpuytu6vhz/lib/libmpi.so.40, not found (try using -
            rpath or -rpath-link)
  >> 555    /usr/tce/packages/gcc/gcc-10.2.1/rh/usr/bin/../libexec/gcc/x86_64-r
            edhat-linux/10/ld: /p/vast1/build/spack/opt/spack/linux-rhel7-broad
            well/gcc-10.2.1/openmpi-4.1.2-mtnsjnbj5kuefhd6gtupaglpuytu6vhz/lib/
            libmpi.so.40: undefined reference to `gpfs_fcntl'
  >> 556    collect2: error: ld returned 1 exit status
  >> 557    make[2]: *** [src/tools/cali-query/cali-query] Error 1
     558    make[2]: Leaving directory `/tmp/sochat1/spack-stage/spack-stage-ca
            liper-2.6.0-7tqqvzetklyhuh265fi5fvzg7zvt26iv/spack-build-7tqqvze'
  >> 559    make[1]: *** [src/tools/cali-query/CMakeFiles/cali-query.dir/all] E
            rror 2
     560    make[1]: Leaving directory `/tmp/sochat1/spack-stage/spack-stage-ca
            liper-2.6.0-7tqqvzetklyhuh265fi5fvzg7zvt26iv/spack-build-7tqqvze'
  >> 561    make: *** [all] Error 2

See build log for details:
  /var/tmp/sochat1/spack-stage/spack-stage-caliper-2.6.0-7tqqvzetklyhuh265fi5fvzg7zvt26iv/spack-build-out.txt

Making predictions for spack-test
Making predictions for symbolator
Making predictions for libabigail
abicompat not found on path, will look for spack instead.
Making predictions for actual
