Concretizing caliper@master
[+] /p/vast1/build/spack/opt/spack/linux-rhel7-broadwell/gcc-10.2.1/pkgconf-1.8.0-gp2xp6yplvubgic6eunbnl7emqdq3dye
[+] /p/vast1/build/spack/opt/spack/linux-rhel7-broadwell/gcc-10.2.1/berkeley-db-18.1.40-c7okyaricn3s5wx6lqo2exspq6tuninj
[+] /p/vast1/build/spack/opt/spack/linux-rhel7-broadwell/gcc-10.2.1/libiconv-1.16-glggocpnh7m2dgmtu4fedhbfeessepbe
[+] /p/vast1/build/spack/opt/spack/linux-rhel7-broadwell/gcc-10.2.1/zlib-1.2.11-su2ldy5ofm424qnly3kitbbdgwovpfk4
[+] /p/vast1/build/spack/opt/spack/linux-rhel7-broadwell/gcc-10.2.1/libsigsegv-2.13-7rh3iftx6wqudr26scqm7nyzm4xxgqcc
[+] /p/vast1/build/spack/opt/spack/linux-rhel7-broadwell/gcc-10.2.1/util-macros-1.19.3-mxlhejedwgloprhrg6bzi2wz3cgadzp2
[+] /p/vast1/build/spack/opt/spack/linux-rhel7-broadwell/gcc-10.2.1/xz-5.2.5-d536jz4ora4tt45q72d2lklqr3dqx34m
[+] /p/vast1/build/spack/opt/spack/linux-rhel7-broadwell/gcc-10.2.1/libunwind-1.5.0-qolipzu4dzqdwwqilpz34qbosuwxtpoa
[+] /p/vast1/build/spack/opt/spack/linux-rhel7-broadwell/gcc-10.2.1/papi-6.0.0.1-62emwcxfgw35opywe25sgxwuvoikrxlc
[+] /p/vast1/build/spack/opt/spack/linux-rhel7-broadwell/gcc-10.2.1/libmd-1.0.3-2ov67rcd3fulh2bvd46bb7cjgf3yckoh
[+] /p/vast1/build/spack/opt/spack/linux-rhel7-broadwell/gcc-10.2.1/libffi-3.3-zyoezbz35scxddz3sf2hsqa6dancnjru
[+] /p/vast1/build/spack/opt/spack/linux-rhel7-broadwell/gcc-10.2.1/ncurses-6.2-2xef6sx47tqatqlceqguyz3rza5okbhy
[+] /p/vast1/build/spack/opt/spack/linux-rhel7-broadwell/gcc-10.2.1/util-linux-uuid-2.36.2-6icy3q75q4f2andannpqgkcdmzoir7sd
[+] /p/vast1/build/spack/opt/spack/linux-rhel7-broadwell/gcc-10.2.1/diffutils-3.8-vxb536efq575rjec2zqsyqgsebpspfvs
[+] /p/vast1/build/spack/opt/spack/linux-rhel7-broadwell/gcc-10.2.1/tar-1.34-3g4ty3srw34e6frmd2d2f523hr2pck3g
[+] /p/vast1/build/spack/opt/spack/linux-rhel7-broadwell/gcc-10.2.1/m4-1.4.19-zeen2avy7avmg5n7cd6yaqspkj3rup2t
[+] /p/vast1/build/spack/opt/spack/linux-rhel7-broadwell/gcc-10.2.1/libxml2-2.9.12-rs3llxgrrh537ywuyzjxyebuzo3gnxpt
[+] /p/vast1/build/spack/opt/spack/linux-rhel7-broadwell/gcc-10.2.1/libbsd-0.11.3-3bk5tkx2u7x44ivhjo723eyc3kbvzj2t
[+] /p/vast1/build/spack/opt/spack/linux-rhel7-broadwell/gcc-10.2.1/readline-8.1-vfjorqgtmqh3rl5ollaj4n2uusx4foez
[+] /p/vast1/build/spack/opt/spack/linux-rhel7-broadwell/gcc-10.2.1/libedit-3.1-20210216-rhcaqt3bcnt5otgbqisvol2zjkkt3yqz
[+] /p/vast1/build/spack/opt/spack/linux-rhel7-broadwell/gcc-10.2.1/bzip2-1.0.8-jmjklgubcyryaddwqvzuvzeiq6zfqmst
[+] /p/vast1/build/spack/opt/spack/linux-rhel7-broadwell/gcc-10.2.1/libtool-2.4.6-v5tvhyer33lc2hhisqrztia7bmreecdr
[+] /p/vast1/build/spack/opt/spack/linux-rhel7-broadwell/gcc-10.2.1/expat-2.4.1-kya5u2fynwiaatzc4mfarh675cq6au2y
[+] /p/vast1/build/spack/opt/spack/linux-rhel7-broadwell/gcc-10.2.1/sqlite-3.36.0-2hy2e3pav6gykaiuxcqrj6xwb3hikfkt
[+] /p/vast1/build/spack/opt/spack/linux-rhel7-broadwell/gcc-10.2.1/gdbm-1.19-k5otkqycqsp3sya4vlvqbekdodhy2a2b
[+] /p/vast1/build/spack/opt/spack/linux-rhel7-broadwell/gcc-10.2.1/gettext-0.21-zrjvymznliicfcjx4lqkixtjo76ruzmr
[+] /p/vast1/build/spack/opt/spack/linux-rhel7-broadwell/gcc-10.2.1/libpciaccess-0.16-vzg6r6gyrqyboudgxfqbdwe36epu6s7s
[+] /p/vast1/build/spack/opt/spack/linux-rhel7-broadwell/gcc-10.2.1/perl-5.34.0-wimaji5zk5vlms3psvdtvmxifnine4nh
[+] /p/vast1/build/spack/opt/spack/linux-rhel7-broadwell/gcc-10.2.1/elfutils-0.186-f77ui2tqjsngts6tjtvujr6qon2lg3kj
[+] /p/vast1/build/spack/opt/spack/linux-rhel7-broadwell/gcc-10.2.1/hwloc-2.6.0-cxn7eow3mqe2pjeaz7u4tyw4xadzqtri
[+] /p/vast1/build/spack/opt/spack/linux-rhel7-broadwell/gcc-10.2.1/openssl-1.1.1l-sozkiugfpwd75rjehlrzn3ymhrojqyp2
[+] /p/vast1/build/spack/opt/spack/linux-rhel7-broadwell/gcc-10.2.1/autoconf-2.69-pfmcbnykmtv5mjmsmwbesqcoea22hrrx
[+] /p/vast1/build/spack/opt/spack/linux-rhel7-broadwell/gcc-10.2.1/python-3.8.12-snqhx3gympk6b2bnoh367hqvsbhqo3ts
[+] /p/vast1/build/spack/opt/spack/linux-rhel7-broadwell/gcc-10.2.1/libevent-2.1.12-4rrpxdjg6q2tcghfclohesjtvuwd6kdv
[+] /p/vast1/build/spack/opt/spack/linux-rhel7-broadwell/gcc-10.2.1/cmake-3.21.4-hvgwgb6duea6jzf2rywitb4a5lqdrpii
[+] /p/vast1/build/spack/opt/spack/linux-rhel7-broadwell/gcc-10.2.1/openssh-8.7p1-yfzytuo77m3idlyoubuj2rn2val7hypz
[+] /p/vast1/build/spack/opt/spack/linux-rhel7-broadwell/gcc-10.2.1/automake-1.16.3-rxeto3fcfyywhhza4jadwlacwh3doghz
[+] /p/vast1/build/spack/opt/spack/linux-rhel7-broadwell/gcc-10.2.1/numactl-2.0.14-wiobx4m5fgmgis4po6hi44kpy7ad57vj
[+] /p/vast1/build/spack/opt/spack/linux-rhel7-broadwell/gcc-10.2.1/openmpi-4.1.2-z5hk7hdx3dkvk7ytodf4xiqqg3nfo4dh
[+] /p/vast1/build/spack/opt/spack/linux-rhel7-broadwell/gcc-10.2.1/adiak-0.2.1-aj2ddu3rrcjcxz2ir4nn3fs7z4e3pob2
[+] /p/vast1/build/spack/opt/spack/linux-rhel7-broadwell/gcc-10.2.1/caliper-master-rw3ugmnnv5krgqxpc7p5tres55g3tk7r
Testing splicing in (and out) libunwind@master
[+] /p/vast1/build/spack/opt/spack/linux-rhel7-broadwell/gcc-10.2.1/libsigsegv-2.13-7rh3iftx6wqudr26scqm7nyzm4xxgqcc
[+] /p/vast1/build/spack/opt/spack/linux-rhel7-broadwell/gcc-10.2.1/berkeley-db-18.1.40-c7okyaricn3s5wx6lqo2exspq6tuninj
[+] /p/vast1/build/spack/opt/spack/linux-rhel7-broadwell/gcc-10.2.1/libiconv-1.16-glggocpnh7m2dgmtu4fedhbfeessepbe
[+] /p/vast1/build/spack/opt/spack/linux-rhel7-broadwell/gcc-10.2.1/pkgconf-1.8.0-gp2xp6yplvubgic6eunbnl7emqdq3dye
[+] /p/vast1/build/spack/opt/spack/linux-rhel7-broadwell/gcc-10.2.1/zlib-1.2.11-su2ldy5ofm424qnly3kitbbdgwovpfk4
[+] /p/vast1/build/spack/opt/spack/linux-rhel7-broadwell/gcc-10.2.1/m4-1.4.19-zeen2avy7avmg5n7cd6yaqspkj3rup2t
[+] /p/vast1/build/spack/opt/spack/linux-rhel7-broadwell/gcc-10.2.1/diffutils-3.8-vxb536efq575rjec2zqsyqgsebpspfvs
[+] /p/vast1/build/spack/opt/spack/linux-rhel7-broadwell/gcc-10.2.1/ncurses-6.2-2xef6sx47tqatqlceqguyz3rza5okbhy
[+] /p/vast1/build/spack/opt/spack/linux-rhel7-broadwell/gcc-10.2.1/libtool-2.4.6-v5tvhyer33lc2hhisqrztia7bmreecdr
[+] /p/vast1/build/spack/opt/spack/linux-rhel7-broadwell/gcc-10.2.1/bzip2-1.0.8-jmjklgubcyryaddwqvzuvzeiq6zfqmst
[+] /p/vast1/build/spack/opt/spack/linux-rhel7-broadwell/gcc-10.2.1/readline-8.1-vfjorqgtmqh3rl5ollaj4n2uusx4foez
[+] /p/vast1/build/spack/opt/spack/linux-rhel7-broadwell/gcc-10.2.1/gdbm-1.19-k5otkqycqsp3sya4vlvqbekdodhy2a2b
[+] /p/vast1/build/spack/opt/spack/linux-rhel7-broadwell/gcc-10.2.1/perl-5.34.0-wimaji5zk5vlms3psvdtvmxifnine4nh
[+] /p/vast1/build/spack/opt/spack/linux-rhel7-broadwell/gcc-10.2.1/autoconf-2.69-pfmcbnykmtv5mjmsmwbesqcoea22hrrx
[+] /p/vast1/build/spack/opt/spack/linux-rhel7-broadwell/gcc-10.2.1/automake-1.16.3-rxeto3fcfyywhhza4jadwlacwh3doghz
[+] /p/vast1/build/spack/opt/spack/linux-rhel7-broadwell/gcc-10.2.1/libunwind-master-hhtpac7lzl7o5zjgcww3b7q6usel7dqn
Testing splicing in (and out) libunwind@1.5-head
[+] /p/vast1/build/spack/opt/spack/linux-rhel7-broadwell/gcc-10.2.1/libsigsegv-2.13-7rh3iftx6wqudr26scqm7nyzm4xxgqcc
[+] /p/vast1/build/spack/opt/spack/linux-rhel7-broadwell/gcc-10.2.1/berkeley-db-18.1.40-c7okyaricn3s5wx6lqo2exspq6tuninj
[+] /p/vast1/build/spack/opt/spack/linux-rhel7-broadwell/gcc-10.2.1/libiconv-1.16-glggocpnh7m2dgmtu4fedhbfeessepbe
[+] /p/vast1/build/spack/opt/spack/linux-rhel7-broadwell/gcc-10.2.1/pkgconf-1.8.0-gp2xp6yplvubgic6eunbnl7emqdq3dye
[+] /p/vast1/build/spack/opt/spack/linux-rhel7-broadwell/gcc-10.2.1/zlib-1.2.11-su2ldy5ofm424qnly3kitbbdgwovpfk4
[+] /p/vast1/build/spack/opt/spack/linux-rhel7-broadwell/gcc-10.2.1/m4-1.4.19-zeen2avy7avmg5n7cd6yaqspkj3rup2t
[+] /p/vast1/build/spack/opt/spack/linux-rhel7-broadwell/gcc-10.2.1/diffutils-3.8-vxb536efq575rjec2zqsyqgsebpspfvs
[+] /p/vast1/build/spack/opt/spack/linux-rhel7-broadwell/gcc-10.2.1/ncurses-6.2-2xef6sx47tqatqlceqguyz3rza5okbhy
[+] /p/vast1/build/spack/opt/spack/linux-rhel7-broadwell/gcc-10.2.1/libtool-2.4.6-v5tvhyer33lc2hhisqrztia7bmreecdr
[+] /p/vast1/build/spack/opt/spack/linux-rhel7-broadwell/gcc-10.2.1/bzip2-1.0.8-jmjklgubcyryaddwqvzuvzeiq6zfqmst
[+] /p/vast1/build/spack/opt/spack/linux-rhel7-broadwell/gcc-10.2.1/readline-8.1-vfjorqgtmqh3rl5ollaj4n2uusx4foez
[+] /p/vast1/build/spack/opt/spack/linux-rhel7-broadwell/gcc-10.2.1/gdbm-1.19-k5otkqycqsp3sya4vlvqbekdodhy2a2b
[+] /p/vast1/build/spack/opt/spack/linux-rhel7-broadwell/gcc-10.2.1/perl-5.34.0-wimaji5zk5vlms3psvdtvmxifnine4nh
[+] /p/vast1/build/spack/opt/spack/linux-rhel7-broadwell/gcc-10.2.1/autoconf-2.69-pfmcbnykmtv5mjmsmwbesqcoea22hrrx
[+] /p/vast1/build/spack/opt/spack/linux-rhel7-broadwell/gcc-10.2.1/automake-1.16.3-rxeto3fcfyywhhza4jadwlacwh3doghz
[+] /p/vast1/build/spack/opt/spack/linux-rhel7-broadwell/gcc-10.2.1/libunwind-1.5-head-6ewzmej3qwxdk2h6xabn5mhxhuu6ddo2
Testing splicing in (and out) libunwind@1.5.0
[+] /p/vast1/build/spack/opt/spack/linux-rhel7-broadwell/gcc-10.2.1/libunwind-1.5.0-qolipzu4dzqdwwqilpz34qbosuwxtpoa
Testing splicing in (and out) libunwind@1.4.0
[+] /p/vast1/build/spack/opt/spack/linux-rhel7-broadwell/gcc-10.2.1/libunwind-1.4.0-gnggxjg4zorkdskbebgvrcuhvpjymjih
Testing splicing in (and out) libunwind@1.3.1
[+] /p/vast1/build/spack/opt/spack/linux-rhel7-broadwell/gcc-10.2.1/libunwind-1.3.1-72g4vt4tmhajb3bwkqn5rhfmexutvvzm
Testing splicing in (and out) libunwind@1.2.1
[+] /p/vast1/build/spack/opt/spack/linux-rhel7-broadwell/gcc-10.2.1/libunwind-1.2.1-yx7f6iptztz25ivt3n5beosc5lgimn44
Testing splicing in (and out) libunwind@1.1
Concretizing caliper@master
[+] /p/vast1/build/spack/opt/spack/linux-rhel7-broadwell/gcc-10.2.1/pkgconf-1.8.0-gp2xp6yplvubgic6eunbnl7emqdq3dye
[+] /p/vast1/build/spack/opt/spack/linux-rhel7-broadwell/gcc-10.2.1/berkeley-db-18.1.40-c7okyaricn3s5wx6lqo2exspq6tuninj
[+] /p/vast1/build/spack/opt/spack/linux-rhel7-broadwell/gcc-10.2.1/libiconv-1.16-glggocpnh7m2dgmtu4fedhbfeessepbe
[+] /p/vast1/build/spack/opt/spack/linux-rhel7-broadwell/gcc-10.2.1/zlib-1.2.11-su2ldy5ofm424qnly3kitbbdgwovpfk4
[+] /p/vast1/build/spack/opt/spack/linux-rhel7-broadwell/gcc-10.2.1/libsigsegv-2.13-7rh3iftx6wqudr26scqm7nyzm4xxgqcc
[+] /p/vast1/build/spack/opt/spack/linux-rhel7-broadwell/gcc-10.2.1/util-macros-1.19.3-mxlhejedwgloprhrg6bzi2wz3cgadzp2
[+] /p/vast1/build/spack/opt/spack/linux-rhel7-broadwell/gcc-10.2.1/xz-5.2.5-d536jz4ora4tt45q72d2lklqr3dqx34m
[+] /p/vast1/build/spack/opt/spack/linux-rhel7-broadwell/gcc-10.2.1/libunwind-1.5.0-qolipzu4dzqdwwqilpz34qbosuwxtpoa
[+] /p/vast1/build/spack/opt/spack/linux-rhel7-broadwell/gcc-10.2.1/papi-6.0.0.1-62emwcxfgw35opywe25sgxwuvoikrxlc
[+] /p/vast1/build/spack/opt/spack/linux-rhel7-broadwell/gcc-10.2.1/libmd-1.0.4-rooxnv7z75ill3knhg6bxfttmwxdag6i
[+] /p/vast1/build/spack/opt/spack/linux-rhel7-broadwell/gcc-10.2.1/libffi-3.4.2-7vfnd7a5ankpytut3b4oqhktzrcbabfm
[+] /p/vast1/build/spack/opt/spack/linux-rhel7-broadwell/gcc-10.2.1/ncurses-6.2-2xef6sx47tqatqlceqguyz3rza5okbhy
[+] /p/vast1/build/spack/opt/spack/linux-rhel7-broadwell/gcc-10.2.1/util-linux-uuid-2.37.4-26saxoixdjk3763nksg3ajmdzt5gyubu
[+] /p/vast1/build/spack/opt/spack/linux-rhel7-broadwell/gcc-10.2.1/diffutils-3.8-vxb536efq575rjec2zqsyqgsebpspfvs
[+] /p/vast1/build/spack/opt/spack/linux-rhel7-broadwell/gcc-10.2.1/tar-1.34-3g4ty3srw34e6frmd2d2f523hr2pck3g
[+] /p/vast1/build/spack/opt/spack/linux-rhel7-broadwell/gcc-10.2.1/m4-1.4.19-zeen2avy7avmg5n7cd6yaqspkj3rup2t
[+] /p/vast1/build/spack/opt/spack/linux-rhel7-broadwell/gcc-10.2.1/libxml2-2.9.12-rs3llxgrrh537ywuyzjxyebuzo3gnxpt
[+] /p/vast1/build/spack/opt/spack/linux-rhel7-broadwell/gcc-10.2.1/libbsd-0.11.5-yt5rlx2ycq24tyyohhconaxiqgzajzbo
[+] /p/vast1/build/spack/opt/spack/linux-rhel7-broadwell/gcc-10.2.1/readline-8.1-vfjorqgtmqh3rl5ollaj4n2uusx4foez
[+] /p/vast1/build/spack/opt/spack/linux-rhel7-broadwell/gcc-10.2.1/libedit-3.1-20210216-rhcaqt3bcnt5otgbqisvol2zjkkt3yqz
[+] /p/vast1/build/spack/opt/spack/linux-rhel7-broadwell/gcc-10.2.1/bzip2-1.0.8-jmjklgubcyryaddwqvzuvzeiq6zfqmst
[+] /p/vast1/build/spack/opt/spack/linux-rhel7-broadwell/gcc-10.2.1/libtool-2.4.6-v5tvhyer33lc2hhisqrztia7bmreecdr
[+] /p/vast1/build/spack/opt/spack/linux-rhel7-broadwell/gcc-10.2.1/expat-2.4.6-akiducmoeufix2d6beegvgbj5skm36ul
[+] /p/vast1/build/spack/opt/spack/linux-rhel7-broadwell/gcc-10.2.1/gdbm-1.19-k5otkqycqsp3sya4vlvqbekdodhy2a2b
[+] /p/vast1/build/spack/opt/spack/linux-rhel7-broadwell/gcc-10.2.1/sqlite-3.37.2-osxyeivy7mdmhjyjwcsm4l7tooho6s2d
[+] /p/vast1/build/spack/opt/spack/linux-rhel7-broadwell/gcc-10.2.1/gettext-0.21-zrjvymznliicfcjx4lqkixtjo76ruzmr
[+] /p/vast1/build/spack/opt/spack/linux-rhel7-broadwell/gcc-10.2.1/libpciaccess-0.16-vzg6r6gyrqyboudgxfqbdwe36epu6s7s
[+] /p/vast1/build/spack/opt/spack/linux-rhel7-broadwell/gcc-10.2.1/perl-5.34.0-wimaji5zk5vlms3psvdtvmxifnine4nh
[+] /p/vast1/build/spack/opt/spack/linux-rhel7-broadwell/gcc-10.2.1/elfutils-0.186-f77ui2tqjsngts6tjtvujr6qon2lg3kj
[+] /p/vast1/build/spack/opt/spack/linux-rhel7-broadwell/gcc-10.2.1/hwloc-2.7.0-zcvfxqfecuheq2vakvpuosok2avakr6j
[+] /p/vast1/build/spack/opt/spack/linux-rhel7-broadwell/gcc-10.2.1/openssl-1.1.1m-momhhzpwxq3fzqnlqbabquoitiq5d6q6
[+] /p/vast1/build/spack/opt/spack/linux-rhel7-broadwell/gcc-10.2.1/autoconf-2.69-pfmcbnykmtv5mjmsmwbesqcoea22hrrx
[+] /p/vast1/build/spack/opt/spack/linux-rhel7-broadwell/gcc-10.2.1/openssh-8.8p1-667p3p2z5r6q3h2mo5arextitlyvzye4
[+] /p/vast1/build/spack/opt/spack/linux-rhel7-broadwell/gcc-10.2.1/libevent-2.1.12-ojhvas6alyezjgn2r2flj4slwat4cowk
[+] /p/vast1/build/spack/opt/spack/linux-rhel7-broadwell/gcc-10.2.1/python-3.9.10-6fbgydg7c2bdx4ovimgsqyzucdkrd277
[+] /p/vast1/build/spack/opt/spack/linux-rhel7-broadwell/gcc-10.2.1/cmake-3.22.2-7oku4yd37mfoi65gi3alunjbl35euphw
[+] /p/vast1/build/spack/opt/spack/linux-rhel7-broadwell/gcc-10.2.1/automake-1.16.5-7gugpvl5tq7e3xqgw7wna3fwdlbrszqs
[+] /p/vast1/build/spack/opt/spack/linux-rhel7-broadwell/gcc-10.2.1/numactl-2.0.14-wiobx4m5fgmgis4po6hi44kpy7ad57vj
[+] /p/vast1/build/spack/opt/spack/linux-rhel7-broadwell/gcc-10.2.1/openmpi-4.1.2-mtnsjnbj5kuefhd6gtupaglpuytu6vhz
[+] /p/vast1/build/spack/opt/spack/linux-rhel7-broadwell/gcc-10.2.1/adiak-0.2.1-wo554abjcjhbmxe75vsn5cnmzuk67z5s
[+] /p/vast1/build/spack/opt/spack/linux-rhel7-broadwell/gcc-10.2.1/caliper-master-nrsdwhjtniptikuwkaf2ej2qvod2yt5b
Testing splicing in (and out) libunwind@master
[+] /p/vast1/build/spack/opt/spack/linux-rhel7-broadwell/gcc-10.2.1/libsigsegv-2.13-7rh3iftx6wqudr26scqm7nyzm4xxgqcc
[+] /p/vast1/build/spack/opt/spack/linux-rhel7-broadwell/gcc-10.2.1/berkeley-db-18.1.40-c7okyaricn3s5wx6lqo2exspq6tuninj
[+] /p/vast1/build/spack/opt/spack/linux-rhel7-broadwell/gcc-10.2.1/libiconv-1.16-glggocpnh7m2dgmtu4fedhbfeessepbe
[+] /p/vast1/build/spack/opt/spack/linux-rhel7-broadwell/gcc-10.2.1/pkgconf-1.8.0-gp2xp6yplvubgic6eunbnl7emqdq3dye
[+] /p/vast1/build/spack/opt/spack/linux-rhel7-broadwell/gcc-10.2.1/zlib-1.2.11-su2ldy5ofm424qnly3kitbbdgwovpfk4
[+] /p/vast1/build/spack/opt/spack/linux-rhel7-broadwell/gcc-10.2.1/m4-1.4.19-zeen2avy7avmg5n7cd6yaqspkj3rup2t
[+] /p/vast1/build/spack/opt/spack/linux-rhel7-broadwell/gcc-10.2.1/diffutils-3.8-vxb536efq575rjec2zqsyqgsebpspfvs
[+] /p/vast1/build/spack/opt/spack/linux-rhel7-broadwell/gcc-10.2.1/ncurses-6.2-2xef6sx47tqatqlceqguyz3rza5okbhy
[+] /p/vast1/build/spack/opt/spack/linux-rhel7-broadwell/gcc-10.2.1/libtool-2.4.6-v5tvhyer33lc2hhisqrztia7bmreecdr
[+] /p/vast1/build/spack/opt/spack/linux-rhel7-broadwell/gcc-10.2.1/bzip2-1.0.8-jmjklgubcyryaddwqvzuvzeiq6zfqmst
[+] /p/vast1/build/spack/opt/spack/linux-rhel7-broadwell/gcc-10.2.1/readline-8.1-vfjorqgtmqh3rl5ollaj4n2uusx4foez
[+] /p/vast1/build/spack/opt/spack/linux-rhel7-broadwell/gcc-10.2.1/gdbm-1.19-k5otkqycqsp3sya4vlvqbekdodhy2a2b
[+] /p/vast1/build/spack/opt/spack/linux-rhel7-broadwell/gcc-10.2.1/perl-5.34.0-wimaji5zk5vlms3psvdtvmxifnine4nh
[+] /p/vast1/build/spack/opt/spack/linux-rhel7-broadwell/gcc-10.2.1/autoconf-2.69-pfmcbnykmtv5mjmsmwbesqcoea22hrrx
[+] /p/vast1/build/spack/opt/spack/linux-rhel7-broadwell/gcc-10.2.1/automake-1.16.5-7gugpvl5tq7e3xqgw7wna3fwdlbrszqs
[+] /p/vast1/build/spack/opt/spack/linux-rhel7-broadwell/gcc-10.2.1/libunwind-master-hhtpac7lzl7o5zjgcww3b7q6usel7dqn
Testing splicing in (and out) libunwind@1.5-stable
[+] /p/vast1/build/spack/opt/spack/linux-rhel7-broadwell/gcc-10.2.1/libsigsegv-2.13-7rh3iftx6wqudr26scqm7nyzm4xxgqcc
[+] /p/vast1/build/spack/opt/spack/linux-rhel7-broadwell/gcc-10.2.1/berkeley-db-18.1.40-c7okyaricn3s5wx6lqo2exspq6tuninj
[+] /p/vast1/build/spack/opt/spack/linux-rhel7-broadwell/gcc-10.2.1/libiconv-1.16-glggocpnh7m2dgmtu4fedhbfeessepbe
[+] /p/vast1/build/spack/opt/spack/linux-rhel7-broadwell/gcc-10.2.1/pkgconf-1.8.0-gp2xp6yplvubgic6eunbnl7emqdq3dye
[+] /p/vast1/build/spack/opt/spack/linux-rhel7-broadwell/gcc-10.2.1/zlib-1.2.11-su2ldy5ofm424qnly3kitbbdgwovpfk4
[+] /p/vast1/build/spack/opt/spack/linux-rhel7-broadwell/gcc-10.2.1/m4-1.4.19-zeen2avy7avmg5n7cd6yaqspkj3rup2t
[+] /p/vast1/build/spack/opt/spack/linux-rhel7-broadwell/gcc-10.2.1/diffutils-3.8-vxb536efq575rjec2zqsyqgsebpspfvs
[+] /p/vast1/build/spack/opt/spack/linux-rhel7-broadwell/gcc-10.2.1/ncurses-6.2-2xef6sx47tqatqlceqguyz3rza5okbhy
[+] /p/vast1/build/spack/opt/spack/linux-rhel7-broadwell/gcc-10.2.1/libtool-2.4.6-v5tvhyer33lc2hhisqrztia7bmreecdr
[+] /p/vast1/build/spack/opt/spack/linux-rhel7-broadwell/gcc-10.2.1/bzip2-1.0.8-jmjklgubcyryaddwqvzuvzeiq6zfqmst
[+] /p/vast1/build/spack/opt/spack/linux-rhel7-broadwell/gcc-10.2.1/readline-8.1-vfjorqgtmqh3rl5ollaj4n2uusx4foez
[+] /p/vast1/build/spack/opt/spack/linux-rhel7-broadwell/gcc-10.2.1/gdbm-1.19-k5otkqycqsp3sya4vlvqbekdodhy2a2b
[+] /p/vast1/build/spack/opt/spack/linux-rhel7-broadwell/gcc-10.2.1/perl-5.34.0-wimaji5zk5vlms3psvdtvmxifnine4nh
[+] /p/vast1/build/spack/opt/spack/linux-rhel7-broadwell/gcc-10.2.1/autoconf-2.69-pfmcbnykmtv5mjmsmwbesqcoea22hrrx
[+] /p/vast1/build/spack/opt/spack/linux-rhel7-broadwell/gcc-10.2.1/automake-1.16.5-7gugpvl5tq7e3xqgw7wna3fwdlbrszqs
[+] /p/vast1/build/spack/opt/spack/linux-rhel7-broadwell/gcc-10.2.1/libunwind-1.5-stable-jcr7ngxtldgfylgmxm4gkggmltnzhrcr
Testing splicing in (and out) libunwind@1.5.0
[+] /p/vast1/build/spack/opt/spack/linux-rhel7-broadwell/gcc-10.2.1/libunwind-1.5.0-qolipzu4dzqdwwqilpz34qbosuwxtpoa
Testing splicing in (and out) libunwind@1.4.0
[+] /p/vast1/build/spack/opt/spack/linux-rhel7-broadwell/gcc-10.2.1/libunwind-1.4.0-gnggxjg4zorkdskbebgvrcuhvpjymjih
Testing splicing in (and out) libunwind@1.3.1
[+] /p/vast1/build/spack/opt/spack/linux-rhel7-broadwell/gcc-10.2.1/libunwind-1.3.1-72g4vt4tmhajb3bwkqn5rhfmexutvvzm
Testing splicing in (and out) libunwind@1.2.1
[+] /p/vast1/build/spack/opt/spack/linux-rhel7-broadwell/gcc-10.2.1/libunwind-1.2.1-yx7f6iptztz25ivt3n5beosc5lgimn44
Testing splicing in (and out) libunwind@1.1
ELF file '/p/vast1/build/spack/opt/spack/linux-rhel7-broadwell/gcc-10.2.1/caliper-master-lwbbh5jtm2dpoh74wfnf6irb3x7uqgtx/bin/mpi-caliquery' is not ABI compatible with '/p/vast1/build/spack/opt/spack/linux-rhel7-broadwell/gcc-10.2.1/libunwind-1.5.0-qolipzu4dzqdwwqilpz34qbosuwxtpoa/lib/libunwind.so.8.0.1' due to differences with '/p/vast1/build/spack/opt/spack/linux-rhel7-broadwell/gcc-10.2.1/libunwind-1.5.0-qolipzu4dzqdwwqilpz34qbosuwxtpoa/lib/libunwind-x86_64.so.8.0.1' below:
ELF SONAME changed
Functions changes summary: 0 Removed, 0 Changed, 0 Added function
Variables changes summary: 1 Removed, 0 Changed, 0 Added (1 filtered out) variables

SONAME changed from 'libunwind-x86_64.so.8' to 'libunwind.so.8'

1 Removed variable:

  [D] 'unw_addr_space_t _Ux86_64_local_addr_space'    {_Ux86_64_local_addr_space}


ELF file '/p/vast1/build/spack/opt/spack/linux-rhel7-broadwell/gcc-10.2.1/caliper-master-lwbbh5jtm2dpoh74wfnf6irb3x7uqgtx/bin/mpi-caliquery' is not ABI compatible with '/p/vast1/build/spack/opt/spack/linux-rhel7-broadwell/gcc-10.2.1/libunwind-1.5.0-qolipzu4dzqdwwqilpz34qbosuwxtpoa/lib/libunwind.so.8.0.1' due to differences with '/p/vast1/build/spack/opt/spack/linux-rhel7-broadwell/gcc-10.2.1/libunwind-1.5.0-qolipzu4dzqdwwqilpz34qbosuwxtpoa/lib/libunwind-setjmp.so.0.0.0' below:
ELF SONAME changed
Functions changes summary: 0 Removed, 0 Changed, 0 Added function
Variables changes summary: 0 Removed, 0 Changed, 0 Added (1 filtered out) variable

SONAME changed from 'libunwind-setjmp.so.0' to 'libunwind.so.8'


ELF file '/p/vast1/build/spack/opt/spack/linux-rhel7-broadwell/gcc-10.2.1/caliper-master-lwbbh5jtm2dpoh74wfnf6irb3x7uqgtx/bin/cali-stat' is not ABI compatible with '/p/vast1/build/spack/opt/spack/linux-rhel7-broadwell/gcc-10.2.1/libunwind-1.5.0-qolipzu4dzqdwwqilpz34qbosuwxtpoa/lib/libunwind.so.8.0.1' due to differences with '/p/vast1/build/spack/opt/spack/linux-rhel7-broadwell/gcc-10.2.1/libunwind-1.5.0-qolipzu4dzqdwwqilpz34qbosuwxtpoa/lib/libunwind-x86_64.so.8.0.1' below:
ELF SONAME changed
Functions changes summary: 0 Removed, 0 Changed, 0 Added function
Variables changes summary: 0 Removed, 0 Changed, 0 Added variable

SONAME changed from 'libunwind-x86_64.so.8' to 'libunwind.so.8'


ELF file '/p/vast1/build/spack/opt/spack/linux-rhel7-broadwell/gcc-10.2.1/caliper-master-lwbbh5jtm2dpoh74wfnf6irb3x7uqgtx/bin/cali-stat' is not ABI compatible with '/p/vast1/build/spack/opt/spack/linux-rhel7-broadwell/gcc-10.2.1/libunwind-1.5.0-qolipzu4dzqdwwqilpz34qbosuwxtpoa/lib/libunwind.so.8.0.1' due to differences with '/p/vast1/build/spack/opt/spack/linux-rhel7-broadwell/gcc-10.2.1/libunwind-1.5.0-qolipzu4dzqdwwqilpz34qbosuwxtpoa/lib/libunwind-setjmp.so.0.0.0' below:
ELF SONAME changed
Functions changes summary: 0 Removed, 0 Changed, 0 Added function
Variables changes summary: 0 Removed, 0 Changed, 0 Added variable

SONAME changed from 'libunwind-setjmp.so.0' to 'libunwind.so.8'


ELF file '/p/vast1/build/spack/opt/spack/linux-rhel7-broadwell/gcc-10.2.1/caliper-master-lwbbh5jtm2dpoh74wfnf6irb3x7uqgtx/bin/cali-query' is not ABI compatible with '/p/vast1/build/spack/opt/spack/linux-rhel7-broadwell/gcc-10.2.1/libunwind-1.5.0-qolipzu4dzqdwwqilpz34qbosuwxtpoa/lib/libunwind.so.8.0.1' due to differences with '/p/vast1/build/spack/opt/spack/linux-rhel7-broadwell/gcc-10.2.1/libunwind-1.5.0-qolipzu4dzqdwwqilpz34qbosuwxtpoa/lib/libunwind-x86_64.so.8.0.1' below:
ELF SONAME changed
Functions changes summary: 0 Removed, 0 Changed, 0 Added function
Variables changes summary: 1 Removed, 0 Changed, 0 Added (1 filtered out) variables

SONAME changed from 'libunwind-x86_64.so.8' to 'libunwind.so.8'

1 Removed variable:

  [D] 'unw_addr_space_t _Ux86_64_local_addr_space'    {_Ux86_64_local_addr_space}


ELF file '/p/vast1/build/spack/opt/spack/linux-rhel7-broadwell/gcc-10.2.1/caliper-master-lwbbh5jtm2dpoh74wfnf6irb3x7uqgtx/bin/cali-query' is not ABI compatible with '/p/vast1/build/spack/opt/spack/linux-rhel7-broadwell/gcc-10.2.1/libunwind-1.5.0-qolipzu4dzqdwwqilpz34qbosuwxtpoa/lib/libunwind.so.8.0.1' due to differences with '/p/vast1/build/spack/opt/spack/linux-rhel7-broadwell/gcc-10.2.1/libunwind-1.5.0-qolipzu4dzqdwwqilpz34qbosuwxtpoa/lib/libunwind-setjmp.so.0.0.0' below:
ELF SONAME changed
Functions changes summary: 0 Removed, 0 Changed, 0 Added function
Variables changes summary: 0 Removed, 0 Changed, 0 Added (1 filtered out) variable

SONAME changed from 'libunwind-setjmp.so.0' to 'libunwind.so.8'


{'spack-test': [{'message': '==> Spack test lu57anpsmmnl4ihqe7wpkm5uvffvlvta\n==> Testing package caliper-master-lwbbh5j\n==> Error: TestFailure: 1 tests failed.\n\n\nCommand exited with status 1:\n    \'/p/vast1/build/spack/lib/spack/env/gcc/g++\' \'-L/p/vast1/build/spack/opt/spack/linux-rhel7-broadwell/gcc-10.2.1/caliper-master-lwbbh5jtm2dpoh74wfnf6irb3x7uqgtx/lib64\' \'-I/p/vast1/build/spack/opt/spack/linux-rhel7-broadwell/gcc-10.2.1/caliper-master-lwbbh5jtm2dpoh74wfnf6irb3x7uqgtx/include\' \'/g/g0/sochat1/.spack/test/lu57anpsmmnl4ihqe7wpkm5uvffvlvta/caliper-master-lwbbh5j/cache/caliper/examples/apps/cxx-example.cpp\' \'-o\' \'cxx-example\' \'-std=c++11\' \'-lcaliper\' \'-lstdc++\'\n/usr/tce/packages/gcc/gcc-10.2.1/rh/usr/bin/../libexec/gcc/x86_64-redhat-linux/10/ld: warning: libgpfs.so, needed by /p/vast1/build/spack/opt/spack/linux-rhel7-broadwell/gcc-10.2.1/openmpi-4.1.2-mtnsjnbj5kuefhd6gtupaglpuytu6vhz/lib/libmpi.so.40, not found (try using -rpath or -rpath-link)\n/usr/tce/packages/gcc/gcc-10.2.1/rh/usr/bin/../libexec/gcc/x86_64-redhat-linux/10/ld: /p/vast1/build/spack/opt/spack/linux-rhel7-broadwell/gcc-10.2.1/openmpi-4.1.2-mtnsjnbj5kuefhd6gtupaglpuytu6vhz/lib/libmpi.so.40: undefined reference to `gpfs_fcntl\'\ncollect2: error: ld returned 1 exit status\n\n\n\n1 error found in test log:\n     6     /usr/tce/packages/gcc/gcc-10.2.1/rh/usr/bin/../libexec/gcc/x86_64-re\n           dhat-linux/10/ld: /p/vast1/build/spack/opt/spack/linux-rhel7-broadwe\n           ll/gcc-10.2.1/openmpi-4.1.2-mtnsjnbj5kuefhd6gtupaglpuytu6vhz/lib/lib\n           mpi.so.40: undefined reference to `gpfs_fcntl\'\n     7     collect2: error: ld returned 1 exit status\n     8     FAILED: Command exited with status 1:\n     9         \'/p/vast1/build/spack/lib/spack/env/gcc/g++\' \'-L/p/vast1/build/s\n           pack/opt/spack/linux-rhel7-broadwell/gcc-10.2.1/caliper-master-lwbbh\n           5jtm2dpoh74wfnf6irb3x7uqgtx/lib64\' \'-I/p/vast1/build/spack/opt/spack\n           /linux-rhel7-broadwell/gcc-10.2.1/caliper-master-lwbbh5jtm2dpoh74wfn\n           f6irb3x7uqgtx/include\' \'/g/g0/sochat1/.spack/test/lu57anpsmmnl4ihqe7\n           wpkm5uvffvlvta/caliper-master-lwbbh5j/cache/caliper/examples/apps/cx\n           x-example.cpp\' \'-o\' \'cxx-example\' \'-std=c++11\' \'-lcaliper\' \'-lstdc++\n           \'\n     10    /usr/tce/packages/gcc/gcc-10.2.1/rh/usr/bin/../libexec/gcc/x86_64-re\n           dhat-linux/10/ld: warning: libgpfs.so, needed by /p/vast1/build/spac\n           k/opt/spack/linux-rhel7-broadwell/gcc-10.2.1/openmpi-4.1.2-mtnsjnbj5\n           kuefhd6gtupaglpuytu6vhz/lib/libmpi.so.40, not found (try using -rpat\n           h or -rpath-link)\n     11    /usr/tce/packages/gcc/gcc-10.2.1/rh/usr/bin/../libexec/gcc/x86_64-re\n           dhat-linux/10/ld: /p/vast1/build/spack/opt/spack/linux-rhel7-broadwe\n           ll/gcc-10.2.1/openmpi-4.1.2-mtnsjnbj5kuefhd6gtupaglpuytu6vhz/lib/lib\n           mpi.so.40: undefined reference to `gpfs_fcntl\'\n  >> 12    collect2: error: ld returned 1 exit status\n     13    \n     14      File "/p/vast1/build/spack/bin/spack", line 98, in <module>\n     15        sys.exit(spack.main.main())\n     16      File "/p/vast1/build/spack/lib/spack/spack/main.py", line 916, in \n           main\n     17        return _main(argv)\n     18      File "/p/vast1/build/spack/lib/spack/spack/main.py", line 871, in \n           _main\n\n\n\n/p/vast1/build/spack/lib/spack/spack/build_environment.py:1061, in _setup_pkg_and_run:\n       1058        tb_string = traceback.format_exc()\n       1059\n       1060        # build up some context from the offending package so we can\n  >>   1061        # show that, too.\n       1062        package_context = get_package_context(tb)\n       1063\n       1064        logfile = None\n\nSee test log for details:\n  /g/g0/sochat1/.spack/test/lu57anpsmmnl4ihqe7wpkm5uvffvlvta/caliper-master-lwbbh5j-test-out.txt\n\n==> Error: 1 test(s) in the suite failed.\n\n======================== 1 failed, 0 passed of 1 specs =========================\n', 'return_code': 1, 'prediction': False, 'command': '/p/vast1/build/spack/bin/spack test run /lwbbh5'}], 'symbolator': [{'missing': [], 'selected': [['libunwind.so.8', 'libunwind.so.8'], ['libc.so.6', 'libc.so.6'], ['libgcc_s.so.1', 'libgcc_s.so.1']], 'binary': '/p/vast1/build/spack/opt/spack/linux-rhel7-broadwell/gcc-10.2.1/caliper-master-lwbbh5jtm2dpoh74wfnf6irb3x7uqgtx/bin/mpi-caliquery', 'splice_type': 'same_lib', 'lib': '/p/vast1/build/spack/opt/spack/linux-rhel7-broadwell/gcc-10.2.1/libunwind-1.5.0-qolipzu4dzqdwwqilpz34qbosuwxtpoa/lib/libunwind-x86_64.so.8.0.1', 'prediction': True}, {'missing': [], 'selected': [['libunwind.so.8', 'libunwind.so.8'], ['libc.so.6', 'libc.so.6'], ['libgcc_s.so.1', 'libgcc_s.so.1']], 'binary': '/p/vast1/build/spack/opt/spack/linux-rhel7-broadwell/gcc-10.2.1/caliper-master-lwbbh5jtm2dpoh74wfnf6irb3x7uqgtx/bin/mpi-caliquery', 'splice_type': 'same_lib', 'lib': '/p/vast1/build/spack/opt/spack/linux-rhel7-broadwell/gcc-10.2.1/libunwind-1.5.0-qolipzu4dzqdwwqilpz34qbosuwxtpoa/lib/libunwind-setjmp.so.0.0.0', 'prediction': True}, {'missing': [], 'selected': [['libunwind.so.8.0.1', 'libunwind.so.8'], ['libc.so.6', 'libc.so.6'], ['libgcc_s.so.1', 'libgcc_s.so.1']], 'binary': '/p/vast1/build/spack/opt/spack/linux-rhel7-broadwell/gcc-10.2.1/caliper-master-lwbbh5jtm2dpoh74wfnf6irb3x7uqgtx/bin/mpi-caliquery', 'splice_type': 'same_lib', 'lib': '/p/vast1/build/spack/opt/spack/linux-rhel7-broadwell/gcc-10.2.1/libunwind-1.5.0-qolipzu4dzqdwwqilpz34qbosuwxtpoa/lib/libunwind.so.8.0.1', 'prediction': True}, {'missing': [], 'selected': [['libunwind.so.8', 'libunwind.so.8'], ['libc.so.6', 'libc.so.6'], ['libgcc_s.so.1', 'libgcc_s.so.1']], 'binary': '/p/vast1/build/spack/opt/spack/linux-rhel7-broadwell/gcc-10.2.1/caliper-master-lwbbh5jtm2dpoh74wfnf6irb3x7uqgtx/bin/cali-stat', 'splice_type': 'same_lib', 'lib': '/p/vast1/build/spack/opt/spack/linux-rhel7-broadwell/gcc-10.2.1/libunwind-1.5.0-qolipzu4dzqdwwqilpz34qbosuwxtpoa/lib/libunwind-x86_64.so.8.0.1', 'prediction': True}, {'missing': [], 'selected': [['libunwind.so.8', 'libunwind.so.8'], ['libc.so.6', 'libc.so.6'], ['libgcc_s.so.1', 'libgcc_s.so.1']], 'binary': '/p/vast1/build/spack/opt/spack/linux-rhel7-broadwell/gcc-10.2.1/caliper-master-lwbbh5jtm2dpoh74wfnf6irb3x7uqgtx/bin/cali-stat', 'splice_type': 'same_lib', 'lib': '/p/vast1/build/spack/opt/spack/linux-rhel7-broadwell/gcc-10.2.1/libunwind-1.5.0-qolipzu4dzqdwwqilpz34qbosuwxtpoa/lib/libunwind-setjmp.so.0.0.0', 'prediction': True}, {'missing': [], 'selected': [['libunwind.so.8.0.1', 'libunwind.so.8'], ['libc.so.6', 'libc.so.6'], ['libgcc_s.so.1', 'libgcc_s.so.1']], 'binary': '/p/vast1/build/spack/opt/spack/linux-rhel7-broadwell/gcc-10.2.1/caliper-master-lwbbh5jtm2dpoh74wfnf6irb3x7uqgtx/bin/cali-stat', 'splice_type': 'same_lib', 'lib': '/p/vast1/build/spack/opt/spack/linux-rhel7-broadwell/gcc-10.2.1/libunwind-1.5.0-qolipzu4dzqdwwqilpz34qbosuwxtpoa/lib/libunwind.so.8.0.1', 'prediction': True}, {'missing': [], 'selected': [['libunwind.so.8', 'libunwind.so.8'], ['libc.so.6', 'libc.so.6'], ['libgcc_s.so.1', 'libgcc_s.so.1']], 'binary': '/p/vast1/build/spack/opt/spack/linux-rhel7-broadwell/gcc-10.2.1/caliper-master-lwbbh5jtm2dpoh74wfnf6irb3x7uqgtx/bin/cali-query', 'splice_type': 'same_lib', 'lib': '/p/vast1/build/spack/opt/spack/linux-rhel7-broadwell/gcc-10.2.1/libunwind-1.5.0-qolipzu4dzqdwwqilpz34qbosuwxtpoa/lib/libunwind-x86_64.so.8.0.1', 'prediction': True}, {'missing': [], 'selected': [['libunwind.so.8', 'libunwind.so.8'], ['libc.so.6', 'libc.so.6'], ['libgcc_s.so.1', 'libgcc_s.so.1']], 'binary': '/p/vast1/build/spack/opt/spack/linux-rhel7-broadwell/gcc-10.2.1/caliper-master-lwbbh5jtm2dpoh74wfnf6irb3x7uqgtx/bin/cali-query', 'splice_type': 'same_lib', 'lib': '/p/vast1/build/spack/opt/spack/linux-rhel7-broadwell/gcc-10.2.1/libunwind-1.5.0-qolipzu4dzqdwwqilpz34qbosuwxtpoa/lib/libunwind-setjmp.so.0.0.0', 'prediction': True}, {'missing': [], 'selected': [['libunwind.so.8.0.1', 'libunwind.so.8'], ['libc.so.6', 'libc.so.6'], ['libgcc_s.so.1', 'libgcc_s.so.1']], 'binary': '/p/vast1/build/spack/opt/spack/linux-rhel7-broadwell/gcc-10.2.1/caliper-master-lwbbh5jtm2dpoh74wfnf6irb3x7uqgtx/bin/cali-query', 'splice_type': 'same_lib', 'lib': '/p/vast1/build/spack/opt/spack/linux-rhel7-broadwell/gcc-10.2.1/libunwind-1.5.0-qolipzu4dzqdwwqilpz34qbosuwxtpoa/lib/libunwind.so.8.0.1', 'prediction': True}], 'libabigail': [{'message': '', 'return_code': 0, 'binary': '/p/vast1/build/spack/opt/spack/linux-rhel7-broadwell/gcc-10.2.1/caliper-master-lwbbh5jtm2dpoh74wfnf6irb3x7uqgtx/bin/mpi-caliquery', 'splice_type': 'same_lib', 'lib': '/p/vast1/build/spack/opt/spack/linux-rhel7-broadwell/gcc-10.2.1/libunwind-1.5.0-qolipzu4dzqdwwqilpz34qbosuwxtpoa/lib/libunwind-x86_64.so.8.0.1', 'original_lib': '/p/vast1/build/spack/opt/spack/linux-rhel7-broadwell/gcc-10.2.1/libunwind-1.5.0-qolipzu4dzqdwwqilpz34qbosuwxtpoa/lib/libunwind-x86_64.so.8.0.1', 'prediction': True}, {'message': '', 'return_code': 0, 'binary': '/p/vast1/build/spack/opt/spack/linux-rhel7-broadwell/gcc-10.2.1/caliper-master-lwbbh5jtm2dpoh74wfnf6irb3x7uqgtx/bin/mpi-caliquery', 'splice_type': 'same_lib', 'lib': '/p/vast1/build/spack/opt/spack/linux-rhel7-broadwell/gcc-10.2.1/libunwind-1.5.0-qolipzu4dzqdwwqilpz34qbosuwxtpoa/lib/libunwind-setjmp.so.0.0.0', 'original_lib': '/p/vast1/build/spack/opt/spack/linux-rhel7-broadwell/gcc-10.2.1/libunwind-1.5.0-qolipzu4dzqdwwqilpz34qbosuwxtpoa/lib/libunwind-setjmp.so.0.0.0', 'prediction': True}, {'message': "ELF file '/p/vast1/build/spack/opt/spack/linux-rhel7-broadwell/gcc-10.2.1/caliper-master-lwbbh5jtm2dpoh74wfnf6irb3x7uqgtx/bin/mpi-caliquery' is not ABI compatible with '/p/vast1/build/spack/opt/spack/linux-rhel7-broadwell/gcc-10.2.1/libunwind-1.5.0-qolipzu4dzqdwwqilpz34qbosuwxtpoa/lib/libunwind.so.8.0.1' due to differences with '/p/vast1/build/spack/opt/spack/linux-rhel7-broadwell/gcc-10.2.1/libunwind-1.5.0-qolipzu4dzqdwwqilpz34qbosuwxtpoa/lib/libunwind-x86_64.so.8.0.1' below:\nELF SONAME changed\nFunctions changes summary: 0 Removed, 0 Changed, 0 Added function\nVariables changes summary: 1 Removed, 0 Changed, 0 Added (1 filtered out) variables\n\nSONAME changed from 'libunwind-x86_64.so.8' to 'libunwind.so.8'\n\n1 Removed variable:\n\n  [D] 'unw_addr_space_t _Ux86_64_local_addr_space'    {_Ux86_64_local_addr_space}\n\n", 'return_code': 12, 'binary': '/p/vast1/build/spack/opt/spack/linux-rhel7-broadwell/gcc-10.2.1/caliper-master-lwbbh5jtm2dpoh74wfnf6irb3x7uqgtx/bin/mpi-caliquery', 'splice_type': 'same_lib', 'lib': '/p/vast1/build/spack/opt/spack/linux-rhel7-broadwell/gcc-10.2.1/libunwind-1.5.0-qolipzu4dzqdwwqilpz34qbosuwxtpoa/lib/libunwind.so.8.0.1', 'original_lib': '/p/vast1/build/spack/opt/spack/linux-rhel7-broadwell/gcc-10.2.1/libunwind-1.5.0-qolipzu4dzqdwwqilpz34qbosuwxtpoa/lib/libunwind.so.8.0.1', 'prediction': False}, {'message': "ELF file '/p/vast1/build/spack/opt/spack/linux-rhel7-broadwell/gcc-10.2.1/caliper-master-lwbbh5jtm2dpoh74wfnf6irb3x7uqgtx/bin/mpi-caliquery' is not ABI compatible with '/p/vast1/build/spack/opt/spack/linux-rhel7-broadwell/gcc-10.2.1/libunwind-1.5.0-qolipzu4dzqdwwqilpz34qbosuwxtpoa/lib/libunwind.so.8.0.1' due to differences with '/p/vast1/build/spack/opt/spack/linux-rhel7-broadwell/gcc-10.2.1/libunwind-1.5.0-qolipzu4dzqdwwqilpz34qbosuwxtpoa/lib/libunwind-setjmp.so.0.0.0' below:\nELF SONAME changed\nFunctions changes summary: 0 Removed, 0 Changed, 0 Added function\nVariables changes summary: 0 Removed, 0 Changed, 0 Added (1 filtered out) variable\n\nSONAME changed from 'libunwind-setjmp.so.0' to 'libunwind.so.8'\n\n", 'return_code': 12, 'binary': '/p/vast1/build/spack/opt/spack/linux-rhel7-broadwell/gcc-10.2.1/caliper-master-lwbbh5jtm2dpoh74wfnf6irb3x7uqgtx/bin/mpi-caliquery', 'splice_type': 'same_lib', 'lib': '/p/vast1/build/spack/opt/spack/linux-rhel7-broadwell/gcc-10.2.1/libunwind-1.5.0-qolipzu4dzqdwwqilpz34qbosuwxtpoa/lib/libunwind.so.8.0.1', 'original_lib': '/p/vast1/build/spack/opt/spack/linux-rhel7-broadwell/gcc-10.2.1/libunwind-1.5.0-qolipzu4dzqdwwqilpz34qbosuwxtpoa/lib/libunwind.so.8.0.1', 'prediction': False}, {'message': '', 'return_code': 0, 'binary': '/p/vast1/build/spack/opt/spack/linux-rhel7-broadwell/gcc-10.2.1/caliper-master-lwbbh5jtm2dpoh74wfnf6irb3x7uqgtx/bin/mpi-caliquery', 'splice_type': 'same_lib', 'lib': '/p/vast1/build/spack/opt/spack/linux-rhel7-broadwell/gcc-10.2.1/libunwind-1.5.0-qolipzu4dzqdwwqilpz34qbosuwxtpoa/lib/libunwind.so.8.0.1', 'original_lib': '/p/vast1/build/spack/opt/spack/linux-rhel7-broadwell/gcc-10.2.1/libunwind-1.5.0-qolipzu4dzqdwwqilpz34qbosuwxtpoa/lib/libunwind.so.8.0.1', 'prediction': True}, {'message': '', 'return_code': 0, 'binary': '/p/vast1/build/spack/opt/spack/linux-rhel7-broadwell/gcc-10.2.1/caliper-master-lwbbh5jtm2dpoh74wfnf6irb3x7uqgtx/bin/cali-stat', 'splice_type': 'same_lib', 'lib': '/p/vast1/build/spack/opt/spack/linux-rhel7-broadwell/gcc-10.2.1/libunwind-1.5.0-qolipzu4dzqdwwqilpz34qbosuwxtpoa/lib/libunwind-x86_64.so.8.0.1', 'original_lib': '/p/vast1/build/spack/opt/spack/linux-rhel7-broadwell/gcc-10.2.1/libunwind-1.5.0-qolipzu4dzqdwwqilpz34qbosuwxtpoa/lib/libunwind-x86_64.so.8.0.1', 'prediction': True}, {'message': '', 'return_code': 0, 'binary': '/p/vast1/build/spack/opt/spack/linux-rhel7-broadwell/gcc-10.2.1/caliper-master-lwbbh5jtm2dpoh74wfnf6irb3x7uqgtx/bin/cali-stat', 'splice_type': 'same_lib', 'lib': '/p/vast1/build/spack/opt/spack/linux-rhel7-broadwell/gcc-10.2.1/libunwind-1.5.0-qolipzu4dzqdwwqilpz34qbosuwxtpoa/lib/libunwind-setjmp.so.0.0.0', 'original_lib': '/p/vast1/build/spack/opt/spack/linux-rhel7-broadwell/gcc-10.2.1/libunwind-1.5.0-qolipzu4dzqdwwqilpz34qbosuwxtpoa/lib/libunwind-setjmp.so.0.0.0', 'prediction': True}, {'message': "ELF file '/p/vast1/build/spack/opt/spack/linux-rhel7-broadwell/gcc-10.2.1/caliper-master-lwbbh5jtm2dpoh74wfnf6irb3x7uqgtx/bin/cali-stat' is not ABI compatible with '/p/vast1/build/spack/opt/spack/linux-rhel7-broadwell/gcc-10.2.1/libunwind-1.5.0-qolipzu4dzqdwwqilpz34qbosuwxtpoa/lib/libunwind.so.8.0.1' due to differences with '/p/vast1/build/spack/opt/spack/linux-rhel7-broadwell/gcc-10.2.1/libunwind-1.5.0-qolipzu4dzqdwwqilpz34qbosuwxtpoa/lib/libunwind-x86_64.so.8.0.1' below:\nELF SONAME changed\nFunctions changes summary: 0 Removed, 0 Changed, 0 Added function\nVariables changes summary: 0 Removed, 0 Changed, 0 Added variable\n\nSONAME changed from 'libunwind-x86_64.so.8' to 'libunwind.so.8'\n\n", 'return_code': 12, 'binary': '/p/vast1/build/spack/opt/spack/linux-rhel7-broadwell/gcc-10.2.1/caliper-master-lwbbh5jtm2dpoh74wfnf6irb3x7uqgtx/bin/cali-stat', 'splice_type': 'same_lib', 'lib': '/p/vast1/build/spack/opt/spack/linux-rhel7-broadwell/gcc-10.2.1/libunwind-1.5.0-qolipzu4dzqdwwqilpz34qbosuwxtpoa/lib/libunwind.so.8.0.1', 'original_lib': '/p/vast1/build/spack/opt/spack/linux-rhel7-broadwell/gcc-10.2.1/libunwind-1.5.0-qolipzu4dzqdwwqilpz34qbosuwxtpoa/lib/libunwind.so.8.0.1', 'prediction': False}, {'message': "ELF file '/p/vast1/build/spack/opt/spack/linux-rhel7-broadwell/gcc-10.2.1/caliper-master-lwbbh5jtm2dpoh74wfnf6irb3x7uqgtx/bin/cali-stat' is not ABI compatible with '/p/vast1/build/spack/opt/spack/linux-rhel7-broadwell/gcc-10.2.1/libunwind-1.5.0-qolipzu4dzqdwwqilpz34qbosuwxtpoa/lib/libunwind.so.8.0.1' due to differences with '/p/vast1/build/spack/opt/spack/linux-rhel7-broadwell/gcc-10.2.1/libunwind-1.5.0-qolipzu4dzqdwwqilpz34qbosuwxtpoa/lib/libunwind-setjmp.so.0.0.0' below:\nELF SONAME changed\nFunctions changes summary: 0 Removed, 0 Changed, 0 Added function\nVariables changes summary: 0 Removed, 0 Changed, 0 Added variable\n\nSONAME changed from 'libunwind-setjmp.so.0' to 'libunwind.so.8'\n\n", 'return_code': 12, 'binary': '/p/vast1/build/spack/opt/spack/linux-rhel7-broadwell/gcc-10.2.1/caliper-master-lwbbh5jtm2dpoh74wfnf6irb3x7uqgtx/bin/cali-stat', 'splice_type': 'same_lib', 'lib': '/p/vast1/build/spack/opt/spack/linux-rhel7-broadwell/gcc-10.2.1/libunwind-1.5.0-qolipzu4dzqdwwqilpz34qbosuwxtpoa/lib/libunwind.so.8.0.1', 'original_lib': '/p/vast1/build/spack/opt/spack/linux-rhel7-broadwell/gcc-10.2.1/libunwind-1.5.0-qolipzu4dzqdwwqilpz34qbosuwxtpoa/lib/libunwind.so.8.0.1', 'prediction': False}, {'message': '', 'return_code': 0, 'binary': '/p/vast1/build/spack/opt/spack/linux-rhel7-broadwell/gcc-10.2.1/caliper-master-lwbbh5jtm2dpoh74wfnf6irb3x7uqgtx/bin/cali-stat', 'splice_type': 'same_lib', 'lib': '/p/vast1/build/spack/opt/spack/linux-rhel7-broadwell/gcc-10.2.1/libunwind-1.5.0-qolipzu4dzqdwwqilpz34qbosuwxtpoa/lib/libunwind.so.8.0.1', 'original_lib': '/p/vast1/build/spack/opt/spack/linux-rhel7-broadwell/gcc-10.2.1/libunwind-1.5.0-qolipzu4dzqdwwqilpz34qbosuwxtpoa/lib/libunwind.so.8.0.1', 'prediction': True}, {'message': '', 'return_code': 0, 'binary': '/p/vast1/build/spack/opt/spack/linux-rhel7-broadwell/gcc-10.2.1/caliper-master-lwbbh5jtm2dpoh74wfnf6irb3x7uqgtx/bin/cali-query', 'splice_type': 'same_lib', 'lib': '/p/vast1/build/spack/opt/spack/linux-rhel7-broadwell/gcc-10.2.1/libunwind-1.5.0-qolipzu4dzqdwwqilpz34qbosuwxtpoa/lib/libunwind-x86_64.so.8.0.1', 'original_lib': '/p/vast1/build/spack/opt/spack/linux-rhel7-broadwell/gcc-10.2.1/libunwind-1.5.0-qolipzu4dzqdwwqilpz34qbosuwxtpoa/lib/libunwind-x86_64.so.8.0.1', 'prediction': True}, {'message': '', 'return_code': 0, 'binary': '/p/vast1/build/spack/opt/spack/linux-rhel7-broadwell/gcc-10.2.1/caliper-master-lwbbh5jtm2dpoh74wfnf6irb3x7uqgtx/bin/cali-query', 'splice_type': 'same_lib', 'lib': '/p/vast1/build/spack/opt/spack/linux-rhel7-broadwell/gcc-10.2.1/libunwind-1.5.0-qolipzu4dzqdwwqilpz34qbosuwxtpoa/lib/libunwind-setjmp.so.0.0.0', 'original_lib': '/p/vast1/build/spack/opt/spack/linux-rhel7-broadwell/gcc-10.2.1/libunwind-1.5.0-qolipzu4dzqdwwqilpz34qbosuwxtpoa/lib/libunwind-setjmp.so.0.0.0', 'prediction': True}, {'message': "ELF file '/p/vast1/build/spack/opt/spack/linux-rhel7-broadwell/gcc-10.2.1/caliper-master-lwbbh5jtm2dpoh74wfnf6irb3x7uqgtx/bin/cali-query' is not ABI compatible with '/p/vast1/build/spack/opt/spack/linux-rhel7-broadwell/gcc-10.2.1/libunwind-1.5.0-qolipzu4dzqdwwqilpz34qbosuwxtpoa/lib/libunwind.so.8.0.1' due to differences with '/p/vast1/build/spack/opt/spack/linux-rhel7-broadwell/gcc-10.2.1/libunwind-1.5.0-qolipzu4dzqdwwqilpz34qbosuwxtpoa/lib/libunwind-x86_64.so.8.0.1' below:\nELF SONAME changed\nFunctions changes summary: 0 Removed, 0 Changed, 0 Added function\nVariables changes summary: 1 Removed, 0 Changed, 0 Added (1 filtered out) variables\n\nSONAME changed from 'libunwind-x86_64.so.8' to 'libunwind.so.8'\n\n1 Removed variable:\n\n  [D] 'unw_addr_space_t _Ux86_64_local_addr_space'    {_Ux86_64_local_addr_space}\n\n", 'return_code': 12, 'binary': '/p/vast1/build/spack/opt/spack/linux-rhel7-broadwell/gcc-10.2.1/caliper-master-lwbbh5jtm2dpoh74wfnf6irb3x7uqgtx/bin/cali-query', 'splice_type': 'same_lib', 'lib': '/p/vast1/build/spack/opt/spack/linux-rhel7-broadwell/gcc-10.2.1/libunwind-1.5.0-qolipzu4dzqdwwqilpz34qbosuwxtpoa/lib/libunwind.so.8.0.1', 'original_lib': '/p/vast1/build/spack/opt/spack/linux-rhel7-broadwell/gcc-10.2.1/libunwind-1.5.0-qolipzu4dzqdwwqilpz34qbosuwxtpoa/lib/libunwind.so.8.0.1', 'prediction': False}, {'message': "ELF file '/p/vast1/build/spack/opt/spack/linux-rhel7-broadwell/gcc-10.2.1/caliper-master-lwbbh5jtm2dpoh74wfnf6irb3x7uqgtx/bin/cali-query' is not ABI compatible with '/p/vast1/build/spack/opt/spack/linux-rhel7-broadwell/gcc-10.2.1/libunwind-1.5.0-qolipzu4dzqdwwqilpz34qbosuwxtpoa/lib/libunwind.so.8.0.1' due to differences with '/p/vast1/build/spack/opt/spack/linux-rhel7-broadwell/gcc-10.2.1/libunwind-1.5.0-qolipzu4dzqdwwqilpz34qbosuwxtpoa/lib/libunwind-setjmp.so.0.0.0' below:\nELF SONAME changed\nFunctions changes summary: 0 Removed, 0 Changed, 0 Added function\nVariables changes summary: 0 Removed, 0 Changed, 0 Added (1 filtered out) variable\n\nSONAME changed from 'libunwind-setjmp.so.0' to 'libunwind.so.8'\n\n", 'return_code': 12, 'binary': '/p/vast1/build/spack/opt/spack/linux-rhel7-broadwell/gcc-10.2.1/caliper-master-lwbbh5jtm2dpoh74wfnf6irb3x7uqgtx/bin/cali-query', 'splice_type': 'same_lib', 'lib': '/p/vast1/build/spack/opt/spack/linux-rhel7-broadwell/gcc-10.2.1/libunwind-1.5.0-qolipzu4dzqdwwqilpz34qbosuwxtpoa/lib/libunwind.so.8.0.1', 'original_lib': '/p/vast1/build/spack/opt/spack/linux-rhel7-broadwell/gcc-10.2.1/libunwind-1.5.0-qolipzu4dzqdwwqilpz34qbosuwxtpoa/lib/libunwind.so.8.0.1', 'prediction': False}, {'message': '', 'return_code': 0, 'binary': '/p/vast1/build/spack/opt/spack/linux-rhel7-broadwell/gcc-10.2.1/caliper-master-lwbbh5jtm2dpoh74wfnf6irb3x7uqgtx/bin/cali-query', 'splice_type': 'same_lib', 'lib': '/p/vast1/build/spack/opt/spack/linux-rhel7-broadwell/gcc-10.2.1/libunwind-1.5.0-qolipzu4dzqdwwqilpz34qbosuwxtpoa/lib/libunwind.so.8.0.1', 'original_lib': '/p/vast1/build/spack/opt/spack/linux-rhel7-broadwell/gcc-10.2.1/libunwind-1.5.0-qolipzu4dzqdwwqilpz34qbosuwxtpoa/lib/libunwind.so.8.0.1', 'prediction': True}]}
ELF file '/p/vast1/build/spack/opt/spack/linux-rhel7-broadwell/gcc-10.2.1/caliper-master-ag7bb5kqk75vrdgznwk7gfisrwn3z3kq/bin/cali-query' is not ABI compatible with '/p/vast1/build/spack/opt/spack/linux-rhel7-broadwell/gcc-10.2.1/libunwind-1.4.0-gnggxjg4zorkdskbebgvrcuhvpjymjih/lib/libunwind.so.8.0.1' due to differences with '/p/vast1/build/spack/opt/spack/linux-rhel7-broadwell/gcc-10.2.1/libunwind-1.5.0-qolipzu4dzqdwwqilpz34qbosuwxtpoa/lib/libunwind-x86_64.so.8.0.1' below:
ELF SONAME changed
Functions changes summary: 0 Removed, 0 Changed, 0 Added function
Variables changes summary: 1 Removed, 0 Changed, 0 Added (1 filtered out) variables

SONAME changed from 'libunwind-x86_64.so.8' to 'libunwind.so.8'

1 Removed variable:

  [D] 'unw_addr_space_t _Ux86_64_local_addr_space'    {_Ux86_64_local_addr_space}


ELF file '/p/vast1/build/spack/opt/spack/linux-rhel7-broadwell/gcc-10.2.1/caliper-master-ag7bb5kqk75vrdgznwk7gfisrwn3z3kq/bin/cali-query' is not ABI compatible with '/p/vast1/build/spack/opt/spack/linux-rhel7-broadwell/gcc-10.2.1/libunwind-1.4.0-gnggxjg4zorkdskbebgvrcuhvpjymjih/lib/libunwind.so.8.0.1' due to differences with '/p/vast1/build/spack/opt/spack/linux-rhel7-broadwell/gcc-10.2.1/libunwind-1.5.0-qolipzu4dzqdwwqilpz34qbosuwxtpoa/lib/libunwind-setjmp.so.0.0.0' below:
ELF SONAME changed
Functions changes summary: 0 Removed, 0 Changed, 0 Added function
Variables changes summary: 0 Removed, 0 Changed, 0 Added (1 filtered out) variable

SONAME changed from 'libunwind-setjmp.so.0' to 'libunwind.so.8'


ELF file '/p/vast1/build/spack/opt/spack/linux-rhel7-broadwell/gcc-10.2.1/caliper-master-ag7bb5kqk75vrdgznwk7gfisrwn3z3kq/bin/mpi-caliquery' is not ABI compatible with '/p/vast1/build/spack/opt/spack/linux-rhel7-broadwell/gcc-10.2.1/libunwind-1.4.0-gnggxjg4zorkdskbebgvrcuhvpjymjih/lib/libunwind.so.8.0.1' due to differences with '/p/vast1/build/spack/opt/spack/linux-rhel7-broadwell/gcc-10.2.1/libunwind-1.5.0-qolipzu4dzqdwwqilpz34qbosuwxtpoa/lib/libunwind-x86_64.so.8.0.1' below:
ELF SONAME changed
Functions changes summary: 0 Removed, 0 Changed, 0 Added function
Variables changes summary: 1 Removed, 0 Changed, 0 Added (1 filtered out) variables

SONAME changed from 'libunwind-x86_64.so.8' to 'libunwind.so.8'

1 Removed variable:

  [D] 'unw_addr_space_t _Ux86_64_local_addr_space'    {_Ux86_64_local_addr_space}


ELF file '/p/vast1/build/spack/opt/spack/linux-rhel7-broadwell/gcc-10.2.1/caliper-master-ag7bb5kqk75vrdgznwk7gfisrwn3z3kq/bin/mpi-caliquery' is not ABI compatible with '/p/vast1/build/spack/opt/spack/linux-rhel7-broadwell/gcc-10.2.1/libunwind-1.4.0-gnggxjg4zorkdskbebgvrcuhvpjymjih/lib/libunwind.so.8.0.1' due to differences with '/p/vast1/build/spack/opt/spack/linux-rhel7-broadwell/gcc-10.2.1/libunwind-1.5.0-qolipzu4dzqdwwqilpz34qbosuwxtpoa/lib/libunwind-setjmp.so.0.0.0' below:
ELF SONAME changed
Functions changes summary: 0 Removed, 0 Changed, 0 Added function
Variables changes summary: 0 Removed, 0 Changed, 0 Added (1 filtered out) variable

SONAME changed from 'libunwind-setjmp.so.0' to 'libunwind.so.8'


ELF file '/p/vast1/build/spack/opt/spack/linux-rhel7-broadwell/gcc-10.2.1/caliper-master-ag7bb5kqk75vrdgznwk7gfisrwn3z3kq/bin/cali-stat' is not ABI compatible with '/p/vast1/build/spack/opt/spack/linux-rhel7-broadwell/gcc-10.2.1/libunwind-1.4.0-gnggxjg4zorkdskbebgvrcuhvpjymjih/lib/libunwind.so.8.0.1' due to differences with '/p/vast1/build/spack/opt/spack/linux-rhel7-broadwell/gcc-10.2.1/libunwind-1.5.0-qolipzu4dzqdwwqilpz34qbosuwxtpoa/lib/libunwind-x86_64.so.8.0.1' below:
ELF SONAME changed
Functions changes summary: 0 Removed, 0 Changed, 0 Added function
Variables changes summary: 0 Removed, 0 Changed, 0 Added variable

SONAME changed from 'libunwind-x86_64.so.8' to 'libunwind.so.8'


ELF file '/p/vast1/build/spack/opt/spack/linux-rhel7-broadwell/gcc-10.2.1/caliper-master-ag7bb5kqk75vrdgznwk7gfisrwn3z3kq/bin/cali-stat' is not ABI compatible with '/p/vast1/build/spack/opt/spack/linux-rhel7-broadwell/gcc-10.2.1/libunwind-1.4.0-gnggxjg4zorkdskbebgvrcuhvpjymjih/lib/libunwind.so.8.0.1' due to differences with '/p/vast1/build/spack/opt/spack/linux-rhel7-broadwell/gcc-10.2.1/libunwind-1.5.0-qolipzu4dzqdwwqilpz34qbosuwxtpoa/lib/libunwind-setjmp.so.0.0.0' below:
ELF SONAME changed
Functions changes summary: 0 Removed, 0 Changed, 0 Added function
Variables changes summary: 0 Removed, 0 Changed, 0 Added variable

SONAME changed from 'libunwind-setjmp.so.0' to 'libunwind.so.8'


{'spack-test': [{'message': '==> Spack test jywkcjgurva7iecwqqhwk4gcyfrt7dsm\n==> Testing package caliper-master-ag7bb5k\n==> Error: TestFailure: 1 tests failed.\n\n\nCommand exited with status 1:\n    \'/p/vast1/build/spack/lib/spack/env/gcc/g++\' \'-L/p/vast1/build/spack/opt/spack/linux-rhel7-broadwell/gcc-10.2.1/caliper-master-ag7bb5kqk75vrdgznwk7gfisrwn3z3kq/lib64\' \'-I/p/vast1/build/spack/opt/spack/linux-rhel7-broadwell/gcc-10.2.1/caliper-master-ag7bb5kqk75vrdgznwk7gfisrwn3z3kq/include\' \'/g/g0/sochat1/.spack/test/jywkcjgurva7iecwqqhwk4gcyfrt7dsm/caliper-master-ag7bb5k/cache/caliper/examples/apps/cxx-example.cpp\' \'-o\' \'cxx-example\' \'-std=c++11\' \'-lcaliper\' \'-lstdc++\'\n/usr/tce/packages/gcc/gcc-10.2.1/rh/usr/bin/../libexec/gcc/x86_64-redhat-linux/10/ld: warning: libgpfs.so, needed by /p/vast1/build/spack/opt/spack/linux-rhel7-broadwell/gcc-10.2.1/openmpi-4.1.2-mtnsjnbj5kuefhd6gtupaglpuytu6vhz/lib/libmpi.so.40, not found (try using -rpath or -rpath-link)\n/usr/tce/packages/gcc/gcc-10.2.1/rh/usr/bin/../libexec/gcc/x86_64-redhat-linux/10/ld: /p/vast1/build/spack/opt/spack/linux-rhel7-broadwell/gcc-10.2.1/openmpi-4.1.2-mtnsjnbj5kuefhd6gtupaglpuytu6vhz/lib/libmpi.so.40: undefined reference to `gpfs_fcntl\'\ncollect2: error: ld returned 1 exit status\n\n\n\n1 error found in test log:\n     6     /usr/tce/packages/gcc/gcc-10.2.1/rh/usr/bin/../libexec/gcc/x86_64-re\n           dhat-linux/10/ld: /p/vast1/build/spack/opt/spack/linux-rhel7-broadwe\n           ll/gcc-10.2.1/openmpi-4.1.2-mtnsjnbj5kuefhd6gtupaglpuytu6vhz/lib/lib\n           mpi.so.40: undefined reference to `gpfs_fcntl\'\n     7     collect2: error: ld returned 1 exit status\n     8     FAILED: Command exited with status 1:\n     9         \'/p/vast1/build/spack/lib/spack/env/gcc/g++\' \'-L/p/vast1/build/s\n           pack/opt/spack/linux-rhel7-broadwell/gcc-10.2.1/caliper-master-ag7bb\n           5kqk75vrdgznwk7gfisrwn3z3kq/lib64\' \'-I/p/vast1/build/spack/opt/spack\n           /linux-rhel7-broadwell/gcc-10.2.1/caliper-master-ag7bb5kqk75vrdgznwk\n           7gfisrwn3z3kq/include\' \'/g/g0/sochat1/.spack/test/jywkcjgurva7iecwqq\n           hwk4gcyfrt7dsm/caliper-master-ag7bb5k/cache/caliper/examples/apps/cx\n           x-example.cpp\' \'-o\' \'cxx-example\' \'-std=c++11\' \'-lcaliper\' \'-lstdc++\n           \'\n     10    /usr/tce/packages/gcc/gcc-10.2.1/rh/usr/bin/../libexec/gcc/x86_64-re\n           dhat-linux/10/ld: warning: libgpfs.so, needed by /p/vast1/build/spac\n           k/opt/spack/linux-rhel7-broadwell/gcc-10.2.1/openmpi-4.1.2-mtnsjnbj5\n           kuefhd6gtupaglpuytu6vhz/lib/libmpi.so.40, not found (try using -rpat\n           h or -rpath-link)\n     11    /usr/tce/packages/gcc/gcc-10.2.1/rh/usr/bin/../libexec/gcc/x86_64-re\n           dhat-linux/10/ld: /p/vast1/build/spack/opt/spack/linux-rhel7-broadwe\n           ll/gcc-10.2.1/openmpi-4.1.2-mtnsjnbj5kuefhd6gtupaglpuytu6vhz/lib/lib\n           mpi.so.40: undefined reference to `gpfs_fcntl\'\n  >> 12    collect2: error: ld returned 1 exit status\n     13    \n     14      File "/p/vast1/build/spack/bin/spack", line 98, in <module>\n     15        sys.exit(spack.main.main())\n     16      File "/p/vast1/build/spack/lib/spack/spack/main.py", line 916, in \n           main\n     17        return _main(argv)\n     18      File "/p/vast1/build/spack/lib/spack/spack/main.py", line 871, in \n           _main\n\n\n\n/p/vast1/build/spack/lib/spack/spack/build_environment.py:1061, in _setup_pkg_and_run:\n       1058        tb_string = traceback.format_exc()\n       1059\n       1060        # build up some context from the offending package so we can\n  >>   1061        # show that, too.\n       1062        package_context = get_package_context(tb)\n       1063\n       1064        logfile = None\n\nSee test log for details:\n  /g/g0/sochat1/.spack/test/jywkcjgurva7iecwqqhwk4gcyfrt7dsm/caliper-master-ag7bb5k-test-out.txt\n\n==> Error: 1 test(s) in the suite failed.\n\n======================== 1 failed, 0 passed of 1 specs =========================\n', 'return_code': 1, 'prediction': False, 'command': '/p/vast1/build/spack/bin/spack test run /ag7bb5'}], 'symbolator': [{'missing': [], 'selected': [['libunwind.so.8', 'libunwind.so.8'], ['libc.so.6', 'libc.so.6'], ['libgcc_s.so.1', 'libgcc_s.so.1']], 'binary': '/p/vast1/build/spack/opt/spack/linux-rhel7-broadwell/gcc-10.2.1/caliper-master-ag7bb5kqk75vrdgznwk7gfisrwn3z3kq/bin/cali-query', 'splice_type': 'same_lib', 'lib': '/p/vast1/build/spack/opt/spack/linux-rhel7-broadwell/gcc-10.2.1/libunwind-1.4.0-gnggxjg4zorkdskbebgvrcuhvpjymjih/lib/libunwind-x86_64.so.8.0.1', 'prediction': True}, {'missing': [], 'selected': [['libunwind.so.8.0.1', 'libunwind.so.8'], ['libc.so.6', 'libc.so.6'], ['libgcc_s.so.1', 'libgcc_s.so.1']], 'binary': '/p/vast1/build/spack/opt/spack/linux-rhel7-broadwell/gcc-10.2.1/caliper-master-ag7bb5kqk75vrdgznwk7gfisrwn3z3kq/bin/cali-query', 'splice_type': 'same_lib', 'lib': '/p/vast1/build/spack/opt/spack/linux-rhel7-broadwell/gcc-10.2.1/libunwind-1.4.0-gnggxjg4zorkdskbebgvrcuhvpjymjih/lib/libunwind.so.8.0.1', 'prediction': True}, {'missing': [], 'selected': [['libunwind.so.8', 'libunwind.so.8'], ['libc.so.6', 'libc.so.6'], ['libgcc_s.so.1', 'libgcc_s.so.1']], 'binary': '/p/vast1/build/spack/opt/spack/linux-rhel7-broadwell/gcc-10.2.1/caliper-master-ag7bb5kqk75vrdgznwk7gfisrwn3z3kq/bin/cali-query', 'splice_type': 'same_lib', 'lib': '/p/vast1/build/spack/opt/spack/linux-rhel7-broadwell/gcc-10.2.1/libunwind-1.4.0-gnggxjg4zorkdskbebgvrcuhvpjymjih/lib/libunwind-setjmp.so.0.0.0', 'prediction': True}, {'missing': [], 'selected': [['libunwind.so.8', 'libunwind.so.8'], ['libc.so.6', 'libc.so.6'], ['libgcc_s.so.1', 'libgcc_s.so.1']], 'binary': '/p/vast1/build/spack/opt/spack/linux-rhel7-broadwell/gcc-10.2.1/caliper-master-ag7bb5kqk75vrdgznwk7gfisrwn3z3kq/bin/mpi-caliquery', 'splice_type': 'same_lib', 'lib': '/p/vast1/build/spack/opt/spack/linux-rhel7-broadwell/gcc-10.2.1/libunwind-1.4.0-gnggxjg4zorkdskbebgvrcuhvpjymjih/lib/libunwind-x86_64.so.8.0.1', 'prediction': True}, {'missing': [], 'selected': [['libunwind.so.8.0.1', 'libunwind.so.8'], ['libc.so.6', 'libc.so.6'], ['libgcc_s.so.1', 'libgcc_s.so.1']], 'binary': '/p/vast1/build/spack/opt/spack/linux-rhel7-broadwell/gcc-10.2.1/caliper-master-ag7bb5kqk75vrdgznwk7gfisrwn3z3kq/bin/mpi-caliquery', 'splice_type': 'same_lib', 'lib': '/p/vast1/build/spack/opt/spack/linux-rhel7-broadwell/gcc-10.2.1/libunwind-1.4.0-gnggxjg4zorkdskbebgvrcuhvpjymjih/lib/libunwind.so.8.0.1', 'prediction': True}, {'missing': [], 'selected': [['libunwind.so.8', 'libunwind.so.8'], ['libc.so.6', 'libc.so.6'], ['libgcc_s.so.1', 'libgcc_s.so.1']], 'binary': '/p/vast1/build/spack/opt/spack/linux-rhel7-broadwell/gcc-10.2.1/caliper-master-ag7bb5kqk75vrdgznwk7gfisrwn3z3kq/bin/mpi-caliquery', 'splice_type': 'same_lib', 'lib': '/p/vast1/build/spack/opt/spack/linux-rhel7-broadwell/gcc-10.2.1/libunwind-1.4.0-gnggxjg4zorkdskbebgvrcuhvpjymjih/lib/libunwind-setjmp.so.0.0.0', 'prediction': True}, {'missing': [], 'selected': [['libunwind.so.8', 'libunwind.so.8'], ['libc.so.6', 'libc.so.6'], ['libgcc_s.so.1', 'libgcc_s.so.1']], 'binary': '/p/vast1/build/spack/opt/spack/linux-rhel7-broadwell/gcc-10.2.1/caliper-master-ag7bb5kqk75vrdgznwk7gfisrwn3z3kq/bin/cali-stat', 'splice_type': 'same_lib', 'lib': '/p/vast1/build/spack/opt/spack/linux-rhel7-broadwell/gcc-10.2.1/libunwind-1.4.0-gnggxjg4zorkdskbebgvrcuhvpjymjih/lib/libunwind-x86_64.so.8.0.1', 'prediction': True}, {'missing': [], 'selected': [['libunwind.so.8.0.1', 'libunwind.so.8'], ['libc.so.6', 'libc.so.6'], ['libgcc_s.so.1', 'libgcc_s.so.1']], 'binary': '/p/vast1/build/spack/opt/spack/linux-rhel7-broadwell/gcc-10.2.1/caliper-master-ag7bb5kqk75vrdgznwk7gfisrwn3z3kq/bin/cali-stat', 'splice_type': 'same_lib', 'lib': '/p/vast1/build/spack/opt/spack/linux-rhel7-broadwell/gcc-10.2.1/libunwind-1.4.0-gnggxjg4zorkdskbebgvrcuhvpjymjih/lib/libunwind.so.8.0.1', 'prediction': True}, {'missing': [], 'selected': [['libunwind.so.8', 'libunwind.so.8'], ['libc.so.6', 'libc.so.6'], ['libgcc_s.so.1', 'libgcc_s.so.1']], 'binary': '/p/vast1/build/spack/opt/spack/linux-rhel7-broadwell/gcc-10.2.1/caliper-master-ag7bb5kqk75vrdgznwk7gfisrwn3z3kq/bin/cali-stat', 'splice_type': 'same_lib', 'lib': '/p/vast1/build/spack/opt/spack/linux-rhel7-broadwell/gcc-10.2.1/libunwind-1.4.0-gnggxjg4zorkdskbebgvrcuhvpjymjih/lib/libunwind-setjmp.so.0.0.0', 'prediction': True}], 'libabigail': [{'message': '', 'return_code': 0, 'binary': '/p/vast1/build/spack/opt/spack/linux-rhel7-broadwell/gcc-10.2.1/caliper-master-ag7bb5kqk75vrdgznwk7gfisrwn3z3kq/bin/cali-query', 'splice_type': 'same_lib', 'lib': '/p/vast1/build/spack/opt/spack/linux-rhel7-broadwell/gcc-10.2.1/libunwind-1.4.0-gnggxjg4zorkdskbebgvrcuhvpjymjih/lib/libunwind-x86_64.so.8.0.1', 'original_lib': '/p/vast1/build/spack/opt/spack/linux-rhel7-broadwell/gcc-10.2.1/libunwind-1.4.0-gnggxjg4zorkdskbebgvrcuhvpjymjih/lib/libunwind-x86_64.so.8.0.1', 'prediction': True}, {'message': "ELF file '/p/vast1/build/spack/opt/spack/linux-rhel7-broadwell/gcc-10.2.1/caliper-master-ag7bb5kqk75vrdgznwk7gfisrwn3z3kq/bin/cali-query' is not ABI compatible with '/p/vast1/build/spack/opt/spack/linux-rhel7-broadwell/gcc-10.2.1/libunwind-1.4.0-gnggxjg4zorkdskbebgvrcuhvpjymjih/lib/libunwind.so.8.0.1' due to differences with '/p/vast1/build/spack/opt/spack/linux-rhel7-broadwell/gcc-10.2.1/libunwind-1.5.0-qolipzu4dzqdwwqilpz34qbosuwxtpoa/lib/libunwind-x86_64.so.8.0.1' below:\nELF SONAME changed\nFunctions changes summary: 0 Removed, 0 Changed, 0 Added function\nVariables changes summary: 1 Removed, 0 Changed, 0 Added (1 filtered out) variables\n\nSONAME changed from 'libunwind-x86_64.so.8' to 'libunwind.so.8'\n\n1 Removed variable:\n\n  [D] 'unw_addr_space_t _Ux86_64_local_addr_space'    {_Ux86_64_local_addr_space}\n\n", 'return_code': 12, 'binary': '/p/vast1/build/spack/opt/spack/linux-rhel7-broadwell/gcc-10.2.1/caliper-master-ag7bb5kqk75vrdgznwk7gfisrwn3z3kq/bin/cali-query', 'splice_type': 'same_lib', 'lib': '/p/vast1/build/spack/opt/spack/linux-rhel7-broadwell/gcc-10.2.1/libunwind-1.4.0-gnggxjg4zorkdskbebgvrcuhvpjymjih/lib/libunwind.so.8.0.1', 'original_lib': '/p/vast1/build/spack/opt/spack/linux-rhel7-broadwell/gcc-10.2.1/libunwind-1.4.0-gnggxjg4zorkdskbebgvrcuhvpjymjih/lib/libunwind.so.8.0.1', 'prediction': False}, {'message': "ELF file '/p/vast1/build/spack/opt/spack/linux-rhel7-broadwell/gcc-10.2.1/caliper-master-ag7bb5kqk75vrdgznwk7gfisrwn3z3kq/bin/cali-query' is not ABI compatible with '/p/vast1/build/spack/opt/spack/linux-rhel7-broadwell/gcc-10.2.1/libunwind-1.4.0-gnggxjg4zorkdskbebgvrcuhvpjymjih/lib/libunwind.so.8.0.1' due to differences with '/p/vast1/build/spack/opt/spack/linux-rhel7-broadwell/gcc-10.2.1/libunwind-1.5.0-qolipzu4dzqdwwqilpz34qbosuwxtpoa/lib/libunwind-setjmp.so.0.0.0' below:\nELF SONAME changed\nFunctions changes summary: 0 Removed, 0 Changed, 0 Added function\nVariables changes summary: 0 Removed, 0 Changed, 0 Added (1 filtered out) variable\n\nSONAME changed from 'libunwind-setjmp.so.0' to 'libunwind.so.8'\n\n", 'return_code': 12, 'binary': '/p/vast1/build/spack/opt/spack/linux-rhel7-broadwell/gcc-10.2.1/caliper-master-ag7bb5kqk75vrdgznwk7gfisrwn3z3kq/bin/cali-query', 'splice_type': 'same_lib', 'lib': '/p/vast1/build/spack/opt/spack/linux-rhel7-broadwell/gcc-10.2.1/libunwind-1.4.0-gnggxjg4zorkdskbebgvrcuhvpjymjih/lib/libunwind.so.8.0.1', 'original_lib': '/p/vast1/build/spack/opt/spack/linux-rhel7-broadwell/gcc-10.2.1/libunwind-1.4.0-gnggxjg4zorkdskbebgvrcuhvpjymjih/lib/libunwind.so.8.0.1', 'prediction': False}, {'message': '', 'return_code': 0, 'binary': '/p/vast1/build/spack/opt/spack/linux-rhel7-broadwell/gcc-10.2.1/caliper-master-ag7bb5kqk75vrdgznwk7gfisrwn3z3kq/bin/cali-query', 'splice_type': 'same_lib', 'lib': '/p/vast1/build/spack/opt/spack/linux-rhel7-broadwell/gcc-10.2.1/libunwind-1.4.0-gnggxjg4zorkdskbebgvrcuhvpjymjih/lib/libunwind.so.8.0.1', 'original_lib': '/p/vast1/build/spack/opt/spack/linux-rhel7-broadwell/gcc-10.2.1/libunwind-1.4.0-gnggxjg4zorkdskbebgvrcuhvpjymjih/lib/libunwind.so.8.0.1', 'prediction': True}, {'message': '', 'return_code': 0, 'binary': '/p/vast1/build/spack/opt/spack/linux-rhel7-broadwell/gcc-10.2.1/caliper-master-ag7bb5kqk75vrdgznwk7gfisrwn3z3kq/bin/cali-query', 'splice_type': 'same_lib', 'lib': '/p/vast1/build/spack/opt/spack/linux-rhel7-broadwell/gcc-10.2.1/libunwind-1.4.0-gnggxjg4zorkdskbebgvrcuhvpjymjih/lib/libunwind-setjmp.so.0.0.0', 'original_lib': '/p/vast1/build/spack/opt/spack/linux-rhel7-broadwell/gcc-10.2.1/libunwind-1.4.0-gnggxjg4zorkdskbebgvrcuhvpjymjih/lib/libunwind-setjmp.so.0.0.0', 'prediction': True}, {'message': '', 'return_code': 0, 'binary': '/p/vast1/build/spack/opt/spack/linux-rhel7-broadwell/gcc-10.2.1/caliper-master-ag7bb5kqk75vrdgznwk7gfisrwn3z3kq/bin/mpi-caliquery', 'splice_type': 'same_lib', 'lib': '/p/vast1/build/spack/opt/spack/linux-rhel7-broadwell/gcc-10.2.1/libunwind-1.4.0-gnggxjg4zorkdskbebgvrcuhvpjymjih/lib/libunwind-x86_64.so.8.0.1', 'original_lib': '/p/vast1/build/spack/opt/spack/linux-rhel7-broadwell/gcc-10.2.1/libunwind-1.4.0-gnggxjg4zorkdskbebgvrcuhvpjymjih/lib/libunwind-x86_64.so.8.0.1', 'prediction': True}, {'message': "ELF file '/p/vast1/build/spack/opt/spack/linux-rhel7-broadwell/gcc-10.2.1/caliper-master-ag7bb5kqk75vrdgznwk7gfisrwn3z3kq/bin/mpi-caliquery' is not ABI compatible with '/p/vast1/build/spack/opt/spack/linux-rhel7-broadwell/gcc-10.2.1/libunwind-1.4.0-gnggxjg4zorkdskbebgvrcuhvpjymjih/lib/libunwind.so.8.0.1' due to differences with '/p/vast1/build/spack/opt/spack/linux-rhel7-broadwell/gcc-10.2.1/libunwind-1.5.0-qolipzu4dzqdwwqilpz34qbosuwxtpoa/lib/libunwind-x86_64.so.8.0.1' below:\nELF SONAME changed\nFunctions changes summary: 0 Removed, 0 Changed, 0 Added function\nVariables changes summary: 1 Removed, 0 Changed, 0 Added (1 filtered out) variables\n\nSONAME changed from 'libunwind-x86_64.so.8' to 'libunwind.so.8'\n\n1 Removed variable:\n\n  [D] 'unw_addr_space_t _Ux86_64_local_addr_space'    {_Ux86_64_local_addr_space}\n\n", 'return_code': 12, 'binary': '/p/vast1/build/spack/opt/spack/linux-rhel7-broadwell/gcc-10.2.1/caliper-master-ag7bb5kqk75vrdgznwk7gfisrwn3z3kq/bin/mpi-caliquery', 'splice_type': 'same_lib', 'lib': '/p/vast1/build/spack/opt/spack/linux-rhel7-broadwell/gcc-10.2.1/libunwind-1.4.0-gnggxjg4zorkdskbebgvrcuhvpjymjih/lib/libunwind.so.8.0.1', 'original_lib': '/p/vast1/build/spack/opt/spack/linux-rhel7-broadwell/gcc-10.2.1/libunwind-1.4.0-gnggxjg4zorkdskbebgvrcuhvpjymjih/lib/libunwind.so.8.0.1', 'prediction': False}, {'message': "ELF file '/p/vast1/build/spack/opt/spack/linux-rhel7-broadwell/gcc-10.2.1/caliper-master-ag7bb5kqk75vrdgznwk7gfisrwn3z3kq/bin/mpi-caliquery' is not ABI compatible with '/p/vast1/build/spack/opt/spack/linux-rhel7-broadwell/gcc-10.2.1/libunwind-1.4.0-gnggxjg4zorkdskbebgvrcuhvpjymjih/lib/libunwind.so.8.0.1' due to differences with '/p/vast1/build/spack/opt/spack/linux-rhel7-broadwell/gcc-10.2.1/libunwind-1.5.0-qolipzu4dzqdwwqilpz34qbosuwxtpoa/lib/libunwind-setjmp.so.0.0.0' below:\nELF SONAME changed\nFunctions changes summary: 0 Removed, 0 Changed, 0 Added function\nVariables changes summary: 0 Removed, 0 Changed, 0 Added (1 filtered out) variable\n\nSONAME changed from 'libunwind-setjmp.so.0' to 'libunwind.so.8'\n\n", 'return_code': 12, 'binary': '/p/vast1/build/spack/opt/spack/linux-rhel7-broadwell/gcc-10.2.1/caliper-master-ag7bb5kqk75vrdgznwk7gfisrwn3z3kq/bin/mpi-caliquery', 'splice_type': 'same_lib', 'lib': '/p/vast1/build/spack/opt/spack/linux-rhel7-broadwell/gcc-10.2.1/libunwind-1.4.0-gnggxjg4zorkdskbebgvrcuhvpjymjih/lib/libunwind.so.8.0.1', 'original_lib': '/p/vast1/build/spack/opt/spack/linux-rhel7-broadwell/gcc-10.2.1/libunwind-1.4.0-gnggxjg4zorkdskbebgvrcuhvpjymjih/lib/libunwind.so.8.0.1', 'prediction': False}, {'message': '', 'return_code': 0, 'binary': '/p/vast1/build/spack/opt/spack/linux-rhel7-broadwell/gcc-10.2.1/caliper-master-ag7bb5kqk75vrdgznwk7gfisrwn3z3kq/bin/mpi-caliquery', 'splice_type': 'same_lib', 'lib': '/p/vast1/build/spack/opt/spack/linux-rhel7-broadwell/gcc-10.2.1/libunwind-1.4.0-gnggxjg4zorkdskbebgvrcuhvpjymjih/lib/libunwind.so.8.0.1', 'original_lib': '/p/vast1/build/spack/opt/spack/linux-rhel7-broadwell/gcc-10.2.1/libunwind-1.4.0-gnggxjg4zorkdskbebgvrcuhvpjymjih/lib/libunwind.so.8.0.1', 'prediction': True}, {'message': '', 'return_code': 0, 'binary': '/p/vast1/build/spack/opt/spack/linux-rhel7-broadwell/gcc-10.2.1/caliper-master-ag7bb5kqk75vrdgznwk7gfisrwn3z3kq/bin/mpi-caliquery', 'splice_type': 'same_lib', 'lib': '/p/vast1/build/spack/opt/spack/linux-rhel7-broadwell/gcc-10.2.1/libunwind-1.4.0-gnggxjg4zorkdskbebgvrcuhvpjymjih/lib/libunwind-setjmp.so.0.0.0', 'original_lib': '/p/vast1/build/spack/opt/spack/linux-rhel7-broadwell/gcc-10.2.1/libunwind-1.4.0-gnggxjg4zorkdskbebgvrcuhvpjymjih/lib/libunwind-setjmp.so.0.0.0', 'prediction': True}, {'message': '', 'return_code': 0, 'binary': '/p/vast1/build/spack/opt/spack/linux-rhel7-broadwell/gcc-10.2.1/caliper-master-ag7bb5kqk75vrdgznwk7gfisrwn3z3kq/bin/cali-stat', 'splice_type': 'same_lib', 'lib': '/p/vast1/build/spack/opt/spack/linux-rhel7-broadwell/gcc-10.2.1/libunwind-1.4.0-gnggxjg4zorkdskbebgvrcuhvpjymjih/lib/libunwind-x86_64.so.8.0.1', 'original_lib': '/p/vast1/build/spack/opt/spack/linux-rhel7-broadwell/gcc-10.2.1/libunwind-1.4.0-gnggxjg4zorkdskbebgvrcuhvpjymjih/lib/libunwind-x86_64.so.8.0.1', 'prediction': True}, {'message': "ELF file '/p/vast1/build/spack/opt/spack/linux-rhel7-broadwell/gcc-10.2.1/caliper-master-ag7bb5kqk75vrdgznwk7gfisrwn3z3kq/bin/cali-stat' is not ABI compatible with '/p/vast1/build/spack/opt/spack/linux-rhel7-broadwell/gcc-10.2.1/libunwind-1.4.0-gnggxjg4zorkdskbebgvrcuhvpjymjih/lib/libunwind.so.8.0.1' due to differences with '/p/vast1/build/spack/opt/spack/linux-rhel7-broadwell/gcc-10.2.1/libunwind-1.5.0-qolipzu4dzqdwwqilpz34qbosuwxtpoa/lib/libunwind-x86_64.so.8.0.1' below:\nELF SONAME changed\nFunctions changes summary: 0 Removed, 0 Changed, 0 Added function\nVariables changes summary: 0 Removed, 0 Changed, 0 Added variable\n\nSONAME changed from 'libunwind-x86_64.so.8' to 'libunwind.so.8'\n\n", 'return_code': 12, 'binary': '/p/vast1/build/spack/opt/spack/linux-rhel7-broadwell/gcc-10.2.1/caliper-master-ag7bb5kqk75vrdgznwk7gfisrwn3z3kq/bin/cali-stat', 'splice_type': 'same_lib', 'lib': '/p/vast1/build/spack/opt/spack/linux-rhel7-broadwell/gcc-10.2.1/libunwind-1.4.0-gnggxjg4zorkdskbebgvrcuhvpjymjih/lib/libunwind.so.8.0.1', 'original_lib': '/p/vast1/build/spack/opt/spack/linux-rhel7-broadwell/gcc-10.2.1/libunwind-1.4.0-gnggxjg4zorkdskbebgvrcuhvpjymjih/lib/libunwind.so.8.0.1', 'prediction': False}, {'message': "ELF file '/p/vast1/build/spack/opt/spack/linux-rhel7-broadwell/gcc-10.2.1/caliper-master-ag7bb5kqk75vrdgznwk7gfisrwn3z3kq/bin/cali-stat' is not ABI compatible with '/p/vast1/build/spack/opt/spack/linux-rhel7-broadwell/gcc-10.2.1/libunwind-1.4.0-gnggxjg4zorkdskbebgvrcuhvpjymjih/lib/libunwind.so.8.0.1' due to differences with '/p/vast1/build/spack/opt/spack/linux-rhel7-broadwell/gcc-10.2.1/libunwind-1.5.0-qolipzu4dzqdwwqilpz34qbosuwxtpoa/lib/libunwind-setjmp.so.0.0.0' below:\nELF SONAME changed\nFunctions changes summary: 0 Removed, 0 Changed, 0 Added function\nVariables changes summary: 0 Removed, 0 Changed, 0 Added variable\n\nSONAME changed from 'libunwind-setjmp.so.0' to 'libunwind.so.8'\n\n", 'return_code': 12, 'binary': '/p/vast1/build/spack/opt/spack/linux-rhel7-broadwell/gcc-10.2.1/caliper-master-ag7bb5kqk75vrdgznwk7gfisrwn3z3kq/bin/cali-stat', 'splice_type': 'same_lib', 'lib': '/p/vast1/build/spack/opt/spack/linux-rhel7-broadwell/gcc-10.2.1/libunwind-1.4.0-gnggxjg4zorkdskbebgvrcuhvpjymjih/lib/libunwind.so.8.0.1', 'original_lib': '/p/vast1/build/spack/opt/spack/linux-rhel7-broadwell/gcc-10.2.1/libunwind-1.4.0-gnggxjg4zorkdskbebgvrcuhvpjymjih/lib/libunwind.so.8.0.1', 'prediction': False}, {'message': '', 'return_code': 0, 'binary': '/p/vast1/build/spack/opt/spack/linux-rhel7-broadwell/gcc-10.2.1/caliper-master-ag7bb5kqk75vrdgznwk7gfisrwn3z3kq/bin/cali-stat', 'splice_type': 'same_lib', 'lib': '/p/vast1/build/spack/opt/spack/linux-rhel7-broadwell/gcc-10.2.1/libunwind-1.4.0-gnggxjg4zorkdskbebgvrcuhvpjymjih/lib/libunwind.so.8.0.1', 'original_lib': '/p/vast1/build/spack/opt/spack/linux-rhel7-broadwell/gcc-10.2.1/libunwind-1.4.0-gnggxjg4zorkdskbebgvrcuhvpjymjih/lib/libunwind.so.8.0.1', 'prediction': True}, {'message': '', 'return_code': 0, 'binary': '/p/vast1/build/spack/opt/spack/linux-rhel7-broadwell/gcc-10.2.1/caliper-master-ag7bb5kqk75vrdgznwk7gfisrwn3z3kq/bin/cali-stat', 'splice_type': 'same_lib', 'lib': '/p/vast1/build/spack/opt/spack/linux-rhel7-broadwell/gcc-10.2.1/libunwind-1.4.0-gnggxjg4zorkdskbebgvrcuhvpjymjih/lib/libunwind-setjmp.so.0.0.0', 'original_lib': '/p/vast1/build/spack/opt/spack/linux-rhel7-broadwell/gcc-10.2.1/libunwind-1.4.0-gnggxjg4zorkdskbebgvrcuhvpjymjih/lib/libunwind-setjmp.so.0.0.0', 'prediction': True}]}
