Concretizing caliper@2.0.1
[+] /p/vast1/build/spack/opt/spack/linux-rhel7-broadwell/gcc-10.2.1/pkgconf-1.8.0-gp2xp6yplvubgic6eunbnl7emqdq3dye
[+] /p/vast1/build/spack/opt/spack/linux-rhel7-broadwell/gcc-10.2.1/berkeley-db-18.1.40-c7okyaricn3s5wx6lqo2exspq6tuninj
[+] /p/vast1/build/spack/opt/spack/linux-rhel7-broadwell/gcc-10.2.1/libiconv-1.16-glggocpnh7m2dgmtu4fedhbfeessepbe
[+] /p/vast1/build/spack/opt/spack/linux-rhel7-broadwell/gcc-10.2.1/zlib-1.2.11-su2ldy5ofm424qnly3kitbbdgwovpfk4
[+] /p/vast1/build/spack/opt/spack/linux-rhel7-broadwell/gcc-10.2.1/libsigsegv-2.13-7rh3iftx6wqudr26scqm7nyzm4xxgqcc
[+] /p/vast1/build/spack/opt/spack/linux-rhel7-broadwell/gcc-10.2.1/util-macros-1.19.3-mxlhejedwgloprhrg6bzi2wz3cgadzp2
[+] /p/vast1/build/spack/opt/spack/linux-rhel7-broadwell/gcc-10.2.1/xz-5.2.5-d536jz4ora4tt45q72d2lklqr3dqx34m
[+] /p/vast1/build/spack/opt/spack/linux-rhel7-broadwell/gcc-10.2.1/libmd-1.0.3-2ov67rcd3fulh2bvd46bb7cjgf3yckoh
[+] /p/vast1/build/spack/opt/spack/linux-rhel7-broadwell/gcc-10.2.1/libffi-3.3-zyoezbz35scxddz3sf2hsqa6dancnjru
[+] /p/vast1/build/spack/opt/spack/linux-rhel7-broadwell/gcc-10.2.1/ncurses-6.2-2xef6sx47tqatqlceqguyz3rza5okbhy
[+] /p/vast1/build/spack/opt/spack/linux-rhel7-broadwell/gcc-10.2.1/util-linux-uuid-2.36.2-6icy3q75q4f2andannpqgkcdmzoir7sd
[+] /p/vast1/build/spack/opt/spack/linux-rhel7-broadwell/gcc-10.2.1/tar-1.34-3g4ty3srw34e6frmd2d2f523hr2pck3g
[+] /p/vast1/build/spack/opt/spack/linux-rhel7-broadwell/gcc-10.2.1/diffutils-3.8-vxb536efq575rjec2zqsyqgsebpspfvs
[+] /p/vast1/build/spack/opt/spack/linux-rhel7-broadwell/gcc-10.2.1/m4-1.4.19-zeen2avy7avmg5n7cd6yaqspkj3rup2t
[+] /p/vast1/build/spack/opt/spack/linux-rhel7-broadwell/gcc-10.2.1/libxml2-2.9.12-rs3llxgrrh537ywuyzjxyebuzo3gnxpt
[+] /p/vast1/build/spack/opt/spack/linux-rhel7-broadwell/gcc-10.2.1/libbsd-0.11.3-3bk5tkx2u7x44ivhjo723eyc3kbvzj2t
[+] /p/vast1/build/spack/opt/spack/linux-rhel7-broadwell/gcc-10.2.1/libedit-3.1-20210216-rhcaqt3bcnt5otgbqisvol2zjkkt3yqz
[+] /p/vast1/build/spack/opt/spack/linux-rhel7-broadwell/gcc-10.2.1/readline-8.1-vfjorqgtmqh3rl5ollaj4n2uusx4foez
[+] /p/vast1/build/spack/opt/spack/linux-rhel7-broadwell/gcc-10.2.1/bzip2-1.0.8-jmjklgubcyryaddwqvzuvzeiq6zfqmst
[+] /p/vast1/build/spack/opt/spack/linux-rhel7-broadwell/gcc-10.2.1/libtool-2.4.6-v5tvhyer33lc2hhisqrztia7bmreecdr
[+] /p/vast1/build/spack/opt/spack/linux-rhel7-broadwell/gcc-10.2.1/expat-2.4.1-kya5u2fynwiaatzc4mfarh675cq6au2y
[+] /p/vast1/build/spack/opt/spack/linux-rhel7-broadwell/gcc-10.2.1/gdbm-1.19-k5otkqycqsp3sya4vlvqbekdodhy2a2b
[+] /p/vast1/build/spack/opt/spack/linux-rhel7-broadwell/gcc-10.2.1/sqlite-3.36.0-2hy2e3pav6gykaiuxcqrj6xwb3hikfkt
[+] /p/vast1/build/spack/opt/spack/linux-rhel7-broadwell/gcc-10.2.1/gettext-0.21-zrjvymznliicfcjx4lqkixtjo76ruzmr
[+] /p/vast1/build/spack/opt/spack/linux-rhel7-broadwell/gcc-10.2.1/libpciaccess-0.16-vzg6r6gyrqyboudgxfqbdwe36epu6s7s
[+] /p/vast1/build/spack/opt/spack/linux-rhel7-broadwell/gcc-10.2.1/perl-5.34.0-wimaji5zk5vlms3psvdtvmxifnine4nh
[+] /p/vast1/build/spack/opt/spack/linux-rhel7-broadwell/gcc-10.2.1/openssl-1.1.1l-sozkiugfpwd75rjehlrzn3ymhrojqyp2
[+] /p/vast1/build/spack/opt/spack/linux-rhel7-broadwell/gcc-10.2.1/autoconf-2.69-pfmcbnykmtv5mjmsmwbesqcoea22hrrx
[+] /p/vast1/build/spack/opt/spack/linux-rhel7-broadwell/gcc-10.2.1/libunwind-1.5.0-qolipzu4dzqdwwqilpz34qbosuwxtpoa
[+] /p/vast1/build/spack/opt/spack/linux-rhel7-broadwell/gcc-10.2.1/python-3.8.12-snqhx3gympk6b2bnoh367hqvsbhqo3ts
[+] /p/vast1/build/spack/opt/spack/linux-rhel7-broadwell/gcc-10.2.1/automake-1.16.3-rxeto3fcfyywhhza4jadwlacwh3doghz
[+] /p/vast1/build/spack/opt/spack/linux-rhel7-broadwell/gcc-10.2.1/libevent-2.1.12-4rrpxdjg6q2tcghfclohesjtvuwd6kdv
[+] /p/vast1/build/spack/opt/spack/linux-rhel7-broadwell/gcc-10.2.1/numactl-2.0.14-wiobx4m5fgmgis4po6hi44kpy7ad57vj
[+] /p/vast1/build/spack/opt/spack/linux-rhel7-broadwell/gcc-10.2.1/hwloc-2.6.0-cxn7eow3mqe2pjeaz7u4tyw4xadzqtri
[+] /p/vast1/build/spack/opt/spack/linux-rhel7-broadwell/gcc-10.2.1/papi-5.7.0-czqjpcgj4yn6asmfyx256u6gqjavqqlu
[+] /p/vast1/build/spack/opt/spack/linux-rhel7-broadwell/gcc-10.2.1/openssh-8.7p1-yfzytuo77m3idlyoubuj2rn2val7hypz
[+] /p/vast1/build/spack/opt/spack/linux-rhel7-broadwell/gcc-10.2.1/cmake-3.21.4-hvgwgb6duea6jzf2rywitb4a5lqdrpii
[+] /p/vast1/build/spack/opt/spack/linux-rhel7-broadwell/gcc-10.2.1/openmpi-4.1.2-z5hk7hdx3dkvk7ytodf4xiqqg3nfo4dh
==> Installing caliper-2.0.1-qplpvlniyt7my6p25dfhwi3kmlmuvjli
==> No binary for caliper-2.0.1-qplpvlniyt7my6p25dfhwi3kmlmuvjli found: installing from source
==> No patches needed for caliper
==> caliper: Executing phase: 'cmake'
==> caliper: Executing phase: 'build'
==> caliper: Executing phase: 'install'
==> caliper: Successfully installed caliper-2.0.1-qplpvlniyt7my6p25dfhwi3kmlmuvjli
  Fetch: 4.60s.  Build: 1m 55.07s.  Total: 1m 59.67s.
[+] /p/vast1/build/spack/opt/spack/linux-rhel7-broadwell/gcc-10.2.1/caliper-2.0.1-qplpvlniyt7my6p25dfhwi3kmlmuvjli
Testing splicing in (and out) adiak@0.3.0-alpha
[+] /p/vast1/build/spack/opt/spack/linux-rhel7-broadwell/gcc-10.2.1/pkgconf-1.8.0-gp2xp6yplvubgic6eunbnl7emqdq3dye
[+] /p/vast1/build/spack/opt/spack/linux-rhel7-broadwell/gcc-10.2.1/berkeley-db-18.1.40-c7okyaricn3s5wx6lqo2exspq6tuninj
[+] /p/vast1/build/spack/opt/spack/linux-rhel7-broadwell/gcc-10.2.1/libiconv-1.16-glggocpnh7m2dgmtu4fedhbfeessepbe
[+] /p/vast1/build/spack/opt/spack/linux-rhel7-broadwell/gcc-10.2.1/zlib-1.2.11-su2ldy5ofm424qnly3kitbbdgwovpfk4
[+] /p/vast1/build/spack/opt/spack/linux-rhel7-broadwell/gcc-10.2.1/libsigsegv-2.13-7rh3iftx6wqudr26scqm7nyzm4xxgqcc
[+] /p/vast1/build/spack/opt/spack/linux-rhel7-broadwell/gcc-10.2.1/util-macros-1.19.3-mxlhejedwgloprhrg6bzi2wz3cgadzp2
[+] /p/vast1/build/spack/opt/spack/linux-rhel7-broadwell/gcc-10.2.1/xz-5.2.5-d536jz4ora4tt45q72d2lklqr3dqx34m
[+] /p/vast1/build/spack/opt/spack/linux-rhel7-broadwell/gcc-10.2.1/ncurses-6.2-2xef6sx47tqatqlceqguyz3rza5okbhy
[+] /p/vast1/build/spack/opt/spack/linux-rhel7-broadwell/gcc-10.2.1/diffutils-3.8-vxb536efq575rjec2zqsyqgsebpspfvs
[+] /p/vast1/build/spack/opt/spack/linux-rhel7-broadwell/gcc-10.2.1/m4-1.4.19-zeen2avy7avmg5n7cd6yaqspkj3rup2t
[+] /p/vast1/build/spack/opt/spack/linux-rhel7-broadwell/gcc-10.2.1/libxml2-2.9.12-rs3llxgrrh537ywuyzjxyebuzo3gnxpt
[+] /p/vast1/build/spack/opt/spack/linux-rhel7-broadwell/gcc-10.2.1/libedit-3.1-20210216-rhcaqt3bcnt5otgbqisvol2zjkkt3yqz
[+] /p/vast1/build/spack/opt/spack/linux-rhel7-broadwell/gcc-10.2.1/readline-8.1-vfjorqgtmqh3rl5ollaj4n2uusx4foez
[+] /p/vast1/build/spack/opt/spack/linux-rhel7-broadwell/gcc-10.2.1/bzip2-1.0.8-jmjklgubcyryaddwqvzuvzeiq6zfqmst
[+] /p/vast1/build/spack/opt/spack/linux-rhel7-broadwell/gcc-10.2.1/libtool-2.4.6-v5tvhyer33lc2hhisqrztia7bmreecdr
[+] /p/vast1/build/spack/opt/spack/linux-rhel7-broadwell/gcc-10.2.1/gdbm-1.19-k5otkqycqsp3sya4vlvqbekdodhy2a2b
[+] /p/vast1/build/spack/opt/spack/linux-rhel7-broadwell/gcc-10.2.1/libpciaccess-0.16-vzg6r6gyrqyboudgxfqbdwe36epu6s7s
[+] /p/vast1/build/spack/opt/spack/linux-rhel7-broadwell/gcc-10.2.1/perl-5.34.0-wimaji5zk5vlms3psvdtvmxifnine4nh
[+] /p/vast1/build/spack/opt/spack/linux-rhel7-broadwell/gcc-10.2.1/hwloc-2.6.0-cxn7eow3mqe2pjeaz7u4tyw4xadzqtri
[+] /p/vast1/build/spack/opt/spack/linux-rhel7-broadwell/gcc-10.2.1/openssl-1.1.1l-sozkiugfpwd75rjehlrzn3ymhrojqyp2
[+] /p/vast1/build/spack/opt/spack/linux-rhel7-broadwell/gcc-10.2.1/autoconf-2.69-pfmcbnykmtv5mjmsmwbesqcoea22hrrx
[+] /p/vast1/build/spack/opt/spack/linux-rhel7-broadwell/gcc-10.2.1/cmake-3.21.4-hvgwgb6duea6jzf2rywitb4a5lqdrpii
[+] /p/vast1/build/spack/opt/spack/linux-rhel7-broadwell/gcc-10.2.1/openssh-8.7p1-yfzytuo77m3idlyoubuj2rn2val7hypz
[+] /p/vast1/build/spack/opt/spack/linux-rhel7-broadwell/gcc-10.2.1/libevent-2.1.12-4rrpxdjg6q2tcghfclohesjtvuwd6kdv
[+] /p/vast1/build/spack/opt/spack/linux-rhel7-broadwell/gcc-10.2.1/automake-1.16.3-rxeto3fcfyywhhza4jadwlacwh3doghz
[+] /p/vast1/build/spack/opt/spack/linux-rhel7-broadwell/gcc-10.2.1/numactl-2.0.14-wiobx4m5fgmgis4po6hi44kpy7ad57vj
[+] /p/vast1/build/spack/opt/spack/linux-rhel7-broadwell/gcc-10.2.1/openmpi-4.1.2-z5hk7hdx3dkvk7ytodf4xiqqg3nfo4dh
[+] /p/vast1/build/spack/opt/spack/linux-rhel7-broadwell/gcc-10.2.1/adiak-0.3.0-alpha-i2biwahr6zhbrsbsjc2inu4o4xx432zz
Testing splicing in (and out) adiak@0.2.1
[+] /p/vast1/build/spack/opt/spack/linux-rhel7-broadwell/gcc-10.2.1/pkgconf-1.8.0-gp2xp6yplvubgic6eunbnl7emqdq3dye
[+] /p/vast1/build/spack/opt/spack/linux-rhel7-broadwell/gcc-10.2.1/berkeley-db-18.1.40-c7okyaricn3s5wx6lqo2exspq6tuninj
[+] /p/vast1/build/spack/opt/spack/linux-rhel7-broadwell/gcc-10.2.1/libiconv-1.16-glggocpnh7m2dgmtu4fedhbfeessepbe
[+] /p/vast1/build/spack/opt/spack/linux-rhel7-broadwell/gcc-10.2.1/zlib-1.2.11-su2ldy5ofm424qnly3kitbbdgwovpfk4
[+] /p/vast1/build/spack/opt/spack/linux-rhel7-broadwell/gcc-10.2.1/libsigsegv-2.13-7rh3iftx6wqudr26scqm7nyzm4xxgqcc
[+] /p/vast1/build/spack/opt/spack/linux-rhel7-broadwell/gcc-10.2.1/util-macros-1.19.3-mxlhejedwgloprhrg6bzi2wz3cgadzp2
[+] /p/vast1/build/spack/opt/spack/linux-rhel7-broadwell/gcc-10.2.1/xz-5.2.5-d536jz4ora4tt45q72d2lklqr3dqx34m
[+] /p/vast1/build/spack/opt/spack/linux-rhel7-broadwell/gcc-10.2.1/ncurses-6.2-2xef6sx47tqatqlceqguyz3rza5okbhy
[+] /p/vast1/build/spack/opt/spack/linux-rhel7-broadwell/gcc-10.2.1/diffutils-3.8-vxb536efq575rjec2zqsyqgsebpspfvs
[+] /p/vast1/build/spack/opt/spack/linux-rhel7-broadwell/gcc-10.2.1/m4-1.4.19-zeen2avy7avmg5n7cd6yaqspkj3rup2t
[+] /p/vast1/build/spack/opt/spack/linux-rhel7-broadwell/gcc-10.2.1/libxml2-2.9.12-rs3llxgrrh537ywuyzjxyebuzo3gnxpt
[+] /p/vast1/build/spack/opt/spack/linux-rhel7-broadwell/gcc-10.2.1/libedit-3.1-20210216-rhcaqt3bcnt5otgbqisvol2zjkkt3yqz
[+] /p/vast1/build/spack/opt/spack/linux-rhel7-broadwell/gcc-10.2.1/readline-8.1-vfjorqgtmqh3rl5ollaj4n2uusx4foez
[+] /p/vast1/build/spack/opt/spack/linux-rhel7-broadwell/gcc-10.2.1/bzip2-1.0.8-jmjklgubcyryaddwqvzuvzeiq6zfqmst
[+] /p/vast1/build/spack/opt/spack/linux-rhel7-broadwell/gcc-10.2.1/libtool-2.4.6-v5tvhyer33lc2hhisqrztia7bmreecdr
[+] /p/vast1/build/spack/opt/spack/linux-rhel7-broadwell/gcc-10.2.1/gdbm-1.19-k5otkqycqsp3sya4vlvqbekdodhy2a2b
[+] /p/vast1/build/spack/opt/spack/linux-rhel7-broadwell/gcc-10.2.1/libpciaccess-0.16-vzg6r6gyrqyboudgxfqbdwe36epu6s7s
[+] /p/vast1/build/spack/opt/spack/linux-rhel7-broadwell/gcc-10.2.1/perl-5.34.0-wimaji5zk5vlms3psvdtvmxifnine4nh
[+] /p/vast1/build/spack/opt/spack/linux-rhel7-broadwell/gcc-10.2.1/hwloc-2.6.0-cxn7eow3mqe2pjeaz7u4tyw4xadzqtri
[+] /p/vast1/build/spack/opt/spack/linux-rhel7-broadwell/gcc-10.2.1/openssl-1.1.1l-sozkiugfpwd75rjehlrzn3ymhrojqyp2
[+] /p/vast1/build/spack/opt/spack/linux-rhel7-broadwell/gcc-10.2.1/autoconf-2.69-pfmcbnykmtv5mjmsmwbesqcoea22hrrx
[+] /p/vast1/build/spack/opt/spack/linux-rhel7-broadwell/gcc-10.2.1/cmake-3.21.4-hvgwgb6duea6jzf2rywitb4a5lqdrpii
[+] /p/vast1/build/spack/opt/spack/linux-rhel7-broadwell/gcc-10.2.1/openssh-8.7p1-yfzytuo77m3idlyoubuj2rn2val7hypz
[+] /p/vast1/build/spack/opt/spack/linux-rhel7-broadwell/gcc-10.2.1/libevent-2.1.12-4rrpxdjg6q2tcghfclohesjtvuwd6kdv
[+] /p/vast1/build/spack/opt/spack/linux-rhel7-broadwell/gcc-10.2.1/automake-1.16.3-rxeto3fcfyywhhza4jadwlacwh3doghz
[+] /p/vast1/build/spack/opt/spack/linux-rhel7-broadwell/gcc-10.2.1/numactl-2.0.14-wiobx4m5fgmgis4po6hi44kpy7ad57vj
[+] /p/vast1/build/spack/opt/spack/linux-rhel7-broadwell/gcc-10.2.1/openmpi-4.1.2-z5hk7hdx3dkvk7ytodf4xiqqg3nfo4dh
[+] /p/vast1/build/spack/opt/spack/linux-rhel7-broadwell/gcc-10.2.1/adiak-0.2.1-aj2ddu3rrcjcxz2ir4nn3fs7z4e3pob2
Testing splicing in (and out) adiak@0.1.1
[+] /p/vast1/build/spack/opt/spack/linux-rhel7-broadwell/gcc-10.2.1/pkgconf-1.8.0-gp2xp6yplvubgic6eunbnl7emqdq3dye
[+] /p/vast1/build/spack/opt/spack/linux-rhel7-broadwell/gcc-10.2.1/berkeley-db-18.1.40-c7okyaricn3s5wx6lqo2exspq6tuninj
[+] /p/vast1/build/spack/opt/spack/linux-rhel7-broadwell/gcc-10.2.1/libiconv-1.16-glggocpnh7m2dgmtu4fedhbfeessepbe
[+] /p/vast1/build/spack/opt/spack/linux-rhel7-broadwell/gcc-10.2.1/zlib-1.2.11-su2ldy5ofm424qnly3kitbbdgwovpfk4
[+] /p/vast1/build/spack/opt/spack/linux-rhel7-broadwell/gcc-10.2.1/libsigsegv-2.13-7rh3iftx6wqudr26scqm7nyzm4xxgqcc
[+] /p/vast1/build/spack/opt/spack/linux-rhel7-broadwell/gcc-10.2.1/util-macros-1.19.3-mxlhejedwgloprhrg6bzi2wz3cgadzp2
[+] /p/vast1/build/spack/opt/spack/linux-rhel7-broadwell/gcc-10.2.1/xz-5.2.5-d536jz4ora4tt45q72d2lklqr3dqx34m
[+] /p/vast1/build/spack/opt/spack/linux-rhel7-broadwell/gcc-10.2.1/ncurses-6.2-2xef6sx47tqatqlceqguyz3rza5okbhy
[+] /p/vast1/build/spack/opt/spack/linux-rhel7-broadwell/gcc-10.2.1/diffutils-3.8-vxb536efq575rjec2zqsyqgsebpspfvs
[+] /p/vast1/build/spack/opt/spack/linux-rhel7-broadwell/gcc-10.2.1/m4-1.4.19-zeen2avy7avmg5n7cd6yaqspkj3rup2t
[+] /p/vast1/build/spack/opt/spack/linux-rhel7-broadwell/gcc-10.2.1/libxml2-2.9.12-rs3llxgrrh537ywuyzjxyebuzo3gnxpt
[+] /p/vast1/build/spack/opt/spack/linux-rhel7-broadwell/gcc-10.2.1/libedit-3.1-20210216-rhcaqt3bcnt5otgbqisvol2zjkkt3yqz
[+] /p/vast1/build/spack/opt/spack/linux-rhel7-broadwell/gcc-10.2.1/readline-8.1-vfjorqgtmqh3rl5ollaj4n2uusx4foez
[+] /p/vast1/build/spack/opt/spack/linux-rhel7-broadwell/gcc-10.2.1/bzip2-1.0.8-jmjklgubcyryaddwqvzuvzeiq6zfqmst
[+] /p/vast1/build/spack/opt/spack/linux-rhel7-broadwell/gcc-10.2.1/libtool-2.4.6-v5tvhyer33lc2hhisqrztia7bmreecdr
[+] /p/vast1/build/spack/opt/spack/linux-rhel7-broadwell/gcc-10.2.1/gdbm-1.19-k5otkqycqsp3sya4vlvqbekdodhy2a2b
[+] /p/vast1/build/spack/opt/spack/linux-rhel7-broadwell/gcc-10.2.1/libpciaccess-0.16-vzg6r6gyrqyboudgxfqbdwe36epu6s7s
[+] /p/vast1/build/spack/opt/spack/linux-rhel7-broadwell/gcc-10.2.1/perl-5.34.0-wimaji5zk5vlms3psvdtvmxifnine4nh
[+] /p/vast1/build/spack/opt/spack/linux-rhel7-broadwell/gcc-10.2.1/hwloc-2.6.0-cxn7eow3mqe2pjeaz7u4tyw4xadzqtri
[+] /p/vast1/build/spack/opt/spack/linux-rhel7-broadwell/gcc-10.2.1/openssl-1.1.1l-sozkiugfpwd75rjehlrzn3ymhrojqyp2
[+] /p/vast1/build/spack/opt/spack/linux-rhel7-broadwell/gcc-10.2.1/autoconf-2.69-pfmcbnykmtv5mjmsmwbesqcoea22hrrx
[+] /p/vast1/build/spack/opt/spack/linux-rhel7-broadwell/gcc-10.2.1/cmake-3.21.4-hvgwgb6duea6jzf2rywitb4a5lqdrpii
[+] /p/vast1/build/spack/opt/spack/linux-rhel7-broadwell/gcc-10.2.1/openssh-8.7p1-yfzytuo77m3idlyoubuj2rn2val7hypz
[+] /p/vast1/build/spack/opt/spack/linux-rhel7-broadwell/gcc-10.2.1/libevent-2.1.12-4rrpxdjg6q2tcghfclohesjtvuwd6kdv
[+] /p/vast1/build/spack/opt/spack/linux-rhel7-broadwell/gcc-10.2.1/automake-1.16.3-rxeto3fcfyywhhza4jadwlacwh3doghz
[+] /p/vast1/build/spack/opt/spack/linux-rhel7-broadwell/gcc-10.2.1/numactl-2.0.14-wiobx4m5fgmgis4po6hi44kpy7ad57vj
[+] /p/vast1/build/spack/opt/spack/linux-rhel7-broadwell/gcc-10.2.1/openmpi-4.1.2-z5hk7hdx3dkvk7ytodf4xiqqg3nfo4dh
[+] /p/vast1/build/spack/opt/spack/linux-rhel7-broadwell/gcc-10.2.1/adiak-0.1.1-gknp37kargrf5vfunbwzr64n3y64lj7r
Concretizing caliper@2.0.1
[+] /p/vast1/build/spack/opt/spack/linux-rhel7-broadwell/gcc-10.2.1/pkgconf-1.8.0-gp2xp6yplvubgic6eunbnl7emqdq3dye
[+] /p/vast1/build/spack/opt/spack/linux-rhel7-broadwell/gcc-10.2.1/berkeley-db-18.1.40-c7okyaricn3s5wx6lqo2exspq6tuninj
[+] /p/vast1/build/spack/opt/spack/linux-rhel7-broadwell/gcc-10.2.1/libiconv-1.16-glggocpnh7m2dgmtu4fedhbfeessepbe
[+] /p/vast1/build/spack/opt/spack/linux-rhel7-broadwell/gcc-10.2.1/zlib-1.2.11-su2ldy5ofm424qnly3kitbbdgwovpfk4
[+] /p/vast1/build/spack/opt/spack/linux-rhel7-broadwell/gcc-10.2.1/libunwind-1.5.0-qolipzu4dzqdwwqilpz34qbosuwxtpoa
[+] /p/vast1/build/spack/opt/spack/linux-rhel7-broadwell/gcc-10.2.1/libsigsegv-2.13-7rh3iftx6wqudr26scqm7nyzm4xxgqcc
[+] /p/vast1/build/spack/opt/spack/linux-rhel7-broadwell/gcc-10.2.1/util-macros-1.19.3-mxlhejedwgloprhrg6bzi2wz3cgadzp2
[+] /p/vast1/build/spack/opt/spack/linux-rhel7-broadwell/gcc-10.2.1/xz-5.2.5-d536jz4ora4tt45q72d2lklqr3dqx34m
[+] /p/vast1/build/spack/opt/spack/linux-rhel7-broadwell/gcc-10.2.1/papi-5.7.0-czqjpcgj4yn6asmfyx256u6gqjavqqlu
[+] /p/vast1/build/spack/opt/spack/linux-rhel7-broadwell/gcc-10.2.1/libmd-1.0.4-rooxnv7z75ill3knhg6bxfttmwxdag6i
[+] /p/vast1/build/spack/opt/spack/linux-rhel7-broadwell/gcc-10.2.1/libffi-3.4.2-7vfnd7a5ankpytut3b4oqhktzrcbabfm
[+] /p/vast1/build/spack/opt/spack/linux-rhel7-broadwell/gcc-10.2.1/util-linux-uuid-2.37.4-26saxoixdjk3763nksg3ajmdzt5gyubu
[+] /p/vast1/build/spack/opt/spack/linux-rhel7-broadwell/gcc-10.2.1/ncurses-6.2-2xef6sx47tqatqlceqguyz3rza5okbhy
[+] /p/vast1/build/spack/opt/spack/linux-rhel7-broadwell/gcc-10.2.1/tar-1.34-3g4ty3srw34e6frmd2d2f523hr2pck3g
[+] /p/vast1/build/spack/opt/spack/linux-rhel7-broadwell/gcc-10.2.1/diffutils-3.8-vxb536efq575rjec2zqsyqgsebpspfvs
[+] /p/vast1/build/spack/opt/spack/linux-rhel7-broadwell/gcc-10.2.1/m4-1.4.19-zeen2avy7avmg5n7cd6yaqspkj3rup2t
[+] /p/vast1/build/spack/opt/spack/linux-rhel7-broadwell/gcc-10.2.1/libxml2-2.9.12-rs3llxgrrh537ywuyzjxyebuzo3gnxpt
[+] /p/vast1/build/spack/opt/spack/linux-rhel7-broadwell/gcc-10.2.1/libbsd-0.11.5-yt5rlx2ycq24tyyohhconaxiqgzajzbo
[+] /p/vast1/build/spack/opt/spack/linux-rhel7-broadwell/gcc-10.2.1/libedit-3.1-20210216-rhcaqt3bcnt5otgbqisvol2zjkkt3yqz
[+] /p/vast1/build/spack/opt/spack/linux-rhel7-broadwell/gcc-10.2.1/readline-8.1-vfjorqgtmqh3rl5ollaj4n2uusx4foez
[+] /p/vast1/build/spack/opt/spack/linux-rhel7-broadwell/gcc-10.2.1/bzip2-1.0.8-jmjklgubcyryaddwqvzuvzeiq6zfqmst
[+] /p/vast1/build/spack/opt/spack/linux-rhel7-broadwell/gcc-10.2.1/libtool-2.4.6-v5tvhyer33lc2hhisqrztia7bmreecdr
[+] /p/vast1/build/spack/opt/spack/linux-rhel7-broadwell/gcc-10.2.1/expat-2.4.6-akiducmoeufix2d6beegvgbj5skm36ul
[+] /p/vast1/build/spack/opt/spack/linux-rhel7-broadwell/gcc-10.2.1/sqlite-3.37.2-osxyeivy7mdmhjyjwcsm4l7tooho6s2d
[+] /p/vast1/build/spack/opt/spack/linux-rhel7-broadwell/gcc-10.2.1/gdbm-1.19-k5otkqycqsp3sya4vlvqbekdodhy2a2b
[+] /p/vast1/build/spack/opt/spack/linux-rhel7-broadwell/gcc-10.2.1/gettext-0.21-zrjvymznliicfcjx4lqkixtjo76ruzmr
[+] /p/vast1/build/spack/opt/spack/linux-rhel7-broadwell/gcc-10.2.1/libpciaccess-0.16-vzg6r6gyrqyboudgxfqbdwe36epu6s7s
[+] /p/vast1/build/spack/opt/spack/linux-rhel7-broadwell/gcc-10.2.1/perl-5.34.0-wimaji5zk5vlms3psvdtvmxifnine4nh
[+] /p/vast1/build/spack/opt/spack/linux-rhel7-broadwell/gcc-10.2.1/hwloc-2.7.0-zcvfxqfecuheq2vakvpuosok2avakr6j
[+] /p/vast1/build/spack/opt/spack/linux-rhel7-broadwell/gcc-10.2.1/openssl-1.1.1m-momhhzpwxq3fzqnlqbabquoitiq5d6q6
[+] /p/vast1/build/spack/opt/spack/linux-rhel7-broadwell/gcc-10.2.1/autoconf-2.69-pfmcbnykmtv5mjmsmwbesqcoea22hrrx
[+] /p/vast1/build/spack/opt/spack/linux-rhel7-broadwell/gcc-10.2.1/python-3.9.10-6fbgydg7c2bdx4ovimgsqyzucdkrd277
[+] /p/vast1/build/spack/opt/spack/linux-rhel7-broadwell/gcc-10.2.1/openssh-8.8p1-667p3p2z5r6q3h2mo5arextitlyvzye4
[+] /p/vast1/build/spack/opt/spack/linux-rhel7-broadwell/gcc-10.2.1/cmake-3.22.2-7oku4yd37mfoi65gi3alunjbl35euphw
[+] /p/vast1/build/spack/opt/spack/linux-rhel7-broadwell/gcc-10.2.1/libevent-2.1.12-ojhvas6alyezjgn2r2flj4slwat4cowk
[+] /p/vast1/build/spack/opt/spack/linux-rhel7-broadwell/gcc-10.2.1/automake-1.16.5-7gugpvl5tq7e3xqgw7wna3fwdlbrszqs
[+] /p/vast1/build/spack/opt/spack/linux-rhel7-broadwell/gcc-10.2.1/numactl-2.0.14-wiobx4m5fgmgis4po6hi44kpy7ad57vj
[+] /p/vast1/build/spack/opt/spack/linux-rhel7-broadwell/gcc-10.2.1/openmpi-4.1.2-mtnsjnbj5kuefhd6gtupaglpuytu6vhz
==> Installing caliper-2.0.1-btzvcak4wgy2xuqrcoazbyx36dcnsfdt
==> No binary for caliper-2.0.1-btzvcak4wgy2xuqrcoazbyx36dcnsfdt found: installing from source
==> Using cached archive: /p/vast1/build/spack/var/spack/cache/_source-cache/git//LLNL/Caliper.git/v2.0.1.tar.gz
==> No patches needed for caliper
==> caliper: Executing phase: 'cmake'
Concretizing caliper@2.0.1
[+] /p/vast1/build/spack/opt/spack/linux-rhel7-broadwell/gcc-10.2.1/pkgconf-1.8.0-gp2xp6yplvubgic6eunbnl7emqdq3dye
[+] /p/vast1/build/spack/opt/spack/linux-rhel7-broadwell/gcc-10.2.1/berkeley-db-18.1.40-c7okyaricn3s5wx6lqo2exspq6tuninj
[+] /p/vast1/build/spack/opt/spack/linux-rhel7-broadwell/gcc-10.2.1/libiconv-1.16-glggocpnh7m2dgmtu4fedhbfeessepbe
[+] /p/vast1/build/spack/opt/spack/linux-rhel7-broadwell/gcc-10.2.1/zlib-1.2.11-su2ldy5ofm424qnly3kitbbdgwovpfk4
[+] /p/vast1/build/spack/opt/spack/linux-rhel7-broadwell/gcc-10.2.1/libunwind-1.5.0-qolipzu4dzqdwwqilpz34qbosuwxtpoa
[+] /p/vast1/build/spack/opt/spack/linux-rhel7-broadwell/gcc-10.2.1/libsigsegv-2.13-7rh3iftx6wqudr26scqm7nyzm4xxgqcc
[+] /p/vast1/build/spack/opt/spack/linux-rhel7-broadwell/gcc-10.2.1/util-macros-1.19.3-mxlhejedwgloprhrg6bzi2wz3cgadzp2
[+] /p/vast1/build/spack/opt/spack/linux-rhel7-broadwell/gcc-10.2.1/xz-5.2.5-d536jz4ora4tt45q72d2lklqr3dqx34m
[+] /p/vast1/build/spack/opt/spack/linux-rhel7-broadwell/gcc-10.2.1/papi-5.7.0-czqjpcgj4yn6asmfyx256u6gqjavqqlu
[+] /p/vast1/build/spack/opt/spack/linux-rhel7-broadwell/gcc-10.2.1/libmd-1.0.4-rooxnv7z75ill3knhg6bxfttmwxdag6i
[+] /p/vast1/build/spack/opt/spack/linux-rhel7-broadwell/gcc-10.2.1/libffi-3.4.2-7vfnd7a5ankpytut3b4oqhktzrcbabfm
[+] /p/vast1/build/spack/opt/spack/linux-rhel7-broadwell/gcc-10.2.1/ncurses-6.2-2xef6sx47tqatqlceqguyz3rza5okbhy
[+] /p/vast1/build/spack/opt/spack/linux-rhel7-broadwell/gcc-10.2.1/util-linux-uuid-2.37.4-26saxoixdjk3763nksg3ajmdzt5gyubu
[+] /p/vast1/build/spack/opt/spack/linux-rhel7-broadwell/gcc-10.2.1/diffutils-3.8-vxb536efq575rjec2zqsyqgsebpspfvs
[+] /p/vast1/build/spack/opt/spack/linux-rhel7-broadwell/gcc-10.2.1/tar-1.34-3g4ty3srw34e6frmd2d2f523hr2pck3g
[+] /p/vast1/build/spack/opt/spack/linux-rhel7-broadwell/gcc-10.2.1/m4-1.4.19-zeen2avy7avmg5n7cd6yaqspkj3rup2t
[+] /p/vast1/build/spack/opt/spack/linux-rhel7-broadwell/gcc-10.2.1/libxml2-2.9.12-rs3llxgrrh537ywuyzjxyebuzo3gnxpt
[+] /p/vast1/build/spack/opt/spack/linux-rhel7-broadwell/gcc-10.2.1/libbsd-0.11.5-yt5rlx2ycq24tyyohhconaxiqgzajzbo
[+] /p/vast1/build/spack/opt/spack/linux-rhel7-broadwell/gcc-10.2.1/readline-8.1-vfjorqgtmqh3rl5ollaj4n2uusx4foez
[+] /p/vast1/build/spack/opt/spack/linux-rhel7-broadwell/gcc-10.2.1/libedit-3.1-20210216-rhcaqt3bcnt5otgbqisvol2zjkkt3yqz
[+] /p/vast1/build/spack/opt/spack/linux-rhel7-broadwell/gcc-10.2.1/bzip2-1.0.8-jmjklgubcyryaddwqvzuvzeiq6zfqmst
[+] /p/vast1/build/spack/opt/spack/linux-rhel7-broadwell/gcc-10.2.1/libtool-2.4.6-v5tvhyer33lc2hhisqrztia7bmreecdr
[+] /p/vast1/build/spack/opt/spack/linux-rhel7-broadwell/gcc-10.2.1/expat-2.4.6-akiducmoeufix2d6beegvgbj5skm36ul
[+] /p/vast1/build/spack/opt/spack/linux-rhel7-broadwell/gcc-10.2.1/gdbm-1.19-k5otkqycqsp3sya4vlvqbekdodhy2a2b
[+] /p/vast1/build/spack/opt/spack/linux-rhel7-broadwell/gcc-10.2.1/sqlite-3.37.2-osxyeivy7mdmhjyjwcsm4l7tooho6s2d
[+] /p/vast1/build/spack/opt/spack/linux-rhel7-broadwell/gcc-10.2.1/gettext-0.21-zrjvymznliicfcjx4lqkixtjo76ruzmr
[+] /p/vast1/build/spack/opt/spack/linux-rhel7-broadwell/gcc-10.2.1/libpciaccess-0.16-vzg6r6gyrqyboudgxfqbdwe36epu6s7s
[+] /p/vast1/build/spack/opt/spack/linux-rhel7-broadwell/gcc-10.2.1/perl-5.34.0-wimaji5zk5vlms3psvdtvmxifnine4nh
[+] /p/vast1/build/spack/opt/spack/linux-rhel7-broadwell/gcc-10.2.1/hwloc-2.7.0-zcvfxqfecuheq2vakvpuosok2avakr6j
[+] /p/vast1/build/spack/opt/spack/linux-rhel7-broadwell/gcc-10.2.1/openssl-1.1.1m-momhhzpwxq3fzqnlqbabquoitiq5d6q6
[+] /p/vast1/build/spack/opt/spack/linux-rhel7-broadwell/gcc-10.2.1/cmake-3.22.2-7oku4yd37mfoi65gi3alunjbl35euphw
[+] /p/vast1/build/spack/opt/spack/linux-rhel7-broadwell/gcc-10.2.1/python-3.9.10-6fbgydg7c2bdx4ovimgsqyzucdkrd277
[+] /p/vast1/build/spack/opt/spack/linux-rhel7-broadwell/gcc-10.2.1/openssh-8.8p1-667p3p2z5r6q3h2mo5arextitlyvzye4
[+] /p/vast1/build/spack/opt/spack/linux-rhel7-broadwell/gcc-10.2.1/autoconf-2.69-pfmcbnykmtv5mjmsmwbesqcoea22hrrx
[+] /p/vast1/build/spack/opt/spack/linux-rhel7-broadwell/gcc-10.2.1/libevent-2.1.12-ojhvas6alyezjgn2r2flj4slwat4cowk
[+] /p/vast1/build/spack/opt/spack/linux-rhel7-broadwell/gcc-10.2.1/automake-1.16.5-7gugpvl5tq7e3xqgw7wna3fwdlbrszqs
[+] /p/vast1/build/spack/opt/spack/linux-rhel7-broadwell/gcc-10.2.1/numactl-2.0.14-wiobx4m5fgmgis4po6hi44kpy7ad57vj
[+] /p/vast1/build/spack/opt/spack/linux-rhel7-broadwell/gcc-10.2.1/openmpi-4.1.2-mtnsjnbj5kuefhd6gtupaglpuytu6vhz
[+] /p/vast1/build/spack/opt/spack/linux-rhel7-broadwell/gcc-10.2.1/caliper-2.0.1-btzvcak4wgy2xuqrcoazbyx36dcnsfdt
Testing splicing in (and out) adiak@0.3.0-alpha
[+] /p/vast1/build/spack/opt/spack/linux-rhel7-broadwell/gcc-10.2.1/pkgconf-1.8.0-gp2xp6yplvubgic6eunbnl7emqdq3dye
[+] /p/vast1/build/spack/opt/spack/linux-rhel7-broadwell/gcc-10.2.1/berkeley-db-18.1.40-c7okyaricn3s5wx6lqo2exspq6tuninj
[+] /p/vast1/build/spack/opt/spack/linux-rhel7-broadwell/gcc-10.2.1/libiconv-1.16-glggocpnh7m2dgmtu4fedhbfeessepbe
[+] /p/vast1/build/spack/opt/spack/linux-rhel7-broadwell/gcc-10.2.1/zlib-1.2.11-su2ldy5ofm424qnly3kitbbdgwovpfk4
[+] /p/vast1/build/spack/opt/spack/linux-rhel7-broadwell/gcc-10.2.1/libsigsegv-2.13-7rh3iftx6wqudr26scqm7nyzm4xxgqcc
[+] /p/vast1/build/spack/opt/spack/linux-rhel7-broadwell/gcc-10.2.1/util-macros-1.19.3-mxlhejedwgloprhrg6bzi2wz3cgadzp2
[+] /p/vast1/build/spack/opt/spack/linux-rhel7-broadwell/gcc-10.2.1/xz-5.2.5-d536jz4ora4tt45q72d2lklqr3dqx34m
[+] /p/vast1/build/spack/opt/spack/linux-rhel7-broadwell/gcc-10.2.1/ncurses-6.2-2xef6sx47tqatqlceqguyz3rza5okbhy
[+] /p/vast1/build/spack/opt/spack/linux-rhel7-broadwell/gcc-10.2.1/diffutils-3.8-vxb536efq575rjec2zqsyqgsebpspfvs
[+] /p/vast1/build/spack/opt/spack/linux-rhel7-broadwell/gcc-10.2.1/m4-1.4.19-zeen2avy7avmg5n7cd6yaqspkj3rup2t
[+] /p/vast1/build/spack/opt/spack/linux-rhel7-broadwell/gcc-10.2.1/libxml2-2.9.12-rs3llxgrrh537ywuyzjxyebuzo3gnxpt
[+] /p/vast1/build/spack/opt/spack/linux-rhel7-broadwell/gcc-10.2.1/readline-8.1-vfjorqgtmqh3rl5ollaj4n2uusx4foez
[+] /p/vast1/build/spack/opt/spack/linux-rhel7-broadwell/gcc-10.2.1/libedit-3.1-20210216-rhcaqt3bcnt5otgbqisvol2zjkkt3yqz
[+] /p/vast1/build/spack/opt/spack/linux-rhel7-broadwell/gcc-10.2.1/bzip2-1.0.8-jmjklgubcyryaddwqvzuvzeiq6zfqmst
[+] /p/vast1/build/spack/opt/spack/linux-rhel7-broadwell/gcc-10.2.1/libtool-2.4.6-v5tvhyer33lc2hhisqrztia7bmreecdr
[+] /p/vast1/build/spack/opt/spack/linux-rhel7-broadwell/gcc-10.2.1/gdbm-1.19-k5otkqycqsp3sya4vlvqbekdodhy2a2b
[+] /p/vast1/build/spack/opt/spack/linux-rhel7-broadwell/gcc-10.2.1/libpciaccess-0.16-vzg6r6gyrqyboudgxfqbdwe36epu6s7s
[+] /p/vast1/build/spack/opt/spack/linux-rhel7-broadwell/gcc-10.2.1/perl-5.34.0-wimaji5zk5vlms3psvdtvmxifnine4nh
[+] /p/vast1/build/spack/opt/spack/linux-rhel7-broadwell/gcc-10.2.1/hwloc-2.7.0-zcvfxqfecuheq2vakvpuosok2avakr6j
[+] /p/vast1/build/spack/opt/spack/linux-rhel7-broadwell/gcc-10.2.1/autoconf-2.69-pfmcbnykmtv5mjmsmwbesqcoea22hrrx
[+] /p/vast1/build/spack/opt/spack/linux-rhel7-broadwell/gcc-10.2.1/openssl-1.1.1m-momhhzpwxq3fzqnlqbabquoitiq5d6q6
[+] /p/vast1/build/spack/opt/spack/linux-rhel7-broadwell/gcc-10.2.1/automake-1.16.5-7gugpvl5tq7e3xqgw7wna3fwdlbrszqs
[+] /p/vast1/build/spack/opt/spack/linux-rhel7-broadwell/gcc-10.2.1/cmake-3.22.2-7oku4yd37mfoi65gi3alunjbl35euphw
[+] /p/vast1/build/spack/opt/spack/linux-rhel7-broadwell/gcc-10.2.1/libevent-2.1.12-ojhvas6alyezjgn2r2flj4slwat4cowk
[+] /p/vast1/build/spack/opt/spack/linux-rhel7-broadwell/gcc-10.2.1/openssh-8.8p1-667p3p2z5r6q3h2mo5arextitlyvzye4
[+] /p/vast1/build/spack/opt/spack/linux-rhel7-broadwell/gcc-10.2.1/numactl-2.0.14-wiobx4m5fgmgis4po6hi44kpy7ad57vj
[+] /p/vast1/build/spack/opt/spack/linux-rhel7-broadwell/gcc-10.2.1/openmpi-4.1.2-mtnsjnbj5kuefhd6gtupaglpuytu6vhz
Testing splicing in (and out) adiak@0.2.1
[+] /p/vast1/build/spack/opt/spack/linux-rhel7-broadwell/gcc-10.2.1/pkgconf-1.8.0-gp2xp6yplvubgic6eunbnl7emqdq3dye
[+] /p/vast1/build/spack/opt/spack/linux-rhel7-broadwell/gcc-10.2.1/berkeley-db-18.1.40-c7okyaricn3s5wx6lqo2exspq6tuninj
[+] /p/vast1/build/spack/opt/spack/linux-rhel7-broadwell/gcc-10.2.1/libiconv-1.16-glggocpnh7m2dgmtu4fedhbfeessepbe
[+] /p/vast1/build/spack/opt/spack/linux-rhel7-broadwell/gcc-10.2.1/zlib-1.2.11-su2ldy5ofm424qnly3kitbbdgwovpfk4
[+] /p/vast1/build/spack/opt/spack/linux-rhel7-broadwell/gcc-10.2.1/libsigsegv-2.13-7rh3iftx6wqudr26scqm7nyzm4xxgqcc
[+] /p/vast1/build/spack/opt/spack/linux-rhel7-broadwell/gcc-10.2.1/util-macros-1.19.3-mxlhejedwgloprhrg6bzi2wz3cgadzp2
[+] /p/vast1/build/spack/opt/spack/linux-rhel7-broadwell/gcc-10.2.1/xz-5.2.5-d536jz4ora4tt45q72d2lklqr3dqx34m
[+] /p/vast1/build/spack/opt/spack/linux-rhel7-broadwell/gcc-10.2.1/ncurses-6.2-2xef6sx47tqatqlceqguyz3rza5okbhy
[+] /p/vast1/build/spack/opt/spack/linux-rhel7-broadwell/gcc-10.2.1/diffutils-3.8-vxb536efq575rjec2zqsyqgsebpspfvs
[+] /p/vast1/build/spack/opt/spack/linux-rhel7-broadwell/gcc-10.2.1/m4-1.4.19-zeen2avy7avmg5n7cd6yaqspkj3rup2t
[+] /p/vast1/build/spack/opt/spack/linux-rhel7-broadwell/gcc-10.2.1/libxml2-2.9.12-rs3llxgrrh537ywuyzjxyebuzo3gnxpt
[+] /p/vast1/build/spack/opt/spack/linux-rhel7-broadwell/gcc-10.2.1/readline-8.1-vfjorqgtmqh3rl5ollaj4n2uusx4foez
[+] /p/vast1/build/spack/opt/spack/linux-rhel7-broadwell/gcc-10.2.1/libedit-3.1-20210216-rhcaqt3bcnt5otgbqisvol2zjkkt3yqz
[+] /p/vast1/build/spack/opt/spack/linux-rhel7-broadwell/gcc-10.2.1/bzip2-1.0.8-jmjklgubcyryaddwqvzuvzeiq6zfqmst
[+] /p/vast1/build/spack/opt/spack/linux-rhel7-broadwell/gcc-10.2.1/libtool-2.4.6-v5tvhyer33lc2hhisqrztia7bmreecdr
[+] /p/vast1/build/spack/opt/spack/linux-rhel7-broadwell/gcc-10.2.1/gdbm-1.19-k5otkqycqsp3sya4vlvqbekdodhy2a2b
[+] /p/vast1/build/spack/opt/spack/linux-rhel7-broadwell/gcc-10.2.1/libpciaccess-0.16-vzg6r6gyrqyboudgxfqbdwe36epu6s7s
[+] /p/vast1/build/spack/opt/spack/linux-rhel7-broadwell/gcc-10.2.1/perl-5.34.0-wimaji5zk5vlms3psvdtvmxifnine4nh
[+] /p/vast1/build/spack/opt/spack/linux-rhel7-broadwell/gcc-10.2.1/hwloc-2.7.0-zcvfxqfecuheq2vakvpuosok2avakr6j
[+] /p/vast1/build/spack/opt/spack/linux-rhel7-broadwell/gcc-10.2.1/autoconf-2.69-pfmcbnykmtv5mjmsmwbesqcoea22hrrx
[+] /p/vast1/build/spack/opt/spack/linux-rhel7-broadwell/gcc-10.2.1/openssl-1.1.1m-momhhzpwxq3fzqnlqbabquoitiq5d6q6
[+] /p/vast1/build/spack/opt/spack/linux-rhel7-broadwell/gcc-10.2.1/automake-1.16.5-7gugpvl5tq7e3xqgw7wna3fwdlbrszqs
[+] /p/vast1/build/spack/opt/spack/linux-rhel7-broadwell/gcc-10.2.1/cmake-3.22.2-7oku4yd37mfoi65gi3alunjbl35euphw
[+] /p/vast1/build/spack/opt/spack/linux-rhel7-broadwell/gcc-10.2.1/libevent-2.1.12-ojhvas6alyezjgn2r2flj4slwat4cowk
[+] /p/vast1/build/spack/opt/spack/linux-rhel7-broadwell/gcc-10.2.1/openssh-8.8p1-667p3p2z5r6q3h2mo5arextitlyvzye4
[+] /p/vast1/build/spack/opt/spack/linux-rhel7-broadwell/gcc-10.2.1/numactl-2.0.14-wiobx4m5fgmgis4po6hi44kpy7ad57vj
[+] /p/vast1/build/spack/opt/spack/linux-rhel7-broadwell/gcc-10.2.1/openmpi-4.1.2-mtnsjnbj5kuefhd6gtupaglpuytu6vhz
[+] /p/vast1/build/spack/opt/spack/linux-rhel7-broadwell/gcc-10.2.1/adiak-0.2.1-wo554abjcjhbmxe75vsn5cnmzuk67z5s
Testing splicing in (and out) adiak@0.1.1
[+] /p/vast1/build/spack/opt/spack/linux-rhel7-broadwell/gcc-10.2.1/pkgconf-1.8.0-gp2xp6yplvubgic6eunbnl7emqdq3dye
[+] /p/vast1/build/spack/opt/spack/linux-rhel7-broadwell/gcc-10.2.1/berkeley-db-18.1.40-c7okyaricn3s5wx6lqo2exspq6tuninj
[+] /p/vast1/build/spack/opt/spack/linux-rhel7-broadwell/gcc-10.2.1/libiconv-1.16-glggocpnh7m2dgmtu4fedhbfeessepbe
[+] /p/vast1/build/spack/opt/spack/linux-rhel7-broadwell/gcc-10.2.1/zlib-1.2.11-su2ldy5ofm424qnly3kitbbdgwovpfk4
[+] /p/vast1/build/spack/opt/spack/linux-rhel7-broadwell/gcc-10.2.1/libsigsegv-2.13-7rh3iftx6wqudr26scqm7nyzm4xxgqcc
[+] /p/vast1/build/spack/opt/spack/linux-rhel7-broadwell/gcc-10.2.1/util-macros-1.19.3-mxlhejedwgloprhrg6bzi2wz3cgadzp2
[+] /p/vast1/build/spack/opt/spack/linux-rhel7-broadwell/gcc-10.2.1/xz-5.2.5-d536jz4ora4tt45q72d2lklqr3dqx34m
[+] /p/vast1/build/spack/opt/spack/linux-rhel7-broadwell/gcc-10.2.1/ncurses-6.2-2xef6sx47tqatqlceqguyz3rza5okbhy
[+] /p/vast1/build/spack/opt/spack/linux-rhel7-broadwell/gcc-10.2.1/diffutils-3.8-vxb536efq575rjec2zqsyqgsebpspfvs
[+] /p/vast1/build/spack/opt/spack/linux-rhel7-broadwell/gcc-10.2.1/m4-1.4.19-zeen2avy7avmg5n7cd6yaqspkj3rup2t
[+] /p/vast1/build/spack/opt/spack/linux-rhel7-broadwell/gcc-10.2.1/libxml2-2.9.12-rs3llxgrrh537ywuyzjxyebuzo3gnxpt
[+] /p/vast1/build/spack/opt/spack/linux-rhel7-broadwell/gcc-10.2.1/readline-8.1-vfjorqgtmqh3rl5ollaj4n2uusx4foez
[+] /p/vast1/build/spack/opt/spack/linux-rhel7-broadwell/gcc-10.2.1/libedit-3.1-20210216-rhcaqt3bcnt5otgbqisvol2zjkkt3yqz
[+] /p/vast1/build/spack/opt/spack/linux-rhel7-broadwell/gcc-10.2.1/bzip2-1.0.8-jmjklgubcyryaddwqvzuvzeiq6zfqmst
[+] /p/vast1/build/spack/opt/spack/linux-rhel7-broadwell/gcc-10.2.1/libtool-2.4.6-v5tvhyer33lc2hhisqrztia7bmreecdr
[+] /p/vast1/build/spack/opt/spack/linux-rhel7-broadwell/gcc-10.2.1/gdbm-1.19-k5otkqycqsp3sya4vlvqbekdodhy2a2b
[+] /p/vast1/build/spack/opt/spack/linux-rhel7-broadwell/gcc-10.2.1/libpciaccess-0.16-vzg6r6gyrqyboudgxfqbdwe36epu6s7s
[+] /p/vast1/build/spack/opt/spack/linux-rhel7-broadwell/gcc-10.2.1/perl-5.34.0-wimaji5zk5vlms3psvdtvmxifnine4nh
[+] /p/vast1/build/spack/opt/spack/linux-rhel7-broadwell/gcc-10.2.1/hwloc-2.7.0-zcvfxqfecuheq2vakvpuosok2avakr6j
[+] /p/vast1/build/spack/opt/spack/linux-rhel7-broadwell/gcc-10.2.1/autoconf-2.69-pfmcbnykmtv5mjmsmwbesqcoea22hrrx
[+] /p/vast1/build/spack/opt/spack/linux-rhel7-broadwell/gcc-10.2.1/openssl-1.1.1m-momhhzpwxq3fzqnlqbabquoitiq5d6q6
[+] /p/vast1/build/spack/opt/spack/linux-rhel7-broadwell/gcc-10.2.1/automake-1.16.5-7gugpvl5tq7e3xqgw7wna3fwdlbrszqs
[+] /p/vast1/build/spack/opt/spack/linux-rhel7-broadwell/gcc-10.2.1/cmake-3.22.2-7oku4yd37mfoi65gi3alunjbl35euphw
[+] /p/vast1/build/spack/opt/spack/linux-rhel7-broadwell/gcc-10.2.1/libevent-2.1.12-ojhvas6alyezjgn2r2flj4slwat4cowk
[+] /p/vast1/build/spack/opt/spack/linux-rhel7-broadwell/gcc-10.2.1/openssh-8.8p1-667p3p2z5r6q3h2mo5arextitlyvzye4
[+] /p/vast1/build/spack/opt/spack/linux-rhel7-broadwell/gcc-10.2.1/numactl-2.0.14-wiobx4m5fgmgis4po6hi44kpy7ad57vj
[+] /p/vast1/build/spack/opt/spack/linux-rhel7-broadwell/gcc-10.2.1/openmpi-4.1.2-mtnsjnbj5kuefhd6gtupaglpuytu6vhz
==> Installing adiak-0.1.1-6psiuupeeaqcm75ttg4vxqqe2633tzhm
==> No binary for adiak-0.1.1-6psiuupeeaqcm75ttg4vxqqe2633tzhm found: installing from source
==> Using cached archive: /p/vast1/build/spack/var/spack/cache/_source-cache/archive/43/438e4652e15e206cd0019423d829fd4f2329323ff0c8861d9586bae051d9624b.tar.gz
==> No patches needed for adiak
==> adiak: Executing phase: 'cmake'
