Concretizing darshan-util@3.3.0-pre2
[+] /p/vast1/build/spack/opt/spack/linux-rhel7-broadwell/gcc-10.2.1/zlib-1.2.11-su2ldy5ofm424qnly3kitbbdgwovpfk4
==> Installing darshan-util-3.3.0-pre2-qbswzsxgraisoc6b2awsnepbkjrzhqdu
==> No binary for darshan-util-3.3.0-pre2-qbswzsxgraisoc6b2awsnepbkjrzhqdu found: installing from source
==> Using cached archive: /p/vast1/build/spack/var/spack/cache/_source-cache/archive/0f/0fc09f86f935132b7b05df981b05cdb3796a1ea02c7acd1905323691df65e761.tar.gz
==> No patches needed for darshan-util
==> darshan-util: Executing phase: 'autoreconf'
==> darshan-util: Executing phase: 'configure'
==> darshan-util: Executing phase: 'build'
==> darshan-util: Executing phase: 'install'
Concretizing darshan-util@3.3.0-pre2
[+] /p/vast1/build/spack/opt/spack/linux-rhel7-broadwell/gcc-10.2.1/zlib-1.2.11-su2ldy5ofm424qnly3kitbbdgwovpfk4
==> Installing darshan-util-3.3.0-pre2-qbswzsxgraisoc6b2awsnepbkjrzhqdu
==> No binary for darshan-util-3.3.0-pre2-qbswzsxgraisoc6b2awsnepbkjrzhqdu found: installing from source
==> Using cached archive: /p/vast1/build/spack/var/spack/cache/_source-cache/archive/0f/0fc09f86f935132b7b05df981b05cdb3796a1ea02c7acd1905323691df65e761.tar.gz
==> No patches needed for darshan-util
==> darshan-util: Executing phase: 'autoreconf'
==> darshan-util: Executing phase: 'configure'
==> darshan-util: Executing phase: 'build'
==> darshan-util: Executing phase: 'install'
