==> Warning: Missing a source id for darshan-util@main
==> Error: OSError: No such file or directory: '/var/tmp/sochat1/spack-stage/spack-stage-darshan-util-main-hooea33z4ro5rgiia5zzfhxnnr4uwbqu/spack-src/darshan-test/example-output/mpi-io-test-x86_64-main.darshan'

/p/vast1/build/spack/lib/spack/spack/package.py:1781, in cache_extra_test_sources:
       1778            if os.path.isdir(src_path):
       1779                fsys.install_tree(src_path, dest_path)
       1780            else:
  >>   1781                fsys.mkdirp(os.path.dirname(dest_path))
       1782                fsys.copy(src_path, dest_path)

See build log for details:
  /var/tmp/sochat1/spack-stage/spack-stage-darshan-util-main-hooea33z4ro5rgiia5zzfhxnnr4uwbqu/spack-build-out.txt

Making predictions for symbolator
Making predictions for libabigail
Making predictions for actual
==> Warning: Missing a source id for darshan-util@main
==> Error: Failed to install darshan-util due to RemoteDisconnected: Remote end closed connection without response
Making predictions for spack-test
Making predictions for symbolator
Making predictions for libabigail
abicompat not found on path, will look for spack instead.
Making predictions for actual
==> Warning: Missing a source id for darshan-util@main
==> Error: OSError: No such file or directory: '/var/tmp/sochat1/spack-stage/spack-stage-darshan-util-main-hooea33z4ro5rgiia5zzfhxnnr4uwbqu/spack-src/darshan-test/example-output/mpi-io-test-x86_64-main.darshan'

/p/vast1/build/spack/lib/spack/spack/package.py:1796, in cache_extra_test_sources:
       1793            if os.path.isdir(src_path):
       1794                fsys.install_tree(src_path, dest_path)
       1795            else:
  >>   1796                fsys.mkdirp(os.path.dirname(dest_path))
       1797                fsys.copy(src_path, dest_path)

See build log for details:
  /var/tmp/sochat1/spack-stage/spack-stage-darshan-util-main-hooea33z4ro5rgiia5zzfhxnnr4uwbqu/spack-build-out.txt

Making predictions for spack-test
Making predictions for symbolator
Making predictions for libabigail
abicompat not found on path, will look for spack instead.
Making predictions for actual
