Making predictions for symbolator
Making predictions for libabigail
Making predictions for actual
/var/spool/slurmd/job100100/slurm_script: line 12: 18448 Killed                  spliced splice --package darshan-runtime@3.2.1 --splice zlib --runner spack --replace zlib --experiment experiment --outfile /p/vast1/build/spliced-experiment/results/darshan-runtime/3.2.1/zlib/experiment.json
==> Error: ProcessError: Command exited with status 77:
    '/tmp/sochat1/spack-stage/spack-stage-darshan-runtime-3.2.1-xyvzxzy4mxspw3xfogbnzyzkalhfob5y/spack-src/darshan-runtime/configure' '--prefix=/p/vast1/build/spack/opt/spack/linux-rhel7-broadwell/gcc-10.2.1/darshan-runtime-3.2.1-xyvzxzy4mxspw3xfogbnzyzkalhfob5y' '--with-mem-align=8' '--with-log-path-by-env=DARSHAN_LOG_DIR_PATH' '--with-jobid-env=NONE' '--with-zlib=/p/vast1/build/spack/opt/spack/linux-rhel7-broadwell/gcc-10.2.1/zlib-1.2.11-su2ldy5ofm424qnly3kitbbdgwovpfk4' 'CC=/p/vast1/build/spack/opt/spack/linux-rhel7-broadwell/gcc-10.2.1/openmpi-4.1.2-mtnsjnbj5kuefhd6gtupaglpuytu6vhz/bin/mpicc'

2 errors found in build log:
     2    ==> darshan-runtime: Executing phase: 'configure'
     3    ==> [2022-03-01-22:27:22.596843] '/tmp/sochat1/spack-stage/spack-stag
          e-darshan-runtime-3.2.1-xyvzxzy4mxspw3xfogbnzyzkalhfob5y/spack-src/da
          rshan-runtime/configure' '--prefix=/p/vast1/build/spack/opt/spack/lin
          ux-rhel7-broadwell/gcc-10.2.1/darshan-runtime-3.2.1-xyvzxzy4mxspw3xfo
          gbnzyzkalhfob5y' '--with-mem-align=8' '--with-log-path-by-env=DARSHAN
          _LOG_DIR_PATH' '--with-jobid-env=NONE' '--with-zlib=/p/vast1/build/sp
          ack/opt/spack/linux-rhel7-broadwell/gcc-10.2.1/zlib-1.2.11-su2ldy5ofm
          424qnly3kitbbdgwovpfk4' 'CC=/p/vast1/build/spack/opt/spack/linux-rhel
          7-broadwell/gcc-10.2.1/openmpi-4.1.2-mtnsjnbj5kuefhd6gtupaglpuytu6vhz
          /bin/mpicc'
     4    checking for a BSD-compatible install... /usr/bin/install -c
     5    checking whether to compile using MPI... yes
     6    checking for gcc... /p/vast1/build/spack/opt/spack/linux-rhel7-broadw
          ell/gcc-10.2.1/openmpi-4.1.2-mtnsjnbj5kuefhd6gtupaglpuytu6vhz/bin/mpi
          cc
     7    checking whether the C compiler works... no
  >> 8    configure: error: in `/tmp/sochat1/spack-stage/spack-stage-darshan-ru
          ntime-3.2.1-xyvzxzy4mxspw3xfogbnzyzkalhfob5y/spack-src/darshan-runtim
          e':
  >> 9    configure: error: C compiler cannot create executables
     10   See `config.log' for more details

See build log for details:
  /var/tmp/sochat1/spack-stage/spack-stage-darshan-runtime-3.2.1-xyvzxzy4mxspw3xfogbnzyzkalhfob5y/spack-build-out.txt

Making predictions for spack-test
Making predictions for symbolator
Making predictions for libabigail
abicompat not found on path, will look for spack instead.
Making predictions for actual
